IQ-TREE multicore version 1.6.12 for Linux 64-bit built Aug 15 2019
Developed by Bui Quang Minh, Nguyen Lam Tung, Olga Chernomor,
Heiko Schmidt, Dominik Schrempf, Michael Woodhams.

Host:    cl002 (AVX2, FMA3, 251 GB RAM)
Command: iqtree -nt 2 -m LG -redo -wbtl -bb 1000 -pre /mnt/ivy/thliao/project/AOB/analysis/20210713_repeat/add_Chromatiaces/phy_files/cog25_prot/223168 -s /mnt/ivy/thliao/project/AOB/analysis/20210713_repeat/add_Chromatiaces/phy_files/cog25_prot/223168.aln
Seed:    206979 (Using SPRNG - Scalable Parallel Random Number Generator)
Time:    Mon Dec 12 10:18:29 2022
Kernel:  AVX+FMA - 2 threads (64 CPU cores detected)

Reading alignment file /mnt/ivy/thliao/project/AOB/analysis/20210713_repeat/add_Chromatiaces/phy_files/cog25_prot/223168.aln ... Fasta format detected
Alignment most likely contains protein sequences
Alignment has 104 sequences with 313 columns, 282 distinct patterns
217 parsimony-informative, 21 singleton sites, 75 constant sites
                 Gap/Ambiguity  Composition  p-value
   1  GCA_000011385.1   10.54%    passed     99.55%
   2  GCA_002007425.1   11.82%    passed     81.65%
   3  GCA_002072955.1   12.14%    passed     99.27%
   4  GCA_016873455.1   10.54%    passed     99.84%
   5  GCA_001458695.1   10.54%    passed     98.65%
   6  GCA_004421105.1   12.78%    passed     99.70%
   7  GCA_003534995.1   12.46%    passed     99.93%
   8  GCA_000469665.2    9.90%    passed     11.13%
   9  GCA_902810445.1   12.46%    passed     37.75%
  10  GCA_016207025.1   15.97%    passed     99.34%
  11  GCA_001828295.1   14.38%    passed     98.05%
  12  GCA_900107585.1   10.86%    passed     99.92%
  13  GCA_000332275.1   10.22%    passed     99.97%
  14  GCA_900110495.1   11.50%    passed     96.61%
  15  GCA_002868715.1   12.14%    passed     99.82%
  16  GCA_000760695.4    8.31%    passed     99.65%
  17  GCA_000024725.1   12.78%    passed     99.83%
  18  GCA_003851125.1   12.14%    passed     99.80%
  19  GCA_003258315.1   11.18%    passed     97.21%
  20  GCA_004195045.1   12.46%    passed     27.54%
  21  GCA_003576955.1   12.14%    passed     99.48%
  22  GCA_000380225.1   13.74%    passed     99.83%
  23  GCA_015709615.1   11.50%    passed     91.90%
  24  GCA_000317515.1    8.31%    passed     99.66%
  25  GCA_014859375.1   11.82%    passed     99.82%
  26  GCA_011090395.1   10.54%    passed     99.57%
  27  GCA_000949635.1   10.22%    passed     87.78%
  28  GCA_003149345.1   11.82%    passed     97.74%
  29  GCA_000228725.3   12.14%    passed     97.24%
  30  GCA_001267195.1   12.78%    passed     96.00%
  31  GCA_004684205.1   12.14%    passed     99.21%
  32  GCA_000934545.1   12.14%    passed     97.98%
  33  GCA_000379525.1   12.14%    passed     88.36%
  34  GCA_002924445.1   12.14%    passed     88.67%
  35  GCA_000013225.1    6.07%    passed     98.23%
  36  GCA_016592635.1   12.14%    passed     99.32%
  37  GCA_003003885.1    8.31%    passed     99.37%
  38  GCA_006385135.1   11.50%    passed     81.46%
  39  GCA_001904725.1    8.31%    passed     99.67%
  40  GCA_000263335.1   12.14%    passed     91.13%
  41  GCA_001890765.1   14.38%    passed     98.70%
  42  GCA_002109495.1   10.86%    passed     65.43%
  43  GCA_015709635.1   11.50%    passed     89.74%
  44  GCA_000948975.1   12.46%    passed     99.85%
  45  GCA_014635705.1   12.14%    passed     99.82%
  46  GCA_000314005.1   14.06%    passed     98.82%
  47  GCA_003532895.1    9.58%    passed     95.00%
  48  GCA_001803795.1   13.10%    passed     99.90%
  49  GCA_007197755.1   11.18%    passed     93.79%
  50  GCA_900119825.1   11.82%    passed     98.09%
  51  GCA_001697225.1   12.14%    passed     84.86%
  52  GCA_001458735.1   10.54%    passed     99.95%
  53  GCA_013697045.1   11.82%    passed     94.80%
  54  GCA_001566965.1   12.46%    passed     99.68%
  55  GCA_002356115.1   11.82%    passed     93.38%
  56  GCA_003551305.1   16.93%    passed     72.14%
  57  GCA_003696005.1   12.46%    passed     97.99%
  58  GCA_006496635.1   12.14%    passed     94.11%
  59  GCA_010027455.1   12.46%    passed     82.78%
  60  GCA_003015145.1   12.78%    passed     82.02%
  61  GCA_000317535.1    8.31%    passed     97.71%
  62  GCA_013140535.1   12.46%    passed     99.72%
  63  GCA_001881495.1   12.14%    passed     99.99%
  64  GCA_002083815.1   11.18%    passed     99.98%
  65  GCA_003644325.1   17.25%    passed     84.53%
  66  GCA_009833095.1   11.50%    passed     77.82%
  67  GCA_008189685.1   12.46%    passed     55.21%
  68  GCA_000828615.1   12.14%    passed     99.84%
  69  GCA_013140465.1   12.14%    passed     99.55%
  70  GCA_001007875.1   16.93%    passed     94.53%
  71  GCA_002218085.1    8.31%    passed     97.89%
  72  GCA_017879665.1   12.14%    passed     98.73%
  73  GCA_000952155.1    8.31%    passed     98.10%
  74  GCA_001747005.1   10.54%    passed     86.11%
  75  GCA_001469165.1   12.14%    passed     99.40%
  76  GCA_000740735.1   12.46%    passed     98.53%
  77  GCA_002355455.1   12.14%    passed     90.87%
  78  GCF_004345375.1   11.50%    passed     93.34%
  79  GCA_000317575.1   12.14%    passed     95.73%
  80  GCA_004168365.1   12.46%    passed     99.80%
  81  GCA_000014865.1   11.50%    passed     84.11%
  82  GCA_000332035.1   10.86%    passed     99.97%
  83  GCA_001187785.1   12.14%    passed     89.96%
  84  GCA_007992375.1   12.14%    passed     98.53%
  85  GCA_000214665.1   12.14%    passed     97.92%
  86  GCA_013521015.1   11.50%    passed     99.52%
  87  GCA_001772005.1   11.50%    passed     99.35%
  88  GCA_000317495.1    8.31%    passed     98.99%
  89  GCA_005524015.1   10.22%    passed     84.37%
  90  GCA_003015105.1    8.31%    passed     99.95%
  91  GCA_000264455.2   12.46%    passed     77.92%
  92  GCA_016708925.1   12.46%    passed     99.47%
  93  GCA_001644685.1   12.14%    passed     99.47%
  94  GCA_000346485.2    8.31%    passed     99.50%
  95  GCA_003719295.1   12.14%    passed     99.24%
  96  GCA_002162035.1   12.14%    passed     97.11%
  97  GCA_001828545.1   12.46%    passed     99.90%
  98  GCA_001828535.1   47.28%    passed     52.64%
  99  GCA_016788925.1   12.14%    passed     99.80%
 100  GCA_902459485.1   12.14%    passed     99.86%
 101  GCA_000473895.1   11.18%    passed     91.12%
 102  GCA_013141375.1   12.14%    passed     99.43%
 103  GCA_005877815.1   16.93%    passed     99.87%
 104  GCA_004282745.1   12.14%    passed     86.18%
****  TOTAL             12.09%  0 sequences failed composition chi2 test (p-value<5%; df=19)

Create initial parsimony tree by phylogenetic likelihood library (PLL)... 0.027 seconds
Generating 1000 samples for ultrafast bootstrap (seed: 206979)...

NOTE: 6 MB RAM (0 GB) is required!
Estimate model parameters (epsilon = 0.100)
1. Initial log-likelihood: -23969.575
Optimal log-likelihood: -23795.076
Parameters optimization took 1 rounds (0.072 sec)
Computing ML distances based on estimated model parameters... 1.124 sec
Computing BIONJ tree...
0.012 seconds
Log-likelihood of BIONJ tree: -23817.184
--------------------------------------------------------------------
|             INITIALIZING CANDIDATE TREE SET                      |
--------------------------------------------------------------------
Generating 98 parsimony trees... 2.574 second
Computing log-likelihood of 98 initial trees ... 3.891 seconds
Current best score: -23773.291

Do NNI search on 20 best initial trees
Estimate model parameters (epsilon = 0.100)
BETTER TREE FOUND at iteration 1: -23725.125
Estimate model parameters (epsilon = 0.100)
BETTER TREE FOUND at iteration 2: -23719.563
Iteration 10 / LogL: -23732.696 / Time: 0h:0m:12s
Iteration 20 / LogL: -23746.016 / Time: 0h:0m:16s
Finish initializing candidate tree set (20)
Current best tree score: -23719.563 / CPU time: 16.602
Number of iterations: 20
--------------------------------------------------------------------
|               OPTIMIZING CANDIDATE TREE SET                      |
--------------------------------------------------------------------
Estimate model parameters (epsilon = 0.100)
BETTER TREE FOUND at iteration 22: -23701.828
Estimate model parameters (epsilon = 0.100)
BETTER TREE FOUND at iteration 25: -23701.530
Estimate model parameters (epsilon = 0.100)
BETTER TREE FOUND at iteration 29: -23700.482
Iteration 30 / LogL: -23705.120 / Time: 0h:0m:22s (0h:1m:18s left)
Estimate model parameters (epsilon = 0.100)
BETTER TREE FOUND at iteration 34: -23696.051
Estimate model parameters (epsilon = 0.100)
BETTER TREE FOUND at iteration 35: -23694.907
Estimate model parameters (epsilon = 0.100)
BETTER TREE FOUND at iteration 38: -23692.850
Iteration 40 / LogL: -23702.554 / Time: 0h:0m:28s (0h:1m:11s left)
Estimate model parameters (epsilon = 0.100)
BETTER TREE FOUND at iteration 44: -23692.299
Estimate model parameters (epsilon = 0.100)
BETTER TREE FOUND at iteration 50: -23691.811
Iteration 50 / LogL: -23691.811 / Time: 0h:0m:33s (0h:1m:8s left)
Log-likelihood cutoff on original alignment: -23800.700
UFBoot trees printed to /mnt/ivy/thliao/project/AOB/analysis/20210713_repeat/add_Chromatiaces/phy_files/cog25_prot/223168.ufboot
Estimate model parameters (epsilon = 0.100)
BETTER TREE FOUND at iteration 53: -23690.963
Iteration 60 / LogL: -23756.349 / Time: 0h:0m:39s (0h:1m:2s left)
Iteration 70 / LogL: -23691.180 / Time: 0h:0m:45s (0h:0m:54s left)
Estimate model parameters (epsilon = 0.100)
BETTER TREE FOUND at iteration 73: -23690.724
Iteration 80 / LogL: -23694.791 / Time: 0h:0m:50s (0h:0m:59s left)
Iteration 90 / LogL: -23693.399 / Time: 0h:0m:55s (0h:0m:51s left)
Iteration 100 / LogL: -23691.868 / Time: 0h:1m:0s (0h:0m:44s left)
Log-likelihood cutoff on original alignment: -23800.700
NOTE: Bootstrap correlation coefficient of split occurrence frequencies: 0.996
UFBoot trees printed to /mnt/ivy/thliao/project/AOB/analysis/20210713_repeat/add_Chromatiaces/phy_files/cog25_prot/223168.ufboot
Iteration 110 / LogL: -23697.525 / Time: 0h:1m:7s (0h:0m:55s left)
Iteration 120 / LogL: -23704.178 / Time: 0h:1m:12s (0h:0m:48s left)
Iteration 130 / LogL: -23700.900 / Time: 0h:1m:18s (0h:0m:42s left)
Estimate model parameters (epsilon = 0.100)
BETTER TREE FOUND at iteration 131: -23690.645
Iteration 140 / LogL: -23697.687 / Time: 0h:1m:24s (0h:0m:55s left)
Iteration 150 / LogL: -23700.542 / Time: 0h:1m:30s (0h:0m:48s left)
Log-likelihood cutoff on original alignment: -23800.700
UFBoot trees printed to /mnt/ivy/thliao/project/AOB/analysis/20210713_repeat/add_Chromatiaces/phy_files/cog25_prot/223168.ufboot
Iteration 160 / LogL: -23703.043 / Time: 0h:1m:36s (0h:0m:42s left)
Iteration 170 / LogL: -23693.117 / Time: 0h:1m:41s (0h:0m:36s left)
Iteration 180 / LogL: -23700.220 / Time: 0h:1m:47s (0h:0m:30s left)
Iteration 190 / LogL: -23703.900 / Time: 0h:1m:52s (0h:0m:24s left)
Estimate model parameters (epsilon = 0.100)
BETTER TREE FOUND at iteration 197: -23688.764
Iteration 200 / LogL: -23690.919 / Time: 0h:1m:57s (0h:0m:57s left)
Log-likelihood cutoff on original alignment: -23800.700
NOTE: Bootstrap correlation coefficient of split occurrence frequencies: 0.998
UFBoot trees printed to /mnt/ivy/thliao/project/AOB/analysis/20210713_repeat/add_Chromatiaces/phy_files/cog25_prot/223168.ufboot
Iteration 210 / LogL: -23690.808 / Time: 0h:2m:3s (0h:0m:53s left)
Iteration 220 / LogL: -23702.572 / Time: 0h:2m:8s (0h:0m:47s left)
Iteration 230 / LogL: -23694.478 / Time: 0h:2m:14s (0h:0m:41s left)
Estimate model parameters (epsilon = 0.100)
BETTER TREE FOUND at iteration 239: -23688.428
Iteration 240 / LogL: -23695.238 / Time: 0h:2m:20s (0h:0m:58s left)
Iteration 250 / LogL: -23691.111 / Time: 0h:2m:25s (0h:0m:52s left)
Log-likelihood cutoff on original alignment: -23800.700
UFBoot trees printed to /mnt/ivy/thliao/project/AOB/analysis/20210713_repeat/add_Chromatiaces/phy_files/cog25_prot/223168.ufboot
Iteration 260 / LogL: -23698.588 / Time: 0h:2m:31s (0h:0m:46s left)
Iteration 270 / LogL: -23689.564 / Time: 0h:2m:36s (0h:0m:40s left)
Iteration 280 / LogL: -23689.040 / Time: 0h:2m:41s (0h:0m:34s left)
Iteration 290 / LogL: -23698.064 / Time: 0h:2m:47s (0h:0m:28s left)
Iteration 300 / LogL: -23690.510 / Time: 0h:2m:52s (0h:0m:22s left)
Log-likelihood cutoff on original alignment: -23800.700
NOTE: Bootstrap correlation coefficient of split occurrence frequencies: 0.996
UFBoot trees printed to /mnt/ivy/thliao/project/AOB/analysis/20210713_repeat/add_Chromatiaces/phy_files/cog25_prot/223168.ufboot
Iteration 310 / LogL: -23697.258 / Time: 0h:2m:58s (0h:0m:52s left)
Iteration 320 / LogL: -23700.383 / Time: 0h:3m:4s (0h:0m:46s left)
Iteration 330 / LogL: -23692.966 / Time: 0h:3m:9s (0h:0m:40s left)
Iteration 340 / LogL: -23709.645 / Time: 0h:3m:15s (0h:0m:34s left)
TREE SEARCH COMPLETED AFTER 340 ITERATIONS / Time: 0h:3m:15s

--------------------------------------------------------------------
|                    FINALIZING TREE SEARCH                        |
--------------------------------------------------------------------
Performs final model parameters optimization
Estimate model parameters (epsilon = 0.010)
1. Initial log-likelihood: -23688.428
Optimal log-likelihood: -23688.428
Parameters optimization took 1 rounds (0.034 sec)
BEST SCORE FOUND : -23688.428
Creating bootstrap support values...
Split supports printed to NEXUS file /mnt/ivy/thliao/project/AOB/analysis/20210713_repeat/add_Chromatiaces/phy_files/cog25_prot/223168.splits.nex
Total tree length: 18.906

Total number of iterations: 340
CPU time used for tree search: 376.892 sec (0h:6m:16s)
Wall-clock time used for tree search: 194.421 sec (0h:3m:14s)
Total CPU time used: 379.124 sec (0h:6m:19s)
Total wall-clock time used: 195.687 sec (0h:3m:15s)
UFBoot trees printed to /mnt/ivy/thliao/project/AOB/analysis/20210713_repeat/add_Chromatiaces/phy_files/cog25_prot/223168.ufboot

Computing bootstrap consensus tree...
Reading input file /mnt/ivy/thliao/project/AOB/analysis/20210713_repeat/add_Chromatiaces/phy_files/cog25_prot/223168.splits.nex...
104 taxa and 780 splits.
Consensus tree written to /mnt/ivy/thliao/project/AOB/analysis/20210713_repeat/add_Chromatiaces/phy_files/cog25_prot/223168.contree
Reading input trees file /mnt/ivy/thliao/project/AOB/analysis/20210713_repeat/add_Chromatiaces/phy_files/cog25_prot/223168.contree
Log-likelihood of consensus tree: -23690.724

Analysis results written to: 
  IQ-TREE report:                /mnt/ivy/thliao/project/AOB/analysis/20210713_repeat/add_Chromatiaces/phy_files/cog25_prot/223168.iqtree
  Maximum-likelihood tree:       /mnt/ivy/thliao/project/AOB/analysis/20210713_repeat/add_Chromatiaces/phy_files/cog25_prot/223168.treefile
  Likelihood distances:          /mnt/ivy/thliao/project/AOB/analysis/20210713_repeat/add_Chromatiaces/phy_files/cog25_prot/223168.mldist

Ultrafast bootstrap approximation results written to:
  Split support values:          /mnt/ivy/thliao/project/AOB/analysis/20210713_repeat/add_Chromatiaces/phy_files/cog25_prot/223168.splits.nex
  Consensus tree:                /mnt/ivy/thliao/project/AOB/analysis/20210713_repeat/add_Chromatiaces/phy_files/cog25_prot/223168.contree
  UFBoot trees:                  /mnt/ivy/thliao/project/AOB/analysis/20210713_repeat/add_Chromatiaces/phy_files/cog25_prot/223168.ufboot
  Screen log file:               /mnt/ivy/thliao/project/AOB/analysis/20210713_repeat/add_Chromatiaces/phy_files/cog25_prot/223168.log

Date and Time: Mon Dec 12 10:21:46 2022
