IQ-TREE multicore version 1.6.12 for Linux 64-bit built Aug 15 2019
Developed by Bui Quang Minh, Nguyen Lam Tung, Olga Chernomor,
Heiko Schmidt, Dominik Schrempf, Michael Woodhams.

Host:    cl007 (AVX512, FMA3, 503 GB RAM)
Command: iqtree -nt 2 -m LG -redo -wbtl -bb 1000 -pre /mnt/ivy/thliao/project/AOB/analysis/20210713_repeat/add_Chromatiaces/phy_files/cog25_prot/223158 -s /mnt/ivy/thliao/project/AOB/analysis/20210713_repeat/add_Chromatiaces/phy_files/cog25_prot/223158.aln
Seed:    805881 (Using SPRNG - Scalable Parallel Random Number Generator)
Time:    Mon Dec 12 10:19:13 2022
Kernel:  AVX+FMA - 2 threads (96 CPU cores detected)

Reading alignment file /mnt/ivy/thliao/project/AOB/analysis/20210713_repeat/add_Chromatiaces/phy_files/cog25_prot/223158.aln ... Fasta format detected
Alignment most likely contains protein sequences
Alignment has 102 sequences with 213 columns, 173 distinct patterns
117 parsimony-informative, 23 singleton sites, 73 constant sites
                 Gap/Ambiguity  Composition  p-value
   1  GCA_000011385.1   33.80%    passed    100.00%
   2  GCA_002007425.1   32.86%    passed     98.82%
   3  GCA_002072955.1   32.86%    passed     99.86%
   4  GCA_016873455.1   33.80%    passed     99.53%
   5  GCA_001458695.1   33.80%    passed     99.73%
   6  GCA_004421105.1   32.86%    passed     96.47%
   7  GCA_003534995.1   32.39%    passed     98.74%
   8  GCA_000469665.2   29.11%    passed     59.00%
   9  GCA_902810445.1   32.86%    passed     99.08%
  10  GCA_016207025.1   33.80%    passed     99.59%
  11  GCA_001828295.1   33.80%    passed     92.32%
  12  GCA_900107585.1   33.33%    passed     98.65%
  13  GCA_000332275.1    7.98%    passed     73.96%
  14  GCA_900110495.1   32.86%    passed     99.93%
  15  GCA_002868715.1   32.39%    passed     38.99%
  16  GCA_000760695.4   33.80%    passed     99.97%
  17  GCA_000024725.1   32.86%    passed     99.39%
  18  GCA_003851125.1   32.86%    passed     99.79%
  19  GCA_003258315.1   33.80%    passed     18.83%
  20  GCA_004195045.1   33.33%    passed     95.73%
  21  GCA_003576955.1   34.27%    passed     76.89%
  22  GCA_000380225.1   33.80%    passed     99.96%
  23  GCA_015709615.1   32.86%    passed     99.99%
  24  GCA_000317515.1   33.80%    passed     99.65%
  25  GCA_014859375.1   32.39%    passed     99.25%
  26  GCA_000949635.1   33.80%    passed     77.57%
  27  GCA_003149345.1   33.80%    passed     98.82%
  28  GCA_000228725.3   32.39%    passed     99.99%
  29  GCA_001267195.1   32.86%    passed     99.98%
  30  GCA_004684205.1   32.86%    passed     99.99%
  31  GCA_000934545.1   32.86%    passed     99.90%
  32  GCA_000379525.1   32.39%    passed    100.00%
  33  GCA_002924445.1   33.33%    passed     97.95%
  34  GCA_000013225.1   33.80%    passed     99.38%
  35  GCA_016592635.1   32.86%    passed    100.00%
  36  GCA_003003885.1   33.33%    passed     92.68%
  37  GCA_006385135.1   33.33%    passed     85.72%
  38  GCA_001904725.1   33.80%    passed     99.42%
  39  GCA_000263335.1   33.33%    passed     95.19%
  40  GCA_001890765.1   33.80%    passed     99.37%
  41  GCA_002109495.1   33.33%    passed     13.99%
  42  GCA_015709635.1   32.86%    passed     99.99%
  43  GCA_000948975.1   33.33%    passed     99.65%
  44  GCA_014635705.1   32.86%    passed     99.86%
  45  GCA_000314005.1   33.33%    passed     98.66%
  46  GCA_003532895.1   33.80%    passed     99.87%
  47  GCA_001803795.1   33.80%    passed     99.92%
  48  GCA_007197755.1   32.39%    passed     98.55%
  49  GCA_900119825.1   32.86%    passed     99.92%
  50  GCA_001697225.1   32.86%    passed     98.28%
  51  GCA_001458735.1   33.80%    passed     99.88%
  52  GCA_018655245.1   32.39%    passed     99.91%
  53  GCA_001566965.1   32.39%    passed    100.00%
  54  GCA_002356115.1   32.86%    passed    100.00%
  55  GCA_003551305.1   33.33%    failed      4.29%
  56  GCA_003696005.1   34.27%    passed     99.89%
  57  GCA_006496635.1   32.86%    passed     99.22%
  58  GCA_010027455.1   32.39%    passed     99.99%
  59  GCA_003015145.1   30.52%    passed      7.98%
  60  GCA_000317535.1   33.80%    passed     94.95%
  61  GCA_013140535.1   33.80%    passed     99.72%
  62  GCA_001881495.1   32.39%    passed     99.93%
  63  GCA_002083815.1   31.46%    passed     40.59%
  64  GCA_003644325.1   33.80%    passed     99.77%
  65  GCA_009833095.1   32.86%    passed    100.00%
  66  GCA_008189685.1   31.46%    passed     64.48%
  67  GCA_000828615.1   32.86%    passed    100.00%
  68  GCA_902500715.1   34.27%    passed     88.90%
  69  GCA_013140465.1   32.86%    passed     98.73%
  70  GCA_001007875.1   32.86%    passed     99.96%
  71  GCA_002218085.1   33.80%    passed     99.81%
  72  GCA_017879665.1   34.27%    passed     83.00%
  73  GCA_000952155.1   33.80%    passed     99.86%
  74  GCA_001747005.1   33.80%    passed     99.95%
  75  GCA_001469165.1   32.39%    passed     98.47%
  76  GCA_000740735.1   32.86%    passed     99.61%
  77  GCA_002355455.1   33.80%    passed     99.72%
  78  GCA_000317575.1   33.80%    passed     99.72%
  79  GCA_004168365.1   33.33%    passed     99.82%
  80  GCA_000014865.1   33.33%    passed     18.68%
  81  GCA_000332035.1   33.80%    passed     99.90%
  82  GCA_001187785.1   32.39%    passed    100.00%
  83  GCA_007992375.1   32.86%    passed     99.86%
  84  GCA_000214665.1   32.86%    passed     99.96%
  85  GCA_013521015.1   32.86%    passed     99.99%
  86  GCA_001772005.1   32.86%    passed     99.93%
  87  GCA_000317495.1   33.80%    passed     99.21%
  88  GCA_005524015.1   33.80%    passed     49.25%
  89  GCA_003015105.1   33.80%    passed     99.30%
  90  GCA_000264455.2   33.33%    passed     92.47%
  91  GCA_016708925.1   32.86%    passed     94.65%
  92  GCA_001644685.1   32.86%    passed     99.99%
  93  GCA_000346485.2   33.80%    passed     99.98%
  94  GCA_003719295.1   32.39%    passed     37.23%
  95  GCA_002162035.1   32.86%    passed     99.78%
  96  GCA_001828545.1   33.33%    passed     85.14%
  97  GCA_016788925.1   34.27%    passed     88.90%
  98  GCA_902459485.1   30.05%    passed     99.90%
  99  GCA_000473895.1   33.33%    passed     96.94%
 100  GCA_013141375.1   32.86%    passed     98.83%
 101  GCA_005877815.1   34.27%    passed    100.00%
 102  GCA_004282745.1   33.80%    passed     99.64%
****  TOTAL             32.88%  1 sequences failed composition chi2 test (p-value<5%; df=19)
NOTE: GCA_016788925.1 is identical to GCA_902500715.1 but kept for subsequent analysis
NOTE: GCA_000317575.1 is identical to GCA_002355455.1 but kept for subsequent analysis

Create initial parsimony tree by phylogenetic likelihood library (PLL)... 0.027 seconds
Generating 1000 samples for ultrafast bootstrap (seed: 805881)...

NOTE: 3 MB RAM (0 GB) is required!
Estimate model parameters (epsilon = 0.100)
1. Initial log-likelihood: -10572.604
Optimal log-likelihood: -10465.434
Parameters optimization took 1 rounds (0.045 sec)
Computing ML distances based on estimated model parameters... 0.924 sec
Computing BIONJ tree...
0.009 seconds
Log-likelihood of BIONJ tree: -10514.819
--------------------------------------------------------------------
|             INITIALIZING CANDIDATE TREE SET                      |
--------------------------------------------------------------------
Generating 98 parsimony trees... 1.831 second
Computing log-likelihood of 98 initial trees ... 2.213 seconds
Current best score: -10418.017

Do NNI search on 20 best initial trees
Estimate model parameters (epsilon = 0.100)
BETTER TREE FOUND at iteration 1: -10406.882
Estimate model parameters (epsilon = 0.100)
BETTER TREE FOUND at iteration 2: -10400.747
Estimate model parameters (epsilon = 0.100)
BETTER TREE FOUND at iteration 6: -10396.887
Iteration 10 / LogL: -10420.556 / Time: 0h:0m:8s
Iteration 20 / LogL: -10439.153 / Time: 0h:0m:11s
Finish initializing candidate tree set (20)
Current best tree score: -10396.887 / CPU time: 11.409
Number of iterations: 20
--------------------------------------------------------------------
|               OPTIMIZING CANDIDATE TREE SET                      |
--------------------------------------------------------------------
Estimate model parameters (epsilon = 0.100)
BETTER TREE FOUND at iteration 25: -10394.959
Iteration 30 / LogL: -10399.080 / Time: 0h:0m:15s (0h:0m:51s left)
Estimate model parameters (epsilon = 0.100)
BETTER TREE FOUND at iteration 34: -10393.472
Estimate model parameters (epsilon = 0.100)
BETTER TREE FOUND at iteration 35: -10391.364
Estimate model parameters (epsilon = 0.100)
BETTER TREE FOUND at iteration 39: -10387.130
Iteration 40 / LogL: -10422.006 / Time: 0h:0m:19s (0h:0m:48s left)
Iteration 50 / LogL: -10390.390 / Time: 0h:0m:22s (0h:0m:41s left)
Log-likelihood cutoff on original alignment: -10462.048
UFBoot trees printed to /mnt/ivy/thliao/project/AOB/analysis/20210713_repeat/add_Chromatiaces/phy_files/cog25_prot/223158.ufboot
Estimate model parameters (epsilon = 0.100)
BETTER TREE FOUND at iteration 55: -10386.826
Iteration 60 / LogL: -10399.277 / Time: 0h:0m:27s (0h:0m:43s left)
Estimate model parameters (epsilon = 0.100)
BETTER TREE FOUND at iteration 62: -10386.808
Iteration 70 / LogL: -10391.115 / Time: 0h:0m:31s (0h:0m:41s left)
Estimate model parameters (epsilon = 0.100)
BETTER TREE FOUND at iteration 79: -10386.417
Iteration 80 / LogL: -10388.632 / Time: 0h:0m:34s (0h:0m:43s left)
Estimate model parameters (epsilon = 0.100)
BETTER TREE FOUND at iteration 85: -10384.823
Iteration 90 / LogL: -10392.946 / Time: 0h:0m:38s (0h:0m:40s left)
Iteration 100 / LogL: -10391.109 / Time: 0h:0m:42s (0h:0m:36s left)
Log-likelihood cutoff on original alignment: -10462.048
NOTE: Bootstrap correlation coefficient of split occurrence frequencies: 0.994
UFBoot trees printed to /mnt/ivy/thliao/project/AOB/analysis/20210713_repeat/add_Chromatiaces/phy_files/cog25_prot/223158.ufboot
Iteration 110 / LogL: -10398.488 / Time: 0h:0m:46s (0h:0m:37s left)
Estimate model parameters (epsilon = 0.100)
BETTER TREE FOUND at iteration 112: -10384.741
Estimate model parameters (epsilon = 0.100)
BETTER TREE FOUND at iteration 117: -10383.192
Estimate model parameters (epsilon = 0.100)
BETTER TREE FOUND at iteration 119: -10383.090
Iteration 120 / LogL: -10387.153 / Time: 0h:0m:49s (0h:0m:41s left)
Estimate model parameters (epsilon = 0.100)
BETTER TREE FOUND at iteration 123: -10382.978
Estimate model parameters (epsilon = 0.100)
BETTER TREE FOUND at iteration 124: -10381.295
Estimate model parameters (epsilon = 0.100)
BETTER TREE FOUND at iteration 128: -10379.942
Iteration 130 / LogL: -10386.241 / Time: 0h:0m:53s (0h:0m:40s left)
Estimate model parameters (epsilon = 0.100)
BETTER TREE FOUND at iteration 131: -10377.938
Iteration 140 / LogL: -10378.285 / Time: 0h:0m:57s (0h:0m:37s left)
Iteration 150 / LogL: -10380.567 / Time: 0h:1m:0s (0h:0m:32s left)
Log-likelihood cutoff on original alignment: -10462.048
UFBoot trees printed to /mnt/ivy/thliao/project/AOB/analysis/20210713_repeat/add_Chromatiaces/phy_files/cog25_prot/223158.ufboot
Estimate model parameters (epsilon = 0.100)
BETTER TREE FOUND at iteration 156: -10377.784
Iteration 160 / LogL: -10386.951 / Time: 0h:1m:4s (0h:0m:39s left)
Estimate model parameters (epsilon = 0.100)
BETTER TREE FOUND at iteration 169: -10377.508
Iteration 170 / LogL: -10379.842 / Time: 0h:1m:8s (0h:0m:40s left)
Estimate model parameters (epsilon = 0.100)
BETTER TREE FOUND at iteration 179: -10377.412
Iteration 180 / LogL: -10378.836 / Time: 0h:1m:12s (0h:0m:40s left)
Iteration 190 / LogL: -10380.093 / Time: 0h:1m:15s (0h:0m:35s left)
Iteration 200 / LogL: -10381.454 / Time: 0h:1m:19s (0h:0m:31s left)
Log-likelihood cutoff on original alignment: -10462.048
NOTE: Bootstrap correlation coefficient of split occurrence frequencies: 0.963
NOTE: UFBoot does not converge, continue at least 100 more iterations
UFBoot trees printed to /mnt/ivy/thliao/project/AOB/analysis/20210713_repeat/add_Chromatiaces/phy_files/cog25_prot/223158.ufboot
Estimate model parameters (epsilon = 0.100)
BETTER TREE FOUND at iteration 202: -10376.866
Estimate model parameters (epsilon = 0.100)
BETTER TREE FOUND at iteration 207: -10376.461
Iteration 210 / LogL: -10390.779 / Time: 0h:1m:23s (0h:0m:38s left)
Iteration 220 / LogL: -10379.374 / Time: 0h:1m:26s (0h:0m:34s left)
Estimate model parameters (epsilon = 0.100)
BETTER TREE FOUND at iteration 224: -10376.416
Iteration 230 / LogL: -10381.507 / Time: 0h:1m:30s (0h:0m:37s left)
Estimate model parameters (epsilon = 0.100)
BETTER TREE FOUND at iteration 240: -10376.327
Iteration 240 / LogL: -10376.327 / Time: 0h:1m:34s (0h:0m:39s left)
Estimate model parameters (epsilon = 0.100)
BETTER TREE FOUND at iteration 249: -10375.668
Iteration 250 / LogL: -10380.992 / Time: 0h:1m:38s (0h:0m:39s left)
Log-likelihood cutoff on original alignment: -10462.048
UFBoot trees printed to /mnt/ivy/thliao/project/AOB/analysis/20210713_repeat/add_Chromatiaces/phy_files/cog25_prot/223158.ufboot
Estimate model parameters (epsilon = 0.100)
BETTER TREE FOUND at iteration 253: -10375.580
Iteration 260 / LogL: -10376.215 / Time: 0h:1m:42s (0h:0m:36s left)
Iteration 270 / LogL: -10375.985 / Time: 0h:1m:46s (0h:0m:32s left)
Iteration 280 / LogL: -10375.580 / Time: 0h:1m:50s (0h:0m:28s left)
Iteration 290 / LogL: -10394.798 / Time: 0h:1m:53s (0h:0m:24s left)
Iteration 300 / LogL: -10376.501 / Time: 0h:1m:57s (0h:0m:20s left)
Log-likelihood cutoff on original alignment: -10462.048
NOTE: Bootstrap correlation coefficient of split occurrence frequencies: 0.988
NOTE: UFBoot does not converge, continue at least 100 more iterations
UFBoot trees printed to /mnt/ivy/thliao/project/AOB/analysis/20210713_repeat/add_Chromatiaces/phy_files/cog25_prot/223158.ufboot
Iteration 310 / LogL: -10376.313 / Time: 0h:2m:2s (0h:0m:35s left)
Iteration 320 / LogL: -10378.966 / Time: 0h:2m:6s (0h:0m:31s left)
Iteration 330 / LogL: -10387.579 / Time: 0h:2m:9s (0h:0m:27s left)
Iteration 340 / LogL: -10376.682 / Time: 0h:2m:14s (0h:0m:23s left)
Iteration 350 / LogL: -10382.401 / Time: 0h:2m:18s (0h:0m:19s left)
Log-likelihood cutoff on original alignment: -10462.048
UFBoot trees printed to /mnt/ivy/thliao/project/AOB/analysis/20210713_repeat/add_Chromatiaces/phy_files/cog25_prot/223158.ufboot
Iteration 360 / LogL: -10411.016 / Time: 0h:2m:22s (0h:0m:15s left)
Iteration 370 / LogL: -10384.841 / Time: 0h:2m:26s (0h:0m:11s left)
Iteration 380 / LogL: -10376.781 / Time: 0h:2m:30s (0h:0m:7s left)
Iteration 390 / LogL: -10388.571 / Time: 0h:2m:34s (0h:0m:3s left)
Iteration 400 / LogL: -10380.666 / Time: 0h:2m:38s (0h:0m:0s left)
Log-likelihood cutoff on original alignment: -10462.048
NOTE: Bootstrap correlation coefficient of split occurrence frequencies: 0.989
NOTE: UFBoot does not converge, continue at least 100 more iterations
UFBoot trees printed to /mnt/ivy/thliao/project/AOB/analysis/20210713_repeat/add_Chromatiaces/phy_files/cog25_prot/223158.ufboot
Iteration 410 / LogL: -10387.699 / Time: 0h:2m:43s (0h:0m:35s left)
Iteration 420 / LogL: -10376.169 / Time: 0h:2m:47s (0h:0m:31s left)
Iteration 430 / LogL: -10385.456 / Time: 0h:2m:51s (0h:0m:27s left)
Iteration 440 / LogL: -10400.459 / Time: 0h:2m:55s (0h:0m:23s left)
Iteration 450 / LogL: -10388.978 / Time: 0h:2m:58s (0h:0m:19s left)
Log-likelihood cutoff on original alignment: -10457.145
UFBoot trees printed to /mnt/ivy/thliao/project/AOB/analysis/20210713_repeat/add_Chromatiaces/phy_files/cog25_prot/223158.ufboot
Iteration 460 / LogL: -10376.600 / Time: 0h:3m:3s (0h:0m:15s left)
Iteration 470 / LogL: -10375.795 / Time: 0h:3m:7s (0h:0m:11s left)
Iteration 480 / LogL: -10381.244 / Time: 0h:3m:11s (0h:0m:7s left)
Iteration 490 / LogL: -10383.469 / Time: 0h:3m:15s (0h:0m:4s left)
Iteration 500 / LogL: -10378.519 / Time: 0h:3m:20s (0h:0m:0s left)
Log-likelihood cutoff on original alignment: -10457.145
NOTE: Bootstrap correlation coefficient of split occurrence frequencies: 0.995
UFBoot trees printed to /mnt/ivy/thliao/project/AOB/analysis/20210713_repeat/add_Chromatiaces/phy_files/cog25_prot/223158.ufboot
TREE SEARCH COMPLETED AFTER 500 ITERATIONS / Time: 0h:3m:20s

--------------------------------------------------------------------
|                    FINALIZING TREE SEARCH                        |
--------------------------------------------------------------------
Performs final model parameters optimization
Estimate model parameters (epsilon = 0.010)
1. Initial log-likelihood: -10375.580
Optimal log-likelihood: -10375.580
Parameters optimization took 1 rounds (0.017 sec)
BEST SCORE FOUND : -10375.580
Creating bootstrap support values...
Split supports printed to NEXUS file /mnt/ivy/thliao/project/AOB/analysis/20210713_repeat/add_Chromatiaces/phy_files/cog25_prot/223158.splits.nex
Total tree length: 14.924

Total number of iterations: 500
CPU time used for tree search: 387.899 sec (0h:6m:27s)
Wall-clock time used for tree search: 200.046 sec (0h:3m:20s)
Total CPU time used: 389.813 sec (0h:6m:29s)
Total wall-clock time used: 201.099 sec (0h:3m:21s)
UFBoot trees printed to /mnt/ivy/thliao/project/AOB/analysis/20210713_repeat/add_Chromatiaces/phy_files/cog25_prot/223158.ufboot

Computing bootstrap consensus tree...
Reading input file /mnt/ivy/thliao/project/AOB/analysis/20210713_repeat/add_Chromatiaces/phy_files/cog25_prot/223158.splits.nex...
102 taxa and 1052 splits.
Consensus tree written to /mnt/ivy/thliao/project/AOB/analysis/20210713_repeat/add_Chromatiaces/phy_files/cog25_prot/223158.contree
Reading input trees file /mnt/ivy/thliao/project/AOB/analysis/20210713_repeat/add_Chromatiaces/phy_files/cog25_prot/223158.contree
Log-likelihood of consensus tree: -10386.454

Analysis results written to: 
  IQ-TREE report:                /mnt/ivy/thliao/project/AOB/analysis/20210713_repeat/add_Chromatiaces/phy_files/cog25_prot/223158.iqtree
  Maximum-likelihood tree:       /mnt/ivy/thliao/project/AOB/analysis/20210713_repeat/add_Chromatiaces/phy_files/cog25_prot/223158.treefile
  Likelihood distances:          /mnt/ivy/thliao/project/AOB/analysis/20210713_repeat/add_Chromatiaces/phy_files/cog25_prot/223158.mldist

Ultrafast bootstrap approximation results written to:
  Split support values:          /mnt/ivy/thliao/project/AOB/analysis/20210713_repeat/add_Chromatiaces/phy_files/cog25_prot/223158.splits.nex
  Consensus tree:                /mnt/ivy/thliao/project/AOB/analysis/20210713_repeat/add_Chromatiaces/phy_files/cog25_prot/223158.contree
  UFBoot trees:                  /mnt/ivy/thliao/project/AOB/analysis/20210713_repeat/add_Chromatiaces/phy_files/cog25_prot/223158.ufboot
  Screen log file:               /mnt/ivy/thliao/project/AOB/analysis/20210713_repeat/add_Chromatiaces/phy_files/cog25_prot/223158.log

Date and Time: Mon Dec 12 10:22:35 2022
