IQ-TREE multicore version 1.6.12 for Linux 64-bit built Aug 15 2019
Developed by Bui Quang Minh, Nguyen Lam Tung, Olga Chernomor,
Heiko Schmidt, Dominik Schrempf, Michael Woodhams.

Host:    cl002 (AVX2, FMA3, 251 GB RAM)
Command: iqtree -nt 2 -m LG -redo -wbtl -bb 1000 -pre /mnt/ivy/thliao/project/AOB/analysis/20210713_repeat/add_Chromatiaces/phy_files/cog25_prot/223280 -s /mnt/ivy/thliao/project/AOB/analysis/20210713_repeat/add_Chromatiaces/phy_files/cog25_prot/223280.aln
Seed:    332013 (Using SPRNG - Scalable Parallel Random Number Generator)
Time:    Mon Dec 12 10:18:31 2022
Kernel:  AVX+FMA - 2 threads (64 CPU cores detected)

Reading alignment file /mnt/ivy/thliao/project/AOB/analysis/20210713_repeat/add_Chromatiaces/phy_files/cog25_prot/223280.aln ... Fasta format detected
Alignment most likely contains protein sequences
Alignment has 102 sequences with 521 columns, 484 distinct patterns
327 parsimony-informative, 70 singleton sites, 124 constant sites
                 Gap/Ambiguity  Composition  p-value
   1  GCA_000011385.1   39.73%    passed     64.59%
   2  GCA_002007425.1   34.55%    passed     76.27%
   3  GCA_002072955.1   35.70%    passed     84.16%
   4  GCA_016873455.1   36.08%    passed     47.10%
   5  GCA_001458695.1   33.01%    passed     37.42%
   6  GCA_004421105.1   36.28%    passed     99.69%
   7  GCA_003534995.1   34.93%    passed     88.90%
   8  GCA_000469665.2   33.78%    failed      0.00%
   9  GCA_902810445.1   37.04%    passed     32.61%
  10  GCA_016207025.1   35.89%    passed     82.92%
  11  GCA_001828295.1   35.12%    passed     61.67%
  12  GCA_900107585.1   35.12%    passed     89.38%
  13  GCA_000332275.1   39.73%    passed     55.01%
  14  GCA_900110495.1   35.89%    passed     99.45%
  15  GCA_002868715.1   35.89%    passed     94.78%
  16  GCA_000760695.4   39.54%    passed     81.38%
  17  GCA_000024725.1   36.28%    passed     99.63%
  18  GCA_003851125.1   37.24%    passed     92.98%
  19  GCA_003258315.1   35.89%    passed     98.51%
  20  GCA_004195045.1   35.12%    failed      0.10%
  21  GCA_003576955.1   36.08%    passed     47.56%
  22  GCA_000380225.1   29.94%    passed     74.32%
  23  GCA_015709615.1   36.08%    passed     97.52%
  24  GCA_000317515.1   38.20%    passed     73.36%
  25  GCA_014859375.1   37.24%    passed     91.24%
  26  GCA_011090395.1   36.08%    passed     19.51%
  27  GCA_000949635.1   35.12%    passed     57.35%
  28  GCA_003149345.1   37.62%    passed     54.59%
  29  GCA_000228725.3   35.32%    passed     81.32%
  30  GCA_001267195.1   36.08%    passed     90.85%
  31  GCA_004684205.1   34.74%    passed     71.12%
  32  GCA_000934545.1   37.62%    passed     78.79%
  33  GCA_000379525.1   35.32%    passed     82.28%
  34  GCA_002924445.1   35.12%    passed     95.37%
  35  GCA_000013225.1   35.70%    passed     81.25%
  36  GCA_016592635.1   35.70%    passed     96.44%
  37  GCA_003003885.1   39.54%    passed     96.78%
  38  GCA_006385135.1   35.12%    passed     99.57%
  39  GCA_001904725.1   39.35%    passed     91.37%
  40  GCA_000263335.1   36.28%    passed     74.11%
  41  GCA_001890765.1   39.92%    passed     13.08%
  42  GCA_002109495.1   34.74%    passed     51.74%
  43  GCA_015709635.1   36.08%    passed     93.51%
  44  GCA_000948975.1   36.85%    passed     98.50%
  45  GCA_014635705.1   37.62%    passed     92.07%
  46  GCA_000314005.1   39.92%    passed     65.66%
  47  GCA_003532895.1   77.16%    passed     13.66%
  48  GCA_001803795.1   35.89%    passed     91.71%
  49  GCA_007197755.1   35.12%    passed     83.13%
  50  GCA_900119825.1   37.24%    passed     91.19%
  51  GCA_001697225.1   36.08%    passed     96.79%
  52  GCA_001458735.1   35.89%    passed     32.22%
  53  GCA_013697045.1   35.51%    passed     23.70%
  54  GCA_001566965.1   34.74%    passed     90.44%
  55  GCA_002356115.1   36.66%    passed     99.69%
  56  GCA_003551305.1   33.97%    passed      5.41%
  57  GCA_006496635.1   37.43%    passed     94.59%
  58  GCA_010027455.1   36.47%    passed     99.72%
  59  GCA_003015145.1   31.29%    passed     19.23%
  60  GCA_000317535.1   39.54%    passed     95.52%
  61  GCA_013140535.1   36.08%    passed      6.92%
  62  GCA_001881495.1   33.40%    passed     96.83%
  63  GCA_002083815.1   35.12%    passed     85.50%
  64  GCA_003644325.1   35.32%    passed     69.12%
  65  GCA_009833095.1   35.89%    passed     97.41%
  66  GCA_008189685.1   34.93%    failed      0.87%
  67  GCA_000828615.1   35.89%    passed     97.80%
  68  GCA_902500715.1   36.08%    passed     39.20%
  69  GCA_013140465.1   35.12%    passed     67.95%
  70  GCA_001007875.1   36.28%    passed     94.12%
  71  GCA_002218085.1   39.54%    passed     97.21%
  72  GCA_017879665.1   36.08%    passed     45.91%
  73  GCA_000952155.1   39.54%    passed     96.76%
  74  GCA_001747005.1   37.04%    passed     98.12%
  75  GCA_001469165.1   35.32%    passed     93.25%
  76  GCA_000740735.1   36.28%    passed     99.34%
  77  GCA_002355455.1   36.85%    passed     80.41%
  78  GCF_004345375.1   36.08%    passed     96.99%
  79  GCA_000317575.1   36.85%    passed     71.21%
  80  GCA_004168365.1   36.28%    passed     74.79%
  81  GCA_000014865.1   34.74%    passed     88.16%
  82  GCA_000332035.1   39.73%    passed     58.98%
  83  GCA_001187785.1   35.89%    passed     59.01%
  84  GCA_007992375.1   37.24%    passed     90.59%
  85  GCA_000214665.1   35.70%    passed     97.69%
  86  GCA_013521015.1   35.89%    passed     99.13%
  87  GCA_001772005.1   37.43%    passed     97.47%
  88  GCA_000317495.1   31.09%    passed     33.45%
  89  GCA_005524015.1   36.47%    passed     65.70%
  90  GCA_003015105.1   27.26%    passed     31.61%
  91  GCA_000264455.2   35.12%    passed     72.63%
  92  GCA_001644685.1   35.70%    passed     99.28%
  93  GCA_000346485.2   36.66%    passed     85.93%
  94  GCA_003719295.1   35.89%    passed     96.94%
  95  GCA_002162035.1   37.24%    passed     98.69%
  96  GCA_001828545.1   33.21%    passed     15.44%
  97  GCA_001828535.1   64.49%    passed     44.83%
  98  GCA_902459485.1   35.89%    passed     99.28%
  99  GCA_000473895.1   38.20%    passed     12.83%
 100  GCA_013141375.1   35.32%    passed     53.87%
 101  GCA_005877815.1   35.12%    passed     32.38%
 102  GCA_004282745.1   33.78%    failed      0.90%
WARNING: 2 sequences contain more than 50% gaps/ambiguity
****  TOTAL             36.72%  4 sequences failed composition chi2 test (p-value<5%; df=19)

Create initial parsimony tree by phylogenetic likelihood library (PLL)... 0.041 seconds
Generating 1000 samples for ultrafast bootstrap (seed: 332013)...

NOTE: 9 MB RAM (0 GB) is required!
Estimate model parameters (epsilon = 0.100)
1. Initial log-likelihood: -34155.694
Optimal log-likelihood: -33637.113
Parameters optimization took 1 rounds (0.110 sec)
Computing ML distances based on estimated model parameters... 1.062 sec
Computing BIONJ tree...
0.012 seconds
Log-likelihood of BIONJ tree: -33630.591
--------------------------------------------------------------------
|             INITIALIZING CANDIDATE TREE SET                      |
--------------------------------------------------------------------
Generating 98 parsimony trees... 5.208 second
Computing log-likelihood of 98 initial trees ... 5.934 seconds
Current best score: -33520.336

Do NNI search on 20 best initial trees
Estimate model parameters (epsilon = 0.100)
BETTER TREE FOUND at iteration 1: -33472.816
Estimate model parameters (epsilon = 0.100)
BETTER TREE FOUND at iteration 2: -33468.823
Estimate model parameters (epsilon = 0.100)
BETTER TREE FOUND at iteration 4: -33462.112
Iteration 10 / LogL: -33469.274 / Time: 0h:0m:19s
Estimate model parameters (epsilon = 0.100)
BETTER TREE FOUND at iteration 17: -33459.046
Iteration 20 / LogL: -33479.710 / Time: 0h:0m:26s
Finish initializing candidate tree set (19)
Current best tree score: -33459.046 / CPU time: 26.017
Number of iterations: 20
--------------------------------------------------------------------
|               OPTIMIZING CANDIDATE TREE SET                      |
--------------------------------------------------------------------
Estimate model parameters (epsilon = 0.100)
BETTER TREE FOUND at iteration 26: -33457.035
Iteration 30 / LogL: -33459.102 / Time: 0h:0m:34s (0h:1m:53s left)
Estimate model parameters (epsilon = 0.100)
BETTER TREE FOUND at iteration 31: -33454.648
Estimate model parameters (epsilon = 0.100)
BETTER TREE FOUND at iteration 32: -33451.340
Iteration 40 / LogL: -33452.177 / Time: 0h:0m:41s (0h:1m:38s left)
Iteration 50 / LogL: -33451.567 / Time: 0h:0m:48s (0h:1m:21s left)
Log-likelihood cutoff on original alignment: -33545.662
UFBoot trees printed to /mnt/ivy/thliao/project/AOB/analysis/20210713_repeat/add_Chromatiaces/phy_files/cog25_prot/223280.ufboot
Iteration 60 / LogL: -33452.321 / Time: 0h:0m:56s (0h:1m:9s left)
Iteration 70 / LogL: -33456.582 / Time: 0h:1m:3s (0h:0m:57s left)
Iteration 80 / LogL: -33470.840 / Time: 0h:1m:10s (0h:0m:46s left)
Iteration 90 / LogL: -33451.722 / Time: 0h:1m:17s (0h:0m:36s left)
Iteration 100 / LogL: -33453.867 / Time: 0h:1m:24s (0h:0m:27s left)
Log-likelihood cutoff on original alignment: -33523.535
NOTE: Bootstrap correlation coefficient of split occurrence frequencies: 0.997
UFBoot trees printed to /mnt/ivy/thliao/project/AOB/analysis/20210713_repeat/add_Chromatiaces/phy_files/cog25_prot/223280.ufboot
Iteration 110 / LogL: -33459.824 / Time: 0h:1m:33s (0h:1m:17s left)
UPDATE BEST LOG-LIKELIHOOD: -33451.339
Iteration 120 / LogL: -33452.004 / Time: 0h:1m:40s (0h:1m:7s left)
Iteration 130 / LogL: -33454.042 / Time: 0h:1m:46s (0h:0m:57s left)
TREE SEARCH COMPLETED AFTER 133 ITERATIONS / Time: 0h:1m:48s

--------------------------------------------------------------------
|                    FINALIZING TREE SEARCH                        |
--------------------------------------------------------------------
Performs final model parameters optimization
Estimate model parameters (epsilon = 0.010)
1. Initial log-likelihood: -33451.339
Optimal log-likelihood: -33451.332
Parameters optimization took 1 rounds (0.052 sec)
BEST SCORE FOUND : -33451.332
Creating bootstrap support values...
Split supports printed to NEXUS file /mnt/ivy/thliao/project/AOB/analysis/20210713_repeat/add_Chromatiaces/phy_files/cog25_prot/223280.splits.nex
Total tree length: 24.490

Total number of iterations: 133
CPU time used for tree search: 206.357 sec (0h:3m:26s)
Wall-clock time used for tree search: 108.019 sec (0h:1m:48s)
Total CPU time used: 209.014 sec (0h:3m:29s)
Total wall-clock time used: 109.563 sec (0h:1m:49s)
UFBoot trees printed to /mnt/ivy/thliao/project/AOB/analysis/20210713_repeat/add_Chromatiaces/phy_files/cog25_prot/223280.ufboot

Computing bootstrap consensus tree...
Reading input file /mnt/ivy/thliao/project/AOB/analysis/20210713_repeat/add_Chromatiaces/phy_files/cog25_prot/223280.splits.nex...
102 taxa and 487 splits.
Consensus tree written to /mnt/ivy/thliao/project/AOB/analysis/20210713_repeat/add_Chromatiaces/phy_files/cog25_prot/223280.contree
Reading input trees file /mnt/ivy/thliao/project/AOB/analysis/20210713_repeat/add_Chromatiaces/phy_files/cog25_prot/223280.contree
Log-likelihood of consensus tree: -33452.317

Analysis results written to: 
  IQ-TREE report:                /mnt/ivy/thliao/project/AOB/analysis/20210713_repeat/add_Chromatiaces/phy_files/cog25_prot/223280.iqtree
  Maximum-likelihood tree:       /mnt/ivy/thliao/project/AOB/analysis/20210713_repeat/add_Chromatiaces/phy_files/cog25_prot/223280.treefile
  Likelihood distances:          /mnt/ivy/thliao/project/AOB/analysis/20210713_repeat/add_Chromatiaces/phy_files/cog25_prot/223280.mldist

Ultrafast bootstrap approximation results written to:
  Split support values:          /mnt/ivy/thliao/project/AOB/analysis/20210713_repeat/add_Chromatiaces/phy_files/cog25_prot/223280.splits.nex
  Consensus tree:                /mnt/ivy/thliao/project/AOB/analysis/20210713_repeat/add_Chromatiaces/phy_files/cog25_prot/223280.contree
  UFBoot trees:                  /mnt/ivy/thliao/project/AOB/analysis/20210713_repeat/add_Chromatiaces/phy_files/cog25_prot/223280.ufboot
  Screen log file:               /mnt/ivy/thliao/project/AOB/analysis/20210713_repeat/add_Chromatiaces/phy_files/cog25_prot/223280.log

Date and Time: Mon Dec 12 10:20:22 2022
