IQ-TREE multicore version 1.6.12 for Linux 64-bit built Aug 15 2019
Developed by Bui Quang Minh, Nguyen Lam Tung, Olga Chernomor,
Heiko Schmidt, Dominik Schrempf, Michael Woodhams.

Host:    cl005 (AVX2, FMA3, 125 GB RAM)
Command: iqtree -nt 2 -m LG -redo -wbtl -bb 1000 -pre /mnt/ivy/thliao/project/AOB/analysis/20210713_repeat/add_Chromatiaces/phy_files/cog25_prot/223596 -s /mnt/ivy/thliao/project/AOB/analysis/20210713_repeat/add_Chromatiaces/phy_files/cog25_prot/223596.aln
Seed:    163608 (Using SPRNG - Scalable Parallel Random Number Generator)
Time:    Mon Dec 12 10:19:01 2022
Kernel:  AVX+FMA - 2 threads (64 CPU cores detected)

Reading alignment file /mnt/ivy/thliao/project/AOB/analysis/20210713_repeat/add_Chromatiaces/phy_files/cog25_prot/223596.aln ... Fasta format detected
Alignment most likely contains protein sequences
Alignment has 100 sequences with 262 columns, 252 distinct patterns
196 parsimony-informative, 23 singleton sites, 43 constant sites
                 Gap/Ambiguity  Composition  p-value
   1  GCA_000011385.1   21.37%    passed     51.40%
   2  GCA_002007425.1   20.99%    passed     99.99%
   3  GCA_002072955.1   21.37%    passed     86.20%
   4  GCA_016873455.1   20.61%    passed     90.16%
   5  GCA_001458695.1   20.61%    passed     84.73%
   6  GCA_004421105.1   20.61%    passed     98.96%
   7  GCA_003534995.1   22.90%    passed     66.16%
   8  GCA_000469665.2   22.52%    failed      0.09%
   9  GCA_902810445.1   20.61%    passed     58.07%
  10  GCA_016207025.1   20.61%    passed     88.54%
  11  GCA_001828295.1   11.83%    passed     54.28%
  12  GCA_900107585.1   21.37%    passed     87.83%
  13  GCA_000332275.1   22.52%    passed     78.59%
  14  GCA_900110495.1   20.61%    passed     90.45%
  15  GCA_002868715.1   21.37%    passed     94.93%
  16  GCA_000760695.4   22.90%    passed     67.74%
  17  GCA_000024725.1   20.61%    passed     99.83%
  18  GCA_003851125.1   20.23%    passed     99.65%
  19  GCA_003258315.1   22.52%    passed     58.46%
  20  GCA_004195045.1   20.61%    passed      7.93%
  21  GCA_003576955.1   20.61%    passed     95.85%
  22  GCA_000380225.1   22.90%    passed     78.51%
  23  GCA_015709615.1    8.02%    passed     47.27%
  24  GCA_000317515.1   22.90%    passed     91.19%
  25  GCA_014859375.1   20.61%    passed     99.91%
  26  GCA_011090395.1   20.61%    passed     94.58%
  27  GCA_000949635.1   20.61%    passed     73.60%
  28  GCA_003149345.1   22.90%    passed     58.01%
  29  GCA_000228725.3   21.37%    passed     99.87%
  30  GCA_001267195.1   21.37%    passed     99.83%
  31  GCA_004684205.1   21.37%    passed     99.70%
  32  GCA_000934545.1   20.23%    passed     95.41%
  33  GCA_000379525.1   21.37%    passed     99.07%
  34  GCA_002924445.1   21.37%    passed     91.95%
  35  GCA_000013225.1   22.52%    passed     78.43%
  36  GCA_016592635.1   21.37%    passed     92.64%
  37  GCA_003003885.1   22.90%    passed     86.28%
  38  GCA_006385135.1   21.76%    passed     81.61%
  39  GCA_001904725.1   22.90%    passed     95.07%
  40  GCA_000263335.1   20.61%    passed     86.57%
  41  GCA_001890765.1   22.90%    passed     92.12%
  42  GCA_002109495.1   20.61%    passed     97.67%
  43  GCA_015709635.1   14.89%    passed     49.28%
  44  GCA_000948975.1   21.37%    passed     98.91%
  45  GCA_014635705.1   20.99%    passed     85.15%
  46  GCA_000314005.1   22.90%    passed     64.52%
  47  GCA_003532895.1   22.52%    passed     35.84%
  48  GCA_001803795.1   21.37%    passed     76.81%
  49  GCA_007197755.1   22.14%    passed     84.73%
  50  GCA_900119825.1   21.37%    passed     91.75%
  51  GCA_001697225.1   22.52%    passed     37.07%
  52  GCA_001458735.1   20.61%    passed     83.54%
  53  GCA_013697045.1   20.99%    passed     98.21%
  54  GCA_001566965.1   20.99%    passed     99.99%
  55  GCA_002356115.1   20.61%    passed     97.06%
  56  GCA_003551305.1   20.99%    passed      6.02%
  57  GCA_006496635.1   20.23%    passed     97.03%
  58  GCA_010027455.1   20.99%    passed     79.09%
  59  GCA_003015145.1   21.37%    failed      3.16%
  60  GCA_000317535.1   22.90%    passed     89.91%
  61  GCA_013140535.1   20.61%    passed     86.38%
  62  GCA_001881495.1   21.37%    passed     99.77%
  63  GCA_002083815.1   20.23%    passed     78.14%
  64  GCA_003644325.1   20.61%    passed     97.21%
  65  GCA_009833095.1   14.89%    passed     65.71%
  66  GCA_008189685.1   21.37%    passed      5.61%
  67  GCA_000828615.1   21.37%    passed     98.52%
  68  GCA_902500715.1   20.61%    passed     81.09%
  69  GCA_013140465.1   21.37%    passed     94.92%
  70  GCA_001007875.1   21.37%    passed     80.01%
  71  GCA_002218085.1   22.90%    passed     70.47%
  72  GCA_017879665.1   30.53%    passed     99.63%
  73  GCA_000952155.1   22.90%    passed     82.18%
  74  GCA_001747005.1   22.90%    passed     82.96%
  75  GCA_001469165.1   21.37%    passed     99.56%
  76  GCA_000740735.1   20.61%    passed     97.35%
  77  GCA_002355455.1   22.90%    passed     79.18%
  78  GCA_000317575.1   22.90%    passed     75.24%
  79  GCA_004168365.1   20.61%    passed     97.58%
  80  GCA_000014865.1   20.61%    passed     98.81%
  81  GCA_000332035.1   22.90%    passed     84.13%
  82  GCA_001187785.1   20.61%    passed     82.09%
  83  GCA_007992375.1   20.23%    passed     98.86%
  84  GCA_000214665.1   21.37%    passed     99.53%
  85  GCA_013521015.1   20.61%    passed     99.23%
  86  GCA_001772005.1   20.61%    passed     93.90%
  87  GCA_000317495.1   22.90%    passed     47.04%
  88  GCA_005524015.1   20.61%    failed      2.98%
  89  GCA_000264455.2   22.14%    passed     91.17%
  90  GCA_001644685.1   21.37%    passed     95.56%
  91  GCA_000346485.2   22.90%    passed     69.09%
  92  GCA_003719295.1   21.37%    passed     91.96%
  93  GCA_002162035.1   20.23%    passed     99.95%
  94  GCA_001828545.1   20.23%    passed     80.18%
  95  GCA_016788925.1   20.61%    passed     80.04%
  96  GCA_902459485.1   21.37%    passed     98.98%
  97  GCA_000473895.1   22.90%    passed     89.74%
  98  GCA_013141375.1   21.37%    passed     86.70%
  99  GCA_005877815.1   20.61%    passed     99.30%
 100  GCA_004282745.1   20.61%    failed      4.61%
****  TOTAL             21.16%  4 sequences failed composition chi2 test (p-value<5%; df=19)

Create initial parsimony tree by phylogenetic likelihood library (PLL)... 0.041 seconds
Generating 1000 samples for ultrafast bootstrap (seed: 163608)...

NOTE: 5 MB RAM (0 GB) is required!
Estimate model parameters (epsilon = 0.100)
1. Initial log-likelihood: -19918.910
Optimal log-likelihood: -19755.778
Parameters optimization took 1 rounds (0.065 sec)
Computing ML distances based on estimated model parameters... 1.060 sec
Computing BIONJ tree...
0.011 seconds
Log-likelihood of BIONJ tree: -19705.959
--------------------------------------------------------------------
|             INITIALIZING CANDIDATE TREE SET                      |
--------------------------------------------------------------------
Generating 98 parsimony trees... 3.835 second
Computing log-likelihood of 98 initial trees ... 3.528 seconds
Current best score: -19666.273

Do NNI search on 20 best initial trees
Estimate model parameters (epsilon = 0.100)
BETTER TREE FOUND at iteration 1: -19628.978
Estimate model parameters (epsilon = 0.100)
BETTER TREE FOUND at iteration 6: -19628.195
Iteration 10 / LogL: -19634.442 / Time: 0h:0m:12s
Iteration 20 / LogL: -19658.222 / Time: 0h:0m:16s
Finish initializing candidate tree set (20)
Current best tree score: -19628.195 / CPU time: 16.720
Number of iterations: 20
--------------------------------------------------------------------
|               OPTIMIZING CANDIDATE TREE SET                      |
--------------------------------------------------------------------
Estimate model parameters (epsilon = 0.100)
BETTER TREE FOUND at iteration 22: -19625.833
Estimate model parameters (epsilon = 0.100)
BETTER TREE FOUND at iteration 28: -19625.183
Estimate model parameters (epsilon = 0.100)
BETTER TREE FOUND at iteration 29: -19621.199
Iteration 30 / LogL: -19628.378 / Time: 0h:0m:21s (0h:1m:14s left)
Estimate model parameters (epsilon = 0.100)
BETTER TREE FOUND at iteration 37: -19617.642
Iteration 40 / LogL: -19619.190 / Time: 0h:0m:26s (0h:1m:4s left)
Iteration 50 / LogL: -19622.837 / Time: 0h:0m:30s (0h:0m:54s left)
Log-likelihood cutoff on original alignment: -19685.312
UFBoot trees printed to /mnt/ivy/thliao/project/AOB/analysis/20210713_repeat/add_Chromatiaces/phy_files/cog25_prot/223596.ufboot
Iteration 60 / LogL: -19620.168 / Time: 0h:0m:35s (0h:0m:46s left)
Estimate model parameters (epsilon = 0.100)
BETTER TREE FOUND at iteration 61: -19617.271
Estimate model parameters (epsilon = 0.100)
BETTER TREE FOUND at iteration 68: -19617.215
Iteration 70 / LogL: -19667.805 / Time: 0h:0m:40s (0h:0m:56s left)
Iteration 80 / LogL: -19617.476 / Time: 0h:0m:44s (0h:0m:49s left)
BETTER TREE FOUND at iteration 81: -19617.211
Iteration 90 / LogL: -19624.115 / Time: 0h:0m:48s (0h:0m:49s left)
Iteration 100 / LogL: -19617.689 / Time: 0h:0m:53s (0h:0m:43s left)
Log-likelihood cutoff on original alignment: -19680.276
NOTE: Bootstrap correlation coefficient of split occurrence frequencies: 0.997
UFBoot trees printed to /mnt/ivy/thliao/project/AOB/analysis/20210713_repeat/add_Chromatiaces/phy_files/cog25_prot/223596.ufboot
Iteration 110 / LogL: -19617.760 / Time: 0h:0m:58s (0h:0m:48s left)
Iteration 120 / LogL: -19625.624 / Time: 0h:1m:2s (0h:0m:42s left)
Iteration 130 / LogL: -19620.069 / Time: 0h:1m:6s (0h:0m:36s left)
Iteration 140 / LogL: -19619.410 / Time: 0h:1m:11s (0h:0m:30s left)
Iteration 150 / LogL: -19617.286 / Time: 0h:1m:15s (0h:0m:25s left)
Log-likelihood cutoff on original alignment: -19680.276
UFBoot trees printed to /mnt/ivy/thliao/project/AOB/analysis/20210713_repeat/add_Chromatiaces/phy_files/cog25_prot/223596.ufboot
Iteration 160 / LogL: -19617.315 / Time: 0h:1m:21s (0h:0m:20s left)
Iteration 170 / LogL: -19617.293 / Time: 0h:1m:26s (0h:0m:15s left)
Iteration 180 / LogL: -19621.810 / Time: 0h:1m:30s (0h:0m:10s left)
TREE SEARCH COMPLETED AFTER 182 ITERATIONS / Time: 0h:1m:31s

--------------------------------------------------------------------
|                    FINALIZING TREE SEARCH                        |
--------------------------------------------------------------------
Performs final model parameters optimization
Estimate model parameters (epsilon = 0.010)
1. Initial log-likelihood: -19617.211
Optimal log-likelihood: -19617.202
Parameters optimization took 1 rounds (0.032 sec)
BEST SCORE FOUND : -19617.202
Creating bootstrap support values...
Split supports printed to NEXUS file /mnt/ivy/thliao/project/AOB/analysis/20210713_repeat/add_Chromatiaces/phy_files/cog25_prot/223596.splits.nex
Total tree length: 23.359

Total number of iterations: 182
CPU time used for tree search: 172.061 sec (0h:2m:52s)
Wall-clock time used for tree search: 90.509 sec (0h:1m:30s)
Total CPU time used: 174.306 sec (0h:2m:54s)
Total wall-clock time used: 91.843 sec (0h:1m:31s)
UFBoot trees printed to /mnt/ivy/thliao/project/AOB/analysis/20210713_repeat/add_Chromatiaces/phy_files/cog25_prot/223596.ufboot

Computing bootstrap consensus tree...
Reading input file /mnt/ivy/thliao/project/AOB/analysis/20210713_repeat/add_Chromatiaces/phy_files/cog25_prot/223596.splits.nex...
100 taxa and 539 splits.
Consensus tree written to /mnt/ivy/thliao/project/AOB/analysis/20210713_repeat/add_Chromatiaces/phy_files/cog25_prot/223596.contree
Reading input trees file /mnt/ivy/thliao/project/AOB/analysis/20210713_repeat/add_Chromatiaces/phy_files/cog25_prot/223596.contree
Log-likelihood of consensus tree: -19617.743

Analysis results written to: 
  IQ-TREE report:                /mnt/ivy/thliao/project/AOB/analysis/20210713_repeat/add_Chromatiaces/phy_files/cog25_prot/223596.iqtree
  Maximum-likelihood tree:       /mnt/ivy/thliao/project/AOB/analysis/20210713_repeat/add_Chromatiaces/phy_files/cog25_prot/223596.treefile
  Likelihood distances:          /mnt/ivy/thliao/project/AOB/analysis/20210713_repeat/add_Chromatiaces/phy_files/cog25_prot/223596.mldist

Ultrafast bootstrap approximation results written to:
  Split support values:          /mnt/ivy/thliao/project/AOB/analysis/20210713_repeat/add_Chromatiaces/phy_files/cog25_prot/223596.splits.nex
  Consensus tree:                /mnt/ivy/thliao/project/AOB/analysis/20210713_repeat/add_Chromatiaces/phy_files/cog25_prot/223596.contree
  UFBoot trees:                  /mnt/ivy/thliao/project/AOB/analysis/20210713_repeat/add_Chromatiaces/phy_files/cog25_prot/223596.ufboot
  Screen log file:               /mnt/ivy/thliao/project/AOB/analysis/20210713_repeat/add_Chromatiaces/phy_files/cog25_prot/223596.log

Date and Time: Mon Dec 12 10:20:34 2022
