IQ-TREE multicore version 1.6.12 for Linux 64-bit built Aug 15 2019
Developed by Bui Quang Minh, Nguyen Lam Tung, Olga Chernomor,
Heiko Schmidt, Dominik Schrempf, Michael Woodhams.

Host:    cl005 (AVX2, FMA3, 94 GB RAM)
Command: iqtree -nt 2 -m LG -redo -wbtl -bb 1000 -pre /mnt/ivy/thliao/project/AOB/analysis/20210713_repeat/add_Chromatiaces/phy_files/GnomezR19_prot/withEuk_refined/ATP5F1C.trimal -s /mnt/ivy/thliao/project/AOB/analysis/20210713_repeat/add_Chromatiaces/phy_files/GnomezR19_prot/withEuk_refined/ATP5F1C.trimal
Seed:    998810 (Using SPRNG - Scalable Parallel Random Number Generator)
Time:    Tue May 30 00:59:05 2023
Kernel:  AVX+FMA - 2 threads (64 CPU cores detected)

Reading alignment file /mnt/ivy/thliao/project/AOB/analysis/20210713_repeat/add_Chromatiaces/phy_files/GnomezR19_prot/withEuk_refined/ATP5F1C.trimal ... Fasta format detected
Alignment most likely contains protein sequences
Alignment has 122 sequences with 197 columns, 194 distinct patterns
183 parsimony-informative, 3 singleton sites, 11 constant sites
                          Gap/Ambiguity  Composition  p-value
   1  GCA_001566965.1             0.51%    passed     98.65%
   2  GCA_003003885.1             0.51%    passed     81.28%
   3  GCA_002218085.1             0.51%    passed     44.62%
   4  GCA_000214665.1             0.51%    passed     87.05%
   5  GCA_016207025.1             0.51%    passed     92.40%
   6  GCA_902459485.1             0.51%    passed     98.92%
   7  GCA_007197755.1             0.51%    passed     99.80%
   8  GCA_001881495.1             0.51%    passed     99.66%
   9  GCA_014635705.1             0.51%    passed     95.28%
  10  GCA_007992375.1             0.51%    passed     80.53%
  11  GCA_004282745.1             0.51%    passed     95.88%
  12  GCA_003258315.1             0.51%    passed     60.75%
  13  GCA_000949635.1             0.51%    passed     41.86%
  14  GCA_016873455.1             0.51%    passed     94.57%
  15  GCA_001007875.1             0.51%    passed     99.36%
  16  GCA_003149345.1             0.51%    passed     98.33%
  17  GCA_003696005.1             0.51%    passed     52.74%
  18  GCA_000948975.1             0.51%    passed     83.02%
  19  GCA_015709635.1             0.51%    passed     89.14%
  20  GCA_001828545.1             0.51%    passed     52.33%
  21  GCA_009833095.1             0.51%    passed     93.35%
  22  GCA_900110495.1             0.51%    passed     94.41%
  23  GCA_000263335.1             0.51%    passed     91.32%
  24  GCA_000011385.1             1.02%    passed     61.48%
  25  GCA_004168365.1             0.51%    passed     99.28%
  26  GCA_002162035.1             0.51%    passed     64.96%
  27  GCA_001458695.1             0.51%    passed     92.18%
  28  GCA_003719295.1             0.51%    passed     99.98%
  29  GCA_000314005.1             0.51%    passed     73.29%
  30  GCA_002356115.1             0.51%    passed     99.96%
  31  GCA_002083815.1             0.51%    passed     85.57%
  32  GCA_000228725.3             0.51%    passed     99.99%
  33  GCA_014859375.1             0.51%    passed     98.36%
  34  GCA_004195045.1             0.51%    passed     13.73%
  35  GCA_000317575.1             0.51%    passed     57.65%
  36  GCA_001697225.1             0.51%    passed     98.13%
  37  GCA_000264455.2             0.51%    passed     99.58%
  38  GCA_000473895.1             0.51%    passed     57.89%
  39  GCA_001187785.1             0.51%    passed     99.78%
  40  GCA_003015105.1             0.51%    passed     42.22%
  41  GCA_000317535.1             0.51%    passed     55.76%
  42  GCA_010027455.1             0.51%    passed     87.61%
  43  GCA_003576955.1             0.51%    passed     89.68%
  44  GCF_004345375.1             0.51%    passed     88.84%
  45  GCA_013140535.1             0.51%    passed     58.88%
  46  GCA_000332275.1             1.02%    passed     97.72%
  47  GCA_002355455.1             0.51%    passed     54.44%
  48  GCA_003851125.1             0.51%    passed     49.36%
  49  GCA_000024725.1             0.51%    passed     99.97%
  50  GCA_001644685.1            11.68%    passed     98.50%
  51  GCA_000740735.1             0.51%    passed     99.97%
  52  GCA_006385135.1             0.51%    passed     96.58%
  53  GCA_004684205.1             0.51%    passed     81.95%
  54  GCA_000934545.1             0.51%    passed     99.89%
  55  GCA_017879665.1             0.51%    passed     83.55%
  56  GCA_003015145.1             0.51%    failed      0.61%
  57  GCA_000469665.2             0.51%    failed      0.00%
  58  GCA_000013225.1             0.51%    passed     28.50%
  59  GCA_000014865.1             0.51%    passed     91.75%
  60  GCA_900107585.1             0.51%    passed     72.46%
  61  GCA_001904725.1             0.51%    passed     62.08%
  62  GCA_004421105.1             0.51%    passed     99.87%
  63  GCA_000379525.1             0.51%    passed     99.52%
  64  GCA_000317495.1             0.51%    passed     43.24%
  65  GCA_000317515.1             0.51%    passed     67.44%
  66  GCA_013141375.1             0.51%    passed     96.01%
  67  GCA_000332035.1             0.51%    passed     69.45%
  68  GCA_003534995.1             0.51%    passed     45.33%
  69  GCA_001828295.1             0.51%    passed     20.62%
  70  GCA_005524015.1             0.51%    passed     23.53%
  71  GCA_900119825.1             0.51%    passed     93.32%
  72  GCA_008189685.1             1.02%    failed      0.23%
  73  GCA_002924445.1             0.51%    passed     76.62%
  74  GCA_001747005.1             0.51%    passed     64.71%
  75  GCA_001772005.1             0.51%    passed     95.27%
  76  GCA_001469165.1             0.51%    passed     99.10%
  77  GCA_000380225.1             0.51%    passed     68.96%
  78  GCA_013140465.1             0.51%    passed     97.87%
  79  GCA_005877815.1             0.51%    passed     92.30%
  80  GCA_902500715.1             0.51%    passed     91.53%
  81  GCA_002109495.1             0.51%    passed     24.06%
  82  GCA_000952155.1             0.51%    passed     70.95%
  83  GCA_002072955.1             0.51%    passed     93.72%
  84  GCA_000346485.2             0.51%    passed     78.60%
  85  GCA_016788925.1            57.87%    passed     88.17%
  86  GCA_000760695.4             0.51%    passed     67.22%
  87  GCA_016592635.1             0.51%    passed     99.29%
  88  GCA_003551305.1             0.51%    passed      5.03%
  89  GCA_902810445.1             0.00%    passed     98.97%
  90  GCA_013697045.1             0.51%    passed     99.69%
  91  GCA_000828615.1             0.51%    passed     99.00%
  92  GCA_002007425.1             0.51%    passed     97.58%
  93  GCA_001890765.1             0.51%    passed     51.83%
  94  GCA_015709615.1             0.51%    passed     85.95%
  95  GCA_001458735.1             0.51%    passed     90.87%
  96  GCA_016708925.1             0.51%    passed     99.99%
  97  GCA_002868715.1             0.51%    passed    100.00%
  98  GCA_003644325.1             0.51%    passed     77.91%
  99  GCA_003532895.1             0.51%    passed     99.60%
 100  GCA_006496635.1             0.51%    passed     85.28%
 101  Symbiodinium_minutum        0.51%    passed     27.72%
 102  Arabidopsis_thaliana        0.51%    passed     42.62%
 103  Amphimedon_queenslandica    0.51%    passed     92.93%
 104  Spizellomyces_punctatus     0.51%    passed     27.96%
 105  Dictyostelium_discoideum    0.51%    passed     66.95%
 106  Paramecium_tetraurelia      0.51%    passed     52.17%
 107  Physcomitrella_patens       0.51%    passed     85.77%
 108  Phytophthora_infestans      1.52%    passed     46.88%
 109  Chondrus_crispus           11.68%    passed     53.46%
 110  Oxytricha_trifallax         0.51%    passed     14.15%
 111  Pleurotus_ostreatus         0.51%    passed     67.75%
 112  Oryza_sativa                0.51%    passed     66.44%
 113  Branchiostoma_floridae      0.51%    passed     79.08%
 114  Candida_albicans            1.02%    passed     13.22%
 115  Cyanidioschyzon_merolae     0.51%    passed     94.29%
 116  Andalucia_godoyi            0.51%    passed     37.86%
 117  Polysphondylium_pallidum    0.51%    passed     47.70%
 118  Ustilago_maydis             0.51%    passed     24.04%
 119  Homo_sapiens                0.51%    passed     30.12%
 120  Porphyra_umbilicalis        0.51%    passed     95.43%
 121  Gallus_gallus               0.51%    passed     41.49%
 122  Thalassiosira_pseudonana    0.51%    failed      1.84%
WARNING: 1 sequences contain more than 50% gaps/ambiguity
****  TOTAL                       1.18%  4 sequences failed composition chi2 test (p-value<5%; df=19)

Create initial parsimony tree by phylogenetic likelihood library (PLL)... 0.033 seconds
Generating 1000 samples for ultrafast bootstrap (seed: 998810)...

NOTE: 4 MB RAM (0 GB) is required!
Estimate model parameters (epsilon = 0.100)
1. Initial log-likelihood: -22696.529
Optimal log-likelihood: -22405.852
Parameters optimization took 1 rounds (0.064 sec)
Computing ML distances based on estimated model parameters... 1.328 sec
Computing BIONJ tree...
0.015 seconds
Log-likelihood of BIONJ tree: -22460.118
--------------------------------------------------------------------
|             INITIALIZING CANDIDATE TREE SET                      |
--------------------------------------------------------------------
Generating 98 parsimony trees... 3.185 second
Computing log-likelihood of 98 initial trees ... 3.544 seconds
Current best score: -22362.681

Do NNI search on 20 best initial trees
Estimate model parameters (epsilon = 0.100)
BETTER TREE FOUND at iteration 1: -22306.816
Iteration 10 / LogL: -22320.063 / Time: 0h:0m:13s
Iteration 20 / LogL: -22322.044 / Time: 0h:0m:19s
Finish initializing candidate tree set (20)
Current best tree score: -22306.816 / CPU time: 19.179
Number of iterations: 20
--------------------------------------------------------------------
|               OPTIMIZING CANDIDATE TREE SET                      |
--------------------------------------------------------------------
Estimate model parameters (epsilon = 0.100)
BETTER TREE FOUND at iteration 23: -22305.589
Estimate model parameters (epsilon = 0.100)
BETTER TREE FOUND at iteration 27: -22302.606
Iteration 30 / LogL: -22312.550 / Time: 0h:0m:25s (0h:1m:23s left)
Estimate model parameters (epsilon = 0.100)
BETTER TREE FOUND at iteration 36: -22300.753
Estimate model parameters (epsilon = 0.100)
BETTER TREE FOUND at iteration 38: -22299.966
Iteration 40 / LogL: -22304.640 / Time: 0h:0m:30s (0h:1m:15s left)
Iteration 50 / LogL: -22331.127 / Time: 0h:0m:34s (0h:1m:2s left)
Log-likelihood cutoff on original alignment: -22366.898
UFBoot trees printed to /mnt/ivy/thliao/project/AOB/analysis/20210713_repeat/add_Chromatiaces/phy_files/GnomezR19_prot/withEuk_refined/ATP5F1C.trimal.ufboot
Estimate model parameters (epsilon = 0.100)
BETTER TREE FOUND at iteration 57: -22298.927
Iteration 60 / LogL: -22307.010 / Time: 0h:0m:40s (0h:1m:7s left)
Iteration 70 / LogL: -22319.554 / Time: 0h:0m:45s (0h:0m:57s left)
Iteration 80 / LogL: -22302.119 / Time: 0h:0m:50s (0h:0m:49s left)
Estimate model parameters (epsilon = 0.100)
BETTER TREE FOUND at iteration 81: -22297.628
Iteration 90 / LogL: -22321.109 / Time: 0h:0m:55s (0h:0m:56s left)
Iteration 100 / LogL: -22306.800 / Time: 0h:0m:59s (0h:0m:48s left)
Log-likelihood cutoff on original alignment: -22354.493
NOTE: Bootstrap correlation coefficient of split occurrence frequencies: 0.996
UFBoot trees printed to /mnt/ivy/thliao/project/AOB/analysis/20210713_repeat/add_Chromatiaces/phy_files/GnomezR19_prot/withEuk_refined/ATP5F1C.trimal.ufboot
Iteration 110 / LogL: -22308.244 / Time: 0h:1m:5s (0h:0m:53s left)
Estimate model parameters (epsilon = 0.100)
BETTER TREE FOUND at iteration 112: -22297.595
Iteration 120 / LogL: -22307.519 / Time: 0h:1m:10s (0h:0m:54s left)
Iteration 130 / LogL: -22304.095 / Time: 0h:1m:14s (0h:0m:47s left)
Iteration 140 / LogL: -22302.832 / Time: 0h:1m:19s (0h:0m:41s left)
Iteration 150 / LogL: -22323.812 / Time: 0h:1m:25s (0h:0m:35s left)
Log-likelihood cutoff on original alignment: -22354.493
UFBoot trees printed to /mnt/ivy/thliao/project/AOB/analysis/20210713_repeat/add_Chromatiaces/phy_files/GnomezR19_prot/withEuk_refined/ATP5F1C.trimal.ufboot
Iteration 160 / LogL: -22303.168 / Time: 0h:1m:31s (0h:0m:29s left)
Iteration 170 / LogL: -22300.178 / Time: 0h:1m:36s (0h:0m:23s left)
Iteration 180 / LogL: -22302.501 / Time: 0h:1m:40s (0h:0m:18s left)
Iteration 190 / LogL: -22298.932 / Time: 0h:1m:45s (0h:0m:12s left)
Iteration 200 / LogL: -22308.699 / Time: 0h:1m:50s (0h:0m:6s left)
Log-likelihood cutoff on original alignment: -22354.493
NOTE: Bootstrap correlation coefficient of split occurrence frequencies: 0.998
UFBoot trees printed to /mnt/ivy/thliao/project/AOB/analysis/20210713_repeat/add_Chromatiaces/phy_files/GnomezR19_prot/withEuk_refined/ATP5F1C.trimal.ufboot
Iteration 210 / LogL: -22331.903 / Time: 0h:1m:56s (0h:0m:50s left)
TREE SEARCH COMPLETED AFTER 213 ITERATIONS / Time: 0h:1m:58s

--------------------------------------------------------------------
|                    FINALIZING TREE SEARCH                        |
--------------------------------------------------------------------
Performs final model parameters optimization
Estimate model parameters (epsilon = 0.010)
1. Initial log-likelihood: -22297.595
Optimal log-likelihood: -22297.595
Parameters optimization took 1 rounds (0.028 sec)
BEST SCORE FOUND : -22297.595
Creating bootstrap support values...
Split supports printed to NEXUS file /mnt/ivy/thliao/project/AOB/analysis/20210713_repeat/add_Chromatiaces/phy_files/GnomezR19_prot/withEuk_refined/ATP5F1C.trimal.splits.nex
Total tree length: 27.569

Total number of iterations: 213
CPU time used for tree search: 226.077 sec (0h:3m:46s)
Wall-clock time used for tree search: 117.328 sec (0h:1m:57s)
Total CPU time used: 228.564 sec (0h:3m:48s)
Total wall-clock time used: 118.747 sec (0h:1m:58s)
UFBoot trees printed to /mnt/ivy/thliao/project/AOB/analysis/20210713_repeat/add_Chromatiaces/phy_files/GnomezR19_prot/withEuk_refined/ATP5F1C.trimal.ufboot

Computing bootstrap consensus tree...
Reading input file /mnt/ivy/thliao/project/AOB/analysis/20210713_repeat/add_Chromatiaces/phy_files/GnomezR19_prot/withEuk_refined/ATP5F1C.trimal.splits.nex...
122 taxa and 778 splits.
Consensus tree written to /mnt/ivy/thliao/project/AOB/analysis/20210713_repeat/add_Chromatiaces/phy_files/GnomezR19_prot/withEuk_refined/ATP5F1C.trimal.contree
Reading input trees file /mnt/ivy/thliao/project/AOB/analysis/20210713_repeat/add_Chromatiaces/phy_files/GnomezR19_prot/withEuk_refined/ATP5F1C.trimal.contree
Log-likelihood of consensus tree: -22301.390

Analysis results written to: 
  IQ-TREE report:                /mnt/ivy/thliao/project/AOB/analysis/20210713_repeat/add_Chromatiaces/phy_files/GnomezR19_prot/withEuk_refined/ATP5F1C.trimal.iqtree
  Maximum-likelihood tree:       /mnt/ivy/thliao/project/AOB/analysis/20210713_repeat/add_Chromatiaces/phy_files/GnomezR19_prot/withEuk_refined/ATP5F1C.trimal.treefile
  Likelihood distances:          /mnt/ivy/thliao/project/AOB/analysis/20210713_repeat/add_Chromatiaces/phy_files/GnomezR19_prot/withEuk_refined/ATP5F1C.trimal.mldist

Ultrafast bootstrap approximation results written to:
  Split support values:          /mnt/ivy/thliao/project/AOB/analysis/20210713_repeat/add_Chromatiaces/phy_files/GnomezR19_prot/withEuk_refined/ATP5F1C.trimal.splits.nex
  Consensus tree:                /mnt/ivy/thliao/project/AOB/analysis/20210713_repeat/add_Chromatiaces/phy_files/GnomezR19_prot/withEuk_refined/ATP5F1C.trimal.contree
  UFBoot trees:                  /mnt/ivy/thliao/project/AOB/analysis/20210713_repeat/add_Chromatiaces/phy_files/GnomezR19_prot/withEuk_refined/ATP5F1C.trimal.ufboot
  Screen log file:               /mnt/ivy/thliao/project/AOB/analysis/20210713_repeat/add_Chromatiaces/phy_files/GnomezR19_prot/withEuk_refined/ATP5F1C.trimal.log

Date and Time: Tue May 30 01:01:05 2023
