IQ-TREE multicore version 1.6.12 for Linux 64-bit built Aug 15 2019
Developed by Bui Quang Minh, Nguyen Lam Tung, Olga Chernomor,
Heiko Schmidt, Dominik Schrempf, Michael Woodhams.

Host:    cl005 (AVX2, FMA3, 94 GB RAM)
Command: iqtree -nt 2 -m LG -redo -wbtl -bb 1000 -pre /mnt/ivy/thliao/project/AOB/analysis/20210713_repeat/add_Chromatiaces/phy_files/GnomezR19_prot/withEuk_refined/ENGA.trimal -s /mnt/ivy/thliao/project/AOB/analysis/20210713_repeat/add_Chromatiaces/phy_files/GnomezR19_prot/withEuk_refined/ENGA.trimal
Seed:    367754 (Using SPRNG - Scalable Parallel Random Number Generator)
Time:    Tue May 30 00:57:09 2023
Kernel:  AVX+FMA - 2 threads (64 CPU cores detected)

Reading alignment file /mnt/ivy/thliao/project/AOB/analysis/20210713_repeat/add_Chromatiaces/phy_files/GnomezR19_prot/withEuk_refined/ENGA.trimal ... Fasta format detected
Alignment most likely contains protein sequences
Alignment has 107 sequences with 370 columns, 363 distinct patterns
306 parsimony-informative, 26 singleton sites, 38 constant sites
                          Gap/Ambiguity  Composition  p-value
   1  GCA_001566965.1             4.32%    passed     94.00%
   2  GCA_003003885.1             4.32%    passed     22.95%
   3  GCA_002218085.1             4.32%    passed     33.79%
   4  GCA_000214665.1             4.32%    passed     91.07%
   5  GCA_902459485.1             4.32%    passed     85.59%
   6  GCA_007197755.1             4.32%    passed     90.64%
   7  GCA_001881495.1             3.78%    failed      1.09%
   8  GCA_014635705.1             4.32%    passed     95.98%
   9  GCA_007992375.1             4.32%    passed     99.18%
  10  GCA_004282745.1             4.32%    failed      3.65%
  11  GCA_003258315.1             4.59%    passed     44.78%
  12  GCA_000949635.1             4.32%    passed     17.63%
  13  GCA_016873455.1             4.32%    passed     86.90%
  14  GCA_013521015.1             4.05%    passed     94.28%
  15  GCA_001007875.1             4.32%    passed     99.76%
  16  GCA_003149345.1             4.05%    passed     73.19%
  17  GCA_003696005.1             4.32%    failed      0.00%
  18  GCA_000948975.1             4.32%    passed     84.83%
  19  GCA_015709635.1             4.32%    passed     81.67%
  20  GCA_009833095.1             4.32%    passed     59.42%
  21  GCA_900110495.1             4.05%    passed     99.11%
  22  GCA_000263335.1             4.32%    passed     99.84%
  23  GCA_000011385.1             3.78%    passed     83.39%
  24  GCA_004168365.1             4.32%    passed     89.77%
  25  GCA_002162035.1             4.32%    passed     99.51%
  26  GCA_001458695.1             4.32%    passed     67.46%
  27  GCA_003719295.1             4.32%    passed     73.65%
  28  GCA_000314005.1             4.32%    passed     68.91%
  29  GCA_002356115.1             4.32%    passed     34.65%
  30  GCA_002083815.1             4.32%    passed     53.22%
  31  GCA_000228725.3             4.32%    passed     85.54%
  32  GCA_014859375.1             4.32%    passed     85.60%
  33  GCA_000317575.1             4.32%    passed     68.05%
  34  GCA_001697225.1             4.32%    passed     85.90%
  35  GCA_000264455.2             4.32%    passed     19.19%
  36  GCA_000473895.1             4.32%    passed     65.30%
  37  GCA_001187785.1             4.32%    passed     63.26%
  38  GCA_003015105.1             4.32%    passed     70.85%
  39  GCA_000317535.1             4.32%    passed     66.77%
  40  GCA_010027455.1             4.32%    passed     85.69%
  41  GCA_003576955.1             4.32%    passed     59.26%
  42  GCF_004345375.1             4.32%    passed     58.06%
  43  GCA_013140535.1             4.32%    passed     89.88%
  44  GCA_000332275.1             4.32%    passed     26.80%
  45  GCA_002355455.1             4.32%    passed     63.03%
  46  GCA_003851125.1             4.32%    passed     98.81%
  47  GCA_000024725.1             4.32%    passed     87.09%
  48  GCA_001644685.1             4.32%    passed     94.15%
  49  GCA_000740735.1             4.32%    passed     88.27%
  50  GCA_006385135.1             4.32%    passed     23.93%
  51  GCA_004684205.1             4.32%    passed     63.36%
  52  GCA_000934545.1             4.32%    passed     99.52%
  53  GCA_001267195.1             4.32%    passed     99.61%
  54  GCA_017879665.1             4.32%    passed     92.83%
  55  GCA_001828535.1             4.32%    passed     14.63%
  56  GCA_000013225.1             4.32%    passed     53.54%
  57  GCA_000014865.1             4.32%    passed     36.62%
  58  GCA_900107585.1             4.32%    passed     27.71%
  59  GCA_001904725.1             4.32%    passed     56.00%
  60  GCA_004421105.1             4.32%    passed     88.80%
  61  GCA_000379525.1             4.32%    passed     60.23%
  62  GCA_000317495.1             4.32%    passed     49.36%
  63  GCA_000317515.1             4.32%    passed     81.67%
  64  GCA_013141375.1             4.32%    passed     97.73%
  65  GCA_000332035.1             4.32%    passed     40.05%
  66  GCA_003534995.1             4.32%    passed     58.53%
  67  GCA_001828295.1            38.92%    passed     17.37%
  68  GCA_005524015.1             4.32%    failed      2.47%
  69  GCA_900119825.1             4.32%    passed     89.40%
  70  GCA_002924445.1             4.32%    passed      7.47%
  71  GCA_001747005.1             4.32%    passed     61.51%
  72  GCA_001772005.1             4.32%    passed     99.12%
  73  GCA_001469165.1             4.32%    passed     69.87%
  74  GCA_000380225.1             4.32%    passed     44.55%
  75  GCA_013140465.1             4.32%    passed     88.88%
  76  GCA_005877815.1             4.32%    passed     92.28%
  77  GCA_902500715.1             4.32%    passed     98.60%
  78  GCA_002109495.1             4.32%    passed     60.90%
  79  GCA_002072955.1             4.32%    passed     94.59%
  80  GCA_000346485.2             4.32%    passed     77.75%
  81  GCA_016788925.1             4.32%    passed     96.98%
  82  GCA_000760695.4             4.32%    passed     72.09%
  83  GCA_016592635.1             4.32%    passed     88.13%
  84  GCA_003551305.1             4.32%    passed     77.05%
  85  GCA_902810445.1             4.32%    passed     67.87%
  86  GCA_001803795.1             4.32%    passed     23.49%
  87  GCA_013697045.1             4.32%    failed      2.60%
  88  GCA_000828615.1             4.32%    passed     94.29%
  89  GCA_002007425.1             4.32%    passed     73.40%
  90  GCA_001890765.1             4.32%    passed     32.70%
  91  GCA_015709615.1             4.32%    passed     87.66%
  92  GCA_001458735.1             4.32%    passed     91.68%
  93  GCA_016708925.1             4.32%    passed     97.27%
  94  GCA_002868715.1             4.32%    passed     64.68%
  95  GCA_011090395.1             4.32%    passed     65.88%
  96  GCA_018655245.1             4.05%    passed     97.61%
  97  GCA_003644325.1             4.32%    passed     78.97%
  98  GCA_006496635.1             4.32%    passed     53.47%
  99  Arabidopsis_thaliana        4.05%    passed      8.83%
 100  Paramecium_tetraurelia      4.05%    failed      0.00%
 101  Phytophthora_infestans      5.95%    passed     94.98%
 102  Oxytricha_trifallax         4.32%    failed      0.01%
 103  Cyanidioschyzon_merolae     3.51%    failed      0.06%
 104  Andalucia_godoyi            6.22%    passed     34.80%
 105  Cyanophora_paradoxa         4.32%    passed     15.77%
 106  Thalassiosira_pseudonana   15.68%    passed     10.67%
 107  Porphyra_umbilicalis        4.32%    failed      0.00%
****  TOTAL                       4.76%  9 sequences failed composition chi2 test (p-value<5%; df=19)

Create initial parsimony tree by phylogenetic likelihood library (PLL)... 0.039 seconds
Generating 1000 samples for ultrafast bootstrap (seed: 367754)...

NOTE: 7 MB RAM (0 GB) is required!
Estimate model parameters (epsilon = 0.100)
1. Initial log-likelihood: -39100.494
Optimal log-likelihood: -38688.951
Parameters optimization took 1 rounds (0.093 sec)
Computing ML distances based on estimated model parameters... 1.227 sec
Computing BIONJ tree...
0.012 seconds
Log-likelihood of BIONJ tree: -38750.852
--------------------------------------------------------------------
|             INITIALIZING CANDIDATE TREE SET                      |
--------------------------------------------------------------------
Generating 98 parsimony trees... 3.406 second
Computing log-likelihood of 98 initial trees ... 4.899 seconds
Current best score: -38669.636

Do NNI search on 20 best initial trees
Estimate model parameters (epsilon = 0.100)
BETTER TREE FOUND at iteration 1: -38590.249
Estimate model parameters (epsilon = 0.100)
BETTER TREE FOUND at iteration 8: -38590.220
Iteration 10 / LogL: -38609.336 / Time: 0h:0m:15s
Estimate model parameters (epsilon = 0.100)
BETTER TREE FOUND at iteration 11: -38589.676
Estimate model parameters (epsilon = 0.100)
BETTER TREE FOUND at iteration 14: -38583.546
Estimate model parameters (epsilon = 0.100)
BETTER TREE FOUND at iteration 19: -38582.342
Iteration 20 / LogL: -38593.690 / Time: 0h:0m:21s
Finish initializing candidate tree set (20)
Current best tree score: -38582.342 / CPU time: 21.159
Number of iterations: 20
--------------------------------------------------------------------
|               OPTIMIZING CANDIDATE TREE SET                      |
--------------------------------------------------------------------
Estimate model parameters (epsilon = 0.100)
BETTER TREE FOUND at iteration 23: -38564.522
Iteration 30 / LogL: -38567.828 / Time: 0h:0m:28s (0h:1m:29s left)
Estimate model parameters (epsilon = 0.100)
BETTER TREE FOUND at iteration 35: -38561.788
Iteration 40 / LogL: -38562.378 / Time: 0h:0m:34s (0h:1m:23s left)
Estimate model parameters (epsilon = 0.100)
BETTER TREE FOUND at iteration 50: -38561.272
Iteration 50 / LogL: -38561.272 / Time: 0h:0m:39s (0h:1m:20s left)
Log-likelihood cutoff on original alignment: -38656.162
UFBoot trees printed to /mnt/ivy/thliao/project/AOB/analysis/20210713_repeat/add_Chromatiaces/phy_files/GnomezR19_prot/withEuk_refined/ENGA.trimal.ufboot
Iteration 60 / LogL: -38564.273 / Time: 0h:0m:46s (0h:1m:10s left)
Iteration 70 / LogL: -38564.349 / Time: 0h:0m:52s (0h:1m:0s left)
Iteration 80 / LogL: -38570.067 / Time: 0h:0m:57s (0h:0m:51s left)
Estimate model parameters (epsilon = 0.100)
BETTER TREE FOUND at iteration 84: -38561.076
Iteration 90 / LogL: -38573.942 / Time: 0h:1m:3s (0h:1m:6s left)
Iteration 100 / LogL: -38571.426 / Time: 0h:1m:9s (0h:0m:58s left)
Log-likelihood cutoff on original alignment: -38656.162
NOTE: Bootstrap correlation coefficient of split occurrence frequencies: 0.996
UFBoot trees printed to /mnt/ivy/thliao/project/AOB/analysis/20210713_repeat/add_Chromatiaces/phy_files/GnomezR19_prot/withEuk_refined/ENGA.trimal.ufboot
Iteration 110 / LogL: -38565.681 / Time: 0h:1m:15s (0h:1m:2s left)
Iteration 120 / LogL: -38561.336 / Time: 0h:1m:21s (0h:0m:54s left)
Iteration 130 / LogL: -38563.326 / Time: 0h:1m:27s (0h:0m:47s left)
Iteration 140 / LogL: -38605.764 / Time: 0h:1m:33s (0h:0m:40s left)
Iteration 150 / LogL: -38561.153 / Time: 0h:1m:39s (0h:0m:33s left)
Log-likelihood cutoff on original alignment: -38656.162
UFBoot trees printed to /mnt/ivy/thliao/project/AOB/analysis/20210713_repeat/add_Chromatiaces/phy_files/GnomezR19_prot/withEuk_refined/ENGA.trimal.ufboot
Iteration 160 / LogL: -38561.279 / Time: 0h:1m:46s (0h:0m:26s left)
Estimate model parameters (epsilon = 0.100)
BETTER TREE FOUND at iteration 169: -38560.844
Iteration 170 / LogL: -38569.625 / Time: 0h:1m:52s (0h:1m:5s left)
Iteration 180 / LogL: -38618.737 / Time: 0h:1m:58s (0h:0m:58s left)
Iteration 190 / LogL: -38563.193 / Time: 0h:2m:4s (0h:0m:51s left)
Iteration 200 / LogL: -38561.935 / Time: 0h:2m:10s (0h:0m:45s left)
Log-likelihood cutoff on original alignment: -38644.042
NOTE: Bootstrap correlation coefficient of split occurrence frequencies: 0.998
UFBoot trees printed to /mnt/ivy/thliao/project/AOB/analysis/20210713_repeat/add_Chromatiaces/phy_files/GnomezR19_prot/withEuk_refined/ENGA.trimal.ufboot
Iteration 210 / LogL: -38562.683 / Time: 0h:2m:16s (0h:0m:58s left)
Iteration 220 / LogL: -38562.291 / Time: 0h:2m:22s (0h:0m:52s left)
Iteration 230 / LogL: -38567.506 / Time: 0h:2m:28s (0h:0m:45s left)
Iteration 240 / LogL: -38567.864 / Time: 0h:2m:34s (0h:0m:38s left)
Iteration 250 / LogL: -38618.834 / Time: 0h:2m:39s (0h:0m:32s left)
Log-likelihood cutoff on original alignment: -38636.970
UFBoot trees printed to /mnt/ivy/thliao/project/AOB/analysis/20210713_repeat/add_Chromatiaces/phy_files/GnomezR19_prot/withEuk_refined/ENGA.trimal.ufboot
Iteration 260 / LogL: -38561.054 / Time: 0h:2m:46s (0h:0m:25s left)
Iteration 270 / LogL: -38567.631 / Time: 0h:2m:52s (0h:0m:19s left)
TREE SEARCH COMPLETED AFTER 270 ITERATIONS / Time: 0h:2m:52s

--------------------------------------------------------------------
|                    FINALIZING TREE SEARCH                        |
--------------------------------------------------------------------
Performs final model parameters optimization
Estimate model parameters (epsilon = 0.010)
1. Initial log-likelihood: -38560.844
Optimal log-likelihood: -38560.844
Parameters optimization took 1 rounds (0.041 sec)
BEST SCORE FOUND : -38560.844
Creating bootstrap support values...
Split supports printed to NEXUS file /mnt/ivy/thliao/project/AOB/analysis/20210713_repeat/add_Chromatiaces/phy_files/GnomezR19_prot/withEuk_refined/ENGA.trimal.splits.nex
Total tree length: 28.352

Total number of iterations: 270
CPU time used for tree search: 333.422 sec (0h:5m:33s)
Wall-clock time used for tree search: 171.353 sec (0h:2m:51s)
Total CPU time used: 335.880 sec (0h:5m:35s)
Total wall-clock time used: 172.730 sec (0h:2m:52s)
UFBoot trees printed to /mnt/ivy/thliao/project/AOB/analysis/20210713_repeat/add_Chromatiaces/phy_files/GnomezR19_prot/withEuk_refined/ENGA.trimal.ufboot

Computing bootstrap consensus tree...
Reading input file /mnt/ivy/thliao/project/AOB/analysis/20210713_repeat/add_Chromatiaces/phy_files/GnomezR19_prot/withEuk_refined/ENGA.trimal.splits.nex...
107 taxa and 615 splits.
Consensus tree written to /mnt/ivy/thliao/project/AOB/analysis/20210713_repeat/add_Chromatiaces/phy_files/GnomezR19_prot/withEuk_refined/ENGA.trimal.contree
Reading input trees file /mnt/ivy/thliao/project/AOB/analysis/20210713_repeat/add_Chromatiaces/phy_files/GnomezR19_prot/withEuk_refined/ENGA.trimal.contree
Log-likelihood of consensus tree: -38561.995

Analysis results written to: 
  IQ-TREE report:                /mnt/ivy/thliao/project/AOB/analysis/20210713_repeat/add_Chromatiaces/phy_files/GnomezR19_prot/withEuk_refined/ENGA.trimal.iqtree
  Maximum-likelihood tree:       /mnt/ivy/thliao/project/AOB/analysis/20210713_repeat/add_Chromatiaces/phy_files/GnomezR19_prot/withEuk_refined/ENGA.trimal.treefile
  Likelihood distances:          /mnt/ivy/thliao/project/AOB/analysis/20210713_repeat/add_Chromatiaces/phy_files/GnomezR19_prot/withEuk_refined/ENGA.trimal.mldist

Ultrafast bootstrap approximation results written to:
  Split support values:          /mnt/ivy/thliao/project/AOB/analysis/20210713_repeat/add_Chromatiaces/phy_files/GnomezR19_prot/withEuk_refined/ENGA.trimal.splits.nex
  Consensus tree:                /mnt/ivy/thliao/project/AOB/analysis/20210713_repeat/add_Chromatiaces/phy_files/GnomezR19_prot/withEuk_refined/ENGA.trimal.contree
  UFBoot trees:                  /mnt/ivy/thliao/project/AOB/analysis/20210713_repeat/add_Chromatiaces/phy_files/GnomezR19_prot/withEuk_refined/ENGA.trimal.ufboot
  Screen log file:               /mnt/ivy/thliao/project/AOB/analysis/20210713_repeat/add_Chromatiaces/phy_files/GnomezR19_prot/withEuk_refined/ENGA.trimal.log

Date and Time: Tue May 30 01:00:03 2023
