IQ-TREE multicore version 1.6.12 for Linux 64-bit built Aug 15 2019
Developed by Bui Quang Minh, Nguyen Lam Tung, Olga Chernomor,
Heiko Schmidt, Dominik Schrempf, Michael Woodhams.

Host:    cl005 (AVX2, FMA3, 94 GB RAM)
Command: iqtree -nt 2 -m LG -redo -wbtl -bb 1000 -pre /mnt/ivy/thliao/project/AOB/analysis/20210713_repeat/add_Chromatiaces/phy_files/GnomezR19_prot/withEuk_refined/HSPD1.trimal -s /mnt/ivy/thliao/project/AOB/analysis/20210713_repeat/add_Chromatiaces/phy_files/GnomezR19_prot/withEuk_refined/HSPD1.trimal
Seed:    508656 (Using SPRNG - Scalable Parallel Random Number Generator)
Time:    Tue May 30 01:00:03 2023
Kernel:  AVX+FMA - 2 threads (64 CPU cores detected)

Reading alignment file /mnt/ivy/thliao/project/AOB/analysis/20210713_repeat/add_Chromatiaces/phy_files/GnomezR19_prot/withEuk_refined/HSPD1.trimal ... Fasta format detected
Alignment most likely contains protein sequences
Alignment has 126 sequences with 526 columns, 501 distinct patterns
449 parsimony-informative, 25 singleton sites, 52 constant sites
                          Gap/Ambiguity  Composition  p-value
   1  GCA_001566965.1             0.19%    passed     93.52%
   2  GCA_003003885.1             0.00%    passed     92.25%
   3  GCA_002218085.1             0.00%    passed     76.45%
   4  GCA_000214665.1             0.00%    passed     93.45%
   5  GCA_016207025.1             0.00%    passed     97.31%
   6  GCA_902459485.1             0.00%    passed     98.06%
   7  GCA_007197755.1             0.00%    passed     98.99%
   8  GCA_001881495.1             0.00%    passed     90.59%
   9  GCA_014635705.1             0.19%    passed     99.28%
  10  GCA_007992375.1             0.00%    passed     99.74%
  11  GCA_004282745.1             0.00%    passed     98.75%
  12  GCA_003258315.1             0.19%    passed     92.96%
  13  GCA_000949635.1             0.00%    passed     48.21%
  14  GCA_016873455.1             0.00%    passed     91.61%
  15  GCA_013521015.1            56.27%    passed     99.08%
  16  GCA_001007875.1             0.00%    passed     99.84%
  17  GCA_003149345.1             0.00%    passed     96.54%
  18  GCA_000948975.1             0.00%    passed     99.67%
  19  GCA_015709635.1             0.00%    passed     99.97%
  20  GCA_001828545.1             0.19%    passed     95.37%
  21  GCA_009833095.1             0.00%    passed     99.99%
  22  GCA_900110495.1             0.19%    passed     65.10%
  23  GCA_000263335.1             0.00%    passed     99.47%
  24  GCA_000011385.1             0.19%    passed     97.91%
  25  GCA_004168365.1             0.00%    passed     99.81%
  26  GCA_002162035.1             0.00%    passed     99.98%
  27  GCA_001458695.1             0.00%    passed     93.02%
  28  GCA_003719295.1             0.00%    passed     88.98%
  29  GCA_000314005.1             0.00%    passed     90.19%
  30  GCA_002356115.1             0.00%    passed     99.29%
  31  GCA_002083815.1             0.00%    passed     99.66%
  32  GCA_000228725.3             0.00%    passed     95.12%
  33  GCA_014859375.1             0.00%    passed     92.32%
  34  GCA_004195045.1             0.00%    passed     97.54%
  35  GCA_000317575.1             0.19%    passed     97.10%
  36  GCA_001697225.1             0.00%    passed     99.79%
  37  GCA_000264455.2             0.00%    passed     89.42%
  38  GCA_000473895.1             0.19%    passed     99.47%
  39  GCA_001187785.1             0.00%    passed     99.95%
  40  GCA_003015105.1             0.00%    passed     94.36%
  41  GCA_000317535.1             0.00%    passed     45.43%
  42  GCA_010027455.1            58.94%    passed     71.36%
  43  GCA_003576955.1             0.00%    passed     98.29%
  44  GCF_004345375.1             2.66%    passed     99.97%
  45  GCA_013140535.1             0.00%    passed     98.19%
  46  GCA_000332275.1             0.00%    passed     84.26%
  47  GCA_002355455.1             0.19%    passed     95.97%
  48  GCA_003851125.1             0.00%    passed     99.18%
  49  GCA_000024725.1             0.00%    passed     99.16%
  50  GCA_001644685.1             0.19%    passed    100.00%
  51  GCA_000740735.1             0.00%    passed     99.58%
  52  GCA_006385135.1             0.00%    passed     99.60%
  53  GCA_004684205.1             0.00%    passed     96.19%
  54  GCA_000934545.1             0.19%    passed    100.00%
  55  GCA_001267195.1             0.00%    passed     99.15%
  56  GCA_017879665.1             0.00%    passed     98.37%
  57  GCA_003015145.1             0.00%    passed     83.26%
  58  GCA_001828535.1             0.00%    passed     58.60%
  59  GCA_000013225.1             0.00%    passed     82.39%
  60  GCA_000014865.1             0.00%    passed     71.57%
  61  GCA_900107585.1             0.00%    passed     95.96%
  62  GCA_001904725.1             0.00%    passed     90.85%
  63  GCA_004421105.1             0.00%    passed     99.38%
  64  GCA_000379525.1             0.00%    passed     96.81%
  65  GCA_000317495.1             0.19%    passed     91.34%
  66  GCA_000317515.1             0.00%    passed     86.20%
  67  GCA_013141375.1             0.00%    passed     99.91%
  68  GCA_000332035.1             0.00%    passed     80.04%
  69  GCA_001828295.1             0.00%    passed     73.74%
  70  GCA_005524015.1             0.00%    passed     89.61%
  71  GCA_900119825.1             0.00%    passed    100.00%
  72  GCA_008189685.1             0.00%    passed     98.94%
  73  GCA_002924445.1             0.00%    passed     99.94%
  74  GCA_001747005.1             0.00%    passed     95.59%
  75  GCA_001772005.1             6.46%    passed     99.45%
  76  GCA_001469165.1             0.00%    passed     99.46%
  77  GCA_000380225.1             0.19%    passed     99.76%
  78  GCA_013140465.1             0.00%    passed     99.96%
  79  GCA_005877815.1             0.00%    passed    100.00%
  80  GCA_902500715.1            74.33%    passed     81.92%
  81  GCA_002109495.1             0.00%    passed     96.93%
  82  GCA_000952155.1             0.00%    passed     98.41%
  83  GCA_002072955.1             0.00%    passed     97.50%
  84  GCA_000346485.2             0.00%    passed     92.17%
  85  GCA_000760695.4             0.00%    passed     78.21%
  86  GCA_016592635.1             0.00%    passed     91.45%
  87  GCA_003551305.1             0.00%    passed     91.59%
  88  GCA_902810445.1             0.00%    passed     96.84%
  89  GCA_001803795.1             0.00%    passed     99.93%
  90  GCA_013697045.1             0.00%    passed     99.53%
  91  GCA_000828615.1             0.00%    passed     91.61%
  92  GCA_002007425.1             0.00%    passed     99.95%
  93  GCA_001890765.1             0.19%    passed     97.63%
  94  GCA_015709615.1             0.00%    passed     99.98%
  95  GCA_001458735.1             0.00%    passed     96.41%
  96  GCA_016708925.1             0.00%    passed     99.12%
  97  GCA_002868715.1             0.00%    passed     89.98%
  98  GCA_018655245.1             0.00%    passed     99.97%
  99  GCA_003644325.1             0.00%    passed     87.22%
 100  GCA_003532895.1             9.89%    passed     78.63%
 101  GCA_006496635.1             0.00%    passed     99.98%
 102  Symbiodinium_minutum        0.19%    passed     94.65%
 103  Arabidopsis_thaliana        0.00%    passed     95.41%
 104  Amphimedon_queenslandica    0.00%    passed     49.02%
 105  Ostreococcus_tauri          0.19%    passed     97.13%
 106  Spizellomyces_punctatus     0.00%    passed     87.66%
 107  Dictyostelium_discoideum    0.00%    passed     35.50%
 108  Paramecium_tetraurelia      0.00%    passed      5.92%
 109  Physcomitrella_patens       0.00%    passed     99.09%
 110  Phytophthora_infestans      0.00%    passed     89.20%
 111  Chondrus_crispus            0.00%    passed     46.77%
 112  Oxytricha_trifallax         0.00%    passed     16.29%
 113  Pleurotus_ostreatus         0.00%    passed     28.01%
 114  Oryza_sativa                0.00%    passed     98.96%
 115  Polysphondylium_pallidum    0.00%    passed     93.02%
 116  Branchiostoma_floridae      0.00%    passed     43.49%
 117  Candida_albicans            0.00%    passed     17.95%
 118  Cyanidioschyzon_merolae     0.00%    passed     92.57%
 119  Andalucia_godoyi            0.00%    passed     96.43%
 120  Cyanophora_paradoxa         0.00%    passed     99.24%
 121  Acanthamoeba_castellanii    0.00%    failed      4.63%
 122  Ustilago_maydis             0.00%    passed     68.33%
 123  Homo_sapiens                0.00%    passed     93.45%
 124  Thalassiosira_pseudonana    0.00%    passed     21.09%
 125  Porphyra_umbilicalis        0.00%    passed     84.19%
 126  Gallus_gallus               0.00%    passed     96.82%
WARNING: 3 sequences contain more than 50% gaps/ambiguity
****  TOTAL                       1.68%  1 sequences failed composition chi2 test (p-value<5%; df=19)

Create initial parsimony tree by phylogenetic likelihood library (PLL)... 0.050 seconds
Generating 1000 samples for ultrafast bootstrap (seed: 508656)...

NOTE: 12 MB RAM (0 GB) is required!
Estimate model parameters (epsilon = 0.100)
1. Initial log-likelihood: -48832.942
Optimal log-likelihood: -48179.613
Parameters optimization took 1 rounds (0.144 sec)
Computing ML distances based on estimated model parameters... 1.459 sec
Computing BIONJ tree...
0.017 seconds
Log-likelihood of BIONJ tree: -48197.931
--------------------------------------------------------------------
|             INITIALIZING CANDIDATE TREE SET                      |
--------------------------------------------------------------------
Generating 98 parsimony trees... 4.912 second
Computing log-likelihood of 98 initial trees ... 7.671 seconds
Current best score: -48116.041

Do NNI search on 20 best initial trees
Estimate model parameters (epsilon = 0.100)
BETTER TREE FOUND at iteration 1: -48051.541
Iteration 10 / LogL: -48088.969 / Time: 0h:0m:21s
Iteration 20 / LogL: -48072.926 / Time: 0h:0m:30s
Finish initializing candidate tree set (20)
Current best tree score: -48051.541 / CPU time: 29.513
Number of iterations: 20
--------------------------------------------------------------------
|               OPTIMIZING CANDIDATE TREE SET                      |
--------------------------------------------------------------------
Estimate model parameters (epsilon = 0.100)
BETTER TREE FOUND at iteration 21: -48049.060
Iteration 30 / LogL: -48053.367 / Time: 0h:0m:39s (0h:2m:5s left)
Estimate model parameters (epsilon = 0.100)
BETTER TREE FOUND at iteration 34: -48045.130
Iteration 40 / LogL: -48045.392 / Time: 0h:0m:48s (0h:1m:57s left)
Estimate model parameters (epsilon = 0.100)
BETTER TREE FOUND at iteration 44: -48042.997
Iteration 50 / LogL: -48051.560 / Time: 0h:0m:58s (0h:1m:51s left)
Log-likelihood cutoff on original alignment: -48158.906
UFBoot trees printed to /mnt/ivy/thliao/project/AOB/analysis/20210713_repeat/add_Chromatiaces/phy_files/GnomezR19_prot/withEuk_refined/HSPD1.trimal.ufboot
Estimate model parameters (epsilon = 0.100)
BETTER TREE FOUND at iteration 52: -48042.476
Estimate model parameters (epsilon = 0.100)
BETTER TREE FOUND at iteration 54: -48037.810
Estimate model parameters (epsilon = 0.100)
BETTER TREE FOUND at iteration 55: -48036.850
Iteration 60 / LogL: -48048.202 / Time: 0h:1m:9s (0h:1m:51s left)
Estimate model parameters (epsilon = 0.100)
BETTER TREE FOUND at iteration 61: -48036.765
Estimate model parameters (epsilon = 0.100)
BETTER TREE FOUND at iteration 65: -48036.704
Iteration 70 / LogL: -48050.753 / Time: 0h:1m:18s (0h:1m:47s left)
Estimate model parameters (epsilon = 0.100)
BETTER TREE FOUND at iteration 71: -48036.592
Iteration 80 / LogL: -48040.330 / Time: 0h:1m:26s (0h:1m:39s left)
Estimate model parameters (epsilon = 0.100)
BETTER TREE FOUND at iteration 86: -48036.247
Estimate model parameters (epsilon = 0.100)
BETTER TREE FOUND at iteration 88: -48036.125
Iteration 90 / LogL: -48037.100 / Time: 0h:1m:36s (0h:1m:46s left)
Iteration 100 / LogL: -48044.638 / Time: 0h:1m:45s (0h:1m:33s left)
Log-likelihood cutoff on original alignment: -48158.906
NOTE: Bootstrap correlation coefficient of split occurrence frequencies: 0.987
NOTE: UFBoot does not converge, continue at least 100 more iterations
UFBoot trees printed to /mnt/ivy/thliao/project/AOB/analysis/20210713_repeat/add_Chromatiaces/phy_files/GnomezR19_prot/withEuk_refined/HSPD1.trimal.ufboot
Iteration 110 / LogL: -48040.082 / Time: 0h:1m:55s (0h:1m:35s left)
Iteration 120 / LogL: -48036.853 / Time: 0h:2m:4s (0h:1m:23s left)
Iteration 130 / LogL: -48042.024 / Time: 0h:2m:14s (0h:1m:12s left)
Estimate model parameters (epsilon = 0.100)
BETTER TREE FOUND at iteration 133: -48035.800
Iteration 140 / LogL: -48036.860 / Time: 0h:2m:23s (0h:1m:35s left)
Estimate model parameters (epsilon = 0.100)
BETTER TREE FOUND at iteration 146: -48035.132
Iteration 150 / LogL: -48036.625 / Time: 0h:2m:33s (0h:1m:38s left)
Log-likelihood cutoff on original alignment: -48158.906
UFBoot trees printed to /mnt/ivy/thliao/project/AOB/analysis/20210713_repeat/add_Chromatiaces/phy_files/GnomezR19_prot/withEuk_refined/HSPD1.trimal.ufboot
Iteration 160 / LogL: -48043.958 / Time: 0h:2m:43s (0h:1m:28s left)
Iteration 170 / LogL: -48039.600 / Time: 0h:2m:52s (0h:1m:17s left)
Iteration 180 / LogL: -48037.177 / Time: 0h:3m:1s (0h:1m:6s left)
Iteration 190 / LogL: -48040.855 / Time: 0h:3m:10s (0h:0m:56s left)
Iteration 200 / LogL: -48051.938 / Time: 0h:3m:20s (0h:0m:46s left)
Log-likelihood cutoff on original alignment: -48158.906
NOTE: Bootstrap correlation coefficient of split occurrence frequencies: 0.998
UFBoot trees printed to /mnt/ivy/thliao/project/AOB/analysis/20210713_repeat/add_Chromatiaces/phy_files/GnomezR19_prot/withEuk_refined/HSPD1.trimal.ufboot
Iteration 210 / LogL: -48095.532 / Time: 0h:3m:31s (0h:1m:30s left)
Iteration 220 / LogL: -48036.999 / Time: 0h:3m:40s (0h:1m:20s left)
Iteration 230 / LogL: -48043.485 / Time: 0h:3m:49s (0h:1m:10s left)
Iteration 240 / LogL: -48037.433 / Time: 0h:3m:58s (0h:0m:59s left)
TREE SEARCH COMPLETED AFTER 247 ITERATIONS / Time: 0h:4m:6s

--------------------------------------------------------------------
|                    FINALIZING TREE SEARCH                        |
--------------------------------------------------------------------
Performs final model parameters optimization
Estimate model parameters (epsilon = 0.010)
1. Initial log-likelihood: -48035.132
Optimal log-likelihood: -48035.132
Parameters optimization took 1 rounds (0.067 sec)
BEST SCORE FOUND : -48035.132
Creating bootstrap support values...
Split supports printed to NEXUS file /mnt/ivy/thliao/project/AOB/analysis/20210713_repeat/add_Chromatiaces/phy_files/GnomezR19_prot/withEuk_refined/HSPD1.trimal.splits.nex
Total tree length: 19.091

Total number of iterations: 247
CPU time used for tree search: 477.466 sec (0h:7m:57s)
Wall-clock time used for tree search: 244.837 sec (0h:4m:4s)
Total CPU time used: 480.624 sec (0h:8m:0s)
Total wall-clock time used: 246.617 sec (0h:4m:6s)
UFBoot trees printed to /mnt/ivy/thliao/project/AOB/analysis/20210713_repeat/add_Chromatiaces/phy_files/GnomezR19_prot/withEuk_refined/HSPD1.trimal.ufboot

Computing bootstrap consensus tree...
Reading input file /mnt/ivy/thliao/project/AOB/analysis/20210713_repeat/add_Chromatiaces/phy_files/GnomezR19_prot/withEuk_refined/HSPD1.trimal.splits.nex...
126 taxa and 704 splits.
Consensus tree written to /mnt/ivy/thliao/project/AOB/analysis/20210713_repeat/add_Chromatiaces/phy_files/GnomezR19_prot/withEuk_refined/HSPD1.trimal.contree
Reading input trees file /mnt/ivy/thliao/project/AOB/analysis/20210713_repeat/add_Chromatiaces/phy_files/GnomezR19_prot/withEuk_refined/HSPD1.trimal.contree
Log-likelihood of consensus tree: -48036.850

Analysis results written to: 
  IQ-TREE report:                /mnt/ivy/thliao/project/AOB/analysis/20210713_repeat/add_Chromatiaces/phy_files/GnomezR19_prot/withEuk_refined/HSPD1.trimal.iqtree
  Maximum-likelihood tree:       /mnt/ivy/thliao/project/AOB/analysis/20210713_repeat/add_Chromatiaces/phy_files/GnomezR19_prot/withEuk_refined/HSPD1.trimal.treefile
  Likelihood distances:          /mnt/ivy/thliao/project/AOB/analysis/20210713_repeat/add_Chromatiaces/phy_files/GnomezR19_prot/withEuk_refined/HSPD1.trimal.mldist

Ultrafast bootstrap approximation results written to:
  Split support values:          /mnt/ivy/thliao/project/AOB/analysis/20210713_repeat/add_Chromatiaces/phy_files/GnomezR19_prot/withEuk_refined/HSPD1.trimal.splits.nex
  Consensus tree:                /mnt/ivy/thliao/project/AOB/analysis/20210713_repeat/add_Chromatiaces/phy_files/GnomezR19_prot/withEuk_refined/HSPD1.trimal.contree
  UFBoot trees:                  /mnt/ivy/thliao/project/AOB/analysis/20210713_repeat/add_Chromatiaces/phy_files/GnomezR19_prot/withEuk_refined/HSPD1.trimal.ufboot
  Screen log file:               /mnt/ivy/thliao/project/AOB/analysis/20210713_repeat/add_Chromatiaces/phy_files/GnomezR19_prot/withEuk_refined/HSPD1.trimal.log

Date and Time: Tue May 30 01:04:11 2023
