IQ-TREE multicore version 1.6.12 for Linux 64-bit built Aug 15 2019
Developed by Bui Quang Minh, Nguyen Lam Tung, Olga Chernomor,
Heiko Schmidt, Dominik Schrempf, Michael Woodhams.

Host:    cl006 (AVX512, FMA3, 125 GB RAM)
Command: iqtree -nt 2 -m LG -redo -wbtl -bb 1000 -pre /mnt/ivy/thliao/project/AOB/analysis/20210713_repeat/add_Chromatiaces/phy_files/mitoR24_prot/withEuk/MitoCOG0012 -s /mnt/ivy/thliao/project/AOB/analysis/20210713_repeat/add_Chromatiaces/phy_files/mitoR24_prot/withEuk/MitoCOG0012.aln
Seed:    295239 (Using SPRNG - Scalable Parallel Random Number Generator)
Time:    Mon Dec 12 10:20:22 2022
Kernel:  AVX+FMA - 2 threads (64 CPU cores detected)

Reading alignment file /mnt/ivy/thliao/project/AOB/analysis/20210713_repeat/add_Chromatiaces/phy_files/mitoR24_prot/withEuk/MitoCOG0012.aln ... Fasta format detected
Alignment most likely contains protein sequences
Alignment has 101 sequences with 604 columns, 517 distinct patterns
367 parsimony-informative, 69 singleton sites, 168 constant sites
                           Gap/Ambiguity  Composition  p-value
   1  GCA_001881495.1             43.38%    passed     89.10%
   2  GCA_001697225.1             41.72%    passed     77.13%
   3  GCA_001904725.1             38.41%    passed     98.96%
   4  GCA_002007425.1             42.22%    passed     76.30%
   5  GCA_000332035.1             38.41%    passed     61.01%
   6  GCA_016207025.1             41.06%    passed     99.87%
   7  GCA_000024725.1             44.37%    passed     94.25%
   8  GCA_004421105.1             44.37%    passed     94.13%
   9  GCA_014635705.1             40.89%    passed     43.14%
  10  GCA_000380225.1             38.41%    passed     61.91%
  11  GCA_000011385.1             32.62%    passed     85.49%
  12  GCA_000317535.1             38.41%    passed     88.02%
  13  GCA_010027455.1             40.40%    passed     34.87%
  14  GCA_013521015.1             39.40%    passed     98.38%
  15  GCA_000314005.1             38.41%    passed     52.05%
  16  GCA_000760695.4             38.41%    passed     97.04%
  17  GCA_001828545.1             44.04%    passed     72.59%
  18  GCA_011090395.1             47.35%    passed     78.33%
  19  GCA_009833095.1             39.57%    passed     98.36%
  20  GCA_015709615.1             39.57%    passed     90.33%
  21  GCA_000948975.1             46.52%    passed     91.67%
  22  GCA_000740735.1             43.05%    passed     93.99%
  23  GCA_003015105.1             38.41%    passed     80.84%
  24  GCA_015709635.1             39.57%    passed     91.31%
  25  GCA_900110495.1             39.40%    passed     97.67%
  26  GCA_006496635.1             42.22%    passed     92.45%
  27  GCA_000473895.1             38.41%    passed     73.79%
  28  GCA_016708925.1             44.21%    passed     69.87%
  29  GCA_001458735.1             40.73%    passed     99.82%
  30  GCA_002924445.1             41.72%    passed     99.95%
  31  GCA_000332275.1             38.41%    passed     47.29%
  32  GCA_002218085.1             38.41%    passed     69.54%
  33  GCA_001458695.1             40.89%    passed     99.10%
  34  GCA_003576955.1             41.23%    passed     99.96%
  35  GCA_900119825.1             41.72%    passed     99.67%
  36  GCA_000952155.1             38.41%    passed     85.17%
  37  GCA_000317495.1             38.41%    passed     96.64%
  38  GCA_014859375.1             45.20%    passed     55.03%
  39  GCA_004282745.1             45.36%    passed     54.55%
  40  GCA_002109495.1             43.38%    passed     83.07%
  41  GCA_001772005.1             36.59%    passed     54.71%
  42  GCA_000317515.1             38.41%    passed     78.89%
  43  GCA_005877815.1             41.39%    passed     98.79%
  44  GCA_002162035.1             43.38%    passed     74.99%
  45  GCA_002356115.1             44.21%    passed     46.28%
  46  GCA_003258315.1             37.25%    passed     17.82%
  47  GCA_000317575.1             38.41%    passed     94.17%
  48  GCA_018655245.1             42.38%    passed     99.98%
  49  GCA_004684205.1             41.72%    passed     87.53%
  50  GCA_000379525.1             43.05%    passed     94.42%
  51  GCA_001890765.1             38.41%    passed     48.72%
  52  GCA_001187785.1             43.87%    passed     99.32%
  53  GCA_000263335.1             39.90%    passed     22.47%
  54  GCA_007992375.1             43.38%    passed     94.92%
  55  GCA_004168365.1             41.89%    passed     24.80%
  56  GCA_000014865.1             43.21%    passed     98.02%
  57  GCA_000934545.1             42.05%    passed     76.88%
  58  GCA_002355455.1             38.41%    passed     94.06%
  59  GCA_000264455.2             44.21%    passed     96.41%
  60  GCA_004195045.1             45.70%    passed     68.57%
  61  GCA_001828295.1             55.79%    passed      8.99%
  62  GCA_001469165.1             43.05%    passed     84.76%
  63  GCA_001747005.1             38.41%    passed     66.03%
  64  GCA_017879665.1             41.23%    passed     98.52%
  65  GCA_000013225.1             38.25%    passed     70.66%
  66  GCA_003003885.1             38.41%    passed     85.23%
  67  GCA_000346485.2             38.41%    passed     97.05%
  68  GCA_902810445.1             43.71%    passed     80.87%
  69  GCA_000828615.1             42.55%    passed     85.69%
  70  GCA_001007875.1             42.05%    passed     99.98%
  71  GCA_000228725.3             42.72%    passed     71.83%
  72  GCA_003532895.1             25.83%    passed     29.08%
  73  GCA_003851125.1             43.38%    passed     95.72%
  74  GCA_003696005.1             38.25%    passed     31.38%
  75  GCA_016788925.1             36.92%    passed     98.96%
  76  GCF_004345375.1             39.57%    passed     77.50%
  77  GCA_006385135.1             41.39%    passed     95.95%
  78  GCA_007197755.1             43.21%    passed     99.90%
  79  GCA_003015145.1             45.36%    passed     78.33%
  80  GCA_005524015.1             45.20%    passed     25.98%
  81  GCA_902459485.1             43.54%    passed     85.64%
  82  GCA_001803795.1             34.77%    passed     87.12%
  83  GCA_000949635.1             45.20%    passed     51.03%
  84  GCA_016873455.1             40.73%    passed     99.17%
  85  GCA_900107585.1             43.05%    passed     64.57%
  86  Jakoba_bahamiensis          45.20%    passed     65.16%
  87  Jakoba_libera               44.54%    passed     38.97%
  88  Seculamonas_ecuadoriensis   46.36%    passed     99.00%
  89  Andalucia_godoyi            44.70%    passed     99.87%
  90  Histiona_aroides            44.87%    passed     95.80%
  91  Phytophthora_infestans      46.03%    passed      9.82%
  92  Reclinomonas_americana      44.87%    passed     73.73%
  93  Arabidopsis_thaliana        46.19%    passed     36.38%
  94  Physcomitrella_patens       45.70%    passed     82.59%
  95  Ostreococcus_tauri          45.70%    passed     62.41%
  96  Oryza_sativa                46.19%    passed     16.85%
  97  Cyanophora_paradoxa         44.54%    passed     31.21%
  98  Cyanidioschyzon_merolae     45.36%    passed     15.96%
  99  Malawimonas_jakobiformis    46.52%    failed      0.98%
 100  Porphyra_umbilicalis        45.70%    passed     94.54%
 101  Chondrus_crispus            46.03%    passed     52.89%
WARNING: 1 sequences contain more than 50% gaps/ambiguity
****  TOTAL                       41.83%  1 sequences failed composition chi2 test (p-value<5%; df=19)

Create initial parsimony tree by phylogenetic likelihood library (PLL)... 0.037 seconds
Generating 1000 samples for ultrafast bootstrap (seed: 295239)...

NOTE: 10 MB RAM (0 GB) is required!
Estimate model parameters (epsilon = 0.100)
1. Initial log-likelihood: -33453.243
Optimal log-likelihood: -32919.257
Parameters optimization took 1 rounds (0.305 sec)
Computing ML distances based on estimated model parameters... 0.991 sec
Computing BIONJ tree...
0.007 seconds
Log-likelihood of BIONJ tree: -32897.460
--------------------------------------------------------------------
|             INITIALIZING CANDIDATE TREE SET                      |
--------------------------------------------------------------------
Generating 98 parsimony trees... 2.944 second
Computing log-likelihood of 98 initial trees ... 5.558 seconds
Current best score: -32860.252

Do NNI search on 20 best initial trees
Estimate model parameters (epsilon = 0.100)
BETTER TREE FOUND at iteration 1: -32819.633
Estimate model parameters (epsilon = 0.100)
BETTER TREE FOUND at iteration 2: -32811.541
Estimate model parameters (epsilon = 0.100)
BETTER TREE FOUND at iteration 3: -32809.731
Estimate model parameters (epsilon = 0.100)
BETTER TREE FOUND at iteration 4: -32805.972
Estimate model parameters (epsilon = 0.100)
BETTER TREE FOUND at iteration 7: -32796.718
Iteration 10 / LogL: -32816.878 / Time: 0h:0m:15s
Iteration 20 / LogL: -32803.950 / Time: 0h:0m:20s
Finish initializing candidate tree set (18)
Current best tree score: -32796.718 / CPU time: 19.882
Number of iterations: 20
--------------------------------------------------------------------
|               OPTIMIZING CANDIDATE TREE SET                      |
--------------------------------------------------------------------
Estimate model parameters (epsilon = 0.100)
BETTER TREE FOUND at iteration 26: -32794.404
Iteration 30 / LogL: -32796.952 / Time: 0h:0m:27s (0h:1m:29s left)
Iteration 40 / LogL: -32794.415 / Time: 0h:0m:33s (0h:1m:14s left)
Iteration 50 / LogL: -32794.415 / Time: 0h:0m:40s (0h:1m:2s left)
Log-likelihood cutoff on original alignment: -32887.163
UFBoot trees printed to /mnt/ivy/thliao/project/AOB/analysis/20210713_repeat/add_Chromatiaces/phy_files/mitoR24_prot/withEuk/MitoCOG0012.ufboot
Iteration 60 / LogL: -32794.838 / Time: 0h:0m:47s (0h:0m:52s left)
Iteration 70 / LogL: -32795.591 / Time: 0h:0m:53s (0h:0m:43s left)
Iteration 80 / LogL: -32798.259 / Time: 0h:1m:0s (0h:0m:35s left)
Iteration 90 / LogL: -32794.721 / Time: 0h:1m:6s (0h:0m:26s left)
Iteration 100 / LogL: -32794.426 / Time: 0h:1m:13s (0h:0m:19s left)
Log-likelihood cutoff on original alignment: -32887.163
NOTE: Bootstrap correlation coefficient of split occurrence frequencies: 0.998
UFBoot trees printed to /mnt/ivy/thliao/project/AOB/analysis/20210713_repeat/add_Chromatiaces/phy_files/mitoR24_prot/withEuk/MitoCOG0012.ufboot
Iteration 110 / LogL: -32794.813 / Time: 0h:1m:20s (0h:1m:6s left)
Iteration 120 / LogL: -32794.807 / Time: 0h:1m:27s (0h:0m:58s left)
TREE SEARCH COMPLETED AFTER 127 ITERATIONS / Time: 0h:1m:31s

--------------------------------------------------------------------
|                    FINALIZING TREE SEARCH                        |
--------------------------------------------------------------------
Performs final model parameters optimization
Estimate model parameters (epsilon = 0.010)
1. Initial log-likelihood: -32794.404
Optimal log-likelihood: -32794.404
Parameters optimization took 1 rounds (0.050 sec)
BEST SCORE FOUND : -32794.404
Creating bootstrap support values...
Split supports printed to NEXUS file /mnt/ivy/thliao/project/AOB/analysis/20210713_repeat/add_Chromatiaces/phy_files/mitoR24_prot/withEuk/MitoCOG0012.splits.nex
Total tree length: 22.469

Total number of iterations: 127
CPU time used for tree search: 176.285 sec (0h:2m:56s)
Wall-clock time used for tree search: 90.660 sec (0h:1m:30s)
Total CPU time used: 178.523 sec (0h:2m:58s)
Total wall-clock time used: 92.155 sec (0h:1m:32s)
UFBoot trees printed to /mnt/ivy/thliao/project/AOB/analysis/20210713_repeat/add_Chromatiaces/phy_files/mitoR24_prot/withEuk/MitoCOG0012.ufboot

Computing bootstrap consensus tree...
Reading input file /mnt/ivy/thliao/project/AOB/analysis/20210713_repeat/add_Chromatiaces/phy_files/mitoR24_prot/withEuk/MitoCOG0012.splits.nex...
101 taxa and 452 splits.
Consensus tree written to /mnt/ivy/thliao/project/AOB/analysis/20210713_repeat/add_Chromatiaces/phy_files/mitoR24_prot/withEuk/MitoCOG0012.contree
Reading input trees file /mnt/ivy/thliao/project/AOB/analysis/20210713_repeat/add_Chromatiaces/phy_files/mitoR24_prot/withEuk/MitoCOG0012.contree
Log-likelihood of consensus tree: -32794.404

Analysis results written to: 
  IQ-TREE report:                /mnt/ivy/thliao/project/AOB/analysis/20210713_repeat/add_Chromatiaces/phy_files/mitoR24_prot/withEuk/MitoCOG0012.iqtree
  Maximum-likelihood tree:       /mnt/ivy/thliao/project/AOB/analysis/20210713_repeat/add_Chromatiaces/phy_files/mitoR24_prot/withEuk/MitoCOG0012.treefile
  Likelihood distances:          /mnt/ivy/thliao/project/AOB/analysis/20210713_repeat/add_Chromatiaces/phy_files/mitoR24_prot/withEuk/MitoCOG0012.mldist

Ultrafast bootstrap approximation results written to:
  Split support values:          /mnt/ivy/thliao/project/AOB/analysis/20210713_repeat/add_Chromatiaces/phy_files/mitoR24_prot/withEuk/MitoCOG0012.splits.nex
  Consensus tree:                /mnt/ivy/thliao/project/AOB/analysis/20210713_repeat/add_Chromatiaces/phy_files/mitoR24_prot/withEuk/MitoCOG0012.contree
  UFBoot trees:                  /mnt/ivy/thliao/project/AOB/analysis/20210713_repeat/add_Chromatiaces/phy_files/mitoR24_prot/withEuk/MitoCOG0012.ufboot
  Screen log file:               /mnt/ivy/thliao/project/AOB/analysis/20210713_repeat/add_Chromatiaces/phy_files/mitoR24_prot/withEuk/MitoCOG0012.log

Date and Time: Mon Dec 12 10:21:55 2022
