IQ-TREE multicore version 1.6.12 for Linux 64-bit built Aug 15 2019
Developed by Bui Quang Minh, Nguyen Lam Tung, Olga Chernomor,
Heiko Schmidt, Dominik Schrempf, Michael Woodhams.

Host:    cl002 (AVX2, FMA3, 251 GB RAM)
Command: iqtree -nt 2 -redo -wbtl -bb 1000 -pre /mnt/ivy/thliao/project/AOB/analysis/20210713_repeat/add_Chromatiaces/phy_files/mitoR24_prot/withEuk/MitoCOG0043 -s /mnt/ivy/thliao/project/AOB/analysis/20210713_repeat/add_Chromatiaces/phy_files/mitoR24_prot/withEuk/MitoCOG0043.aln
Seed:    664411 (Using SPRNG - Scalable Parallel Random Number Generator)
Time:    Mon Dec 12 09:54:50 2022
Kernel:  AVX+FMA - 2 threads (64 CPU cores detected)

Reading alignment file /mnt/ivy/thliao/project/AOB/analysis/20210713_repeat/add_Chromatiaces/phy_files/mitoR24_prot/withEuk/MitoCOG0043.aln ... Fasta format detected
Alignment most likely contains protein sequences
Alignment has 67 sequences with 312 columns, 308 distinct patterns
225 parsimony-informative, 46 singleton sites, 41 constant sites
                           Gap/Ambiguity  Composition  p-value
   1  GCA_001881495.1             26.28%    passed     88.50%
   2  GCA_001697225.1             35.26%    passed     11.15%
   3  GCA_002007425.1             26.92%    passed     36.56%
   4  GCA_902500715.1             47.12%    passed     52.89%
   5  GCA_000024725.1             25.96%    passed     52.80%
   6  GCA_004421105.1             25.96%    passed     84.65%
   7  GCA_014635705.1             36.54%    passed     99.95%
   8  GCA_010027455.1             34.29%    passed     39.81%
   9  GCA_013521015.1             34.29%    passed     99.68%
  10  GCA_001828545.1             47.12%    passed     96.73%
  11  GCA_011090395.1             51.92%    passed     18.18%
  12  GCA_009833095.1             33.65%    passed     93.38%
  13  GCA_015709615.1             33.97%    passed     94.28%
  14  GCA_000740735.1             25.96%    passed     89.51%
  15  GCA_015709635.1             33.97%    passed     93.88%
  16  GCA_900110495.1             34.29%    passed     99.51%
  17  GCA_006496635.1             35.58%    passed     67.67%
  18  GCA_001458735.1             47.12%    passed     33.75%
  19  GCA_002924445.1             35.26%    passed     85.95%
  20  GCA_003576955.1             47.12%    passed     76.27%
  21  GCA_900119825.1             36.86%    passed     96.62%
  22  GCA_014859375.1             39.10%    passed      9.52%
  23  GCA_004282745.1             45.51%    passed     51.18%
  24  GCA_002109495.1             40.71%    passed     97.27%
  25  GCA_001772005.1             34.62%    passed     93.19%
  26  GCA_005877815.1             47.44%    passed     41.72%
  27  GCA_002162035.1             36.22%    passed     99.50%
  28  GCA_002356115.1             25.96%    passed     99.28%
  29  GCA_004684205.1             25.32%    passed     10.71%
  30  GCA_000379525.1             24.04%    failed      0.10%
  31  GCA_001187785.1             22.76%    passed     78.12%
  32  GCA_000263335.1             19.87%    failed      0.27%
  33  GCA_007992375.1             36.22%    passed     95.38%
  34  GCA_000014865.1             40.06%    passed     99.70%
  35  GCA_000934545.1             35.90%    passed     99.58%
  36  GCA_000264455.2             33.65%    passed     93.09%
  37  GCA_002083815.1             43.27%    passed     68.39%
  38  GCA_017879665.1             47.12%    passed     57.64%
  39  GCA_902810445.1             26.92%    passed     83.47%
  40  GCA_001007875.1             23.40%    passed     95.38%
  41  GCA_000228725.3             22.12%    passed     18.64%
  42  GCA_003532895.1             53.85%    passed     85.13%
  43  GCA_003851125.1             36.22%    passed     99.81%
  44  GCA_003696005.1             49.36%    passed     47.98%
  45  GCA_001828535.1             46.15%    passed     51.46%
  46  GCA_016788925.1             47.12%    passed     48.99%
  47  GCF_004345375.1             33.97%    passed     80.99%
  48  GCA_006385135.1             33.65%    passed     98.43%
  49  GCA_007197755.1             32.05%    passed     93.81%
  50  GCA_005524015.1             46.79%    passed     55.26%
  51  GCA_902459485.1             26.60%    passed     77.15%
  52  GCA_000949635.1             46.79%    passed     96.69%
  53  GCA_013140535.1             46.47%    passed     90.65%
  54  GCA_900107585.1             35.90%    passed     34.03%
  55  Jakoba_bahamiensis          32.37%    passed     25.59%
  56  Jakoba_libera               24.04%    passed     14.40%
  57  Seculamonas_ecuadoriensis   37.50%    passed     51.42%
  58  Andalucia_godoyi            36.22%    passed     49.19%
  59  Histiona_aroides            33.33%    passed      5.74%
  60  Phytophthora_infestans      39.74%    failed      0.00%
  61  Reclinomonas_americana      34.62%    failed      0.91%
  62  Arabidopsis_thaliana        39.10%    passed     68.53%
  63  Physcomitrella_patens       37.50%    passed      5.44%
  64  Ostreococcus_tauri          40.38%    passed     61.19%
  65  Oryza_sativa                39.10%    passed     52.44%
  66  Cyanophora_paradoxa         36.54%    failed      0.21%
  67  Malawimonas_jakobiformis    40.06%    failed      0.00%
WARNING: 2 sequences contain more than 50% gaps/ambiguity
****  TOTAL                       36.28%  6 sequences failed composition chi2 test (p-value<5%; df=19)


Create initial parsimony tree by phylogenetic likelihood library (PLL)... 0.023 seconds
NOTE: ModelFinder requires 35 MB RAM!
ModelFinder will test 546 protein models (sample size: 312) ...
 No. Model         -LnL         df  AIC          AICc         BIC
  1  Dayhoff       18151.400    131 36564.800    36756.933    37055.133
  2  Dayhoff+I     17969.926    132 36203.853    36400.009    36697.929
  3  Dayhoff+G4    17185.359    132 34634.718    34830.874    35128.794
  4  Dayhoff+I+G4  17174.795    133 34615.589    34815.836    35113.408
  5  Dayhoff+R2    17353.398    133 34972.797    35173.044    35470.616
  6  Dayhoff+R3    17220.106    135 34710.212    34918.849    35215.518
  7  Dayhoff+R4    17168.875    137 34611.749    34829.060    35124.541
  8  Dayhoff+R5    17159.979    139 34597.959    34824.238    35118.236
  9  Dayhoff+R6    17158.982    141 34599.964    34835.517    35127.728
 14  Dayhoff+F     18166.433    150 36632.866    36914.233    37194.317
 15  Dayhoff+F+I   17988.027    151 36278.054    36564.954    36843.247
 16  Dayhoff+F+G4  17208.128    151 34718.256    35005.156    35283.449
 17  Dayhoff+F+I+G4 17198.483    152 34700.965    34993.493    35269.902
 18  Dayhoff+F+R2  17366.177    152 35036.354    35328.882    35605.290
 19  Dayhoff+F+R3  17245.895    154 34799.790    35103.867    35376.213
 20  Dayhoff+F+R4  17191.197    156 34694.394    35010.420    35278.303
 21  Dayhoff+F+R5  17181.925    158 34679.850    35008.242    35271.245
 22  Dayhoff+F+R6  17181.285    160 34682.570    35023.762    35281.450
 27  mtMAM         20174.759    131 40611.517    40803.651    41101.851
 28  mtMAM+I       20055.240    132 40374.481    40570.637    40868.557
 29  mtMAM+G4      18205.874    132 36675.747    36871.904    37169.824
 30  mtMAM+I+G4    18204.653    133 36675.305    36875.552    37173.125
 31  mtMAM+R2      18551.245    133 37368.490    37568.738    37866.310
 32  mtMAM+R3      18292.556    135 36855.112    37063.748    37360.417
 33  mtMAM+R4      18203.705    137 36681.411    36898.721    37194.202
 34  mtMAM+R5      18195.772    139 36669.545    36895.824    37189.822
 35  mtMAM+R6      18190.370    141 36662.741    36898.294    37190.504
 40  mtMAM+F       19099.031    150 38498.062    38779.429    39059.513
 41  mtMAM+F+I     18950.732    151 38203.464    38490.364    38768.657
 42  mtMAM+F+G4    17648.409    151 35598.818    35885.718    36164.011
 43  mtMAM+F+I+G4  17639.789    152 35583.578    35876.107    36152.515
 44  mtMAM+F+R2    17923.561    152 36151.122    36443.650    36720.059
 45  mtMAM+F+R3    17694.132    154 35696.264    36000.340    36272.686
 46  mtMAM+F+R4    17647.033    156 35606.066    35922.091    36189.974
 47  mtMAM+F+R5    17635.769    158 35587.537    35915.929    36178.932
 48  mtMAM+F+R6    17633.399    160 35586.797    35927.989    36185.678
 53  JTT           18059.339    131 36380.679    36572.812    36871.012
 54  JTT+I         17885.097    132 36034.194    36230.351    36528.271
 55  JTT+G4        17053.082    132 34370.165    34566.321    34864.241
 56  JTT+I+G4      17045.026    133 34356.053    34556.300    34853.872
 57  JTT+R2        17233.382    133 34732.764    34933.011    35230.583
 58  JTT+R3        17094.955    135 34459.910    34668.546    34965.215
 59  JTT+R4        17039.577    137 34353.153    34570.464    34865.945
 60  JTT+R5        17032.751    139 34343.503    34569.782    34863.780
 61  JTT+R6        17032.308    141 34346.615    34582.168    34874.379
 66  JTT+F         18114.256    150 36528.513    36809.879    37089.963
 67  JTT+F+I       17937.623    151 36177.246    36464.146    36742.439
 68  JTT+F+G4      17143.595    151 34589.190    34876.090    35154.384
 69  JTT+F+I+G4    17134.091    152 34572.182    34864.710    35141.119
 70  JTT+F+R2      17305.618    152 34915.236    35207.765    35484.173
 71  JTT+F+R3      17179.432    154 34666.864    34970.940    35243.286
 72  JTT+F+R4      17127.498    156 34566.997    34883.023    35150.905
 73  JTT+F+R5      17119.809    158 34555.618    34884.010    35147.013
 74  JTT+F+R6      17119.387    160 34558.774    34899.966    35157.655
 79  WAG           17854.007    131 35970.013    36162.147    36460.347
 80  WAG+I         17681.862    132 35627.723    35823.879    36121.799
 81  WAG+G4        16973.106    132 34210.212    34406.368    34704.288
 82  WAG+I+G4      16958.922    133 34183.843    34384.090    34681.663
 83  WAG+R2        17098.410    133 34462.821    34663.068    34960.640
 84  WAG+R3        16993.173    135 34256.347    34464.983    34761.652
 85  WAG+R4        16952.482    137 34178.964    34396.274    34691.755
 86  WAG+R5        16943.467    139 34164.934    34391.213    34685.212
 87  WAG+R6        16943.177    141 34168.354    34403.907    34696.118
 92  WAG+F         17921.735    150 36143.470    36424.836    36704.920
 93  WAG+F+I       17753.397    151 35808.793    36095.693    36373.987
 94  WAG+F+G4      17058.689    151 34419.378    34706.278    34984.571
 95  WAG+F+I+G4    17043.540    152 34391.079    34683.608    34960.016
 96  WAG+F+R2      17175.808    152 34655.617    34948.145    35224.553
 97  WAG+F+R3      17076.546    154 34461.092    34765.168    35037.515
 98  WAG+F+R4      17037.823    156 34387.646    34703.672    34971.555
 99  WAG+F+R5      17027.592    158 34371.184    34699.576    34962.578
100  WAG+F+R6      17027.346    160 34374.691    34715.884    34973.572
105  cpREV         18020.679    131 36303.357    36495.491    36793.691
106  cpREV+I       17837.821    132 35939.642    36135.798    36433.718
107  cpREV+G4      17101.056    132 34466.111    34662.268    34960.188
108  cpREV+I+G4    17084.197    133 34434.394    34634.641    34932.213
109  cpREV+R2      17251.062    133 34768.124    34968.371    35265.943
110  cpREV+R3      17122.386    135 34514.772    34723.408    35020.078
111  cpREV+R4      17087.407    137 34448.814    34666.124    34961.605
112  cpREV+R5      17072.538    139 34423.077    34649.356    34943.354
113  cpREV+R6      17072.032    141 34426.064    34661.616    34953.827
118  cpREV+F       18020.177    150 36340.353    36621.720    36901.804
119  cpREV+F+I     17833.121    151 35968.242    36255.142    36533.435
120  cpREV+F+G4    17131.257    151 34564.514    34851.414    35129.708
121  cpREV+F+I+G4  17114.867    152 34533.734    34826.263    35102.671
122  cpREV+F+R2    17274.256    152 34852.512    35145.040    35421.449
123  cpREV+F+R3    17155.301    154 34618.602    34922.678    35195.024
124  cpREV+F+R4    17114.221    156 34540.441    34856.467    35124.350
125  cpREV+F+R5    17105.965    158 34527.930    34856.322    35119.325
126  cpREV+F+R6    17104.010    160 34528.021    34869.213    35126.901
131  mtREV         19137.327    131 38536.654    38728.788    39026.988
132  mtREV+I       19022.269    132 38308.538    38504.695    38802.615
133  mtREV+G4      17843.174    132 35950.347    36146.504    36444.424
134  mtREV+I+G4    17838.535    133 35943.069    36143.316    36440.889
135  mtREV+R2      18073.033    133 36412.067    36612.314    36909.886
136  mtREV+R3      17885.911    135 36041.822    36250.459    36547.128
137  mtREV+R4      17839.217    137 35952.433    36169.743    36465.225
138  mtREV+R5      17824.151    139 35926.302    36152.581    36446.579
139  mtREV+R6      17820.485    141 35922.971    36158.524    36450.734
144  mtREV+F       18261.337    150 36822.675    37104.041    37384.125
145  mtREV+F+I     18120.145    151 36542.289    36829.189    37107.483
146  mtREV+F+G4    17234.599    151 34771.197    35058.097    35336.391
147  mtREV+F+I+G4  17227.871    152 34759.743    35052.271    35328.679
148  mtREV+F+R2    17420.923    152 35145.847    35438.375    35714.783
149  mtREV+F+R3    17274.292    154 34856.584    35160.661    35433.007
150  mtREV+F+R4    17228.697    156 34769.394    35085.420    35353.303
151  mtREV+F+R5    17214.621    158 34745.242    35073.634    35336.636
152  mtREV+F+R6    17210.466    160 34740.933    35082.125    35339.813
157  rtREV         18072.915    131 36407.830    36599.963    36898.163
158  rtREV+I       17920.020    132 36104.041    36300.197    36598.117
159  rtREV+G4      17073.664    132 34411.328    34607.484    34905.404
160  rtREV+I+G4    17064.047    133 34394.093    34594.341    34891.913
161  rtREV+R2      17234.675    133 34735.350    34935.597    35233.170
162  rtREV+R3      17106.176    135 34482.352    34690.988    34987.657
163  rtREV+R4      17061.443    137 34396.887    34614.197    34909.678
164  rtREV+R5      17048.025    139 34374.050    34600.329    34894.327
165  rtREV+R6      17047.262    141 34376.523    34612.076    34904.287
170  rtREV+F       18014.102    150 36328.204    36609.571    36889.655
171  rtREV+F+I     17861.837    151 36025.675    36312.575    36590.868
172  rtREV+F+G4    17054.453    151 34410.905    34697.805    34976.098
173  rtREV+F+I+G4  17044.446    152 34392.891    34685.419    34961.828
174  rtREV+F+R2    17204.155    152 34712.310    35004.838    35281.246
175  rtREV+F+R3    17081.736    154 34471.473    34775.549    35047.895
176  rtREV+F+R4    17040.371    156 34392.741    34708.767    34976.650
177  rtREV+F+R5    17028.176    158 34372.351    34700.744    34963.746
178  rtREV+F+R6    17027.768    160 34375.537    34716.729    34974.417
183  mtART         19947.373    131 40156.746    40348.879    40647.079
184  mtART+I       19815.890    132 39895.781    40091.937    40389.857
185  mtART+G4      18081.219    132 36426.438    36622.594    36920.514
186  mtART+I+G4    18078.416    133 36422.832    36623.080    36920.652
187  mtART+R2      18359.858    133 36985.717    37185.964    37483.536
188  mtART+R3      18178.599    135 36627.199    36835.835    37132.504
189  mtART+R4      18079.135    137 36432.270    36649.580    36945.061
190  mtART+R5      18054.857    139 36387.714    36613.993    36907.991
191  mtART+R6      18046.949    141 36375.898    36611.451    36903.661
192  mtART+R7      18046.504    143 36379.008    36624.150    36914.257
196  mtART+F       18902.004    150 38104.008    38385.375    38665.459
197  mtART+F+I     18749.110    151 37800.219    38087.119    38365.413
198  mtART+F+G4    17483.538    151 35269.077    35555.977    35834.270
199  mtART+F+I+G4  17472.388    152 35248.777    35541.305    35817.713
200  mtART+F+R2    17734.517    152 35773.034    36065.563    36341.971
201  mtART+F+R3    17529.583    154 35367.166    35671.242    35943.588
202  mtART+F+R4    17479.035    156 35270.071    35586.097    35853.979
203  mtART+F+R5    17464.439    158 35244.878    35573.270    35836.272
204  mtART+F+R6    17452.233    160 35224.465    35565.658    35823.346
205  mtART+F+R7    17452.212    162 35228.425    35582.868    35834.791
209  mtZOA         19171.718    131 38605.436    38797.569    39095.769
210  mtZOA+I       19050.808    132 38365.616    38561.772    38859.692
211  mtZOA+G4      17625.318    132 35514.636    35710.793    36008.713
212  mtZOA+I+G4    17621.830    133 35509.661    35709.908    36007.480
213  mtZOA+R2      17868.229    133 36002.458    36202.705    36500.278
214  mtZOA+R3      17667.960    135 35605.921    35814.557    36111.226
215  mtZOA+R4      17619.272    137 35512.545    35729.855    36025.336
216  mtZOA+R5      17604.303    139 35486.605    35712.885    36006.883
217  mtZOA+R6      17599.946    141 35481.891    35717.444    36009.655
222  mtZOA+F       18440.856    150 37181.712    37463.078    37743.163
223  mtZOA+F+I     18288.518    151 36879.037    37165.937    37444.230
224  mtZOA+F+G4    17255.553    151 34813.105    35100.005    35378.299
225  mtZOA+F+I+G4  17247.068    152 34798.137    35090.665    35367.073
226  mtZOA+F+R2    17473.380    152 35250.759    35543.288    35819.696
227  mtZOA+F+R3    17283.738    154 34875.476    35179.553    35451.899
228  mtZOA+F+R4    17256.720    156 34825.441    35141.466    35409.349
229  mtZOA+F+R5    17234.333    158 34784.665    35113.057    35376.060
230  mtZOA+F+R6    17224.884    160 34769.767    35110.959    35368.648
231  mtZOA+F+R7    17224.884    162 34773.767    35128.210    35380.134
235  VT            17868.690    131 35999.380    36191.513    36489.713
236  VT+I          17704.579    132 35673.159    35869.315    36167.235
237  VT+G4         17000.286    132 34264.572    34460.729    34758.649
238  VT+I+G4       16987.807    133 34241.614    34441.861    34739.433
239  VT+R2         17131.848    133 34529.697    34729.944    35027.516
240  VT+R3         17027.951    135 34325.902    34534.538    34831.207
241  VT+R4         16982.629    137 34239.258    34456.568    34752.049
242  VT+R5         16975.260    139 34228.520    34454.799    34748.798
243  VT+R6         16973.372    141 34228.744    34464.297    34756.508
248  VT+F          17930.310    150 36160.619    36441.986    36722.070
249  VT+F+I        17767.784    151 35837.568    36124.468    36402.762
250  VT+F+G4       17090.612    151 34483.223    34770.123    35048.417
251  VT+F+I+G4     17077.409    152 34458.817    34751.345    35027.753
252  VT+F+R2       17211.386    152 34726.772    35019.300    35295.708
253  VT+F+R3       17111.727    154 34531.454    34835.530    35107.876
254  VT+F+R4       17071.657    156 34455.315    34771.340    35039.223
255  VT+F+R5       17064.597    158 34445.194    34773.586    35036.588
256  VT+F+R6       17062.679    160 34445.357    34786.549    35044.238
261  LG            17925.806    131 36113.613    36305.746    36603.946
262  LG+I          17770.060    132 35804.121    36000.277    36298.197
263  LG+G4         16912.192    132 34088.384    34284.540    34582.460
264  LG+I+G4       16902.886    133 34071.771    34272.019    34569.591
265  LG+R2         17085.290    133 34436.580    34636.827    34934.399
266  LG+R3         16948.675    135 34167.350    34375.986    34672.655
267  LG+R4         16901.917    137 34077.834    34295.145    34590.626
268  LG+R5         16890.530    139 34059.059    34285.339    34579.337
269  LG+R6         16889.070    141 34060.141    34295.694    34587.904
274  LG+F          17946.724    150 36193.448    36474.815    36754.899
275  LG+F+I        17794.003    151 35890.007    36176.907    36455.200
276  LG+F+G4       16985.027    151 34272.054    34558.954    34837.247
277  LG+F+I+G4     16974.685    152 34253.370    34545.899    34822.307
278  LG+F+R2       17138.443    152 34580.885    34873.414    35149.822
279  LG+F+R3       17015.385    154 34338.769    34642.846    34915.192
280  LG+F+R4       16970.951    156 34253.902    34569.928    34837.810
281  LG+F+R5       16960.228    158 34236.455    34564.847    34827.850
282  LG+F+R6       16958.806    160 34237.611    34578.803    34836.492
287  DCMut         18150.172    131 36562.343    36754.476    37052.676
288  DCMut+I       17968.831    132 36201.662    36397.819    36695.739
289  DCMut+G4      17185.663    132 34635.325    34831.481    35129.401
290  DCMut+I+G4    17175.096    133 34616.193    34816.440    35114.012
291  DCMut+R2      17352.010    133 34970.020    35170.267    35467.839
292  DCMut+R3      17218.670    135 34707.340    34915.977    35212.646
293  DCMut+R4      17167.884    137 34609.767    34827.077    35122.558
294  DCMut+R5      17158.237    139 34594.473    34820.752    35114.751
295  DCMut+R6      17156.227    141 34594.454    34830.007    35122.217
300  DCMut+F       18164.454    150 36628.908    36910.275    37190.359
301  DCMut+F+I     17986.300    151 36274.600    36561.500    36839.793
302  DCMut+F+G4    17208.052    151 34718.104    35005.004    35283.298
303  DCMut+F+I+G4  17198.404    152 34700.807    34993.336    35269.744
304  DCMut+F+R2    17365.762    152 35035.525    35328.053    35604.461
305  DCMut+F+R3    17245.079    154 34798.157    35102.234    35374.580
306  DCMut+F+R4    17190.242    156 34692.485    35008.510    35276.393
307  DCMut+F+R5    17180.240    158 34676.480    35004.872    35267.874
308  DCMut+F+R6    17179.753    160 34679.506    35020.698    35278.386
313  PMB           17971.892    131 36205.785    36397.918    36696.118
314  PMB+I         17815.080    132 35894.159    36090.316    36388.236
315  PMB+G4        17103.819    132 34471.638    34667.794    34965.714
316  PMB+I+G4      17089.298    133 34444.596    34644.844    34942.416
317  PMB+R2        17236.722    133 34739.444    34939.691    35237.263
318  PMB+R3        17117.209    135 34504.417    34713.054    35009.723
319  PMB+R4        17089.033    137 34452.065    34669.376    34964.857
320  PMB+R5        17076.687    139 34431.373    34657.652    34951.651
321  PMB+R6        17075.842    141 34433.684    34669.237    34961.448
326  PMB+F         18066.937    150 36433.873    36715.240    36995.324
327  PMB+F+I       17906.958    151 36115.915    36402.815    36681.109
328  PMB+F+G4      17217.860    151 34737.720    35024.620    35302.913
329  PMB+F+I+G4    17202.667    152 34709.335    35001.863    35278.271
330  PMB+F+R2      17343.336    152 34990.672    35283.200    35559.608
331  PMB+F+R3      17229.059    154 34766.118    35070.195    35342.541
332  PMB+F+R4      17201.880    156 34715.759    35031.785    35299.668
333  PMB+F+R5      17190.490    158 34696.981    35025.373    35288.375
334  PMB+F+R6      17189.162    160 34698.324    35039.516    35297.205
339  HIVb          18711.231    131 37684.462    37876.596    38174.796
340  HIVb+I        18501.768    132 37267.537    37463.693    37761.613
341  HIVb+G4       17431.312    132 35126.624    35322.781    35620.701
342  HIVb+I+G4     17416.661    133 35099.322    35299.569    35597.141
343  HIVb+R2       17681.171    133 35628.341    35828.588    36126.160
344  HIVb+R3       17480.973    135 35231.945    35440.582    35737.251
345  HIVb+R4       17418.509    137 35111.019    35328.329    35623.810
346  HIVb+R5       17395.491    139 35068.981    35295.260    35589.259
347  HIVb+R6       17389.345    141 35060.690    35296.242    35588.453
348  HIVb+R7       17389.274    143 35064.548    35309.691    35599.798
352  HIVb+F        18732.539    150 37765.079    38046.445    38326.529
353  HIVb+F+I      18522.532    151 37347.064    37633.964    37912.258
354  HIVb+F+G4     17503.165    151 35308.330    35595.230    35873.523
355  HIVb+F+I+G4   17485.706    152 35275.412    35567.940    35844.349
356  HIVb+F+R2     17735.544    152 35775.089    36067.617    36344.025
357  HIVb+F+R3     17540.337    154 35388.674    35692.750    35965.096
358  HIVb+F+R4     17489.187    156 35290.373    35606.399    35874.281
359  HIVb+F+R5     17464.306    158 35244.611    35573.003    35836.006
360  HIVb+F+R6     17459.675    160 35239.350    35580.542    35838.231
365  HIVw          19594.379    131 39450.758    39642.891    39941.091
366  HIVw+I        19333.551    132 38931.102    39127.258    39425.178
367  HIVw+G4       18266.919    132 36797.838    36993.994    37291.914
368  HIVw+I+G4     18258.526    133 36783.053    36983.300    37280.872
369  HIVw+R2       18512.496    133 37290.991    37491.238    37788.810
370  HIVw+R3       18323.303    135 36916.605    37125.242    37421.911
371  HIVw+R4       18248.992    137 36771.984    36989.294    37284.775
372  HIVw+R5       18230.184    139 36738.368    36964.647    37258.646
373  HIVw+R6       18220.820    141 36723.639    36959.192    37251.402
374  HIVw+R7       18220.813    143 36727.627    36972.770    37262.876
378  HIVw+F        19278.913    150 38857.826    39139.193    39419.277
379  HIVw+F+I      19016.457    151 38334.914    38621.814    38900.107
380  HIVw+F+G4     18039.857    151 36381.715    36668.615    36946.908
381  HIVw+F+I+G4   18020.586    152 36345.173    36637.701    36914.109
382  HIVw+F+R2     18270.038    152 36844.076    37136.604    37413.013
383  HIVw+F+R3     18090.132    154 36488.264    36792.341    37064.687
384  HIVw+F+R4     18026.232    156 36364.464    36680.490    36948.373
385  HIVw+F+R5     18001.364    158 36318.729    36647.121    36910.123
386  HIVw+F+R6     17988.802    160 36297.603    36638.795    36896.484
387  HIVw+F+R7     17988.789    162 36301.578    36656.021    36907.944
391  JTTDCMut      18052.792    131 36367.584    36559.718    36857.918
392  JTTDCMut+I    17878.751    132 36021.502    36217.658    36515.578
393  JTTDCMut+G4   17048.327    132 34360.653    34556.810    34854.730
394  JTTDCMut+I+G4 17040.289    133 34346.578    34546.825    34844.397
395  JTTDCMut+R2   17228.255    133 34722.511    34922.758    35220.330
396  JTTDCMut+R3   17091.671    135 34453.342    34661.979    34958.648
397  JTTDCMut+R4   17034.095    137 34342.191    34559.501    34854.982
398  JTTDCMut+R5   17026.312    139 34330.624    34556.903    34850.902
399  JTTDCMut+R6   17023.330    141 34328.660    34564.213    34856.423
404  JTTDCMut+F    18110.376    150 36520.752    36802.118    37082.202
405  JTTDCMut+F+I  17933.997    151 36169.995    36456.895    36735.188
406  JTTDCMut+F+G4 17140.882    151 34583.765    34870.665    35148.958
407  JTTDCMut+F+I+G4 17131.221    152 34566.441    34858.969    35135.378
408  JTTDCMut+F+R2 17302.236    152 34908.473    35201.001    35477.409
409  JTTDCMut+F+R3 17177.424    154 34662.849    34966.925    35239.271
410  JTTDCMut+F+R4 17124.117    156 34560.234    34876.260    35144.143
411  JTTDCMut+F+R5 17115.241    158 34546.482    34874.874    35137.876
412  JTTDCMut+F+R6 17112.866    160 34545.733    34886.925    35144.613
417  FLU           18656.814    131 37575.627    37767.760    38065.960
418  FLU+I         18453.638    132 37171.276    37367.432    37665.352
419  FLU+G4        17465.049    132 35194.099    35390.255    35688.175
420  FLU+I+G4      17454.594    133 35175.188    35375.435    35673.007
421  FLU+R2        17664.147    133 35594.294    35794.541    36092.113
422  FLU+R3        17502.794    135 35275.588    35484.224    35780.893
423  FLU+R4        17448.026    137 35170.053    35387.363    35682.844
424  FLU+R5        17435.549    139 35149.098    35375.377    35669.376
425  FLU+R6        17428.336    141 35138.673    35374.226    35666.436
426  FLU+R7        17427.250    143 35140.500    35385.643    35675.750
430  FLU+F         18625.374    150 37550.748    37832.114    38112.198
431  FLU+F+I       18418.880    151 37139.760    37426.660    37704.954
432  FLU+F+G4      17475.600    151 35253.201    35540.101    35818.394
433  FLU+F+I+G4    17461.173    152 35226.346    35518.874    35795.282
434  FLU+F+R2      17661.549    152 35627.098    35919.626    36196.035
435  FLU+F+R3      17511.081    154 35330.162    35634.239    35906.585
436  FLU+F+R4      17461.601    156 35235.202    35551.228    35819.111
437  FLU+F+R5      17447.186    158 35210.373    35538.765    35801.767
438  FLU+F+R6      17442.314    160 35204.628    35545.820    35803.508
443  Blosum62      17966.231    131 36194.462    36386.595    36684.795
444  Blosum62+I    17804.600    132 35873.199    36069.356    36367.276
445  Blosum62+G4   17103.263    132 34470.525    34666.682    34964.602
446  Blosum62+I+G4 17087.153    133 34440.306    34640.553    34938.126
447  Blosum62+R2   17232.024    133 34730.049    34930.296    35227.868
448  Blosum62+R3   17119.488    135 34508.977    34717.613    35014.282
449  Blosum62+R4   17086.583    137 34447.167    34664.477    34959.958
450  Blosum62+R5   17073.891    139 34425.781    34652.060    34946.059
451  Blosum62+R6   17073.267    141 34428.534    34664.087    34956.298
456  Blosum62+F    18024.118    150 36348.236    36629.603    36909.687
457  Blosum62+F+I  17861.992    151 36025.983    36312.883    36591.177
458  Blosum62+F+G4 17191.909    151 34685.818    34972.718    35251.012
459  Blosum62+F+I+G4 17175.110    152 34654.219    34946.748    35223.156
460  Blosum62+F+R2 17310.024    152 34924.048    35216.576    35492.985
461  Blosum62+F+R3 17204.780    154 34717.560    35021.637    35293.983
462  Blosum62+F+R4 17173.481    156 34658.961    34974.987    35242.870
463  Blosum62+F+R5 17161.874    158 34639.748    34968.140    35231.143
464  Blosum62+F+R6 17161.040    160 34642.080    34983.272    35240.961
469  mtMet         19315.354    131 38892.707    39084.841    39383.041
470  mtMet+I       19189.585    132 38643.169    38839.326    39137.246
471  mtMet+G4      17904.440    132 36072.879    36269.036    36566.956
472  mtMet+I+G4    17900.131    133 36066.263    36266.510    36564.082
473  mtMet+R2      18141.113    133 36548.225    36748.472    37046.045
474  mtMet+R3      17958.158    135 36186.316    36394.953    36691.622
475  mtMet+R4      17901.788    137 36077.575    36294.885    36590.366
476  mtMet+R5      17892.068    139 36062.136    36288.415    36582.414
477  mtMet+R6      17891.681    141 36065.361    36300.914    36593.125
482  mtMet+F       18435.321    150 37170.643    37452.009    37732.093
483  mtMet+F+I     18278.303    151 36858.606    37145.506    37423.800
484  mtMet+F+G4    17286.861    151 34875.723    35162.623    35440.916
485  mtMet+F+I+G4  17281.562    152 34867.123    35159.652    35436.060
486  mtMet+F+R2    17491.579    152 35287.158    35579.686    35856.094
487  mtMet+F+R3    17332.172    154 34972.345    35276.421    35548.767
488  mtMet+F+R4    17285.713    156 34883.425    35199.451    35467.334
489  mtMet+F+R5    17272.323    158 34860.647    35189.039    35452.041
490  mtMet+F+R6    17267.886    160 34855.772    35196.964    35454.652
495  mtVer         19626.738    131 39515.476    39707.609    40005.809
496  mtVer+I       19503.904    132 39271.808    39467.965    39765.885
497  mtVer+G4      18011.411    132 36286.821    36482.978    36780.898
498  mtVer+I+G4    18008.695    133 36283.391    36483.638    36781.210
499  mtVer+R2      18308.699    133 36883.398    37083.645    37381.217
500  mtVer+R3      18092.107    135 36454.215    36662.851    36959.520
501  mtVer+R4      18008.618    137 36291.235    36508.546    36804.027
502  mtVer+R5      18000.720    139 36279.441    36505.720    36799.718
503  mtVer+R6      17998.794    141 36279.588    36515.141    36807.352
508  mtVer+F       18849.852    150 37999.704    38281.071    38561.155
509  mtVer+F+I     18679.406    151 37660.812    37947.712    38226.005
510  mtVer+F+G4    17543.188    151 35388.375    35675.275    35953.569
511  mtVer+F+I+G4  17537.199    152 35378.398    35670.926    35947.334
512  mtVer+F+R2    17792.835    152 35889.670    36182.198    36458.606
513  mtVer+F+R3    17591.885    154 35491.770    35795.846    36068.192
514  mtVer+F+R4    17542.278    156 35396.556    35712.582    35980.465
515  mtVer+F+R5    17512.476    158 35340.953    35669.345    35932.347
516  mtVer+F+R6    17512.464    160 35344.927    35686.119    35943.808
521  mtInv         19280.224    131 38822.449    39014.582    39312.782
522  mtInv+I       19146.208    132 38556.417    38752.573    39050.493
523  mtInv+G4      18004.249    132 36272.498    36468.654    36766.574
524  mtInv+I+G4    17996.840    133 36259.680    36459.927    36757.499
525  mtInv+R2      18214.698    133 36695.395    36895.643    37193.215
526  mtInv+R3      18045.069    135 36360.139    36568.775    36865.444
527  mtInv+R4      18000.890    137 36275.781    36493.091    36788.572
528  mtInv+R5      17989.853    139 36257.706    36483.985    36777.983
529  mtInv+R6      17989.475    141 36260.950    36496.503    36788.714
534  mtInv+F       18233.361    150 36766.722    37048.089    37328.173
535  mtInv+F+I     18071.461    151 36444.922    36731.822    37010.116
536  mtInv+F+G4    17178.248    151 34658.495    34945.395    35223.689
537  mtInv+F+I+G4  17171.867    152 34647.734    34940.262    35216.670
538  mtInv+F+R2    17368.602    152 35041.205    35333.733    35610.141
539  mtInv+F+R3    17220.448    154 34748.895    35052.972    35325.318
540  mtInv+F+R4    17172.518    156 34657.036    34973.062    35240.944
541  mtInv+F+R5    17155.605    158 34627.211    34955.603    35218.605
542  mtInv+F+R6    17155.597    160 34631.194    34972.386    35230.075
Akaike Information Criterion:           LG+R5
Corrected Akaike Information Criterion: LG+I+G4
Bayesian Information Criterion:         LG+I+G4
Best-fit model: LG+I+G4 chosen according to BIC

All model information printed to /mnt/ivy/thliao/project/AOB/analysis/20210713_repeat/add_Chromatiaces/phy_files/mitoR24_prot/withEuk/MitoCOG0043.model.gz
CPU time for ModelFinder: 1043.199 seconds (0h:17m:23s)
Wall-clock time for ModelFinder: 523.929 seconds (0h:8m:43s)
Generating 1000 samples for ultrafast bootstrap (seed: 664411)...

NOTE: 14 MB RAM (0 GB) is required!
Estimate model parameters (epsilon = 0.100)
Thoroughly optimizing +I+G parameters from 10 start values...
Init pinv, alpha: 0.000, 1.000 / Estimate: 0.000, 0.852 / LogL: -16912.176
Init pinv, alpha: 0.015, 1.000 / Estimate: 0.037, 1.034 / LogL: -16902.898
Init pinv, alpha: 0.029, 1.000 / Estimate: 0.037, 1.035 / LogL: -16902.891
Init pinv, alpha: 0.044, 1.000 / Estimate: 0.039, 1.038 / LogL: -16902.886
Init pinv, alpha: 0.058, 1.000 / Estimate: 0.039, 1.038 / LogL: -16902.888
Init pinv, alpha: 0.073, 1.000 / Estimate: 0.040, 1.038 / LogL: -16902.890
Init pinv, alpha: 0.088, 1.000 / Estimate: 0.040, 1.039 / LogL: -16902.890
Init pinv, alpha: 0.102, 1.000 / Estimate: 0.040, 1.039 / LogL: -16902.893
Init pinv, alpha: 0.117, 1.000 / Estimate: 0.040, 1.039 / LogL: -16902.895
Init pinv, alpha: 0.131, 1.000 / Estimate: 0.040, 1.040 / LogL: -16902.895
Optimal pinv,alpha: 0.039, 1.038 / LogL: -16902.886

Parameters optimization took 5.277 sec
Computing ML distances based on estimated model parameters... 2.337 sec
Computing BIONJ tree...
0.006 seconds
Log-likelihood of BIONJ tree: -16870.805
--------------------------------------------------------------------
|             INITIALIZING CANDIDATE TREE SET                      |
--------------------------------------------------------------------
Generating 98 parsimony trees... 2.766 second
Computing log-likelihood of 98 initial trees ... 8.840 seconds
Current best score: -16861.340

Do NNI search on 20 best initial trees
Estimate model parameters (epsilon = 0.100)
BETTER TREE FOUND at iteration 1: -16841.178
Estimate model parameters (epsilon = 0.100)
BETTER TREE FOUND at iteration 2: -16839.625
Estimate model parameters (epsilon = 0.100)
BETTER TREE FOUND at iteration 3: -16832.222
Iteration 10 / LogL: -16838.232 / Time: 0h:0m:27s
Estimate model parameters (epsilon = 0.100)
BETTER TREE FOUND at iteration 18: -16830.379
Iteration 20 / LogL: -16847.777 / Time: 0h:0m:36s
Finish initializing candidate tree set (19)
Current best tree score: -16830.379 / CPU time: 29.459
Number of iterations: 20
--------------------------------------------------------------------
|               OPTIMIZING CANDIDATE TREE SET                      |
--------------------------------------------------------------------
Estimate model parameters (epsilon = 0.100)
BETTER TREE FOUND at iteration 25: -16828.455
Iteration 30 / LogL: -16833.672 / Time: 0h:0m:46s (0h:2m:33s left)
Iteration 40 / LogL: -16840.033 / Time: 0h:0m:57s (0h:2m:6s left)
Iteration 50 / LogL: -16832.165 / Time: 0h:1m:9s (0h:1m:45s left)
Log-likelihood cutoff on original alignment: -16873.394
UFBoot trees printed to /mnt/ivy/thliao/project/AOB/analysis/20210713_repeat/add_Chromatiaces/phy_files/mitoR24_prot/withEuk/MitoCOG0043.ufboot
Iteration 60 / LogL: -16837.175 / Time: 0h:1m:21s (0h:1m:29s left)
Iteration 70 / LogL: -16828.589 / Time: 0h:1m:33s (0h:1m:14s left)
Iteration 80 / LogL: -16830.137 / Time: 0h:1m:45s (0h:1m:0s left)
Iteration 90 / LogL: -16829.403 / Time: 0h:1m:55s (0h:0m:45s left)
Iteration 100 / LogL: -16828.589 / Time: 0h:2m:7s (0h:0m:32s left)
Log-likelihood cutoff on original alignment: -16873.394
NOTE: Bootstrap correlation coefficient of split occurrence frequencies: 0.998
UFBoot trees printed to /mnt/ivy/thliao/project/AOB/analysis/20210713_repeat/add_Chromatiaces/phy_files/mitoR24_prot/withEuk/MitoCOG0043.ufboot
Iteration 110 / LogL: -16828.739 / Time: 0h:2m:19s (0h:1m:54s left)
Estimate model parameters (epsilon = 0.100)
BETTER TREE FOUND at iteration 112: -16826.442
Estimate model parameters (epsilon = 0.100)
BETTER TREE FOUND at iteration 117: -16826.085
Iteration 120 / LogL: -16826.109 / Time: 0h:2m:30s (0h:2m:2s left)
Estimate model parameters (epsilon = 0.100)
BETTER TREE FOUND at iteration 128: -16826.036
Iteration 130 / LogL: -16842.601 / Time: 0h:2m:43s (0h:2m:3s left)
Iteration 140 / LogL: -16842.600 / Time: 0h:2m:54s (0h:1m:50s left)
Iteration 150 / LogL: -16827.567 / Time: 0h:3m:5s (0h:1m:37s left)
Log-likelihood cutoff on original alignment: -16873.394
UFBoot trees printed to /mnt/ivy/thliao/project/AOB/analysis/20210713_repeat/add_Chromatiaces/phy_files/mitoR24_prot/withEuk/MitoCOG0043.ufboot
Iteration 160 / LogL: -16830.355 / Time: 0h:3m:17s (0h:1m:24s left)
Iteration 170 / LogL: -16826.041 / Time: 0h:3m:29s (0h:1m:11s left)
Iteration 180 / LogL: -16826.179 / Time: 0h:3m:40s (0h:0m:59s left)
Iteration 190 / LogL: -16842.849 / Time: 0h:3m:51s (0h:0m:46s left)
Iteration 200 / LogL: -16826.752 / Time: 0h:4m:3s (0h:0m:34s left)
Log-likelihood cutoff on original alignment: -16873.394
NOTE: Bootstrap correlation coefficient of split occurrence frequencies: 0.987
NOTE: UFBoot does not converge, continue at least 100 more iterations
UFBoot trees printed to /mnt/ivy/thliao/project/AOB/analysis/20210713_repeat/add_Chromatiaces/phy_files/mitoR24_prot/withEuk/MitoCOG0043.ufboot
Iteration 210 / LogL: -16828.447 / Time: 0h:4m:16s (0h:1m:50s left)
Iteration 220 / LogL: -16846.248 / Time: 0h:4m:28s (0h:1m:38s left)
Iteration 230 / LogL: -16828.023 / Time: 0h:4m:40s (0h:1m:25s left)
Iteration 240 / LogL: -16829.623 / Time: 0h:4m:52s (0h:1m:13s left)
Iteration 250 / LogL: -16826.045 / Time: 0h:5m:4s (0h:1m:1s left)
Log-likelihood cutoff on original alignment: -16873.394
UFBoot trees printed to /mnt/ivy/thliao/project/AOB/analysis/20210713_repeat/add_Chromatiaces/phy_files/mitoR24_prot/withEuk/MitoCOG0043.ufboot
Iteration 260 / LogL: -16826.200 / Time: 0h:5m:16s (0h:0m:48s left)
Iteration 270 / LogL: -16826.091 / Time: 0h:5m:28s (0h:0m:36s left)
Iteration 280 / LogL: -16826.047 / Time: 0h:5m:40s (0h:0m:24s left)
Iteration 290 / LogL: -16826.174 / Time: 0h:5m:53s (0h:0m:12s left)
Iteration 300 / LogL: -16826.048 / Time: 0h:6m:4s (0h:0m:0s left)
Log-likelihood cutoff on original alignment: -16873.394
NOTE: Bootstrap correlation coefficient of split occurrence frequencies: 0.999
UFBoot trees printed to /mnt/ivy/thliao/project/AOB/analysis/20210713_repeat/add_Chromatiaces/phy_files/mitoR24_prot/withEuk/MitoCOG0043.ufboot
TREE SEARCH COMPLETED AFTER 300 ITERATIONS / Time: 0h:6m:5s

--------------------------------------------------------------------
|                    FINALIZING TREE SEARCH                        |
--------------------------------------------------------------------
Performs final model parameters optimization
Estimate model parameters (epsilon = 0.010)
1. Initial log-likelihood: -16826.036
Optimal log-likelihood: -16826.036
Proportion of invariable sites: 0.040
Gamma shape alpha: 1.062
Parameters optimization took 1 rounds (0.156 sec)
BEST SCORE FOUND : -16826.036
Creating bootstrap support values...
Split supports printed to NEXUS file /mnt/ivy/thliao/project/AOB/analysis/20210713_repeat/add_Chromatiaces/phy_files/mitoR24_prot/withEuk/MitoCOG0043.splits.nex
Total tree length: 36.377

Total number of iterations: 300
CPU time used for tree search: 705.015 sec (0h:11m:45s)
Wall-clock time used for tree search: 358.895 sec (0h:5m:58s)
Total CPU time used: 719.724 sec (0h:11m:59s)
Total wall-clock time used: 366.372 sec (0h:6m:6s)
UFBoot trees printed to /mnt/ivy/thliao/project/AOB/analysis/20210713_repeat/add_Chromatiaces/phy_files/mitoR24_prot/withEuk/MitoCOG0043.ufboot

Computing bootstrap consensus tree...
Reading input file /mnt/ivy/thliao/project/AOB/analysis/20210713_repeat/add_Chromatiaces/phy_files/mitoR24_prot/withEuk/MitoCOG0043.splits.nex...
67 taxa and 439 splits.
Consensus tree written to /mnt/ivy/thliao/project/AOB/analysis/20210713_repeat/add_Chromatiaces/phy_files/mitoR24_prot/withEuk/MitoCOG0043.contree
Reading input trees file /mnt/ivy/thliao/project/AOB/analysis/20210713_repeat/add_Chromatiaces/phy_files/mitoR24_prot/withEuk/MitoCOG0043.contree
Log-likelihood of consensus tree: -16826.085

Analysis results written to: 
  IQ-TREE report:                /mnt/ivy/thliao/project/AOB/analysis/20210713_repeat/add_Chromatiaces/phy_files/mitoR24_prot/withEuk/MitoCOG0043.iqtree
  Maximum-likelihood tree:       /mnt/ivy/thliao/project/AOB/analysis/20210713_repeat/add_Chromatiaces/phy_files/mitoR24_prot/withEuk/MitoCOG0043.treefile
  Likelihood distances:          /mnt/ivy/thliao/project/AOB/analysis/20210713_repeat/add_Chromatiaces/phy_files/mitoR24_prot/withEuk/MitoCOG0043.mldist

Ultrafast bootstrap approximation results written to:
  Split support values:          /mnt/ivy/thliao/project/AOB/analysis/20210713_repeat/add_Chromatiaces/phy_files/mitoR24_prot/withEuk/MitoCOG0043.splits.nex
  Consensus tree:                /mnt/ivy/thliao/project/AOB/analysis/20210713_repeat/add_Chromatiaces/phy_files/mitoR24_prot/withEuk/MitoCOG0043.contree
  UFBoot trees:                  /mnt/ivy/thliao/project/AOB/analysis/20210713_repeat/add_Chromatiaces/phy_files/mitoR24_prot/withEuk/MitoCOG0043.ufboot
  Screen log file:               /mnt/ivy/thliao/project/AOB/analysis/20210713_repeat/add_Chromatiaces/phy_files/mitoR24_prot/withEuk/MitoCOG0043.log

Date and Time: Mon Dec 12 10:09:42 2022
