IQ-TREE multicore version 1.6.12 for Linux 64-bit built Aug 15 2019
Developed by Bui Quang Minh, Nguyen Lam Tung, Olga Chernomor,
Heiko Schmidt, Dominik Schrempf, Michael Woodhams.

Host:    cl002 (AVX2, FMA3, 251 GB RAM)
Command: iqtree -nt 2 -redo -wbtl -bb 1000 -pre /mnt/ivy/thliao/project/AOB/analysis/20210713_repeat/add_Chromatiaces/phy_files/mitoR24_prot/withEuk/MitoCOG0055 -s /mnt/ivy/thliao/project/AOB/analysis/20210713_repeat/add_Chromatiaces/phy_files/mitoR24_prot/withEuk/MitoCOG0055.aln
Seed:    970742 (Using SPRNG - Scalable Parallel Random Number Generator)
Time:    Mon Dec 12 09:42:16 2022
Kernel:  AVX+FMA - 2 threads (64 CPU cores detected)

Reading alignment file /mnt/ivy/thliao/project/AOB/analysis/20210713_repeat/add_Chromatiaces/phy_files/mitoR24_prot/withEuk/MitoCOG0055.aln ... Fasta format detected
Alignment most likely contains protein sequences
WARNING: 1 sites contain only gaps or ambiguous characters.
Alignment has 101 sequences with 102 columns, 102 distinct patterns
88 parsimony-informative, 8 singleton sites, 6 constant sites
                           Gap/Ambiguity  Composition  p-value
   1  GCA_001881495.1              0.98%    passed     99.70%
   2  GCA_001697225.1              0.98%    passed     55.66%
   3  GCA_001904725.1              1.96%    passed     86.46%
   4  GCA_002007425.1              0.98%    passed     94.39%
   5  GCA_000332035.1              1.96%    passed     94.22%
   6  GCA_000024725.1              0.98%    passed     99.16%
   7  GCA_004421105.1              0.98%    passed     98.21%
   8  GCA_014635705.1              0.98%    passed     89.68%
   9  GCA_013141375.1              0.98%    passed     97.58%
  10  GCA_000380225.1              6.86%    passed     95.49%
  11  GCA_000011385.1             33.33%    passed     73.44%
  12  GCA_000317535.1              1.96%    passed     99.86%
  13  GCA_010027455.1              0.98%    passed     54.89%
  14  GCA_013521015.1              0.98%    passed     99.80%
  15  GCA_000314005.1              6.86%    passed     63.78%
  16  GCA_000760695.4              1.96%    passed     99.71%
  17  GCA_001828545.1             40.20%    passed     41.23%
  18  GCA_000214665.1              0.98%    passed     99.92%
  19  GCA_001566965.1              0.98%    passed     99.77%
  20  GCA_002072955.1              0.98%    passed     99.94%
  21  GCA_009833095.1              0.98%    passed     15.38%
  22  GCA_000948975.1              0.98%    passed     97.19%
  23  GCA_000740735.1              0.98%    passed     94.76%
  24  GCA_003015105.1              1.96%    passed     90.89%
  25  GCA_900110495.1              0.98%    passed     93.04%
  26  GCA_006496635.1              0.98%    passed     75.30%
  27  GCA_000473895.1              1.96%    passed     96.24%
  28  GCA_008189685.1              0.98%    passed     85.10%
  29  GCA_002924445.1              0.98%    passed     98.60%
  30  GCA_000332275.1              5.88%    passed     75.76%
  31  GCA_016592635.1              0.98%    passed     99.89%
  32  GCA_002218085.1              1.96%    passed     87.80%
  33  GCA_001458695.1              0.98%    passed     99.85%
  34  GCA_001644685.1              0.98%    passed     99.66%
  35  GCA_900119825.1              0.98%    passed     55.91%
  36  GCA_000952155.1              1.96%    passed     92.26%
  37  GCA_000317495.1              1.96%    passed     73.88%
  38  GCA_002868715.1              0.98%    passed     46.93%
  39  GCA_014859375.1              0.98%    passed     88.43%
  40  GCA_004282745.1             40.20%    passed     19.45%
  41  GCA_000469665.2              0.98%    passed     66.91%
  42  GCA_002109495.1             40.20%    passed     50.76%
  43  GCA_001772005.1              0.98%    passed     97.74%
  44  GCA_000317515.1              1.96%    passed     97.14%
  45  GCA_002162035.1              0.98%    passed     98.26%
  46  GCA_002356115.1              0.98%    passed     98.96%
  47  GCA_000317575.1              6.86%    passed     75.01%
  48  GCA_004684205.1              0.98%    passed     80.33%
  49  GCA_000379525.1              0.98%    passed     83.02%
  50  GCA_001890765.1              6.86%    passed     95.91%
  51  GCA_001187785.1              0.98%    passed     58.28%
  52  GCA_000263335.1              0.98%    passed     87.89%
  53  GCA_007992375.1              0.98%    passed     97.44%
  54  GCA_004168365.1              0.98%    passed     87.15%
  55  GCA_000014865.1             40.20%    passed     76.01%
  56  GCA_000934545.1              0.98%    passed     86.44%
  57  GCA_002355455.1              6.86%    passed     72.37%
  58  GCA_000264455.2              0.98%    passed     90.27%
  59  GCA_004195045.1             40.20%    passed      7.48%
  60  GCA_001828295.1             40.20%    passed     17.17%
  61  GCA_013697045.1              0.98%    passed     92.43%
  62  GCA_001469165.1              0.98%    passed     60.42%
  63  GCA_013140465.1              0.98%    passed     89.68%
  64  GCA_001747005.1              6.86%    passed     75.03%
  65  GCA_002083815.1             40.20%    passed     44.70%
  66  GCA_000013225.1              5.88%    passed     99.35%
  67  GCA_003003885.1              1.96%    passed     74.90%
  68  GCA_000346485.2              1.96%    passed     96.24%
  69  GCA_902810445.1              0.98%    passed     76.71%
  70  GCA_000828615.1              0.98%    passed     97.51%
  71  GCA_001007875.1              0.98%    passed     99.59%
  72  GCA_000228725.3              0.98%    passed     94.03%
  73  GCA_003532895.1             40.20%    passed     57.45%
  74  GCA_001267195.1              0.98%    passed     94.63%
  75  GCA_003851125.1              0.98%    passed     96.28%
  76  GCA_003644325.1             40.20%    passed     30.53%
  77  GCA_003696005.1             40.20%    passed     46.48%
  78  GCA_001828535.1             40.20%    failed      3.48%
  79  GCA_016788925.1              0.98%    passed     70.09%
  80  GCA_003719295.1              0.98%    passed     42.11%
  81  GCA_006385135.1              0.98%    passed     94.52%
  82  GCA_007197755.1              0.98%    passed     70.80%
  83  GCA_003551305.1             40.20%    passed     81.48%
  84  GCA_003015145.1              0.98%    passed     67.20%
  85  GCA_005524015.1             40.20%    passed      6.95%
  86  GCA_902459485.1              0.98%    passed     58.84%
  87  GCA_001803795.1             40.20%    passed     50.35%
  88  GCA_000949635.1             40.20%    passed     14.26%
  89  GCA_016873455.1              0.98%    passed     85.51%
  90  GCA_900107585.1              0.98%    passed     99.39%
  91  Jakoba_bahamiensis           1.96%    passed      6.55%
  92  Jakoba_libera                0.98%    passed     46.24%
  93  Seculamonas_ecuadoriensis    4.90%    passed     22.89%
  94  Andalucia_godoyi             1.96%    passed     92.76%
  95  Histiona_aroides             1.96%    passed     54.29%
  96  Phytophthora_infestans       2.94%    failed      0.09%
  97  Reclinomonas_americana       1.96%    passed     34.19%
  98  Physcomitrella_patens        2.94%    passed     52.60%
  99  Ostreococcus_tauri           2.94%    failed      3.94%
 100  Cyanidioschyzon_merolae     14.71%    failed      0.40%
 101  Malawimonas_jakobiformis     2.94%    failed      0.07%
****  TOTAL                        7.98%  5 sequences failed composition chi2 test (p-value<5%; df=19)


Create initial parsimony tree by phylogenetic likelihood library (PLL)... 0.033 seconds
NOTE: ModelFinder requires 19 MB RAM!
ModelFinder will test 546 protein models (sample size: 102) ...
 No. Model         -LnL         df  AIC          AICc         BIC
  1  Dayhoff       10615.020    199 21628.039    101228.039   22150.409
  2  Dayhoff+I     10547.474    200 21494.947    101894.947   22019.942
  3  Dayhoff+G4    10108.393    200 20616.786    101016.786   21141.781
  4  Dayhoff+I+G4  10105.211    201 20612.422    101816.422   21140.041
  5  Dayhoff+R2    10210.835    201 20823.670    102027.670   21351.290
  6  Dayhoff+R3    10134.007    203 20674.015    103498.015   21206.884
  7  Dayhoff+R4    10104.004    205 20618.009    105078.009   21156.128
  8  Dayhoff+R5    10099.118    207 20612.235    106724.235   21155.605
  9  Dayhoff+R6    10096.369    209 20610.739    108390.739   21159.358
 14  Dayhoff+F     10603.596    218 21643.191    117127.191   22215.435
 15  Dayhoff+F+I   10526.774    219 21491.548    117851.548   22066.417
 16  Dayhoff+F+G4  10099.122    219 20636.243    116996.243   21211.112
 17  Dayhoff+F+I+G4 10094.566    220 20629.131    117869.131   21206.625
 18  Dayhoff+F+R2  10213.734    220 20867.468    118107.468   21444.962
 19  Dayhoff+F+R3  10117.582    222 20679.164    119691.164   21261.908
 20  Dayhoff+F+R4  10095.986    224 20639.971    121439.971   21227.965
 21  Dayhoff+F+R5  10088.431    226 20628.863    123232.863   21222.107
 22  Dayhoff+F+R6  10085.626    228 20627.252    125051.252   21225.745
 27  mtMAM         11902.587    199 24203.173    103803.173   24725.543
 28  mtMAM+I       11797.927    200 23995.853    104395.853   24520.848
 29  mtMAM+G4      11043.055    200 22486.110    102886.110   23011.104
 30  mtMAM+I+G4    11038.766    201 22479.532    103683.532   23007.152
 31  mtMAM+R2      11226.729    201 22855.458    104059.458   23383.078
 32  mtMAM+R3      11093.517    203 22593.035    105417.035   23125.904
 33  mtMAM+R4      11063.786    205 22537.572    106997.572   23075.692
 34  mtMAM+R5      11050.820    207 22515.640    108627.640   23059.010
 35  mtMAM+R6      11042.668    209 22503.335    110283.335   23051.955
 36  mtMAM+R7      11025.668    211 22473.335    111937.335   23027.204
 37  mtMAM+R8      11021.689    213 22469.378    113633.378   23028.497
 40  mtMAM+F       11202.892    218 22841.784    118325.784   23414.028
 41  mtMAM+F+I     11104.698    219 22647.397    119007.397   23222.266
 42  mtMAM+F+G4    10533.427    219 21504.854    117864.854   22079.723
 43  mtMAM+F+I+G4  10527.384    220 21494.768    118734.768   22072.262
 44  mtMAM+F+R2    10695.764    220 21831.528    119071.528   22409.022
 45  mtMAM+F+R3    10581.608    222 21607.216    120619.216   22189.960
 46  mtMAM+F+R4    10548.582    224 21545.164    122345.164   22133.157
 47  mtMAM+F+R5    10532.378    226 21516.756    124120.756   22110.000
 48  mtMAM+F+R6    10528.185    228 21512.371    125936.371   22110.864
 53  JTT           10627.383    199 21652.767    101252.767   22175.136
 54  JTT+I         10544.265    200 21488.529    101888.529   22013.524
 55  JTT+G4        10100.318    200 20600.636    101000.636   21125.630
 56  JTT+I+G4      10097.640    201 20597.281    101801.281   21124.900
 57  JTT+R2        10208.256    201 20818.512    102022.512   21346.131
 58  JTT+R3        10121.527    203 20649.055    103473.055   21181.924
 59  JTT+R4        10100.804    205 20611.608    105071.608   21149.727
 60  JTT+R5        10092.471    207 20598.941    106710.941   21142.311
 61  JTT+R6        10090.104    209 20598.208    108378.208   21146.828
 66  JTT+F         10736.208    218 21908.417    117392.417   22480.661
 67  JTT+F+I       10646.269    219 21730.538    118090.538   22305.407
 68  JTT+F+G4      10165.755    219 20769.510    117129.510   21344.379
 69  JTT+F+I+G4    10163.042    220 20766.084    118006.084   21343.578
 70  JTT+F+R2      10286.468    220 21012.935    118252.935   21590.429
 71  JTT+F+R3      10188.111    222 20820.223    119832.223   21402.967
 72  JTT+F+R4      10168.489    224 20784.979    121584.979   21372.973
 73  JTT+F+R5      10160.579    226 20773.159    123377.159   21366.402
 74  JTT+F+R6      10157.121    228 20770.242    125194.242   21368.736
 79  WAG           10426.929    199 21251.858    100851.858   21774.228
 80  WAG+I         10347.212    200 21094.425    101494.425   21619.419
 81  WAG+G4        9994.194     200 20388.388    100788.388   20913.382
 82  WAG+I+G4      9989.359     201 20380.718    101584.718   20908.338
 83  WAG+R2        10082.832    201 20567.664    101771.664   21095.283
 84  WAG+R3        10004.096    203 20414.193    103238.193   20947.062
 85  WAG+R4        9985.908     205 20381.817    104841.817   20919.936
 86  WAG+R5        9980.082     207 20374.165    106486.165   20917.534
 87  WAG+R6        9978.500     209 20375.000    108155.000   20923.619
 92  WAG+F         10539.070    218 21514.140    116998.140   22086.384
 93  WAG+F+I       10455.125    219 21348.251    117708.251   21923.120
 94  WAG+F+G4      10072.437    219 20582.875    116942.875   21157.744
 95  WAG+F+I+G4    10065.149    220 20570.297    117810.297   21147.791
 96  WAG+F+R2      10172.283    220 20784.566    118024.566   21362.060
 97  WAG+F+R3      10089.206    222 20622.411    119634.411   21205.155
 98  WAG+F+R4      10065.503    224 20579.005    121379.005   21166.999
 99  WAG+F+R5      10059.909    226 20571.817    123175.817   21165.061
100  WAG+F+R6      10057.086    228 20570.172    124994.172   21168.666
105  cpREV         10566.598    199 21531.197    101131.197   22053.566
106  cpREV+I       10495.539    200 21391.078    101791.078   21916.073
107  cpREV+G4      10108.554    200 20617.108    101017.108   21142.103
108  cpREV+I+G4    10104.654    201 20611.309    101815.309   21138.928
109  cpREV+R2      10214.397    201 20830.794    102034.794   21358.413
110  cpREV+R3      10132.723    203 20671.446    103495.446   21204.315
111  cpREV+R4      10107.016    205 20624.032    105084.032   21162.152
112  cpREV+R5      10102.055    207 20618.110    106730.110   21161.480
113  cpREV+R6      10100.143    209 20618.286    108398.286   21166.905
118  cpREV+F       10780.675    218 21997.350    117481.350   22569.594
119  cpREV+F+I     10701.483    219 21840.965    118200.965   22415.834
120  cpREV+F+G4    10238.380    219 20914.761    117274.761   21489.630
121  cpREV+F+I+G4  10235.220    220 20910.440    118150.440   21487.934
122  cpREV+F+R2    10356.857    220 21153.713    118393.713   21731.207
123  cpREV+F+R3    10270.611    222 20985.222    119997.222   21567.966
124  cpREV+F+R4    10244.099    224 20936.199    121736.199   21524.193
125  cpREV+F+R5    10234.459    226 20920.918    123524.918   21514.162
126  cpREV+F+R6    10231.822    228 20919.644    125343.644   21518.137
131  mtREV         11258.885    199 22915.770    102515.770   23438.139
132  mtREV+I       11176.449    200 22752.897    103152.897   23277.892
133  mtREV+G4      10679.519    200 21759.037    102159.037   22284.032
134  mtREV+I+G4    10672.722    201 21747.443    102951.443   22275.063
135  mtREV+R2      10800.876    201 22003.751    103207.751   22531.371
136  mtREV+R3      10704.495    203 21814.991    104638.991   22347.860
137  mtREV+R4      10684.622    205 21779.243    106239.243   22317.363
138  mtREV+R5      10673.485    207 21760.970    107872.970   22304.339
139  mtREV+R6      10670.600    209 21759.200    109539.200   22307.819
144  mtREV+F       10752.420    218 21940.841    117424.841   22513.085
145  mtREV+F+I     10678.883    219 21795.766    118155.766   22370.635
146  mtREV+F+G4    10261.564    219 20961.129    117321.129   21535.998
147  mtREV+F+I+G4  10257.064    220 20954.128    118194.128   21531.622
148  mtREV+F+R2    10382.240    220 21204.480    118444.480   21781.974
149  mtREV+F+R3    10282.095    222 21008.190    120020.190   21590.934
150  mtREV+F+R4    10260.261    224 20968.521    121768.521   21556.515
151  mtREV+F+R5    10250.466    226 20952.931    123556.931   21546.175
152  mtREV+F+R6    10248.071    228 20952.143    125376.143   21550.636
157  rtREV         10604.432    199 21606.865    101206.865   22129.234
158  rtREV+I       10496.420    200 21392.841    101792.841   21917.835
159  rtREV+G4      10083.633    200 20567.267    100967.267   21092.261
160  rtREV+I+G4    10078.673    201 20559.345    101763.345   21086.965
161  rtREV+R2      10204.637    201 20811.274    102015.274   21338.894
162  rtREV+R3      10103.253    203 20612.507    103436.507   21145.376
163  rtREV+R4      10085.600    205 20581.200    105041.200   21119.319
164  rtREV+R5      10075.414    207 20564.829    106676.829   21108.198
165  rtREV+R6      10072.004    209 20562.008    108342.008   21110.627
170  rtREV+F       10657.652    218 21751.303    117235.303   22323.547
171  rtREV+F+I     10550.607    219 21539.215    117899.215   22114.084
172  rtREV+F+G4    10120.714    219 20679.428    117039.428   21254.297
173  rtREV+F+I+G4  10113.983    220 20667.966    117907.966   21245.460
174  rtREV+F+R2    10244.797    220 20929.593    118169.593   21507.087
175  rtREV+F+R3    10143.284    222 20730.569    119742.569   21313.313
176  rtREV+F+R4    10122.297    224 20692.594    121492.594   21280.587
177  rtREV+F+R5    10111.249    226 20674.498    123278.498   21267.742
178  rtREV+F+R6    10107.712    228 20671.424    125095.424   21269.918
183  mtART         11683.590    199 23765.180    103365.180   24287.550
184  mtART+I       11556.047    200 23512.094    103912.094   24037.088
185  mtART+G4      10842.839    200 22085.677    102485.677   22610.672
186  mtART+I+G4    10835.818    201 22073.635    103277.635   22601.255
187  mtART+R2      11026.538    201 22455.075    103659.075   22982.695
188  mtART+R3      10895.782    203 22197.565    105021.565   22730.434
189  mtART+R4      10874.424    205 22158.848    106618.848   22696.968
190  mtART+R5      10855.305    207 22124.610    108236.610   22667.980
191  mtART+R6      10847.966    209 22113.933    109893.933   22662.552
192  mtART+R7      10821.780    211 22065.560    111529.560   22619.429
193  mtART+R8      10818.593    213 22063.186    113227.186   22622.305
196  mtART+F       11101.572    218 22639.143    118123.143   23211.387
197  mtART+F+I     10992.158    219 22422.317    118782.317   22997.186
198  mtART+F+G4    10402.030    219 21242.059    117602.059   21816.928
199  mtART+F+I+G4  10394.234    220 21228.467    118468.467   21805.961
200  mtART+F+R2    10575.227    220 21590.454    118830.454   22167.948
201  mtART+F+R3    10445.303    222 21334.606    120346.606   21917.350
202  mtART+F+R4    10417.528    224 21283.057    122083.057   21871.051
203  mtART+F+R5    10402.975    226 21257.949    123861.949   21851.193
204  mtART+F+R6    10397.693    228 21251.387    125675.387   21849.881
205  mtART+F+R7    10380.719    230 21221.439    127481.439   21825.183
206  mtART+F+R8    10379.040    232 21222.079    129334.079   21831.073
209  mtZOA         11242.332    199 22882.665    102482.665   23405.034
210  mtZOA+I       11130.551    200 22661.102    103061.102   23186.097
211  mtZOA+G4      10518.739    200 21437.478    101837.478   21962.473
212  mtZOA+I+G4    10511.933    201 21425.866    102629.866   21953.485
213  mtZOA+R2      10669.187    201 21740.374    102944.374   22267.994
214  mtZOA+R3      10568.985    203 21543.971    104367.971   22076.840
215  mtZOA+R4      10540.518    205 21491.036    105951.036   22029.156
216  mtZOA+R5      10526.030    207 21466.060    107578.060   22009.430
217  mtZOA+R6      10519.792    209 21457.585    109237.585   22006.204
218  mtZOA+R7      10501.510    211 21425.019    110889.019   21978.888
219  mtZOA+R8      10499.172    213 21424.344    112588.344   21983.463
222  mtZOA+F       10888.335    218 22212.670    117696.670   22784.915
223  mtZOA+F+I     10790.019    219 22018.038    118378.038   22592.907
224  mtZOA+F+G4    10277.805    219 20993.611    117353.611   21568.480
225  mtZOA+F+I+G4  10271.251    220 20982.502    118222.502   21559.996
226  mtZOA+F+R2    10421.170    220 21282.341    118522.341   21859.835
227  mtZOA+F+R3    10307.329    222 21058.658    120070.658   21641.402
228  mtZOA+F+R4    10285.773    224 21019.545    121819.545   21607.539
229  mtZOA+F+R5    10271.023    226 20994.046    123598.046   21587.290
230  mtZOA+F+R6    10267.119    228 20990.238    125414.238   21588.731
235  VT            10437.851    199 21273.702    100873.702   21796.071
236  VT+I          10354.440    200 21108.880    101508.880   21633.874
237  VT+G4         10000.392    200 20400.784    100800.784   20925.779
238  VT+I+G4       9996.832     201 20395.663    101599.663   20923.283
239  VT+R2         10095.377    201 20592.754    101796.754   21120.373
240  VT+R3         10008.935    203 20423.870    103247.870   20956.740
241  VT+R4         9995.720     205 20401.439    104861.439   20939.559
242  VT+R5         9989.165     207 20392.330    106504.330   20935.699
243  VT+R6         9987.283     209 20392.566    108172.566   20941.186
248  VT+F          10547.501    218 21531.001    117015.001   22103.245
249  VT+F+I        10461.892    219 21361.784    117721.784   21936.653
250  VT+F+G4       10086.821    219 20611.642    116971.642   21186.512
251  VT+F+I+G4     10080.704    220 20601.408    117841.408   21178.902
252  VT+F+R2       10187.265    220 20814.530    118054.530   21392.024
253  VT+F+R3       10097.334    222 20638.669    119650.669   21221.413
254  VT+F+R4       10079.785    224 20607.570    121407.570   21195.563
255  VT+F+R5       10074.515    226 20601.029    123205.029   21194.273
256  VT+F+R6       10071.847    228 20599.693    125023.693   21198.187
261  LG            10487.424    199 21372.848    100972.848   21895.218
262  LG+I          10389.354    200 21178.708    101578.708   21703.702
263  LG+G4         9980.770     200 20361.539    100761.539   20886.534
264  LG+I+G4       9976.204     201 20354.409    101558.409   20882.028
265  LG+R2         10089.958    201 20581.917    101785.917   21109.536
266  LG+R3         9999.501     203 20405.001    103229.001   20937.871
267  LG+R4         9979.235     205 20368.471    104828.471   20906.590
268  LG+R5         9970.943     207 20355.886    106467.886   20899.255
269  LG+R6         9968.069     209 20354.138    108134.138   20902.758
274  LG+F          10637.460    218 21710.920    117194.920   22283.164
275  LG+F+I        10538.135    219 21514.269    117874.269   22089.138
276  LG+F+G4       10095.909    219 20629.817    116989.817   21204.686
277  LG+F+I+G4     10089.303    220 20618.606    117858.606   21196.100
278  LG+F+R2       10210.824    220 20861.649    118101.649   21439.143
279  LG+F+R3       10118.443    222 20680.887    119692.887   21263.631
280  LG+F+R4       10094.484    224 20636.968    121436.968   21224.962
281  LG+F+R5       10087.420    226 20626.840    123230.840   21220.084
282  LG+F+R6       10084.769    228 20625.538    125049.538   21224.032
287  DCMut         10613.769    199 21625.538    101225.538   22147.908
288  DCMut+I       10546.292    200 21492.583    101892.583   22017.578
289  DCMut+G4      10108.039    200 20616.079    101016.079   21141.073
290  DCMut+I+G4    10104.869    201 20611.739    101815.739   21139.358
291  DCMut+R2      10210.458    201 20822.915    102026.915   21350.535
292  DCMut+R3      10131.783    203 20669.566    103493.566   21202.436
293  DCMut+R4      10103.670    205 20617.339    105077.339   21155.459
294  DCMut+R5      10099.929    207 20613.858    106725.858   21157.228
300  DCMut+F       10602.290    218 21640.580    117124.580   22212.824
301  DCMut+F+I     10525.538    219 21489.077    117849.077   22063.946
302  DCMut+F+G4    10098.592    219 20635.183    116995.183   21210.052
303  DCMut+F+I+G4  10094.017    220 20628.033    117868.033   21205.527
304  DCMut+F+R2    10213.076    220 20866.153    118106.153   21443.647
305  DCMut+F+R3    10115.042    222 20674.084    119686.084   21256.828
306  DCMut+F+R4    10094.512    224 20637.024    121437.024   21225.018
307  DCMut+F+R5    10089.868    226 20631.736    123235.736   21224.980
308  DCMut+F+R6    10088.007    228 20632.013    125056.013   21230.507
313  PMB           10465.595    199 21329.189    100929.189   21851.559
314  PMB+I         10382.883    200 21165.767    101565.767   21690.761
315  PMB+G4        10059.929    200 20519.857    100919.857   21044.852
316  PMB+I+G4      10057.350    201 20516.700    101720.700   21044.320
317  PMB+R2        10152.412    201 20706.824    101910.824   21234.444
318  PMB+R3        10063.974    203 20533.949    103357.949   21066.818
319  PMB+R4        10049.988    205 20509.976    104969.976   21048.096
320  PMB+R5        10045.038    207 20504.076    106616.076   21047.445
321  PMB+R6        10043.832    209 20505.663    108285.663   21054.283
326  PMB+F         10570.212    218 21576.423    117060.423   22148.667
327  PMB+F+I       10488.130    219 21414.261    117774.261   21989.130
328  PMB+F+G4      10146.165    219 20730.331    117090.331   21305.200
329  PMB+F+I+G4    10141.720    220 20723.439    117963.439   21300.933
330  PMB+F+R2      10244.023    220 20928.045    118168.045   21505.539
331  PMB+F+R3      10153.704    222 20751.408    119763.408   21334.152
332  PMB+F+R4      10133.087    224 20714.174    121514.174   21302.168
333  PMB+F+R5      10131.981    226 20715.963    123319.963   21309.207
339  HIVb          11154.223    199 22706.446    102306.446   23228.816
340  HIVb+I        11053.397    200 22506.794    102906.794   23031.789
341  HIVb+G4       10445.369    200 21290.739    101690.739   21815.733
342  HIVb+I+G4     10440.144    201 21282.287    102486.287   21809.907
343  HIVb+R2       10590.110    201 21582.219    102786.219   22109.839
344  HIVb+R3       10473.510    203 21353.021    104177.021   21885.890
345  HIVb+R4       10445.777    205 21301.554    105761.554   21839.673
346  HIVb+R5       10442.700    207 21299.400    107411.400   21842.769
352  HIVb+F        11324.546    218 23085.092    118569.092   23657.336
353  HIVb+F+I      11215.777    219 22869.555    119229.555   23444.424
354  HIVb+F+G4     10507.109    219 21452.217    117812.217   22027.086
355  HIVb+F+I+G4   10506.619    220 21453.238    118693.238   22030.732
356  HIVb+F+R2     10693.459    220 21826.917    119066.917   22404.411
357  HIVb+F+R3     10543.900    222 21531.801    120543.801   22114.545
358  HIVb+F+R4     10518.308    224 21484.616    122284.616   22072.610
359  HIVb+F+R5     10513.748    226 21479.495    124083.495   22072.739
365  HIVw          11636.899    199 23671.799    103271.799   24194.168
366  HIVw+I        11538.116    200 23476.233    103876.233   24001.227
367  HIVw+G4       10907.959    200 22215.919    102615.919   22740.913
368  HIVw+I+G4     10892.778    201 22187.555    103391.555   22715.175
369  HIVw+R2       11049.183    201 22500.365    103704.365   23027.985
370  HIVw+R3       10936.220    203 22278.439    105102.439   22811.309
371  HIVw+R4       10897.277    205 22204.554    106664.554   22742.673
372  HIVw+R5       10894.187    207 22202.374    108314.374   22745.744
378  HIVw+F        11637.900    218 23711.800    119195.800   24284.044
379  HIVw+F+I      11530.171    219 23498.342    119858.342   24073.211
380  HIVw+F+G4     10795.033    219 22028.065    118388.065   22602.935
381  HIVw+F+I+G4   10794.522    220 22029.044    119269.044   22606.538
382  HIVw+F+R2     10990.294    220 22420.588    119660.588   22998.082
383  HIVw+F+R3     10845.851    222 22135.702    121147.702   22718.446
384  HIVw+F+R4     10810.716    224 22069.432    122869.432   22657.426
385  HIVw+F+R5     10808.962    226 22069.924    124673.924   22663.168
391  JTTDCMut      10617.282    199 21632.563    101232.563   22154.933
392  JTTDCMut+I    10535.004    200 21470.009    101870.009   21995.003
393  JTTDCMut+G4   10093.844    200 20587.689    100987.689   21112.683
394  JTTDCMut+I+G4 10091.250    201 20584.499    101788.499   21112.119
395  JTTDCMut+R2   10201.232    201 20804.464    102008.464   21332.084
396  JTTDCMut+R3   10112.479    203 20630.959    103454.959   21163.828
397  JTTDCMut+R4   10088.763    205 20587.526    105047.526   21125.646
398  JTTDCMut+R5   10088.476    207 20590.952    106702.952   21134.321
404  JTTDCMut+F    10725.023    218 21886.046    117370.046   22458.290
405  JTTDCMut+F+I  10636.277    219 21710.555    118070.555   22285.424
406  JTTDCMut+F+G4 10159.224    219 20756.448    117116.448   21331.317
407  JTTDCMut+F+I+G4 10156.459    220 20752.918    117992.918   21330.412
408  JTTDCMut+F+R2 10279.292    220 20998.584    118238.584   21576.078
409  JTTDCMut+F+R3 10177.959    222 20799.918    119811.918   21382.662
410  JTTDCMut+F+R4 10156.568    224 20761.135    121561.135   21349.129
411  JTTDCMut+F+R5 10154.295    226 20760.591    123364.591   21353.834
417  FLU           10979.895    199 22357.790    101957.790   22880.160
418  FLU+I         10883.470    200 22166.939    102566.939   22691.934
419  FLU+G4        10375.996    200 21151.992    101551.992   21676.986
420  FLU+I+G4      10372.417    201 21146.834    102350.834   21674.454
421  FLU+R2        10502.176    201 21406.352    102610.352   21933.971
422  FLU+R3        10402.052    203 21210.103    104034.103   21742.973
423  FLU+R4        10373.978    205 21157.956    105617.956   21696.075
424  FLU+R5        10370.680    207 21155.361    107267.361   21698.730
430  FLU+F         11172.070    218 22780.140    118264.140   23352.384
431  FLU+F+I       11057.863    219 22553.726    118913.726   23128.595
432  FLU+F+G4      10434.329    219 21306.658    117666.658   21881.527
433  FLU+F+I+G4    10433.561    220 21307.122    118547.122   21884.616
434  FLU+F+R2      10623.409    220 21686.817    118926.817   22264.311
435  FLU+F+R3      10478.197    222 21400.394    120412.394   21983.138
436  FLU+F+R4      10446.355    224 21340.710    122140.710   21928.704
437  FLU+F+R5      10443.659    226 21339.318    123943.318   21932.562
443  Blosum62      10451.808    199 21301.616    100901.616   21823.985
444  Blosum62+I    10368.468    200 21136.935    101536.935   21661.930
445  Blosum62+G4   10038.597    200 20477.193    100877.193   21002.188
446  Blosum62+I+G4 10035.370    201 20472.740    101676.740   21000.359
447  Blosum62+R2   10131.574    201 20665.147    101869.147   21192.767
448  Blosum62+R3   10046.064    203 20498.129    103322.129   21030.998
449  Blosum62+R4   10028.391    205 20466.782    104926.782   21004.902
450  Blosum62+R5   10023.492    207 20460.983    106572.983   21004.352
451  Blosum62+R6   10021.869    209 20461.737    108241.737   21010.357
456  Blosum62+F    10588.327    218 21612.654    117096.654   22184.898
457  Blosum62+F+I  10506.026    219 21450.051    117810.051   22024.920
458  Blosum62+F+G4 10152.364    219 20742.729    117102.729   21317.598
459  Blosum62+F+I+G4 10147.136    220 20734.272    117974.272   21311.766
460  Blosum62+F+R2 10249.390    220 20938.779    118178.779   21516.273
461  Blosum62+F+R3 10164.270    222 20772.539    119784.539   21355.283
462  Blosum62+F+R4 10139.698    224 20727.396    121527.396   21315.390
463  Blosum62+F+R5 10138.925    226 20729.849    123333.849   21323.093
469  mtMet         11320.738    199 23039.475    102639.475   23561.845
470  mtMet+I       11227.636    200 22855.272    103255.272   23380.267
471  mtMet+G4      10687.632    200 21775.264    102175.264   22300.259
472  mtMet+I+G4    10682.629    201 21767.258    102971.258   22294.878
473  mtMet+R2      10823.592    201 22049.185    103253.185   22576.804
474  mtMet+R3      10732.144    203 21870.288    104694.288   22403.157
475  mtMet+R4      10700.935    205 21811.871    106271.871   22349.990
476  mtMet+R5      10693.673    207 21801.345    107913.345   22344.715
477  mtMet+R6      10689.494    209 21796.989    109576.989   22345.608
482  mtMet+F       10797.403    218 22030.806    117514.806   22603.051
483  mtMet+F+I     10709.126    219 21856.253    118216.253   22431.122
484  mtMet+F+G4    10247.181    219 20932.362    117292.362   21507.231
485  mtMet+F+I+G4  10242.840    220 20925.681    118165.681   21503.175
486  mtMet+F+R2    10384.061    220 21208.122    118448.122   21785.616
487  mtMet+F+R3    10281.022    222 21006.044    120018.044   21588.788
488  mtMet+F+R4    10246.223    224 20940.445    121740.445   21528.439
489  mtMet+F+R5    10243.413    226 20938.827    123542.827   21532.070
495  mtVer         11561.314    199 23520.627    103120.627   24042.997
496  mtVer+I       11463.473    200 23326.945    103726.945   23851.940
497  mtVer+G4      10843.638    200 22087.277    102487.277   22612.271
498  mtVer+I+G4    10838.686    201 22079.371    103283.371   22606.991
499  mtVer+R2      11002.680    201 22407.360    103611.360   22934.980
500  mtVer+R3      10884.078    203 22174.156    104998.156   22707.025
501  mtVer+R4      10857.445    205 22124.889    106584.889   22663.009
502  mtVer+R5      10852.672    207 22119.344    108231.344   22662.713
503  mtVer+R6      10849.127    209 22116.255    109896.255   22664.874
508  mtVer+F       10997.125    218 22430.251    117914.251   23002.495
509  mtVer+F+I     10902.044    219 22242.087    118602.087   22816.956
510  mtVer+F+G4    10422.986    219 21283.973    117643.973   21858.842
511  mtVer+F+I+G4  10417.729    220 21275.458    118515.458   21852.952
512  mtVer+F+R2    10566.172    220 21572.344    118812.344   22149.838
513  mtVer+F+R3    10457.263    222 21358.527    120370.527   21941.271
514  mtVer+F+R4    10430.464    224 21308.929    122108.929   21896.922
515  mtVer+F+R5    10422.900    226 21297.799    123901.799   21891.043
516  mtVer+F+R6    10420.224    228 21296.449    125720.449   21894.943
521  mtInv         11303.107    199 23004.214    102604.214   23526.583
522  mtInv+I       11209.808    200 22819.615    103219.615   23344.610
523  mtInv+G4      10718.399    200 21836.798    102236.798   22361.792
524  mtInv+I+G4    10711.566    201 21825.132    103029.132   22352.751
525  mtInv+R2      10848.180    201 22098.359    103302.359   22625.979
526  mtInv+R3      10757.304    203 21920.609    104744.609   22453.478
527  mtInv+R4      10724.484    205 21858.967    106318.967   22397.087
528  mtInv+R5      10716.905    207 21847.811    107959.811   22391.180
529  mtInv+R6      10713.869    209 21845.739    109625.739   22394.358
534  mtInv+F       10747.164    218 21930.329    117414.329   22502.573
535  mtInv+F+I     10659.562    219 21757.123    118117.123   22331.992
536  mtInv+F+G4    10202.912    219 20843.824    117203.824   21418.693
537  mtInv+F+I+G4  10198.888    220 20837.775    118077.775   21415.269
538  mtInv+F+R2    10339.986    220 21119.972    118359.972   21697.466
539  mtInv+F+R3    10230.839    222 20905.678    119917.678   21488.421
540  mtInv+F+R4    10206.375    224 20860.750    121660.750   21448.744
541  mtInv+F+R5    10199.189    226 20850.378    123454.378   21443.622
542  mtInv+F+R6    10196.854    228 20849.709    125273.709   21448.202
Akaike Information Criterion:           LG+R6
Corrected Akaike Information Criterion: LG+G4
Bayesian Information Criterion:         LG+I+G4
Best-fit model: LG+I+G4 chosen according to BIC

All model information printed to /mnt/ivy/thliao/project/AOB/analysis/20210713_repeat/add_Chromatiaces/phy_files/mitoR24_prot/withEuk/MitoCOG0055.model.gz
CPU time for ModelFinder: 426.025 seconds (0h:7m:6s)
Wall-clock time for ModelFinder: 214.340 seconds (0h:3m:34s)
Generating 1000 samples for ultrafast bootstrap (seed: 970742)...

NOTE: 8 MB RAM (0 GB) is required!
Estimate model parameters (epsilon = 0.100)
Thoroughly optimizing +I+G parameters from 10 start values...
Init pinv, alpha: 0.000, 1.000 / Estimate: 0.000, 0.878 / LogL: -9980.764
Init pinv, alpha: 0.007, 1.000 / Estimate: 0.041, 1.050 / LogL: -9976.206
Init pinv, alpha: 0.013, 1.000 / Estimate: 0.041, 1.048 / LogL: -9976.208
Init pinv, alpha: 0.020, 1.000 / Estimate: 0.040, 1.043 / LogL: -9976.214
Init pinv, alpha: 0.026, 1.000 / Estimate: 0.041, 1.047 / LogL: -9976.209
Init pinv, alpha: 0.033, 1.000 / Estimate: 0.041, 1.050 / LogL: -9976.206
Init pinv, alpha: 0.039, 1.000 / Estimate: 0.041, 1.051 / LogL: -9976.205
Init pinv, alpha: 0.046, 1.000 / Estimate: 0.042, 1.054 / LogL: -9976.204
Init pinv, alpha: 0.052, 1.000 / Estimate: 0.042, 1.055 / LogL: -9976.204
Init pinv, alpha: 0.059, 1.000 / Estimate: 0.042, 1.054 / LogL: -9976.204
Optimal pinv,alpha: 0.042, 1.054 / LogL: -9976.204

Parameters optimization took 2.572 sec
Computing ML distances based on estimated model parameters... 4.621 sec
WARNING: Some pairwise ML distances are too long (saturated)
Computing BIONJ tree...
0.013 seconds
Log-likelihood of BIONJ tree: -10007.792
--------------------------------------------------------------------
|             INITIALIZING CANDIDATE TREE SET                      |
--------------------------------------------------------------------
Generating 98 parsimony trees... 3.278 second
Computing log-likelihood of 98 initial trees ... 5.536 seconds
Current best score: -9959.868

Do NNI search on 20 best initial trees
Estimate model parameters (epsilon = 0.100)
BETTER TREE FOUND at iteration 1: -9925.744
Estimate model parameters (epsilon = 0.100)
BETTER TREE FOUND at iteration 2: -9925.181
Estimate model parameters (epsilon = 0.100)
BETTER TREE FOUND at iteration 5: -9918.452
Iteration 10 / LogL: -9921.990 / Time: 0h:0m:22s
Iteration 20 / LogL: -9927.979 / Time: 0h:0m:31s
Finish initializing candidate tree set (20)
Current best tree score: -9918.452 / CPU time: 26.849
Number of iterations: 20
--------------------------------------------------------------------
|               OPTIMIZING CANDIDATE TREE SET                      |
--------------------------------------------------------------------
Estimate model parameters (epsilon = 0.100)
BETTER TREE FOUND at iteration 21: -9911.037
Estimate model parameters (epsilon = 0.100)
BETTER TREE FOUND at iteration 30: -9908.126
Iteration 30 / LogL: -9908.126 / Time: 0h:0m:40s (0h:2m:21s left)
Estimate model parameters (epsilon = 0.100)
BETTER TREE FOUND at iteration 31: -9908.059
Estimate model parameters (epsilon = 0.100)
BETTER TREE FOUND at iteration 33: -9906.856
Estimate model parameters (epsilon = 0.100)
BETTER TREE FOUND at iteration 34: -9902.378
Estimate model parameters (epsilon = 0.100)
BETTER TREE FOUND at iteration 40: -9899.726
Iteration 40 / LogL: -9899.726 / Time: 0h:0m:51s (0h:2m:10s left)
Iteration 50 / LogL: -9901.581 / Time: 0h:1m:0s (0h:1m:51s left)
Log-likelihood cutoff on original alignment: -9974.746
UFBoot trees printed to /mnt/ivy/thliao/project/AOB/analysis/20210713_repeat/add_Chromatiaces/phy_files/mitoR24_prot/withEuk/MitoCOG0055.ufboot
Estimate model parameters (epsilon = 0.100)
BETTER TREE FOUND at iteration 53: -9899.439
Iteration 60 / LogL: -9914.363 / Time: 0h:1m:11s (0h:1m:52s left)
Estimate model parameters (epsilon = 0.100)
BETTER TREE FOUND at iteration 70: -9898.700
Iteration 70 / LogL: -9898.700 / Time: 0h:1m:21s (0h:1m:57s left)
Estimate model parameters (epsilon = 0.100)
BETTER TREE FOUND at iteration 73: -9896.126
Iteration 80 / LogL: -9901.584 / Time: 0h:1m:30s (0h:1m:46s left)
Iteration 90 / LogL: -9910.791 / Time: 0h:1m:40s (0h:1m:33s left)
Estimate model parameters (epsilon = 0.100)
BETTER TREE FOUND at iteration 94: -9895.998
Iteration 100 / LogL: -9901.922 / Time: 0h:1m:48s (0h:1m:43s left)
Log-likelihood cutoff on original alignment: -9974.746
NOTE: Bootstrap correlation coefficient of split occurrence frequencies: 0.983
NOTE: UFBoot does not converge, continue at least 100 more iterations
UFBoot trees printed to /mnt/ivy/thliao/project/AOB/analysis/20210713_repeat/add_Chromatiaces/phy_files/mitoR24_prot/withEuk/MitoCOG0055.ufboot
Estimate model parameters (epsilon = 0.100)
BETTER TREE FOUND at iteration 107: -9895.910
Iteration 110 / LogL: -9895.928 / Time: 0h:2m:0s (0h:1m:46s left)
Iteration 120 / LogL: -9899.104 / Time: 0h:2m:9s (0h:1m:34s left)
Iteration 130 / LogL: -9895.925 / Time: 0h:2m:17s (0h:1m:22s left)
UPDATE BEST LOG-LIKELIHOOD: -9895.910
Iteration 140 / LogL: -9904.451 / Time: 0h:2m:26s (0h:1m:10s left)
Iteration 150 / LogL: -9898.172 / Time: 0h:2m:36s (0h:1m:0s left)
Log-likelihood cutoff on original alignment: -9974.746
UFBoot trees printed to /mnt/ivy/thliao/project/AOB/analysis/20210713_repeat/add_Chromatiaces/phy_files/mitoR24_prot/withEuk/MitoCOG0055.ufboot
Iteration 160 / LogL: -9896.795 / Time: 0h:2m:48s (0h:0m:49s left)
Iteration 170 / LogL: -9902.873 / Time: 0h:2m:57s (0h:0m:38s left)
Iteration 180 / LogL: -9902.192 / Time: 0h:3m:6s (0h:0m:28s left)
Iteration 190 / LogL: -9895.925 / Time: 0h:3m:15s (0h:0m:17s left)
UPDATE BEST LOG-LIKELIHOOD: -9895.910
Iteration 200 / LogL: -9914.877 / Time: 0h:3m:24s (0h:0m:7s left)
Log-likelihood cutoff on original alignment: -9974.746
NOTE: Bootstrap correlation coefficient of split occurrence frequencies: 0.998
UFBoot trees printed to /mnt/ivy/thliao/project/AOB/analysis/20210713_repeat/add_Chromatiaces/phy_files/mitoR24_prot/withEuk/MitoCOG0055.ufboot
TREE SEARCH COMPLETED AFTER 208 ITERATIONS / Time: 0h:3m:33s

--------------------------------------------------------------------
|                    FINALIZING TREE SEARCH                        |
--------------------------------------------------------------------
Performs final model parameters optimization
Estimate model parameters (epsilon = 0.010)
1. Initial log-likelihood: -9895.910
Optimal log-likelihood: -9895.909
Proportion of invariable sites: 0.042
Gamma shape alpha: 1.056
Parameters optimization took 1 rounds (0.090 sec)
BEST SCORE FOUND : -9895.909
Creating bootstrap support values...
Split supports printed to NEXUS file /mnt/ivy/thliao/project/AOB/analysis/20210713_repeat/add_Chromatiaces/phy_files/mitoR24_prot/withEuk/MitoCOG0055.splits.nex
Total tree length: 30.860

Total number of iterations: 208
CPU time used for tree search: 401.644 sec (0h:6m:41s)
Wall-clock time used for tree search: 207.955 sec (0h:3m:27s)
Total CPU time used: 412.789 sec (0h:6m:52s)
Total wall-clock time used: 213.712 sec (0h:3m:33s)
UFBoot trees printed to /mnt/ivy/thliao/project/AOB/analysis/20210713_repeat/add_Chromatiaces/phy_files/mitoR24_prot/withEuk/MitoCOG0055.ufboot

Computing bootstrap consensus tree...
Reading input file /mnt/ivy/thliao/project/AOB/analysis/20210713_repeat/add_Chromatiaces/phy_files/mitoR24_prot/withEuk/MitoCOG0055.splits.nex...
101 taxa and 840 splits.
Consensus tree written to /mnt/ivy/thliao/project/AOB/analysis/20210713_repeat/add_Chromatiaces/phy_files/mitoR24_prot/withEuk/MitoCOG0055.contree
Reading input trees file /mnt/ivy/thliao/project/AOB/analysis/20210713_repeat/add_Chromatiaces/phy_files/mitoR24_prot/withEuk/MitoCOG0055.contree
Log-likelihood of consensus tree: -9896.940

Analysis results written to: 
  IQ-TREE report:                /mnt/ivy/thliao/project/AOB/analysis/20210713_repeat/add_Chromatiaces/phy_files/mitoR24_prot/withEuk/MitoCOG0055.iqtree
  Maximum-likelihood tree:       /mnt/ivy/thliao/project/AOB/analysis/20210713_repeat/add_Chromatiaces/phy_files/mitoR24_prot/withEuk/MitoCOG0055.treefile
  Likelihood distances:          /mnt/ivy/thliao/project/AOB/analysis/20210713_repeat/add_Chromatiaces/phy_files/mitoR24_prot/withEuk/MitoCOG0055.mldist

Ultrafast bootstrap approximation results written to:
  Split support values:          /mnt/ivy/thliao/project/AOB/analysis/20210713_repeat/add_Chromatiaces/phy_files/mitoR24_prot/withEuk/MitoCOG0055.splits.nex
  Consensus tree:                /mnt/ivy/thliao/project/AOB/analysis/20210713_repeat/add_Chromatiaces/phy_files/mitoR24_prot/withEuk/MitoCOG0055.contree
  UFBoot trees:                  /mnt/ivy/thliao/project/AOB/analysis/20210713_repeat/add_Chromatiaces/phy_files/mitoR24_prot/withEuk/MitoCOG0055.ufboot
  Screen log file:               /mnt/ivy/thliao/project/AOB/analysis/20210713_repeat/add_Chromatiaces/phy_files/mitoR24_prot/withEuk/MitoCOG0055.log

Date and Time: Mon Dec 12 09:49:26 2022
