IQ-TREE multicore version 1.6.12 for Linux 64-bit built Aug 15 2019
Developed by Bui Quang Minh, Nguyen Lam Tung, Olga Chernomor,
Heiko Schmidt, Dominik Schrempf, Michael Woodhams.

Host:    cl007 (AVX512, FMA3, 503 GB RAM)
Command: iqtree -nt 2 -m LG -redo -wbtl -bb 1000 -pre /mnt/ivy/thliao/project/AOB/analysis/20210713_repeat/add_Chromatiaces/phy_files/mitoR24_prot/withEuk/MitoCOG0005 -s /mnt/ivy/thliao/project/AOB/analysis/20210713_repeat/add_Chromatiaces/phy_files/mitoR24_prot/withEuk/MitoCOG0005.aln
Seed:    369418 (Using SPRNG - Scalable Parallel Random Number Generator)
Time:    Mon Dec 12 10:16:03 2022
Kernel:  AVX+FMA - 2 threads (96 CPU cores detected)

Reading alignment file /mnt/ivy/thliao/project/AOB/analysis/20210713_repeat/add_Chromatiaces/phy_files/mitoR24_prot/withEuk/MitoCOG0005.aln ... Fasta format detected
Alignment most likely contains protein sequences
Alignment has 86 sequences with 465 columns, 449 distinct patterns
290 parsimony-informative, 93 singleton sites, 82 constant sites
                           Gap/Ambiguity  Composition  p-value
   1  GCA_001881495.1             37.85%    failed      0.00%
   2  GCA_001697225.1             36.99%    passed     97.23%
   3  GCA_001904725.1             55.48%    passed     89.12%
   4  GCA_002007425.1             48.17%    passed     23.39%
   5  GCA_000332035.1             56.34%    passed     90.68%
   6  GCA_000024725.1             38.06%    passed     98.98%
   7  GCA_004421105.1             38.06%    passed     96.35%
   8  GCA_014635705.1             38.49%    passed     72.48%
   9  GCA_013141375.1             38.28%    passed     98.28%
  10  GCA_000380225.1             55.27%    passed     39.27%
  11  GCA_000011385.1             55.27%    passed     98.25%
  12  GCA_000317535.1             55.27%    passed     56.37%
  13  GCA_010027455.1             36.99%    passed     95.08%
  14  GCA_000314005.1             55.91%    passed     66.51%
  15  GCA_000760695.4             55.48%    passed     62.95%
  16  GCA_000214665.1             37.42%    passed     79.87%
  17  GCA_001566965.1             37.42%    passed     83.66%
  18  GCA_002072955.1             38.06%    passed     95.99%
  19  GCA_009833095.1             38.71%    passed     98.15%
  20  GCA_015709615.1             38.71%    passed     96.98%
  21  GCA_000948975.1             50.11%    failed      3.76%
  22  GCA_000740735.1             38.06%    passed     99.13%
  23  GCA_003015105.1             55.70%    passed     87.55%
  24  GCA_015709635.1             38.71%    passed     97.19%
  25  GCA_900110495.1             39.35%    passed     75.26%
  26  GCA_006496635.1             51.18%    passed     18.28%
  27  GCA_000473895.1             55.70%    passed     73.04%
  28  GCA_016708925.1             35.48%    passed     86.79%
  29  GCA_002924445.1             40.22%    passed      6.48%
  30  GCA_016592635.1             37.85%    passed     91.98%
  31  GCA_002218085.1             57.42%    passed     96.04%
  32  GCA_001644685.1             37.42%    passed     77.79%
  33  GCA_900119825.1             39.14%    passed     87.98%
  34  GCA_000952155.1             55.27%    passed     83.60%
  35  GCA_000317495.1             55.27%    passed     61.19%
  36  GCA_002868715.1             30.32%    passed     65.47%
  37  GCA_014859375.1             38.49%    passed     61.80%
  38  GCA_001772005.1             39.14%    passed     93.16%
  39  GCA_000317515.1             54.84%    passed     85.52%
  40  GCA_002356115.1             38.06%    passed     97.99%
  41  GCA_003258315.1             54.19%    passed     84.67%
  42  GCA_000317575.1             56.13%    passed     98.00%
  43  GCA_018655245.1             52.04%    passed     36.11%
  44  GCA_004684205.1             37.42%    passed     95.54%
  45  GCA_001890765.1             55.05%    passed     89.99%
  46  GCA_001187785.1             38.49%    passed     72.54%
  47  GCA_000263335.1             37.42%    passed     80.96%
  48  GCA_007992375.1             39.14%    passed     94.59%
  49  GCA_004168365.1             37.20%    passed     99.48%
  50  GCA_000934545.1             39.14%    passed     83.82%
  51  GCA_002355455.1             56.13%    passed     96.98%
  52  GCA_000264455.2             42.15%    passed     40.08%
  53  GCA_013697045.1             50.54%    passed     76.00%
  54  GCA_013140465.1             35.48%    passed     76.05%
  55  GCA_001747005.1             55.70%    passed     90.42%
  56  GCA_002083815.1             55.48%    passed     86.50%
  57  GCA_000013225.1             56.34%    passed     84.51%
  58  GCA_003003885.1             55.48%    passed     90.58%
  59  GCA_000346485.2             55.48%    passed     75.98%
  60  GCA_902810445.1             38.06%    passed     99.88%
  61  GCA_001007875.1             37.63%    passed     97.22%
  62  GCA_003532895.1             59.57%    failed      3.69%
  63  GCA_003851125.1             39.14%    passed     98.14%
  64  GCA_003719295.1             30.54%    passed     71.87%
  65  GCF_004345375.1             38.71%    passed     99.67%
  66  GCA_006385135.1             40.00%    passed     80.18%
  67  GCA_007197755.1             42.58%    passed     19.35%
  68  GCA_902459485.1             33.76%    passed     64.62%
  69  GCA_001803795.1             44.73%    passed     18.41%
  70  GCA_900107585.1             44.52%    passed     98.58%
  71  Jakoba_bahamiensis          42.58%    passed     80.70%
  72  Jakoba_libera               42.37%    passed     99.39%
  73  Seculamonas_ecuadoriensis   43.01%    passed     57.03%
  74  Andalucia_godoyi            42.58%    passed     88.65%
  75  Histiona_aroides            42.58%    passed     99.38%
  76  Phytophthora_infestans      34.41%    failed      0.22%
  77  Reclinomonas_americana      42.58%    passed     40.82%
  78  Arabidopsis_thaliana        43.01%    passed     88.82%
  79  Physcomitrella_patens       43.01%    passed     99.67%
  80  Ostreococcus_tauri          43.23%    passed     77.03%
  81  Oryza_sativa                39.78%    passed     69.76%
  82  Cyanophora_paradoxa         40.22%    failed      0.65%
  83  Cyanidioschyzon_merolae     41.51%    failed      4.76%
  84  Malawimonas_jakobiformis    41.08%    passed     79.44%
  85  Porphyra_umbilicalis        40.43%    passed     79.28%
  86  Chondrus_crispus            41.51%    failed      0.61%
WARNING: 27 sequences contain more than 50% gaps/ambiguity
****  TOTAL                       44.21%  7 sequences failed composition chi2 test (p-value<5%; df=19)

Create initial parsimony tree by phylogenetic likelihood library (PLL)... 0.022 seconds
Generating 1000 samples for ultrafast bootstrap (seed: 369418)...

NOTE: 8 MB RAM (0 GB) is required!
Estimate model parameters (epsilon = 0.100)
1. Initial log-likelihood: -27137.570
Optimal log-likelihood: -26522.186
Parameters optimization took 1 rounds (0.081 sec)
Computing ML distances based on estimated model parameters... 0.772 sec
Computing BIONJ tree...
0.007 seconds
Log-likelihood of BIONJ tree: -26516.245
--------------------------------------------------------------------
|             INITIALIZING CANDIDATE TREE SET                      |
--------------------------------------------------------------------
Generating 98 parsimony trees... 1.959 second
Computing log-likelihood of 98 initial trees ... 3.881 seconds
Current best score: -26479.747

Do NNI search on 20 best initial trees
Estimate model parameters (epsilon = 0.100)
BETTER TREE FOUND at iteration 1: -26423.191
Iteration 10 / LogL: -26439.363 / Time: 0h:0m:10s
Iteration 20 / LogL: -26447.235 / Time: 0h:0m:15s
Finish initializing candidate tree set (20)
Current best tree score: -26423.191 / CPU time: 14.858
Number of iterations: 20
--------------------------------------------------------------------
|               OPTIMIZING CANDIDATE TREE SET                      |
--------------------------------------------------------------------
Estimate model parameters (epsilon = 0.100)
BETTER TREE FOUND at iteration 21: -26422.045
Estimate model parameters (epsilon = 0.100)
BETTER TREE FOUND at iteration 24: -26419.806
Iteration 30 / LogL: -26427.184 / Time: 0h:0m:21s (0h:1m:8s left)
Iteration 40 / LogL: -26425.322 / Time: 0h:0m:26s (0h:0m:56s left)
Estimate model parameters (epsilon = 0.100)
BETTER TREE FOUND at iteration 43: -26416.707
Iteration 50 / LogL: -26421.336 / Time: 0h:0m:31s (0h:0m:58s left)
Log-likelihood cutoff on original alignment: -26486.665
UFBoot trees printed to /mnt/ivy/thliao/project/AOB/analysis/20210713_repeat/add_Chromatiaces/phy_files/mitoR24_prot/withEuk/MitoCOG0005.ufboot
Iteration 60 / LogL: -26418.154 / Time: 0h:0m:36s (0h:0m:51s left)
Iteration 70 / LogL: -26421.793 / Time: 0h:0m:41s (0h:0m:43s left)
Iteration 80 / LogL: -26417.696 / Time: 0h:0m:45s (0h:0m:36s left)
Estimate model parameters (epsilon = 0.100)
BETTER TREE FOUND at iteration 81: -26416.174
Iteration 90 / LogL: -26421.715 / Time: 0h:0m:50s (0h:0m:51s left)
Estimate model parameters (epsilon = 0.100)
BETTER TREE FOUND at iteration 95: -26416.144
Iteration 100 / LogL: -26444.189 / Time: 0h:0m:55s (0h:0m:53s left)
Log-likelihood cutoff on original alignment: -26486.665
NOTE: Bootstrap correlation coefficient of split occurrence frequencies: 0.996
UFBoot trees printed to /mnt/ivy/thliao/project/AOB/analysis/20210713_repeat/add_Chromatiaces/phy_files/mitoR24_prot/withEuk/MitoCOG0005.ufboot
Iteration 110 / LogL: -26454.016 / Time: 0h:1m:1s (0h:0m:50s left)
Estimate model parameters (epsilon = 0.100)
BETTER TREE FOUND at iteration 114: -26414.503
Iteration 120 / LogL: -26419.212 / Time: 0h:1m:6s (0h:0m:52s left)
Iteration 130 / LogL: -26444.395 / Time: 0h:1m:11s (0h:0m:46s left)
Iteration 140 / LogL: -26426.730 / Time: 0h:1m:16s (0h:0m:40s left)
Iteration 150 / LogL: -26424.078 / Time: 0h:1m:21s (0h:0m:35s left)
Log-likelihood cutoff on original alignment: -26486.665
UFBoot trees printed to /mnt/ivy/thliao/project/AOB/analysis/20210713_repeat/add_Chromatiaces/phy_files/mitoR24_prot/withEuk/MitoCOG0005.ufboot
Estimate model parameters (epsilon = 0.100)
BETTER TREE FOUND at iteration 157: -26414.120
Iteration 160 / LogL: -26416.152 / Time: 0h:1m:27s (0h:0m:53s left)
Iteration 170 / LogL: -26454.035 / Time: 0h:1m:31s (0h:0m:47s left)
Iteration 180 / LogL: -26417.640 / Time: 0h:1m:36s (0h:0m:41s left)
Iteration 190 / LogL: -26419.205 / Time: 0h:1m:41s (0h:0m:36s left)
Estimate model parameters (epsilon = 0.100)
BETTER TREE FOUND at iteration 191: -26413.365
Iteration 200 / LogL: -26445.931 / Time: 0h:1m:46s (0h:0m:48s left)
Log-likelihood cutoff on original alignment: -26486.665
NOTE: Bootstrap correlation coefficient of split occurrence frequencies: 0.993
UFBoot trees printed to /mnt/ivy/thliao/project/AOB/analysis/20210713_repeat/add_Chromatiaces/phy_files/mitoR24_prot/withEuk/MitoCOG0005.ufboot
Iteration 210 / LogL: -26414.129 / Time: 0h:1m:52s (0h:0m:48s left)
Estimate model parameters (epsilon = 0.100)
BETTER TREE FOUND at iteration 212: -26413.251
Iteration 220 / LogL: -26414.522 / Time: 0h:1m:56s (0h:0m:49s left)
Iteration 230 / LogL: -26433.259 / Time: 0h:2m:1s (0h:0m:43s left)
Iteration 240 / LogL: -26414.154 / Time: 0h:2m:7s (0h:0m:38s left)
Iteration 250 / LogL: -26419.096 / Time: 0h:2m:12s (0h:0m:32s left)
Log-likelihood cutoff on original alignment: -26486.665
UFBoot trees printed to /mnt/ivy/thliao/project/AOB/analysis/20210713_repeat/add_Chromatiaces/phy_files/mitoR24_prot/withEuk/MitoCOG0005.ufboot
Iteration 260 / LogL: -26421.103 / Time: 0h:2m:18s (0h:0m:27s left)
Iteration 270 / LogL: -26414.247 / Time: 0h:2m:23s (0h:0m:22s left)
Iteration 280 / LogL: -26419.940 / Time: 0h:2m:27s (0h:0m:16s left)
Iteration 290 / LogL: -26420.202 / Time: 0h:2m:32s (0h:0m:11s left)
Iteration 300 / LogL: -26418.270 / Time: 0h:2m:37s (0h:0m:6s left)
Log-likelihood cutoff on original alignment: -26486.665
NOTE: Bootstrap correlation coefficient of split occurrence frequencies: 0.995
UFBoot trees printed to /mnt/ivy/thliao/project/AOB/analysis/20210713_repeat/add_Chromatiaces/phy_files/mitoR24_prot/withEuk/MitoCOG0005.ufboot
Iteration 310 / LogL: -26413.451 / Time: 0h:2m:42s (0h:0m:47s left)
TREE SEARCH COMPLETED AFTER 313 ITERATIONS / Time: 0h:2m:44s

--------------------------------------------------------------------
|                    FINALIZING TREE SEARCH                        |
--------------------------------------------------------------------
Performs final model parameters optimization
Estimate model parameters (epsilon = 0.010)
1. Initial log-likelihood: -26413.251
Optimal log-likelihood: -26413.250
Parameters optimization took 1 rounds (0.036 sec)
BEST SCORE FOUND : -26413.250
Creating bootstrap support values...
Split supports printed to NEXUS file /mnt/ivy/thliao/project/AOB/analysis/20210713_repeat/add_Chromatiaces/phy_files/mitoR24_prot/withEuk/MitoCOG0005.splits.nex
Total tree length: 27.406

Total number of iterations: 313
CPU time used for tree search: 320.930 sec (0h:5m:20s)
Wall-clock time used for tree search: 163.757 sec (0h:2m:43s)
Total CPU time used: 322.717 sec (0h:5m:22s)
Total wall-clock time used: 164.718 sec (0h:2m:44s)
UFBoot trees printed to /mnt/ivy/thliao/project/AOB/analysis/20210713_repeat/add_Chromatiaces/phy_files/mitoR24_prot/withEuk/MitoCOG0005.ufboot

Computing bootstrap consensus tree...
Reading input file /mnt/ivy/thliao/project/AOB/analysis/20210713_repeat/add_Chromatiaces/phy_files/mitoR24_prot/withEuk/MitoCOG0005.splits.nex...
86 taxa and 557 splits.
Consensus tree written to /mnt/ivy/thliao/project/AOB/analysis/20210713_repeat/add_Chromatiaces/phy_files/mitoR24_prot/withEuk/MitoCOG0005.contree
Reading input trees file /mnt/ivy/thliao/project/AOB/analysis/20210713_repeat/add_Chromatiaces/phy_files/mitoR24_prot/withEuk/MitoCOG0005.contree
Log-likelihood of consensus tree: -26413.422

Analysis results written to: 
  IQ-TREE report:                /mnt/ivy/thliao/project/AOB/analysis/20210713_repeat/add_Chromatiaces/phy_files/mitoR24_prot/withEuk/MitoCOG0005.iqtree
  Maximum-likelihood tree:       /mnt/ivy/thliao/project/AOB/analysis/20210713_repeat/add_Chromatiaces/phy_files/mitoR24_prot/withEuk/MitoCOG0005.treefile
  Likelihood distances:          /mnt/ivy/thliao/project/AOB/analysis/20210713_repeat/add_Chromatiaces/phy_files/mitoR24_prot/withEuk/MitoCOG0005.mldist

Ultrafast bootstrap approximation results written to:
  Split support values:          /mnt/ivy/thliao/project/AOB/analysis/20210713_repeat/add_Chromatiaces/phy_files/mitoR24_prot/withEuk/MitoCOG0005.splits.nex
  Consensus tree:                /mnt/ivy/thliao/project/AOB/analysis/20210713_repeat/add_Chromatiaces/phy_files/mitoR24_prot/withEuk/MitoCOG0005.contree
  UFBoot trees:                  /mnt/ivy/thliao/project/AOB/analysis/20210713_repeat/add_Chromatiaces/phy_files/mitoR24_prot/withEuk/MitoCOG0005.ufboot
  Screen log file:               /mnt/ivy/thliao/project/AOB/analysis/20210713_repeat/add_Chromatiaces/phy_files/mitoR24_prot/withEuk/MitoCOG0005.log

Date and Time: Mon Dec 12 10:18:48 2022
