IQ-TREE multicore version 1.6.12 for Linux 64-bit built Aug 15 2019
Developed by Bui Quang Minh, Nguyen Lam Tung, Olga Chernomor,
Heiko Schmidt, Dominik Schrempf, Michael Woodhams.

Host:    cl006 (AVX512, FMA3, 125 GB RAM)
Command: iqtree -nt 2 -redo -wbtl -bb 1000 -pre /mnt/ivy/thliao/project/AOB/analysis/20210713_repeat/add_Chromatiaces/phy_files/mitoR24_prot/withEuk/MitoCOG0060 -s /mnt/ivy/thliao/project/AOB/analysis/20210713_repeat/add_Chromatiaces/phy_files/mitoR24_prot/withEuk/MitoCOG0060.aln
Seed:    440072 (Using SPRNG - Scalable Parallel Random Number Generator)
Time:    Mon Dec 12 09:53:39 2022
Kernel:  AVX+FMA - 2 threads (64 CPU cores detected)

Reading alignment file /mnt/ivy/thliao/project/AOB/analysis/20210713_repeat/add_Chromatiaces/phy_files/mitoR24_prot/withEuk/MitoCOG0060.aln ... Fasta format detected
Alignment most likely contains protein sequences
Alignment has 108 sequences with 174 columns, 172 distinct patterns
125 parsimony-informative, 23 singleton sites, 26 constant sites
                           Gap/Ambiguity  Composition  p-value
   1  GCA_001881495.1             17.24%    passed     99.91%
   2  GCA_001697225.1             17.82%    passed     97.92%
   3  GCA_001904725.1             18.97%    passed     99.06%
   4  GCA_002007425.1             17.82%    passed     98.43%
   5  GCA_902500715.1             19.54%    passed     91.57%
   6  GCA_000332035.1             18.97%    passed     99.85%
   7  GCA_016207025.1             18.97%    passed     99.38%
   8  GCA_000024725.1             17.82%    passed     98.99%
   9  GCA_004421105.1             17.82%    passed     95.07%
  10  GCA_014635705.1             17.82%    passed     99.83%
  11  GCA_013141375.1             17.82%    passed     99.47%
  12  GCA_000380225.1             18.97%    passed     99.94%
  13  GCA_000011385.1             18.97%    passed     99.99%
  14  GCA_000317535.1             18.97%    passed     95.09%
  15  GCA_010027455.1             17.24%    passed     99.99%
  16  GCA_013521015.1             17.82%    passed     99.98%
  17  GCA_000314005.1             18.39%    passed     97.15%
  18  GCA_000760695.4             18.97%    passed     99.98%
  19  GCA_001828545.1             18.39%    passed     87.21%
  20  GCA_000214665.1             17.82%    passed     99.99%
  21  GCA_001566965.1             17.24%    passed    100.00%
  22  GCA_002072955.1             17.82%    passed     99.92%
  23  GCA_009833095.1             17.82%    passed    100.00%
  24  GCA_015709615.1             17.82%    passed    100.00%
  25  GCA_000948975.1             18.39%    passed     99.50%
  26  GCA_000740735.1             17.82%    passed     99.59%
  27  GCA_003015105.1             18.97%    passed     99.04%
  28  GCA_015709635.1             17.82%    passed    100.00%
  29  GCA_900110495.1             17.82%    passed     99.89%
  30  GCA_006496635.1             17.82%    passed     99.21%
  31  GCA_000473895.1             18.39%    passed     96.13%
  32  GCA_016708925.1             17.82%    passed     92.69%
  33  GCA_001458735.1             18.97%    passed     99.89%
  34  GCA_008189685.1             16.09%    passed     74.45%
  35  GCA_002924445.1             18.39%    passed     97.47%
  36  GCA_016592635.1             17.82%    passed    100.00%
  37  GCA_002218085.1             18.97%    passed     99.74%
  38  GCA_001458695.1             18.97%    passed     99.81%
  39  GCA_001644685.1             17.82%    passed    100.00%
  40  GCA_003576955.1             19.54%    passed     81.76%
  41  GCA_900119825.1             17.82%    passed     99.88%
  42  GCA_000952155.1             18.97%    passed     99.80%
  43  GCA_000317495.1             18.97%    passed     99.04%
  44  GCA_002868715.1             17.24%    passed     27.53%
  45  GCA_014859375.1             17.24%    passed     98.76%
  46  GCA_004282745.1             18.97%    passed     99.62%
  47  GCA_000469665.2             13.22%    passed     70.96%
  48  GCA_002109495.1             18.39%    passed     12.59%
  49  GCA_001772005.1             17.82%    passed     99.80%
  50  GCA_000317515.1             18.97%    passed     99.13%
  51  GCA_005877815.1             19.54%    passed    100.00%
  52  GCA_002162035.1             17.82%    passed     99.61%
  53  GCA_002356115.1             17.82%    passed    100.00%
  54  GCA_003258315.1             18.97%    passed     16.16%
  55  GCA_000317575.1             18.97%    passed     99.37%
  56  GCA_018655245.1             17.24%    passed     99.82%
  57  GCA_004684205.1             17.82%    passed     99.99%
  58  GCA_003149345.1             18.97%    passed     99.29%
  59  GCA_000379525.1             17.24%    passed    100.00%
  60  GCA_001890765.1             18.97%    passed     99.31%
  61  GCA_001187785.1             17.24%    passed    100.00%
  62  GCA_000263335.1             18.39%    passed     94.37%
  63  GCA_007992375.1             17.82%    passed     99.64%
  64  GCA_004168365.1             18.39%    passed     99.76%
  65  GCA_000014865.1             18.39%    passed     15.05%
  66  GCA_003534995.1             17.24%    passed     96.94%
  67  GCA_000934545.1             17.82%    passed     99.81%
  68  GCA_002355455.1             18.97%    passed     99.37%
  69  GCA_000264455.2             18.39%    passed     94.71%
  70  GCA_004195045.1             18.39%    passed     97.64%
  71  GCA_001828295.1             18.97%    passed     93.10%
  72  GCA_001469165.1             17.24%    passed     98.91%
  73  GCA_013140465.1             17.82%    passed     99.27%
  74  GCA_001747005.1             18.97%    passed     99.95%
  75  GCA_002083815.1             16.09%    passed     32.36%
  76  GCA_017879665.1             19.54%    passed     86.99%
  77  GCA_000013225.1             18.97%    passed     99.37%
  78  GCA_003003885.1             18.39%    passed     93.66%
  79  GCA_000346485.2             18.97%    passed     99.98%
  80  GCA_902810445.1             17.82%    passed     99.25%
  81  GCA_000828615.1             17.82%    passed    100.00%
  82  GCA_001007875.1             17.82%    passed     99.87%
  83  GCA_000228725.3             17.24%    passed    100.00%
  84  GCA_003532895.1             18.97%    passed     99.87%
  85  GCA_001267195.1             17.82%    passed     99.96%
  86  GCA_003851125.1             17.82%    passed     99.56%
  87  GCA_003644325.1             18.97%    passed     99.82%
  88  GCA_003696005.1             19.54%    passed     99.89%
  89  GCA_016788925.1             19.54%    passed     91.57%
  90  GCA_003719295.1             17.24%    passed     26.80%
  91  GCA_006385135.1             18.39%    passed     89.72%
  92  GCA_007197755.1             17.24%    passed     98.93%
  93  GCA_003551305.1             18.39%    failed      2.88%
  94  GCA_003015145.1             14.94%    passed     13.07%
  95  GCA_005524015.1             18.97%    passed     47.15%
  96  GCA_902459485.1             14.37%    passed     99.94%
  97  GCA_001803795.1             18.97%    passed     99.71%
  98  GCA_000949635.1             18.97%    passed     77.84%
  99  GCA_013140535.1             18.97%    passed     99.77%
 100  GCA_016873455.1             18.97%    passed     99.63%
 101  GCA_900107585.1             18.39%    passed     98.79%
 102  Jakoba_bahamiensis          16.67%    failed      0.20%
 103  Jakoba_libera               19.54%    failed      0.09%
 104  Seculamonas_ecuadoriensis   18.39%    failed      1.88%
 105  Andalucia_godoyi            18.97%    passed     18.05%
 106  Histiona_aroides            16.67%    passed      6.01%
 107  Reclinomonas_americana      16.67%    failed      0.35%
 108  Malawimonas_jakobiformis    17.82%    failed      0.00%
****  TOTAL                       18.12%  6 sequences failed composition chi2 test (p-value<5%; df=19)
NOTE: GCA_016788925.1 is identical to GCA_902500715.1 but kept for subsequent analysis
NOTE: GCA_002355455.1 is identical to GCA_000317575.1 but kept for subsequent analysis


Create initial parsimony tree by phylogenetic likelihood library (PLL)... 0.031 seconds
NOTE: ModelFinder requires 32 MB RAM!
ModelFinder will test 546 protein models (sample size: 174) ...
 No. Model         -LnL         df  AIC          AICc         BIC
  1  Dayhoff       12141.288    213 24708.575    115872.575   25381.454
  2  Dayhoff+I     12055.224    214 24538.448    116558.448   25214.486
  3  Dayhoff+G4    11440.817    214 23309.634    115329.634   23985.672
  4  Dayhoff+I+G4  11437.726    215 23305.452    116185.452   23984.649
  5  Dayhoff+R2    11571.120    215 23572.240    116452.240   24251.437
  6  Dayhoff+R3    11460.222    217 23354.443    117966.443   24039.958
  7  Dayhoff+R4    11435.262    219 23308.524    119668.524   24000.357
  8  Dayhoff+R5    11425.810    221 23293.620    121417.620   23991.771
  9  Dayhoff+R6    11424.948    223 23295.896    123199.896   24000.365
 14  Dayhoff+F     12149.134    232 24762.268    132874.268   25495.169
 15  Dayhoff+F+I   12070.826    233 24607.653    133651.653   25343.713
 16  Dayhoff+F+G4  11443.469    233 23352.939    132396.939   24088.999
 17  Dayhoff+F+I+G4 11440.253    234 23348.507    133328.507   24087.726
 18  Dayhoff+F+R2  11570.613    234 23609.226    133589.226   24348.445
 19  Dayhoff+F+R3  11459.627    236 23391.253    135255.253   24136.790
 20  Dayhoff+F+R4  11433.576    238 23343.152    137107.152   24095.007
 21  Dayhoff+F+R5  11425.926    240 23331.852    139011.852   24090.026
 22  Dayhoff+F+R6  11425.315    242 23334.631    140946.631   24099.122
 27  mtMAM         13711.685    213 27849.370    119013.370   28522.249
 28  mtMAM+I       13653.293    214 27734.585    119754.585   28410.623
 29  mtMAM+G4      12488.629    214 25405.257    117425.257   26081.295
 30  mtMAM+I+G4    12477.047    215 25384.094    118264.094   26063.291
 31  mtMAM+R2      12715.398    215 25860.796    118740.796   26539.993
 32  mtMAM+R3      12521.552    217 25477.104    120089.104   26162.619
 33  mtMAM+R4      12483.924    219 25405.847    121765.847   26097.680
 34  mtMAM+R5      12458.166    221 25358.333    123482.333   26056.484
 35  mtMAM+R6      12453.232    223 25352.463    125256.463   26056.933
 40  mtMAM+F       13152.917    232 26769.835    134881.835   27502.736
 41  mtMAM+F+I     13099.143    233 26664.286    135708.286   27400.346
 42  mtMAM+F+G4    12040.560    233 24547.120    133591.120   25283.180
 43  mtMAM+F+I+G4  12041.168    234 24550.336    134530.336   25289.555
 44  mtMAM+F+R2    12268.181    234 25004.362    134984.362   25743.581
 45  mtMAM+F+R3    12087.382    236 24646.763    136510.763   25392.300
 46  mtMAM+F+R4    12055.661    238 24587.322    138351.322   25339.177
 47  mtMAM+F+R5    12024.632    240 24529.263    140209.263   25287.437
 48  mtMAM+F+R6    12020.537    242 24525.075    142137.075   25289.566
 53  JTT           12121.480    213 24668.960    115832.960   25341.838
 54  JTT+I         12042.251    214 24512.502    116532.502   25188.539
 55  JTT+G4        11420.165    214 23268.329    115288.329   23944.367
 56  JTT+I+G4      11417.587    215 23265.175    116145.175   23944.372
 57  JTT+R2        11547.867    215 23525.734    116405.734   24204.931
 58  JTT+R3        11446.072    217 23326.143    117938.143   24011.658
 59  JTT+R4        11412.708    219 23263.417    119623.417   23955.250
 60  JTT+R5        11407.900    221 23257.799    121381.799   23955.951
 66  JTT+F         12146.882    232 24757.764    132869.764   25490.665
 67  JTT+F+I       12075.175    233 24616.349    133660.349   25352.409
 68  JTT+F+G4      11435.657    233 23337.314    132381.314   24073.373
 69  JTT+F+I+G4    11433.221    234 23334.442    133314.442   24073.661
 70  JTT+F+R2      11553.123    234 23574.246    133554.246   24313.465
 71  JTT+F+R3      11464.130    236 23400.260    135264.260   24145.797
 72  JTT+F+R4      11426.279    238 23328.559    137092.559   24080.414
 73  JTT+F+R5      11422.190    240 23324.380    139004.380   24082.554
 79  WAG           11929.840    213 24285.681    115449.681   24958.560
 80  WAG+I         11861.039    214 24150.077    116170.077   24826.115
 81  WAG+G4        11310.796    214 23049.592    115069.592   23725.630
 82  WAG+I+G4      11309.498    215 23048.995    115928.995   23728.192
 83  WAG+R2        11431.047    215 23292.095    116172.095   23971.292
 84  WAG+R3        11332.576    217 23099.153    117711.153   23784.668
 85  WAG+R4        11305.801    219 23049.603    119409.603   23741.436
 86  WAG+R5        11298.613    221 23039.226    121163.226   23737.377
 87  WAG+R6        11298.582    223 23043.165    122947.165   23747.634
 92  WAG+F         11933.865    232 24331.731    132443.731   25064.632
 93  WAG+F+I       11872.455    233 24210.909    133254.909   24946.969
 94  WAG+F+G4      11319.633    233 23105.266    132149.266   23841.326
 95  WAG+F+I+G4    11318.339    234 23104.678    133084.678   23843.897
 96  WAG+F+R2      11429.245    234 23326.491    133306.491   24065.710
 97  WAG+F+R3      11342.060    236 23156.120    135020.120   23901.657
 98  WAG+F+R4      11312.818    238 23101.636    136865.636   23853.491
 99  WAG+F+R5      11308.663    240 23097.326    138777.326   23855.500
105  cpREV         12039.142    213 24504.283    115668.283   25177.162
106  cpREV+I       11983.852    214 24395.705    116415.705   25071.742
107  cpREV+G4      11410.839    214 23249.677    115269.677   23925.715
108  cpREV+I+G4    11409.184    215 23248.368    116128.368   23927.565
109  cpREV+R2      11531.060    215 23492.119    116372.119   24171.316
110  cpREV+R3      11429.141    217 23292.282    117904.282   23977.797
111  cpREV+R4      11404.441    219 23246.883    119606.883   23938.716
112  cpREV+R5      11395.447    221 23232.894    121356.894   23931.045
113  cpREV+R6      11395.183    223 23236.367    123140.367   23940.836
118  cpREV+F       12020.072    232 24504.143    132616.143   25237.044
119  cpREV+F+I     11964.458    233 24394.917    133438.917   25130.977
120  cpREV+F+G4    11400.117    233 23266.234    132310.234   24002.294
121  cpREV+F+I+G4  11398.939    234 23265.878    133245.878   24005.097
122  cpREV+F+R2    11513.077    234 23494.153    133474.153   24233.372
123  cpREV+F+R3    11420.859    236 23313.718    135177.718   24059.255
124  cpREV+F+R4    11396.284    238 23268.568    137032.568   24020.424
125  cpREV+F+R5    11388.054    240 23256.109    138936.109   24014.282
126  cpREV+F+R6    11387.919    242 23259.839    140871.839   24024.330
131  mtREV         12979.091    213 26384.182    117548.182   27057.061
132  mtREV+I       12921.778    214 26271.556    118291.556   26947.593
133  mtREV+G4      12091.851    214 24611.703    116631.703   25287.741
134  mtREV+I+G4    12091.954    215 24613.908    117493.908   25293.105
135  mtREV+R2      12283.973    215 24997.946    117877.946   25677.143
136  mtREV+R3      12136.400    217 24706.800    119318.800   25392.315
137  mtREV+R4      12093.183    219 24624.365    120984.365   25316.198
138  mtREV+R5      12075.629    221 24593.258    122717.258   25291.410
139  mtREV+R6      12075.242    223 24596.484    124500.484   25300.953
144  mtREV+F       12481.225    232 25426.450    133538.450   26159.350
145  mtREV+F+I     12423.553    233 25313.107    134357.107   26049.167
146  mtREV+F+G4    11663.176    233 23792.351    132836.351   24528.411
147  mtREV+F+I+G4  11661.865    234 23791.730    133771.730   24530.949
148  mtREV+F+R2    11817.298    234 24102.596    134082.596   24841.815
149  mtREV+F+R3    11709.414    236 23890.829    135754.829   24636.366
150  mtREV+F+R4    11659.277    238 23794.554    137558.554   24546.410
151  mtREV+F+R5    11652.116    240 23784.232    139464.232   24542.405
152  mtREV+F+R6    11652.045    242 23788.090    141400.090   24552.581
157  rtREV         12007.058    213 24440.117    115604.117   25112.995
158  rtREV+I       11949.754    214 24327.508    116347.508   25003.546
159  rtREV+G4      11322.494    214 23072.989    115092.989   23749.027
160  rtREV+I+G4    11321.009    215 23072.018    115952.018   23751.215
161  rtREV+R2      11451.138    215 23332.276    116212.276   24011.473
162  rtREV+R3      11353.234    217 23140.467    117752.467   23825.982
163  rtREV+R4      11317.374    219 23072.748    119432.748   23764.581
164  rtREV+R5      11316.537    221 23075.073    121199.073   23773.224
170  rtREV+F       12009.170    232 24482.340    132594.340   25215.241
171  rtREV+F+I     11955.858    233 24377.717    133421.717   25113.776
172  rtREV+F+G4    11310.059    233 23086.118    132130.118   23822.177
173  rtREV+F+I+G4  11309.054    234 23086.108    133066.108   23825.327
174  rtREV+F+R2    11430.087    234 23328.174    133308.174   24067.392
175  rtREV+F+R3    11345.996    236 23163.992    135027.992   23909.529
176  rtREV+F+R4    11303.876    238 23083.751    136847.751   23835.606
177  rtREV+F+R5    11303.819    240 23087.637    138767.637   23845.810
183  mtART         13356.442    213 27138.884    118302.884   27811.762
184  mtART+I       13295.397    214 27018.794    119038.794   27694.832
185  mtART+G4      12204.484    214 24836.969    116856.969   25513.006
186  mtART+I+G4    12204.578    215 24839.157    117719.157   25518.354
187  mtART+R2      12456.928    215 25343.855    118223.855   26023.052
188  mtART+R3      12247.146    217 24928.292    119540.292   25613.807
189  mtART+R4      12204.322    219 24846.645    121206.645   25538.478
190  mtART+R5      12201.667    221 24845.333    122969.333   25543.485
196  mtART+F       12755.636    232 25975.272    134087.272   26708.173
197  mtART+F+I     12697.965    233 25861.931    134905.931   26597.991
198  mtART+F+G4    11728.253    233 23922.505    132966.505   24658.565
199  mtART+F+I+G4  11728.299    234 23924.599    133904.599   24663.818
200  mtART+F+R2    11942.560    234 24353.119    134333.119   25092.338
201  mtART+F+R3    11766.720    236 24005.440    135869.440   24750.977
202  mtART+F+R4    11743.613    238 23963.226    137727.226   24715.081
203  mtART+F+R5    11737.869    240 23955.737    139635.737   24713.910
204  mtART+F+R6    11716.469    242 23916.938    141528.938   24681.429
205  mtART+F+R7    11705.990    244 23899.981    143459.981   24670.790
206  mtART+F+R8    11702.113    246 23896.225    145420.225   24673.353
209  mtZOA         12913.685    213 26253.370    117417.370   26926.249
210  mtZOA+I       12853.758    214 26135.516    118155.516   26811.554
211  mtZOA+G4      11898.891    214 24225.782    116245.782   24901.819
212  mtZOA+I+G4    11898.893    215 24227.786    117107.786   24906.983
213  mtZOA+R2      12117.880    215 24665.760    117545.760   25344.957
214  mtZOA+R3      11939.307    217 24312.614    118924.614   24998.129
215  mtZOA+R4      11910.195    219 24258.390    120618.390   24950.223
216  mtZOA+R5      11908.409    221 24258.818    122382.818   24956.969
222  mtZOA+F       12458.880    232 25381.760    133493.760   26114.661
223  mtZOA+F+I     12399.548    233 25265.097    134309.097   26001.157
224  mtZOA+F+G4    11556.999    233 23579.999    132623.999   24316.059
225  mtZOA+F+I+G4  11556.938    234 23581.875    133561.875   24321.094
226  mtZOA+F+R2    11737.121    234 23942.241    133922.241   24681.460
227  mtZOA+F+R3    11600.345    236 23672.690    135536.690   24418.227
228  mtZOA+F+R4    11564.948    238 23605.896    137369.896   24357.751
229  mtZOA+F+R5    11561.745    240 23603.489    139283.489   24361.662
235  VT            11991.184    213 24408.368    115572.368   25081.247
236  VT+I          11920.820    214 24269.641    116289.641   24945.678
237  VT+G4         11364.900    214 23157.799    115177.799   23833.837
238  VT+I+G4       11363.218    215 23156.436    116036.436   23835.633
239  VT+R2         11485.741    215 23401.482    116281.482   24080.678
240  VT+R3         11387.030    217 23208.061    117820.061   23893.576
241  VT+R4         11358.836    219 23155.671    119515.671   23847.504
242  VT+R5         11358.157    221 23158.314    121282.314   23856.465
248  VT+F          12005.408    232 24474.816    132586.816   25207.716
249  VT+F+I        11938.854    233 24343.708    133387.708   25079.768
250  VT+F+G4       11378.163    233 23222.325    132266.325   23958.385
251  VT+F+I+G4     11376.267    234 23220.533    133200.533   23959.752
252  VT+F+R2       11487.070    234 23442.140    133422.140   24181.359
253  VT+F+R3       11401.175    236 23274.350    135138.350   24019.887
254  VT+F+R4       11370.449    238 23216.897    136980.897   23968.753
255  VT+F+R5       11370.202    240 23220.405    138900.405   23978.578
261  LG            11928.194    213 24282.388    115446.388   24955.266
262  LG+I          11865.369    214 24158.738    116178.738   24834.776
263  LG+G4         11231.092    214 22890.184    114910.184   23566.222
264  LG+I+G4       11229.546    215 22889.093    115769.093   23568.290
265  LG+R2         11368.757    215 23167.513    116047.513   23846.710
266  LG+R3         11262.539    217 22959.078    117571.078   23644.593
267  LG+R4         11226.555    219 22891.110    119251.110   23582.944
268  LG+R5         11225.527    221 22893.055    121017.055   23591.206
274  LG+F          11950.929    232 24365.858    132477.858   25098.759
275  LG+F+I        11891.424    233 24248.848    133292.848   24984.908
276  LG+F+G4       11243.722    233 22953.444    131997.444   23689.504
277  LG+F+I+G4     11242.270    234 22952.540    132932.540   23691.759
278  LG+F+R2       11366.969    234 23201.939    133181.939   23941.157
279  LG+F+R3       11281.657    236 23035.314    134899.314   23780.851
280  LG+F+R4       11237.851    238 22951.702    136715.702   23703.557
281  LG+F+R5       11237.681    240 22955.362    138635.362   23713.535
287  DCMut         12142.009    213 24710.018    115874.018   25382.897
288  DCMut+I       12055.876    214 24539.752    116559.752   25215.790
289  DCMut+G4      11441.937    214 23311.874    115331.874   23987.911
290  DCMut+I+G4    11438.975    215 23307.950    116187.950   23987.147
291  DCMut+R2      11572.129    215 23574.258    116454.258   24253.455
292  DCMut+R3      11461.053    217 23356.107    117968.107   24041.622
293  DCMut+R4      11435.041    219 23308.083    119668.083   23999.916
294  DCMut+R5      11426.135    221 23294.270    121418.270   23992.421
295  DCMut+R6      11425.782    223 23297.564    123201.564   24002.033
300  DCMut+F       12149.624    232 24763.249    132875.249   25496.150
301  DCMut+F+I     12071.199    233 24608.397    133652.397   25344.457
302  DCMut+F+G4    11444.367    233 23354.733    132398.733   24090.793
303  DCMut+F+I+G4  11441.184    234 23350.368    133330.368   24089.587
304  DCMut+F+R2    11571.350    234 23610.700    133590.700   24349.919
305  DCMut+F+R3    11460.257    236 23392.514    135256.514   24138.051
306  DCMut+F+R4    11433.559    238 23343.118    137107.118   24094.974
307  DCMut+F+R5    11426.782    240 23333.564    139013.564   24091.738
308  DCMut+F+R6    11426.381    242 23336.762    140948.762   24101.254
313  PMB           12076.819    213 24579.638    115743.638   25252.517
314  PMB+I         12009.758    214 24447.517    116467.517   25123.554
315  PMB+G4        11463.117    214 23354.234    115374.234   24030.271
316  PMB+I+G4      11461.586    215 23353.172    116233.172   24032.369
317  PMB+R2        11589.634    215 23609.269    116489.269   24288.466
318  PMB+R3        11483.935    217 23401.870    118013.870   24087.385
319  PMB+R4        11455.312    219 23348.623    119708.623   24040.456
320  PMB+R5        11453.119    221 23348.238    121472.238   24046.389
326  PMB+F         12034.797    232 24533.593    132645.593   25266.494
327  PMB+F+I       11969.823    233 24405.646    133449.646   25141.706
328  PMB+F+G4      11422.776    233 23311.552    132355.552   24047.612
329  PMB+F+I+G4    11421.386    234 23310.772    133290.772   24049.991
330  PMB+F+R2      11537.794    234 23543.588    133523.588   24282.807
331  PMB+F+R3      11445.058    236 23362.117    135226.117   24107.654
332  PMB+F+R4      11414.751    238 23305.503    137069.503   24057.358
333  PMB+F+R5      11412.574    240 23305.148    138985.148   24063.321
339  HIVb          12544.181    213 25514.361    116678.361   26187.240
340  HIVb+I        12460.751    214 25349.503    117369.503   26025.540
341  HIVb+G4       11717.652    214 23863.303    115883.303   24539.341
342  HIVb+I+G4     11717.492    215 23864.985    116744.985   24544.182
343  HIVb+R2       11888.027    215 24206.054    117086.054   24885.251
344  HIVb+R3       11744.424    217 23922.847    118534.847   24608.362
345  HIVb+R4       11717.219    219 23872.439    120232.439   24564.272
346  HIVb+R5       11702.239    221 23846.477    121970.477   24544.628
347  HIVb+R6       11701.673    223 23849.345    123753.345   24553.815
352  HIVb+F        12539.539    232 25543.078    133655.078   26275.979
353  HIVb+F+I      12465.077    233 25396.153    134440.153   26132.213
354  HIVb+F+G4     11720.009    233 23906.019    132950.019   24642.079
355  HIVb+F+I+G4   11718.523    234 23905.046    133885.046   24644.265
356  HIVb+F+R2     11866.138    234 24200.277    134180.277   24939.496
357  HIVb+F+R3     11760.275    236 23992.551    135856.551   24738.088
358  HIVb+F+R4     11715.105    238 23906.211    137670.211   24658.066
359  HIVb+F+R5     11706.745    240 23893.491    139573.491   24651.664
360  HIVb+F+R6     11706.253    242 23896.505    141508.505   24660.997
365  HIVw          13031.443    213 26488.885    117652.885   27161.764
366  HIVw+I        12952.998    214 26333.995    118353.995   27010.033
367  HIVw+G4       12201.914    214 24831.827    116851.827   25507.865
368  HIVw+I+G4     12199.318    215 24828.636    117708.636   25507.833
369  HIVw+R2       12372.269    215 25174.537    118054.537   25853.734
370  HIVw+R3       12228.360    217 24890.720    119502.720   25576.235
371  HIVw+R4       12198.508    219 24835.016    121195.016   25526.849
372  HIVw+R5       12183.494    221 24808.988    122932.988   25507.139
373  HIVw+R6       12182.953    223 24811.906    124715.906   25516.376
378  HIVw+F        12957.993    232 26379.985    134491.985   27112.886
379  HIVw+F+I      12885.020    233 26236.041    135280.041   26972.100
380  HIVw+F+G4     12151.625    233 24769.251    133813.251   25505.310
381  HIVw+F+I+G4   12148.639    234 24765.278    134745.278   25504.497
382  HIVw+F+R2     12308.697    234 25085.394    135065.394   25824.613
383  HIVw+F+R3     12189.174    236 24850.349    136714.349   25595.886
384  HIVw+F+R4     12144.871    238 24765.743    138529.743   25517.598
385  HIVw+F+R5     12134.200    240 24748.400    140428.400   25506.573
386  HIVw+F+R6     12133.967    242 24751.933    142363.933   25516.425
391  JTTDCMut      12111.901    213 24649.801    115813.801   25322.680
392  JTTDCMut+I    12033.476    214 24494.952    116514.952   25170.990
393  JTTDCMut+G4   11414.408    214 23256.816    115276.816   23932.853
394  JTTDCMut+I+G4 11411.971    215 23253.943    116133.943   23933.140
395  JTTDCMut+R2   11541.784    215 23513.568    116393.568   24192.765
396  JTTDCMut+R3   11440.407    217 23314.813    117926.813   24000.328
397  JTTDCMut+R4   11406.684    219 23251.367    119611.367   23943.200
398  JTTDCMut+R5   11402.918    221 23247.836    121371.836   23945.987
404  JTTDCMut+F    12135.068    232 24734.137    132846.137   25467.038
405  JTTDCMut+F+I  12064.271    233 24594.541    133638.541   25330.601
406  JTTDCMut+F+G4 11427.923    233 23321.847    132365.847   24057.907
407  JTTDCMut+F+I+G4 11425.575    234 23319.151    133299.151   24058.370
408  JTTDCMut+F+R2 11544.702    234 23557.404    133537.404   24296.623
409  JTTDCMut+F+R3 11456.454    236 23384.909    135248.909   24130.446
410  JTTDCMut+F+R4 11418.359    238 23312.717    137076.717   24064.572
411  JTTDCMut+F+R5 11415.335    240 23310.670    138990.670   24068.843
417  FLU           12354.958    213 25135.917    116299.917   25808.796
418  FLU+I         12292.978    214 25013.957    117033.957   25689.994
419  FLU+G4        11595.475    214 23618.950    115638.950   24294.988
420  FLU+I+G4      11595.175    215 23620.349    116500.349   24299.546
421  FLU+R2        11758.465    215 23946.931    116826.931   24626.128
422  FLU+R3        11624.681    217 23683.361    118295.361   24368.876
423  FLU+R4        11590.912    219 23619.825    119979.825   24311.658
424  FLU+R5        11585.866    221 23613.732    121737.732   24311.883
430  FLU+F         12348.610    232 25161.219    133273.219   25894.120
431  FLU+F+I       12297.921    233 25061.843    134105.843   25797.903
432  FLU+F+G4      11601.949    233 23669.897    132713.897   24405.957
433  FLU+F+I+G4    11602.087    234 23672.174    133652.174   24411.393
434  FLU+F+R2      11753.621    234 23975.242    133955.242   24714.461
435  FLU+F+R3      11648.067    236 23768.134    135632.134   24513.671
436  FLU+F+R4      11599.788    238 23675.577    137439.577   24427.432
437  FLU+F+R5      11593.004    240 23666.007    139346.007   24424.180
438  FLU+F+R6      11592.547    242 23669.093    141281.093   24433.585
443  Blosum62      12026.191    213 24478.382    115642.382   25151.261
444  Blosum62+I    11966.429    214 24360.858    116380.858   25036.896
445  Blosum62+G4   11424.552    214 23277.105    115297.105   23953.143
446  Blosum62+I+G4 11423.367    215 23276.734    116156.734   23955.931
447  Blosum62+R2   11546.332    215 23522.663    116402.663   24201.860
448  Blosum62+R3   11444.520    217 23323.041    117935.041   24008.556
449  Blosum62+R4   11418.052    219 23274.103    119634.103   23965.936
450  Blosum62+R5   11414.772    221 23271.544    121395.544   23969.695
456  Blosum62+F    12020.038    232 24504.075    132616.075   25236.976
457  Blosum62+F+I  11960.667    233 24387.334    133431.334   25123.394
458  Blosum62+F+G4 11414.267    233 23294.535    132338.535   24030.595
459  Blosum62+F+I+G4 11413.022    234 23294.045    133274.045   24033.264
460  Blosum62+F+R2 11527.265    234 23522.530    133502.530   24261.749
461  Blosum62+F+R3 11435.242    236 23342.485    135206.485   24088.022
462  Blosum62+F+R4 11408.252    238 23292.505    137056.505   24044.360
463  Blosum62+F+R5 11405.331    240 23290.662    138970.662   24048.835
469  mtMet         12987.105    213 26400.210    117564.210   27073.089
470  mtMet+I       12921.518    214 26271.036    118291.036   26947.074
471  mtMet+G4      12042.544    214 24513.088    116533.088   25189.126
472  mtMet+I+G4    12042.708    215 24515.417    117395.417   25194.614
473  mtMet+R2      12247.062    215 24924.124    117804.124   25603.321
474  mtMet+R3      12087.491    217 24608.982    119220.982   25294.497
475  mtMet+R4      12051.961    219 24541.923    120901.923   25233.756
476  mtMet+R5      12033.399    221 24508.799    122632.799   25206.950
477  mtMet+R6      12029.275    223 24504.550    124408.550   25209.019
482  mtMet+F       12569.560    232 25603.119    133715.119   26336.020
483  mtMet+F+I     12507.638    233 25481.276    134525.276   26217.336
484  mtMet+F+G4    11690.268    233 23846.536    132890.536   24582.596
485  mtMet+F+I+G4  11690.261    234 23848.522    133828.522   24587.741
486  mtMet+F+R2    11860.144    234 24188.287    134168.287   24927.506
487  mtMet+F+R3    11738.832    236 23949.663    135813.663   24695.200
488  mtMet+F+R4    11697.515    238 23871.031    137635.031   24622.886
489  mtMet+F+R5    11684.957    240 23849.914    139529.914   24608.088
490  mtMet+F+R6    11682.551    242 23849.101    141461.101   24613.593
495  mtVer         13260.911    213 26947.823    118111.823   27620.702
496  mtVer+I       13192.291    214 26812.582    118832.582   27488.620
497  mtVer+G4      12219.989    214 24867.977    116887.977   25544.015
498  mtVer+I+G4    12220.132    215 24870.264    117750.264   25549.460
499  mtVer+R2      12434.138    215 25298.276    118178.276   25977.473
500  mtVer+R3      12257.454    217 24948.908    119560.908   25634.423
501  mtVer+R4      12226.274    219 24890.547    121250.547   25582.381
502  mtVer+R5      12208.961    221 24859.923    122983.923   25558.074
503  mtVer+R6      12204.395    223 24854.790    124758.790   25559.260
508  mtVer+F       12819.270    232 26102.540    134214.540   26835.441
509  mtVer+F+I     12754.780    233 25975.560    135019.560   26711.620
510  mtVer+F+G4    11893.300    233 24252.599    133296.599   24988.659
511  mtVer+F+I+G4  11893.384    234 24254.769    134234.769   24993.987
512  mtVer+F+R2    12079.381    234 24626.762    134606.762   25365.981
513  mtVer+F+R3    11941.521    236 24355.042    136219.042   25100.579
514  mtVer+F+R4    11907.121    238 24290.243    138054.243   25042.098
515  mtVer+F+R5    11886.907    240 24253.815    139933.815   25011.988
516  mtVer+F+R6    11882.586    242 24249.173    141861.173   25013.664
521  mtInv         12898.053    213 26222.105    117386.105   26894.984
522  mtInv+I       12831.353    214 26090.707    118110.707   26766.745
523  mtInv+G4      12025.729    214 24479.458    116499.458   25155.496
524  mtInv+I+G4    12025.700    215 24481.401    117361.401   25160.598
525  mtInv+R2      12223.959    215 24877.918    117757.918   25557.115
526  mtInv+R3      12065.282    217 24564.563    119176.563   25250.078
527  mtInv+R4      12032.504    219 24503.009    120863.009   25194.842
528  mtInv+R5      12018.616    221 24479.233    122603.233   25177.384
529  mtInv+R6      12015.590    223 24477.180    124381.180   25181.649
534  mtInv+F       12345.591    232 25155.183    133267.183   25888.083
535  mtInv+F+I     12279.957    233 25025.915    134069.915   25761.974
536  mtInv+F+G4    11541.656    233 23549.311    132593.311   24285.371
537  mtInv+F+I+G4  11540.741    234 23549.482    133529.482   24288.701
538  mtInv+F+R2    11694.228    234 23856.457    133836.457   24595.676
539  mtInv+F+R3    11579.872    236 23631.743    135495.743   24377.280
540  mtInv+F+R4    11541.036    238 23558.072    137322.072   24309.928
541  mtInv+F+R5    11537.471    240 23554.943    139234.943   24313.116
Akaike Information Criterion:           LG+I+G4
Corrected Akaike Information Criterion: LG+G4
Bayesian Information Criterion:         LG+G4
Best-fit model: LG+G4 chosen according to BIC

All model information printed to /mnt/ivy/thliao/project/AOB/analysis/20210713_repeat/add_Chromatiaces/phy_files/mitoR24_prot/withEuk/MitoCOG0060.model.gz
CPU time for ModelFinder: 671.981 seconds (0h:11m:11s)
Wall-clock time for ModelFinder: 337.192 seconds (0h:5m:37s)
Generating 1000 samples for ultrafast bootstrap (seed: 440072)...

NOTE: 13 MB RAM (0 GB) is required!
Estimate model parameters (epsilon = 0.100)
1. Initial log-likelihood: -11233.266
2. Current log-likelihood: -11231.198
Optimal log-likelihood: -11231.094
Gamma shape alpha: 0.881
Parameters optimization took 2 rounds (0.417 sec)
Computing ML distances based on estimated model parameters... 4.639 sec
Computing BIONJ tree...
0.009 seconds
Log-likelihood of BIONJ tree: -11182.051
--------------------------------------------------------------------
|             INITIALIZING CANDIDATE TREE SET                      |
--------------------------------------------------------------------
Generating 98 parsimony trees... 2.164 second
Computing log-likelihood of 98 initial trees ... 8.344 seconds
Current best score: -11161.778

Do NNI search on 20 best initial trees
Estimate model parameters (epsilon = 0.100)
BETTER TREE FOUND at iteration 1: -11128.821
Estimate model parameters (epsilon = 0.100)
BETTER TREE FOUND at iteration 3: -11125.681
Estimate model parameters (epsilon = 0.100)
BETTER TREE FOUND at iteration 6: -11123.421
Iteration 10 / LogL: -11135.678 / Time: 0h:0m:24s
Iteration 20 / LogL: -11141.032 / Time: 0h:0m:34s
Finish initializing candidate tree set (20)
Current best tree score: -11123.421 / CPU time: 31.529
Number of iterations: 20
--------------------------------------------------------------------
|               OPTIMIZING CANDIDATE TREE SET                      |
--------------------------------------------------------------------
Estimate model parameters (epsilon = 0.100)
BETTER TREE FOUND at iteration 24: -11122.273
Estimate model parameters (epsilon = 0.100)
BETTER TREE FOUND at iteration 25: -11120.098
Estimate model parameters (epsilon = 0.100)
BETTER TREE FOUND at iteration 28: -11113.909
Estimate model parameters (epsilon = 0.100)
BETTER TREE FOUND at iteration 30: -11107.361
Iteration 30 / LogL: -11107.361 / Time: 0h:0m:47s (0h:2m:42s left)
Iteration 40 / LogL: -11113.620 / Time: 0h:0m:58s (0h:2m:14s left)
Estimate model parameters (epsilon = 0.100)
BETTER TREE FOUND at iteration 43: -11105.999
Estimate model parameters (epsilon = 0.100)
BETTER TREE FOUND at iteration 50: -11104.755
Iteration 50 / LogL: -11104.755 / Time: 0h:1m:11s (0h:2m:26s left)
Log-likelihood cutoff on original alignment: -11196.036
UFBoot trees printed to /mnt/ivy/thliao/project/AOB/analysis/20210713_repeat/add_Chromatiaces/phy_files/mitoR24_prot/withEuk/MitoCOG0060.ufboot
Estimate model parameters (epsilon = 0.100)
BETTER TREE FOUND at iteration 52: -11104.399
Estimate model parameters (epsilon = 0.100)
BETTER TREE FOUND at iteration 57: -11102.797
Iteration 60 / LogL: -11109.098 / Time: 0h:1m:25s (0h:2m:19s left)
Estimate model parameters (epsilon = 0.100)
BETTER TREE FOUND at iteration 63: -11101.567
Estimate model parameters (epsilon = 0.100)
BETTER TREE FOUND at iteration 65: -11098.066
Iteration 70 / LogL: -11098.227 / Time: 0h:1m:37s (0h:2m:13s left)
Iteration 80 / LogL: -11099.350 / Time: 0h:1m:47s (0h:1m:55s left)
Iteration 90 / LogL: -11101.695 / Time: 0h:1m:57s (0h:1m:39s left)
Iteration 100 / LogL: -11099.056 / Time: 0h:2m:9s (0h:1m:24s left)
Log-likelihood cutoff on original alignment: -11196.036
NOTE: Bootstrap correlation coefficient of split occurrence frequencies: 0.978
NOTE: UFBoot does not converge, continue at least 100 more iterations
UFBoot trees printed to /mnt/ivy/thliao/project/AOB/analysis/20210713_repeat/add_Chromatiaces/phy_files/mitoR24_prot/withEuk/MitoCOG0060.ufboot
Estimate model parameters (epsilon = 0.100)
BETTER TREE FOUND at iteration 110: -11097.480
Iteration 110 / LogL: -11097.480 / Time: 0h:2m:20s (0h:2m:9s left)
Iteration 120 / LogL: -11101.977 / Time: 0h:2m:31s (0h:1m:54s left)
Iteration 130 / LogL: -11098.235 / Time: 0h:2m:42s (0h:1m:40s left)
Iteration 140 / LogL: -11098.235 / Time: 0h:2m:53s (0h:1m:27s left)
Iteration 150 / LogL: -11097.501 / Time: 0h:3m:3s (0h:1m:14s left)
Log-likelihood cutoff on original alignment: -11196.036
UFBoot trees printed to /mnt/ivy/thliao/project/AOB/analysis/20210713_repeat/add_Chromatiaces/phy_files/mitoR24_prot/withEuk/MitoCOG0060.ufboot
Estimate model parameters (epsilon = 0.100)
BETTER TREE FOUND at iteration 157: -11096.705
Iteration 160 / LogL: -11102.007 / Time: 0h:3m:14s (0h:1m:58s left)
Iteration 170 / LogL: -11104.364 / Time: 0h:3m:25s (0h:1m:46s left)
Iteration 180 / LogL: -11100.057 / Time: 0h:3m:36s (0h:1m:33s left)
Iteration 190 / LogL: -11098.220 / Time: 0h:3m:47s (0h:1m:20s left)
Iteration 200 / LogL: -11102.037 / Time: 0h:3m:58s (0h:1m:8s left)
Log-likelihood cutoff on original alignment: -11196.036
NOTE: Bootstrap correlation coefficient of split occurrence frequencies: 0.995
UFBoot trees printed to /mnt/ivy/thliao/project/AOB/analysis/20210713_repeat/add_Chromatiaces/phy_files/mitoR24_prot/withEuk/MitoCOG0060.ufboot
Iteration 210 / LogL: -11114.172 / Time: 0h:4m:10s (0h:1m:47s left)
Iteration 220 / LogL: -11098.872 / Time: 0h:4m:21s (0h:1m:35s left)
Estimate model parameters (epsilon = 0.100)
BETTER TREE FOUND at iteration 229: -11096.686
Iteration 230 / LogL: -11102.587 / Time: 0h:4m:32s (0h:1m:57s left)
Iteration 240 / LogL: -11104.102 / Time: 0h:4m:43s (0h:1m:45s left)
Iteration 250 / LogL: -11102.133 / Time: 0h:4m:54s (0h:1m:33s left)
Log-likelihood cutoff on original alignment: -11196.036
UFBoot trees printed to /mnt/ivy/thliao/project/AOB/analysis/20210713_repeat/add_Chromatiaces/phy_files/mitoR24_prot/withEuk/MitoCOG0060.ufboot
Iteration 260 / LogL: -11098.240 / Time: 0h:5m:6s (0h:1m:21s left)
Iteration 270 / LogL: -11103.545 / Time: 0h:5m:18s (0h:1m:9s left)
Iteration 280 / LogL: -11106.210 / Time: 0h:5m:28s (0h:0m:57s left)
Iteration 290 / LogL: -11098.370 / Time: 0h:5m:40s (0h:0m:45s left)
Iteration 300 / LogL: -11101.688 / Time: 0h:5m:50s (0h:0m:34s left)
Log-likelihood cutoff on original alignment: -11196.036
NOTE: Bootstrap correlation coefficient of split occurrence frequencies: 0.996
UFBoot trees printed to /mnt/ivy/thliao/project/AOB/analysis/20210713_repeat/add_Chromatiaces/phy_files/mitoR24_prot/withEuk/MitoCOG0060.ufboot
Iteration 310 / LogL: -11111.890 / Time: 0h:6m:2s (0h:1m:45s left)
Iteration 320 / LogL: -11101.513 / Time: 0h:6m:12s (0h:1m:33s left)
Iteration 330 / LogL: -11100.578 / Time: 0h:6m:23s (0h:1m:21s left)
TREE SEARCH COMPLETED AFTER 330 ITERATIONS / Time: 0h:6m:23s

--------------------------------------------------------------------
|                    FINALIZING TREE SEARCH                        |
--------------------------------------------------------------------
Performs final model parameters optimization
Estimate model parameters (epsilon = 0.010)
1. Initial log-likelihood: -11096.686
Optimal log-likelihood: -11096.686
Gamma shape alpha: 0.859
Parameters optimization took 1 rounds (0.131 sec)
BEST SCORE FOUND : -11096.686
Creating bootstrap support values...
Split supports printed to NEXUS file /mnt/ivy/thliao/project/AOB/analysis/20210713_repeat/add_Chromatiaces/phy_files/mitoR24_prot/withEuk/MitoCOG0060.splits.nex
Total tree length: 25.460

Total number of iterations: 330
CPU time used for tree search: 749.848 sec (0h:12m:29s)
Wall-clock time used for tree search: 380.360 sec (0h:6m:20s)
Total CPU time used: 756.789 sec (0h:12m:36s)
Total wall-clock time used: 383.932 sec (0h:6m:23s)
UFBoot trees printed to /mnt/ivy/thliao/project/AOB/analysis/20210713_repeat/add_Chromatiaces/phy_files/mitoR24_prot/withEuk/MitoCOG0060.ufboot

Computing bootstrap consensus tree...
Reading input file /mnt/ivy/thliao/project/AOB/analysis/20210713_repeat/add_Chromatiaces/phy_files/mitoR24_prot/withEuk/MitoCOG0060.splits.nex...
108 taxa and 1017 splits.
Consensus tree written to /mnt/ivy/thliao/project/AOB/analysis/20210713_repeat/add_Chromatiaces/phy_files/mitoR24_prot/withEuk/MitoCOG0060.contree
Reading input trees file /mnt/ivy/thliao/project/AOB/analysis/20210713_repeat/add_Chromatiaces/phy_files/mitoR24_prot/withEuk/MitoCOG0060.contree
Log-likelihood of consensus tree: -11097.311

Analysis results written to: 
  IQ-TREE report:                /mnt/ivy/thliao/project/AOB/analysis/20210713_repeat/add_Chromatiaces/phy_files/mitoR24_prot/withEuk/MitoCOG0060.iqtree
  Maximum-likelihood tree:       /mnt/ivy/thliao/project/AOB/analysis/20210713_repeat/add_Chromatiaces/phy_files/mitoR24_prot/withEuk/MitoCOG0060.treefile
  Likelihood distances:          /mnt/ivy/thliao/project/AOB/analysis/20210713_repeat/add_Chromatiaces/phy_files/mitoR24_prot/withEuk/MitoCOG0060.mldist

Ultrafast bootstrap approximation results written to:
  Split support values:          /mnt/ivy/thliao/project/AOB/analysis/20210713_repeat/add_Chromatiaces/phy_files/mitoR24_prot/withEuk/MitoCOG0060.splits.nex
  Consensus tree:                /mnt/ivy/thliao/project/AOB/analysis/20210713_repeat/add_Chromatiaces/phy_files/mitoR24_prot/withEuk/MitoCOG0060.contree
  UFBoot trees:                  /mnt/ivy/thliao/project/AOB/analysis/20210713_repeat/add_Chromatiaces/phy_files/mitoR24_prot/withEuk/MitoCOG0060.ufboot
  Screen log file:               /mnt/ivy/thliao/project/AOB/analysis/20210713_repeat/add_Chromatiaces/phy_files/mitoR24_prot/withEuk/MitoCOG0060.log

Date and Time: Mon Dec 12 10:05:42 2022
