IQ-TREE multicore version 1.6.12 for Linux 64-bit built Aug 15 2019
Developed by Bui Quang Minh, Nguyen Lam Tung, Olga Chernomor,
Heiko Schmidt, Dominik Schrempf, Michael Woodhams.

Host:    cl007 (AVX512, FMA3, 503 GB RAM)
Command: iqtree -nt 2 -m LG -redo -wbtl -bb 1000 -pre /mnt/ivy/thliao/project/AOB/analysis/20210713_repeat/add_Chromatiaces/phy_files/mitoR24_prot/withEuk/MitoCOG0133 -s /mnt/ivy/thliao/project/AOB/analysis/20210713_repeat/add_Chromatiaces/phy_files/mitoR24_prot/withEuk/MitoCOG0133.aln
Seed:    423963 (Using SPRNG - Scalable Parallel Random Number Generator)
Time:    Mon Dec 12 10:16:03 2022
Kernel:  AVX+FMA - 2 threads (96 CPU cores detected)

Reading alignment file /mnt/ivy/thliao/project/AOB/analysis/20210713_repeat/add_Chromatiaces/phy_files/mitoR24_prot/withEuk/MitoCOG0133.aln ... Fasta format detected
Alignment most likely contains protein sequences
Alignment has 106 sequences with 390 columns, 373 distinct patterns
304 parsimony-informative, 31 singleton sites, 55 constant sites
                           Gap/Ambiguity  Composition  p-value
   1  GCA_001881495.1             26.67%    passed     96.97%
   2  GCA_001697225.1             25.13%    passed     88.16%
   3  GCA_001904725.1             19.23%    passed     28.35%
   4  GCA_002007425.1             26.67%    passed     57.24%
   5  GCA_902500715.1             24.36%    passed     98.86%
   6  GCA_000332035.1             19.49%    passed     29.33%
   7  GCA_016207025.1             24.87%    passed     95.91%
   8  GCA_000024725.1             26.41%    passed     98.38%
   9  GCA_004421105.1             26.41%    passed     95.96%
  10  GCA_014635705.1             25.38%    passed     96.18%
  11  GCA_013141375.1             26.41%    passed     64.49%
  12  GCA_000380225.1             19.49%    passed     40.92%
  13  GCA_000011385.1             19.49%    passed     11.79%
  14  GCA_000317535.1             19.23%    passed     20.96%
  15  GCA_010027455.1             25.38%    passed     34.50%
  16  GCA_000314005.1             19.49%    passed     44.35%
  17  GCA_000760695.4             19.23%    passed     14.60%
  18  GCA_001828545.1             27.18%    passed     10.94%
  19  GCA_000214665.1             26.41%    passed     19.64%
  20  GCA_001566965.1             25.13%    passed     89.78%
  21  GCA_002072955.1             26.15%    passed     52.92%
  22  GCA_009833095.1             24.62%    passed     71.22%
  23  GCA_015709615.1             24.62%    passed     73.82%
  24  GCA_000948975.1             26.67%    passed     74.47%
  25  GCA_000740735.1             25.90%    passed     99.91%
  26  GCA_003015105.1             19.23%    passed     25.65%
  27  GCA_015709635.1             24.62%    passed     79.64%
  28  GCA_900110495.1             24.87%    passed     80.31%
  29  GCA_006496635.1             25.90%    passed     91.23%
  30  GCA_000473895.1             18.97%    passed      7.94%
  31  GCA_016708925.1             26.67%    passed     98.39%
  32  GCA_001458735.1             25.13%    passed     97.30%
  33  GCA_008189685.1             30.26%    failed      0.00%
  34  GCA_002924445.1             24.87%    passed     66.89%
  35  GCA_000332275.1             19.74%    passed     71.92%
  36  GCA_016592635.1             26.15%    passed     97.75%
  37  GCA_002218085.1             13.08%    passed     10.78%
  38  GCA_001458695.1             25.13%    passed     68.16%
  39  GCA_001644685.1             32.82%    passed     93.19%
  40  GCA_003576955.1             24.62%    passed     92.27%
  41  GCA_900119825.1             26.15%    passed     70.23%
  42  GCA_000952155.1             19.23%    passed     30.58%
  43  GCA_000317495.1             18.97%    passed     10.96%
  44  GCA_002868715.1             26.41%    passed     96.17%
  45  GCA_014859375.1             26.15%    passed     90.04%
  46  GCA_004282745.1             23.33%    passed     36.08%
  47  GCA_000469665.2             19.74%    failed      0.00%
  48  GCA_002109495.1             23.85%    passed     69.67%
  49  GCA_001772005.1             26.41%    passed     81.97%
  50  GCA_000317515.1             18.97%    passed     22.67%
  51  GCA_005877815.1             26.41%    passed     77.55%
  52  GCA_002162035.1             26.41%    passed     31.23%
  53  GCA_002356115.1             26.41%    passed     99.05%
  54  GCA_003258315.1             24.36%    passed     77.96%
  55  GCA_000317575.1             19.49%    passed     21.45%
  56  GCA_004684205.1             26.15%    passed     65.89%
  57  GCA_003149345.1             20.00%    passed     65.52%
  58  GCA_000379525.1             26.41%    passed     99.31%
  59  GCA_001890765.1             19.49%    passed     58.40%
  60  GCA_001187785.1             26.41%    passed     99.90%
  61  GCA_000263335.1             26.41%    passed     66.00%
  62  GCA_007992375.1             26.41%    passed     24.13%
  63  GCA_004168365.1             26.41%    passed     97.99%
  64  GCA_000014865.1             25.13%    passed     98.45%
  65  GCA_003534995.1             23.08%    passed     47.13%
  66  GCA_000934545.1             25.38%    passed     85.31%
  67  GCA_002355455.1             19.49%    passed     16.00%
  68  GCA_000264455.2             23.85%    passed     90.49%
  69  GCA_004195045.1             26.15%    failed      0.00%
  70  GCA_001828295.1             25.64%    passed     22.66%
  71  GCA_013697045.1             26.67%    passed     61.57%
  72  GCA_001469165.1             26.41%    passed     99.75%
  73  GCA_013140465.1             26.41%    passed     95.13%
  74  GCA_001747005.1             19.23%    passed     40.72%
  75  GCA_002083815.1             25.90%    passed     52.23%
  76  GCA_017879665.1             24.62%    passed     86.97%
  77  GCA_000013225.1             19.49%    failed      1.06%
  78  GCA_003003885.1             19.23%    passed     33.30%
  79  GCA_000346485.2             19.23%    passed     34.55%
  80  GCA_902810445.1             26.15%    passed     70.46%
  81  GCA_000828615.1             25.38%    passed     36.00%
  82  GCA_001007875.1             26.67%    passed     87.39%
  83  GCA_000228725.3             26.15%    passed     98.94%
  84  GCA_003532895.1             22.82%    passed     98.80%
  85  GCA_003851125.1             26.41%    passed     16.85%
  86  GCA_003644325.1             24.87%    passed     34.33%
  87  GCA_003696005.1             26.67%    failed      2.15%
  88  GCA_016788925.1             71.03%    passed     74.76%
  89  GCA_003719295.1             26.41%    passed     94.94%
  90  GCF_004345375.1             24.62%    passed     74.05%
  91  GCA_006385135.1             25.13%    passed     96.35%
  92  GCA_007197755.1             24.36%    passed     78.82%
  93  GCA_003551305.1             21.28%    failed      0.00%
  94  GCA_003015145.1             31.03%    failed      1.53%
  95  GCA_005524015.1             25.64%    passed     13.63%
  96  GCA_902459485.1             26.41%    passed     78.51%
  97  GCA_000949635.1             25.38%    failed      2.02%
  98  GCA_013140535.1             25.13%    passed     74.06%
  99  GCA_016873455.1             25.13%    passed     90.88%
 100  GCA_900107585.1             25.64%    passed     61.33%
 101  Jakoba_bahamiensis          29.49%    failed      0.91%
 102  Jakoba_libera               27.69%    failed      0.84%
 103  Seculamonas_ecuadoriensis   28.21%    failed      0.00%
 104  Andalucia_godoyi            29.74%    passed      6.79%
 105  Histiona_aroides            28.46%    failed      0.25%
 106  Reclinomonas_americana      27.95%    failed      0.00%
WARNING: 1 sequences contain more than 50% gaps/ambiguity
****  TOTAL                       24.92%  13 sequences failed composition chi2 test (p-value<5%; df=19)

Create initial parsimony tree by phylogenetic likelihood library (PLL)... 0.038 seconds
Generating 1000 samples for ultrafast bootstrap (seed: 423963)...

NOTE: 8 MB RAM (0 GB) is required!
Estimate model parameters (epsilon = 0.100)
1. Initial log-likelihood: -34483.812
Optimal log-likelihood: -34160.627
Parameters optimization took 1 rounds (0.085 sec)
Computing ML distances based on estimated model parameters... 1.147 sec
Computing BIONJ tree...
0.009 seconds
Log-likelihood of BIONJ tree: -34229.821
--------------------------------------------------------------------
|             INITIALIZING CANDIDATE TREE SET                      |
--------------------------------------------------------------------
Generating 98 parsimony trees... 2.712 second
Computing log-likelihood of 98 initial trees ... 4.113 seconds
Current best score: -34112.362

Do NNI search on 20 best initial trees
Estimate model parameters (epsilon = 0.100)
BETTER TREE FOUND at iteration 1: -34068.939
Estimate model parameters (epsilon = 0.100)
BETTER TREE FOUND at iteration 8: -34067.679
Iteration 10 / LogL: -34075.062 / Time: 0h:0m:13s
Estimate model parameters (epsilon = 0.100)
BETTER TREE FOUND at iteration 11: -34055.610
Estimate model parameters (epsilon = 0.100)
BETTER TREE FOUND at iteration 16: -34048.331
Iteration 20 / LogL: -34059.576 / Time: 0h:0m:18s
Finish initializing candidate tree set (20)
Current best tree score: -34048.331 / CPU time: 18.500
Number of iterations: 20
--------------------------------------------------------------------
|               OPTIMIZING CANDIDATE TREE SET                      |
--------------------------------------------------------------------
Estimate model parameters (epsilon = 0.100)
BETTER TREE FOUND at iteration 26: -34046.661
Estimate model parameters (epsilon = 0.100)
BETTER TREE FOUND at iteration 29: -34045.901
Iteration 30 / LogL: -34049.819 / Time: 0h:0m:24s (0h:1m:23s left)
Estimate model parameters (epsilon = 0.100)
BETTER TREE FOUND at iteration 31: -34043.250
Estimate model parameters (epsilon = 0.100)
BETTER TREE FOUND at iteration 36: -34042.106
Iteration 40 / LogL: -34058.739 / Time: 0h:0m:30s (0h:1m:14s left)
Iteration 50 / LogL: -34043.285 / Time: 0h:0m:35s (0h:1m:1s left)
Log-likelihood cutoff on original alignment: -34130.154
UFBoot trees printed to /mnt/ivy/thliao/project/AOB/analysis/20210713_repeat/add_Chromatiaces/phy_files/mitoR24_prot/withEuk/MitoCOG0133.ufboot
Iteration 60 / LogL: -34042.168 / Time: 0h:0m:41s (0h:0m:53s left)
Iteration 70 / LogL: -34045.391 / Time: 0h:0m:47s (0h:0m:45s left)
Iteration 80 / LogL: -34042.158 / Time: 0h:0m:52s (0h:0m:37s left)
Iteration 90 / LogL: -34062.764 / Time: 0h:0m:58s (0h:0m:29s left)
Iteration 100 / LogL: -34042.126 / Time: 0h:1m:3s (0h:0m:23s left)
Log-likelihood cutoff on original alignment: -34130.154
NOTE: Bootstrap correlation coefficient of split occurrence frequencies: 0.997
UFBoot trees printed to /mnt/ivy/thliao/project/AOB/analysis/20210713_repeat/add_Chromatiaces/phy_files/mitoR24_prot/withEuk/MitoCOG0133.ufboot
Estimate model parameters (epsilon = 0.100)
UPDATE BEST LOG-LIKELIHOOD: -34042.069
Iteration 110 / LogL: -34042.069 / Time: 0h:1m:9s (0h:0m:57s left)
Iteration 120 / LogL: -34042.148 / Time: 0h:1m:15s (0h:0m:50s left)
Iteration 130 / LogL: -34045.504 / Time: 0h:1m:21s (0h:0m:44s left)
TREE SEARCH COMPLETED AFTER 137 ITERATIONS / Time: 0h:1m:25s

--------------------------------------------------------------------
|                    FINALIZING TREE SEARCH                        |
--------------------------------------------------------------------
Performs final model parameters optimization
Estimate model parameters (epsilon = 0.010)
1. Initial log-likelihood: -34042.069
Optimal log-likelihood: -34042.069
Parameters optimization took 1 rounds (0.037 sec)
BEST SCORE FOUND : -34042.069
Creating bootstrap support values...
Split supports printed to NEXUS file /mnt/ivy/thliao/project/AOB/analysis/20210713_repeat/add_Chromatiaces/phy_files/mitoR24_prot/withEuk/MitoCOG0133.splits.nex
Total tree length: 30.527

Total number of iterations: 137
CPU time used for tree search: 163.243 sec (0h:2m:43s)
Wall-clock time used for tree search: 84.236 sec (0h:1m:24s)
Total CPU time used: 165.509 sec (0h:2m:45s)
Total wall-clock time used: 85.489 sec (0h:1m:25s)
UFBoot trees printed to /mnt/ivy/thliao/project/AOB/analysis/20210713_repeat/add_Chromatiaces/phy_files/mitoR24_prot/withEuk/MitoCOG0133.ufboot

Computing bootstrap consensus tree...
Reading input file /mnt/ivy/thliao/project/AOB/analysis/20210713_repeat/add_Chromatiaces/phy_files/mitoR24_prot/withEuk/MitoCOG0133.splits.nex...
106 taxa and 553 splits.
Consensus tree written to /mnt/ivy/thliao/project/AOB/analysis/20210713_repeat/add_Chromatiaces/phy_files/mitoR24_prot/withEuk/MitoCOG0133.contree
Reading input trees file /mnt/ivy/thliao/project/AOB/analysis/20210713_repeat/add_Chromatiaces/phy_files/mitoR24_prot/withEuk/MitoCOG0133.contree
Log-likelihood of consensus tree: -34042.106

Analysis results written to: 
  IQ-TREE report:                /mnt/ivy/thliao/project/AOB/analysis/20210713_repeat/add_Chromatiaces/phy_files/mitoR24_prot/withEuk/MitoCOG0133.iqtree
  Maximum-likelihood tree:       /mnt/ivy/thliao/project/AOB/analysis/20210713_repeat/add_Chromatiaces/phy_files/mitoR24_prot/withEuk/MitoCOG0133.treefile
  Likelihood distances:          /mnt/ivy/thliao/project/AOB/analysis/20210713_repeat/add_Chromatiaces/phy_files/mitoR24_prot/withEuk/MitoCOG0133.mldist

Ultrafast bootstrap approximation results written to:
  Split support values:          /mnt/ivy/thliao/project/AOB/analysis/20210713_repeat/add_Chromatiaces/phy_files/mitoR24_prot/withEuk/MitoCOG0133.splits.nex
  Consensus tree:                /mnt/ivy/thliao/project/AOB/analysis/20210713_repeat/add_Chromatiaces/phy_files/mitoR24_prot/withEuk/MitoCOG0133.contree
  UFBoot trees:                  /mnt/ivy/thliao/project/AOB/analysis/20210713_repeat/add_Chromatiaces/phy_files/mitoR24_prot/withEuk/MitoCOG0133.ufboot
  Screen log file:               /mnt/ivy/thliao/project/AOB/analysis/20210713_repeat/add_Chromatiaces/phy_files/mitoR24_prot/withEuk/MitoCOG0133.log

Date and Time: Mon Dec 12 10:17:29 2022
