IQ-TREE multicore version 1.6.12 for Linux 64-bit built Aug 15 2019
Developed by Bui Quang Minh, Nguyen Lam Tung, Olga Chernomor,
Heiko Schmidt, Dominik Schrempf, Michael Woodhams.

Host:    cl002 (AVX2, FMA3, 251 GB RAM)
Command: iqtree -nt 2 -redo -wbtl -bb 1000 -pre /mnt/ivy/thliao/project/AOB/analysis/20210713_repeat/add_Chromatiaces/phy_files/mitoR24_prot/withEuk/MitoCOG0004 -s /mnt/ivy/thliao/project/AOB/analysis/20210713_repeat/add_Chromatiaces/phy_files/mitoR24_prot/withEuk/MitoCOG0004.aln
Seed:    946854 (Using SPRNG - Scalable Parallel Random Number Generator)
Time:    Mon Dec 12 09:48:08 2022
Kernel:  AVX+FMA - 2 threads (64 CPU cores detected)

Reading alignment file /mnt/ivy/thliao/project/AOB/analysis/20210713_repeat/add_Chromatiaces/phy_files/mitoR24_prot/withEuk/MitoCOG0004.aln ... Fasta format detected
Alignment most likely contains protein sequences
Alignment has 71 sequences with 512 columns, 468 distinct patterns
273 parsimony-informative, 109 singleton sites, 130 constant sites
                           Gap/Ambiguity  Composition  p-value
   1  GCA_001904725.1             56.45%    failed      1.80%
   2  GCA_902500715.1             51.37%    passed     94.06%
   3  GCA_016207025.1             51.56%    passed     86.96%
   4  GCA_004421105.1             52.54%    passed      9.65%
   5  GCA_000380225.1             51.37%    passed     43.11%
   6  GCA_000317535.1             50.98%    passed     42.15%
   7  GCA_000314005.1             50.59%    passed     28.29%
   8  GCA_001828545.1             51.95%    passed     91.81%
   9  GCA_000214665.1             55.08%    passed     27.81%
  10  GCA_001566965.1             54.10%    passed     41.74%
  11  GCA_002072955.1             56.84%    passed     28.49%
  12  GCA_011090395.1             51.17%    passed     91.00%
  13  GCA_001458735.1             51.37%    passed     93.88%
  14  GCA_008189685.1             52.73%    failed      3.28%
  15  GCA_002924445.1             52.15%    passed     95.19%
  16  GCA_000332275.1             56.05%    passed     44.33%
  17  GCA_001458695.1             51.37%    passed     92.43%
  18  GCA_003576955.1             51.37%    passed     94.86%
  19  GCA_000317495.1             50.98%    passed     52.66%
  20  GCA_002868715.1             54.49%    failed      0.06%
  21  GCA_014859375.1             50.78%    passed     54.10%
  22  GCA_000469665.2             53.32%    passed      8.20%
  23  GCA_002109495.1             47.85%    passed     84.08%
  24  GCA_000317515.1             50.39%    passed     75.88%
  25  GCA_005877815.1             51.56%    passed     95.89%
  26  GCA_002162035.1             53.52%    passed     31.16%
  27  GCA_003258315.1             50.00%    passed     92.56%
  28  GCA_000317575.1             50.78%    passed     28.44%
  29  GCA_004684205.1             49.61%    passed     57.22%
  30  GCA_003149345.1             55.08%    passed     97.30%
  31  GCA_000379525.1             54.69%    passed      7.02%
  32  GCA_001890765.1             50.98%    passed     53.28%
  33  GCA_007992375.1             45.12%    passed     43.81%
  34  GCA_000014865.1             49.41%    passed     83.79%
  35  GCA_003534995.1             50.20%    passed     38.24%
  36  GCA_002355455.1             50.78%    passed     29.58%
  37  GCA_000264455.2             52.54%    passed     95.03%
  38  GCA_004195045.1             56.64%    passed     18.94%
  39  GCA_001828295.1             58.79%    passed     98.66%
  40  GCA_017879665.1             51.37%    passed     92.48%
  41  GCA_000013225.1             51.17%    passed     90.62%
  42  GCA_000228725.3             55.27%    passed     23.26%
  43  GCA_003532895.1             44.53%    failed      0.99%
  44  GCA_003851125.1             55.27%    passed     68.93%
  45  GCA_016788925.1             51.37%    passed     94.06%
  46  GCA_003719295.1             42.97%    passed     22.33%
  47  GCA_006385135.1             52.93%    passed     59.48%
  48  GCA_007197755.1             50.78%    passed     44.42%
  49  GCA_003015145.1             52.93%    passed     20.15%
  50  GCA_005524015.1             50.39%    passed     74.79%
  51  GCA_001803795.1             52.93%    passed     62.72%
  52  GCA_000949635.1             50.39%    passed     77.38%
  53  GCA_013140535.1             51.37%    passed     90.64%
  54  GCA_016873455.1             51.37%    passed     75.27%
  55  GCA_900107585.1             51.76%    passed     55.59%
  56  Jakoba_bahamiensis          51.56%    passed     89.66%
  57  Jakoba_libera               49.80%    passed     39.18%
  58  Seculamonas_ecuadoriensis   51.17%    passed     72.82%
  59  Andalucia_godoyi            51.37%    passed     81.59%
  60  Histiona_aroides            51.56%    passed     71.41%
  61  Phytophthora_infestans      53.32%    passed      9.15%
  62  Reclinomonas_americana      51.37%    passed     53.12%
  63  Arabidopsis_thaliana        31.84%    passed      6.71%
  64  Physcomitrella_patens       50.78%    passed     40.91%
  65  Ostreococcus_tauri          51.37%    passed     11.48%
  66  Oryza_sativa                34.77%    failed      0.48%
  67  Cyanophora_paradoxa         50.98%    passed     21.13%
  68  Cyanidioschyzon_merolae     50.20%    failed      1.36%
  69  Malawimonas_jakobiformis    51.56%    failed      2.27%
  70  Porphyra_umbilicalis        50.00%    passed      6.29%
  71  Chondrus_crispus            50.59%    passed     35.18%
WARNING: 60 sequences contain more than 50% gaps/ambiguity
****  TOTAL                       51.20%  7 sequences failed composition chi2 test (p-value<5%; df=19)


Create initial parsimony tree by phylogenetic likelihood library (PLL)... 0.022 seconds
NOTE: ModelFinder requires 55 MB RAM!
ModelFinder will test 546 protein models (sample size: 512) ...
 No. Model         -LnL         df  AIC          AICc         BIC
  1  Dayhoff       23974.773    139 48227.546    48332.170    48816.673
  2  Dayhoff+I     23843.530    140 47967.060    48073.475    48560.425
  3  Dayhoff+G4    23121.564    140 46523.129    46629.544    47116.494
  4  Dayhoff+I+G4  23097.135    141 46476.270    46584.497    47073.873
  5  Dayhoff+R2    23275.892    141 46833.784    46942.011    47431.388
  6  Dayhoff+R3    23137.025    143 46560.051    46671.964    47166.131
  7  Dayhoff+R4    23082.051    145 46454.102    46569.785    47068.659
  8  Dayhoff+R5    23065.917    147 46425.834    46545.373    47048.868
  9  Dayhoff+R6    23061.532    149 46421.063    46544.544    47052.574
 14  Dayhoff+F     23496.072    158 47308.144    47450.479    47977.800
 15  Dayhoff+F+I   23378.228    159 47074.457    47219.002    47748.350
 16  Dayhoff+F+G4  22651.471    159 45620.942    45765.487    46294.836
 17  Dayhoff+F+I+G4 22626.499    160 45572.998    45719.778    46251.130
 18  Dayhoff+F+R2  22791.717    160 45903.435    46050.215    46581.566
 19  Dayhoff+F+R3  22667.569    162 45659.139    45810.462    46345.747
 20  Dayhoff+F+R4  22615.703    164 45559.405    45715.371    46254.490
 21  Dayhoff+F+R5  22601.713    166 45535.427    45696.134    46238.989
 22  Dayhoff+F+R6  22599.609    168 45535.217    45700.768    46247.256
 27  mtMAM         25155.822    139 50589.644    50694.268    51178.772
 28  mtMAM+I       25053.721    140 50387.441    50493.857    50980.807
 29  mtMAM+G4      23645.082    140 47570.164    47676.579    48163.529
 30  mtMAM+I+G4    23628.975    141 47539.950    47648.177    48137.554
 31  mtMAM+R2      23930.263    141 48142.526    48250.753    48740.130
 32  mtMAM+R3      23731.395    143 47748.790    47860.703    48354.870
 33  mtMAM+R4      23633.932    145 47557.864    47673.548    48172.422
 34  mtMAM+R5      23612.585    147 47519.169    47638.708    48142.203
 35  mtMAM+R6      23602.156    149 47502.313    47625.793    48133.823
 36  mtMAM+R7      23597.237    151 47496.475    47623.986    48136.462
 40  mtMAM+F       24764.076    158 49844.152    49986.486    50513.807
 41  mtMAM+F+I     24661.993    159 49641.986    49786.531    50315.879
 42  mtMAM+F+G4    23251.797    159 46821.594    46966.140    47495.488
 43  mtMAM+F+I+G4  23236.826    160 46793.652    46940.433    47471.784
 44  mtMAM+F+R2    23539.089    160 47398.178    47544.958    48076.310
 45  mtMAM+F+R3    23341.286    162 47006.572    47157.896    47693.181
 46  mtMAM+F+R4    23240.442    164 46808.884    46964.850    47503.969
 47  mtMAM+F+R5    23220.488    166 46772.976    46933.683    47476.538
 48  mtMAM+F+R6    23209.236    168 46754.472    46920.023    47466.510
 49  mtMAM+F+R7    23204.283    170 46748.565    46919.064    47469.080
 53  JTT           23654.269    139 47586.538    47691.162    48175.665
 54  JTT+I         23528.578    140 47337.156    47443.571    47930.521
 55  JTT+G4        22871.857    140 46023.715    46130.130    46617.080
 56  JTT+I+G4      22846.300    141 45974.599    46082.826    46572.203
 57  JTT+R2        23003.843    141 46289.686    46397.913    46887.290
 58  JTT+R3        22882.746    143 46051.492    46163.405    46657.573
 59  JTT+R4        22837.413    145 45964.827    46080.510    46579.384
 60  JTT+R5        22826.154    147 45946.308    46065.846    46569.342
 61  JTT+R6        22822.976    149 45943.953    46067.434    46575.463
 66  JTT+F         23415.020    158 47146.039    47288.374    47815.695
 67  JTT+F+I       23299.543    159 46917.085    47061.631    47590.979
 68  JTT+F+G4      22574.951    159 45467.902    45612.447    46141.795
 69  JTT+F+I+G4    22551.652    160 45423.304    45570.084    46101.436
 70  JTT+F+R2      22715.236    160 45750.471    45897.252    46428.603
 71  JTT+F+R3      22596.112    162 45516.224    45667.548    46202.833
 72  JTT+F+R4      22551.312    164 45430.625    45586.590    46125.710
 73  JTT+F+R5      22533.990    166 45399.980    45560.688    46103.542
 74  JTT+F+R6      22532.553    168 45401.107    45566.658    46113.145
 79  WAG           23520.055    139 47318.111    47422.734    47907.238
 80  WAG+I         23386.181    140 47052.361    47158.776    47645.727
 81  WAG+G4        22838.702    140 45957.404    46063.819    46550.770
 82  WAG+I+G4      22807.976    141 45897.952    46006.179    46495.555
 83  WAG+R2        22937.452    141 46156.905    46265.132    46754.509
 84  WAG+R3        22845.500    143 45976.999    46088.912    46583.080
 85  WAG+R4        22790.418    145 45870.835    45986.519    46485.393
 86  WAG+R5        22782.890    147 45859.779    45979.318    46482.813
 87  WAG+R6        22779.851    149 45857.702    45981.183    46489.213
 92  WAG+F         23219.931    158 46755.863    46898.197    47425.518
 93  WAG+F+I       23098.886    159 46515.772    46660.318    47189.666
 94  WAG+F+G4      22498.915    159 45315.830    45460.375    45989.723
 95  WAG+F+I+G4    22470.785    160 45261.570    45408.350    45939.701
 96  WAG+F+R2      22606.248    160 45532.496    45679.276    46210.628
 97  WAG+F+R3      22512.249    162 45348.498    45499.821    46035.106
 98  WAG+F+R4      22460.025    164 45248.050    45404.016    45943.136
 99  WAG+F+R5      22453.338    166 45238.676    45399.384    45942.238
100  WAG+F+R6      22451.683    168 45239.365    45404.916    45951.404
105  cpREV         23482.341    139 47242.682    47347.306    47831.809
106  cpREV+I       23344.812    140 46969.624    47076.039    47562.989
107  cpREV+G4      22753.587    140 45787.173    45893.588    46380.539
108  cpREV+I+G4    22723.425    141 45728.849    45837.076    46326.453
109  cpREV+R2      22870.987    141 46023.973    46132.200    46621.577
110  cpREV+R3      22763.638    143 45813.276    45925.189    46419.356
111  cpREV+R4      22708.943    145 45707.885    45823.568    46322.442
112  cpREV+R5      22700.448    147 45694.897    45814.435    46317.931
113  cpREV+R6      22697.780    149 45693.560    45817.040    46325.070
118  cpREV+F       23271.813    158 46859.626    47001.961    47529.282
119  cpREV+F+I     23150.758    159 46619.517    46764.062    47293.410
120  cpREV+F+G4    22520.488    159 45358.976    45503.522    46032.870
121  cpREV+F+I+G4  22494.977    160 45309.954    45456.735    45988.086
122  cpREV+F+R2    22637.712    160 45595.423    45742.204    46273.555
123  cpREV+F+R3    22529.213    162 45382.427    45533.751    46069.035
124  cpREV+F+R4    22479.963    164 45287.926    45443.891    45983.011
125  cpREV+F+R5    22472.797    166 45277.593    45438.301    45981.155
126  cpREV+F+R6    22470.698    168 45277.397    45442.948    45989.435
131  mtREV         24284.791    139 48847.582    48952.205    49436.709
132  mtREV+I       24176.192    140 48632.383    48738.798    49225.749
133  mtREV+G4      23229.636    140 46739.271    46845.686    47332.637
134  mtREV+I+G4    23212.327    141 46706.653    46814.880    47304.257
135  mtREV+R2      23421.769    141 47125.539    47233.766    47723.142
136  mtREV+R3      23264.425    143 46814.850    46926.763    47420.931
137  mtREV+R4      23216.907    145 46723.814    46839.497    47338.371
138  mtREV+R5      23201.017    147 46696.033    46815.572    47319.067
139  mtREV+R6      23195.063    149 46688.127    46811.608    47319.637
144  mtREV+F       23865.292    158 48046.584    48188.918    48716.239
145  mtREV+F+I     23759.916    159 47837.832    47982.378    48511.726
146  mtREV+F+G4    22791.894    159 45901.787    46046.333    46575.681
147  mtREV+F+I+G4  22775.326    160 45870.651    46017.432    46548.783
148  mtREV+F+R2    22985.505    160 46291.010    46437.791    46969.142
149  mtREV+F+R3    22825.727    162 45975.455    46126.778    46662.063
150  mtREV+F+R4    22777.914    164 45883.829    46039.794    46578.914
151  mtREV+F+R5    22763.999    166 45859.998    46020.706    46563.560
152  mtREV+F+R6    22758.817    168 45853.634    46019.185    46565.673
157  rtREV         23708.218    139 47694.436    47799.059    48283.563
158  rtREV+I       23587.151    140 47454.303    47560.718    48047.668
159  rtREV+G4      22961.395    140 46202.789    46309.204    46796.155
160  rtREV+I+G4    22934.089    141 46150.178    46258.405    46747.782
161  rtREV+R2      23087.660    141 46457.320    46565.547    47054.924
162  rtREV+R3      22982.394    143 46250.788    46362.702    46856.869
163  rtREV+R4      22927.877    145 46145.753    46261.436    46760.310
164  rtREV+R5      22917.083    147 46128.166    46247.705    46751.200
165  rtREV+R6      22915.568    149 46129.136    46252.616    46760.646
170  rtREV+F       23378.769    158 47073.537    47215.871    47743.192
171  rtREV+F+I     23270.834    159 46859.668    47004.213    47533.561
172  rtREV+F+G4    22529.616    159 45377.233    45521.778    46051.126
173  rtREV+F+I+G4  22507.072    160 45334.143    45480.924    46012.275
174  rtREV+F+R2    22665.939    160 45651.877    45798.658    46330.009
175  rtREV+F+R3    22548.783    162 45421.566    45572.889    46108.174
176  rtREV+F+R4    22503.336    164 45334.672    45490.637    46029.757
177  rtREV+F+R5    22490.594    166 45313.189    45473.896    46016.750
178  rtREV+F+R6    22489.725    168 45315.450    45481.001    46027.488
183  mtART         24365.824    139 49009.647    49114.271    49598.774
184  mtART+I       24257.001    140 48794.002    48900.417    49387.367
185  mtART+G4      23011.168    140 46302.336    46408.751    46895.702
186  mtART+I+G4    22989.640    141 46261.279    46369.506    46858.883
187  mtART+R2      23261.609    141 46805.219    46913.446    47402.822
188  mtART+R3      23090.115    143 46466.231    46578.144    47072.311
189  mtART+R4      22999.442    145 46288.884    46404.567    46903.441
190  mtART+R5      22989.637    147 46273.274    46392.813    46896.308
191  mtART+R6      22987.936    149 46273.873    46397.354    46905.383
196  mtART+F       24141.685    158 48599.371    48741.705    49269.026
197  mtART+F+I     24040.775    159 48399.551    48544.096    49073.444
198  mtART+F+G4    22760.658    159 45839.315    45983.861    46513.209
199  mtART+F+I+G4  22741.662    160 45803.323    45950.104    46481.455
200  mtART+F+R2    23015.617    160 46351.235    46498.015    47029.366
201  mtART+F+R3    22844.457    162 46012.913    46164.237    46699.522
202  mtART+F+R4    22751.407    164 45830.815    45986.780    46525.900
203  mtART+F+R5    22742.467    166 45816.933    45977.641    46520.495
204  mtART+F+R6    22740.818    168 45817.636    45983.187    46529.675
209  mtZOA         23778.569    139 47835.138    47939.761    48424.265
210  mtZOA+I       23685.135    140 47650.271    47756.686    48243.636
211  mtZOA+G4      22618.676    140 45517.351    45623.766    46110.717
212  mtZOA+I+G4    22602.163    141 45486.325    45594.552    46083.929
213  mtZOA+R2      22829.280    141 45940.560    46048.787    46538.163
214  mtZOA+R3      22665.990    143 45617.980    45729.893    46224.061
215  mtZOA+R4      22606.307    145 45502.615    45618.298    46117.172
216  mtZOA+R5      22595.538    147 45485.077    45604.615    46108.110
217  mtZOA+R6      22594.377    149 45486.754    45610.235    46118.265
222  mtZOA+F       23684.028    158 47684.056    47826.390    48353.711
223  mtZOA+F+I     23591.890    159 47501.781    47646.326    48175.674
224  mtZOA+F+G4    22514.784    159 45347.568    45492.114    46021.462
225  mtZOA+F+I+G4  22498.256    160 45316.513    45463.293    45994.644
226  mtZOA+F+R2    22723.446    160 45766.892    45913.673    46445.024
227  mtZOA+F+R3    22562.372    162 45448.744    45600.068    46135.353
228  mtZOA+F+R4    22503.594    164 45335.188    45491.153    46030.273
229  mtZOA+F+R5    22492.241    166 45316.483    45477.190    46020.044
230  mtZOA+F+R6    22491.039    168 45318.078    45483.629    46030.116
235  VT            23394.657    139 47067.315    47171.939    47656.442
236  VT+I          23273.865    140 46827.730    46934.145    47421.095
237  VT+G4         22759.984    140 45799.967    45906.382    46393.333
238  VT+I+G4       22731.806    141 45745.611    45853.838    46343.215
239  VT+R2         22852.237    141 45986.473    46094.700    46584.077
240  VT+R3         22764.518    143 45815.035    45926.948    46421.116
241  VT+R4         22717.887    145 45725.774    45841.457    46340.331
242  VT+R5         22710.790    147 45715.579    45835.118    46338.613
243  VT+R6         22710.721    149 45719.443    45842.923    46350.953
248  VT+F          23131.599    158 46579.197    46721.531    47248.852
249  VT+F+I        23020.176    159 46358.353    46502.898    47032.246
250  VT+F+G4       22463.655    159 45245.309    45389.855    45919.203
251  VT+F+I+G4     22436.789    160 45193.578    45340.359    45871.710
252  VT+F+R2       22564.557    160 45449.113    45595.894    46127.245
253  VT+F+R3       22473.508    162 45271.015    45422.339    45957.624
254  VT+F+R4       22429.024    164 45186.048    45342.014    45881.133
255  VT+F+R5       22419.957    166 45171.914    45332.622    45875.476
256  VT+F+R6       22419.924    168 45175.848    45341.399    45887.887
261  LG            23363.952    139 47005.905    47110.528    47595.032
262  LG+I          23238.771    140 46757.543    46863.958    47350.908
263  LG+G4         22600.464    140 45480.929    45587.344    46074.294
264  LG+I+G4       22572.861    141 45427.722    45535.949    46025.326
265  LG+R2         22735.879    141 45753.757    45861.984    46351.361
266  LG+R3         22624.729    143 45535.458    45647.371    46141.538
267  LG+R4         22568.945    145 45427.891    45543.574    46042.448
268  LG+R5         22557.503    147 45409.006    45528.545    46032.040
269  LG+R6         22556.476    149 45410.953    45534.434    46042.463
274  LG+F          23244.870    158 46805.739    46948.074    47475.395
275  LG+F+I        23130.735    159 46579.470    46724.016    47253.364
276  LG+F+G4       22389.251    159 45096.502    45241.048    45770.396
277  LG+F+I+G4     22364.327    160 45048.654    45195.435    45726.786
278  LG+F+R2       22531.378    160 45382.755    45529.536    46060.887
279  LG+F+R3       22407.787    162 45139.573    45290.897    45826.182
280  LG+F+R4       22365.367    164 45058.735    45214.700    45753.820
281  LG+F+R5       22351.142    166 45034.284    45194.991    45737.845
282  LG+F+R6       22349.451    168 45034.902    45200.453    45746.940
287  DCMut         23970.612    139 48219.224    48323.848    48808.351
288  DCMut+I       23839.514    140 47959.027    48065.442    48552.393
289  DCMut+G4      23120.389    140 46520.779    46627.194    47114.144
290  DCMut+I+G4    23095.940    141 46473.879    46582.106    47071.483
291  DCMut+R2      23274.083    141 46830.166    46938.393    47427.770
292  DCMut+R3      23135.604    143 46557.208    46669.121    47163.289
293  DCMut+R4      23080.809    145 46451.617    46567.300    47066.174
294  DCMut+R5      23064.335    147 46422.669    46542.208    47045.703
295  DCMut+R6      23064.314    149 46426.628    46550.109    47058.138
300  DCMut+F       23492.768    158 47301.535    47443.870    47971.191
301  DCMut+F+I     23375.022    159 47068.044    47212.589    47741.937
302  DCMut+F+G4    22650.661    159 45619.323    45763.868    46293.216
303  DCMut+F+I+G4  22625.659    160 45571.319    45718.099    46249.451
304  DCMut+F+R2    22790.447    160 45900.893    46047.674    46579.025
305  DCMut+F+R3    22666.700    162 45657.399    45808.723    46344.008
306  DCMut+F+R4    22614.798    164 45557.597    45713.562    46252.682
307  DCMut+F+R5    22600.795    166 45533.590    45694.297    46237.152
308  DCMut+F+R6    22600.696    168 45537.391    45702.942    46249.430
313  PMB           23320.180    139 46918.360    47022.983    47507.487
314  PMB+I         23197.404    140 46674.808    46781.223    47268.173
315  PMB+G4        22739.534    140 45759.068    45865.483    46352.434
316  PMB+I+G4      22708.386    141 45698.771    45806.998    46296.375
317  PMB+R2        22818.350    141 45918.701    46026.928    46516.304
318  PMB+R3        22735.700    143 45757.399    45869.312    46363.480
319  PMB+R4        22691.683    145 45673.366    45789.049    46287.923
320  PMB+R5        22685.285    147 45664.570    45784.108    46287.603
321  PMB+R6        22685.263    149 45668.525    45792.006    46300.035
326  PMB+F         23202.683    158 46721.366    46863.701    47391.022
327  PMB+F+I       23087.619    159 46493.238    46637.784    47167.132
328  PMB+F+G4      22552.290    159 45422.581    45567.126    46096.474
329  PMB+F+I+G4    22524.342    160 45368.685    45515.465    46046.817
330  PMB+F+R2      22649.979    160 45619.959    45766.740    46298.091
331  PMB+F+R3      22558.419    162 45440.838    45592.161    46127.446
332  PMB+F+R4      22515.283    164 45358.566    45514.532    46053.652
333  PMB+F+R5      22508.007    166 45348.013    45508.720    46051.575
334  PMB+F+R6      22507.981    168 45351.961    45517.512    46064.000
339  HIVb          24270.675    139 48819.350    48923.974    49408.477
340  HIVb+I        24127.892    140 48535.784    48642.199    49129.150
341  HIVb+G4       23338.616    140 46957.231    47063.646    47550.597
342  HIVb+I+G4     23310.531    141 46903.062    47011.289    47500.666
343  HIVb+R2       23523.679    141 47329.358    47437.585    47926.962
344  HIVb+R3       23366.050    143 47018.099    47130.012    47624.179
345  HIVb+R4       23308.978    145 46907.955    47023.638    47522.512
346  HIVb+R5       23296.403    147 46886.807    47006.345    47509.840
347  HIVb+R6       23296.260    149 46890.520    47014.001    47522.031
352  HIVb+F        24072.798    158 48461.596    48603.931    49131.252
353  HIVb+F+I      23936.034    159 48190.068    48334.614    48863.962
354  HIVb+F+G4     23007.591    159 46333.181    46477.727    47007.075
355  HIVb+F+I+G4   22986.629    160 46293.257    46440.038    46971.389
356  HIVb+F+R2     23219.702    160 46759.404    46906.185    47437.536
357  HIVb+F+R3     23044.175    162 46412.350    46563.673    47098.958
358  HIVb+F+R4     22992.838    164 46313.676    46469.642    47008.761
359  HIVb+F+R5     22975.633    166 46283.267    46443.974    46986.829
360  HIVb+F+R6     22975.443    168 46286.885    46452.436    46998.924
365  HIVw          25113.735    139 50505.470    50610.094    51094.598
366  HIVw+I        24977.951    140 50235.901    50342.316    50829.266
367  HIVw+G4       24204.784    140 48689.567    48795.983    49282.933
368  HIVw+I+G4     24178.273    141 48638.547    48746.774    49236.151
369  HIVw+R2       24376.701    141 49035.402    49143.629    49633.005
370  HIVw+R3       24234.659    143 48755.319    48867.232    49361.399
371  HIVw+R4       24181.457    145 48652.914    48768.597    49267.471
372  HIVw+R5       24162.848    147 48619.696    48739.235    49242.730
373  HIVw+R6       24161.275    149 48620.551    48744.032    49252.061
378  HIVw+F        24547.101    158 49410.202    49552.536    50079.857
379  HIVw+F+I      24413.889    159 49145.779    49290.324    49819.673
380  HIVw+F+G4     23538.160    159 47394.321    47538.866    48068.215
381  HIVw+F+I+G4   23514.535    160 47349.069    47495.850    48027.201
382  HIVw+F+R2     23711.509    160 47743.018    47889.798    48421.150
383  HIVw+F+R3     23575.128    162 47474.256    47625.579    48160.864
384  HIVw+F+R4     23512.513    164 47353.025    47508.991    48048.110
385  HIVw+F+R5     23497.812    166 47327.624    47488.331    48031.186
386  HIVw+F+R6     23496.217    168 47328.434    47493.985    48040.473
391  JTTDCMut      23666.470    139 47610.939    47715.563    48200.066
392  JTTDCMut+I    23540.064    140 47360.128    47466.543    47953.493
393  JTTDCMut+G4   22885.868    140 46051.737    46158.152    46645.102
394  JTTDCMut+I+G4 22859.951    141 46001.903    46110.130    46599.506
395  JTTDCMut+R2   23016.872    141 46315.745    46423.972    46913.349
396  JTTDCMut+R3   22896.359    143 46078.718    46190.631    46684.799
397  JTTDCMut+R4   22846.434    145 45982.869    46098.552    46597.426
398  JTTDCMut+R5   22835.558    147 45965.116    46084.655    46588.150
399  JTTDCMut+R6   22835.514    149 45969.027    46092.508    46600.538
404  JTTDCMut+F    23425.153    158 47166.306    47308.640    47835.961
405  JTTDCMut+F+I  23309.129    159 46936.259    47080.804    47610.152
406  JTTDCMut+F+G4 22584.556    159 45487.112    45631.657    46161.006
407  JTTDCMut+F+I+G4 22560.927    160 45441.853    45588.634    46119.985
408  JTTDCMut+F+R2 22724.683    160 45769.366    45916.147    46447.498
409  JTTDCMut+F+R3 22604.485    162 45532.969    45684.293    46219.578
410  JTTDCMut+F+R4 22557.429    164 45442.857    45598.823    46137.943
411  JTTDCMut+F+R5 22539.936    166 45411.872    45572.579    46115.434
412  JTTDCMut+F+R6 22539.912    168 45415.825    45581.376    46127.863
417  FLU           24080.888    139 48439.777    48544.401    49028.904
418  FLU+I         23951.933    140 48183.866    48290.281    48777.231
419  FLU+G4        23237.164    140 46754.329    46860.744    47347.694
420  FLU+I+G4      23207.190    141 46696.380    46804.607    47293.984
421  FLU+R2        23373.145    141 47028.291    47136.518    47625.895
422  FLU+R3        23258.674    143 46803.347    46915.260    47409.427
423  FLU+R4        23204.274    145 46698.547    46814.230    47313.104
424  FLU+R5        23188.311    147 46670.622    46790.160    47293.656
425  FLU+R6        23188.279    149 46674.557    46798.038    47306.068
430  FLU+F         23845.007    158 48006.014    48148.348    48675.669
431  FLU+F+I       23728.369    159 47774.738    47919.283    48448.632
432  FLU+F+G4      22857.527    159 46033.053    46177.598    46706.947
433  FLU+F+I+G4    22835.749    160 45991.497    46138.278    46669.629
434  FLU+F+R2      23018.343    160 46356.685    46503.466    47034.817
435  FLU+F+R3      22877.613    162 46079.227    46230.550    46765.835
436  FLU+F+R4      22832.207    164 45992.414    46148.379    46687.499
437  FLU+F+R5      22820.334    166 45972.668    46133.375    46676.230
438  FLU+F+R6      22820.281    168 45976.562    46142.113    46688.600
443  Blosum62      23346.346    139 46970.692    47075.316    47559.819
444  Blosum62+I    23230.163    140 46740.325    46846.740    47333.691
445  Blosum62+G4   22747.869    140 45775.737    45882.152    46369.103
446  Blosum62+I+G4 22719.045    141 45720.089    45828.316    46317.693
447  Blosum62+R2   22828.282    141 45938.564    46046.791    46536.168
448  Blosum62+R3   22751.860    143 45789.720    45901.633    46395.800
449  Blosum62+R4   22703.641    145 45697.282    45812.965    46311.839
450  Blosum62+R5   22696.798    147 45687.597    45807.135    46310.631
451  Blosum62+R6   22696.781    149 45691.563    45815.044    46323.073
456  Blosum62+F    23178.251    158 46672.502    46814.836    47342.157
457  Blosum62+F+I  23070.858    159 46459.716    46604.262    47133.610
458  Blosum62+F+G4 22527.960    159 45373.920    45518.466    46047.814
459  Blosum62+F+I+G4 22501.950    160 45323.900    45470.681    46002.032
460  Blosum62+F+R2 22621.258    160 45562.516    45709.297    46240.648
461  Blosum62+F+R3 22536.834    162 45397.669    45548.993    46084.277
462  Blosum62+F+R4 22492.098    164 45312.196    45468.161    46007.281
463  Blosum62+F+R5 22484.293    166 45300.585    45461.292    46004.147
464  Blosum62+F+R6 22484.278    168 45304.555    45470.106    46016.594
469  mtMet         24066.522    139 48411.044    48515.668    49000.171
470  mtMet+I       23970.992    140 48221.983    48328.398    48815.348
471  mtMet+G4      23004.298    140 46288.596    46395.011    46881.962
472  mtMet+I+G4    22992.197    141 46266.395    46374.622    46863.999
473  mtMet+R2      23192.902    141 46667.804    46776.031    47265.408
474  mtMet+R3      23041.472    143 46368.943    46480.856    46975.024
475  mtMet+R4      22993.661    145 46277.323    46393.006    46891.880
476  mtMet+R5      22985.366    147 46264.732    46384.271    46887.766
477  mtMet+R6      22985.269    149 46268.538    46392.018    46900.048
482  mtMet+F       23708.865    158 47733.729    47876.064    48403.385
483  mtMet+F+I     23618.342    159 47554.684    47699.230    48228.578
484  mtMet+F+G4    22614.683    159 45547.367    45691.912    46221.261
485  mtMet+F+I+G4  22603.888    160 45527.775    45674.556    46205.907
486  mtMet+F+R2    22804.290    160 45928.580    46075.361    46606.712
487  mtMet+F+R3    22649.533    162 45623.065    45774.389    46309.674
488  mtMet+F+R4    22604.645    164 45537.290    45693.256    46232.376
489  mtMet+F+R5    22593.691    166 45519.382    45680.089    46222.944
490  mtMet+F+R6    22593.687    168 45523.373    45688.924    46235.412
495  mtVer         24608.078    139 49494.156    49598.779    50083.283
496  mtVer+I       24510.175    140 49300.350    49406.765    49893.715
497  mtVer+G4      23385.457    140 47050.914    47157.329    47644.279
498  mtVer+I+G4    23372.494    141 47026.989    47135.216    47624.592
499  mtVer+R2      23587.987    141 47457.974    47566.201    48055.578
500  mtVer+R3      23429.019    143 47144.038    47255.951    47750.119
501  mtVer+R4      23379.111    145 47048.222    47163.905    47662.779
502  mtVer+R5      23365.963    147 47025.926    47145.465    47648.960
503  mtVer+R6      23365.955    149 47029.911    47153.392    47661.421
508  mtVer+F       24136.188    158 48588.375    48730.710    49258.031
509  mtVer+F+I     24035.397    159 48388.794    48533.339    49062.688
510  mtVer+F+G4    22930.209    159 46178.417    46322.963    46852.311
511  mtVer+F+I+G4  22916.655    160 46153.311    46300.091    46831.443
512  mtVer+F+R2    23132.050    160 46584.101    46730.881    47262.232
513  mtVer+F+R3    22969.358    162 46262.716    46414.039    46949.324
514  mtVer+F+R4    22923.112    164 46174.224    46330.189    46869.309
515  mtVer+F+R5    22909.565    166 46151.131    46311.838    46854.692
516  mtVer+F+R6    22909.565    168 46155.129    46320.680    46867.168
521  mtInv         23957.381    139 48192.762    48297.385    48781.889
522  mtInv+I       23856.758    140 47993.516    48099.931    48586.881
523  mtInv+G4      23012.126    140 46304.251    46410.666    46897.617
524  mtInv+I+G4    22995.451    141 46272.902    46381.129    46870.506
525  mtInv+R2      23187.120    141 46656.241    46764.468    47253.844
526  mtInv+R3      23043.684    143 46373.367    46485.280    46979.448
527  mtInv+R4      23001.014    145 46292.027    46407.710    46906.585
528  mtInv+R5      22990.731    147 46275.462    46395.001    46898.496
529  mtInv+R6      22990.678    149 46279.356    46402.837    46910.867
534  mtInv+F       23384.139    158 47084.277    47226.612    47753.933
535  mtInv+F+I     23291.702    159 46901.404    47045.949    47575.297
536  mtInv+F+G4    22427.995    159 45173.990    45318.536    45847.884
537  mtInv+F+I+G4  22413.128    160 45146.257    45293.037    45824.389
538  mtInv+F+R2    22596.183    160 45512.367    45659.147    46190.499
539  mtInv+F+R3    22459.687    162 45243.375    45394.698    45929.983
540  mtInv+F+R4    22417.723    164 45163.447    45319.412    45858.532
541  mtInv+F+R5    22407.591    166 45147.181    45307.889    45850.743
542  mtInv+F+R6    22407.582    168 45151.165    45316.716    45863.203
Akaike Information Criterion:           LG+F+R5
Corrected Akaike Information Criterion: LG+F+R5
Bayesian Information Criterion:         LG+F+I+G4
Best-fit model: LG+F+I+G4 chosen according to BIC

All model information printed to /mnt/ivy/thliao/project/AOB/analysis/20210713_repeat/add_Chromatiaces/phy_files/mitoR24_prot/withEuk/MitoCOG0004.model.gz
CPU time for ModelFinder: 1684.785 seconds (0h:28m:4s)
Wall-clock time for ModelFinder: 845.343 seconds (0h:14m:5s)
Generating 1000 samples for ultrafast bootstrap (seed: 946854)...

NOTE: 23 MB RAM (0 GB) is required!
Estimate model parameters (epsilon = 0.100)
Thoroughly optimizing +I+G parameters from 10 start values...
Init pinv, alpha: 0.000, 1.000 / Estimate: 0.018, 1.465 / LogL: -22364.324
Init pinv, alpha: 0.028, 1.000 / Estimate: 0.019, 1.463 / LogL: -22364.330
Init pinv, alpha: 0.056, 1.000 / Estimate: 0.019, 1.464 / LogL: -22364.328
Init pinv, alpha: 0.085, 1.000 / Estimate: 0.019, 1.462 / LogL: -22364.335
Init pinv, alpha: 0.113, 1.000 / Estimate: 0.019, 1.464 / LogL: -22364.334
Init pinv, alpha: 0.141, 1.000 / Estimate: 0.019, 1.465 / LogL: -22364.326
Init pinv, alpha: 0.169, 1.000 / Estimate: 0.019, 1.465 / LogL: -22364.325
Init pinv, alpha: 0.197, 1.000 / Estimate: 0.019, 1.464 / LogL: -22364.328
Init pinv, alpha: 0.226, 1.000 / Estimate: 0.019, 1.463 / LogL: -22364.333
Init pinv, alpha: 0.254, 1.000 / Estimate: 0.019, 1.464 / LogL: -22364.331
Optimal pinv,alpha: 0.018, 1.465 / LogL: -22364.324

Parameters optimization took 15.959 sec
Computing ML distances based on estimated model parameters... 2.700 sec
Computing BIONJ tree...
0.007 seconds
Log-likelihood of BIONJ tree: -22400.449
--------------------------------------------------------------------
|             INITIALIZING CANDIDATE TREE SET                      |
--------------------------------------------------------------------
Generating 98 parsimony trees... 3.533 second
Computing log-likelihood of 98 initial trees ... 14.071 seconds
Current best score: -22364.324

Do NNI search on 20 best initial trees
Estimate model parameters (epsilon = 0.100)
BETTER TREE FOUND at iteration 1: -22327.040
Estimate model parameters (epsilon = 0.100)
BETTER TREE FOUND at iteration 2: -22319.342
Estimate model parameters (epsilon = 0.100)
BETTER TREE FOUND at iteration 3: -22315.182
Iteration 10 / LogL: -22319.384 / Time: 0h:0m:53s
Iteration 20 / LogL: -22325.473 / Time: 0h:1m:9s
Finish initializing candidate tree set (12)
Current best tree score: -22315.182 / CPU time: 51.096
Number of iterations: 20
--------------------------------------------------------------------
|               OPTIMIZING CANDIDATE TREE SET                      |
--------------------------------------------------------------------
Estimate model parameters (epsilon = 0.100)
BETTER TREE FOUND at iteration 21: -22313.661
Estimate model parameters (epsilon = 0.100)
BETTER TREE FOUND at iteration 23: -22312.692
Iteration 30 / LogL: -22316.557 / Time: 0h:1m:25s (0h:4m:35s left)
Iteration 40 / LogL: -22314.972 / Time: 0h:1m:42s (0h:3m:38s left)
Estimate model parameters (epsilon = 0.100)
BETTER TREE FOUND at iteration 45: -22312.290
Iteration 50 / LogL: -22313.060 / Time: 0h:1m:59s (0h:3m:51s left)
Log-likelihood cutoff on original alignment: -22366.835
UFBoot trees printed to /mnt/ivy/thliao/project/AOB/analysis/20210713_repeat/add_Chromatiaces/phy_files/mitoR24_prot/withEuk/MitoCOG0004.ufboot
Iteration 60 / LogL: -22313.383 / Time: 0h:2m:17s (0h:3m:17s left)
Iteration 70 / LogL: -22318.930 / Time: 0h:2m:33s (0h:2m:47s left)
Iteration 80 / LogL: -22313.703 / Time: 0h:2m:50s (0h:2m:19s left)
Iteration 90 / LogL: -22315.369 / Time: 0h:3m:6s (0h:1m:54s left)
Iteration 100 / LogL: -22313.656 / Time: 0h:3m:22s (0h:1m:32s left)
Log-likelihood cutoff on original alignment: -22366.835
NOTE: Bootstrap correlation coefficient of split occurrence frequencies: 0.993
UFBoot trees printed to /mnt/ivy/thliao/project/AOB/analysis/20210713_repeat/add_Chromatiaces/phy_files/mitoR24_prot/withEuk/MitoCOG0004.ufboot
Iteration 110 / LogL: -22314.583 / Time: 0h:3m:38s (0h:3m:0s left)
Iteration 120 / LogL: -22318.606 / Time: 0h:3m:53s (0h:2m:37s left)
Iteration 130 / LogL: -22316.446 / Time: 0h:4m:9s (0h:2m:15s left)
Iteration 140 / LogL: -22313.263 / Time: 0h:4m:26s (0h:1m:54s left)
TREE SEARCH COMPLETED AFTER 146 ITERATIONS / Time: 0h:4m:35s

--------------------------------------------------------------------
|                    FINALIZING TREE SEARCH                        |
--------------------------------------------------------------------
Performs final model parameters optimization
Estimate model parameters (epsilon = 0.010)
1. Initial log-likelihood: -22312.290
Optimal log-likelihood: -22312.289
Proportion of invariable sites: 0.019
Gamma shape alpha: 1.492
Parameters optimization took 1 rounds (0.249 sec)
BEST SCORE FOUND : -22312.289
Creating bootstrap support values...
Split supports printed to NEXUS file /mnt/ivy/thliao/project/AOB/analysis/20210713_repeat/add_Chromatiaces/phy_files/mitoR24_prot/withEuk/MitoCOG0004.splits.nex
Total tree length: 46.518

Total number of iterations: 146
CPU time used for tree search: 507.583 sec (0h:8m:27s)
Wall-clock time used for tree search: 257.500 sec (0h:4m:17s)
Total CPU time used: 545.333 sec (0h:9m:5s)
Total wall-clock time used: 276.523 sec (0h:4m:36s)
UFBoot trees printed to /mnt/ivy/thliao/project/AOB/analysis/20210713_repeat/add_Chromatiaces/phy_files/mitoR24_prot/withEuk/MitoCOG0004.ufboot

Computing bootstrap consensus tree...
Reading input file /mnt/ivy/thliao/project/AOB/analysis/20210713_repeat/add_Chromatiaces/phy_files/mitoR24_prot/withEuk/MitoCOG0004.splits.nex...
71 taxa and 364 splits.
Consensus tree written to /mnt/ivy/thliao/project/AOB/analysis/20210713_repeat/add_Chromatiaces/phy_files/mitoR24_prot/withEuk/MitoCOG0004.contree
Reading input trees file /mnt/ivy/thliao/project/AOB/analysis/20210713_repeat/add_Chromatiaces/phy_files/mitoR24_prot/withEuk/MitoCOG0004.contree
Log-likelihood of consensus tree: -22312.687

Analysis results written to: 
  IQ-TREE report:                /mnt/ivy/thliao/project/AOB/analysis/20210713_repeat/add_Chromatiaces/phy_files/mitoR24_prot/withEuk/MitoCOG0004.iqtree
  Maximum-likelihood tree:       /mnt/ivy/thliao/project/AOB/analysis/20210713_repeat/add_Chromatiaces/phy_files/mitoR24_prot/withEuk/MitoCOG0004.treefile
  Likelihood distances:          /mnt/ivy/thliao/project/AOB/analysis/20210713_repeat/add_Chromatiaces/phy_files/mitoR24_prot/withEuk/MitoCOG0004.mldist

Ultrafast bootstrap approximation results written to:
  Split support values:          /mnt/ivy/thliao/project/AOB/analysis/20210713_repeat/add_Chromatiaces/phy_files/mitoR24_prot/withEuk/MitoCOG0004.splits.nex
  Consensus tree:                /mnt/ivy/thliao/project/AOB/analysis/20210713_repeat/add_Chromatiaces/phy_files/mitoR24_prot/withEuk/MitoCOG0004.contree
  UFBoot trees:                  /mnt/ivy/thliao/project/AOB/analysis/20210713_repeat/add_Chromatiaces/phy_files/mitoR24_prot/withEuk/MitoCOG0004.ufboot
  Screen log file:               /mnt/ivy/thliao/project/AOB/analysis/20210713_repeat/add_Chromatiaces/phy_files/mitoR24_prot/withEuk/MitoCOG0004.log

Date and Time: Mon Dec 12 10:06:52 2022
