IQ-TREE multicore version 1.6.12 for Linux 64-bit built Aug 15 2019
Developed by Bui Quang Minh, Nguyen Lam Tung, Olga Chernomor,
Heiko Schmidt, Dominik Schrempf, Michael Woodhams.

Host:    cl002 (AVX2, FMA3, 251 GB RAM)
Command: iqtree -nt 2 -redo -wbtl -bb 1000 -pre /mnt/ivy/thliao/project/AOB/analysis/20210713_repeat/add_Chromatiaces/phy_files/mitoR24_prot/withEuk/MitoCOG0039 -s /mnt/ivy/thliao/project/AOB/analysis/20210713_repeat/add_Chromatiaces/phy_files/mitoR24_prot/withEuk/MitoCOG0039.aln
Seed:    8033 (Using SPRNG - Scalable Parallel Random Number Generator)
Time:    Mon Dec 12 09:49:27 2022
Kernel:  AVX+FMA - 2 threads (64 CPU cores detected)

Reading alignment file /mnt/ivy/thliao/project/AOB/analysis/20210713_repeat/add_Chromatiaces/phy_files/mitoR24_prot/withEuk/MitoCOG0039.aln ... Fasta format detected
Alignment most likely contains protein sequences
Alignment has 115 sequences with 221 columns, 188 distinct patterns
126 parsimony-informative, 25 singleton sites, 70 constant sites
                           Gap/Ambiguity  Composition  p-value
   1  GCA_001881495.1             38.01%    passed     99.65%
   2  GCA_001697225.1             37.56%    passed     99.79%
   3  GCA_001904725.1             37.10%    passed     99.44%
   4  GCA_002007425.1             38.01%    passed     88.32%
   5  GCA_000332035.1             37.10%    passed     68.29%
   6  GCA_016207025.1             39.37%    passed     99.71%
   7  GCA_000024725.1             38.01%    passed     88.49%
   8  GCA_004421105.1             37.56%    passed     98.06%
   9  GCA_014635705.1             37.10%    passed     99.80%
  10  GCA_013141375.1             38.01%    passed     99.29%
  11  GCA_000380225.1             37.10%    passed     91.88%
  12  GCA_000011385.1             33.03%    passed     75.00%
  13  GCA_000317535.1             36.20%    passed     74.29%
  14  GCA_010027455.1             37.56%    passed     99.16%
  15  GCA_013521015.1             37.56%    passed     99.48%
  16  GCA_000314005.1             37.10%    passed     91.89%
  17  GCA_000760695.4             35.29%    passed     85.37%
  18  GCA_001828545.1             37.56%    passed     81.36%
  19  GCA_001566965.1             38.01%    passed     99.99%
  20  GCA_002072955.1             38.01%    passed     99.98%
  21  GCA_011090395.1             37.56%    passed     98.78%
  22  GCA_009833095.1             37.56%    passed     95.94%
  23  GCA_015709615.1             74.66%    passed     94.81%
  24  GCA_000948975.1             38.01%    passed     98.92%
  25  GCA_000740735.1             38.01%    passed     93.06%
  26  GCA_003015105.1             37.10%    passed     92.95%
  27  GCA_015709635.1             37.56%    passed     99.93%
  28  GCA_900110495.1             37.56%    passed     99.56%
  29  GCA_006496635.1             38.01%    passed     99.96%
  30  GCA_000473895.1             37.10%    passed     99.37%
  31  GCA_016708925.1             38.01%    passed     99.77%
  32  GCA_001458735.1             37.56%    passed     98.65%
  33  GCA_008189685.1             36.65%    passed     92.78%
  34  GCA_002924445.1             37.10%    passed     94.40%
  35  GCA_000332275.1             30.77%    passed     69.72%
  36  GCA_016592635.1             38.01%    passed     99.96%
  37  GCA_002218085.1             43.44%    passed     63.86%
  38  GCA_001458695.1             37.10%    passed     99.18%
  39  GCA_003576955.1             37.56%    passed     97.85%
  40  GCA_900119825.1             37.56%    passed     99.97%
  41  GCA_000952155.1             36.65%    passed     92.10%
  42  GCA_000317495.1             37.10%    passed     95.38%
  43  GCA_002868715.1             38.01%    passed     99.99%
  44  GCA_014859375.1             38.01%    passed     99.97%
  45  GCA_004282745.1             37.10%    passed     99.11%
  46  GCA_000469665.2             37.10%    passed     46.09%
  47  GCA_002109495.1             37.10%    passed     94.57%
  48  GCA_001772005.1             37.56%    passed     98.98%
  49  GCA_000317515.1             37.10%    passed     96.68%
  50  GCA_005877815.1             36.20%    passed     38.83%
  51  GCA_002162035.1             37.56%    passed     98.36%
  52  GCA_002356115.1             38.01%    passed     94.75%
  53  GCA_003258315.1             37.56%    passed     99.56%
  54  GCA_000317575.1             37.10%    passed     93.94%
  55  GCA_004684205.1             38.01%    passed     99.84%
  56  GCA_003149345.1             33.94%    passed     89.88%
  57  GCA_000379525.1             38.01%    passed     97.72%
  58  GCA_001890765.1             37.10%    passed     97.24%
  59  GCA_001187785.1             38.46%    passed     98.48%
  60  GCA_000263335.1             38.01%    passed     99.81%
  61  GCA_007992375.1             37.56%    passed     98.35%
  62  GCA_004168365.1             38.01%    passed     89.29%
  63  GCA_000014865.1             38.01%    passed     99.06%
  64  GCA_003534995.1             36.65%    passed     98.72%
  65  GCA_000934545.1             38.01%    passed     99.91%
  66  GCA_002355455.1             37.10%    passed     91.01%
  67  GCA_000264455.2             37.10%    passed     89.71%
  68  GCA_004195045.1             38.01%    passed     97.21%
  69  GCA_001828295.1             37.10%    passed     92.89%
  70  GCA_013697045.1             38.01%    passed     80.44%
  71  GCA_001469165.1             38.01%    passed     97.84%
  72  GCA_013140465.1             38.01%    passed     99.67%
  73  GCA_001747005.1             37.56%    passed     75.71%
  74  GCA_002083815.1             33.94%    passed     97.35%
  75  GCA_017879665.1             37.56%    passed     96.35%
  76  GCA_000013225.1             29.86%    passed     99.74%
  77  GCA_003003885.1             36.65%    passed     95.86%
  78  GCA_000346485.2             35.29%    passed     81.08%
  79  GCA_902810445.1             38.01%    passed     99.22%
  80  GCA_000828615.1             38.01%    passed     98.14%
  81  GCA_001007875.1             38.01%    passed     99.99%
  82  GCA_000228725.3             38.01%    passed     98.27%
  83  GCA_003532895.1             37.10%    passed     49.54%
  84  GCA_001267195.1             38.01%    passed     99.93%
  85  GCA_003851125.1             37.56%    passed     97.34%
  86  GCA_003644325.1             49.32%    failed      0.36%
  87  GCA_003696005.1             36.20%    passed     99.30%
  88  GCA_001828535.1             37.10%    passed     92.07%
  89  GCA_016788925.1             37.56%    passed     94.22%
  90  GCA_003719295.1             38.01%    passed     99.99%
  91  GCA_006385135.1             38.01%    passed     75.85%
  92  GCA_007197755.1             37.10%    passed     94.57%
  93  GCA_003551305.1             37.10%    passed     22.78%
  94  GCA_003015145.1             38.46%    passed     52.74%
  95  GCA_005524015.1             37.10%    passed     93.39%
  96  GCA_902459485.1             38.01%    passed     99.99%
  97  GCA_001803795.1             37.10%    passed     96.59%
  98  GCA_000949635.1             37.10%    passed     97.46%
  99  GCA_013140535.1             38.01%    passed     94.02%
 100  GCA_016873455.1             37.56%    passed     99.63%
 101  GCA_900107585.1             38.01%    passed     98.39%
 102  Jakoba_bahamiensis          37.56%    passed     18.72%
 103  Jakoba_libera               34.84%    failed      0.00%
 104  Seculamonas_ecuadoriensis   32.13%    passed     39.21%
 105  Andalucia_godoyi            35.75%    passed     83.32%
 106  Histiona_aroides            37.10%    passed     14.22%
 107  Phytophthora_infestans      39.37%    failed      2.97%
 108  Reclinomonas_americana      38.01%    failed      0.18%
 109  Arabidopsis_thaliana        19.00%    failed      0.09%
 110  Physcomitrella_patens       38.91%    failed      2.51%
 111  Ostreococcus_tauri          39.82%    failed      0.28%
 112  Cyanophora_paradoxa         38.46%    failed      0.02%
 113  Cyanidioschyzon_merolae     33.03%    failed      0.00%
 114  Malawimonas_jakobiformis    38.91%    failed      4.46%
 115  Chondrus_crispus            37.56%    failed      0.00%
WARNING: 1 sequences contain more than 50% gaps/ambiguity
****  TOTAL                       37.54%  11 sequences failed composition chi2 test (p-value<5%; df=19)


Create initial parsimony tree by phylogenetic likelihood library (PLL)... 0.051 seconds
NOTE: ModelFinder requires 37 MB RAM!
ModelFinder will test 546 protein models (sample size: 221) ...
 No. Model         -LnL         df  AIC          AICc         BIC
  1  Dayhoff       13272.476    227 26998.951    130510.951   27770.334
  2  Dayhoff+I     13168.246    228 26792.492    131216.492   27567.273
  3  Dayhoff+G4    12568.418    228 25592.837    130016.837   26367.618
  4  Dayhoff+I+G4  12562.760    229 25583.520    130923.520   26361.699
  5  Dayhoff+R2    12748.886    229 25955.771    131295.771   26733.951
  6  Dayhoff+R3    12604.869    231 25671.739    132855.739   26456.714
  7  Dayhoff+R4    12570.456    233 25606.913    134650.913   26398.685
  8  Dayhoff+R5    12560.843    235 25591.686    136511.686   26390.255
  9  Dayhoff+R6    12558.601    237 25591.202    138403.202   26396.567
 14  Dayhoff+F     13408.085    246 27308.170    148832.170   28144.118
 15  Dayhoff+F+I   13318.961    247 27131.922    149643.922   27971.268
 16  Dayhoff+F+G4  12724.343    247 25942.686    148454.686   26782.032
 17  Dayhoff+F+I+G4 12719.774    248 25935.547    149439.547   26778.292
 18  Dayhoff+F+R2  12891.128    248 26278.255    149782.255   27120.999
 19  Dayhoff+F+R3  12763.600    250 26027.200    151527.200   26876.740
 20  Dayhoff+F+R4  12724.867    252 25953.734    153465.734   26810.071
 21  Dayhoff+F+R5  12717.004    254 25942.009    155482.009   26805.142
 22  Dayhoff+F+R6  12714.232    256 25940.464    157524.464   26810.394
 27  mtMAM         14400.759    227 29255.517    132767.517   30026.900
 28  mtMAM+I       14379.034    228 29214.067    133638.067   29988.848
 29  mtMAM+G4      13316.012    228 27088.024    131512.024   27862.805
 30  mtMAM+I+G4    13316.222    229 27090.445    132430.445   27868.624
 31  mtMAM+R2      13541.445    229 27540.891    132880.891   28319.070
 32  mtMAM+R3      13373.046    231 27208.093    134392.093   27993.069
 33  mtMAM+R4      13319.483    233 27104.966    136148.966   27896.738
 34  mtMAM+R5      13294.960    235 27059.919    137979.919   27858.488
 35  mtMAM+R6      13285.716    237 27045.431    139857.431   27850.796
 36  mtMAM+R7      13275.115    239 27028.230    141748.230   27840.391
 37  mtMAM+R8      13272.970    241 27027.940    143671.940   27846.897
 40  mtMAM+F       13996.652    246 28485.303    150009.303   29321.251
 41  mtMAM+F+I     13960.895    247 28415.789    150927.789   29255.135
 42  mtMAM+F+G4    13079.734    247 26653.468    149165.468   27492.815
 43  mtMAM+F+I+G4  13079.405    248 26654.809    150158.809   27497.554
 44  mtMAM+F+R2    13265.440    248 27026.880    150530.880   27869.624
 45  mtMAM+F+R3    13140.066    250 26780.132    152280.132   27629.673
 46  mtMAM+F+R4    13079.319    252 26662.639    154174.639   27518.976
 47  mtMAM+F+R5    13063.680    254 26635.359    156175.359   27498.493
 48  mtMAM+F+R6    13060.107    256 26632.214    158216.214   27502.144
 53  JTT           13192.407    227 26838.814    130350.814   27610.197
 54  JTT+I         13091.993    228 26639.987    131063.987   27414.768
 55  JTT+G4        12494.505    228 25445.010    129869.010   26219.791
 56  JTT+I+G4      12488.981    229 25435.963    130775.963   26214.142
 57  JTT+R2        12654.575    229 25767.151    131107.151   26545.330
 58  JTT+R3        12533.203    231 25528.406    132712.406   26313.382
 59  JTT+R4        12496.404    233 25458.808    134502.808   26250.580
 60  JTT+R5        12482.113    235 25434.227    136354.227   26232.795
 61  JTT+R6        12479.789    237 25433.577    138245.577   26238.942
 66  JTT+F         13470.781    246 27433.561    148957.561   28269.509
 67  JTT+F+I       13368.695    247 27231.390    149743.390   28070.737
 68  JTT+F+G4      12744.683    247 25983.367    148495.367   26822.713
 69  JTT+F+I+G4    12740.121    248 25976.241    149480.241   26818.986
 70  JTT+F+R2      12912.297    248 26320.593    149824.593   27163.338
 71  JTT+F+R3      12789.607    250 26079.214    151579.214   26928.755
 72  JTT+F+R4      12750.188    252 26004.377    153516.377   26860.714
 73  JTT+F+R5      12733.762    254 25975.524    155515.524   26838.657
 74  JTT+F+R6      12731.391    256 25974.782    157558.782   26844.712
 79  WAG           13085.162    227 26624.324    130136.324   27395.707
 80  WAG+I         12995.986    228 26447.971    130871.971   27222.752
 81  WAG+G4        12456.874    228 25369.749    129793.749   26144.530
 82  WAG+I+G4      12452.379    229 25362.758    130702.758   26140.937
 83  WAG+R2        12614.093    229 25686.186    131026.186   26464.365
 84  WAG+R3        12493.808    231 25449.616    132633.616   26234.592
 85  WAG+R4        12456.200    233 25378.399    134422.399   26170.171
 86  WAG+R5        12440.801    235 25351.603    136271.603   26150.171
 87  WAG+R6        12439.092    237 25352.185    138164.185   26157.549
 92  WAG+F         13328.996    246 27149.993    148673.993   27985.941
 93  WAG+F+I       13242.367    247 26978.735    149490.735   27818.081
 94  WAG+F+G4      12679.654    247 25853.308    148365.308   26692.654
 95  WAG+F+I+G4    12676.430    248 25848.859    149352.859   26691.604
 96  WAG+F+R2      12842.222    248 26180.444    149684.444   27023.188
 97  WAG+F+R3      12718.888    250 25937.775    151437.775   26787.316
 98  WAG+F+R4      12681.326    252 25866.653    153378.653   26722.990
 99  WAG+F+R5      12669.090    254 25846.180    155386.180   26709.313
100  WAG+F+R6      12666.437    256 25844.874    157428.874   26714.804
105  cpREV         13214.586    227 26883.173    130395.173   27654.556
106  cpREV+I       13124.947    228 26705.894    131129.894   27480.675
107  cpREV+G4      12546.195    228 25548.391    129972.391   26323.172
108  cpREV+I+G4    12542.817    229 25543.635    130883.635   26321.814
109  cpREV+R2      12702.043    229 25862.085    131202.085   26640.265
110  cpREV+R3      12583.555    231 25629.109    132813.109   26414.085
111  cpREV+R4      12549.538    233 25565.075    134609.075   26356.847
112  cpREV+R5      12537.146    235 25544.293    136464.293   26342.861
113  cpREV+R6      12533.064    237 25540.128    138352.128   26345.492
118  cpREV+F       13524.282    246 27540.563    149064.563   28376.511
119  cpREV+F+I     13425.758    247 27345.517    149857.517   28184.863
120  cpREV+F+G4    12798.895    247 26091.789    148603.789   26931.136
121  cpREV+F+I+G4  12797.384    248 26090.767    149594.767   26933.512
122  cpREV+F+R2    12979.147    248 26454.294    149958.294   27297.038
123  cpREV+F+R3    12843.493    250 26186.986    151686.986   27036.527
124  cpREV+F+R4    12808.697    252 26121.394    153633.394   26977.731
125  cpREV+F+R5    12793.817    254 26095.633    155635.633   26958.767
126  cpREV+F+R6    12789.184    256 26090.367    157674.367   26960.297
131  mtREV         13720.606    227 27895.212    131407.212   28666.595
132  mtREV+I       13686.136    228 27828.272    132252.272   28603.053
133  mtREV+G4      12953.545    228 26363.089    130787.089   27137.871
134  mtREV+I+G4    12952.540    229 26363.081    131703.081   27141.260
135  mtREV+R2      13085.383    229 26628.767    131968.767   27406.946
136  mtREV+R3      12978.893    231 26419.787    133603.787   27204.762
137  mtREV+R4      12946.445    233 26358.890    135402.890   27150.662
138  mtREV+R5      12932.334    235 26334.668    137254.668   27133.236
139  mtREV+R6      12931.036    237 26336.071    139148.071   27141.436
144  mtREV+F       13429.042    246 27350.084    148874.084   28186.032
145  mtREV+F+I     13377.139    247 27248.278    149760.278   28087.625
146  mtREV+F+G4    12755.589    247 26005.178    148517.178   26844.524
147  mtREV+F+I+G4  12753.716    248 26003.433    149507.433   26846.177
148  mtREV+F+R2    12905.598    248 26307.197    149811.197   27149.941
149  mtREV+F+R3    12772.728    250 26045.456    151545.456   26894.997
150  mtREV+F+R4    12749.994    252 26003.988    153515.988   26860.325
151  mtREV+F+R5    12739.555    254 25987.111    155527.111   26850.244
152  mtREV+F+R6    12738.503    256 25989.006    157573.006   26858.936
157  rtREV         13058.521    227 26571.042    130083.042   27342.425
158  rtREV+I       12984.137    228 26424.275    130848.275   27199.056
159  rtREV+G4      12432.948    228 25321.896    129745.896   26096.677
160  rtREV+I+G4    12429.888    229 25317.776    130657.776   26095.955
161  rtREV+R2      12590.638    229 25639.275    130979.275   26417.454
162  rtREV+R3      12460.137    231 25382.275    132566.275   26167.250
163  rtREV+R4      12431.165    233 25328.329    134372.329   26120.101
164  rtREV+R5      12417.344    235 25304.688    136224.688   26103.256
165  rtREV+R6      12416.257    237 25306.514    138118.514   26111.879
170  rtREV+F       13206.003    246 26904.005    148428.005   27739.953
171  rtREV+F+I     13128.788    247 26751.576    149263.576   27590.922
172  rtREV+F+G4    12562.333    247 25618.667    148130.667   26458.013
173  rtREV+F+I+G4  12559.084    248 25614.167    149118.167   26456.911
174  rtREV+F+R2    12724.668    248 25945.337    149449.337   26788.081
175  rtREV+F+R3    12589.867    250 25679.734    151179.734   26529.275
176  rtREV+F+R4    12562.703    252 25629.406    153141.406   26485.743
177  rtREV+F+R5    12546.831    254 25601.663    155141.663   26464.796
178  rtREV+F+R6    12545.525    256 25603.050    157187.050   26472.980
183  mtART         14080.193    227 28614.385    132126.385   29385.768
184  mtART+I       14028.283    228 28512.565    132936.565   29287.346
185  mtART+G4      13001.380    228 26458.759    130882.759   27233.540
186  mtART+I+G4    13001.331    229 26460.662    131800.662   27238.842
187  mtART+R2      13228.413    229 26914.826    132254.826   27693.005
188  mtART+R3      13076.021    231 26614.042    133798.042   27399.018
189  mtART+R4      13026.562    233 26519.125    135563.125   27310.897
190  mtART+R5      12994.311    235 26458.621    137378.621   27257.190
191  mtART+R6      12989.755    237 26453.509    139265.509   27258.874
196  mtART+F       13675.536    246 27843.073    149367.073   28679.021
197  mtART+F+I     13616.614    247 27727.228    150239.228   28566.575
198  mtART+F+G4    12820.002    247 26134.004    148646.004   26973.350
199  mtART+F+I+G4  12817.260    248 26130.521    149634.521   26973.265
200  mtART+F+R2    12979.094    248 26454.187    149958.187   27296.931
201  mtART+F+R3    12865.750    250 26231.499    151731.499   27081.040
202  mtART+F+R4    12825.795    252 26155.590    153667.590   27011.927
203  mtART+F+R5    12804.518    254 26117.036    155657.036   26980.169
204  mtART+F+R6    12802.728    256 26117.457    157701.457   26987.386
209  mtZOA         13652.627    227 27759.255    131271.255   28530.638
210  mtZOA+I       13590.795    228 27637.590    132061.590   28412.371
211  mtZOA+G4      12729.759    228 25915.518    130339.518   26690.299
212  mtZOA+I+G4    12727.421    229 25912.841    131252.841   26691.020
213  mtZOA+R2      12887.056    229 26232.113    131572.113   27010.292
214  mtZOA+R3      12775.046    231 26012.092    133196.092   26797.067
215  mtZOA+R4      12734.122    233 25934.243    134978.243   26726.015
216  mtZOA+R5      12717.020    235 25904.040    136824.040   26702.608
217  mtZOA+R6      12715.450    237 25904.900    138716.900   26710.264
222  mtZOA+F       13486.175    246 27464.351    148988.351   28300.299
223  mtZOA+F+I     13410.752    247 27315.504    149827.504   28154.850
224  mtZOA+F+G4    12731.672    247 25957.344    148469.344   26796.690
225  mtZOA+F+I+G4  12725.535    248 25947.071    149451.071   26789.815
226  mtZOA+F+R2    12877.095    248 26250.190    149754.190   27092.934
227  mtZOA+F+R3    12751.769    250 26003.538    151503.538   26853.078
228  mtZOA+F+R4    12727.221    252 25958.443    153470.443   26814.780
229  mtZOA+F+R5    12716.451    254 25940.902    155480.902   26804.035
230  mtZOA+F+R6    12715.264    256 25942.528    157526.528   26812.457
235  VT            13100.004    227 26654.007    130166.007   27425.390
236  VT+I          13007.132    228 26470.264    130894.264   27245.045
237  VT+G4         12484.650    228 25425.300    129849.300   26200.082
238  VT+I+G4       12479.234    229 25416.467    130756.467   26194.646
239  VT+R2         12624.231    229 25706.462    131046.462   26484.642
240  VT+R3         12519.008    231 25500.016    132684.016   26284.991
241  VT+R4         12485.691    233 25437.383    134481.383   26229.155
242  VT+R5         12470.806    235 25411.611    136331.611   26210.179
243  VT+R6         12469.698    237 25413.397    138225.397   26218.761
248  VT+F          13341.464    246 27174.928    148698.928   28010.876
249  VT+F+I        13250.307    247 26994.615    149506.615   27833.961
250  VT+F+G4       12717.472    247 25928.944    148440.944   26768.290
251  VT+F+I+G4     12712.823    248 25921.647    149425.647   26764.391
252  VT+F+R2       12859.183    248 26214.367    149718.367   27057.111
253  VT+F+R3       12753.432    250 26006.864    151506.864   26856.405
254  VT+F+R4       12719.807    252 25943.614    153455.614   26799.951
255  VT+F+R5       12705.592    254 25919.183    155459.183   26782.317
256  VT+F+R6       12704.115    256 25920.229    157504.229   26790.159
261  LG            13014.292    227 26482.584    129994.584   27253.967
262  LG+I          12930.572    228 26317.144    130741.144   27091.925
263  LG+G4         12353.831    228 25163.661    129587.661   25938.442
264  LG+I+G4       12350.200    229 25158.399    130498.399   25936.579
265  LG+R2         12513.589    229 25485.178    130825.178   26263.357
266  LG+R3         12384.114    231 25230.229    132414.229   26015.204
267  LG+R4         12356.962    233 25179.924    134223.924   25971.696
268  LG+R5         12337.660    235 25145.320    136065.320   25943.889
269  LG+R6         12336.334    237 25146.668    137958.668   25952.033
274  LG+F          13241.665    246 26975.330    148499.330   27811.278
275  LG+F+I        13158.542    247 26811.084    149323.084   27650.431
276  LG+F+G4       12566.121    247 25626.241    148138.241   26465.587
277  LG+F+I+G4     12563.142    248 25622.284    149126.284   26465.029
278  LG+F+R2       12734.852    248 25965.704    149469.704   26808.448
279  LG+F+R3       12599.788    250 25699.576    151199.576   26549.117
280  LG+F+R4       12572.414    252 25648.828    153160.828   26505.165
281  LG+F+R5       12554.051    254 25616.102    155156.102   26479.235
282  LG+F+R6       12552.240    256 25616.480    157200.480   26486.410
287  DCMut         13272.640    227 26999.280    130511.280   27770.663
288  DCMut+I       13168.346    228 26792.691    131216.691   27567.472
289  DCMut+G4      12569.721    228 25595.442    130019.442   26370.223
290  DCMut+I+G4    12564.009    229 25586.018    130926.018   26364.197
291  DCMut+R2      12749.960    229 25957.920    131297.920   26736.099
292  DCMut+R3      12604.841    231 25671.681    132855.681   26456.657
293  DCMut+R4      12577.427    233 25620.854    134664.854   26412.626
294  DCMut+R5      12565.103    235 25600.206    136520.206   26398.774
295  DCMut+R6      12564.120    237 25602.241    138414.241   26407.605
300  DCMut+F       13407.945    246 27307.889    148831.889   28143.837
301  DCMut+F+I     13318.774    247 27131.548    149643.548   27970.894
302  DCMut+F+G4    12725.235    247 25944.469    148456.469   26783.816
303  DCMut+F+I+G4  12720.610    248 25937.220    149441.220   26779.965
304  DCMut+F+R2    12891.714    248 26279.427    149783.427   27122.172
305  DCMut+F+R3    12763.275    250 26026.550    151526.550   26876.090
306  DCMut+F+R4    12730.912    252 25965.824    153477.824   26822.161
307  DCMut+F+R5    12718.544    254 25945.088    155485.088   26808.221
308  DCMut+F+R6    12717.649    256 25947.298    157531.298   26817.228
313  PMB           13134.860    227 26723.721    130235.721   27495.104
314  PMB+I         13051.147    228 26558.294    130982.294   27333.075
315  PMB+G4        12539.496    228 25534.992    129958.992   26309.773
316  PMB+I+G4      12534.274    229 25526.549    130866.549   26304.728
317  PMB+R2        12683.374    229 25824.748    131164.748   26602.928
318  PMB+R3        12563.245    231 25588.490    132772.490   26373.465
319  PMB+R4        12538.190    233 25542.380    134586.380   26334.152
320  PMB+R5        12525.451    235 25520.902    136440.902   26319.470
321  PMB+R6        12524.681    237 25523.361    138335.361   26328.726
326  PMB+F         13409.205    246 27310.409    148834.409   28146.357
327  PMB+F+I       13322.740    247 27139.481    149651.481   27978.827
328  PMB+F+G4      12804.444    247 26102.887    148614.887   26942.234
329  PMB+F+I+G4    12800.540    248 26097.080    149601.080   26939.824
330  PMB+F+R2      12951.942    248 26399.884    149903.884   27242.628
331  PMB+F+R3      12831.705    250 26163.410    151663.410   27012.950
332  PMB+F+R4      12806.339    252 26116.678    153628.678   26973.015
333  PMB+F+R5      12791.895    254 26091.789    155631.789   26954.923
334  PMB+F+R6      12790.539    256 26093.078    157677.078   26963.007
339  HIVb          13825.111    227 28104.221    131616.221   28875.604
340  HIVb+I        13707.334    228 27870.669    132294.669   28645.450
341  HIVb+G4       12942.432    228 26340.865    130764.865   27115.646
342  HIVb+I+G4     12920.055    229 26298.110    131638.110   27076.289
343  HIVb+R2       13132.843    229 26723.686    132063.686   27501.865
344  HIVb+R3       12979.675    231 26421.350    133605.350   27206.325
345  HIVb+R4       12937.117    233 26340.234    135384.234   27132.006
346  HIVb+R5       12920.360    235 26310.721    137230.721   27109.289
347  HIVb+R6       12918.337    237 26310.674    139122.674   27116.038
352  HIVb+F        14144.281    246 28780.562    150304.562   29616.510
353  HIVb+F+I      14017.053    247 28528.106    151040.106   29367.452
354  HIVb+F+G4     13191.787    247 26877.574    149389.574   27716.920
355  HIVb+F+I+G4   13184.791    248 26865.582    150369.582   27708.326
356  HIVb+F+R2     13392.968    248 27281.936    150785.936   28124.680
357  HIVb+F+R3     13238.908    250 26977.817    152477.817   27827.358
358  HIVb+F+R4     13205.699    252 26915.398    154427.398   27771.735
359  HIVb+F+R5     13183.916    254 26875.831    156415.831   27738.964
360  HIVb+F+R6     13181.612    256 26875.224    158459.224   27745.153
365  HIVw          14569.475    227 29592.950    133104.950   30364.333
366  HIVw+I        14417.585    228 29291.170    133715.170   30065.951
367  HIVw+G4       13535.444    228 27526.888    131950.888   28301.669
368  HIVw+I+G4     13531.160    229 27520.320    132860.320   28298.500
369  HIVw+R2       13759.954    229 27977.908    133317.908   28756.087
370  HIVw+R3       13611.980    231 27685.959    134869.959   28470.935
371  HIVw+R4       13579.608    233 27625.216    136669.216   28416.987
372  HIVw+R5       13541.740    235 27553.481    138473.481   28352.049
373  HIVw+R6       13537.486    237 27548.972    140360.972   28354.336
378  HIVw+F        14871.578    246 30235.156    151759.156   31071.104
379  HIVw+F+I      14692.967    247 29879.934    152391.934   30719.280
380  HIVw+F+G4     13761.718    247 28017.436    150529.436   28856.782
381  HIVw+F+I+G4   13757.896    248 28011.792    151515.792   28854.536
382  HIVw+F+R2     14033.734    248 28563.469    152067.469   29406.213
383  HIVw+F+R3     13860.104    250 28220.209    153720.209   29069.749
384  HIVw+F+R4     13819.593    252 28143.186    155655.186   28999.523
385  HIVw+F+R5     13784.272    254 28076.544    157616.544   28939.677
386  HIVw+F+R6     13779.861    256 28071.722    159655.722   28941.652
391  JTTDCMut      13181.668    227 26817.336    130329.336   27588.719
392  JTTDCMut+I    13083.432    228 26622.863    131046.863   27397.644
393  JTTDCMut+G4   12488.722    228 25433.445    129857.445   26208.226
394  JTTDCMut+I+G4 12483.306    229 25424.613    130764.613   26202.792
395  JTTDCMut+R2   12647.970    229 25753.940    131093.940   26532.119
396  JTTDCMut+R3   12526.265    231 25514.530    132698.530   26299.506
397  JTTDCMut+R4   12494.628    233 25455.256    134499.256   26247.028
398  JTTDCMut+R5   12479.093    235 25428.187    136348.187   26226.755
399  JTTDCMut+R6   12477.552    237 25429.104    138241.104   26234.468
404  JTTDCMut+F    13456.320    246 27404.639    148928.639   28240.587
405  JTTDCMut+F+I  13355.670    247 27205.340    149717.340   28044.686
406  JTTDCMut+F+G4 12734.008    247 25962.016    148474.016   26801.363
407  JTTDCMut+F+I+G4 12729.456    248 25954.912    149458.912   26797.656
408  JTTDCMut+F+R2 12900.741    248 26297.482    149801.482   27140.226
409  JTTDCMut+F+R3 12778.517    250 26057.033    151557.033   26906.574
410  JTTDCMut+F+R4 12744.463    252 25992.926    153504.926   26849.263
411  JTTDCMut+F+R5 12726.224    254 25960.447    155500.447   26823.580
412  JTTDCMut+F+R6 12724.583    256 25961.166    157545.166   26831.095
417  FLU           13627.898    227 27709.796    131221.796   28481.179
418  FLU+I         13524.361    228 27504.722    131928.722   28279.503
419  FLU+G4        12754.067    228 25964.133    130388.133   26738.914
420  FLU+I+G4      12750.342    229 25958.684    131298.684   26736.864
421  FLU+R2        12965.417    229 26388.834    131728.834   27167.014
422  FLU+R3        12812.724    231 26087.449    133271.449   26872.424
423  FLU+R4        12775.075    233 26016.149    135060.149   26807.921
424  FLU+R5        12750.021    235 25970.041    136890.041   26768.610
425  FLU+R6        12747.359    237 25968.718    138780.718   26774.083
430  FLU+F         14092.856    246 28677.713    150201.713   29513.661
431  FLU+F+I       13976.709    247 28447.418    150959.418   29286.765
432  FLU+F+G4      13122.339    247 26738.677    149250.677   27578.024
433  FLU+F+I+G4    13119.514    248 26735.028    150239.028   27577.772
434  FLU+F+R2      13375.759    248 27247.519    150751.519   28090.263
435  FLU+F+R3      13182.965    250 26865.930    152365.930   27715.471
436  FLU+F+R4      13143.991    252 26791.982    154303.982   27648.319
437  FLU+F+R5      13125.714    254 26759.429    156299.429   27622.562
438  FLU+F+R6      13123.553    256 26759.105    158343.105   27629.035
443  Blosum62      13122.141    227 26698.281    130210.281   27469.664
444  Blosum62+I    13036.024    228 26528.048    130952.048   27302.829
445  Blosum62+G4   12526.211    228 25508.421    129932.421   26283.202
446  Blosum62+I+G4 12522.025    229 25502.050    130842.050   26280.229
447  Blosum62+R2   12670.536    229 25799.072    131139.072   26577.251
448  Blosum62+R3   12555.220    231 25572.439    132756.439   26357.415
449  Blosum62+R4   12526.512    233 25519.024    134563.024   26310.796
450  Blosum62+R5   12513.327    235 25496.654    136416.654   26295.222
451  Blosum62+R6   12512.540    237 25499.081    138311.081   26304.445
456  Blosum62+F    13401.171    246 27294.342    148818.342   28130.290
457  Blosum62+F+I  13311.611    247 27117.221    149629.221   27956.567
458  Blosum62+F+G4 12790.201    247 26074.401    148586.401   26913.748
459  Blosum62+F+I+G4 12786.381    248 26068.762    149572.762   26911.507
460  Blosum62+F+R2 12935.898    248 26367.797    149871.797   27210.541
461  Blosum62+F+R3 12824.392    250 26148.783    151648.783   26998.324
462  Blosum62+F+R4 12792.025    252 26088.049    153600.049   26944.386
463  Blosum62+F+R5 12777.689    254 26063.379    155603.379   26926.512
464  Blosum62+F+R6 12776.518    256 26065.036    157649.036   26934.966
469  mtMet         13772.127    227 27998.253    131510.253   28769.636
470  mtMet+I       13710.234    228 27876.467    132300.467   28651.248
471  mtMet+G4      12926.409    228 26308.819    130732.819   27083.600
472  mtMet+I+G4    12921.864    229 26301.729    131641.729   27079.908
473  mtMet+R2      13063.987    229 26585.974    131925.974   27364.153
474  mtMet+R3      12949.245    231 26360.490    133544.490   27145.466
475  mtMet+R4      12922.800    233 26311.600    135355.600   27103.372
476  mtMet+R5      12911.349    235 26292.698    137212.698   27091.266
477  mtMet+R6      12910.803    237 26295.606    139107.606   27100.971
482  mtMet+F       13580.039    246 27652.078    149176.078   28488.026
483  mtMet+F+I     13503.759    247 27501.518    150013.518   28340.864
484  mtMet+F+G4    12839.998    247 26173.996    148685.996   27013.342
485  mtMet+F+I+G4  12838.071    248 26172.143    149676.143   27014.887
486  mtMet+F+R2    12996.319    248 26488.639    149992.639   27331.383
487  mtMet+F+R3    12865.690    250 26231.380    151731.380   27080.921
488  mtMet+F+R4    12843.299    252 26190.598    153702.598   27046.935
489  mtMet+F+R5    12830.798    254 26169.596    155709.596   27032.729
490  mtMet+F+R6    12829.349    256 26170.698    157754.698   27040.628
495  mtVer         14100.166    227 28654.332    132166.332   29425.715
496  mtVer+I       14050.395    228 28556.790    132980.790   29331.571
497  mtVer+G4      13167.768    228 26791.535    131215.535   27566.316
498  mtVer+I+G4    13165.194    229 26788.387    132128.387   27566.567
499  mtVer+R2      13322.077    229 27102.154    132442.154   27880.333
500  mtVer+R3      13197.407    231 26856.815    134040.815   27641.790
501  mtVer+R4      13168.866    233 26803.732    135847.732   27595.504
502  mtVer+R5      13150.418    235 26770.835    137690.835   27569.404
503  mtVer+R6      13148.361    237 26770.721    139582.721   27576.086
508  mtVer+F       13836.587    246 28165.174    149689.174   29001.122
509  mtVer+F+I     13757.817    247 28009.634    150521.634   28848.980
510  mtVer+F+G4    13043.632    247 26581.264    149093.264   27420.610
511  mtVer+F+I+G4  13037.816    248 26571.633    150075.633   27414.377
512  mtVer+F+R2    13221.388    248 26938.776    150442.776   27781.521
513  mtVer+F+R3    13075.340    250 26650.680    152150.680   27500.221
514  mtVer+F+R4    13046.828    252 26597.656    154109.656   27453.993
515  mtVer+F+R5    13036.033    254 26580.065    156120.065   27443.199
516  mtVer+F+R6    13034.832    256 26581.664    158165.664   27451.594
521  mtInv         13681.865    227 27817.729    131329.729   28589.112
522  mtInv+I       13607.268    228 27670.535    132094.535   28445.316
523  mtInv+G4      12905.457    228 26266.913    130690.913   27041.694
524  mtInv+I+G4    12900.666    229 26259.331    131599.331   27037.511
525  mtInv+R2      13039.065    229 26536.131    131876.131   27314.310
526  mtInv+R3      12927.501    231 26317.003    133501.003   27101.978
527  mtInv+R4      12903.303    233 26272.606    135316.606   27064.378
528  mtInv+R5      12894.146    235 26258.291    137178.291   27056.860
529  mtInv+R6      12893.295    237 26260.589    139072.589   27065.954
534  mtInv+F       13382.095    246 27256.190    148780.190   28092.138
535  mtInv+F+I     13295.368    247 27084.736    149596.736   27924.083
536  mtInv+F+G4    12708.245    247 25910.490    148422.490   26749.837
537  mtInv+F+I+G4  12705.829    248 25907.659    149411.659   26750.403
538  mtInv+F+R2    12861.516    248 26219.032    149723.032   27061.776
539  mtInv+F+R3    12734.873    250 25969.745    151469.745   26819.286
540  mtInv+F+R4    12715.109    252 25934.217    153446.217   26790.554
541  mtInv+F+R5    12702.549    254 25913.098    155453.098   26776.232
542  mtInv+F+R6    12701.241    256 25914.482    157498.482   26784.412
Akaike Information Criterion:           LG+R5
Corrected Akaike Information Criterion: LG+G4
Bayesian Information Criterion:         LG+I+G4
Best-fit model: LG+I+G4 chosen according to BIC

All model information printed to /mnt/ivy/thliao/project/AOB/analysis/20210713_repeat/add_Chromatiaces/phy_files/mitoR24_prot/withEuk/MitoCOG0039.model.gz
CPU time for ModelFinder: 808.083 seconds (0h:13m:28s)
Wall-clock time for ModelFinder: 405.837 seconds (0h:6m:45s)
Generating 1000 samples for ultrafast bootstrap (seed: 8033)...

NOTE: 15 MB RAM (0 GB) is required!
Estimate model parameters (epsilon = 0.100)
Thoroughly optimizing +I+G parameters from 10 start values...
Init pinv, alpha: 0.000, 1.000 / Estimate: 0.000, 0.879 / LogL: -12353.822
Init pinv, alpha: 0.035, 1.000 / Estimate: 0.035, 0.955 / LogL: -12350.199
Init pinv, alpha: 0.070, 1.000 / Estimate: 0.039, 0.956 / LogL: -12350.223
Init pinv, alpha: 0.106, 1.000 / Estimate: 0.038, 0.954 / LogL: -12350.223
Init pinv, alpha: 0.141, 1.000 / Estimate: 0.037, 0.952 / LogL: -12350.216
Init pinv, alpha: 0.176, 1.000 / Estimate: 0.037, 0.952 / LogL: -12350.225
Init pinv, alpha: 0.211, 1.000 / Estimate: 0.038, 0.951 / LogL: -12350.234
Init pinv, alpha: 0.246, 1.000 / Estimate: 0.037, 0.950 / LogL: -12350.228
Init pinv, alpha: 0.282, 1.000 / Estimate: 0.037, 0.949 / LogL: -12350.228
Init pinv, alpha: 0.317, 1.000 / Estimate: 0.037, 0.950 / LogL: -12350.227
Optimal pinv,alpha: 0.035, 0.955 / LogL: -12350.199

Parameters optimization took 9.367 sec
Computing ML distances based on estimated model parameters... 5.673 sec
Computing BIONJ tree...
0.015 seconds
Log-likelihood of BIONJ tree: -12395.549
--------------------------------------------------------------------
|             INITIALIZING CANDIDATE TREE SET                      |
--------------------------------------------------------------------
Generating 98 parsimony trees... 4.861 second
Computing log-likelihood of 98 initial trees ... 9.821 seconds
Current best score: -12350.199

Do NNI search on 20 best initial trees
Estimate model parameters (epsilon = 0.100)
BETTER TREE FOUND at iteration 1: -12307.487
Estimate model parameters (epsilon = 0.100)
BETTER TREE FOUND at iteration 2: -12301.006
Estimate model parameters (epsilon = 0.100)
BETTER TREE FOUND at iteration 4: -12300.365
Iteration 10 / LogL: -12302.198 / Time: 0h:0m:41s
Estimate model parameters (epsilon = 0.100)
BETTER TREE FOUND at iteration 17: -12297.444
Iteration 20 / LogL: -12336.371 / Time: 0h:0m:53s
Finish initializing candidate tree set (20)
Current best tree score: -12297.444 / CPU time: 41.046
Number of iterations: 20
--------------------------------------------------------------------
|               OPTIMIZING CANDIDATE TREE SET                      |
--------------------------------------------------------------------
Estimate model parameters (epsilon = 0.100)
BETTER TREE FOUND at iteration 24: -12295.134
Estimate model parameters (epsilon = 0.100)
BETTER TREE FOUND at iteration 25: -12291.587
Iteration 30 / LogL: -12294.145 / Time: 0h:1m:7s (0h:3m:40s left)
Estimate model parameters (epsilon = 0.100)
BETTER TREE FOUND at iteration 31: -12286.568
Iteration 40 / LogL: -12294.561 / Time: 0h:1m:20s (0h:3m:6s left)
Estimate model parameters (epsilon = 0.100)
BETTER TREE FOUND at iteration 43: -12286.155
Estimate model parameters (epsilon = 0.100)
BETTER TREE FOUND at iteration 44: -12279.533
Iteration 50 / LogL: -12284.998 / Time: 0h:1m:32s (0h:2m:57s left)
Log-likelihood cutoff on original alignment: -12360.291
UFBoot trees printed to /mnt/ivy/thliao/project/AOB/analysis/20210713_repeat/add_Chromatiaces/phy_files/mitoR24_prot/withEuk/MitoCOG0039.ufboot
Iteration 60 / LogL: -12286.854 / Time: 0h:1m:46s (0h:2m:31s left)
Estimate model parameters (epsilon = 0.100)
BETTER TREE FOUND at iteration 61: -12279.367
Iteration 70 / LogL: -12282.265 / Time: 0h:2m:1s (0h:2m:39s left)
Estimate model parameters (epsilon = 0.100)
BETTER TREE FOUND at iteration 71: -12278.793
Iteration 80 / LogL: -12278.872 / Time: 0h:2m:14s (0h:2m:35s left)
Estimate model parameters (epsilon = 0.100)
BETTER TREE FOUND at iteration 82: -12276.951
Estimate model parameters (epsilon = 0.100)
BETTER TREE FOUND at iteration 89: -12275.710
Iteration 90 / LogL: -12279.229 / Time: 0h:2m:28s (0h:2m:45s left)
Iteration 100 / LogL: -12277.260 / Time: 0h:2m:41s (0h:2m:25s left)
Log-likelihood cutoff on original alignment: -12358.036
NOTE: Bootstrap correlation coefficient of split occurrence frequencies: 0.976
NOTE: UFBoot does not converge, continue at least 100 more iterations
UFBoot trees printed to /mnt/ivy/thliao/project/AOB/analysis/20210713_repeat/add_Chromatiaces/phy_files/mitoR24_prot/withEuk/MitoCOG0039.ufboot
Iteration 110 / LogL: -12287.983 / Time: 0h:2m:57s (0h:2m:26s left)
Iteration 120 / LogL: -12281.987 / Time: 0h:3m:10s (0h:2m:8s left)
Iteration 130 / LogL: -12277.787 / Time: 0h:3m:24s (0h:1m:50s left)
Estimate model parameters (epsilon = 0.100)
UPDATE BEST LOG-LIKELIHOOD: -12275.692
Iteration 140 / LogL: -12279.120 / Time: 0h:3m:38s (0h:1m:34s left)
Iteration 150 / LogL: -12277.980 / Time: 0h:3m:53s (0h:1m:18s left)
Log-likelihood cutoff on original alignment: -12358.036
UFBoot trees printed to /mnt/ivy/thliao/project/AOB/analysis/20210713_repeat/add_Chromatiaces/phy_files/mitoR24_prot/withEuk/MitoCOG0039.ufboot
Iteration 160 / LogL: -12291.945 / Time: 0h:4m:9s (0h:1m:2s left)
Iteration 170 / LogL: -12275.934 / Time: 0h:4m:23s (0h:0m:46s left)
Iteration 180 / LogL: -12285.206 / Time: 0h:4m:37s (0h:0m:30s left)
Iteration 190 / LogL: -12290.183 / Time: 0h:4m:50s (0h:0m:15s left)
Iteration 200 / LogL: -12307.275 / Time: 0h:5m:4s (0h:0m:0s left)
Log-likelihood cutoff on original alignment: -12358.036
NOTE: Bootstrap correlation coefficient of split occurrence frequencies: 0.995
UFBoot trees printed to /mnt/ivy/thliao/project/AOB/analysis/20210713_repeat/add_Chromatiaces/phy_files/mitoR24_prot/withEuk/MitoCOG0039.ufboot
TREE SEARCH COMPLETED AFTER 200 ITERATIONS / Time: 0h:5m:6s

--------------------------------------------------------------------
|                    FINALIZING TREE SEARCH                        |
--------------------------------------------------------------------
Performs final model parameters optimization
Estimate model parameters (epsilon = 0.010)
1. Initial log-likelihood: -12275.692
Optimal log-likelihood: -12275.692
Proportion of invariable sites: 0.035
Gamma shape alpha: 0.929
Parameters optimization took 1 rounds (0.170 sec)
BEST SCORE FOUND : -12275.692
Creating bootstrap support values...
Split supports printed to NEXUS file /mnt/ivy/thliao/project/AOB/analysis/20210713_repeat/add_Chromatiaces/phy_files/mitoR24_prot/withEuk/MitoCOG0039.splits.nex
Total tree length: 33.680

Total number of iterations: 200
CPU time used for tree search: 568.621 sec (0h:9m:28s)
Wall-clock time used for tree search: 293.342 sec (0h:4m:53s)
Total CPU time used: 595.331 sec (0h:9m:55s)
Total wall-clock time used: 306.986 sec (0h:5m:6s)
UFBoot trees printed to /mnt/ivy/thliao/project/AOB/analysis/20210713_repeat/add_Chromatiaces/phy_files/mitoR24_prot/withEuk/MitoCOG0039.ufboot

Computing bootstrap consensus tree...
Reading input file /mnt/ivy/thliao/project/AOB/analysis/20210713_repeat/add_Chromatiaces/phy_files/mitoR24_prot/withEuk/MitoCOG0039.splits.nex...
115 taxa and 913 splits.
Consensus tree written to /mnt/ivy/thliao/project/AOB/analysis/20210713_repeat/add_Chromatiaces/phy_files/mitoR24_prot/withEuk/MitoCOG0039.contree
Reading input trees file /mnt/ivy/thliao/project/AOB/analysis/20210713_repeat/add_Chromatiaces/phy_files/mitoR24_prot/withEuk/MitoCOG0039.contree
Log-likelihood of consensus tree: -12275.710

Analysis results written to: 
  IQ-TREE report:                /mnt/ivy/thliao/project/AOB/analysis/20210713_repeat/add_Chromatiaces/phy_files/mitoR24_prot/withEuk/MitoCOG0039.iqtree
  Maximum-likelihood tree:       /mnt/ivy/thliao/project/AOB/analysis/20210713_repeat/add_Chromatiaces/phy_files/mitoR24_prot/withEuk/MitoCOG0039.treefile
  Likelihood distances:          /mnt/ivy/thliao/project/AOB/analysis/20210713_repeat/add_Chromatiaces/phy_files/mitoR24_prot/withEuk/MitoCOG0039.mldist

Ultrafast bootstrap approximation results written to:
  Split support values:          /mnt/ivy/thliao/project/AOB/analysis/20210713_repeat/add_Chromatiaces/phy_files/mitoR24_prot/withEuk/MitoCOG0039.splits.nex
  Consensus tree:                /mnt/ivy/thliao/project/AOB/analysis/20210713_repeat/add_Chromatiaces/phy_files/mitoR24_prot/withEuk/MitoCOG0039.contree
  UFBoot trees:                  /mnt/ivy/thliao/project/AOB/analysis/20210713_repeat/add_Chromatiaces/phy_files/mitoR24_prot/withEuk/MitoCOG0039.ufboot
  Screen log file:               /mnt/ivy/thliao/project/AOB/analysis/20210713_repeat/add_Chromatiaces/phy_files/mitoR24_prot/withEuk/MitoCOG0039.log

Date and Time: Mon Dec 12 10:01:22 2022
