IQ-TREE multicore version 1.6.12 for Linux 64-bit built Aug 15 2019
Developed by Bui Quang Minh, Nguyen Lam Tung, Olga Chernomor,
Heiko Schmidt, Dominik Schrempf, Michael Woodhams.

Host:    cl004 (AVX2, FMA3, 125 GB RAM)
Command: iqtree -nt 2 -redo -wbtl -bb 1000 -pre /mnt/ivy/thliao/project/AOB/analysis/20210713_repeat/add_Chromatiaces/phy_files/P39_prot/withEuk/NP_043208.1 -s /mnt/ivy/thliao/project/AOB/analysis/20210713_repeat/add_Chromatiaces/phy_files/P39_prot/withEuk/NP_043208.1.aln
Seed:    78033 (Using SPRNG - Scalable Parallel Random Number Generator)
Time:    Mon Dec 12 09:36:08 2022
Kernel:  AVX+FMA - 2 threads (64 CPU cores detected)

Reading alignment file /mnt/ivy/thliao/project/AOB/analysis/20210713_repeat/add_Chromatiaces/phy_files/P39_prot/withEuk/NP_043208.1.aln ... Fasta format detected
Alignment most likely contains protein sequences
Alignment has 139 sequences with 212 columns, 196 distinct patterns
143 parsimony-informative, 35 singleton sites, 34 constant sites
                            Gap/Ambiguity  Composition  p-value
   1  Arabidopsis_thaliana         26.89%    passed     96.33%
   2  Chondrus_crispus             26.42%    passed     25.36%
   3  Cyanidioschyzon_merolae      27.36%    passed     71.67%
   4  Cyanophora_paradoxa          26.42%    passed     87.33%
   5  Cyanoptyche_gloeocystis      26.42%    passed     16.34%
   6  Galdieria_sulphuraria        26.42%    failed      2.61%
   7  Gloeochaete_wittrockiana     26.42%    passed      9.51%
   8  Klebsormidium_nitens         26.42%    passed     83.75%
   9  Mesotaenium_endlicherianum   26.89%    passed     99.00%
  10  NC_000926.1                  26.42%    passed     97.03%
  11  NC_002186.1                  26.42%    passed     99.16%
  12  NC_005353.1                  20.75%    passed     65.17%
  13  NC_007288.1                  26.42%    passed     91.64%
  14  NC_008588.1                  26.42%    passed     18.77%
  15  NC_008589.1                  26.42%    passed     14.00%
  16  NC_010654.1                  25.94%    passed     33.28%
  17  NC_012898.1                  26.42%    passed     91.67%
  18  NC_016703.2                  26.42%    passed     77.77%
  19  NC_016732.1                  20.75%    passed     20.60%
  20  NC_020371.1                  26.42%    passed     68.69%
  21  NC_049168.1                  26.42%    passed     97.01%
  22  Oltmannsiellopsis_viridis    26.42%    passed     92.12%
  23  Oryza_sativa                 26.42%    passed     89.64%
  24  Ostreococcus_tauri           26.42%    passed     98.33%
  25  Palmophyllum_crassum         26.42%    failed      0.47%
  26  Pedinomonas_tuberculata      26.42%    passed     99.73%
  27  Penium_margaritaceum         26.89%    passed     79.33%
  28  Physcomitrium_patens         26.89%    passed     58.44%
  29  Picocystis_salinarum         26.42%    passed      6.14%
  30  Porphyra_umbilicalis         26.42%    passed     76.14%
  31  Porphyridium_purpureum       26.42%    passed     99.27%
  32  Prasinoderma_coloniale       26.42%    failed      4.34%
  33  Tetradesmus_obliquus         21.23%    passed      9.71%
  34  Tupiella_akineta             26.42%    passed     98.61%
  35  GCA_000473895.1              26.42%    passed     99.52%
  36  GCA_015709615.1              26.42%    passed     98.13%
  37  GCA_000024725.1              26.42%    passed     97.00%
  38  GCA_013697045.1              26.42%    passed     89.82%
  39  GCA_900107585.1              26.42%    passed     93.98%
  40  GCA_014859375.1              26.42%    passed     94.65%
  41  GCA_015272465.1              26.42%    passed     65.50%
  42  GCA_002356115.1              26.42%    passed     99.21%
  43  GCA_009833095.1              26.42%    passed     98.84%
  44  GCA_001747005.1              26.42%    passed     99.34%
  45  GCA_014635705.1              26.42%    passed     60.95%
  46  GCA_000469665.2              26.42%    passed     81.56%
  47  GCA_002109495.1              26.42%    passed     86.88%
  48  GCA_001458735.1              26.42%    passed     99.70%
  49  GCA_000952155.1              26.42%    passed     58.01%
  50  GCA_000317495.1              26.42%    passed     96.18%
  51  GCA_000317515.1              26.42%    passed     88.63%
  52  GCA_007197755.1              26.42%    passed     94.10%
  53  GCA_001187785.1              26.42%    passed     91.50%
  54  GCA_003719295.1              26.42%    passed     99.64%
  55  GCA_000314005.1              26.42%    passed     98.41%
  56  GCA_004168365.1              26.89%    passed     80.95%
  57  GCA_003015105.1              26.42%    passed     90.70%
  58  GCA_902810445.1              26.42%    passed     94.72%
  59  GCA_001697225.1              26.42%    passed     99.64%
  60  GCA_002868715.1              26.42%    passed     99.61%
  61  GCA_003532895.1              25.94%    passed     18.37%
  62  GCA_002218085.1              26.42%    passed     92.96%
  63  GCA_003015145.1              21.70%    passed     24.43%
  64  GCA_008189685.1              24.06%    passed     57.90%
  65  GCA_003551305.1              25.00%    passed     82.22%
  66  GCA_902500715.1              25.94%    passed     93.34%
  67  GCA_004684205.1              26.42%    passed     93.28%
  68  GCA_001828295.1              24.53%    passed     14.88%
  69  GCA_000949635.1              24.53%    passed     51.27%
  70  GCA_001644685.1              36.32%    passed     97.24%
  71  GCA_013141375.1              36.32%    passed     98.76%
  72  GCA_000760695.4              26.42%    passed     89.27%
  73  GCA_017879665.1              26.42%    passed     72.24%
  74  GCA_001772005.1              26.42%    passed     84.57%
  75  GCA_000332035.1              26.42%    passed     98.42%
  76  GCA_016788925.1              25.94%    passed     92.03%
  77  GCA_000740735.1              26.42%    passed     98.50%
  78  GCA_000934545.1              26.42%    passed     51.53%
  79  GCA_001458695.1              26.42%    passed     79.11%
  80  GCA_016207025.1              26.42%    passed     99.65%
  81  GCA_900119825.1              26.42%    passed     60.84%
  82  GCA_003534995.1              26.42%    passed     22.48%
  83  GCA_015709635.1              26.42%    passed     98.51%
  84  GCA_006496635.1              26.42%    passed     75.75%
  85  GCA_000011385.1              26.42%    passed     85.63%
  86  GCA_001828545.1              25.94%    passed     78.51%
  87  GCA_005877815.1              26.42%    passed     95.31%
  88  GCF_004345375.1              36.79%    passed     98.28%
  89  GCA_000263335.1              26.89%    passed     99.97%
  90  GCA_018655245.1              26.42%    passed     99.22%
  91  GCA_007992375.1              26.42%    passed     78.91%
  92  GCA_001890765.1              26.42%    passed     93.94%
  93  GCA_003149345.1              26.42%    passed     88.96%
  94  GCA_001828535.1              24.53%    passed     43.74%
  95  GCA_004421105.1              26.42%    passed     96.15%
  96  GCA_002083815.1              40.57%    passed     82.28%
  97  GCA_003576955.1              25.94%    passed     85.75%
  98  GCA_003851125.1              26.42%    passed     80.46%
  99  GCA_010027455.1              26.42%    passed     86.25%
 100  GCA_001803795.1              26.42%    passed     99.44%
 101  GCA_003003885.1              26.42%    passed     68.04%
 102  GCA_004282745.1              24.53%    passed     78.00%
 103  GCA_000214665.1              26.42%    passed     99.84%
 104  GCA_002072955.1              26.42%    passed     97.24%
 105  GCA_016873455.1              26.42%    passed     99.79%
 106  GCA_001870225.1              26.42%    passed     78.58%
 107  GCA_013140535.1              26.42%    passed     97.08%
 108  GCA_000948975.1              26.42%    passed     97.39%
 109  GCA_001566965.1              26.89%    passed     99.68%
 110  GCA_000264455.2              26.42%    passed     96.84%
 111  GCA_000317535.1              26.42%    passed     84.39%
 112  GCA_006385135.1              26.42%    passed     99.82%
 113  GCA_001267195.1              26.42%    passed     95.97%
 114  GCA_000014865.1              26.42%    passed     97.51%
 115  GCA_002355455.1              26.42%    passed     98.07%
 116  GCA_002162035.1              26.42%    passed     90.98%
 117  GCA_001881495.1              14.15%    passed     90.53%
 118  GCA_000317575.1              26.42%    passed     96.13%
 119  GCA_000380225.1              26.42%    passed     96.51%
 120  GCA_003258315.1              26.42%    passed     95.18%
 121  GCA_016592635.1              26.42%    passed     99.44%
 122  GCA_902459485.1              10.85%    passed     46.47%
 123  GCA_001904725.1              26.42%    passed     98.88%
 124  GCA_000013225.1              26.42%    passed     54.95%
 125  GCA_900110495.1              26.42%    passed     98.68%
 126  GCA_000346485.2              26.42%    passed     92.25%
 127  GCA_003644325.1              25.94%    passed     50.71%
 128  GCA_004195045.1              26.42%    passed     13.51%
 129  GCA_013521015.1              26.42%    passed     98.95%
 130  GCA_002924445.1              26.42%    passed     85.59%
 131  GCA_005524015.1              24.53%    passed     29.89%
 132  GCA_000332275.1              26.42%    passed     80.96%
 133  GCA_002007425.1              26.42%    passed     99.52%
 134  GCA_016708925.1              26.42%    passed     89.25%
 135  GCA_000828615.1              26.42%    passed     97.56%
 136  GCA_000228725.3              26.42%    passed     99.64%
 137  GCA_000379525.1              26.42%    passed     99.93%
 138  GCA_001007875.1              26.42%    passed     99.54%
 139  GCA_001469165.1              26.42%    passed     97.72%
****  TOTAL                        26.29%  3 sequences failed composition chi2 test (p-value<5%; df=19)


Create initial parsimony tree by phylogenetic likelihood library (PLL)... 0.073 seconds
NOTE: ModelFinder requires 47 MB RAM!
ModelFinder will test 546 protein models (sample size: 212) ...
 No. Model         -LnL         df  AIC          AICc         BIC
  1  Dayhoff       20020.712    275 40591.423    192391.423   41514.484
  2  Dayhoff+I     19810.381    276 40172.762    193076.762   41099.180
  3  Dayhoff+G4    18830.316    276 38212.632    191116.632   39139.050
  4  Dayhoff+I+G4  18818.416    277 38190.832    192202.832   39120.606
  5  Dayhoff+R2    19006.547    277 38567.093    192579.093   39496.868
  6  Dayhoff+R3    18871.656    279 38301.312    194541.312   39237.800
  7  Dayhoff+R4    18807.142    281 38176.284    196660.284   39119.485
  8  Dayhoff+R5    18796.056    283 38158.112    198902.112   39108.026
  9  Dayhoff+R6    18794.841    285 38159.683    201179.683   39116.310
 14  Dayhoff+F     20017.272    294 40622.543    214082.543   41609.380
 15  Dayhoff+F+I   19819.151    295 40228.301    214868.301   41218.494
 16  Dayhoff+F+G4  18863.860    295 38317.719    212957.719   39307.912
 17  Dayhoff+F+I+G4 18852.726    296 38297.452    214121.452   39291.002
 18  Dayhoff+F+R2  19040.533    296 38673.065    214497.065   39666.615
 19  Dayhoff+F+R3  18910.551    298 38417.102    216621.102   39417.365
 20  Dayhoff+F+R4  18842.269    300 38284.538    218884.538   39291.514
 21  Dayhoff+F+R5  18833.196    302 38270.392    221282.392   39284.081
 22  Dayhoff+F+R6  18832.053    304 38272.106    223712.106   39292.508
 27  mtMAM         22266.885    275 45083.769    196883.769   46006.830
 28  mtMAM+I       22127.064    276 44806.128    197710.128   45732.546
 29  mtMAM+G4      20159.070    276 40870.140    193774.140   41796.558
 30  mtMAM+I+G4    20151.254    277 40856.507    194868.507   41786.282
 31  mtMAM+R2      20648.584    277 41851.168    195863.168   42780.943
 32  mtMAM+R3      20308.026    279 41174.051    197414.051   42110.539
 33  mtMAM+R4      20173.443    281 40908.887    199392.887   41852.088
 34  mtMAM+R5      20143.237    283 40852.474    201596.474   41802.388
 35  mtMAM+R6      20131.006    285 40832.012    203852.012   41788.640
 36  mtMAM+R7      20106.950    287 40787.900    206099.900   41751.240
 37  mtMAM+R8      20098.943    289 40775.886    208395.886   41745.939
 38  mtMAM+R9      20092.569    291 40767.139    210711.139   41743.905
 39  mtMAM+R10     20088.251    293 40762.501    213046.501   41745.981
 40  mtMAM+F       21105.997    294 42799.994    216259.994   43786.830
 41  mtMAM+F+I     20947.763    295 42485.527    217125.527   43475.720
 42  mtMAM+F+G4    19451.534    295 39493.069    214133.069   40483.262
 43  mtMAM+F+I+G4  19444.583    296 39481.166    215305.166   40474.716
 44  mtMAM+F+R2    19800.919    296 40193.838    216017.838   41187.387
 45  mtMAM+F+R3    19532.282    298 39660.564    217864.564   40660.826
 46  mtMAM+F+R4    19456.812    300 39513.624    220113.624   40520.600
 47  mtMAM+F+R5    19429.411    302 39462.822    222474.822   40476.511
 48  mtMAM+F+R6    19421.357    304 39450.715    224890.715   40471.117
 49  mtMAM+F+R7    19409.594    306 39431.188    227315.188   40458.303
 50  mtMAM+F+R8    19406.456    308 39428.912    229772.912   40462.740
 53  JTT           19859.842    275 40269.683    192069.683   41192.744
 54  JTT+I         19672.000    276 39895.999    192799.999   40822.417
 55  JTT+G4        18647.221    276 37846.442    190750.442   38772.860
 56  JTT+I+G4      18637.761    277 37829.523    191841.523   38759.297
 57  JTT+R2        18847.239    277 38248.479    192260.479   39178.253
 58  JTT+R3        18720.963    279 37999.925    194239.925   38936.413
 59  JTT+R4        18627.935    281 37817.869    196301.869   38761.070
 60  JTT+R5        18614.518    283 37795.036    198539.036   38744.950
 61  JTT+R6        18614.132    285 37798.263    200818.263   38754.890
 66  JTT+F         19982.650    294 40553.301    214013.301   41540.137
 67  JTT+F+I       19795.913    295 40181.827    214821.827   41172.020
 68  JTT+F+G4      18775.216    295 38140.432    212780.432   39130.625
 69  JTT+F+I+G4    18765.852    296 38123.704    213947.704   39117.253
 70  JTT+F+R2      18970.880    296 38533.760    214357.760   39527.310
 71  JTT+F+R3      18843.472    298 38282.943    216486.943   39283.206
 72  JTT+F+R4      18757.329    300 38114.658    218714.658   39121.634
 73  JTT+F+R5      18742.990    302 38089.981    221101.981   39103.670
 74  JTT+F+R6      18742.882    304 38093.765    223533.765   39114.167
 79  WAG           19801.251    275 40152.502    191952.502   41075.564
 80  WAG+I         19625.363    276 39802.727    192706.727   40729.144
 81  WAG+G4        18696.149    276 37944.298    190848.298   38870.716
 82  WAG+I+G4      18684.496    277 37922.991    191934.991   38852.766
 83  WAG+R2        18849.441    277 38252.881    192264.881   39182.656
 84  WAG+R3        18743.166    279 38044.333    194284.333   38980.821
 85  WAG+R4        18666.189    281 37894.377    196378.377   38837.578
 86  WAG+R5        18659.816    283 37885.633    198629.633   38835.546
 87  WAG+R6        18659.735    285 37889.469    200909.469   38846.096
 92  WAG+F         19931.239    294 40450.479    213910.479   41437.315
 93  WAG+F+I       19763.211    295 40116.423    214756.423   41106.615
 94  WAG+F+G4      18834.439    295 38258.878    212898.878   39249.071
 95  WAG+F+I+G4    18823.036    296 38238.072    214062.072   39231.621
 96  WAG+F+R2      18985.066    296 38562.132    214386.132   39555.682
 97  WAG+F+R3      18882.941    298 38361.882    216565.882   39362.145
 98  WAG+F+R4      18804.616    300 38209.231    218809.231   39216.207
 99  WAG+F+R5      18797.906    302 38199.812    221211.812   39213.501
100  WAG+F+R6      18797.878    304 38203.755    223643.755   39224.157
105  cpREV         19766.619    275 40083.237    191883.237   41006.298
106  cpREV+I       19621.054    276 39794.107    192698.107   40720.525
107  cpREV+G4      18695.461    276 37942.923    190846.923   38869.341
108  cpREV+I+G4    18684.236    277 37922.472    191934.472   38852.246
109  cpREV+R2      18840.923    277 38235.846    192247.846   39165.621
110  cpREV+R3      18730.338    279 38018.675    194258.675   38955.163
111  cpREV+R4      18667.679    281 37897.358    196381.358   38840.558
112  cpREV+R5      18658.532    283 37883.065    198627.065   38832.979
113  cpREV+R6      18658.499    285 37886.997    200906.997   38843.624
118  cpREV+F       19997.929    294 40583.858    214043.858   41570.694
119  cpREV+F+I     19845.177    295 40280.353    214920.353   41270.546
120  cpREV+F+G4    18887.838    295 38365.676    213005.676   39355.869
121  cpREV+F+I+G4  18874.913    296 38341.826    214165.826   39335.376
122  cpREV+F+R2    19033.156    296 38658.312    214482.312   39651.861
123  cpREV+F+R3    18928.111    298 38452.221    216656.221   39452.484
124  cpREV+F+R4    18862.394    300 38324.788    218924.788   39331.764
125  cpREV+F+R5    18849.954    302 38303.907    221315.907   39317.596
126  cpREV+F+R6    18849.939    304 38307.878    223747.878   39328.280
131  mtREV         21128.337    275 42806.675    194606.675   43729.736
132  mtREV+I       20979.178    276 42510.356    195414.356   43436.774
133  mtREV+G4      19664.959    276 39881.918    192785.918   40808.336
134  mtREV+I+G4    19659.468    277 39872.935    193884.935   40802.710
135  mtREV+R2      20021.447    277 40596.894    194608.894   41526.668
136  mtREV+R3      19731.792    279 40021.584    196261.584   40958.072
137  mtREV+R4      19659.723    281 39881.445    198365.445   40824.646
138  mtREV+R5      19632.604    283 39831.207    200575.207   40781.121
139  mtREV+R6      19632.601    285 39835.202    202855.202   40791.829
144  mtREV+F       20230.692    294 41049.384    214509.384   42036.220
145  mtREV+F+I     20065.025    295 40720.050    215360.050   41710.243
146  mtREV+F+G4    19010.803    295 38611.606    213251.606   39601.799
147  mtREV+F+I+G4  18998.186    296 38588.372    214412.372   39581.922
148  mtREV+F+R2    19226.415    296 39044.829    214868.829   40038.379
149  mtREV+F+R3    19056.594    298 38709.187    216913.187   39709.450
150  mtREV+F+R4    18994.977    300 38589.954    219189.954   39596.930
151  mtREV+F+R5    18969.226    302 38542.452    221554.452   39556.141
152  mtREV+F+R6    18969.206    304 38546.412    223986.412   39566.815
157  rtREV         19886.533    275 40323.066    192123.066   41246.127
158  rtREV+I       19725.988    276 40003.976    192907.976   40930.394
159  rtREV+G4      18697.634    276 37947.268    190851.268   38873.686
160  rtREV+I+G4    18689.107    277 37932.213    191944.213   38861.988
161  rtREV+R2      18907.832    277 38369.664    192381.664   39299.439
162  rtREV+R3      18757.469    279 38072.937    194312.937   39009.425
163  rtREV+R4      18682.975    281 37927.950    196411.950   38871.151
164  rtREV+R5      18670.441    283 37906.882    198650.882   38856.796
165  rtREV+R6      18670.406    285 37910.812    200930.812   38867.439
170  rtREV+F       19854.960    294 40297.921    213757.921   41284.757
171  rtREV+F+I     19699.815    295 39989.630    214629.630   40979.823
172  rtREV+F+G4    18674.850    295 37939.701    212579.701   38929.894
173  rtREV+F+I+G4  18666.714    296 37925.427    213749.427   38918.977
174  rtREV+F+R2    18885.953    296 38363.906    214187.906   39357.456
175  rtREV+F+R3    18734.752    298 38065.505    216269.505   39065.767
176  rtREV+F+R4    18661.513    300 37923.026    218523.026   38930.001
177  rtREV+F+R5    18653.530    302 37911.060    220923.060   38924.749
178  rtREV+F+R6    18653.530    304 37915.059    223355.059   38935.461
183  mtART         21548.951    275 43647.901    195447.901   44570.963
184  mtART+I       21392.207    276 43336.414    196240.414   44262.832
185  mtART+G4      19608.088    276 39768.177    192672.177   40694.595
186  mtART+I+G4    19599.096    277 39752.192    193764.192   40681.966
187  mtART+R2      20085.419    277 40724.837    194736.837   41654.612
188  mtART+R3      19736.951    279 40031.902    196271.902   40968.389
189  mtART+R4      19618.125    281 39798.250    198282.250   40741.451
190  mtART+R5      19581.684    283 39729.368    200473.368   40679.281
191  mtART+R6      19581.682    285 39733.363    202753.363   40689.990
196  mtART+F       20461.046    294 41510.093    214970.093   42496.929
197  mtART+F+I     20294.795    295 41179.589    215819.589   42169.782
198  mtART+F+G4    18998.298    295 38586.595    213226.595   39576.788
199  mtART+F+I+G4  18989.353    296 38570.707    214394.707   39564.256
200  mtART+F+R2    19307.967    296 39207.934    215031.934   40201.483
201  mtART+F+R3    19053.360    298 38702.720    216906.720   39702.982
202  mtART+F+R4    18995.084    300 38590.168    219190.168   39597.144
203  mtART+F+R5    18970.629    302 38545.259    221557.259   39558.948
204  mtART+F+R6    18967.051    304 38542.101    223982.101   39562.504
209  mtZOA         20860.388    275 42270.776    194070.776   43193.837
210  mtZOA+I       20709.183    276 41970.366    194874.366   42896.784
211  mtZOA+G4      19157.964    276 38867.927    191771.927   39794.345
212  mtZOA+I+G4    19149.993    277 38853.985    192865.985   39783.760
213  mtZOA+R2      19566.442    277 39686.884    193698.884   40616.658
214  mtZOA+R3      19228.990    279 39015.981    195255.981   39952.468
215  mtZOA+R4      19156.226    281 38874.452    197358.452   39817.652
216  mtZOA+R5      19135.850    283 38837.701    199581.701   39787.615
217  mtZOA+R6      19133.819    285 38837.639    201857.639   39794.266
222  mtZOA+F       20116.556    294 40821.112    214281.112   41807.948
223  mtZOA+F+I     19950.183    295 40490.366    215130.366   41480.559
224  mtZOA+F+G4    18805.785    295 38201.570    212841.570   39191.763
225  mtZOA+F+I+G4  18802.132    296 38196.264    214020.264   39189.813
226  mtZOA+F+R2    19061.147    296 38714.294    214538.294   39707.844
227  mtZOA+F+R3    18850.926    298 38297.852    216501.852   39298.115
228  mtZOA+F+R4    18792.755    300 38185.510    218785.510   39192.485
229  mtZOA+F+R5    18768.149    302 38140.298    221152.298   39153.987
230  mtZOA+F+R6    18767.335    304 38142.671    223582.671   39163.073
235  VT            19833.239    275 40216.477    192016.477   41139.539
236  VT+I          19660.500    276 39873.001    192777.001   40799.418
237  VT+G4         18734.742    276 38021.485    190925.485   38947.903
238  VT+I+G4       18724.102    277 38002.204    192014.204   38931.978
239  VT+R2         18908.855    277 38371.710    192383.710   39301.484
240  VT+R3         18794.664    279 38147.328    194387.328   39083.815
241  VT+R4         18710.047    281 37982.094    196466.094   38925.295
242  VT+R5         18705.285    283 37976.570    198720.570   38926.484
248  VT+F          19970.379    294 40528.757    213988.757   41515.594
249  VT+F+I        19799.584    295 40189.169    214829.169   41179.362
250  VT+F+G4       18882.240    295 38354.480    212994.480   39344.673
251  VT+F+I+G4     18870.785    296 38333.569    214157.569   39327.119
252  VT+F+R2       19047.690    296 38687.380    214511.380   39680.930
253  VT+F+R3       18935.508    298 38467.017    216671.017   39467.280
254  VT+F+R4       18856.148    300 38312.296    218912.296   39319.272
255  VT+F+R5       18851.560    302 38307.119    221319.119   39320.808
261  LG            19697.786    275 39945.571    191745.571   40868.633
262  LG+I          19534.296    276 39620.591    192524.591   40547.009
263  LG+G4         18489.256    276 37530.512    190434.512   38456.930
264  LG+I+G4       18481.162    277 37516.324    191528.324   38446.099
265  LG+R2         18709.358    277 37972.715    191984.715   38902.490
266  LG+R3         18552.650    279 37663.299    193903.299   38599.787
267  LG+R4         18474.462    281 37510.924    195994.924   38454.125
268  LG+R5         18463.524    283 37493.048    198237.048   38442.962
269  LG+R6         18463.435    285 37496.870    200516.870   38453.497
274  LG+F          19821.905    294 40231.811    213691.811   41218.647
275  LG+F+I        19662.566    295 39915.133    214555.133   40905.326
276  LG+F+G4       18629.669    295 37849.337    212489.337   38839.530
277  LG+F+I+G4     18621.911    296 37835.822    213659.822   38829.372
278  LG+F+R2       18831.455    296 38254.911    214078.911   39248.460
279  LG+F+R3       18693.270    298 37982.541    216186.541   38982.803
280  LG+F+R4       18611.905    300 37823.810    218423.810   38830.786
281  LG+F+R5       18602.654    302 37809.309    220821.309   38822.998
282  LG+F+R6       18602.647    304 37813.295    223253.295   38833.697
287  DCMut         20021.054    275 40592.108    192392.108   41515.169
288  DCMut+I       19810.748    276 40173.496    193077.496   41099.914
289  DCMut+G4      18832.425    276 38216.851    191120.851   39143.269
290  DCMut+I+G4    18820.574    277 38195.149    192207.149   39124.923
291  DCMut+R2      19007.880    277 38569.759    192581.759   39499.534
292  DCMut+R3      18873.929    279 38305.858    194545.858   39242.345
293  DCMut+R4      18806.219    281 38174.438    196658.438   39117.638
294  DCMut+R5      18796.630    283 38159.260    198903.260   39109.174
295  DCMut+R6      18796.571    285 38163.142    201183.142   39119.769
300  DCMut+F       20017.108    294 40622.216    214082.216   41609.052
301  DCMut+F+I     19818.929    295 40227.859    214867.859   41218.052
302  DCMut+F+G4    18865.318    295 38320.636    212960.636   39310.829
303  DCMut+F+I+G4  18854.139    296 38300.277    214124.277   39293.827
304  DCMut+F+R2    19041.823    296 38675.646    214499.646   39669.195
305  DCMut+F+R3    18911.973    298 38419.946    216623.946   39420.209
306  DCMut+F+R4    18841.897    300 38283.793    218883.793   39290.769
307  DCMut+F+R5    18833.786    302 38271.573    221283.573   39285.262
308  DCMut+F+R6    18833.760    304 38275.519    223715.519   39295.922
313  PMB           19948.843    275 40447.686    192247.686   41370.747
314  PMB+I         19782.858    276 40117.717    193021.717   41044.135
315  PMB+G4        18885.207    276 38322.415    191226.415   39248.832
316  PMB+I+G4      18873.821    277 38301.642    192313.642   39231.417
317  PMB+R2        19073.851    277 38701.702    192713.702   39631.476
318  PMB+R3        18938.065    279 38434.131    194674.131   39370.618
319  PMB+R4        18866.726    281 38295.452    196779.452   39238.653
320  PMB+R5        18861.915    283 38289.830    199033.830   39239.744
326  PMB+F         20067.145    294 40722.289    214182.289   41709.126
327  PMB+F+I       19899.370    295 40388.741    215028.741   41378.934
328  PMB+F+G4      19017.543    295 38625.086    213265.086   39615.279
329  PMB+F+I+G4    19004.957    296 38601.913    214425.913   39595.463
330  PMB+F+R2      19188.559    296 38969.117    214793.117   39962.667
331  PMB+F+R3      19072.872    298 38741.744    216945.744   39742.007
332  PMB+F+R4      18995.078    300 38590.157    219190.157   39597.133
333  PMB+F+R5      18989.781    302 38583.562    221595.562   39597.251
339  HIVb          20616.828    275 41783.657    193583.657   42706.718
340  HIVb+I        20421.640    276 41395.279    194299.279   42321.697
341  HIVb+G4       19191.302    276 38934.603    191838.603   39861.021
342  HIVb+I+G4     19179.908    277 38913.817    192925.817   39843.591
343  HIVb+R2       19438.337    277 39430.674    193442.674   40360.449
344  HIVb+R3       19266.221    279 39090.442    195330.442   40026.929
345  HIVb+R4       19173.290    281 38908.580    197392.580   39851.781
346  HIVb+R5       19148.510    283 38863.019    199607.019   39812.933
347  HIVb+R6       19148.198    285 38866.395    201886.395   39823.023
352  HIVb+F        20789.968    294 42167.936    215627.936   43154.773
353  HIVb+F+I      20586.935    295 41763.869    216403.869   42754.062
354  HIVb+F+G4     19312.817    295 39215.634    213855.634   40205.827
355  HIVb+F+I+G4   19301.446    296 39194.892    215018.892   40188.441
356  HIVb+F+R2     19567.146    296 39726.291    215550.291   40719.841
357  HIVb+F+R3     19388.603    298 39373.205    217577.205   40373.468
358  HIVb+F+R4     19302.379    300 39204.758    219804.758   40211.734
359  HIVb+F+R5     19268.871    302 39141.741    222153.741   40155.430
360  HIVb+F+R6     19268.569    304 39145.139    224585.139   40165.541
365  HIVw          21429.655    275 43409.310    195209.310   44332.372
366  HIVw+I        21225.690    276 43003.381    195907.381   43929.799
367  HIVw+G4       19902.897    276 40357.795    193261.795   41284.213
368  HIVw+I+G4     19881.813    277 40317.626    194329.626   41247.400
369  HIVw+R2       20089.672    277 40733.344    194745.344   41663.118
370  HIVw+R3       19967.859    279 40493.717    196733.717   41430.205
371  HIVw+R4       19848.578    281 40259.156    198743.156   41202.357
372  HIVw+R5       19835.430    283 40236.860    200980.860   41186.774
373  HIVw+R6       19835.430    285 40240.859    203260.859   41197.486
378  HIVw+F        21566.929    294 43721.858    217181.858   44708.694
379  HIVw+F+I      21337.540    295 43265.081    217905.081   44255.274
380  HIVw+F+G4     19982.658    295 40555.315    215195.315   41545.508
381  HIVw+F+I+G4   19969.064    296 40530.129    216354.129   41523.678
382  HIVw+F+R2     20209.605    296 41011.211    216835.211   42004.760
383  HIVw+F+R3     20048.902    298 40693.804    218897.804   41694.067
384  HIVw+F+R4     19955.723    300 40511.447    221111.447   41518.422
385  HIVw+F+R5     19930.087    302 40464.174    223476.174   41477.863
386  HIVw+F+R6     19930.083    304 40468.166    225908.166   41488.568
391  JTTDCMut      19852.104    275 40254.208    192054.208   41177.269
392  JTTDCMut+I    19666.551    276 39885.102    192789.102   40811.520
393  JTTDCMut+G4   18644.615    276 37841.230    190745.230   38767.648
394  JTTDCMut+I+G4 18635.327    277 37824.654    191836.654   38754.428
395  JTTDCMut+R2   18842.639    277 38239.277    192251.277   39169.052
396  JTTDCMut+R3   18714.143    279 37986.285    194226.285   38922.773
397  JTTDCMut+R4   18623.911    281 37809.822    196293.822   38753.023
398  JTTDCMut+R5   18611.675    283 37789.351    198533.351   38739.265
399  JTTDCMut+R6   18611.653    285 37793.306    200813.306   38749.934
404  JTTDCMut+F    19970.636    294 40529.272    213989.272   41516.108
405  JTTDCMut+F+I  19786.244    295 40162.489    214802.489   41152.681
406  JTTDCMut+F+G4 18769.545    295 38129.089    212769.089   39119.282
407  JTTDCMut+F+I+G4 18760.311    296 38112.621    213936.621   39106.171
408  JTTDCMut+F+R2 18962.343    296 38516.687    214340.687   39510.236
409  JTTDCMut+F+R3 18835.894    298 38267.787    216471.787   39268.050
410  JTTDCMut+F+R4 18750.028    300 38100.056    218700.056   39107.032
411  JTTDCMut+F+R5 18736.819    302 38077.638    221089.638   39091.327
412  JTTDCMut+F+R6 18736.812    304 38081.625    223521.625   39102.027
417  FLU           20343.284    275 41236.568    193036.568   42159.629
418  FLU+I         20167.768    276 40887.535    193791.535   41813.953
419  FLU+G4        18933.165    276 38418.330    191322.330   39344.748
420  FLU+I+G4      18926.984    277 38407.967    192419.967   39337.742
421  FLU+R2        19154.019    277 38862.038    192874.038   39791.812
422  FLU+R3        18997.508    279 38553.017    194793.017   39489.504
423  FLU+R4        18916.284    281 38394.568    196878.568   39337.768
424  FLU+R5        18881.284    283 38328.568    199072.568   39278.482
425  FLU+R6        18881.190    285 38332.379    201352.379   39289.006
430  FLU+F         20701.446    294 41990.892    215450.892   42977.729
431  FLU+F+I       20527.259    295 41644.519    216284.519   42634.712
432  FLU+F+G4      19203.446    295 38996.892    213636.892   39987.085
433  FLU+F+I+G4    19196.657    296 38985.315    214809.315   39978.864
434  FLU+F+R2      19444.603    296 39481.206    215305.206   40474.756
435  FLU+F+R3      19252.896    298 39101.793    217305.793   40102.056
436  FLU+F+R4      19190.557    300 38981.115    219581.115   39988.091
437  FLU+F+R5      19160.400    302 38924.801    221936.801   39938.490
438  FLU+F+R6      19160.236    304 38928.473    224368.473   39948.875
443  Blosum62      19958.313    275 40466.627    192266.627   41389.688
444  Blosum62+I    19797.401    276 40146.801    193050.801   41073.219
445  Blosum62+G4   18877.911    276 38307.822    191211.822   39234.240
446  Blosum62+I+G4 18866.779    277 38287.558    192299.558   39217.332
447  Blosum62+R2   19064.524    277 38683.048    192695.048   39612.822
448  Blosum62+R3   18928.616    279 38415.233    194655.233   39351.721
449  Blosum62+R4   18858.025    281 38278.049    196762.049   39221.250
450  Blosum62+R5   18852.145    283 38270.291    199014.291   39220.205
451  Blosum62+R6   18852.095    285 38274.189    201294.189   39230.817
456  Blosum62+F    20123.349    294 40834.699    214294.699   41821.535
457  Blosum62+F+I  19961.835    295 40513.670    215153.670   41503.863
458  Blosum62+F+G4 19048.713    295 38687.426    213327.426   39677.619
459  Blosum62+F+I+G4 19036.416    296 38664.832    214488.832   39658.381
460  Blosum62+F+R2 19216.561    296 39025.121    214849.121   40018.671
461  Blosum62+F+R3 19095.750    298 38787.499    216991.499   39787.762
462  Blosum62+F+R4 19024.180    300 38648.361    219248.361   39655.337
463  Blosum62+F+R5 19019.145    302 38642.289    221654.289   39655.979
469  mtMet         21094.121    275 42738.242    194538.242   43661.303
470  mtMet+I       20947.011    276 42446.022    195350.022   43372.439
471  mtMet+G4      19513.200    276 39578.399    192482.399   40504.817
472  mtMet+I+G4    19504.089    277 39562.178    193574.178   40491.952
473  mtMet+R2      19883.837    277 40321.673    194333.673   41251.448
474  mtMet+R3      19564.049    279 39686.098    195926.098   40622.585
475  mtMet+R4      19512.832    281 39587.664    198071.664   40530.865
476  mtMet+R5      19489.625    283 39545.250    200289.250   40495.164
477  mtMet+R6      19489.625    285 39549.249    202569.249   40505.876
482  mtMet+F       20272.976    294 41133.953    214593.953   42120.789
483  mtMet+F+I     20104.860    295 40799.720    215439.720   41789.913
484  mtMet+F+G4    18979.658    295 38549.315    213189.315   39539.508
485  mtMet+F+I+G4  18975.368    296 38542.736    214366.736   39536.285
486  mtMet+F+R2    19215.953    296 39023.906    214847.906   40017.456
487  mtMet+F+R3    19032.222    298 38660.444    216864.444   39660.707
488  mtMet+F+R4    18963.266    300 38526.533    219126.533   39533.509
489  mtMet+F+R5    18940.017    302 38484.035    221496.035   39497.724
490  mtMet+F+R6    18938.457    304 38484.914    223924.914   39505.317
495  mtVer         21658.457    275 43866.914    195666.914   44789.975
496  mtVer+I       21510.797    276 43573.594    196477.594   44500.012
497  mtVer+G4      19889.862    276 40331.724    193235.724   41258.141
498  mtVer+I+G4    19882.782    277 40319.564    194331.564   41249.338
499  mtVer+R2      20297.566    277 41149.131    195161.131   42078.906
500  mtVer+R3      19972.742    279 40503.484    196743.484   41439.972
501  mtVer+R4      19888.807    281 40339.613    198823.613   41282.814
502  mtVer+R5      19872.169    283 40310.339    201054.339   41260.253
503  mtVer+R6      19871.185    285 40312.369    203332.369   41268.996
508  mtVer+F       20730.389    294 42048.777    215508.777   43035.613
509  mtVer+F+I     20549.115    295 41688.231    216328.231   42678.424
510  mtVer+F+G4    19313.501    295 39217.002    213857.002   40207.195
511  mtVer+F+I+G4  19308.822    296 39209.644    215033.644   40203.193
512  mtVer+F+R2    19568.184    296 39728.367    215552.367   40721.917
513  mtVer+F+R3    19373.944    298 39343.889    217547.889   40344.152
514  mtVer+F+R4    19296.444    300 39192.887    219792.887   40199.863
515  mtVer+F+R5    19278.911    302 39161.822    222173.822   40175.511
516  mtVer+F+R6    19277.284    304 39162.568    224602.568   40182.970
521  mtInv         20887.843    275 42325.685    194125.685   43248.746
522  mtInv+I       20732.166    276 42016.332    194920.332   42942.750
523  mtInv+G4      19454.844    276 39461.688    192365.688   40388.106
524  mtInv+I+G4    19448.141    277 39450.282    193462.282   40380.056
525  mtInv+R2      19793.932    277 40141.864    194153.864   41071.638
526  mtInv+R3      19504.314    279 39566.628    195806.628   40503.116
527  mtInv+R4      19451.968    281 39465.936    197949.936   40409.137
528  mtInv+R5      19429.493    283 39424.986    200168.986   40374.900
529  mtInv+R6      19429.297    285 39428.594    202448.594   40385.221
534  mtInv+F       19995.257    294 40578.513    214038.513   41565.350
535  mtInv+F+I     19820.327    295 40230.653    214870.653   41220.846
536  mtInv+F+G4    18809.625    295 38209.251    212849.251   39199.444
537  mtInv+F+I+G4  18803.263    296 38198.526    214022.526   39192.075
538  mtInv+F+R2    19020.353    296 38632.707    214456.707   39626.256
539  mtInv+F+R3    18854.222    298 38304.444    216508.444   39304.706
540  mtInv+F+R4    18792.090    300 38184.179    218784.179   39191.155
541  mtInv+F+R5    18769.423    302 38142.846    221154.846   39156.535
542  mtInv+F+R6    18769.305    304 38146.610    223586.610   39167.012
Akaike Information Criterion:           LG+R5
Corrected Akaike Information Criterion: LG+G4
Bayesian Information Criterion:         LG+R5
Best-fit model: LG+R5 chosen according to BIC

All model information printed to /mnt/ivy/thliao/project/AOB/analysis/20210713_repeat/add_Chromatiaces/phy_files/P39_prot/withEuk/NP_043208.1.model.gz
CPU time for ModelFinder: 1975.265 seconds (0h:32m:55s)
Wall-clock time for ModelFinder: 990.651 seconds (0h:16m:30s)
Generating 1000 samples for ultrafast bootstrap (seed: 78033)...

NOTE: 24 MB RAM (0 GB) is required!
Estimate model parameters (epsilon = 0.100)
1. Initial log-likelihood: -18484.783
2. Current log-likelihood: -18472.667
3. Current log-likelihood: -18471.726
4. Current log-likelihood: -18471.390
5. Current log-likelihood: -18471.075
6. Current log-likelihood: -18470.766
7. Current log-likelihood: -18470.449
8. Current log-likelihood: -18470.104
9. Current log-likelihood: -18469.711
10. Current log-likelihood: -18469.251
11. Current log-likelihood: -18468.715
12. Current log-likelihood: -18468.082
13. Current log-likelihood: -18467.294
14. Current log-likelihood: -18466.323
15. Current log-likelihood: -18465.547
16. Current log-likelihood: -18465.241
17. Current log-likelihood: -18465.100
18. Current log-likelihood: -18464.977
19. Current log-likelihood: -18464.859
20. Current log-likelihood: -18464.750
21. Current log-likelihood: -18464.650
Optimal log-likelihood: -18464.501
Site proportion and rates:  (0.200,0.090) (0.241,0.384) (0.261,0.976) (0.202,1.807) (0.096,2.813)
Parameters optimization took 21 rounds (23.669 sec)
Computing ML distances based on estimated model parameters... 10.633 sec
Computing BIONJ tree...
0.023 seconds
Log-likelihood of BIONJ tree: -18420.807
--------------------------------------------------------------------
|             INITIALIZING CANDIDATE TREE SET                      |
--------------------------------------------------------------------
Generating 98 parsimony trees... 7.197 second
Computing log-likelihood of 98 initial trees ... 18.396 seconds
Current best score: -18388.686

Do NNI search on 20 best initial trees
Estimate model parameters (epsilon = 0.100)
BETTER TREE FOUND at iteration 1: -18302.907
Iteration 10 / LogL: -18343.698 / Time: 0h:1m:22s
Iteration 20 / LogL: -18335.074 / Time: 0h:1m:49s
Finish initializing candidate tree set (20)
Current best tree score: -18302.907 / CPU time: 81.046
Number of iterations: 20
--------------------------------------------------------------------
|               OPTIMIZING CANDIDATE TREE SET                      |
--------------------------------------------------------------------
Estimate model parameters (epsilon = 0.100)
BETTER TREE FOUND at iteration 21: -18296.767
Estimate model parameters (epsilon = 0.100)
BETTER TREE FOUND at iteration 24: -18295.365
Estimate model parameters (epsilon = 0.100)
BETTER TREE FOUND at iteration 26: -18293.704
Estimate model parameters (epsilon = 0.100)
BETTER TREE FOUND at iteration 30: -18288.217
Iteration 30 / LogL: -18288.217 / Time: 0h:2m:24s (0h:8m:18s left)
Estimate model parameters (epsilon = 0.100)
BETTER TREE FOUND at iteration 38: -18286.044
Iteration 40 / LogL: -18287.832 / Time: 0h:2m:49s (0h:7m:7s left)
Estimate model parameters (epsilon = 0.100)
BETTER TREE FOUND at iteration 46: -18283.847
Iteration 50 / LogL: -18298.552 / Time: 0h:3m:16s (0h:6m:25s left)
Log-likelihood cutoff on original alignment: -18384.974
UFBoot trees printed to /mnt/ivy/thliao/project/AOB/analysis/20210713_repeat/add_Chromatiaces/phy_files/P39_prot/withEuk/NP_043208.1.ufboot
Estimate model parameters (epsilon = 0.100)
BETTER TREE FOUND at iteration 51: -18283.188
Iteration 60 / LogL: -18289.821 / Time: 0h:3m:45s (0h:5m:47s left)
Estimate model parameters (epsilon = 0.100)
BETTER TREE FOUND at iteration 63: -18281.942
Estimate model parameters (epsilon = 0.100)
BETTER TREE FOUND at iteration 67: -18279.800
Iteration 70 / LogL: -18285.791 / Time: 0h:4m:13s (0h:5m:55s left)
Iteration 80 / LogL: -18312.215 / Time: 0h:4m:38s (0h:5m:6s left)
Estimate model parameters (epsilon = 0.100)
BETTER TREE FOUND at iteration 82: -18274.819
Iteration 90 / LogL: -18280.197 / Time: 0h:5m:7s (0h:5m:17s left)
Iteration 100 / LogL: -18300.154 / Time: 0h:5m:33s (0h:4m:36s left)
Log-likelihood cutoff on original alignment: -18382.577
NOTE: Bootstrap correlation coefficient of split occurrence frequencies: 0.965
NOTE: UFBoot does not converge, continue at least 100 more iterations
UFBoot trees printed to /mnt/ivy/thliao/project/AOB/analysis/20210713_repeat/add_Chromatiaces/phy_files/P39_prot/withEuk/NP_043208.1.ufboot
Iteration 110 / LogL: -18277.132 / Time: 0h:6m:0s (0h:4m:57s left)
Estimate model parameters (epsilon = 0.100)
BETTER TREE FOUND at iteration 119: -18273.810
Iteration 120 / LogL: -18284.329 / Time: 0h:6m:27s (0h:5m:22s left)
Iteration 130 / LogL: -18286.466 / Time: 0h:6m:52s (0h:4m:44s left)
Iteration 140 / LogL: -18283.719 / Time: 0h:7m:19s (0h:4m:9s left)
Iteration 150 / LogL: -18279.648 / Time: 0h:7m:43s (0h:3m:34s left)
Log-likelihood cutoff on original alignment: -18382.577
UFBoot trees printed to /mnt/ivy/thliao/project/AOB/analysis/20210713_repeat/add_Chromatiaces/phy_files/P39_prot/withEuk/NP_043208.1.ufboot
Iteration 160 / LogL: -18278.470 / Time: 0h:8m:12s (0h:3m:2s left)
Iteration 170 / LogL: -18275.061 / Time: 0h:8m:36s (0h:2m:29s left)
Iteration 180 / LogL: -18284.389 / Time: 0h:9m:3s (0h:1m:58s left)
Iteration 190 / LogL: -18274.040 / Time: 0h:9m:26s (0h:1m:26s left)
UPDATE BEST LOG-LIKELIHOOD: -18273.807
Iteration 200 / LogL: -18274.235 / Time: 0h:9m:51s (0h:0m:56s left)
Log-likelihood cutoff on original alignment: -18382.577
NOTE: Bootstrap correlation coefficient of split occurrence frequencies: 0.996
UFBoot trees printed to /mnt/ivy/thliao/project/AOB/analysis/20210713_repeat/add_Chromatiaces/phy_files/P39_prot/withEuk/NP_043208.1.ufboot
Iteration 210 / LogL: -18275.576 / Time: 0h:10m:19s (0h:4m:26s left)
Iteration 220 / LogL: -18278.088 / Time: 0h:10m:43s (0h:3m:54s left)
TREE SEARCH COMPLETED AFTER 220 ITERATIONS / Time: 0h:10m:43s

--------------------------------------------------------------------
|                    FINALIZING TREE SEARCH                        |
--------------------------------------------------------------------
Performs final model parameters optimization
Estimate model parameters (epsilon = 0.010)
1. Initial log-likelihood: -18273.807
2. Current log-likelihood: -18273.793
3. Current log-likelihood: -18273.779
4. Current log-likelihood: -18273.765
5. Current log-likelihood: -18273.753
6. Current log-likelihood: -18273.741
7. Current log-likelihood: -18273.729
8. Current log-likelihood: -18273.719
Optimal log-likelihood: -18273.703
Site proportion and rates:  (0.195,0.077) (0.240,0.380) (0.274,0.982) (0.195,1.817) (0.096,2.816)
Parameters optimization took 8 rounds (7.862 sec)
BEST SCORE FOUND : -18273.703
Creating bootstrap support values...
Split supports printed to NEXUS file /mnt/ivy/thliao/project/AOB/analysis/20210713_repeat/add_Chromatiaces/phy_files/P39_prot/withEuk/NP_043208.1.splits.nex
Total tree length: 35.915

Total number of iterations: 220
CPU time used for tree search: 1198.882 sec (0h:19m:58s)
Wall-clock time used for tree search: 613.656 sec (0h:10m:13s)
Total CPU time used: 1274.992 sec (0h:21m:14s)
Total wall-clock time used: 652.146 sec (0h:10m:52s)
UFBoot trees printed to /mnt/ivy/thliao/project/AOB/analysis/20210713_repeat/add_Chromatiaces/phy_files/P39_prot/withEuk/NP_043208.1.ufboot

Computing bootstrap consensus tree...
Reading input file /mnt/ivy/thliao/project/AOB/analysis/20210713_repeat/add_Chromatiaces/phy_files/P39_prot/withEuk/NP_043208.1.splits.nex...
139 taxa and 1081 splits.
Consensus tree written to /mnt/ivy/thliao/project/AOB/analysis/20210713_repeat/add_Chromatiaces/phy_files/P39_prot/withEuk/NP_043208.1.contree
Reading input trees file /mnt/ivy/thliao/project/AOB/analysis/20210713_repeat/add_Chromatiaces/phy_files/P39_prot/withEuk/NP_043208.1.contree
Log-likelihood of consensus tree: -18273.909

Analysis results written to: 
  IQ-TREE report:                /mnt/ivy/thliao/project/AOB/analysis/20210713_repeat/add_Chromatiaces/phy_files/P39_prot/withEuk/NP_043208.1.iqtree
  Maximum-likelihood tree:       /mnt/ivy/thliao/project/AOB/analysis/20210713_repeat/add_Chromatiaces/phy_files/P39_prot/withEuk/NP_043208.1.treefile
  Likelihood distances:          /mnt/ivy/thliao/project/AOB/analysis/20210713_repeat/add_Chromatiaces/phy_files/P39_prot/withEuk/NP_043208.1.mldist

Ultrafast bootstrap approximation results written to:
  Split support values:          /mnt/ivy/thliao/project/AOB/analysis/20210713_repeat/add_Chromatiaces/phy_files/P39_prot/withEuk/NP_043208.1.splits.nex
  Consensus tree:                /mnt/ivy/thliao/project/AOB/analysis/20210713_repeat/add_Chromatiaces/phy_files/P39_prot/withEuk/NP_043208.1.contree
  UFBoot trees:                  /mnt/ivy/thliao/project/AOB/analysis/20210713_repeat/add_Chromatiaces/phy_files/P39_prot/withEuk/NP_043208.1.ufboot
  Screen log file:               /mnt/ivy/thliao/project/AOB/analysis/20210713_repeat/add_Chromatiaces/phy_files/P39_prot/withEuk/NP_043208.1.log

Date and Time: Mon Dec 12 10:03:33 2022
