IQ-TREE multicore version 1.6.12 for Linux 64-bit built Aug 15 2019
Developed by Bui Quang Minh, Nguyen Lam Tung, Olga Chernomor,
Heiko Schmidt, Dominik Schrempf, Michael Woodhams.

Host:    cl001 (AVX2, FMA3, 125 GB RAM)
Command: iqtree -nt 2 -redo -wbtl -bb 1000 -pre /mnt/ivy/thliao/project/AOB/analysis/20210713_repeat/add_Chromatiaces/phy_files/P39_prot/withEuk/NP_043148.1 -s /mnt/ivy/thliao/project/AOB/analysis/20210713_repeat/add_Chromatiaces/phy_files/P39_prot/withEuk/NP_043148.1.aln
Seed:    628525 (Using SPRNG - Scalable Parallel Random Number Generator)
Time:    Fri Dec  9 13:50:52 2022
Kernel:  AVX+FMA - 2 threads (40 CPU cores detected)

Reading alignment file /mnt/ivy/thliao/project/AOB/analysis/20210713_repeat/add_Chromatiaces/phy_files/P39_prot/withEuk/NP_043148.1.aln ... Fasta format detected
Alignment most likely contains protein sequences
Alignment has 112 sequences with 103 columns, 101 distinct patterns
87 parsimony-informative, 7 singleton sites, 9 constant sites
                            Gap/Ambiguity  Composition  p-value
   1  Arabidopsis_thaliana          2.91%    passed     70.86%
   2  Chondrus_crispus              2.91%    passed     74.31%
   3  Cyanidioschyzon_merolae       2.91%    passed     72.21%
   4  Cyanophora_paradoxa           2.91%    passed     95.60%
   5  Cyanoptyche_gloeocystis       2.91%    passed     87.36%
   6  Galdieria_sulphuraria         2.91%    passed     78.16%
   7  Gloeochaete_wittrockiana      2.91%    passed     81.76%
   8  Klebsormidium_nitens          2.91%    passed     83.13%
   9  Mesotaenium_endlicherianum    2.91%    passed     64.87%
  10  NC_000926.1                   2.91%    passed     65.09%
  11  NC_002186.1                   2.91%    passed     94.43%
  12  NC_005353.1                   2.91%    passed     86.43%
  13  NC_007288.1                   2.91%    passed     95.56%
  14  NC_008588.1                   2.91%    passed     91.37%
  15  NC_008589.1                   2.91%    passed     93.31%
  16  NC_010654.1                   3.88%    passed     83.29%
  17  NC_012898.1                   2.91%    passed     81.57%
  18  NC_016703.2                   2.91%    passed     90.97%
  19  NC_016732.1                   2.91%    passed     84.99%
  20  NC_020371.1                   2.91%    passed     81.22%
  21  NC_049168.1                   2.91%    passed     99.44%
  22  Oltmannsiellopsis_viridis     2.91%    passed     81.58%
  23  Oryza_sativa                  0.00%    passed     94.31%
  24  Ostreococcus_tauri            2.91%    passed     99.98%
  25  Palmophyllum_crassum          2.91%    failed      4.49%
  26  Pedinomonas_tuberculata       2.91%    passed     69.96%
  27  Penium_margaritaceum          2.91%    passed     98.57%
  28  Physcomitrium_patens          2.91%    passed     89.40%
  29  Picocystis_salinarum          2.91%    passed     45.23%
  30  Porphyra_umbilicalis          2.91%    passed     98.79%
  31  Porphyridium_purpureum        2.91%    passed     99.76%
  32  Prasinoderma_coloniale        2.91%    passed     50.16%
  33  Tetradesmus_obliquus          2.91%    passed     77.56%
  34  Tupiella_akineta              2.91%    passed     70.82%
  35  GCA_000473895.1               2.91%    passed     99.40%
  36  GCA_000024725.1               1.94%    passed     99.48%
  37  GCA_013697045.1               1.94%    passed     94.96%
  38  GCA_900107585.1               1.94%    passed     99.59%
  39  GCA_014859375.1               1.94%    passed     89.50%
  40  GCA_015272465.1               2.91%    passed    100.00%
  41  GCA_002356115.1               1.94%    passed     95.79%
  42  GCA_009833095.1               1.94%    failed      4.81%
  43  GCA_013140465.1               1.94%    passed     94.74%
  44  GCA_001747005.1               7.77%    passed     84.21%
  45  GCA_014635705.1               1.94%    passed     88.95%
  46  GCA_000469665.2               1.94%    passed     64.45%
  47  GCA_000952155.1               2.91%    passed     98.15%
  48  GCA_000317495.1               2.91%    passed     80.85%
  49  GCA_000317515.1               2.91%    passed     99.75%
  50  GCA_007197755.1               1.94%    passed     74.10%
  51  GCA_001187785.1               1.94%    passed     41.30%
  52  GCA_003719295.1               1.94%    passed     28.56%
  53  GCA_000314005.1               7.77%    passed     81.00%
  54  GCA_004168365.1               1.94%    passed     91.56%
  55  GCA_003015105.1               2.91%    passed     99.19%
  56  GCA_902810445.1               1.94%    passed     57.43%
  57  GCA_001697225.1               1.94%    passed     40.96%
  58  GCA_002868715.1               1.94%    passed     31.11%
  59  GCA_002218085.1               2.91%    passed     97.87%
  60  GCA_003015145.1               1.94%    passed     51.57%
  61  GCA_008189685.1               1.94%    passed     49.55%
  62  GCA_004684205.1               1.94%    passed     71.26%
  63  GCA_001644685.1               1.94%    passed     99.85%
  64  GCA_013141375.1               1.94%    passed     97.53%
  65  GCA_000760695.4               2.91%    passed     99.97%
  66  GCA_001772005.1               1.94%    passed     92.30%
  67  GCA_000332035.1               2.91%    passed     98.81%
  68  GCA_016788925.1               1.94%    passed     77.69%
  69  GCA_000740735.1               1.94%    passed     91.84%
  70  GCA_000934545.1               1.94%    passed     84.83%
  71  GCA_001458695.1               1.94%    passed     99.60%
  72  GCA_900119825.1               1.94%    passed     40.63%
  73  GCA_006496635.1               1.94%    passed     69.65%
  74  GCA_000011385.1              33.98%    passed     56.77%
  75  GCA_000263335.1               1.94%    passed     87.46%
  76  GCA_007992375.1               1.94%    passed     96.44%
  77  GCA_001890765.1               7.77%    passed     99.08%
  78  GCA_003149345.1              33.98%    passed     44.09%
  79  GCA_004421105.1               1.94%    passed     98.28%
  80  GCA_003851125.1               1.94%    passed     94.56%
  81  GCA_010027455.1               1.94%    passed     37.78%
  82  GCA_003003885.1               2.91%    passed     90.19%
  83  GCA_000214665.1               1.94%    passed     99.93%
  84  GCA_002072955.1               1.94%    passed     99.78%
  85  GCA_016873455.1               1.94%    passed     87.20%
  86  GCA_001870225.1               2.91%    passed     74.17%
  87  GCA_000948975.1               1.94%    passed     98.98%
  88  GCA_001566965.1               1.94%    passed     99.81%
  89  GCA_000264455.2               1.94%    passed     86.37%
  90  GCA_000317535.1               2.91%    passed     99.97%
  91  GCA_006385135.1               1.94%    passed     93.71%
  92  GCA_001267195.1               1.94%    passed     89.75%
  93  GCA_002355455.1               7.77%    passed     91.67%
  94  GCA_002162035.1               1.94%    passed     96.16%
  95  GCA_001881495.1               1.94%    passed     99.63%
  96  GCA_000317575.1               7.77%    passed     93.76%
  97  GCA_000380225.1               7.77%    passed     98.50%
  98  GCA_016592635.1               1.94%    passed     99.52%
  99  GCA_902459485.1               1.94%    passed     50.64%
 100  GCA_001904725.1               2.91%    passed     97.51%
 101  GCA_000013225.1               6.80%    passed     99.75%
 102  GCA_900110495.1               1.94%    passed     79.76%
 103  GCA_000346485.2               2.91%    passed     99.70%
 104  GCA_013521015.1               1.94%    passed     98.30%
 105  GCA_002924445.1               1.94%    passed     98.92%
 106  GCA_000332275.1               6.80%    passed     80.35%
 107  GCA_002007425.1               1.94%    passed     93.85%
 108  GCA_000828615.1               1.94%    passed     93.07%
 109  GCA_000228725.3               1.94%    passed     85.69%
 110  GCA_000379525.1               1.94%    passed     77.40%
 111  GCA_001007875.1               1.94%    passed     97.30%
 112  GCA_001469165.1               1.94%    passed     40.38%
****  TOTAL                         3.31%  2 sequences failed composition chi2 test (p-value<5%; df=19)


Create initial parsimony tree by phylogenetic likelihood library (PLL)... 0.032 seconds
NOTE: ModelFinder requires 21 MB RAM!
ModelFinder will test 546 protein models (sample size: 103) ...
 No. Model         -LnL         df  AIC          AICc         BIC
  1  Dayhoff       12077.597    221 24597.194    122721.194   25179.469
  2  Dayhoff+I     11904.618    222 24253.237    123265.237   24838.146
  3  Dayhoff+G4    11335.585    222 23115.171    122127.171   23700.081
  4  Dayhoff+I+G4  11323.618    223 23093.235    122997.235   23680.780
  5  Dayhoff+R2    11489.182    223 23424.365    123328.365   24011.909
  6  Dayhoff+R3    11360.714    225 23171.427    124871.427   23764.241
  7  Dayhoff+R4    11332.253    227 23118.507    126630.507   23716.590
  8  Dayhoff+R5    11315.149    229 23088.298    128428.298   23691.651
  9  Dayhoff+R6    11309.771    231 23081.542    130265.542   23690.164
 10  Dayhoff+R7    11309.674    233 23085.347    132129.347   23699.239
 14  Dayhoff+F     12078.683    240 24637.365    140317.365   25269.700
 15  Dayhoff+F+I   11903.124    241 24288.248    140932.248   24923.217
 16  Dayhoff+F+G4  11327.316    241 23136.631    139780.631   23771.601
 17  Dayhoff+F+I+G4 11314.911    242 23113.822    140725.822   23751.426
 18  Dayhoff+F+R2  11481.746    242 23447.491    141059.491   24085.096
 19  Dayhoff+F+R3  11350.804    244 23189.608    142749.608   23832.482
 20  Dayhoff+F+R4  11314.880    246 23121.761    144645.761   23769.904
 21  Dayhoff+F+R5  11299.985    248 23095.969    146599.969   23749.382
 22  Dayhoff+F+R6  11298.116    250 23096.232    148596.232   23754.914
 27  mtMAM         13641.889    221 27725.779    125849.779   28308.054
 28  mtMAM+I       13437.287    222 27318.573    126330.573   27903.483
 29  mtMAM+G4      12355.788    222 25155.576    124167.576   25740.486
 30  mtMAM+I+G4    12337.771    223 25121.541    125025.541   25709.086
 31  mtMAM+R2      12599.173    223 25644.346    125548.346   26231.891
 32  mtMAM+R3      12403.874    225 25257.748    126957.748   25850.562
 33  mtMAM+R4      12369.252    227 25192.504    128704.504   25790.587
 34  mtMAM+R5      12351.051    229 25160.103    130500.103   25763.456
 35  mtMAM+R6      12351.056    231 25164.112    132348.112   25772.735
 40  mtMAM+F       12803.458    240 26086.916    141766.916   26719.251
 41  mtMAM+F+I     12612.487    241 25706.974    142350.974   26341.944
 42  mtMAM+F+G4    11838.547    241 24159.093    140803.093   24794.063
 43  mtMAM+F+I+G4  11818.064    242 24120.128    141732.128   24757.732
 44  mtMAM+F+R2    12045.282    242 24574.565    142186.565   25212.169
 45  mtMAM+F+R3    11885.996    244 24259.992    143819.992   24902.866
 46  mtMAM+F+R4    11839.899    246 24171.798    145695.798   24819.942
 47  mtMAM+F+R5    11819.011    248 24134.023    147638.023   24787.435
 48  mtMAM+F+R6    11818.802    250 24137.605    149637.605   24796.287
 53  JTT           12087.808    221 24617.616    122741.616   25199.891
 54  JTT+I         11902.631    222 24249.261    123261.261   24834.171
 55  JTT+G4        11310.449    222 23064.898    122076.898   23649.808
 56  JTT+I+G4      11301.612    223 23049.223    122953.223   23636.768
 57  JTT+R2        11476.613    223 23399.225    123303.225   23986.770
 58  JTT+R3        11341.620    225 23133.241    124833.241   23726.055
 59  JTT+R4        11304.074    227 23062.148    126574.148   23660.231
 60  JTT+R5        11290.136    229 23038.273    128378.273   23641.626
 61  JTT+R6        11288.409    231 23038.819    130222.819   23647.441
 66  JTT+F         12228.830    240 24937.661    140617.661   25569.996
 67  JTT+F+I       12036.586    241 24555.171    141199.171   25190.141
 68  JTT+F+G4      11396.935    241 23275.870    139919.870   23910.840
 69  JTT+F+I+G4    11386.946    242 23257.893    140869.893   23895.497
 70  JTT+F+R2      11569.154    242 23622.308    141234.308   24259.913
 71  JTT+F+R3      11428.371    244 23344.741    142904.741   23987.615
 72  JTT+F+R4      11376.651    246 23245.301    144769.301   23893.444
 73  JTT+F+R5      11368.684    248 23233.368    146737.368   23886.781
 74  JTT+F+R6      11368.666    250 23237.332    148737.332   23896.015
 79  WAG           11838.228    221 24118.456    122242.456   24700.732
 80  WAG+I         11676.441    222 23796.882    122808.882   24381.792
 81  WAG+G4        11175.865    222 22795.730    121807.730   23380.640
 82  WAG+I+G4      11167.376    223 22780.753    122684.753   23368.297
 83  WAG+R2        11320.133    223 23086.267    122990.267   23673.811
 84  WAG+R3        11191.028    225 22832.056    124532.056   23424.870
 85  WAG+R4        11160.347    227 22774.694    126286.694   23372.778
 86  WAG+R5        11149.246    229 22756.492    128096.492   23359.845
 87  WAG+R6        11149.237    231 22760.475    129944.475   23369.097
 92  WAG+F         11995.269    240 24470.539    140150.539   25102.874
 93  WAG+F+I       11830.457    241 24142.914    140786.914   24777.884
 94  WAG+F+G4      11292.262    241 23066.523    139710.523   23701.493
 95  WAG+F+I+G4    11287.159    242 23058.317    140670.317   23695.922
 96  WAG+F+R2      11444.049    242 23372.097    140984.097   24009.702
 97  WAG+F+R3      11310.526    244 23109.053    142669.053   23751.927
 98  WAG+F+R4      11275.554    246 23043.107    144567.107   23691.250
 99  WAG+F+R5      11264.290    248 23024.580    146528.580   23677.993
100  WAG+F+R6      11264.278    250 23028.555    148528.555   23687.238
105  cpREV         11978.286    221 24398.572    122522.572   24980.847
106  cpREV+I       11827.710    222 24099.419    123111.419   24684.329
107  cpREV+G4      11300.937    222 23045.874    122057.874   23630.783
108  cpREV+I+G4    11289.884    223 23025.768    122929.768   23613.313
109  cpREV+R2      11441.741    223 23329.483    123233.483   23917.027
110  cpREV+R3      11327.125    225 23104.249    124804.249   23697.063
111  cpREV+R4      11281.467    227 23016.935    126528.935   23615.018
112  cpREV+R5      11274.563    229 23007.126    128347.126   23610.479
113  cpREV+R6      11274.544    231 23011.088    130195.088   23619.710
118  cpREV+F       12247.509    240 24975.018    140655.018   25607.353
119  cpREV+F+I     12083.377    241 24648.753    141292.753   25283.723
120  cpREV+F+G4    11465.415    241 23412.829    140056.829   24047.799
121  cpREV+F+I+G4  11461.151    242 23406.302    141018.302   24043.906
122  cpREV+F+R2    11619.506    242 23723.012    141335.012   24360.617
123  cpREV+F+R3    11496.863    244 23481.726    143041.726   24124.600
124  cpREV+F+R4    11445.250    246 23382.500    144906.500   24030.644
125  cpREV+F+R5    11427.595    248 23351.190    146855.190   24004.602
126  cpREV+F+R6    11427.582    250 23355.163    148855.163   24013.845
131  mtREV         12844.467    221 26130.934    124254.934   26713.209
132  mtREV+I       12676.001    222 25796.003    124808.003   26380.913
133  mtREV+G4      11963.814    222 24371.627    123383.627   24956.537
134  mtREV+I+G4    11942.990    223 24331.980    124235.980   24919.524
135  mtREV+R2      12128.181    223 24702.362    124606.362   25289.907
136  mtREV+R3      12002.317    225 24454.635    126154.635   25047.449
137  mtREV+R4      11961.964    227 24377.928    127889.928   24976.011
138  mtREV+R5      11939.763    229 24337.527    129677.527   24940.880
139  mtREV+R6      11939.714    231 24341.428    131525.428   24950.050
144  mtREV+F       12270.478    240 25020.956    140700.956   25653.291
145  mtREV+F+I     12115.806    241 24713.613    141357.613   25348.583
146  mtREV+F+G4    11523.989    241 23529.977    140173.977   24164.947
147  mtREV+F+I+G4  11513.397    242 23510.794    141122.794   24148.399
148  mtREV+F+R2    11703.913    242 23891.826    141503.826   24529.430
149  mtREV+F+R3    11555.554    244 23599.108    143159.108   24241.982
150  mtREV+F+R4    11521.315    246 23534.631    145058.631   24182.774
151  mtREV+F+R5    11513.374    248 23522.748    147026.748   24176.161
152  mtREV+F+R6    11513.208    250 23526.416    149026.416   24185.099
157  rtREV         12065.051    221 24572.102    122696.102   25154.377
158  rtREV+I       11864.878    222 24173.756    123185.756   24758.666
159  rtREV+G4      11294.963    222 23033.926    122045.926   23618.836
160  rtREV+I+G4    11282.974    223 23011.949    122915.949   23599.493
161  rtREV+R2      11479.591    223 23405.182    123309.182   23992.726
162  rtREV+R3      11333.302    225 23116.603    124816.603   23709.417
163  rtREV+R4      11285.798    227 23025.596    126537.596   23623.680
164  rtREV+R5      11272.575    229 23003.151    128343.151   23606.504
165  rtREV+R6      11272.381    231 23006.762    130190.762   23615.385
170  rtREV+F       12131.841    240 24743.683    140423.683   25376.018
171  rtREV+F+I     11933.972    241 24349.944    140993.944   24984.914
172  rtREV+F+G4    11339.526    241 23161.053    139805.053   23796.022
173  rtREV+F+I+G4  11327.344    242 23138.689    140750.689   23776.293
174  rtREV+F+R2    11524.416    242 23532.831    141144.831   24170.436
175  rtREV+F+R3    11382.996    244 23253.992    142813.992   23896.866
176  rtREV+F+R4    11323.983    246 23139.965    144663.965   23788.109
177  rtREV+F+R5    11313.409    248 23122.818    146626.818   23776.231
178  rtREV+F+R6    11313.307    250 23126.614    148626.614   23785.296
183  mtART         13281.646    221 27005.291    125129.291   27587.566
184  mtART+I       13070.567    222 26585.134    125597.134   27170.044
185  mtART+G4      12092.742    222 24629.483    123641.483   25214.393
186  mtART+I+G4    12067.285    223 24580.571    124484.571   25168.115
187  mtART+R2      12277.854    223 25001.709    124905.709   25589.253
188  mtART+R3      12138.829    225 24727.658    126427.658   25320.472
189  mtART+R4      12098.097    227 24650.195    128162.195   25248.278
190  mtART+R5      12080.743    229 24619.487    129959.487   25222.839
191  mtART+R6      12080.742    231 24623.483    131807.483   25232.106
196  mtART+F       12584.043    240 25648.086    141328.086   26280.421
197  mtART+F+I     12373.965    241 25229.931    141873.931   25864.900
198  mtART+F+G4    11618.783    241 23719.566    140363.566   24354.536
199  mtART+F+I+G4  11590.896    242 23665.792    141277.792   24303.396
200  mtART+F+R2    11791.197    242 24066.394    141678.394   24703.998
201  mtART+F+R3    11650.369    244 23788.739    143348.739   24431.613
202  mtART+F+R4    11614.563    246 23721.127    145245.127   24369.270
203  mtART+F+R5    11587.709    248 23671.418    147175.418   24324.830
204  mtART+F+R6    11587.591    250 23675.181    149175.181   24333.863
209  mtZOA         12755.272    221 25952.544    124076.544   26534.819
210  mtZOA+I       12557.790    222 25559.580    124571.580   26144.490
211  mtZOA+G4      11724.650    222 23893.299    122905.299   24478.209
212  mtZOA+I+G4    11714.694    223 23875.388    123779.388   24462.933
213  mtZOA+R2      11922.206    223 24290.411    124194.411   24877.956
214  mtZOA+R3      11768.471    225 23986.943    125686.943   24579.757
215  mtZOA+R4      11746.689    227 23947.378    127459.378   24545.461
216  mtZOA+R5      11716.604    229 23891.208    129231.208   24494.561
217  mtZOA+R6      11716.424    231 23894.849    131078.849   24503.471
222  mtZOA+F       12334.409    240 25148.818    140828.818   25781.153
223  mtZOA+F+I     12140.731    241 24763.462    141407.462   25398.431
224  mtZOA+F+G4    11487.034    241 23456.068    140100.068   24091.037
225  mtZOA+F+I+G4  11468.668    242 23421.336    141033.336   24058.940
226  mtZOA+F+R2    11664.282    242 23812.564    141424.564   24450.169
227  mtZOA+F+R3    11519.298    244 23526.597    143086.597   24169.471
228  mtZOA+F+R4    11482.933    246 23457.867    144981.867   24106.010
229  mtZOA+F+R5    11460.376    248 23416.752    146920.752   24070.165
230  mtZOA+F+R6    11460.358    250 23420.715    148920.715   24079.397
235  VT            11869.456    221 24180.912    122304.912   24763.187
236  VT+I          11702.102    222 23848.204    122860.204   24433.114
237  VT+G4         11201.027    222 22846.054    121858.054   23430.964
238  VT+I+G4       11192.303    223 22830.605    122734.605   23418.150
239  VT+R2         11348.595    223 23143.190    123047.190   23730.735
240  VT+R3         11219.508    225 22889.017    124589.017   23481.831
241  VT+R4         11185.717    227 22825.433    126337.433   23423.517
242  VT+R5         11174.090    229 22806.180    128146.180   23409.533
243  VT+R6         11174.081    231 22810.163    129994.163   23418.785
248  VT+F          12015.166    240 24510.333    140190.333   25142.667
249  VT+F+I        11844.168    241 24170.336    140814.336   24805.306
250  VT+F+G4       11317.216    241 23116.432    139760.432   23751.401
251  VT+F+I+G4     11308.734    242 23101.469    140713.469   23739.073
252  VT+F+R2       11469.353    242 23422.706    141034.706   24060.310
253  VT+F+R3       11332.269    244 23152.539    142712.539   23795.413
254  VT+F+R4       11296.065    246 23084.129    144608.129   23732.272
255  VT+F+R5       11287.210    248 23070.421    146574.421   23723.834
256  VT+F+R6       11287.196    250 23074.391    148574.391   23733.074
261  LG            11910.061    221 24262.122    122386.122   24844.397
262  LG+I          11728.091    222 23900.182    122912.182   24485.092
263  LG+G4         11155.353    222 22754.706    121766.706   23339.616
264  LG+I+G4       11145.783    223 22737.565    122641.565   23325.110
265  LG+R2         11325.725    223 23097.449    123001.449   23684.994
266  LG+R3         11192.923    225 22835.846    124535.846   23428.660
267  LG+R4         11143.728    227 22741.456    126253.456   23339.539
268  LG+R5         11134.339    229 22726.677    128066.677   23330.030
269  LG+R6         11134.321    231 22730.642    129914.642   23339.264
274  LG+F          12096.523    240 24673.046    140353.046   25305.381
275  LG+F+I        11910.941    241 24303.882    140947.882   24938.851
276  LG+F+G4       11303.097    241 23088.194    139732.194   23723.163
277  LG+F+I+G4     11292.705    242 23069.410    140681.410   23707.014
278  LG+F+R2       11476.130    242 23436.260    141048.260   24073.864
279  LG+F+R3       11340.474    244 23168.949    142728.949   23811.822
280  LG+F+R4       11285.276    246 23062.552    144586.552   23710.696
281  LG+F+R5       11276.006    248 23048.011    146552.011   23701.424
282  LG+F+R6       11275.934    250 23051.868    148551.868   23710.550
287  DCMut         12076.351    221 24594.701    122718.701   25176.976
288  DCMut+I       11903.497    222 24250.994    123262.994   24835.904
289  DCMut+G4      11335.328    222 23114.656    122126.656   23699.566
290  DCMut+I+G4    11323.381    223 23092.761    122996.761   23680.306
291  DCMut+R2      11488.709    223 23423.419    123327.419   24010.963
292  DCMut+R3      11359.829    225 23169.659    124869.659   23762.473
293  DCMut+R4      11325.993    227 23105.985    126617.985   23704.069
294  DCMut+R5      11310.645    229 23079.289    128419.289   23682.642
295  DCMut+R6      11310.548    231 23083.097    130267.097   23691.719
300  DCMut+F       12077.275    240 24634.551    140314.551   25266.886
301  DCMut+F+I     11901.840    241 24285.680    140929.680   24920.649
302  DCMut+F+G4    11326.743    241 23135.487    139779.487   23770.456
303  DCMut+F+I+G4  11314.374    242 23112.748    140724.748   23750.352
304  DCMut+F+R2    11480.949    242 23445.899    141057.899   24083.503
305  DCMut+F+R3    11349.673    244 23187.346    142747.346   23830.220
306  DCMut+F+R4    11310.482    246 23112.964    144636.964   23761.107
307  DCMut+F+R5    11296.830    248 23089.659    146593.659   23743.072
308  DCMut+F+R6    11296.780    250 23093.561    148593.561   23752.243
313  PMB           11903.324    221 24248.648    122372.648   24830.923
314  PMB+I         11746.724    222 23937.447    122949.447   24522.357
315  PMB+G4        11262.306    222 22968.612    121980.612   23553.521
316  PMB+I+G4      11255.336    223 22956.672    122860.672   23544.216
317  PMB+R2        11408.070    223 23262.141    123166.141   23849.685
318  PMB+R3        11279.328    225 23008.657    124708.657   23601.471
319  PMB+R4        11245.190    227 22944.379    126456.379   23542.463
320  PMB+R5        11237.589    229 22933.178    128273.178   23536.531
321  PMB+R6        11237.587    231 22937.175    130121.175   23545.797
326  PMB+F         12047.076    240 24574.152    140254.152   25206.487
327  PMB+F+I       11886.696    241 24255.393    140899.393   24890.362
328  PMB+F+G4      11386.853    241 23255.706    139899.706   23890.676
329  PMB+F+I+G4    11377.789    242 23239.577    140851.577   23877.182
330  PMB+F+R2      11536.324    242 23556.648    141168.648   24194.252
331  PMB+F+R3      11397.928    244 23283.856    142843.856   23926.730
332  PMB+F+R4      11362.871    246 23217.742    144741.742   23865.885
333  PMB+F+R5      11356.329    248 23208.658    146712.658   23862.070
334  PMB+F+R6      11356.327    250 23212.653    148712.653   23871.335
339  HIVb          12745.960    221 25933.921    124057.921   26516.196
340  HIVb+I        12532.482    222 25508.964    124520.964   26093.874
341  HIVb+G4       11708.518    222 23861.036    122873.036   24445.946
342  HIVb+I+G4     11698.311    223 23842.621    123746.621   24430.166
343  HIVb+R2       11909.357    223 24264.715    124168.715   24852.259
344  HIVb+R3       11747.231    225 23944.461    125644.461   24537.275
345  HIVb+R4       11694.299    227 23842.598    127354.598   24440.682
346  HIVb+R5       11675.084    229 23808.167    129148.167   24411.520
347  HIVb+R6       11674.935    231 23811.870    130995.870   24420.493
352  HIVb+F        12975.633    240 26431.266    142111.266   27063.601
353  HIVb+F+I      12742.657    241 25967.314    142611.314   26602.284
354  HIVb+F+G4     11777.219    241 24036.438    140680.438   24671.408
355  HIVb+F+I+G4   11764.510    242 24013.020    141625.020   24650.625
356  HIVb+F+R2     12020.499    242 24524.999    142136.999   25162.603
357  HIVb+F+R3     11843.156    244 24174.312    143734.312   24817.186
358  HIVb+F+R4     11761.563    246 24015.126    145539.126   24663.270
359  HIVb+F+R5     11750.757    248 23997.515    147501.515   24650.928
360  HIVb+F+R6     11750.538    250 24001.077    149501.077   24659.759
365  HIVw          13290.940    221 27023.880    125147.880   27606.155
366  HIVw+I        13076.427    222 26596.854    125608.854   27181.764
367  HIVw+G4       12262.363    222 24968.726    123980.726   25553.635
368  HIVw+I+G4     12255.452    223 24956.904    124860.904   25544.448
369  HIVw+R2       12479.729    223 25405.458    125309.458   25993.002
370  HIVw+R3       12297.265    225 25044.531    126744.531   25637.345
371  HIVw+R4       12246.324    227 24946.648    128458.648   25544.731
372  HIVw+R5       12230.140    229 24918.280    130258.280   25521.633
373  HIVw+R6       12230.136    231 24922.273    132106.273   25530.895
378  HIVw+F        13346.408    240 27172.816    142852.816   27805.151
379  HIVw+F+I      13109.078    241 26700.156    143344.156   27335.126
380  HIVw+F+G4     12164.257    241 24810.514    141454.514   25445.483
381  HIVw+F+I+G4   12159.960    242 24803.921    142415.921   25441.525
382  HIVw+F+R2     12411.190    242 25306.380    142918.380   25943.984
383  HIVw+F+R3     12209.017    244 24906.033    144466.033   25548.907
384  HIVw+F+R4     12154.465    246 24800.930    146324.930   25449.073
385  HIVw+F+R5     12131.659    248 24759.318    148263.318   25412.731
386  HIVw+F+R6     12131.611    250 24763.222    150263.222   25421.904
391  JTTDCMut      12076.157    221 24594.314    122718.314   25176.590
392  JTTDCMut+I    11892.462    222 24228.924    123240.924   24813.834
393  JTTDCMut+G4   11302.489    222 23048.977    122060.977   23633.887
394  JTTDCMut+I+G4 11293.660    223 23033.320    122937.320   23620.864
395  JTTDCMut+R2   11469.654    223 23385.308    123289.308   23972.853
396  JTTDCMut+R3   11331.201    225 23112.402    124812.402   23705.216
397  JTTDCMut+R4   11288.469    227 23030.937    126542.937   23629.021
398  JTTDCMut+R5   11277.788    229 23013.576    128353.576   23616.929
399  JTTDCMut+R6   11277.786    231 23017.572    130201.572   23626.194
404  JTTDCMut+F    12217.023    240 24914.045    140594.045   25546.380
405  JTTDCMut+F+I  12026.658    241 24535.317    141179.317   25170.287
406  JTTDCMut+F+G4 11389.820    241 23261.641    139905.641   23896.611
407  JTTDCMut+F+I+G4 11379.857    242 23243.714    140855.714   23881.319
408  JTTDCMut+F+R2 11561.268    242 23606.535    141218.535   24244.139
409  JTTDCMut+F+R3 11414.762    244 23317.523    142877.523   23960.397
410  JTTDCMut+F+R4 11367.378    246 23226.757    144750.757   23874.900
411  JTTDCMut+F+R5 11359.895    248 23215.791    146719.791   23869.204
412  JTTDCMut+F+R6 11359.869    250 23219.738    148719.738   23878.421
417  FLU           12544.088    221 25530.175    123654.175   26112.450
418  FLU+I         12353.893    222 25151.785    124163.785   25736.695
419  FLU+G4        11650.591    222 23745.181    122757.181   24330.091
420  FLU+I+G4      11644.555    223 23735.110    123639.110   24322.655
421  FLU+R2        11819.303    223 24084.605    123988.605   24672.150
422  FLU+R3        11669.838    225 23789.675    125489.675   24382.489
423  FLU+R4        11629.726    227 23713.453    127225.453   24311.536
424  FLU+R5        11618.016    229 23694.031    129034.031   24297.384
425  FLU+R6        11618.013    231 23698.026    130882.026   24306.648
430  FLU+F         12820.897    240 26121.794    141801.794   26754.129
431  FLU+F+I       12603.866    241 25689.731    142333.731   26324.701
432  FLU+F+G4      11717.482    241 23916.964    140560.964   24551.934
433  FLU+F+I+G4    11709.379    242 23902.757    141514.757   24540.362
434  FLU+F+R2      11953.650    242 24391.301    142003.301   25028.905
435  FLU+F+R3      11759.130    244 24006.260    143566.260   24649.134
436  FLU+F+R4      11703.293    246 23898.585    145422.585   24546.729
437  FLU+F+R5      11687.048    248 23870.096    147374.096   24523.509
438  FLU+F+R6      11686.477    250 23872.953    149372.953   24531.635
443  Blosum62      11882.176    221 24206.353    122330.353   24788.628
444  Blosum62+I    11720.948    222 23885.895    122897.895   24470.805
445  Blosum62+G4   11237.069    222 22918.138    121930.138   23503.048
446  Blosum62+I+G4 11227.638    223 22901.276    122805.276   23488.820
447  Blosum62+R2   11386.507    223 23219.014    123123.014   23806.559
448  Blosum62+R3   11257.527    225 22965.054    124665.054   23557.868
449  Blosum62+R4   11218.429    227 22890.858    126402.858   23488.942
450  Blosum62+R5   11213.006    229 22884.013    128224.013   23487.366
451  Blosum62+R6   11212.999    231 22887.999    130071.999   23496.621
456  Blosum62+F    12062.596    240 24605.192    140285.192   25237.527
457  Blosum62+F+I  11898.764    241 24279.529    140923.529   24914.498
458  Blosum62+F+G4 11394.157    241 23270.314    139914.314   23905.284
459  Blosum62+F+I+G4 11384.270    242 23252.540    140864.540   23890.144
460  Blosum62+F+R2 11546.637    242 23577.275    141189.275   24214.879
461  Blosum62+F+R3 11409.825    244 23307.650    142867.650   23950.524
462  Blosum62+F+R4 11370.908    246 23233.816    144757.816   23881.960
463  Blosum62+F+R5 11365.664    248 23227.328    146731.328   23880.741
464  Blosum62+F+R6 11365.661    250 23231.321    148731.321   23890.004
469  mtMet         12857.244    221 26156.488    124280.488   26738.763
470  mtMet+I       12685.058    222 25814.116    124826.116   26399.025
471  mtMet+G4      11953.197    222 24350.393    123362.393   24935.303
472  mtMet+I+G4    11952.020    223 24350.041    124254.041   24937.586
473  mtMet+R2      12147.038    223 24740.076    124644.076   25327.621
474  mtMet+R3      11996.143    225 24442.286    126142.286   25035.100
475  mtMet+R4      11958.760    227 24371.519    127883.519   24969.602
476  mtMet+R5      11947.458    229 24352.916    129692.916   24956.269
477  mtMet+R6      11946.067    231 24354.134    131538.134   24962.757
482  mtMet+F       12249.968    240 24979.936    140659.936   25612.271
483  mtMet+F+I     12072.455    241 24626.911    141270.911   25261.881
484  mtMet+F+G4    11479.807    241 23441.614    140085.614   24076.584
485  mtMet+F+I+G4  11464.841    242 23413.682    141025.682   24051.287
486  mtMet+F+R2    11655.754    242 23795.508    141407.508   24433.112
487  mtMet+F+R3    11516.711    244 23521.422    143081.422   24164.296
488  mtMet+F+R4    11473.879    246 23439.758    144963.758   24087.902
489  mtMet+F+R5    11455.368    248 23406.736    146910.736   24060.149
490  mtMet+F+R6    11455.252    250 23410.503    148910.503   24069.186
495  mtVer         13139.924    221 26721.849    124845.849   27304.124
496  mtVer+I       12945.703    222 26335.405    125347.405   26920.315
497  mtVer+G4      12099.163    222 24642.326    123654.326   25227.236
498  mtVer+I+G4    12096.470    223 24638.941    124542.941   25226.485
499  mtVer+R2      12308.431    223 25062.862    124966.862   25650.407
500  mtVer+R3      12147.966    225 24745.932    126445.932   25338.746
501  mtVer+R4      12117.954    227 24689.909    128201.909   25287.992
502  mtVer+R5      12088.570    229 24635.139    129975.139   25238.492
503  mtVer+R6      12087.930    231 24637.859    131821.859   25246.482
508  mtVer+F       12496.407    240 25472.813    141152.813   26105.148
509  mtVer+F+I     12312.950    241 25107.900    141751.900   25742.869
510  mtVer+F+G4    11687.534    241 23857.069    140501.069   24492.038
511  mtVer+F+I+G4  11673.772    242 23831.545    141443.545   24469.149
512  mtVer+F+R2    11876.850    242 24237.700    141849.700   24875.304
513  mtVer+F+R3    11730.442    244 23948.884    143508.884   24591.758
514  mtVer+F+R4    11683.732    246 23859.464    145383.464   24507.607
515  mtVer+F+R5    11670.333    248 23836.666    147340.666   24490.079
516  mtVer+F+R6    11670.261    250 23840.522    149340.522   24499.204
521  mtInv         12828.219    221 26098.437    124222.437   26680.712
522  mtInv+I       12659.423    222 25762.845    124774.845   26347.755
523  mtInv+G4      11985.979    222 24415.958    123427.958   25000.868
524  mtInv+I+G4    11979.121    223 24404.242    124308.242   24991.787
525  mtInv+R2      12165.865    223 24777.729    124681.729   25365.274
526  mtInv+R3      12027.886    225 24505.772    126205.772   25098.586
527  mtInv+R4      11983.580    227 24421.159    127933.159   25019.243
528  mtInv+R5      11976.075    229 24410.149    129750.149   25013.502
529  mtInv+R6      11976.034    231 24414.068    131598.068   25022.690
534  mtInv+F       12184.884    240 24849.768    140529.768   25482.102
535  mtInv+F+I     12002.850    241 24487.700    141131.700   25122.670
536  mtInv+F+G4    11419.029    241 23320.059    139964.059   23955.029
537  mtInv+F+I+G4  11403.624    242 23291.249    140903.249   23928.853
538  mtInv+F+R2    11590.693    242 23665.385    141277.385   24302.990
539  mtInv+F+R3    11452.669    244 23393.338    142953.338   24036.212
540  mtInv+F+R4    11414.273    246 23320.545    144844.545   23968.689
541  mtInv+F+R5    11390.218    248 23276.437    146780.437   23929.850
542  mtInv+F+R6    11390.166    250 23280.332    148780.332   23939.014
Akaike Information Criterion:           LG+R5
Corrected Akaike Information Criterion: LG+G4
Bayesian Information Criterion:         LG+I+G4
Best-fit model: LG+I+G4 chosen according to BIC

All model information printed to /mnt/ivy/thliao/project/AOB/analysis/20210713_repeat/add_Chromatiaces/phy_files/P39_prot/withEuk/NP_043148.1.model.gz
CPU time for ModelFinder: 450.902 seconds (0h:7m:30s)
Wall-clock time for ModelFinder: 226.384 seconds (0h:3m:46s)
Generating 1000 samples for ultrafast bootstrap (seed: 628525)...

NOTE: 9 MB RAM (0 GB) is required!
Estimate model parameters (epsilon = 0.100)
Thoroughly optimizing +I+G parameters from 10 start values...
Init pinv, alpha: 0.000, 1.000 / Estimate: 0.000, 0.728 / LogL: -11155.239
Init pinv, alpha: 0.010, 1.000 / Estimate: 0.071, 0.973 / LogL: -11145.785
Init pinv, alpha: 0.019, 1.000 / Estimate: 0.071, 0.974 / LogL: -11145.784
Init pinv, alpha: 0.029, 1.000 / Estimate: 0.070, 0.972 / LogL: -11145.786
Init pinv, alpha: 0.039, 1.000 / Estimate: 0.071, 0.975 / LogL: -11145.783
Init pinv, alpha: 0.049, 1.000 / Estimate: 0.071, 0.977 / LogL: -11145.782
Init pinv, alpha: 0.058, 1.000 / Estimate: 0.071, 0.978 / LogL: -11145.782
Init pinv, alpha: 0.068, 1.000 / Estimate: 0.071, 0.981 / LogL: -11145.782
Init pinv, alpha: 0.078, 1.000 / Estimate: 0.072, 0.987 / LogL: -11145.786
Init pinv, alpha: 0.087, 1.000 / Estimate: 0.072, 0.984 / LogL: -11145.784
Optimal pinv,alpha: 0.071, 0.981 / LogL: -11145.782

Parameters optimization took 1.570 sec
Computing ML distances based on estimated model parameters... 3.812 sec
Computing BIONJ tree...
0.011 seconds
Log-likelihood of BIONJ tree: -11184.815
--------------------------------------------------------------------
|             INITIALIZING CANDIDATE TREE SET                      |
--------------------------------------------------------------------
Generating 98 parsimony trees... 1.763 second
Computing log-likelihood of 98 initial trees ... 3.265 seconds
Current best score: -11110.684

Do NNI search on 20 best initial trees
Estimate model parameters (epsilon = 0.100)
BETTER TREE FOUND at iteration 1: -11074.552
Estimate model parameters (epsilon = 0.100)
BETTER TREE FOUND at iteration 2: -11064.025
Estimate model parameters (epsilon = 0.100)
BETTER TREE FOUND at iteration 7: -11060.818
Iteration 10 / LogL: -11074.268 / Time: 0h:0m:15s
Estimate model parameters (epsilon = 0.100)
BETTER TREE FOUND at iteration 15: -11059.866
Iteration 20 / LogL: -11084.230 / Time: 0h:0m:22s
Finish initializing candidate tree set (20)
Current best tree score: -11059.866 / CPU time: 19.438
Number of iterations: 20
--------------------------------------------------------------------
|               OPTIMIZING CANDIDATE TREE SET                      |
--------------------------------------------------------------------
Estimate model parameters (epsilon = 0.100)
BETTER TREE FOUND at iteration 21: -11053.471
Iteration 30 / LogL: -11060.076 / Time: 0h:0m:28s (0h:1m:29s left)
Estimate model parameters (epsilon = 0.100)
BETTER TREE FOUND at iteration 31: -11047.524
Estimate model parameters (epsilon = 0.100)
BETTER TREE FOUND at iteration 38: -11046.834
Iteration 40 / LogL: -11049.281 / Time: 0h:0m:34s (0h:1m:27s left)
Estimate model parameters (epsilon = 0.100)
BETTER TREE FOUND at iteration 41: -11045.674
BETTER TREE FOUND at iteration 42: -11045.674
Estimate model parameters (epsilon = 0.100)
BETTER TREE FOUND at iteration 45: -11044.776
Iteration 50 / LogL: -11062.313 / Time: 0h:0m:40s (0h:1m:18s left)
Log-likelihood cutoff on original alignment: -11121.818
UFBoot trees printed to /mnt/ivy/thliao/project/AOB/analysis/20210713_repeat/add_Chromatiaces/phy_files/P39_prot/withEuk/NP_043148.1.ufboot
Estimate model parameters (epsilon = 0.100)
BETTER TREE FOUND at iteration 56: -11041.792
Estimate model parameters (epsilon = 0.100)
BETTER TREE FOUND at iteration 60: -11037.692
Iteration 60 / LogL: -11037.692 / Time: 0h:0m:47s (0h:1m:20s left)
Iteration 70 / LogL: -11043.269 / Time: 0h:0m:52s (0h:1m:8s left)
Estimate model parameters (epsilon = 0.100)
BETTER TREE FOUND at iteration 71: -11035.979
Estimate model parameters (epsilon = 0.100)
BETTER TREE FOUND at iteration 78: -11035.881
Iteration 80 / LogL: -11072.027 / Time: 0h:0m:58s (0h:1m:12s left)
Estimate model parameters (epsilon = 0.100)
BETTER TREE FOUND at iteration 87: -11034.881
Iteration 90 / LogL: -11036.378 / Time: 0h:1m:5s (0h:1m:11s left)
Iteration 100 / LogL: -11047.966 / Time: 0h:1m:12s (0h:1m:3s left)
Log-likelihood cutoff on original alignment: -11121.818
NOTE: Bootstrap correlation coefficient of split occurrence frequencies: 0.978
NOTE: UFBoot does not converge, continue at least 100 more iterations
UFBoot trees printed to /mnt/ivy/thliao/project/AOB/analysis/20210713_repeat/add_Chromatiaces/phy_files/P39_prot/withEuk/NP_043148.1.ufboot
Estimate model parameters (epsilon = 0.100)
BETTER TREE FOUND at iteration 101: -11031.920
Estimate model parameters (epsilon = 0.100)
BETTER TREE FOUND at iteration 107: -11030.250
Iteration 110 / LogL: -11037.742 / Time: 0h:1m:19s (0h:1m:10s left)
Iteration 120 / LogL: -11042.864 / Time: 0h:1m:25s (0h:1m:2s left)
UPDATE BEST LOG-LIKELIHOOD: -11030.250
Iteration 130 / LogL: -11039.523 / Time: 0h:1m:30s (0h:0m:53s left)
Estimate model parameters (epsilon = 0.100)
BETTER TREE FOUND at iteration 136: -11030.235
Iteration 140 / LogL: -11030.245 / Time: 0h:1m:36s (0h:1m:6s left)
Iteration 150 / LogL: -11033.115 / Time: 0h:1m:42s (0h:0m:59s left)
Log-likelihood cutoff on original alignment: -11121.818
UFBoot trees printed to /mnt/ivy/thliao/project/AOB/analysis/20210713_repeat/add_Chromatiaces/phy_files/P39_prot/withEuk/NP_043148.1.ufboot
Iteration 160 / LogL: -11040.865 / Time: 0h:1m:49s (0h:0m:52s left)
Iteration 170 / LogL: -11033.427 / Time: 0h:1m:55s (0h:0m:45s left)
Iteration 180 / LogL: -11034.650 / Time: 0h:2m:1s (0h:0m:37s left)
Iteration 190 / LogL: -11046.494 / Time: 0h:2m:6s (0h:0m:30s left)
Iteration 200 / LogL: -11039.965 / Time: 0h:2m:12s (0h:0m:24s left)
Log-likelihood cutoff on original alignment: -11121.818
NOTE: Bootstrap correlation coefficient of split occurrence frequencies: 0.988
NOTE: UFBoot does not converge, continue at least 100 more iterations
UFBoot trees printed to /mnt/ivy/thliao/project/AOB/analysis/20210713_repeat/add_Chromatiaces/phy_files/P39_prot/withEuk/NP_043148.1.ufboot
Iteration 210 / LogL: -11050.612 / Time: 0h:2m:19s (0h:1m:0s left)
Iteration 220 / LogL: -11044.724 / Time: 0h:2m:25s (0h:0m:53s left)
Estimate model parameters (epsilon = 0.100)
BETTER TREE FOUND at iteration 225: -11029.676
Iteration 230 / LogL: -11035.038 / Time: 0h:2m:31s (0h:1m:2s left)
Estimate model parameters (epsilon = 0.100)
BETTER TREE FOUND at iteration 235: -11029.105
Iteration 240 / LogL: -11035.937 / Time: 0h:2m:37s (0h:1m:2s left)
UPDATE BEST LOG-LIKELIHOOD: -11029.105
Iteration 250 / LogL: -11061.922 / Time: 0h:2m:43s (0h:0m:55s left)
Log-likelihood cutoff on original alignment: -11121.818
UFBoot trees printed to /mnt/ivy/thliao/project/AOB/analysis/20210713_repeat/add_Chromatiaces/phy_files/P39_prot/withEuk/NP_043148.1.ufboot
BETTER TREE FOUND at iteration 260: -11029.105
Iteration 260 / LogL: -11029.105 / Time: 0h:2m:49s (0h:1m:5s left)
Iteration 270 / LogL: -11034.595 / Time: 0h:2m:55s (0h:0m:58s left)
Iteration 280 / LogL: -11033.940 / Time: 0h:3m:2s (0h:0m:52s left)
Iteration 290 / LogL: -11033.000 / Time: 0h:3m:8s (0h:0m:45s left)
Iteration 300 / LogL: -11034.566 / Time: 0h:3m:14s (0h:0m:38s left)
Log-likelihood cutoff on original alignment: -11121.818
NOTE: Bootstrap correlation coefficient of split occurrence frequencies: 0.995
UFBoot trees printed to /mnt/ivy/thliao/project/AOB/analysis/20210713_repeat/add_Chromatiaces/phy_files/P39_prot/withEuk/NP_043148.1.ufboot
Iteration 310 / LogL: -11039.272 / Time: 0h:3m:21s (0h:0m:58s left)
Iteration 320 / LogL: -11031.197 / Time: 0h:3m:28s (0h:0m:52s left)
Iteration 330 / LogL: -11030.826 / Time: 0h:3m:35s (0h:0m:45s left)
Iteration 340 / LogL: -11036.523 / Time: 0h:3m:40s (0h:0m:39s left)
Iteration 350 / LogL: -11030.781 / Time: 0h:3m:47s (0h:0m:32s left)
Log-likelihood cutoff on original alignment: -11121.818
UFBoot trees printed to /mnt/ivy/thliao/project/AOB/analysis/20210713_repeat/add_Chromatiaces/phy_files/P39_prot/withEuk/NP_043148.1.ufboot
Iteration 360 / LogL: -11029.342 / Time: 0h:3m:54s (0h:0m:26s left)
TREE SEARCH COMPLETED AFTER 361 ITERATIONS / Time: 0h:3m:55s

--------------------------------------------------------------------
|                    FINALIZING TREE SEARCH                        |
--------------------------------------------------------------------
Performs final model parameters optimization
Estimate model parameters (epsilon = 0.010)
1. Initial log-likelihood: -11029.105
Optimal log-likelihood: -11029.105
Proportion of invariable sites: 0.073
Gamma shape alpha: 0.997
Parameters optimization took 1 rounds (0.054 sec)
BEST SCORE FOUND : -11029.105
Creating bootstrap support values...
Split supports printed to NEXUS file /mnt/ivy/thliao/project/AOB/analysis/20210713_repeat/add_Chromatiaces/phy_files/P39_prot/withEuk/NP_043148.1.splits.nex
Total tree length: 35.393

Total number of iterations: 361
CPU time used for tree search: 451.824 sec (0h:7m:31s)
Wall-clock time used for tree search: 231.350 sec (0h:3m:51s)
Total CPU time used: 459.707 sec (0h:7m:39s)
Total wall-clock time used: 235.423 sec (0h:3m:55s)
UFBoot trees printed to /mnt/ivy/thliao/project/AOB/analysis/20210713_repeat/add_Chromatiaces/phy_files/P39_prot/withEuk/NP_043148.1.ufboot

Computing bootstrap consensus tree...
Reading input file /mnt/ivy/thliao/project/AOB/analysis/20210713_repeat/add_Chromatiaces/phy_files/P39_prot/withEuk/NP_043148.1.splits.nex...
112 taxa and 1394 splits.
Consensus tree written to /mnt/ivy/thliao/project/AOB/analysis/20210713_repeat/add_Chromatiaces/phy_files/P39_prot/withEuk/NP_043148.1.contree
Reading input trees file /mnt/ivy/thliao/project/AOB/analysis/20210713_repeat/add_Chromatiaces/phy_files/P39_prot/withEuk/NP_043148.1.contree
Log-likelihood of consensus tree: -11029.183

Analysis results written to: 
  IQ-TREE report:                /mnt/ivy/thliao/project/AOB/analysis/20210713_repeat/add_Chromatiaces/phy_files/P39_prot/withEuk/NP_043148.1.iqtree
  Maximum-likelihood tree:       /mnt/ivy/thliao/project/AOB/analysis/20210713_repeat/add_Chromatiaces/phy_files/P39_prot/withEuk/NP_043148.1.treefile
  Likelihood distances:          /mnt/ivy/thliao/project/AOB/analysis/20210713_repeat/add_Chromatiaces/phy_files/P39_prot/withEuk/NP_043148.1.mldist

Ultrafast bootstrap approximation results written to:
  Split support values:          /mnt/ivy/thliao/project/AOB/analysis/20210713_repeat/add_Chromatiaces/phy_files/P39_prot/withEuk/NP_043148.1.splits.nex
  Consensus tree:                /mnt/ivy/thliao/project/AOB/analysis/20210713_repeat/add_Chromatiaces/phy_files/P39_prot/withEuk/NP_043148.1.contree
  UFBoot trees:                  /mnt/ivy/thliao/project/AOB/analysis/20210713_repeat/add_Chromatiaces/phy_files/P39_prot/withEuk/NP_043148.1.ufboot
  Screen log file:               /mnt/ivy/thliao/project/AOB/analysis/20210713_repeat/add_Chromatiaces/phy_files/P39_prot/withEuk/NP_043148.1.log

Date and Time: Fri Dec  9 13:58:35 2022
