IQ-TREE multicore version 1.6.12 for Linux 64-bit built Aug 15 2019
Developed by Bui Quang Minh, Nguyen Lam Tung, Olga Chernomor,
Heiko Schmidt, Dominik Schrempf, Michael Woodhams.

Host:    cl004 (AVX2, FMA3, 125 GB RAM)
Command: iqtree -nt 2 -redo -wbtl -bb 1000 -pre /mnt/ivy/thliao/project/AOB/analysis/20210713_repeat/add_Chromatiaces/phy_files/P39_prot/withEuk/NP_043223.1 -s /mnt/ivy/thliao/project/AOB/analysis/20210713_repeat/add_Chromatiaces/phy_files/P39_prot/withEuk/NP_043223.1.aln
Seed:    358543 (Using SPRNG - Scalable Parallel Random Number Generator)
Time:    Mon Dec 12 09:37:28 2022
Kernel:  AVX+FMA - 2 threads (64 CPU cores detected)

Reading alignment file /mnt/ivy/thliao/project/AOB/analysis/20210713_repeat/add_Chromatiaces/phy_files/P39_prot/withEuk/NP_043223.1.aln ... Fasta format detected
Alignment most likely contains protein sequences
Alignment has 95 sequences with 218 columns, 210 distinct patterns
186 parsimony-informative, 5 singleton sites, 27 constant sites
                          Gap/Ambiguity  Composition  p-value
   1  Chondrus_crispus           15.60%    failed      0.15%
   2  Cyanophora_paradoxa        14.68%    failed      4.05%
   3  Cyanoptyche_gloeocystis    15.60%    failed      0.01%
   4  Galdieria_sulphuraria      16.97%    failed      0.00%
   5  Gloeochaete_wittrockiana   15.60%    failed      0.00%
   6  NC_000926.1                15.14%    failed      1.51%
   7  NC_007288.1                17.43%    passed     20.68%
   8  NC_008588.1                14.22%    failed      1.60%
   9  NC_008589.1                14.22%    failed      2.64%
  10  NC_012898.1                14.22%    passed     39.74%
  11  NC_016703.2                16.06%    passed     48.86%
  12  NC_020371.1                14.68%    passed     25.24%
  13  NC_049168.1                16.51%    passed     47.65%
  14  Porphyra_umbilicalis       14.68%    passed     16.01%
  15  Porphyridium_purpureum     16.06%    failed      0.00%
  16  GCA_000473895.1            16.06%    passed      5.97%
  17  GCA_000024725.1            18.35%    passed     82.10%
  18  GCA_013697045.1            18.81%    failed      1.42%
  19  GCA_900107585.1            14.68%    failed      0.51%
  20  GCA_014859375.1            18.81%    passed     85.81%
  21  GCA_015272465.1            14.68%    failed      1.23%
  22  GCA_002356115.1            17.89%    passed     58.98%
  23  GCA_013140465.1            18.81%    passed     74.21%
  24  GCA_001747005.1            15.60%    passed     62.90%
  25  GCA_002109495.1            17.89%    passed     85.81%
  26  GCA_001458735.1            17.89%    passed     15.90%
  27  GCA_000952155.1            15.14%    passed     98.19%
  28  GCA_000317495.1            15.14%    passed     85.17%
  29  GCA_000317515.1            16.06%    passed     74.65%
  30  GCA_007197755.1            14.68%    passed      5.05%
  31  GCA_001187785.1            18.35%    failed      3.61%
  32  GCA_000314005.1            16.06%    passed     84.80%
  33  GCA_003015105.1            15.14%    passed     34.65%
  34  GCA_902810445.1            16.97%    passed     86.87%
  35  GCA_003532895.1            12.39%    passed     20.19%
  36  GCA_002218085.1            15.60%    passed     75.02%
  37  GCA_003696005.1            17.89%    failed      0.00%
  38  GCA_003551305.1            16.06%    failed      2.18%
  39  GCA_004684205.1            17.89%    passed     25.72%
  40  GCA_001828295.1            16.51%    passed     13.37%
  41  GCA_000949635.1            16.51%    failed      0.07%
  42  GCA_001644685.1            19.27%    passed     47.58%
  43  GCA_000760695.4            15.60%    passed     93.40%
  44  GCA_001772005.1            18.35%    passed     19.70%
  45  GCA_000332035.1            15.60%    passed     73.00%
  46  GCA_000740735.1            18.35%    passed     99.42%
  47  GCA_000934545.1            17.89%    passed     53.69%
  48  GCA_001458695.1            17.89%    passed     85.96%
  49  GCA_016207025.1            17.89%    passed     11.84%
  50  GCA_900119825.1            18.35%    passed      7.14%
  51  GCA_003534995.1            14.22%    failed      3.32%
  52  GCA_000011385.1            15.14%    passed     51.16%
  53  GCA_001828545.1            16.51%    passed      7.54%
  54  GCA_005877815.1            17.89%    passed     30.08%
  55  GCA_007992375.1            18.35%    passed      7.78%
  56  GCA_001890765.1            16.51%    passed     96.24%
  57  GCA_003149345.1            15.60%    passed     61.88%
  58  GCA_001828535.1            16.51%    failed      2.08%
  59  GCA_004421105.1            18.35%    passed     94.65%
  60  GCA_002083815.1            18.81%    failed      0.01%
  61  GCA_003576955.1            18.35%    passed      5.27%
  62  GCA_003851125.1            18.35%    passed      5.81%
  63  GCA_001803795.1            16.97%    passed      6.22%
  64  GCA_003003885.1            14.68%    passed     60.51%
  65  GCA_004282745.1            16.51%    failed      0.36%
  66  GCA_002072955.1            19.27%    passed     97.88%
  67  GCA_001870225.1            15.60%    failed      0.00%
  68  GCA_000948975.1            18.81%    passed     17.60%
  69  GCA_000264455.2            14.68%    passed     11.78%
  70  GCA_000317535.1            15.60%    passed      8.50%
  71  GCA_006385135.1            11.01%    passed      6.73%
  72  GCA_000014865.1            17.89%    failed      3.03%
  73  GCA_002355455.1            16.06%    passed     64.19%
  74  GCA_002162035.1            18.35%    passed     82.90%
  75  GCA_001881495.1            18.35%    passed      6.33%
  76  GCA_000317575.1            16.06%    passed     86.77%
  77  GCA_000380225.1            15.14%    passed     95.31%
  78  GCA_003258315.1            16.97%    passed     85.81%
  79  GCA_016592635.1            19.27%    passed     79.11%
  80  GCA_902459485.1            18.35%    passed     37.82%
  81  GCA_001904725.1            15.60%    passed     83.58%
  82  GCA_000013225.1            16.51%    passed     69.89%
  83  GCA_900110495.1            18.35%    passed     77.82%
  84  GCA_000346485.2            15.60%    passed     66.52%
  85  GCA_003644325.1            17.89%    passed     30.48%
  86  GCA_013521015.1            18.35%    passed     67.82%
  87  GCA_002924445.1            14.68%    passed     43.46%
  88  GCA_005524015.1            16.51%    failed      1.11%
  89  GCA_000332275.1            16.97%    passed     72.40%
  90  GCA_002007425.1            18.81%    passed     16.95%
  91  GCA_016708925.1            18.35%    failed      4.45%
  92  GCA_000828615.1            17.89%    passed     66.38%
  93  GCA_000379525.1            17.89%    passed     36.05%
  94  GCA_001007875.1            17.89%    passed     65.13%
  95  GCA_001469165.1            17.89%    passed     36.33%
****  TOTAL                      16.67%  24 sequences failed composition chi2 test (p-value<5%; df=19)


Create initial parsimony tree by phylogenetic likelihood library (PLL)... 0.052 seconds
NOTE: ModelFinder requires 34 MB RAM!
ModelFinder will test 546 protein models (sample size: 218) ...
 No. Model         -LnL         df  AIC          AICc         BIC
  1  Dayhoff       28130.794    187 56635.589    58979.322    57268.489
  2  Dayhoff+I     28052.083    188 56480.167    58930.650    57116.452
  3  Dayhoff+G4    27399.860    188 55175.719    57626.202    55812.004
  4  Dayhoff+I+G4  27386.802    189 55151.604    57716.604    55791.273
  5  Dayhoff+R2    27512.288    189 55402.576    57967.576    56042.245
  6  Dayhoff+R3    27395.902    191 55173.804    57994.727    55820.243
  7  Dayhoff+R4    27352.729    193 55091.459    58211.626    55744.666
  8  Dayhoff+R5    27343.018    195 55076.037    58550.582    55736.013
  9  Dayhoff+R6    27340.122    197 55074.245    58974.845    55740.990
 14  Dayhoff+F     27919.511    206 56251.022    64004.113    56948.228
 15  Dayhoff+F+I   27834.769    207 56083.539    64694.739    56784.129
 16  Dayhoff+F+G4  27125.033    207 54664.067    63275.267    55364.657
 17  Dayhoff+F+I+G4 27108.628    208 54633.255    64293.700    55337.230
 18  Dayhoff+F+R2  27252.117    208 54920.234    64580.679    55624.209
 19  Dayhoff+F+R3  27140.233    210 54700.465    67360.465    55411.209
 20  Dayhoff+F+R4  27087.023    212 54598.046    72660.446    55315.559
 21  Dayhoff+F+R5  27073.962    214 54575.925    85249.258    55300.206
 22  Dayhoff+F+R6  27071.881    216 54575.761    148319.761   55306.812
 27  mtMAM         31666.752    187 63707.503    66051.237    64340.404
 28  mtMAM+I       31623.666    188 63623.331    66073.814    64259.616
 29  mtMAM+G4      29327.424    188 59030.849    61481.331    59667.134
 30  mtMAM+I+G4    29325.047    189 59028.094    61593.094    59667.764
 31  mtMAM+R2      29724.959    189 59827.918    62392.918    60467.587
 32  mtMAM+R3      29427.015    191 59236.030    62056.953    59882.469
 33  mtMAM+R4      29342.572    193 59071.143    62191.310    59724.351
 34  mtMAM+R5      29312.513    195 59015.026    62489.571    59675.002
 35  mtMAM+R6      29295.535    197 58985.071    62885.671    59651.816
 36  mtMAM+R7      29258.379    199 58914.758    63336.980    59588.272
 37  mtMAM+R8      29249.585    201 58901.170    63976.420    59581.454
 38  mtMAM+R9      29243.673    203 58893.345    64809.345    59580.398
 39  mtMAM+R10     29242.500    205 58895.001    65933.334    59588.822
 40  mtMAM+F       29456.977    206 59325.953    67079.044    60023.159
 41  mtMAM+F+I     29394.179    207 59202.358    67813.558    59902.949
 42  mtMAM+F+G4    27811.874    207 56037.748    64648.948    56738.338
 43  mtMAM+F+I+G4  27806.257    208 56028.515    65688.959    56732.490
 44  mtMAM+F+R2    28097.311    208 56610.623    66271.067    57314.598
 45  mtMAM+F+R3    27874.499    210 56168.997    68828.997    56879.741
 46  mtMAM+F+R4    27815.854    212 56055.709    74118.109    56773.222
 47  mtMAM+F+R5    27783.832    214 55995.665    86668.998    56719.947
 48  mtMAM+F+R6    27773.469    216 55978.938    149722.938   56709.989
 49  mtMAM+F+R7    27763.127    218 55962.254    151446.254   56700.074
 50  mtMAM+F+R8    27758.547    220 55957.094    153197.094   56701.683
 53  JTT           27973.666    187 56321.332    58665.066    56954.233
 54  JTT+I         27907.756    188 56191.512    58641.994    56827.797
 55  JTT+G4        27177.352    188 54730.704    57181.187    55366.989
 56  JTT+I+G4      27166.388    189 54710.776    57275.776    55350.446
 57  JTT+R2        27306.535    189 54991.071    57556.071    55630.740
 58  JTT+R3        27187.314    191 54756.628    57577.551    55403.066
 59  JTT+R4        27141.968    193 54669.937    57790.103    55323.144
 60  JTT+R5        27132.676    195 54655.353    58129.898    55315.329
 61  JTT+R6        27128.542    197 54651.084    58551.684    55317.829
 66  JTT+F         27813.491    206 56038.983    63792.073    56736.189
 67  JTT+F+I       27744.191    207 55902.382    64513.582    56602.972
 68  JTT+F+G4      26981.812    207 54377.624    62988.824    55078.215
 69  JTT+F+I+G4    26969.705    208 54355.409    64015.854    55059.384
 70  JTT+F+R2      27123.677    208 54663.353    64323.798    55367.328
 71  JTT+F+R3      26995.899    210 54411.799    67071.799    55122.543
 72  JTT+F+R4      26956.640    212 54337.281    72399.681    55054.794
 73  JTT+F+R5      26939.650    214 54307.300    84980.633    55031.582
 74  JTT+F+R6      26934.945    216 54301.890    148045.890   55032.941
 79  WAG           27646.603    187 55667.207    58010.940    56300.107
 80  WAG+I         27593.912    188 55563.823    58014.306    56200.108
 81  WAG+G4        27028.565    188 54433.130    56883.612    55069.415
 82  WAG+I+G4      27018.307    189 54414.615    56979.615    55054.284
 83  WAG+R2        27109.470    189 54596.940    57161.940    55236.609
 84  WAG+R3        27024.763    191 54431.526    57252.449    55077.964
 85  WAG+R4        26981.363    193 54348.725    57468.892    55001.933
 86  WAG+R5        26976.324    195 54342.648    57817.193    55002.625
 92  WAG+F         27565.695    206 55543.390    63296.481    56240.596
 93  WAG+F+I       27511.402    207 55436.804    64048.004    56137.394
 94  WAG+F+G4      26898.839    207 54211.679    62822.879    54912.269
 95  WAG+F+I+G4    26886.874    208 54189.747    63850.191    54893.722
 96  WAG+F+R2      26999.272    208 54414.544    64074.989    55118.519
 97  WAG+F+R3      26900.016    210 54220.032    66880.032    54930.776
 98  WAG+F+R4      26860.337    212 54144.674    72207.074    54862.187
 99  WAG+F+R5      26852.538    214 54133.077    84806.410    54857.359
100  WAG+F+R6      26851.747    216 54135.493    147879.493   54866.544
105  cpREV         27790.435    187 55954.871    58298.604    56587.771
106  cpREV+I       27737.983    188 55851.966    58302.449    56488.251
107  cpREV+G4      27125.636    188 54627.272    57077.754    55263.557
108  cpREV+I+G4    27113.579    189 54605.159    57170.159    55244.828
109  cpREV+R2      27236.932    189 54851.864    57416.864    55491.534
110  cpREV+R3      27126.989    191 54635.978    57456.901    55282.416
111  cpREV+R4      27085.447    193 54556.895    57677.061    55210.102
112  cpREV+R5      27077.095    195 54544.190    58018.736    55204.167
113  cpREV+R6      27076.604    197 54547.209    58447.809    55213.954
118  cpREV+F       27753.326    206 55918.652    63671.743    56615.858
119  cpREV+F+I     27696.181    207 55806.362    64417.562    56506.952
120  cpREV+F+G4    27069.181    207 54552.363    63163.563    55252.953
121  cpREV+F+I+G4  27053.752    208 54523.505    64183.949    55227.480
122  cpREV+F+R2    27185.327    208 54786.653    64447.098    55490.628
123  cpREV+F+R3    27072.405    210 54564.810    67224.810    55275.554
124  cpREV+F+R4    27032.449    212 54488.898    72551.298    55206.411
125  cpREV+F+R5    27023.321    214 54474.641    85147.975    55198.923
126  cpREV+F+R6    27023.057    216 54478.114    148222.114   55209.164
131  mtREV         30247.875    187 60869.751    63213.484    61502.651
132  mtREV+I       30210.437    188 60796.875    63247.358    61433.160
133  mtREV+G4      28808.927    188 57993.855    60444.338    58630.140
134  mtREV+I+G4    28805.873    189 57989.746    60554.746    58629.416
135  mtREV+R2      29050.126    189 58478.251    61043.251    59117.921
136  mtREV+R3      28862.115    191 58106.229    60927.152    58752.668
137  mtREV+R4      28799.786    193 57985.571    61105.738    58638.779
138  mtREV+R5      28786.111    195 57962.222    61436.767    58622.199
139  mtREV+R6      28782.517    197 57959.033    61859.633    58625.779
144  mtREV+F       28419.655    206 57251.311    65004.402    57948.517
145  mtREV+F+I     28366.150    207 57146.301    65757.501    57846.891
146  mtREV+F+G4    27339.076    207 55092.152    63703.352    55792.742
147  mtREV+F+I+G4  27329.205    208 55074.410    64734.855    55778.385
148  mtREV+F+R2    27536.214    208 55488.427    65148.872    56192.402
149  mtREV+F+R3    27362.912    210 55145.825    67805.825    55856.568
150  mtREV+F+R4    27334.744    212 55093.488    73155.888    55811.001
151  mtREV+F+R5    27309.281    214 55046.562    85719.895    55770.844
152  mtREV+F+R6    27305.298    216 55042.596    148786.596   55773.647
157  rtREV         28051.425    187 56476.850    58820.583    57109.750
158  rtREV+I       28005.000    188 56386.001    58836.483    57022.286
159  rtREV+G4      27278.362    188 54932.723    57383.206    55569.008
160  rtREV+I+G4    27271.374    189 54920.748    57485.748    55560.418
161  rtREV+R2      27408.841    189 55195.683    57760.683    55835.352
162  rtREV+R3      27288.384    191 54958.767    57779.690    55605.206
163  rtREV+R4      27243.777    193 54873.554    57993.721    55526.762
164  rtREV+R5      27233.745    195 54857.491    58332.036    55517.467
165  rtREV+R6      27233.310    197 54860.619    58761.219    55527.365
170  rtREV+F       27736.677    206 55885.353    63638.444    56582.559
171  rtREV+F+I     27686.480    207 55786.961    64398.161    56487.551
172  rtREV+F+G4    26911.279    207 54236.559    62847.759    54937.149
173  rtREV+F+I+G4  26902.020    208 54220.039    63880.484    54924.014
174  rtREV+F+R2    27059.309    208 54534.617    64195.062    55238.592
175  rtREV+F+R3    26921.489    210 54262.977    66922.977    54973.721
176  rtREV+F+R4    26881.572    212 54187.144    72249.544    54904.657
177  rtREV+F+R5    26871.177    214 54170.353    84843.687    54894.635
178  rtREV+F+R6    26867.923    216 54167.845    147911.845   54898.896
183  mtART         31223.441    187 62820.881    65164.615    63453.782
184  mtART+I       31179.079    188 62734.157    65184.640    63370.442
185  mtART+G4      29086.877    188 58549.754    61000.237    59186.039
186  mtART+I+G4    29085.964    189 58549.928    61114.928    59189.598
187  mtART+R2      29465.322    189 59308.643    61873.643    59948.313
188  mtART+R3      29209.730    191 58801.460    61622.383    59447.898
189  mtART+R4      29084.679    193 58555.358    61675.524    59208.565
190  mtART+R5      29062.404    195 58514.808    61989.353    59174.784
191  mtART+R6      29043.783    197 58481.566    62382.166    59148.311
192  mtART+R7      29033.585    199 58465.170    62887.393    59138.685
193  mtART+R8      29028.328    201 58458.655    63533.905    59138.939
196  mtART+F       29128.614    206 58669.227    66422.318    59366.433
197  mtART+F+I     29063.251    207 58540.502    67151.702    59241.093
198  mtART+F+G4    27541.358    207 55496.716    64107.916    56197.307
199  mtART+F+I+G4  27532.993    208 55481.986    65142.430    56185.961
200  mtART+F+R2    27855.227    208 56126.454    65786.899    56830.429
201  mtART+F+R3    27624.556    210 55669.112    68329.112    56379.856
202  mtART+F+R4    27541.399    212 55506.798    73569.198    56224.311
203  mtART+F+R5    27522.261    214 55472.523    86145.856    56196.805
204  mtART+F+R6    27508.912    216 55449.824    149193.824   56180.875
205  mtART+F+R7    27501.976    218 55439.953    150923.953   56177.773
206  mtART+F+R8    27495.821    220 55431.642    152671.642   56176.231
207  mtART+F+R9    27492.325    222 55428.651    154440.651   56180.009
209  mtZOA         30063.373    187 60500.747    62844.480    61133.648
210  mtZOA+I       30015.241    188 60406.483    62856.965    61042.768
211  mtZOA+G4      28278.567    188 56933.133    59383.616    57569.418
212  mtZOA+I+G4    28276.073    189 56930.145    59495.145    57569.815
213  mtZOA+R2      28552.460    189 57482.919    60047.919    58122.589
214  mtZOA+R3      28344.732    191 57071.464    59892.387    57717.902
215  mtZOA+R4      28271.172    193 56928.344    60048.511    57581.551
216  mtZOA+R5      28251.533    195 56893.066    60367.611    57553.042
217  mtZOA+R6      28243.700    197 56881.400    60782.000    57548.145
218  mtZOA+R7      28240.848    199 56879.696    61301.918    57553.211
222  mtZOA+F       28547.380    206 57506.759    65259.850    58203.965
223  mtZOA+F+I     28476.978    207 57367.956    65979.156    58068.546
224  mtZOA+F+G4    27231.578    207 54877.156    63488.356    55577.747
225  mtZOA+F+I+G4  27221.493    208 54858.986    64519.430    55562.961
226  mtZOA+F+R2    27490.485    208 55396.970    65057.414    56100.945
227  mtZOA+F+R3    27297.614    210 55015.228    67675.228    55725.972
228  mtZOA+F+R4    27224.077    212 54872.154    72934.554    55589.667
229  mtZOA+F+R5    27214.848    214 54857.697    85531.030    55581.979
230  mtZOA+F+R6    27208.724    216 54849.447    148593.447   55580.498
231  mtZOA+F+R7    27202.176    218 54840.352    150324.352   55578.172
232  mtZOA+F+R8    27195.138    220 54830.276    152070.276   55574.865
233  mtZOA+F+R9    27192.081    222 54828.161    153840.161   55579.519
235  VT            27733.894    187 55841.788    58185.521    56474.688
236  VT+I          27678.423    188 55732.847    58183.329    56369.132
237  VT+G4         27091.490    188 54558.979    57009.462    55195.265
238  VT+I+G4       27080.975    189 54539.950    57104.950    55179.620
239  VT+R2         27184.398    189 54746.796    57311.796    55386.465
240  VT+R3         27090.691    191 54563.382    57384.305    55209.820
241  VT+R4         27050.721    193 54487.441    57607.608    55140.649
242  VT+R5         27046.829    195 54483.658    57958.203    55143.634
248  VT+F          27629.023    206 55670.047    63423.137    56367.253
249  VT+F+I        27573.047    207 55560.094    64171.294    56260.685
250  VT+F+G4       26958.493    207 54330.986    62942.186    55031.577
251  VT+F+I+G4     26947.718    208 54311.435    63971.880    55015.410
252  VT+F+R2       27062.402    208 54540.804    64201.249    55244.779
253  VT+F+R3       26962.825    210 54345.651    67005.651    55056.395
254  VT+F+R4       26922.047    212 54268.094    72330.494    54985.607
255  VT+F+R5       26917.464    214 54262.928    84936.262    54987.210
261  LG            27680.289    187 55734.578    58078.311    56367.478
262  LG+I          27627.116    188 55630.232    58080.715    56266.517
263  LG+G4         26859.185    188 54094.369    56544.852    54730.654
264  LG+I+G4       26850.144    189 54078.287    56643.287    54717.957
265  LG+R2         26992.965    189 54363.929    56928.929    55003.599
266  LG+R3         26868.001    191 54118.001    56938.925    54764.440
267  LG+R4         26824.401    193 54034.803    57154.969    54688.010
268  LG+R5         26816.694    195 54023.389    57497.934    54683.365
269  LG+R6         26815.196    197 54024.392    57924.992    54691.138
274  LG+F          27623.256    206 55658.511    63411.602    56355.717
275  LG+F+I        27569.525    207 55553.051    64164.251    56253.641
276  LG+F+G4       26764.591    207 53943.183    62554.383    54643.773
277  LG+F+I+G4     26754.279    208 53924.558    63585.002    54628.533
278  LG+F+R2       26907.730    208 54231.460    63891.904    54935.435
279  LG+F+R3       26775.028    210 53970.056    66630.056    54680.800
280  LG+F+R4       26737.060    212 53898.121    71960.521    54615.633
281  LG+F+R5       26726.166    214 53880.333    84553.666    54604.615
282  LG+F+R6       26723.263    216 53878.526    147622.526   54609.577
287  DCMut         28131.581    187 56637.162    58980.895    57270.063
288  DCMut+I       28052.956    188 56481.913    58932.396    57118.198
289  DCMut+G4      27401.819    188 55179.638    57630.120    55815.923
290  DCMut+I+G4    27388.699    189 55155.397    57720.397    55795.067
291  DCMut+R2      27513.900    189 55405.800    57970.800    56045.469
292  DCMut+R3      27406.668    191 55195.336    58016.259    55841.775
293  DCMut+R4      27352.592    193 55091.184    58211.351    55744.392
294  DCMut+R5      27346.326    195 55082.651    58557.197    55742.628
295  DCMut+R6      27342.555    197 55079.110    58979.710    55745.856
300  DCMut+F       27919.243    206 56250.485    64003.576    56947.691
301  DCMut+F+I     27834.658    207 56083.317    64694.517    56783.907
302  DCMut+F+G4    27126.088    207 54666.176    63277.376    55366.766
303  DCMut+F+I+G4  27109.682    208 54635.363    64295.808    55339.338
304  DCMut+F+R2    27252.845    208 54921.690    64582.135    55625.665
305  DCMut+F+R3    27140.468    210 54700.936    67360.936    55411.680
306  DCMut+F+R4    27086.731    212 54597.462    72659.862    55314.975
307  DCMut+F+R5    27075.490    214 54578.981    85252.314    55303.263
308  DCMut+F+R6    27073.232    216 54578.464    148322.464   55309.515
313  PMB           27996.764    187 56367.527    58711.260    57000.428
314  PMB+I         27947.742    188 56271.484    58721.966    56907.769
315  PMB+G4        27326.722    188 55029.443    57479.926    55665.729
316  PMB+I+G4      27316.376    189 55010.753    57575.753    55650.422
317  PMB+R2        27425.655    189 55229.309    57794.309    55868.979
318  PMB+R3        27323.561    191 55029.122    57850.045    55675.560
319  PMB+R4        27285.049    193 54956.098    58076.264    55609.305
320  PMB+R5        27281.959    195 54953.918    58428.463    55613.894
326  PMB+F         27850.935    206 56113.869    63866.960    56811.075
327  PMB+F+I       27799.242    207 56012.484    64623.684    56713.074
328  PMB+F+G4      27162.415    207 54738.831    63350.031    55439.421
329  PMB+F+I+G4    27150.649    208 54717.298    64377.743    55421.273
330  PMB+F+R2      27267.772    208 54951.543    64611.988    55655.518
331  PMB+F+R3      27162.624    210 54745.247    67405.247    55455.991
332  PMB+F+R4      27125.910    212 54675.819    72738.219    55393.332
333  PMB+F+R5      27119.303    214 54666.606    85339.939    55390.888
334  PMB+F+R6      27118.646    216 54669.292    148413.292   55400.342
339  HIVb          28653.417    187 57680.835    60024.568    58313.735
340  HIVb+I        28576.853    188 57529.705    59980.188    58165.990
341  HIVb+G4       27643.558    188 55663.115    58113.598    56299.400
342  HIVb+I+G4     27624.502    189 55627.004    58192.004    56266.674
343  HIVb+R2       27817.539    189 56013.079    58578.079    56652.748
344  HIVb+R3       27659.914    191 55701.828    58522.752    56348.267
345  HIVb+R4       27601.644    193 55589.288    58709.455    56242.496
346  HIVb+R5       27583.839    195 55557.679    59032.224    56217.655
347  HIVb+R6       27580.842    197 55555.683    59456.283    56222.429
352  HIVb+F        28440.812    206 57293.624    65046.715    57990.830
353  HIVb+F+I      28364.673    207 57143.346    65754.546    57843.936
354  HIVb+F+G4     27368.913    207 55151.826    63763.026    55852.416
355  HIVb+F+I+G4   27349.858    208 55115.716    64776.161    55819.691
356  HIVb+F+R2     27557.075    208 55530.150    65190.595    56234.125
357  HIVb+F+R3     27392.629    210 55205.257    67865.257    55916.001
358  HIVb+F+R4     27344.061    212 55112.123    73174.523    55829.636
359  HIVb+F+R5     27318.625    214 55065.250    85738.584    55789.532
360  HIVb+F+R6     27313.270    216 55058.539    148802.539   55789.590
365  HIVw          29802.415    187 59978.831    62322.564    60611.731
366  HIVw+I        29706.712    188 59789.424    62239.907    60425.709
367  HIVw+G4       28807.506    188 57991.013    60441.496    58627.298
368  HIVw+I+G4     28789.861    189 57957.722    60522.722    58597.391
369  HIVw+R2       28987.967    189 58353.934    60918.934    58993.603
370  HIVw+R3       28821.923    191 58025.845    60846.768    58672.284
371  HIVw+R4       28773.596    193 57933.191    61053.358    58586.399
372  HIVw+R5       28748.268    195 57886.536    61361.082    58546.513
373  HIVw+R6       28738.338    197 57870.675    61771.275    58537.421
374  HIVw+R7       28738.226    199 57874.453    62296.675    58547.967
378  HIVw+F        29172.568    206 58757.136    66510.226    59454.342
379  HIVw+F+I      29084.286    207 58582.572    67193.772    59283.163
380  HIVw+F+G4     28129.122    207 56672.244    65283.444    57372.835
381  HIVw+F+I+G4   28114.775    208 56645.551    66305.995    57349.526
382  HIVw+F+R2     28330.480    208 57076.959    66737.404    57780.934
383  HIVw+F+R3     28154.380    210 56728.761    69388.761    57439.505
384  HIVw+F+R4     28104.588    212 56633.175    74695.575    57350.688
385  HIVw+F+R5     28069.969    214 56567.938    87241.271    57292.220
386  HIVw+F+R6     28062.457    216 56556.914    150300.914   57287.965
387  HIVw+F+R7     28062.428    218 56560.856    152044.856   57298.676
391  JTTDCMut      27974.483    187 56322.966    58666.699    56955.867
392  JTTDCMut+I    27908.738    188 56193.476    58643.959    56829.761
393  JTTDCMut+G4   27182.679    188 54741.359    57191.842    55377.644
394  JTTDCMut+I+G4 27171.717    189 54721.434    57286.434    55361.104
395  JTTDCMut+R2   27309.759    189 54997.518    57562.518    55637.187
396  JTTDCMut+R3   27192.779    191 54767.558    57588.481    55413.997
397  JTTDCMut+R4   27142.863    193 54671.727    57791.893    55324.934
398  JTTDCMut+R5   27133.519    195 54657.039    58131.584    55317.015
399  JTTDCMut+R6   27129.962    197 54653.923    58554.523    55320.669
404  JTTDCMut+F    27819.460    206 56050.920    63804.011    56748.126
405  JTTDCMut+F+I  27750.332    207 55914.663    64525.863    56615.254
406  JTTDCMut+F+G4 26991.544    207 54397.089    63008.289    55097.679
407  JTTDCMut+F+I+G4 26979.349    208 54374.698    64035.142    55078.673
408  JTTDCMut+F+R2 27132.085    208 54680.170    64340.614    55384.144
409  JTTDCMut+F+R3 27005.266    210 54430.532    67090.532    55141.276
410  JTTDCMut+F+R4 26962.823    212 54349.645    72412.045    55067.158
411  JTTDCMut+F+R5 26946.256    214 54320.512    84993.846    55044.794
412  JTTDCMut+F+R6 26941.346    216 54314.693    148058.693   55045.744
417  FLU           28548.570    187 57471.140    59814.873    58104.041
418  FLU+I         28476.218    188 57328.437    59778.919    57964.722
419  FLU+G4        27618.665    188 55613.330    58063.813    56249.616
420  FLU+I+G4      27605.907    189 55589.813    58154.813    56229.483
421  FLU+R2        27768.322    189 55914.645    58479.645    56554.315
422  FLU+R3        27623.489    191 55628.979    58449.902    56275.417
423  FLU+R4        27583.629    193 55553.258    58673.424    56206.465
424  FLU+R5        27567.974    195 55525.947    59000.493    56185.924
425  FLU+R6        27564.554    197 55523.108    59423.708    56189.854
430  FLU+F         28288.390    206 56988.780    64741.871    57685.986
431  FLU+F+I       28223.448    207 56860.897    65472.097    57561.487
432  FLU+F+G4      27266.971    207 54947.943    63559.143    55648.533
433  FLU+F+I+G4    27255.786    208 54927.572    64588.017    55631.547
434  FLU+F+R2      27438.378    208 55292.757    64953.201    55996.732
435  FLU+F+R3      27289.551    210 54999.102    67659.102    55709.846
436  FLU+F+R4      27255.744    212 54935.488    72997.888    55653.001
437  FLU+F+R5      27230.767    214 54889.534    85562.868    55613.816
438  FLU+F+R6      27225.868    216 54883.736    148627.736   55614.787
443  Blosum62      27921.380    187 56216.760    58560.493    56849.661
444  Blosum62+I    27876.751    188 56129.503    58579.985    56765.788
445  Blosum62+G4   27266.319    188 54908.638    57359.121    55544.923
446  Blosum62+I+G4 27258.648    189 54895.296    57460.296    55534.965
447  Blosum62+R2   27368.469    189 55114.938    57679.938    55754.608
448  Blosum62+R3   27265.282    191 54912.564    57733.487    55559.002
449  Blosum62+R4   27223.194    193 54832.389    57952.555    55485.596
450  Blosum62+R5   27220.158    195 54830.315    58304.861    55490.292
456  Blosum62+F    27809.793    206 56031.587    63784.678    56728.793
457  Blosum62+F+I  27762.235    207 55938.471    64549.671    56639.061
458  Blosum62+F+G4 27136.853    207 54687.707    63298.907    55388.297
459  Blosum62+F+I+G4 27128.072    208 54672.143    64332.588    55376.118
460  Blosum62+F+R2 27247.078    208 54910.157    64570.601    55614.132
461  Blosum62+F+R3 27138.105    210 54696.210    67356.210    55406.954
462  Blosum62+F+R4 27097.261    212 54618.523    72680.923    55336.036
463  Blosum62+F+R5 27092.584    214 54613.168    85286.502    55337.450
469  mtMet         30454.772    187 61283.544    63627.277    61916.445
470  mtMet+I       30401.106    188 61178.211    63628.694    61814.496
471  mtMet+G4      28861.835    188 58099.671    60550.154    58735.956
472  mtMet+I+G4    28857.746    189 58093.492    60658.492    58733.162
473  mtMet+R2      29118.908    189 58615.816    61180.816    59255.485
474  mtMet+R3      28920.003    191 58222.007    61042.930    58868.445
475  mtMet+R4      28851.014    193 58088.029    61208.195    58741.236
476  mtMet+R5      28833.861    195 58057.721    61532.267    58717.698
477  mtMet+R6      28829.545    197 58053.089    61953.689    58719.835
482  mtMet+F       28507.363    206 57426.725    65179.816    58123.931
483  mtMet+F+I     28432.088    207 57278.177    65889.377    57978.767
484  mtMet+F+G4    27280.027    207 54974.053    63585.253    55674.644
485  mtMet+F+I+G4  27268.653    208 54953.306    64613.750    55657.281
486  mtMet+F+R2    27503.095    208 55422.190    65082.635    56126.165
487  mtMet+F+R3    27331.772    210 55083.544    67743.544    55794.288
488  mtMet+F+R4    27267.728    212 54959.457    73021.857    55676.970
489  mtMet+F+R5    27254.526    214 54937.052    85610.385    55661.334
490  mtMet+F+R6    27250.181    216 54932.363    148676.363   55663.414
495  mtVer         30777.947    187 61929.894    64273.628    62562.795
496  mtVer+I       30712.225    188 61800.450    64250.933    62436.735
497  mtVer+G4      28948.380    188 58272.759    60723.242    58909.044
498  mtVer+I+G4    28944.577    189 58267.153    60832.153    58906.823
499  mtVer+R2      29231.748    189 58841.497    61406.497    59481.166
500  mtVer+R3      29002.047    191 58386.094    61207.017    59032.533
501  mtVer+R4      28935.359    193 58256.718    61376.884    58909.925
502  mtVer+R5      28908.090    195 58206.180    61680.726    58866.157
503  mtVer+R6      28900.630    197 58195.259    62095.859    58862.005
504  mtVer+R7      28888.708    199 58175.416    62597.638    58848.931
505  mtVer+R8      28887.462    201 58176.924    63252.174    58857.208
508  mtVer+F       28898.258    206 58208.515    65961.606    58905.721
509  mtVer+F+I     28806.483    207 58026.966    66638.166    58727.556
510  mtVer+F+G4    27573.590    207 55561.181    64172.381    56261.771
511  mtVer+F+I+G4  27559.682    208 55535.365    65195.809    56239.340
512  mtVer+F+R2    27808.557    208 56033.113    65693.558    56737.088
513  mtVer+F+R3    27618.755    210 55657.509    68317.509    56368.253
514  mtVer+F+R4    27560.063    212 55544.125    73606.525    56261.638
515  mtVer+F+R5    27537.380    214 55502.760    86176.093    56227.042
516  mtVer+F+R6    27532.691    216 55497.381    149241.381   56228.432
521  mtInv         30411.039    187 61196.078    63539.811    61828.979
522  mtInv+I       30357.464    188 61090.928    63541.411    61727.213
523  mtInv+G4      29021.198    188 58418.395    60868.878    59054.680
524  mtInv+I+G4    29014.714    189 58407.427    60972.427    59047.097
525  mtInv+R2      29237.712    189 58853.425    61418.425    59493.095
526  mtInv+R3      29056.137    191 58494.275    61315.198    59140.713
527  mtInv+R4      29012.564    193 58411.127    61531.294    59064.335
528  mtInv+R5      28997.814    195 58385.629    61860.174    59045.605
529  mtInv+R6      28987.248    197 58368.495    62269.095    59035.241
530  mtInv+R7      28985.205    199 58368.410    62790.632    59041.924
534  mtInv+F       28183.537    206 56779.074    64532.165    57476.280
535  mtInv+F+I     28107.727    207 56629.453    65240.653    57330.044
536  mtInv+F+G4    27105.467    207 54624.934    63236.134    55325.525
537  mtInv+F+I+G4  27092.180    208 54600.360    64260.805    55304.335
538  mtInv+F+R2    27313.247    208 55042.495    64702.939    55746.470
539  mtInv+F+R3    27147.763    210 54715.526    67375.526    55426.270
540  mtInv+F+R4    27094.594    212 54613.188    72675.588    55330.701
541  mtInv+F+R5    27078.688    214 54585.377    85258.710    55309.659
542  mtInv+F+R6    27071.437    216 54574.873    148318.873   55305.924
543  mtInv+F+R7    27069.649    218 54575.299    150059.299   55313.118
Akaike Information Criterion:           LG+F+R6
Corrected Akaike Information Criterion: LG+G4
Bayesian Information Criterion:         LG+F+R5
Best-fit model: LG+F+R5 chosen according to BIC

All model information printed to /mnt/ivy/thliao/project/AOB/analysis/20210713_repeat/add_Chromatiaces/phy_files/P39_prot/withEuk/NP_043223.1.model.gz
CPU time for ModelFinder: 1922.153 seconds (0h:32m:2s)
Wall-clock time for ModelFinder: 963.705 seconds (0h:16m:3s)
Generating 1000 samples for ultrafast bootstrap (seed: 358543)...

NOTE: 17 MB RAM (0 GB) is required!
Estimate model parameters (epsilon = 0.100)
1. Initial log-likelihood: -26785.179
2. Current log-likelihood: -26729.707
3. Current log-likelihood: -26727.805
4. Current log-likelihood: -26727.204
5. Current log-likelihood: -26726.815
6. Current log-likelihood: -26726.469
7. Current log-likelihood: -26726.173
8. Current log-likelihood: -26726.012
9. Current log-likelihood: -26725.870
10. Current log-likelihood: -26725.765
Optimal log-likelihood: -26725.639
Site proportion and rates:  (0.061,0.093) (0.168,0.318) (0.223,0.653) (0.244,1.083) (0.304,1.748)
Parameters optimization took 10 rounds (7.650 sec)
Computing ML distances based on estimated model parameters... 5.521 sec
Computing BIONJ tree...
0.010 seconds
Log-likelihood of BIONJ tree: -26638.044
--------------------------------------------------------------------
|             INITIALIZING CANDIDATE TREE SET                      |
--------------------------------------------------------------------
Generating 98 parsimony trees... 4.556 second
Computing log-likelihood of 98 initial trees ... 12.209 seconds
Current best score: -26638.044

Do NNI search on 20 best initial trees
Estimate model parameters (epsilon = 0.100)
BETTER TREE FOUND at iteration 1: -26585.943
Estimate model parameters (epsilon = 0.100)
BETTER TREE FOUND at iteration 2: -26584.796
Estimate model parameters (epsilon = 0.100)
BETTER TREE FOUND at iteration 4: -26584.050
Estimate model parameters (epsilon = 0.100)
BETTER TREE FOUND at iteration 5: -26581.997
Iteration 10 / LogL: -26587.586 / Time: 0h:0m:52s
Estimate model parameters (epsilon = 0.100)
BETTER TREE FOUND at iteration 15: -26578.434
Iteration 20 / LogL: -26585.607 / Time: 0h:1m:12s
Finish initializing candidate tree set (20)
Current best tree score: -26578.434 / CPU time: 61.923
Number of iterations: 20
--------------------------------------------------------------------
|               OPTIMIZING CANDIDATE TREE SET                      |
--------------------------------------------------------------------
Estimate model parameters (epsilon = 0.100)
BETTER TREE FOUND at iteration 21: -26577.476
Estimate model parameters (epsilon = 0.100)
BETTER TREE FOUND at iteration 23: -26576.448
Iteration 30 / LogL: -26580.404 / Time: 0h:1m:29s (0h:4m:47s left)
Iteration 40 / LogL: -26578.531 / Time: 0h:1m:45s (0h:3m:44s left)
Estimate model parameters (epsilon = 0.100)
BETTER TREE FOUND at iteration 50: -26575.941
Iteration 50 / LogL: -26575.941 / Time: 0h:2m:2s (0h:4m:9s left)
Log-likelihood cutoff on original alignment: -26649.147
UFBoot trees printed to /mnt/ivy/thliao/project/AOB/analysis/20210713_repeat/add_Chromatiaces/phy_files/P39_prot/withEuk/NP_043223.1.ufboot
Iteration 60 / LogL: -26586.317 / Time: 0h:2m:20s (0h:3m:33s left)
Iteration 70 / LogL: -26578.536 / Time: 0h:2m:35s (0h:3m:0s left)
Estimate model parameters (epsilon = 0.100)
BETTER TREE FOUND at iteration 75: -26575.871
Iteration 80 / LogL: -26577.390 / Time: 0h:2m:51s (0h:3m:26s left)
Iteration 90 / LogL: -26580.275 / Time: 0h:3m:7s (0h:2m:59s left)
Iteration 100 / LogL: -26612.401 / Time: 0h:3m:23s (0h:2m:34s left)
Log-likelihood cutoff on original alignment: -26649.147
NOTE: Bootstrap correlation coefficient of split occurrence frequencies: 0.998
UFBoot trees printed to /mnt/ivy/thliao/project/AOB/analysis/20210713_repeat/add_Chromatiaces/phy_files/P39_prot/withEuk/NP_043223.1.ufboot
Iteration 110 / LogL: -26579.273 / Time: 0h:3m:40s (0h:3m:2s left)
Iteration 120 / LogL: -26580.738 / Time: 0h:3m:56s (0h:2m:39s left)
Iteration 130 / LogL: -26577.403 / Time: 0h:4m:13s (0h:2m:17s left)
Iteration 140 / LogL: -26578.562 / Time: 0h:4m:30s (0h:1m:56s left)
Iteration 150 / LogL: -26580.499 / Time: 0h:4m:47s (0h:1m:36s left)
Log-likelihood cutoff on original alignment: -26649.147
UFBoot trees printed to /mnt/ivy/thliao/project/AOB/analysis/20210713_repeat/add_Chromatiaces/phy_files/P39_prot/withEuk/NP_043223.1.ufboot
Iteration 160 / LogL: -26576.613 / Time: 0h:5m:4s (0h:1m:16s left)
Iteration 170 / LogL: -26579.998 / Time: 0h:5m:21s (0h:0m:57s left)
Estimate model parameters (epsilon = 0.100)
BETTER TREE FOUND at iteration 176: -26575.570
Iteration 180 / LogL: -26577.908 / Time: 0h:5m:39s (0h:3m:2s left)
Iteration 190 / LogL: -26576.000 / Time: 0h:5m:55s (0h:2m:41s left)
Iteration 200 / LogL: -26577.234 / Time: 0h:6m:11s (0h:2m:21s left)
Log-likelihood cutoff on original alignment: -26649.147
NOTE: Bootstrap correlation coefficient of split occurrence frequencies: 0.998
UFBoot trees printed to /mnt/ivy/thliao/project/AOB/analysis/20210713_repeat/add_Chromatiaces/phy_files/P39_prot/withEuk/NP_043223.1.ufboot
Iteration 210 / LogL: -26580.034 / Time: 0h:6m:28s (0h:2m:47s left)
Iteration 220 / LogL: -26578.768 / Time: 0h:6m:43s (0h:2m:27s left)
Iteration 230 / LogL: -26576.213 / Time: 0h:6m:59s (0h:2m:8s left)
Iteration 240 / LogL: -26577.160 / Time: 0h:7m:16s (0h:1m:49s left)
Iteration 250 / LogL: -26582.278 / Time: 0h:7m:32s (0h:1m:30s left)
Log-likelihood cutoff on original alignment: -26649.147
UFBoot trees printed to /mnt/ivy/thliao/project/AOB/analysis/20210713_repeat/add_Chromatiaces/phy_files/P39_prot/withEuk/NP_043223.1.ufboot
Iteration 260 / LogL: -26577.242 / Time: 0h:7m:49s (0h:1m:12s left)
Estimate model parameters (epsilon = 0.100)
BETTER TREE FOUND at iteration 268: -26575.337
Iteration 270 / LogL: -26575.732 / Time: 0h:8m:7s (0h:2m:57s left)
Estimate model parameters (epsilon = 0.100)
BETTER TREE FOUND at iteration 274: -26574.543
Iteration 280 / LogL: -26575.539 / Time: 0h:8m:25s (0h:2m:50s left)
Iteration 290 / LogL: -26583.893 / Time: 0h:8m:41s (0h:2m:31s left)
Estimate model parameters (epsilon = 0.100)
BETTER TREE FOUND at iteration 293: -26574.090
Iteration 300 / LogL: -26577.619 / Time: 0h:8m:59s (0h:2m:47s left)
Log-likelihood cutoff on original alignment: -26649.147
NOTE: Bootstrap correlation coefficient of split occurrence frequencies: 0.998
UFBoot trees printed to /mnt/ivy/thliao/project/AOB/analysis/20210713_repeat/add_Chromatiaces/phy_files/P39_prot/withEuk/NP_043223.1.ufboot
Iteration 310 / LogL: -26575.930 / Time: 0h:9m:17s (0h:2m:42s left)
Iteration 320 / LogL: -26574.416 / Time: 0h:9m:35s (0h:2m:24s left)
Iteration 330 / LogL: -26577.065 / Time: 0h:9m:51s (0h:2m:5s left)
Iteration 340 / LogL: -26587.407 / Time: 0h:10m:8s (0h:1m:47s left)
Iteration 350 / LogL: -26577.161 / Time: 0h:10m:27s (0h:1m:29s left)
Log-likelihood cutoff on original alignment: -26649.147
UFBoot trees printed to /mnt/ivy/thliao/project/AOB/analysis/20210713_repeat/add_Chromatiaces/phy_files/P39_prot/withEuk/NP_043223.1.ufboot
Iteration 360 / LogL: -26577.232 / Time: 0h:10m:46s (0h:1m:12s left)
Iteration 370 / LogL: -26579.289 / Time: 0h:11m:2s (0h:0m:53s left)
Iteration 380 / LogL: -26574.578 / Time: 0h:11m:20s (0h:0m:35s left)
Iteration 390 / LogL: -26584.914 / Time: 0h:11m:37s (0h:0m:17s left)
TREE SEARCH COMPLETED AFTER 394 ITERATIONS / Time: 0h:11m:44s

--------------------------------------------------------------------
|                    FINALIZING TREE SEARCH                        |
--------------------------------------------------------------------
Performs final model parameters optimization
Estimate model parameters (epsilon = 0.010)
1. Initial log-likelihood: -26574.090
2. Current log-likelihood: -26574.077
3. Current log-likelihood: -26574.067
4. Current log-likelihood: -26574.056
Optimal log-likelihood: -26574.041
Site proportion and rates:  (0.061,0.083) (0.163,0.315) (0.217,0.629) (0.263,1.067) (0.296,1.777)
Parameters optimization took 4 rounds (2.879 sec)
BEST SCORE FOUND : -26574.041
Creating bootstrap support values...
Split supports printed to NEXUS file /mnt/ivy/thliao/project/AOB/analysis/20210713_repeat/add_Chromatiaces/phy_files/P39_prot/withEuk/NP_043223.1.splits.nex
Total tree length: 59.709

Total number of iterations: 394
CPU time used for tree search: 1362.419 sec (0h:22m:42s)
Wall-clock time used for tree search: 693.528 sec (0h:11m:33s)
Total CPU time used: 1390.749 sec (0h:23m:10s)
Total wall-clock time used: 707.923 sec (0h:11m:47s)
UFBoot trees printed to /mnt/ivy/thliao/project/AOB/analysis/20210713_repeat/add_Chromatiaces/phy_files/P39_prot/withEuk/NP_043223.1.ufboot

Computing bootstrap consensus tree...
Reading input file /mnt/ivy/thliao/project/AOB/analysis/20210713_repeat/add_Chromatiaces/phy_files/P39_prot/withEuk/NP_043223.1.splits.nex...
95 taxa and 666 splits.
Consensus tree written to /mnt/ivy/thliao/project/AOB/analysis/20210713_repeat/add_Chromatiaces/phy_files/P39_prot/withEuk/NP_043223.1.contree
Reading input trees file /mnt/ivy/thliao/project/AOB/analysis/20210713_repeat/add_Chromatiaces/phy_files/P39_prot/withEuk/NP_043223.1.contree
Log-likelihood of consensus tree: -26575.896

Analysis results written to: 
  IQ-TREE report:                /mnt/ivy/thliao/project/AOB/analysis/20210713_repeat/add_Chromatiaces/phy_files/P39_prot/withEuk/NP_043223.1.iqtree
  Maximum-likelihood tree:       /mnt/ivy/thliao/project/AOB/analysis/20210713_repeat/add_Chromatiaces/phy_files/P39_prot/withEuk/NP_043223.1.treefile
  Likelihood distances:          /mnt/ivy/thliao/project/AOB/analysis/20210713_repeat/add_Chromatiaces/phy_files/P39_prot/withEuk/NP_043223.1.mldist

Ultrafast bootstrap approximation results written to:
  Split support values:          /mnt/ivy/thliao/project/AOB/analysis/20210713_repeat/add_Chromatiaces/phy_files/P39_prot/withEuk/NP_043223.1.splits.nex
  Consensus tree:                /mnt/ivy/thliao/project/AOB/analysis/20210713_repeat/add_Chromatiaces/phy_files/P39_prot/withEuk/NP_043223.1.contree
  UFBoot trees:                  /mnt/ivy/thliao/project/AOB/analysis/20210713_repeat/add_Chromatiaces/phy_files/P39_prot/withEuk/NP_043223.1.ufboot
  Screen log file:               /mnt/ivy/thliao/project/AOB/analysis/20210713_repeat/add_Chromatiaces/phy_files/P39_prot/withEuk/NP_043223.1.log

Date and Time: Mon Dec 12 10:05:22 2022
