IQ-TREE multicore version 1.6.12 for Linux 64-bit built Aug 15 2019
Developed by Bui Quang Minh, Nguyen Lam Tung, Olga Chernomor,
Heiko Schmidt, Dominik Schrempf, Michael Woodhams.

Host:    cl005 (AVX2, FMA3, 125 GB RAM)
Command: iqtree -nt 2 -redo -wbtl -bb 1000 -pre /mnt/ivy/thliao/project/AOB/analysis/20210713_repeat/add_Chromatiaces/phy_files/P39_prot/withEuk/NP_043194.1 -s /mnt/ivy/thliao/project/AOB/analysis/20210713_repeat/add_Chromatiaces/phy_files/P39_prot/withEuk/NP_043194.1.aln
Seed:    835058 (Using SPRNG - Scalable Parallel Random Number Generator)
Time:    Mon Dec 12 09:35:52 2022
Kernel:  AVX+FMA - 2 threads (64 CPU cores detected)

Reading alignment file /mnt/ivy/thliao/project/AOB/analysis/20210713_repeat/add_Chromatiaces/phy_files/P39_prot/withEuk/NP_043194.1.aln ... Fasta format detected
Alignment most likely contains protein sequences
Alignment has 119 sequences with 240 columns, 155 distinct patterns
96 parsimony-informative, 28 singleton sites, 116 constant sites
                          Gap/Ambiguity  Composition  p-value
   1  Chondrus_crispus           67.08%    passed     13.85%
   2  Cyanidioschyzon_merolae    65.83%    passed     81.47%
   3  Cyanophora_paradoxa        63.33%    passed     90.25%
   4  Cyanoptyche_gloeocystis    65.00%    passed     93.13%
   5  Galdieria_sulphuraria      63.33%    passed      5.99%
   6  Gloeochaete_wittrockiana   58.75%    passed      8.34%
   7  NC_000926.1                62.50%    passed     84.44%
   8  NC_007288.1                65.83%    passed     79.79%
   9  NC_008588.1                65.00%    passed     28.79%
  10  NC_008589.1                65.00%    passed     91.05%
  11  NC_012898.1                67.50%    passed     99.73%
  12  NC_016703.2                65.83%    passed     71.17%
  13  NC_020371.1                64.17%    passed     94.16%
  14  NC_049168.1                65.83%    passed     98.35%
  15  Porphyra_umbilicalis       65.42%    passed     91.54%
  16  Porphyridium_purpureum     66.25%    passed     96.68%
  17  GCA_000473895.1            14.58%    failed      0.00%
  18  GCA_000024725.1            64.17%    passed     98.34%
  19  GCA_013697045.1            63.33%    passed     83.86%
  20  GCA_900107585.1            66.25%    passed    100.00%
  21  GCA_014859375.1            64.17%    passed     94.86%
  22  GCA_015272465.1            59.17%    passed     81.44%
  23  GCA_002356115.1            64.17%    passed     99.80%
  24  GCA_009833095.1            62.50%    passed     89.41%
  25  GCA_013140465.1            63.75%    passed     98.61%
  26  GCA_001747005.1            65.83%    passed     99.98%
  27  GCA_014635705.1            62.50%    passed     80.57%
  28  GCA_000469665.2            66.67%    passed     32.28%
  29  GCA_002109495.1            65.83%    passed     83.31%
  30  GCA_001458735.1            63.33%    passed     92.90%
  31  GCA_000952155.1            62.08%    passed     94.86%
  32  GCA_000317495.1            65.42%    passed     99.99%
  33  GCA_000317515.1            65.42%    passed     99.90%
  34  GCA_007197755.1            67.50%    passed     90.88%
  35  GCA_001187785.1            64.17%    passed     89.93%
  36  GCA_003719295.1            63.33%    passed     99.94%
  37  GCA_000314005.1            65.83%    passed     99.38%
  38  GCA_004168365.1            63.75%    passed     93.18%
  39  GCA_011090395.1            63.33%    passed     54.14%
  40  GCA_003015105.1            60.42%    passed     96.66%
  41  GCA_902810445.1            65.00%    passed     92.81%
  42  GCA_001697225.1            63.75%    passed     91.67%
  43  GCA_002868715.1            63.33%    passed     99.77%
  44  GCA_003532895.1            55.83%    passed     65.98%
  45  GCA_002218085.1            65.42%    passed     99.31%
  46  GCA_003015145.1            67.08%    passed     65.73%
  47  GCA_008189685.1            68.75%    passed     72.07%
  48  GCA_003696005.1            63.75%    passed     89.49%
  49  GCA_003551305.1            55.42%    passed     34.53%
  50  GCA_004684205.1            63.75%    passed     97.68%
  51  GCA_001828295.1            62.50%    passed     52.11%
  52  GCA_000949635.1            62.92%    passed     75.33%
  53  GCA_001644685.1            63.75%    passed     92.23%
  54  GCA_013141375.1            63.33%    passed     93.94%
  55  GCA_000760695.4            64.17%    passed     99.94%
  56  GCA_017879665.1            62.92%    passed     85.62%
  57  GCA_001772005.1            63.75%    passed     91.99%
  58  GCA_000332035.1            67.50%    passed    100.00%
  59  GCA_000740735.1            64.17%    passed     99.26%
  60  GCA_000934545.1            63.75%    passed     99.76%
  61  GCA_001458695.1            63.33%    passed     74.99%
  62  GCA_016207025.1            62.08%    passed     74.91%
  63  GCA_900119825.1            63.75%    passed     92.88%
  64  GCA_003534995.1            63.33%    passed     75.38%
  65  GCA_015709635.1            65.00%    passed     95.70%
  66  GCA_006496635.1            62.92%    passed     98.02%
  67  GCA_000011385.1            65.42%    passed     93.48%
  68  GCA_001828545.1            64.58%    passed     96.19%
  69  GCA_005877815.1            60.00%    passed     47.75%
  70  GCA_000263335.1            62.92%    passed     98.50%
  71  GCA_007992375.1            62.92%    passed     91.81%
  72  GCA_001890765.1            65.83%    passed     99.42%
  73  GCA_003149345.1            65.42%    passed     99.19%
  74  GCA_001828535.1            62.92%    passed     96.89%
  75  GCA_004421105.1            63.33%    passed     99.19%
  76  GCA_002083815.1            65.00%    passed     13.02%
  77  GCA_003576955.1            62.92%    passed     97.23%
  78  GCA_003851125.1            62.92%    passed     92.53%
  79  GCA_010027455.1            62.92%    passed     84.76%
  80  GCA_001803795.1            58.75%    passed     65.30%
  81  GCA_003003885.1            61.67%    passed     97.40%
  82  GCA_004282745.1            65.00%    passed     48.16%
  83  GCA_000214665.1            63.75%    passed     62.02%
  84  GCA_002072955.1            64.17%    passed     82.41%
  85  GCA_016873455.1            62.08%    passed     92.55%
  86  GCA_001870225.1            64.58%    passed     99.92%
  87  GCA_013140535.1            63.33%    passed     84.57%
  88  GCA_000948975.1            65.42%    passed     99.67%
  89  GCA_001566965.1            64.17%    passed     90.87%
  90  GCA_000264455.2            67.50%    passed     24.91%
  91  GCA_000317535.1            65.42%    passed     99.53%
  92  GCA_006385135.1            67.92%    passed     94.79%
  93  GCA_001267195.1            63.33%    passed     99.88%
  94  GCA_000014865.1            65.42%    passed     91.42%
  95  GCA_002355455.1            66.25%    passed    100.00%
  96  GCA_002162035.1            62.92%    passed     99.99%
  97  GCA_001881495.1            60.00%    passed     59.90%
  98  GCA_000317575.1            66.25%    passed     99.99%
  99  GCA_000380225.1            65.42%    passed     99.83%
 100  GCA_003258315.1            58.75%    passed     74.45%
 101  GCA_016592635.1            64.17%    passed     94.78%
 102  GCA_902459485.1            61.25%    passed     98.51%
 103  GCA_001904725.1            66.67%    passed     99.52%
 104  GCA_000013225.1            65.42%    passed     99.81%
 105  GCA_900110495.1            61.67%    passed     99.77%
 106  GCA_000346485.2            64.17%    passed     99.94%
 107  GCA_003644325.1            63.33%    passed     83.16%
 108  GCA_004195045.1            67.50%    failed      1.07%
 109  GCA_013521015.1            71.25%    passed     96.97%
 110  GCA_002924445.1            65.42%    passed     98.18%
 111  GCA_005524015.1            64.17%    passed     78.02%
 112  GCA_000332275.1            62.50%    passed     98.18%
 113  GCA_002007425.1            63.33%    passed     81.78%
 114  GCA_016708925.1            62.92%    passed     94.07%
 115  GCA_000828615.1            64.17%    passed     98.43%
 116  GCA_000228725.3            60.42%    passed     80.16%
 117  GCA_000379525.1            64.17%    passed     96.85%
 118  GCA_001007875.1            64.17%    passed     99.99%
 119  GCA_001469165.1            62.08%    passed     82.37%
WARNING: 118 sequences contain more than 50% gaps/ambiguity
****  TOTAL                      63.56%  2 sequences failed composition chi2 test (p-value<5%; df=19)


Create initial parsimony tree by phylogenetic likelihood library (PLL)... 0.030 seconds
NOTE: ModelFinder requires 33 MB RAM!
ModelFinder will test 546 protein models (sample size: 240) ...
 No. Model         -LnL         df  AIC          AICc         BIC
  1  Dayhoff       12954.624    235 26379.247    54109.247    27197.197
  2  Dayhoff+I     12917.148    236 26306.297    63594.297    27127.728
  3  Dayhoff+G4    12279.764    236 25031.527    62319.527    25852.958
  4  Dayhoff+I+G4  12279.243    237 25032.485    81438.485    25857.397
  5  Dayhoff+R2    12403.907    237 25281.814    81687.814    26106.726
  6  Dayhoff+R3    12298.578    239 25075.155    139795.155   25907.028
  7  Dayhoff+R4    12252.348    241 24986.697    141630.697   25825.531
  8  Dayhoff+R5    12245.515    243 24977.031    143561.031   25822.826
  9  Dayhoff+R6    12245.068    245 24980.135    145520.135   25832.892
 14  Dayhoff+F     12912.156    254 26332.312    155872.312   27216.394
 15  Dayhoff+F+I   12871.444    255 26252.889    156812.889   27140.451
 16  Dayhoff+F+G4  12213.385    255 24936.770    155496.770   25824.333
 17  Dayhoff+F+I+G4 12212.181    256 24936.363    156520.363   25827.406
 18  Dayhoff+F+R2  12354.683    256 25221.366    156805.366   26112.409
 19  Dayhoff+F+R3  12231.706    258 24979.412    158623.412   25877.417
 20  Dayhoff+F+R4  12192.961    260 24905.923    160625.923   25810.889
 21  Dayhoff+F+R5  12184.344    262 24892.688    162704.688   25804.615
 22  Dayhoff+F+R6  12184.104    264 24896.207    164816.207   25815.096
 27  mtMAM         15119.000    235 30707.999    58437.999    31525.949
 28  mtMAM+I       15102.333    236 30676.667    67964.667    31498.098
 29  mtMAM+G4      13462.929    236 27397.859    64685.859    28219.289
 30  mtMAM+I+G4    13463.044    237 27400.087    83806.087    28224.998
 31  mtMAM+R2      13870.903    237 28215.807    84621.807    29040.718
 32  mtMAM+R3      13583.056    239 27644.113    142364.113   28475.986
 33  mtMAM+R4      13494.230    241 27470.460    144114.460   28309.294
 34  mtMAM+R5      13465.084    243 27416.168    146000.168   28261.963
 35  mtMAM+R6      13462.349    245 27414.699    147954.699   28267.455
 40  mtMAM+F       14133.689    254 28775.379    158315.379   29659.461
 41  mtMAM+F+I     14108.983    255 28727.966    159287.966   29615.529
 42  mtMAM+F+G4    12854.289    255 26218.577    156778.577   27106.140
 43  mtMAM+F+I+G4  12854.306    256 26220.613    157804.613   27111.656
 44  mtMAM+F+R2    13167.884    256 26847.767    158431.767   27738.811
 45  mtMAM+F+R3    12929.600    258 26375.200    160019.200   27273.205
 46  mtMAM+F+R4    12873.222    260 26266.445    161986.445   27171.411
 47  mtMAM+F+R5    12854.567    262 26233.134    164045.134   27145.062
 48  mtMAM+F+R6    12851.649    264 26231.298    166151.298   27150.186
 53  JTT           12975.208    235 26420.416    54150.416    27238.366
 54  JTT+I         12932.945    236 26337.889    63625.889    27159.320
 55  JTT+G4        12251.768    236 24975.537    62263.537    25796.967
 56  JTT+I+G4      12251.550    237 24977.099    81383.099    25802.011
 57  JTT+R2        12414.293    237 25302.585    81708.585    26127.497
 58  JTT+R3        12276.552    239 25031.105    139751.105   25862.977
 59  JTT+R4        12232.541    241 24947.081    141591.081   25785.915
 60  JTT+R5        12226.708    243 24939.416    143523.416   25785.211
 61  JTT+R6        12224.404    245 24938.807    145478.807   25791.564
 66  JTT+F         12987.168    254 26482.335    156022.335   27366.418
 67  JTT+F+I       12940.571    255 26391.143    156951.143   27278.705
 68  JTT+F+G4      12269.213    255 25048.425    155608.425   25935.988
 69  JTT+F+I+G4    12268.520    256 25049.040    156633.040   25940.083
 70  JTT+F+R2      12426.872    256 25365.744    156949.744   26256.787
 71  JTT+F+R3      12288.657    258 25093.314    158737.314   25991.318
 72  JTT+F+R4      12254.320    260 25028.640    160748.640   25933.607
 73  JTT+F+R5      12248.382    262 25020.764    162832.764   25932.691
 74  JTT+F+R6      12247.114    264 25022.229    164942.229   25941.117
 79  WAG           12806.849    235 26083.698    53813.698    26901.648
 80  WAG+I         12764.404    236 26000.808    63288.808    26822.239
 81  WAG+G4        12176.692    236 24825.385    62113.385    25646.816
 82  WAG+I+G4      12174.531    237 24823.062    81229.062    25647.973
 83  WAG+R2        12284.505    237 25043.009    81449.009    25867.921
 84  WAG+R3        12185.979    239 24849.959    139569.959   25681.831
 85  WAG+R4        12149.995    241 24781.991    141425.991   25620.825
 86  WAG+R5        12146.005    243 24778.009    143362.009   25623.804
 92  WAG+F         12821.916    254 26151.832    155691.832   27035.914
 93  WAG+F+I       12777.340    255 26064.680    156624.680   26952.243
 94  WAG+F+G4      12194.656    255 24899.313    155459.313   25786.876
 95  WAG+F+I+G4    12192.784    256 24897.568    156481.568   25788.612
 96  WAG+F+R2      12305.892    256 25123.785    156707.785   26014.829
 97  WAG+F+R3      12211.532    258 24939.064    158583.064   25837.069
 98  WAG+F+R4      12173.665    260 24867.330    160587.330   25772.296
 99  WAG+F+R5      12167.290    262 24858.581    162670.581   25770.508
100  WAG+F+R6      12166.131    264 24860.263    164780.263   25779.152
105  cpREV         12898.198    235 26266.396    53996.396    27084.346
106  cpREV+I       12842.788    236 26157.575    63445.575    26979.006
107  cpREV+G4      12241.419    236 24954.837    62242.837    25776.268
108  cpREV+I+G4    12233.798    237 24941.595    81347.595    25766.506
109  cpREV+R2      12364.696    237 25203.392    81609.392    26028.304
110  cpREV+R3      12248.604    239 24975.207    139695.207   25807.080
111  cpREV+R4      12216.030    241 24914.060    141558.060   25752.894
112  cpREV+R5      12210.163    243 24906.326    143490.326   25752.122
113  cpREV+R6      12209.741    245 24909.482    145449.482   25762.238
118  cpREV+F       12980.470    254 26468.940    156008.940   27353.022
119  cpREV+F+I     12923.957    255 26357.914    156917.914   27245.477
120  cpREV+F+G4    12342.889    255 25195.777    155755.777   26083.340
121  cpREV+F+I+G4  12338.051    256 25188.103    156772.103   26079.146
122  cpREV+F+R2    12452.089    256 25416.177    157000.177   26307.221
123  cpREV+F+R3    12353.557    258 25223.114    158867.114   26121.119
124  cpREV+F+R4    12321.657    260 25163.314    160883.314   26068.280
125  cpREV+F+R5    12310.031    262 25144.063    162956.063   26055.990
126  cpREV+F+R6    12308.680    264 25145.360    165065.360   26064.248
131  mtREV         14096.790    235 28663.580    56393.580    29481.530
132  mtREV+I       14066.815    236 28605.630    65893.630    29427.061
133  mtREV+G4      13024.751    236 26521.502    63809.502    27342.932
134  mtREV+I+G4    13024.661    237 26523.321    82929.321    27348.233
135  mtREV+R2      13286.901    237 27047.801    83453.801    27872.712
136  mtREV+R3      13060.854    239 26599.709    141319.709   27431.581
137  mtREV+R4      13011.879    241 26505.758    143149.758   27344.592
138  mtREV+R5      13003.075    243 26492.149    145076.149   27337.944
139  mtREV+R6      13001.900    245 26493.801    147033.801   27346.557
144  mtREV+F       13390.268    254 27288.537    156828.537   28172.619
145  mtREV+F+I     13354.285    255 27218.569    157778.569   28106.132
146  mtREV+F+G4    12490.548    255 25491.095    156051.095   26378.658
147  mtREV+F+I+G4  12489.593    256 25491.186    157075.186   26382.229
148  mtREV+F+R2    12702.931    256 25917.862    157501.862   26808.905
149  mtREV+F+R3    12505.896    258 25527.792    159171.792   26425.797
150  mtREV+F+R4    12474.020    260 25468.041    161188.041   26373.007
151  mtREV+F+R5    12469.917    262 25463.834    163275.834   26375.762
157  rtREV         12906.843    235 26283.685    54013.685    27101.635
158  rtREV+I       12871.641    236 26215.282    63503.282    27036.713
159  rtREV+G4      12165.695    236 24803.390    62091.390    25624.820
160  rtREV+I+G4    12165.082    237 24804.163    81210.163    25629.075
161  rtREV+R2      12333.148    237 25140.296    81546.296    25965.208
162  rtREV+R3      12181.298    239 24840.597    139560.597   25672.469
163  rtREV+R4      12148.712    241 24779.424    141423.424   25618.258
164  rtREV+R5      12141.359    243 24768.718    143352.718   25614.513
165  rtREV+R6      12140.685    245 24771.370    145311.370   25624.126
170  rtREV+F       12901.114    254 26310.228    155850.228   27194.310
171  rtREV+F+I     12861.131    255 26232.263    156792.263   27119.826
172  rtREV+F+G4    12185.190    255 24880.380    155440.380   25767.943
173  rtREV+F+I+G4  12183.935    256 24879.869    156463.869   25770.913
174  rtREV+F+R2    12355.262    256 25222.525    156806.525   26113.568
175  rtREV+F+R3    12202.481    258 24920.962    158564.962   25818.967
176  rtREV+F+R4    12172.398    260 24864.796    160584.796   25769.762
177  rtREV+F+R5    12167.644    262 24859.288    162671.288   25771.215
183  mtART         14618.485    235 29706.970    57436.970    30524.920
184  mtART+I       14586.245    236 29644.490    66932.490    30465.921
185  mtART+G4      13198.497    236 26868.993    64156.993    27690.424
186  mtART+I+G4    13198.617    237 26871.233    83277.233    27696.145
187  mtART+R2      13465.949    237 27405.899    83811.899    28230.810
188  mtART+R3      13270.554    239 27019.107    141739.107   27850.980
189  mtART+R4      13208.936    241 26899.872    143543.872   27738.706
190  mtART+R5      13197.115    243 26880.229    145464.229   27726.025
191  mtART+R6      13193.106    245 26876.211    147416.211   27728.968
196  mtART+F       13714.066    254 27936.132    157476.132   28820.214
197  mtART+F+I     13677.959    255 27865.918    158425.918   28753.481
198  mtART+F+G4    12614.503    255 25739.005    156299.005   26626.568
199  mtART+F+I+G4  12614.551    256 25741.102    157325.102   26632.145
200  mtART+F+R2    12841.489    256 26194.978    157778.978   27086.022
201  mtART+F+R3    12662.011    258 25840.022    159484.022   26738.027
202  mtART+F+R4    12615.023    260 25750.046    161470.046   26655.012
203  mtART+F+R5    12603.241    262 25730.483    163542.483   26642.410
204  mtART+F+R6    12598.796    264 25725.591    165645.591   26644.480
209  mtZOA         14040.090    235 28550.179    56280.179    29368.129
210  mtZOA+I       14008.197    236 28488.394    65776.394    29309.824
211  mtZOA+G4      12829.611    236 26131.222    63419.222    26952.653
212  mtZOA+I+G4    12829.675    237 26133.350    82539.350    26958.261
213  mtZOA+R2      13082.251    237 26638.502    83044.502    27463.413
214  mtZOA+R3      12869.062    239 26216.125    140936.125   27047.997
215  mtZOA+R4      12829.097    241 26140.194    142784.194   26979.028
216  mtZOA+R5      12825.578    243 26137.156    144721.156   26982.951
222  mtZOA+F       13383.361    254 27274.722    156814.722   28158.805
223  mtZOA+F+I     13344.608    255 27199.216    157759.216   28086.779
224  mtZOA+F+G4    12459.088    255 25428.175    155988.175   26315.738
225  mtZOA+F+I+G4  12459.045    256 25430.090    157014.090   26321.134
226  mtZOA+F+R2    12659.409    256 25830.818    157414.818   26721.862
227  mtZOA+F+R3    12478.130    258 25472.261    159116.261   26370.266
228  mtZOA+F+R4    12441.171    260 25402.342    161122.342   26307.308
229  mtZOA+F+R5    12434.669    262 25393.337    163205.337   26305.265
230  mtZOA+F+R6    12432.968    264 25393.937    165313.937   26312.825
235  VT            12821.299    235 26112.597    53842.597    26930.548
236  VT+I          12777.636    236 26027.271    63315.271    26848.702
237  VT+G4         12178.040    236 24828.080    62116.080    25649.511
238  VT+I+G4       12176.511    237 24827.023    81233.023    25651.934
239  VT+R2         12313.107    237 25100.215    81506.215    25925.126
240  VT+R3         12186.354    239 24850.707    139570.707   25682.580
241  VT+R4         12155.728    241 24793.456    141437.456   25632.290
242  VT+R5         12150.024    243 24786.047    143370.047   25631.842
243  VT+R6         12149.957    245 24789.913    145329.913   25642.670
248  VT+F          12834.639    254 26177.277    155717.277   27061.359
249  VT+F+I        12789.923    255 26089.845    156649.845   26977.408
250  VT+F+G4       12207.443    255 24924.886    155484.886   25812.449
251  VT+F+I+G4     12206.093    256 24924.187    156508.187   25815.230
252  VT+F+R2       12335.765    256 25183.531    156767.531   26074.574
253  VT+F+R3       12221.551    258 24959.102    158603.102   25857.107
254  VT+F+R4       12188.824    260 24897.648    160617.648   25802.614
255  VT+F+R5       12183.408    262 24890.816    162702.816   25802.743
261  LG            12840.110    235 26150.221    53880.221    26968.171
262  LG+I          12799.596    236 26071.191    63359.191    26892.622
263  LG+G4         12084.787    236 24641.574    61929.574    25463.005
264  LG+I+G4       12084.194    237 24642.388    81048.388    25467.300
265  LG+R2         12257.168    237 24988.336    81394.336    25813.247
266  LG+R3         12109.860    239 24697.721    139417.721   25529.593
267  LG+R4         12070.089    241 24622.178    141266.178   25461.012
268  LG+R5         12064.562    243 24615.125    143199.125   25460.920
269  LG+R6         12064.508    245 24619.017    145159.017   25471.773
274  LG+F          12870.679    254 26249.358    155789.358   27133.440
275  LG+F+I        12828.867    255 26167.735    156727.735   27055.298
276  LG+F+G4       12155.242    255 24820.484    155380.484   25708.047
277  LG+F+I+G4     12154.280    256 24820.559    156404.559   25711.603
278  LG+F+R2       12319.108    256 25150.216    156734.216   26041.260
279  LG+F+R3       12176.948    258 24869.896    158513.896   25767.901
280  LG+F+R4       12142.339    260 24804.679    160524.679   25709.645
281  LG+F+R5       12136.658    262 24797.317    162609.317   25709.244
282  LG+F+R6       12136.632    264 24801.265    164721.265   25720.154
287  DCMut         12953.740    235 26377.480    54107.480    27195.430
288  DCMut+I       12916.198    236 26304.396    63592.396    27125.827
289  DCMut+G4      12279.723    236 25031.446    62319.446    25852.876
290  DCMut+I+G4    12279.137    237 25032.275    81438.275    25857.186
291  DCMut+R2      12403.890    237 25281.781    81687.781    26106.692
292  DCMut+R3      12292.207    239 25062.415    139782.415   25894.288
293  DCMut+R4      12250.891    241 24983.783    141627.783   25822.617
294  DCMut+R5      12245.900    243 24977.800    143561.800   25823.595
300  DCMut+F       12910.801    254 26329.602    155869.602   27213.685
301  DCMut+F+I     12870.025    255 26250.051    156810.051   27137.614
302  DCMut+F+G4    12212.893    255 24935.785    155495.785   25823.348
303  DCMut+F+I+G4  12211.700    256 24935.399    156519.399   25826.443
304  DCMut+F+R2    12354.186    256 25220.372    156804.372   26111.415
305  DCMut+F+R3    12229.732    258 24975.465    158619.465   25873.470
306  DCMut+F+R4    12191.436    260 24902.873    160622.873   25807.839
307  DCMut+F+R5    12183.322    262 24890.645    162702.645   25802.572
308  DCMut+F+R6    12182.988    264 24893.977    164813.977   25812.866
313  PMB           12858.655    235 26187.310    53917.310    27005.260
314  PMB+I         12816.054    236 26104.108    63392.108    26925.539
315  PMB+G4        12238.811    236 24949.622    62237.622    25771.053
316  PMB+I+G4      12236.872    237 24947.744    81353.744    25772.656
317  PMB+R2        12370.424    237 25214.849    81620.849    26039.760
318  PMB+R3        12245.108    239 24968.215    139688.215   25800.088
319  PMB+R4        12220.801    241 24923.602    141567.602   25762.436
320  PMB+R5        12218.902    243 24923.804    143507.804   25769.600
326  PMB+F         12830.360    254 26168.719    155708.719   27052.801
327  PMB+F+I       12786.526    255 26083.052    156643.052   26970.614
328  PMB+F+G4      12236.963    255 24983.925    155543.925   25871.488
329  PMB+F+I+G4    12235.141    256 24982.282    156566.282   25873.326
330  PMB+F+R2      12359.774    256 25231.548    156815.548   26122.592
331  PMB+F+R3      12245.439    258 25006.878    158650.878   25904.883
332  PMB+F+R4      12219.636    260 24959.273    160679.273   25864.239
333  PMB+F+R5      12216.574    262 24957.148    162769.148   25869.075
339  HIVb          13394.137    235 27258.274    54988.274    28076.224
340  HIVb+I        13331.373    236 27134.745    64422.745    27956.176
341  HIVb+G4       12487.811    236 25447.622    62735.622    26269.053
342  HIVb+I+G4     12485.220    237 25444.441    81850.441    26269.352
343  HIVb+R2       12692.341    237 25858.683    82264.683    26683.594
344  HIVb+R3       12526.606    239 25531.212    140251.212   26363.084
345  HIVb+R4       12469.170    241 25420.340    142064.340   26259.174
346  HIVb+R5       12452.353    243 25390.707    143974.707   26236.502
347  HIVb+R6       12450.172    245 25390.343    145930.343   26243.100
352  HIVb+F        13473.862    254 27455.723    156995.723   28339.806
353  HIVb+F+I      13410.221    255 27330.442    157890.442   28218.005
354  HIVb+F+G4     12567.703    255 25645.406    156205.406   26532.969
355  HIVb+F+I+G4   12562.809    256 25637.619    157221.619   26528.662
356  HIVb+F+R2     12771.712    256 26055.425    157639.425   26946.468
357  HIVb+F+R3     12601.425    258 25718.851    159362.851   26616.856
358  HIVb+F+R4     12557.139    260 25634.278    161354.278   26539.244
359  HIVb+F+R5     12545.658    262 25615.315    163427.315   26527.242
360  HIVb+F+R6     12544.207    264 25616.415    165536.415   26535.304
365  HIVw          13968.117    235 28406.235    56136.235    29224.185
366  HIVw+I        13893.964    236 28259.927    65547.927    29081.358
367  HIVw+G4       13050.227    236 26572.454    63860.454    27393.885
368  HIVw+I+G4     13046.814    237 26567.628    82973.628    27392.539
369  HIVw+R2       13234.292    237 26942.585    83348.585    27767.496
370  HIVw+R3       13072.097    239 26622.194    141342.194   27454.067
371  HIVw+R4       13021.357    241 26524.715    143168.715   27363.549
372  HIVw+R5       13004.476    243 26494.951    145078.951   27340.746
373  HIVw+R6       13002.314    245 26494.627    147034.627   27347.384
378  HIVw+F        13936.834    254 28381.668    157921.668   29265.750
379  HIVw+F+I      13852.809    255 28215.618    158775.618   29103.181
380  HIVw+F+G4     13017.573    255 26545.147    157105.147   27432.710
381  HIVw+F+I+G4   13014.841    256 26541.682    158125.682   27432.726
382  HIVw+F+R2     13204.390    256 26920.779    158504.779   27811.823
383  HIVw+F+R3     13039.113    258 26594.226    160238.226   27492.231
384  HIVw+F+R4     13004.423    260 26528.846    162248.846   27433.812
385  HIVw+F+R5     12988.925    262 26501.851    164313.851   27413.778
386  HIVw+F+R6     12986.475    264 26500.950    166420.950   27419.838
391  JTTDCMut      12965.367    235 26400.733    54130.733    27218.683
392  JTTDCMut+I    12924.143    236 26320.285    63608.285    27141.716
393  JTTDCMut+G4   12247.825    236 24967.651    62255.651    25789.081
394  JTTDCMut+I+G4 12247.307    237 24968.614    81374.614    25793.526
395  JTTDCMut+R2   12408.973    237 25291.946    81697.946    26116.858
396  JTTDCMut+R3   12271.751    239 25021.502    139741.502   25853.374
397  JTTDCMut+R4   12227.763    241 24937.526    141581.526   25776.360
398  JTTDCMut+R5   12221.246    243 24928.492    143512.492   25774.288
399  JTTDCMut+R6   12220.991    245 24931.983    145471.983   25784.739
404  JTTDCMut+F    12979.951    254 26467.902    156007.902   27351.985
405  JTTDCMut+F+I  12934.236    255 26378.472    156938.472   27266.035
406  JTTDCMut+F+G4 12264.881    255 25039.763    155599.763   25927.326
407  JTTDCMut+F+I+G4 12264.155    256 25040.311    156624.311   25931.354
408  JTTDCMut+F+R2 12422.231    256 25356.461    156940.461   26247.505
409  JTTDCMut+F+R3 12284.984    258 25085.969    158729.969   25983.974
410  JTTDCMut+F+R4 12249.973    260 25019.947    160739.947   25924.913
411  JTTDCMut+F+R5 12244.011    262 25012.023    162824.023   25923.950
412  JTTDCMut+F+R6 12243.989    264 25015.977    164935.977   25934.866
417  FLU           13315.319    235 27100.639    54830.639    27918.589
418  FLU+I         13256.318    236 26984.636    64272.636    27806.066
419  FLU+G4        12444.061    236 25360.122    62648.122    26181.553
420  FLU+I+G4      12442.019    237 25358.039    81764.039    26182.950
421  FLU+R2        12617.969    237 25709.938    82115.938    26534.849
422  FLU+R3        12464.224    239 25406.449    140126.449   26238.321
423  FLU+R4        12426.972    241 25335.944    141979.944   26174.778
424  FLU+R5        12409.820    243 25305.640    143889.640   26151.436
425  FLU+R6        12409.820    245 25309.640    145849.640   26162.397
430  FLU+F         13482.522    254 27473.044    157013.044   28357.126
431  FLU+F+I       13417.548    255 27345.096    157905.096   28232.659
432  FLU+F+G4      12570.429    255 25650.859    156210.859   26538.422
433  FLU+F+I+G4    12564.235    256 25640.471    157224.471   26531.514
434  FLU+F+R2      12757.131    256 26026.263    157610.263   26917.307
435  FLU+F+R3      12591.080    258 25698.160    159342.160   26596.165
436  FLU+F+R4      12558.395    260 25636.789    161356.789   26541.755
437  FLU+F+R5      12548.359    262 25620.718    163432.718   26532.645
438  FLU+F+R6      12548.358    264 25624.716    165544.716   26543.604
443  Blosum62      12873.446    235 26216.892    53946.892    27034.842
444  Blosum62+I    12830.331    236 26132.662    63420.662    26954.093
445  Blosum62+G4   12239.136    236 24950.271    62238.271    25771.702
446  Blosum62+I+G4 12237.187    237 24948.374    81354.374    25773.285
447  Blosum62+R2   12374.636    237 25223.273    81629.273    26048.184
448  Blosum62+R3   12248.653    239 24975.306    139695.306   25807.179
449  Blosum62+R4   12219.731    241 24921.463    141565.463   25760.297
450  Blosum62+R5   12216.748    243 24919.497    143503.497   25765.292
456  Blosum62+F    12870.132    254 26248.265    155788.265   27132.347
457  Blosum62+F+I  12825.408    255 26160.816    156720.816   27048.379
458  Blosum62+F+G4 12260.920    255 25031.840    155591.840   25919.403
459  Blosum62+F+I+G4 12258.795    256 25029.589    156613.589   25920.633
460  Blosum62+F+R2 12384.890    256 25281.781    156865.781   26172.824
461  Blosum62+F+R3 12272.516    258 25061.032    158705.032   25959.037
462  Blosum62+F+R4 12243.439    260 25006.878    160726.878   25911.844
463  Blosum62+F+R5 12238.736    262 25001.472    162813.472   25913.399
469  mtMet         14155.538    235 28781.076    56511.076    29599.026
470  mtMet+I       14125.664    236 28723.329    66011.329    29544.759
471  mtMet+G4      13037.815    236 26547.630    63835.630    27369.061
472  mtMet+I+G4    13038.015    237 26550.030    82956.030    27374.942
473  mtMet+R2      13306.280    237 27086.559    83492.559    27911.471
474  mtMet+R3      13073.089    239 26624.177    141344.177   27456.050
475  mtMet+R4      13035.905    241 26553.810    143197.810   27392.644
476  mtMet+R5      13030.375    243 26546.749    145130.749   27392.545
477  mtMet+R6      13025.047    245 26540.095    147080.095   27392.851
482  mtMet+F       13419.356    254 27346.712    156886.712   28230.794
483  mtMet+F+I     13382.380    255 27274.761    157834.761   28162.324
484  mtMet+F+G4    12515.339    255 25540.678    156100.678   26428.241
485  mtMet+F+I+G4  12515.332    256 25542.664    157126.664   26433.708
486  mtMet+F+R2    12729.233    256 25970.467    157554.467   26861.510
487  mtMet+F+R3    12528.053    258 25572.106    159216.106   26470.110
488  mtMet+F+R4    12498.219    260 25516.438    161236.438   26421.404
489  mtMet+F+R5    12493.488    262 25510.976    163322.976   26422.903
495  mtVer         14585.357    235 29640.713    57370.713    30458.663
496  mtVer+I       14564.010    236 29600.019    66888.019    30421.450
497  mtVer+G4      13265.370    236 27002.740    64290.740    27824.171
498  mtVer+I+G4    13268.476    237 27010.952    83416.952    27835.864
499  mtVer+R2      13605.102    237 27684.204    84090.204    28509.116
500  mtVer+R3      13308.686    239 27095.372    141815.372   27927.244
501  mtVer+R4      13267.821    241 27017.642    143661.642   27856.476
502  mtVer+R5      13261.703    243 27009.407    145593.407   27855.202
503  mtVer+R6      13256.117    245 27002.234    147542.234   27854.990
504  mtVer+R7      13238.720    247 26971.439    149483.439   27831.157
505  mtVer+R8      13227.956    249 26953.913    151453.913   27820.592
506  mtVer+R9      13221.760    251 26945.520    153449.520   27819.160
507  mtVer+R10     13219.521    253 26945.041    155469.041   27825.643
508  mtVer+F       13836.546    254 28181.092    157721.092   29065.175
509  mtVer+F+I     13801.628    255 28113.257    158673.257   29000.820
510  mtVer+F+G4    12782.146    255 26074.292    156634.292   26961.855
511  mtVer+F+I+G4  12782.175    256 26076.351    157660.351   26967.395
512  mtVer+F+R2    13037.197    256 26586.394    158170.394   27477.438
513  mtVer+F+R3    12806.630    258 26129.259    159773.259   27027.264
514  mtVer+F+R4    12778.210    260 26076.420    161796.420   26981.386
515  mtVer+F+R5    12768.744    262 26061.488    163873.488   26973.416
516  mtVer+F+R6    12759.512    264 26047.024    165967.024   26965.913
517  mtVer+F+R7    12751.249    266 26034.497    168078.497   26960.347
518  mtVer+F+R8    12746.527    268 26029.055    170213.055   26961.866
521  mtInv         14014.372    235 28498.745    56228.745    29316.695
522  mtInv+I       13978.686    236 28429.372    65717.372    29250.803
523  mtInv+G4      13025.796    236 26523.591    63811.591    27345.022
524  mtInv+I+G4    13025.744    237 26525.488    82931.488    27350.399
525  mtInv+R2      13267.777    237 27009.553    83415.553    27834.465
526  mtInv+R3      13056.080    239 26590.161    141310.161   27422.033
527  mtInv+R4      13016.386    241 26514.773    143158.773   27353.607
528  mtInv+R5      13012.338    243 26510.677    145094.677   27356.472
534  mtInv+F       13192.808    254 26893.617    156433.617   27777.699
535  mtInv+F+I     13152.576    255 26815.152    157375.152   27702.715
536  mtInv+F+G4    12384.620    255 25279.240    155839.240   26166.803
537  mtInv+F+I+G4  12383.265    256 25278.531    156862.531   26169.574
538  mtInv+F+R2    12579.744    256 25671.488    157255.488   26562.532
539  mtInv+F+R3    12400.315    258 25316.630    158960.630   26214.634
540  mtInv+F+R4    12365.601    260 25251.201    160971.201   26156.167
541  mtInv+F+R5    12362.209    262 25248.419    163060.419   26160.346
Akaike Information Criterion:           LG+R5
Corrected Akaike Information Criterion: WAG
Bayesian Information Criterion:         LG+R5
Best-fit model: LG+R5 chosen according to BIC

All model information printed to /mnt/ivy/thliao/project/AOB/analysis/20210713_repeat/add_Chromatiaces/phy_files/P39_prot/withEuk/NP_043194.1.model.gz
CPU time for ModelFinder: 998.101 seconds (0h:16m:38s)
Wall-clock time for ModelFinder: 500.884 seconds (0h:8m:20s)
Generating 1000 samples for ultrafast bootstrap (seed: 835058)...

NOTE: 16 MB RAM (0 GB) is required!
Estimate model parameters (epsilon = 0.100)
1. Initial log-likelihood: -12084.209
2. Current log-likelihood: -12073.737
3. Current log-likelihood: -12071.657
4. Current log-likelihood: -12070.517
5. Current log-likelihood: -12069.739
6. Current log-likelihood: -12069.075
7. Current log-likelihood: -12068.509
8. Current log-likelihood: -12068.023
9. Current log-likelihood: -12067.605
10. Current log-likelihood: -12067.242
11. Current log-likelihood: -12066.924
12. Current log-likelihood: -12066.728
13. Current log-likelihood: -12066.460
14. Current log-likelihood: -12066.305
15. Current log-likelihood: -12066.151
16. Current log-likelihood: -12066.008
17. Current log-likelihood: -12065.878
18. Current log-likelihood: -12065.760
19. Current log-likelihood: -12065.653
Optimal log-likelihood: -12065.522
Site proportion and rates:  (0.164,0.072) (0.152,0.359) (0.253,0.747) (0.196,1.264) (0.235,2.113)
Parameters optimization took 19 rounds (11.494 sec)
Computing ML distances based on estimated model parameters... 7.222 sec
Computing BIONJ tree...
0.016 seconds
Log-likelihood of BIONJ tree: -11923.151
--------------------------------------------------------------------
|             INITIALIZING CANDIDATE TREE SET                      |
--------------------------------------------------------------------
Generating 98 parsimony trees... 3.919 second
Computing log-likelihood of 98 initial trees ... 10.694 seconds
Current best score: -11923.151

Do NNI search on 20 best initial trees
Estimate model parameters (epsilon = 0.100)
BETTER TREE FOUND at iteration 1: -11839.832
Iteration 10 / LogL: -11903.207 / Time: 0h:0m:52s
Iteration 20 / LogL: -11900.628 / Time: 0h:1m:14s
Finish initializing candidate tree set (20)
Current best tree score: -11839.832 / CPU time: 58.758
Number of iterations: 20
--------------------------------------------------------------------
|               OPTIMIZING CANDIDATE TREE SET                      |
--------------------------------------------------------------------
Iteration 30 / LogL: -11850.330 / Time: 0h:1m:31s (0h:3m:43s left)
Estimate model parameters (epsilon = 0.100)
BETTER TREE FOUND at iteration 33: -11838.474
Estimate model parameters (epsilon = 0.100)
BETTER TREE FOUND at iteration 37: -11837.988
Iteration 40 / LogL: -11842.110 / Time: 0h:1m:50s (0h:4m:33s left)
Estimate model parameters (epsilon = 0.100)
BETTER TREE FOUND at iteration 42: -11836.264
Estimate model parameters (epsilon = 0.100)
BETTER TREE FOUND at iteration 43: -11836.035
Estimate model parameters (epsilon = 0.100)
BETTER TREE FOUND at iteration 46: -11835.842
Iteration 50 / LogL: -11841.719 / Time: 0h:2m:10s (0h:4m:14s left)
Log-likelihood cutoff on original alignment: -11928.577
UFBoot trees printed to /mnt/ivy/thliao/project/AOB/analysis/20210713_repeat/add_Chromatiaces/phy_files/P39_prot/withEuk/NP_043194.1.ufboot
Estimate model parameters (epsilon = 0.100)
BETTER TREE FOUND at iteration 60: -11835.282
Iteration 60 / LogL: -11835.282 / Time: 0h:2m:30s (0h:4m:14s left)
Iteration 70 / LogL: -11837.111 / Time: 0h:2m:47s (0h:3m:38s left)
Estimate model parameters (epsilon = 0.100)
BETTER TREE FOUND at iteration 77: -11835.158
Iteration 80 / LogL: -11835.866 / Time: 0h:3m:7s (0h:3m:50s left)
Estimate model parameters (epsilon = 0.100)
BETTER TREE FOUND at iteration 82: -11834.353
Iteration 90 / LogL: -11836.377 / Time: 0h:3m:27s (0h:3m:34s left)
Estimate model parameters (epsilon = 0.100)
BETTER TREE FOUND at iteration 91: -11833.112
Iteration 100 / LogL: -11842.107 / Time: 0h:3m:46s (0h:3m:28s left)
Log-likelihood cutoff on original alignment: -11928.577
NOTE: Bootstrap correlation coefficient of split occurrence frequencies: 0.991
UFBoot trees printed to /mnt/ivy/thliao/project/AOB/analysis/20210713_repeat/add_Chromatiaces/phy_files/P39_prot/withEuk/NP_043194.1.ufboot
Estimate model parameters (epsilon = 0.100)
BETTER TREE FOUND at iteration 103: -11831.833
Estimate model parameters (epsilon = 0.100)
BETTER TREE FOUND at iteration 108: -11831.743
Iteration 110 / LogL: -11833.238 / Time: 0h:4m:6s (0h:3m:41s left)
Estimate model parameters (epsilon = 0.100)
BETTER TREE FOUND at iteration 112: -11831.670
Iteration 120 / LogL: -11840.329 / Time: 0h:4m:25s (0h:3m:25s left)
Iteration 130 / LogL: -11838.765 / Time: 0h:4m:43s (0h:3m:0s left)
Iteration 140 / LogL: -11832.323 / Time: 0h:5m:1s (0h:2m:36s left)
Iteration 150 / LogL: -11834.061 / Time: 0h:5m:20s (0h:2m:13s left)
Log-likelihood cutoff on original alignment: -11928.577
UFBoot trees printed to /mnt/ivy/thliao/project/AOB/analysis/20210713_repeat/add_Chromatiaces/phy_files/P39_prot/withEuk/NP_043194.1.ufboot
Iteration 160 / LogL: -11832.072 / Time: 0h:5m:38s (0h:1m:50s left)
Estimate model parameters (epsilon = 0.100)
BETTER TREE FOUND at iteration 167: -11831.593
Iteration 170 / LogL: -11834.394 / Time: 0h:5m:55s (0h:3m:24s left)
Iteration 180 / LogL: -11831.763 / Time: 0h:6m:13s (0h:3m:1s left)
Iteration 190 / LogL: -11838.833 / Time: 0h:6m:33s (0h:2m:40s left)
Estimate model parameters (epsilon = 0.100)
BETTER TREE FOUND at iteration 200: -11831.535
Iteration 200 / LogL: -11831.535 / Time: 0h:6m:52s (0h:3m:27s left)
Log-likelihood cutoff on original alignment: -11928.577
NOTE: Bootstrap correlation coefficient of split occurrence frequencies: 0.985
NOTE: UFBoot does not converge, continue at least 100 more iterations
UFBoot trees printed to /mnt/ivy/thliao/project/AOB/analysis/20210713_repeat/add_Chromatiaces/phy_files/P39_prot/withEuk/NP_043194.1.ufboot
Iteration 210 / LogL: -11833.607 / Time: 0h:7m:12s (0h:3m:6s left)
Iteration 220 / LogL: -11842.388 / Time: 0h:7m:34s (0h:2m:45s left)
Iteration 230 / LogL: -11856.668 / Time: 0h:7m:53s (0h:2m:24s left)
Estimate model parameters (epsilon = 0.100)
BETTER TREE FOUND at iteration 238: -11830.813
Iteration 240 / LogL: -11835.981 / Time: 0h:8m:13s (0h:3m:22s left)
Iteration 250 / LogL: -11837.124 / Time: 0h:8m:33s (0h:3m:1s left)
Log-likelihood cutoff on original alignment: -11928.577
UFBoot trees printed to /mnt/ivy/thliao/project/AOB/analysis/20210713_repeat/add_Chromatiaces/phy_files/P39_prot/withEuk/NP_043194.1.ufboot
Iteration 260 / LogL: -11836.750 / Time: 0h:8m:54s (0h:2m:41s left)
Estimate model parameters (epsilon = 0.100)
BETTER TREE FOUND at iteration 270: -11830.098
Iteration 270 / LogL: -11830.098 / Time: 0h:9m:15s (0h:3m:26s left)
Iteration 280 / LogL: -11833.154 / Time: 0h:9m:35s (0h:3m:5s left)
Iteration 290 / LogL: -11831.056 / Time: 0h:9m:54s (0h:2m:44s left)
Iteration 300 / LogL: -11830.667 / Time: 0h:10m:14s (0h:2m:23s left)
Log-likelihood cutoff on original alignment: -11928.577
NOTE: Bootstrap correlation coefficient of split occurrence frequencies: 0.993
UFBoot trees printed to /mnt/ivy/thliao/project/AOB/analysis/20210713_repeat/add_Chromatiaces/phy_files/P39_prot/withEuk/NP_043194.1.ufboot
UPDATE BEST LOG-LIKELIHOOD: -11830.097
Iteration 310 / LogL: -11831.831 / Time: 0h:10m:36s (0h:3m:5s left)
Estimate model parameters (epsilon = 0.100)
BETTER TREE FOUND at iteration 315: -11830.053
Iteration 320 / LogL: -11831.620 / Time: 0h:10m:56s (0h:3m:15s left)
Iteration 330 / LogL: -11832.078 / Time: 0h:11m:14s (0h:2m:54s left)
Iteration 340 / LogL: -11830.422 / Time: 0h:11m:35s (0h:2m:33s left)
Iteration 350 / LogL: -11832.688 / Time: 0h:11m:55s (0h:2m:13s left)
Log-likelihood cutoff on original alignment: -11928.577
UFBoot trees printed to /mnt/ivy/thliao/project/AOB/analysis/20210713_repeat/add_Chromatiaces/phy_files/P39_prot/withEuk/NP_043194.1.ufboot
Iteration 360 / LogL: -11831.245 / Time: 0h:12m:16s (0h:1m:52s left)
Iteration 370 / LogL: -11838.538 / Time: 0h:12m:37s (0h:1m:32s left)
Iteration 380 / LogL: -11843.324 / Time: 0h:12m:55s (0h:1m:11s left)
Iteration 390 / LogL: -11830.106 / Time: 0h:13m:14s (0h:0m:51s left)
UPDATE BEST LOG-LIKELIHOOD: -11830.052
Iteration 400 / LogL: -11831.696 / Time: 0h:13m:33s (0h:0m:30s left)
Log-likelihood cutoff on original alignment: -11928.577
NOTE: Bootstrap correlation coefficient of split occurrence frequencies: 0.986
NOTE: UFBoot does not converge, continue at least 100 more iterations
UFBoot trees printed to /mnt/ivy/thliao/project/AOB/analysis/20210713_repeat/add_Chromatiaces/phy_files/P39_prot/withEuk/NP_043194.1.ufboot
Iteration 410 / LogL: -11832.494 / Time: 0h:13m:55s (0h:3m:3s left)
Iteration 420 / LogL: -11837.664 / Time: 0h:14m:14s (0h:2m:43s left)
Iteration 430 / LogL: -11833.143 / Time: 0h:14m:34s (0h:2m:22s left)
Iteration 440 / LogL: -11835.009 / Time: 0h:14m:51s (0h:2m:1s left)
Iteration 450 / LogL: -11830.509 / Time: 0h:15m:11s (0h:1m:41s left)
Log-likelihood cutoff on original alignment: -11928.577
UFBoot trees printed to /mnt/ivy/thliao/project/AOB/analysis/20210713_repeat/add_Chromatiaces/phy_files/P39_prot/withEuk/NP_043194.1.ufboot
Iteration 460 / LogL: -11831.127 / Time: 0h:15m:32s (0h:1m:21s left)
Iteration 470 / LogL: -11837.456 / Time: 0h:15m:51s (0h:1m:0s left)
Iteration 480 / LogL: -11835.870 / Time: 0h:16m:11s (0h:0m:40s left)
Iteration 490 / LogL: -11830.210 / Time: 0h:16m:32s (0h:0m:20s left)
Iteration 500 / LogL: -11831.515 / Time: 0h:16m:52s (0h:0m:0s left)
Log-likelihood cutoff on original alignment: -11928.577
NOTE: Bootstrap correlation coefficient of split occurrence frequencies: 0.985
NOTE: UFBoot does not converge, continue at least 100 more iterations
UFBoot trees printed to /mnt/ivy/thliao/project/AOB/analysis/20210713_repeat/add_Chromatiaces/phy_files/P39_prot/withEuk/NP_043194.1.ufboot
Estimate model parameters (epsilon = 0.100)
BETTER TREE FOUND at iteration 501: -11829.805
Iteration 510 / LogL: -11836.165 / Time: 0h:17m:14s (0h:3m:5s left)
Estimate model parameters (epsilon = 0.100)
BETTER TREE FOUND at iteration 514: -11829.739
Iteration 520 / LogL: -11831.935 / Time: 0h:17m:36s (0h:3m:11s left)
Iteration 530 / LogL: -11839.680 / Time: 0h:17m:56s (0h:2m:50s left)
Iteration 540 / LogL: -11830.119 / Time: 0h:18m:16s (0h:2m:30s left)
Iteration 550 / LogL: -11833.797 / Time: 0h:18m:35s (0h:2m:10s left)
Log-likelihood cutoff on original alignment: -11928.577
UFBoot trees printed to /mnt/ivy/thliao/project/AOB/analysis/20210713_repeat/add_Chromatiaces/phy_files/P39_prot/withEuk/NP_043194.1.ufboot
Iteration 560 / LogL: -11837.003 / Time: 0h:18m:55s (0h:1m:49s left)
UPDATE BEST LOG-LIKELIHOOD: -11829.738
Iteration 570 / LogL: -11829.738 / Time: 0h:19m:14s (0h:1m:29s left)
Iteration 580 / LogL: -11838.558 / Time: 0h:19m:34s (0h:1m:8s left)
Iteration 590 / LogL: -11832.603 / Time: 0h:19m:55s (0h:0m:48s left)
Iteration 600 / LogL: -11835.791 / Time: 0h:20m:15s (0h:0m:28s left)
Log-likelihood cutoff on original alignment: -11928.577
NOTE: Bootstrap correlation coefficient of split occurrence frequencies: 0.987
NOTE: UFBoot does not converge, continue at least 100 more iterations
UFBoot trees printed to /mnt/ivy/thliao/project/AOB/analysis/20210713_repeat/add_Chromatiaces/phy_files/P39_prot/withEuk/NP_043194.1.ufboot
Iteration 610 / LogL: -11830.074 / Time: 0h:20m:36s (0h:3m:2s left)
Iteration 620 / LogL: -11835.492 / Time: 0h:20m:56s (0h:2m:42s left)
Iteration 630 / LogL: -11834.058 / Time: 0h:21m:14s (0h:2m:21s left)
Iteration 640 / LogL: -11831.281 / Time: 0h:21m:34s (0h:2m:1s left)
Iteration 650 / LogL: -11855.181 / Time: 0h:21m:55s (0h:1m:41s left)
Log-likelihood cutoff on original alignment: -11928.577
UFBoot trees printed to /mnt/ivy/thliao/project/AOB/analysis/20210713_repeat/add_Chromatiaces/phy_files/P39_prot/withEuk/NP_043194.1.ufboot
Iteration 660 / LogL: -11835.612 / Time: 0h:22m:16s (0h:1m:21s left)
Iteration 670 / LogL: -11829.802 / Time: 0h:22m:36s (0h:1m:0s left)
Iteration 680 / LogL: -11830.094 / Time: 0h:22m:57s (0h:0m:40s left)
Iteration 690 / LogL: -11832.964 / Time: 0h:23m:16s (0h:0m:20s left)
Iteration 700 / LogL: -11838.728 / Time: 0h:23m:36s (0h:0m:0s left)
Log-likelihood cutoff on original alignment: -11928.577
NOTE: Bootstrap correlation coefficient of split occurrence frequencies: 0.990
UFBoot trees printed to /mnt/ivy/thliao/project/AOB/analysis/20210713_repeat/add_Chromatiaces/phy_files/P39_prot/withEuk/NP_043194.1.ufboot
TREE SEARCH COMPLETED AFTER 700 ITERATIONS / Time: 0h:23m:39s

--------------------------------------------------------------------
|                    FINALIZING TREE SEARCH                        |
--------------------------------------------------------------------
Performs final model parameters optimization
Estimate model parameters (epsilon = 0.010)
1. Initial log-likelihood: -11829.738
Optimal log-likelihood: -11829.730
Site proportion and rates:  (0.158,0.061) (0.161,0.346) (0.200,0.688) (0.193,1.132) (0.288,2.011)
Parameters optimization took 1 rounds (0.593 sec)
BEST SCORE FOUND : -11829.730
Creating bootstrap support values...
Split supports printed to NEXUS file /mnt/ivy/thliao/project/AOB/analysis/20210713_repeat/add_Chromatiaces/phy_files/P39_prot/withEuk/NP_043194.1.splits.nex
Total tree length: 51.510

Total number of iterations: 700
CPU time used for tree search: 2750.284 sec (0h:45m:50s)
Wall-clock time used for tree search: 1403.497 sec (0h:23m:23s)
Total CPU time used: 2783.765 sec (0h:46m:23s)
Total wall-clock time used: 1420.761 sec (0h:23m:40s)
UFBoot trees printed to /mnt/ivy/thliao/project/AOB/analysis/20210713_repeat/add_Chromatiaces/phy_files/P39_prot/withEuk/NP_043194.1.ufboot

Computing bootstrap consensus tree...
Reading input file /mnt/ivy/thliao/project/AOB/analysis/20210713_repeat/add_Chromatiaces/phy_files/P39_prot/withEuk/NP_043194.1.splits.nex...
119 taxa and 1470 splits.
Consensus tree written to /mnt/ivy/thliao/project/AOB/analysis/20210713_repeat/add_Chromatiaces/phy_files/P39_prot/withEuk/NP_043194.1.contree
Reading input trees file /mnt/ivy/thliao/project/AOB/analysis/20210713_repeat/add_Chromatiaces/phy_files/P39_prot/withEuk/NP_043194.1.contree
Log-likelihood of consensus tree: -11830.122

Analysis results written to: 
  IQ-TREE report:                /mnt/ivy/thliao/project/AOB/analysis/20210713_repeat/add_Chromatiaces/phy_files/P39_prot/withEuk/NP_043194.1.iqtree
  Maximum-likelihood tree:       /mnt/ivy/thliao/project/AOB/analysis/20210713_repeat/add_Chromatiaces/phy_files/P39_prot/withEuk/NP_043194.1.treefile
  Likelihood distances:          /mnt/ivy/thliao/project/AOB/analysis/20210713_repeat/add_Chromatiaces/phy_files/P39_prot/withEuk/NP_043194.1.mldist

Ultrafast bootstrap approximation results written to:
  Split support values:          /mnt/ivy/thliao/project/AOB/analysis/20210713_repeat/add_Chromatiaces/phy_files/P39_prot/withEuk/NP_043194.1.splits.nex
  Consensus tree:                /mnt/ivy/thliao/project/AOB/analysis/20210713_repeat/add_Chromatiaces/phy_files/P39_prot/withEuk/NP_043194.1.contree
  UFBoot trees:                  /mnt/ivy/thliao/project/AOB/analysis/20210713_repeat/add_Chromatiaces/phy_files/P39_prot/withEuk/NP_043194.1.ufboot
  Screen log file:               /mnt/ivy/thliao/project/AOB/analysis/20210713_repeat/add_Chromatiaces/phy_files/P39_prot/withEuk/NP_043194.1.log

Date and Time: Mon Dec 12 10:07:56 2022
