IQ-TREE multicore version 1.6.12 for Linux 64-bit built Aug 15 2019
Developed by Bui Quang Minh, Nguyen Lam Tung, Olga Chernomor,
Heiko Schmidt, Dominik Schrempf, Michael Woodhams.

Host:    cl006 (AVX512, FMA3, 125 GB RAM)
Command: iqtree -nt 2 -redo -wbtl -bb 1000 -pre /mnt/ivy/thliao/project/AOB/analysis/20210713_repeat/add_Chromatiaces/phy_files/P39_prot/withEuk/NP_043190.1 -s /mnt/ivy/thliao/project/AOB/analysis/20210713_repeat/add_Chromatiaces/phy_files/P39_prot/withEuk/NP_043190.1.aln
Seed:    523435 (Using SPRNG - Scalable Parallel Random Number Generator)
Time:    Mon Dec 12 09:38:55 2022
Kernel:  AVX+FMA - 2 threads (64 CPU cores detected)

Reading alignment file /mnt/ivy/thliao/project/AOB/analysis/20210713_repeat/add_Chromatiaces/phy_files/P39_prot/withEuk/NP_043190.1.aln ... Fasta format detected
Alignment most likely contains protein sequences
Alignment has 121 sequences with 232 columns, 223 distinct patterns
171 parsimony-informative, 29 singleton sites, 32 constant sites
                          Gap/Ambiguity  Composition  p-value
   1  Chondrus_crispus           23.28%    failed      0.23%
   2  Cyanidioschyzon_merolae    25.00%    passed     58.86%
   3  Cyanophora_paradoxa        22.84%    passed     85.28%
   4  Cyanoptyche_gloeocystis    22.84%    passed     22.15%
   5  Galdieria_sulphuraria      21.12%    failed      0.23%
   6  Gloeochaete_wittrockiana   22.84%    passed     48.29%
   7  NC_000926.1                22.84%    passed     65.70%
   8  NC_007288.1                21.98%    passed     54.74%
   9  NC_008588.1                23.28%    passed      6.64%
  10  NC_008589.1                19.40%    passed     47.25%
  11  NC_012898.1                22.84%    passed     89.62%
  12  NC_016703.2                22.41%    passed     58.05%
  13  NC_020371.1                22.84%    passed      7.38%
  14  NC_049168.1                21.98%    passed     59.28%
  15  Porphyra_umbilicalis       22.41%    failed      3.30%
  16  Porphyridium_purpureum     22.84%    passed     40.56%
  17  GCA_000473895.1            22.84%    passed     92.61%
  18  GCA_015709615.1            23.71%    passed     41.27%
  19  GCA_000024725.1            23.71%    passed     87.58%
  20  GCA_013697045.1            23.71%    passed     89.58%
  21  GCA_900107585.1            23.71%    failed      3.50%
  22  GCA_014859375.1            23.71%    passed     89.82%
  23  GCA_015272465.1            17.24%    passed     39.50%
  24  GCA_002356115.1            23.71%    passed     99.02%
  25  GCA_009833095.1            23.28%    passed     42.03%
  26  GCA_013140465.1            23.71%    passed     98.12%
  27  GCA_001747005.1            22.84%    passed     85.52%
  28  GCA_014635705.1            23.71%    passed     95.45%
  29  GCA_000469665.2            15.09%    failed      1.02%
  30  GCA_002109495.1            23.71%    passed     50.69%
  31  GCA_001458735.1            23.28%    passed     67.97%
  32  GCA_000952155.1            22.84%    passed     63.54%
  33  GCA_000317495.1            22.84%    passed     92.65%
  34  GCA_000317515.1            22.84%    passed     56.43%
  35  GCA_007197755.1            23.71%    passed     99.02%
  36  GCA_001187785.1            24.57%    passed     84.13%
  37  GCA_003719295.1            24.57%    passed     87.55%
  38  GCA_000314005.1            22.41%    passed     92.89%
  39  GCA_004168365.1            24.14%    passed     61.50%
  40  GCA_011090395.1            39.22%    passed     88.61%
  41  GCA_003015105.1            22.84%    passed     99.65%
  42  GCA_902810445.1            23.71%    passed     78.02%
  43  GCA_001697225.1            23.28%    passed     59.51%
  44  GCA_002868715.1            24.57%    passed     89.25%
  45  GCA_003532895.1            20.69%    passed     92.53%
  46  GCA_002218085.1            21.98%    passed     86.37%
  47  GCA_003015145.1            24.57%    passed     60.11%
  48  GCA_008189685.1            24.57%    failed      0.00%
  49  GCA_003696005.1            22.84%    passed     35.31%
  50  GCA_003551305.1            18.10%    passed     25.18%
  51  GCA_902500715.1            23.28%    passed     93.45%
  52  GCA_004684205.1            24.57%    passed     81.29%
  53  GCA_001828295.1            19.83%    passed     51.05%
  54  GCA_000949635.1            19.40%    passed     95.22%
  55  GCA_001644685.1            23.71%    passed     65.54%
  56  GCA_013141375.1            23.71%    passed     71.12%
  57  GCA_000760695.4            21.98%    passed     94.51%
  58  GCA_017879665.1            35.78%    passed     88.90%
  59  GCA_001772005.1            23.71%    passed     98.23%
  60  GCA_000332035.1            22.41%    passed     95.82%
  61  GCA_016788925.1            23.28%    passed     85.77%
  62  GCA_000740735.1            23.28%    passed     99.80%
  63  GCA_000934545.1            23.71%    passed     74.95%
  64  GCA_001458695.1            23.28%    passed     98.35%
  65  GCA_016207025.1            23.28%    passed     54.79%
  66  GCA_900119825.1            23.71%    passed     97.72%
  67  GCA_003534995.1            23.28%    passed     97.14%
  68  GCA_015709635.1            23.71%    passed     36.03%
  69  GCA_006496635.1            23.71%    passed     94.02%
  70  GCA_000011385.1            17.67%    passed     67.91%
  71  GCA_001828545.1            18.97%    passed     61.90%
  72  GCA_005877815.1            23.28%    passed     99.78%
  73  GCA_000263335.1            24.57%    passed     84.84%
  74  GCA_007992375.1            30.60%    passed     90.01%
  75  GCA_001890765.1            22.41%    passed     63.44%
  76  GCA_003149345.1            21.12%    passed     87.37%
  77  GCA_001828535.1            19.40%    passed     66.05%
  78  GCA_004421105.1            23.71%    passed     76.03%
  79  GCA_002083815.1            24.14%    passed     96.70%
  80  GCA_003576955.1            35.78%    passed     79.94%
  81  GCA_003851125.1            23.71%    passed     32.21%
  82  GCA_010027455.1            23.71%    passed     72.22%
  83  GCA_001803795.1            22.84%    passed     77.34%
  84  GCA_003003885.1            22.84%    passed     96.67%
  85  GCA_004282745.1            19.83%    passed     58.44%
  86  GCA_000214665.1            23.71%    passed     87.12%
  87  GCA_002072955.1            23.71%    passed     94.54%
  88  GCA_016873455.1            23.28%    passed     96.87%
  89  GCA_001870225.1            18.53%    passed     90.56%
  90  GCA_013140535.1            23.28%    passed     92.87%
  91  GCA_000948975.1            23.71%    passed     98.64%
  92  GCA_001566965.1            23.71%    passed     92.33%
  93  GCA_000264455.2            23.71%    passed     89.94%
  94  GCA_000317535.1            21.55%    passed     97.77%
  95  GCA_006385135.1            23.71%    passed     23.11%
  96  GCA_001267195.1            23.71%    passed     64.43%
  97  GCA_000014865.1            23.71%    passed     57.85%
  98  GCA_002355455.1            22.84%    passed     97.72%
  99  GCA_002162035.1            23.71%    passed     85.29%
 100  GCA_001881495.1            24.14%    passed     97.82%
 101  GCA_000317575.1            22.84%    passed     97.05%
 102  GCA_000380225.1            21.98%    passed     98.44%
 103  GCA_003258315.1            22.84%    passed     41.17%
 104  GCA_016592635.1            23.71%    passed     81.72%
 105  GCA_902459485.1            16.38%    passed     72.47%
 106  GCA_001904725.1            21.55%    passed     78.52%
 107  GCA_000013225.1            21.98%    passed     87.72%
 108  GCA_900110495.1            23.71%    passed     88.87%
 109  GCA_000346485.2            21.98%    passed     85.19%
 110  GCA_003644325.1            21.55%    passed     90.68%
 111  GCA_004195045.1            22.84%    failed      0.55%
 112  GCA_013521015.1            23.71%    passed     70.27%
 113  GCA_002924445.1            23.71%    passed     12.10%
 114  GCA_005524015.1            19.40%    passed     85.84%
 115  GCA_000332275.1            23.28%    passed     93.64%
 116  GCA_002007425.1            23.71%    passed     96.98%
 117  GCA_000828615.1            23.28%    passed     93.49%
 118  GCA_000228725.3            23.71%    passed     24.09%
 119  GCA_000379525.1            23.71%    passed     60.60%
 120  GCA_001007875.1            23.71%    passed     98.01%
 121  GCA_001469165.1            23.71%    passed     61.52%
****  TOTAL                      23.12%  7 sequences failed composition chi2 test (p-value<5%; df=19)


Create initial parsimony tree by phylogenetic likelihood library (PLL)... 0.036 seconds
NOTE: ModelFinder requires 46 MB RAM!
ModelFinder will test 546 protein models (sample size: 232) ...
 No. Model         -LnL         df  AIC          AICc         BIC
  1  Dayhoff       26410.134    239 53298.268    168018.268   54122.039
  2  Dayhoff+I     26174.787    240 52829.573    168509.573   53656.790
  3  Dayhoff+G4    24875.158    240 50230.316    165910.316   51057.533
  4  Dayhoff+I+G4  24850.338    241 50182.675    166826.675   51013.339
  5  Dayhoff+R2    25175.736    241 50833.471    167477.471   51664.135
  6  Dayhoff+R3    24938.927    243 50363.853    168947.853   51201.410
  7  Dayhoff+R4    24858.695    245 50207.390    170747.390   51051.841
  8  Dayhoff+R5    24822.119    247 50138.238    172650.238   50989.583
  9  Dayhoff+R6    24803.785    249 50105.570    174605.570   50963.807
 10  Dayhoff+R7    24796.659    251 50095.318    176599.318   50960.449
 11  Dayhoff+R8    24792.759    253 50091.518    178615.518   50963.543
 14  Dayhoff+F     26420.511    258 53357.022    187001.022   54246.280
 15  Dayhoff+F+I   26207.308    259 52932.616    187612.616   53825.321
 16  Dayhoff+F+G4  24874.105    259 50266.210    184946.210   51158.915
 17  Dayhoff+F+I+G4 24854.353    260 50228.705    185948.705   51124.857
 18  Dayhoff+F+R2  25152.294    260 50824.587    186544.587   51720.739
 19  Dayhoff+F+R3  24941.540    262 50407.080    188219.080   51310.125
 20  Dayhoff+F+R4  24860.613    264 50249.225    190169.225   51159.164
 21  Dayhoff+F+R5  24819.965    266 50171.929    192215.929   51088.761
 22  Dayhoff+F+R6  24806.184    268 50148.368    194332.368   51072.094
 23  Dayhoff+F+R7  24799.103    270 50138.206    196478.206   51068.825
 24  Dayhoff+F+R8  24795.273    272 50134.547    198646.547   51072.059
 27  mtMAM         29806.489    239 60090.979    174810.979   60914.749
 28  mtMAM+I       29678.773    240 59837.545    175517.545   60664.762
 29  mtMAM+G4      26550.819    240 53581.639    169261.639   54408.856
 30  mtMAM+I+G4    26543.558    241 53569.117    170213.117   54399.780
 31  mtMAM+R2      27342.388    241 55166.776    171810.776   55997.439
 32  mtMAM+R3      26770.533    243 54027.067    172611.067   54864.624
 33  mtMAM+R4      26638.975    245 53767.950    174307.950   54612.401
 34  mtMAM+R5      26556.669    247 53607.338    176119.338   54458.682
 35  mtMAM+R6      26499.763    249 53497.526    177997.526   54355.763
 36  mtMAM+R7      26476.968    251 53455.937    179959.937   54321.068
 37  mtMAM+R8      26467.462    253 53440.923    181964.923   54312.948
 38  mtMAM+R9      26460.075    255 53430.151    183990.151   54309.069
 39  mtMAM+R10     26449.886    257 53413.772    186025.772   54299.583
 40  mtMAM+F       28125.457    258 56766.913    190410.913   57656.172
 41  mtMAM+F+I     27982.907    259 56483.814    191163.814   57376.519
 42  mtMAM+F+G4    25784.831    259 52087.662    186767.662   52980.367
 43  mtMAM+F+I+G4  25780.380    260 52080.760    187800.760   52976.912
 44  mtMAM+F+R2    26310.837    260 53141.674    188861.674   54037.826
 45  mtMAM+F+R3    25914.354    262 52352.708    190164.708   53255.753
 46  mtMAM+F+R4    25816.972    264 52161.943    192081.943   53071.882
 47  mtMAM+F+R5    25763.974    266 52059.948    194103.948   52976.780
 48  mtMAM+F+R6    25727.733    268 51991.467    196175.467   52915.192
 49  mtMAM+F+R7    25712.977    270 51965.954    198305.954   52896.574
 50  mtMAM+F+R8    25705.415    272 51954.830    200466.830   52892.342
 51  mtMAM+F+R9    25693.533    274 51935.065    202635.065   52879.471
 52  mtMAM+F+R10   25687.740    276 51927.481    204831.481   52878.780
 53  JTT           26562.014    239 53602.028    168322.028   54425.798
 54  JTT+I         26302.262    240 53084.524    168764.524   53911.741
 55  JTT+G4        24839.636    240 50159.272    165839.272   50986.489
 56  JTT+I+G4      24817.601    241 50117.201    166761.201   50947.865
 57  JTT+R2        25181.013    241 50844.026    167488.026   51674.690
 58  JTT+R3        24942.980    243 50371.960    168955.960   51209.517
 59  JTT+R4        24839.340    245 50168.679    170708.679   51013.130
 60  JTT+R5        24805.011    247 50104.022    172616.022   50955.367
 61  JTT+R6        24793.328    249 50084.656    174584.656   50942.894
 62  JTT+R7        24789.119    251 50080.238    176584.238   50945.370
 66  JTT+F         26709.988    258 53935.976    187579.976   54825.234
 67  JTT+F+I       26463.868    259 53445.736    188125.736   54338.441
 68  JTT+F+G4      24991.725    259 50501.450    185181.450   51394.155
 69  JTT+F+I+G4    24969.057    260 50458.114    186178.114   51354.265
 70  JTT+F+R2      25308.568    260 51137.135    186857.135   52033.287
 71  JTT+F+R3      25085.414    262 50694.827    188506.827   51597.872
 72  JTT+F+R4      24987.853    264 50503.707    190423.707   51413.646
 73  JTT+F+R5      24954.435    266 50440.870    192484.870   51357.702
 74  JTT+F+R6      24942.081    268 50420.162    194604.162   51343.887
 75  JTT+F+R7      24936.541    270 50413.082    196753.082   51343.701
 76  JTT+F+R8      24930.361    272 50404.723    198916.723   51342.236
 77  JTT+F+R9      24924.929    274 50397.859    201097.859   51342.265
 79  WAG           26105.810    239 52689.620    167409.620   53513.391
 80  WAG+I         25877.791    240 52235.582    167915.582   53062.799
 81  WAG+G4        24598.401    240 49676.802    165356.802   50504.019
 82  WAG+I+G4      24576.199    241 49634.398    166278.398   50465.062
 83  WAG+R2        24885.896    241 50253.792    166897.792   51084.456
 84  WAG+R3        24672.024    243 49830.048    168414.048   50667.605
 85  WAG+R4        24582.556    245 49655.113    170195.113   50499.563
 86  WAG+R5        24555.096    247 49604.191    172116.191   50455.535
 87  WAG+R6        24539.576    249 49577.151    174077.151   50435.389
 88  WAG+R7        24533.376    251 49568.753    176072.753   50433.884
 89  WAG+R8        24530.659    253 49567.318    178091.318   50439.343
 92  WAG+F         26242.513    258 53001.026    186645.026   53890.284
 93  WAG+F+I       26027.818    259 52573.636    187253.636   53466.341
 94  WAG+F+G4      24716.233    259 49950.466    184630.466   50843.171
 95  WAG+F+I+G4    24696.489    260 49912.979    185632.979   50809.131
 96  WAG+F+R2      24988.537    260 50497.074    186217.074   51393.226
 97  WAG+F+R3      24783.888    262 50091.775    187903.775   50994.821
 98  WAG+F+R4      24701.895    264 49931.790    189851.790   50841.728
 99  WAG+F+R5      24672.795    266 49877.590    191921.590   50794.422
100  WAG+F+R6      24656.485    268 49848.971    194032.971   50772.696
101  WAG+F+R7      24649.556    270 49839.112    196179.112   50769.731
102  WAG+F+R8      24646.889    272 49837.778    198349.778   50775.290
105  cpREV         26332.296    239 53142.592    167862.592   53966.362
106  cpREV+I       26094.311    240 52668.622    168348.622   53495.839
107  cpREV+G4      24745.999    240 49971.998    165651.998   50799.215
108  cpREV+I+G4    24726.870    241 49935.739    166579.739   50766.403
109  cpREV+R2      25072.261    241 50626.521    167270.521   51457.185
110  cpREV+R3      24835.675    243 50157.350    168741.350   50994.907
111  cpREV+R4      24742.673    245 49975.347    170515.347   50819.797
112  cpREV+R5      24707.720    247 49909.440    172421.440   50760.784
113  cpREV+R6      24689.778    249 49877.557    174377.557   50735.795
114  cpREV+R7      24682.708    251 49867.416    176371.416   50732.547
115  cpREV+R8      24679.198    253 49864.396    178388.396   50736.420
118  cpREV+F       26533.810    258 53583.620    187227.620   54472.878
119  cpREV+F+I     26295.938    259 53109.875    187789.875   54002.580
120  cpREV+F+G4    24960.860    259 50439.719    185119.719   51332.424
121  cpREV+F+I+G4  24941.107    260 50402.214    186122.214   51298.366
122  cpREV+F+R2    25267.254    260 51054.509    186774.509   51950.661
123  cpREV+F+R3    25030.850    262 50585.700    188397.700   51488.746
124  cpREV+F+R4    24957.220    264 50442.439    190362.439   51352.378
125  cpREV+F+R5    24918.609    266 50369.217    192413.217   51286.049
126  cpREV+F+R6    24896.827    268 50329.654    194513.654   51253.380
127  cpREV+F+R7    24887.133    270 50314.266    196654.266   51244.885
128  cpREV+F+R8    24882.460    272 50308.921    198820.921   51246.433
131  mtREV         28095.101    239 56668.202    171388.202   57491.972
132  mtREV+I       27947.748    240 56375.495    172055.495   57202.712
133  mtREV+G4      25966.293    240 52412.586    168092.586   53239.803
134  mtREV+I+G4    25954.162    241 52390.324    169034.324   53220.988
135  mtREV+R2      26424.887    241 53331.775    169975.775   54162.438
136  mtREV+R3      26058.820    243 52603.639    171187.639   53441.196
137  mtREV+R4      25971.285    245 52432.570    172972.570   53277.021
138  mtREV+R5      25931.937    247 52357.874    174869.874   53209.218
139  mtREV+R6      25906.608    249 52311.216    176811.216   53169.454
140  mtREV+R7      25894.028    251 52290.055    178794.055   53155.187
141  mtREV+R8      25886.456    253 52278.912    180802.912   53150.937
142  mtREV+R9      25881.530    255 52273.061    182833.061   53151.979
144  mtREV+F       26892.644    258 54301.287    187945.287   55190.545
145  mtREV+F+I     26733.084    259 53984.169    188664.169   54876.874
146  mtREV+F+G4    25176.778    259 50871.557    185551.557   51764.262
147  mtREV+F+I+G4  25171.359    260 50862.717    186582.717   51758.869
148  mtREV+F+R2    25525.146    260 51570.292    187290.292   52466.444
149  mtREV+F+R3    25253.584    262 51031.168    188843.168   51934.213
150  mtREV+F+R4    25191.222    264 50910.444    190830.444   51820.383
151  mtREV+F+R5    25145.355    266 50822.710    192866.710   51739.542
152  mtREV+F+R6    25123.229    268 50782.459    194966.459   51706.184
153  mtREV+F+R7    25116.242    270 50772.485    197112.485   51703.104
154  mtREV+F+R8    25112.920    272 50769.841    199281.841   51707.353
157  rtREV         26237.617    239 52953.234    167673.234   53777.004
158  rtREV+I       26031.154    240 52542.307    168222.307   53369.524
159  rtREV+G4      24594.434    240 49668.868    165348.868   50496.085
160  rtREV+I+G4    24583.233    241 49648.465    166292.465   50479.129
161  rtREV+R2      24923.747    241 50329.494    166973.494   51160.157
162  rtREV+R3      24681.533    243 49849.066    168433.066   50686.623
163  rtREV+R4      24604.560    245 49699.119    170239.119   50543.570
164  rtREV+R5      24559.201    247 49612.402    172124.402   50463.746
165  rtREV+R6      24544.711    249 49587.422    174087.422   50445.659
166  rtREV+R7      24541.174    251 49584.349    176088.349   50449.480
170  rtREV+F       26244.784    258 53005.567    186649.567   53894.825
171  rtREV+F+I     26040.200    259 52598.400    187278.400   53491.105
172  rtREV+F+G4    24606.056    259 49730.111    184410.111   50622.816
173  rtREV+F+I+G4  24592.071    260 49704.142    185424.142   50600.294
174  rtREV+F+R2    24910.425    260 50340.851    186060.851   51237.003
175  rtREV+F+R3    24686.568    262 49897.135    187709.135   50800.180
176  rtREV+F+R4    24612.437    264 49752.873    189672.873   50662.812
177  rtREV+F+R5    24569.942    266 49671.884    191715.884   50588.716
178  rtREV+F+R6    24558.958    268 49653.916    193837.916   50577.642
179  rtREV+F+R7    24556.108    270 49652.216    195992.216   50582.835
183  mtART         28973.580    239 58425.159    173145.159   59248.929
184  mtART+I       28778.511    240 58037.021    173717.021   58864.238
185  mtART+G4      26027.626    240 52535.253    168215.253   53362.470
186  mtART+I+G4    26009.163    241 52500.325    169144.325   53330.989
187  mtART+R2      26677.523    241 53837.047    170481.047   54667.710
188  mtART+R3      26275.173    243 53036.345    171620.345   53873.902
189  mtART+R4      26091.329    245 52672.658    173212.658   53517.109
190  mtART+R5      26012.966    247 52519.933    175031.933   53371.277
191  mtART+R6      25986.620    249 52471.240    176971.240   53329.478
192  mtART+R7      25983.708    251 52469.416    178973.416   53334.547
196  mtART+F       27579.004    258 55674.009    189318.009   56563.267
197  mtART+F+I     27395.636    259 55309.272    189989.272   56201.977
198  mtART+F+G4    25374.057    259 51266.114    185946.114   52158.819
199  mtART+F+I+G4  25359.355    260 51238.710    186958.710   52134.861
200  mtART+F+R2    25864.667    260 52249.333    187969.333   53145.485
201  mtART+F+R3    25540.065    262 51604.130    189416.130   52507.175
202  mtART+F+R4    25409.394    264 51346.789    191266.789   52256.728
203  mtART+F+R5    25359.276    266 51250.552    193294.552   52167.384
204  mtART+F+R6    25339.368    268 51214.735    195398.735   52138.461
205  mtART+F+R7    25334.818    270 51209.636    197549.636   52140.255
209  mtZOA         28149.516    239 56777.032    171497.032   57600.802
210  mtZOA+I       27946.215    240 56372.431    172052.431   57199.648
211  mtZOA+G4      25568.980    240 51617.961    167297.961   52445.177
212  mtZOA+I+G4    25546.663    241 51575.325    168219.325   52405.989
213  mtZOA+R2      26106.813    241 52695.626    169339.626   53526.290
214  mtZOA+R3      25752.572    243 51991.145    170575.145   52828.702
215  mtZOA+R4      25597.872    245 51685.743    172225.743   52530.194
216  mtZOA+R5      25536.866    247 51567.733    174079.733   52419.077
217  mtZOA+R6      25521.021    249 51540.042    176040.042   52398.280
218  mtZOA+R7      25519.853    251 51541.705    178045.705   52406.836
222  mtZOA+F       27126.620    258 54769.240    188413.240   55658.498
223  mtZOA+F+I     26924.899    259 54367.798    189047.798   55260.503
224  mtZOA+F+G4    25173.620    259 50865.240    185545.240   51757.945
225  mtZOA+F+I+G4  25165.027    260 50850.053    186570.053   51746.205
226  mtZOA+F+R2    25583.794    260 51687.589    187407.589   52583.741
227  mtZOA+F+R3    25283.790    262 51091.579    188903.579   51994.624
228  mtZOA+F+R4    25191.072    264 50910.144    190830.144   51820.083
229  mtZOA+F+R5    25142.420    266 50816.840    192860.840   51733.672
230  mtZOA+F+R6    25118.333    268 50772.666    194956.666   51696.392
231  mtZOA+F+R7    25114.216    270 50768.433    197108.433   51699.052
235  VT            26193.884    239 52865.768    167585.768   53689.538
236  VT+I          25947.218    240 52374.436    168054.436   53201.653
237  VT+G4         24646.256    240 49772.511    165452.511   50599.728
238  VT+I+G4       24622.957    241 49727.913    166371.913   50558.577
239  VT+R2         24941.898    241 50365.795    167009.795   51196.459
240  VT+R3         24734.660    243 49955.321    168539.321   50792.878
241  VT+R4         24634.749    245 49759.497    170299.497   50603.948
242  VT+R5         24610.971    247 49715.943    172227.943   50567.287
243  VT+R6         24603.223    249 49704.446    174204.446   50562.684
244  VT+R7         24602.408    251 49706.816    176210.816   50571.947
248  VT+F          26351.279    258 53218.557    186862.557   54107.815
249  VT+F+I        26119.299    259 52756.599    187436.599   53649.304
250  VT+F+G4       24820.892    259 50159.784    184839.784   51052.489
251  VT+F+I+G4     24798.154    260 50116.307    185836.307   51012.459
252  VT+F+R2       25097.474    260 50714.947    186434.947   51611.099
253  VT+F+R3       24897.493    262 50318.986    188130.986   51222.031
254  VT+F+R4       24806.276    264 50140.553    190060.553   51050.491
255  VT+F+R5       24785.107    266 50102.214    192146.214   51019.046
256  VT+F+R6       24775.715    268 50087.430    194271.430   51011.155
257  VT+F+R7       24774.607    270 50089.213    196429.213   51019.832
261  LG            26161.614    239 52801.228    167521.228   53624.999
262  LG+I          25927.725    240 52335.450    168015.450   53162.667
263  LG+G4         24444.097    240 49368.194    165048.194   50195.411
264  LG+I+G4       24429.983    241 49341.966    165985.966   50172.630
265  LG+R2         24785.030    241 50052.059    166696.059   50882.723
266  LG+R3         24532.302    243 49550.604    168134.604   50388.161
267  LG+R4         24454.879    245 49399.759    169939.759   50244.209
268  LG+R5         24410.536    247 49315.071    171827.071   50166.416
269  LG+R6         24394.171    249 49286.342    173786.342   50144.579
270  LG+R7         24392.524    251 49287.049    175791.049   50152.180
274  LG+F          26291.436    258 53098.872    186742.872   53988.131
275  LG+F+I        26074.755    259 52667.509    187347.509   53560.214
276  LG+F+G4       24593.685    259 49705.371    184385.371   50598.076
277  LG+F+I+G4     24578.533    260 49677.065    185397.065   50573.217
278  LG+F+R2       24905.420    260 50330.840    186050.840   51226.992
279  LG+F+R3       24678.137    262 49880.274    187692.274   50783.319
280  LG+F+R4       24600.289    264 49728.578    189648.578   50638.517
281  LG+F+R5       24561.276    266 49654.552    191698.552   50571.384
282  LG+F+R6       24548.273    268 49632.547    193816.547   50556.272
283  LG+F+R7       24547.078    270 49634.156    195974.156   50564.775
287  DCMut         26409.581    239 53297.162    168017.162   54120.932
288  DCMut+I       26173.908    240 52827.816    168507.816   53655.033
289  DCMut+G4      24875.785    240 50231.571    165911.571   51058.788
290  DCMut+I+G4    24851.022    241 50184.045    166828.045   51014.709
291  DCMut+R2      25175.952    241 50833.903    167477.903   51664.567
292  DCMut+R3      24943.084    243 50372.168    168956.168   51209.725
293  DCMut+R4      24858.216    245 50206.433    170746.433   51050.883
294  DCMut+R5      24824.622    247 50143.245    172655.245   50994.589
295  DCMut+R6      24812.070    249 50122.141    174622.141   50980.378
296  DCMut+R7      24810.556    251 50123.112    176627.112   50988.243
300  DCMut+F       26419.715    258 53355.430    186999.430   54244.688
301  DCMut+F+I     26206.266    259 52930.532    187610.532   53823.237
302  DCMut+F+G4    24874.483    259 50266.966    184946.966   51159.670
303  DCMut+F+I+G4  24854.719    260 50229.438    185949.438   51125.590
304  DCMut+F+R2    25152.664    260 50825.327    186545.327   51721.479
305  DCMut+F+R3    24942.578    262 50409.156    188221.156   51312.201
306  DCMut+F+R4    24860.829    264 50249.658    190169.658   51159.597
307  DCMut+F+R5    24822.669    266 50177.339    192221.339   51094.171
308  DCMut+F+R6    24814.105    268 50164.210    194348.210   51087.936
309  DCMut+F+R7    24813.009    270 50166.018    196506.018   51096.637
313  PMB           26385.294    239 53248.588    167968.588   54072.358
314  PMB+I         26150.828    240 52781.655    168461.655   53608.872
315  PMB+G4        24848.059    240 50176.118    165856.118   51003.335
316  PMB+I+G4      24827.618    241 50137.237    166781.237   50967.900
317  PMB+R2        25147.699    241 50777.398    167421.398   51608.061
318  PMB+R3        24927.950    243 50341.899    168925.899   51179.456
319  PMB+R4        24832.226    245 50154.452    170694.452   50998.902
320  PMB+R5        24812.429    247 50118.859    172630.859   50970.203
321  PMB+R6        24801.431    249 50100.862    174600.862   50959.100
322  PMB+R7        24800.621    251 50103.242    176607.242   50968.373
326  PMB+F         26449.035    258 53414.070    187058.070   54303.329
327  PMB+F+I       26221.833    259 52961.666    187641.666   53854.371
328  PMB+F+G4      24922.542    259 50363.084    185043.084   51255.789
329  PMB+F+I+G4    24901.685    260 50323.369    186043.369   51219.521
330  PMB+F+R2      25207.806    260 50935.613    186655.613   51831.764
331  PMB+F+R3      24993.928    262 50511.857    188323.857   51414.902
332  PMB+F+R4      24906.239    264 50340.477    190260.477   51250.416
333  PMB+F+R5      24888.638    266 50309.275    192353.275   51226.107
334  PMB+F+R6      24876.625    268 50289.249    194473.249   51212.975
335  PMB+F+R7      24875.473    270 50290.946    196630.946   51221.565
339  HIVb          27653.526    239 55785.053    170505.053   56608.823
340  HIVb+I        27313.300    240 55106.601    170786.601   55933.818
341  HIVb+G4       25503.127    240 51486.253    167166.253   52313.470
342  HIVb+I+G4     25475.039    241 51432.078    168076.078   52262.741
343  HIVb+R2       25932.141    241 52346.282    168990.282   53176.946
344  HIVb+R3       25632.996    243 51751.992    170335.992   52589.549
345  HIVb+R4       25510.402    245 51510.804    172050.804   52355.254
346  HIVb+R5       25480.643    247 51455.286    173967.286   52306.630
347  HIVb+R6       25459.074    249 51416.149    175916.149   52274.386
348  HIVb+R7       25457.007    251 51416.014    177920.014   52281.146
352  HIVb+F        27785.594    258 56087.188    189731.188   56976.447
353  HIVb+F+I      27469.371    259 55456.743    190136.743   56349.448
354  HIVb+F+G4     25673.170    259 51864.340    186544.340   52757.045
355  HIVb+F+I+G4   25649.197    260 51818.394    187538.394   52714.546
356  HIVb+F+R2     26082.753    260 52685.507    188405.507   53581.658
357  HIVb+F+R3     25793.195    262 52110.390    189922.390   53013.435
358  HIVb+F+R4     25680.227    264 51888.453    191808.453   52798.392
359  HIVb+F+R5     25646.461    266 51824.921    193868.921   52741.753
360  HIVb+F+R6     25621.740    268 51779.481    195963.481   52703.206
361  HIVb+F+R7     25619.359    270 51778.717    198118.717   52709.337
365  HIVw          28733.105    239 57944.210    172664.210   58767.980
366  HIVw+I        28340.944    240 57161.888    172841.888   57989.105
367  HIVw+G4       26454.934    240 53389.867    169069.867   54217.084
368  HIVw+I+G4     26415.292    241 53312.584    169956.584   54143.248
369  HIVw+R2       26892.254    241 54266.507    170910.507   55097.171
370  HIVw+R3       26620.785    243 53727.571    172311.571   54565.128
371  HIVw+R4       26462.298    245 53414.596    173954.596   54259.046
372  HIVw+R5       26421.833    247 53337.666    175849.666   54189.010
373  HIVw+R6       26397.075    249 53292.151    177792.151   54150.388
374  HIVw+R7       26394.311    251 53290.621    179794.621   54155.752
378  HIVw+F        28953.920    258 58423.839    192067.839   59313.098
379  HIVw+F+I      28564.661    259 57647.322    192327.322   58540.027
380  HIVw+F+G4     26615.159    259 53748.319    188428.319   54641.024
381  HIVw+F+I+G4   26580.722    260 53681.444    189401.444   54577.595
382  HIVw+F+R2     27053.404    260 54626.809    190346.809   55522.960
383  HIVw+F+R3     26783.388    262 54090.776    191902.776   54993.821
384  HIVw+F+R4     26626.376    264 53780.752    193700.752   54690.690
385  HIVw+F+R5     26590.574    266 53713.147    195757.147   54629.979
386  HIVw+F+R6     26562.387    268 53660.775    197844.775   54584.500
387  HIVw+F+R7     26559.720    270 53659.441    199999.441   54590.060
391  JTTDCMut      26534.141    239 53546.282    168266.282   54370.052
392  JTTDCMut+I    26280.142    240 53040.284    168720.284   53867.501
393  JTTDCMut+G4   24829.778    240 50139.556    165819.556   50966.773
394  JTTDCMut+I+G4 24808.149    241 50098.299    166742.299   50928.962
395  JTTDCMut+R2   25167.534    241 50817.068    167461.068   51647.731
396  JTTDCMut+R3   24934.140    243 50354.279    168938.279   51191.836
397  JTTDCMut+R4   24819.563    245 50129.125    170669.125   50973.576
398  JTTDCMut+R5   24797.722    247 50089.444    172601.444   50940.789
399  JTTDCMut+R6   24786.163    249 50070.325    174570.325   50928.563
400  JTTDCMut+R7   24785.359    251 50072.718    176576.718   50937.849
404  JTTDCMut+F    26679.993    258 53875.986    187519.986   54765.244
405  JTTDCMut+F+I  26438.521    259 53395.041    188075.041   54287.746
406  JTTDCMut+F+G4 24975.413    259 50468.827    185148.827   51361.532
407  JTTDCMut+F+I+G4 24953.311    260 50426.621    186146.621   51322.773
408  JTTDCMut+F+R2 25288.751    260 51097.502    186817.502   51993.653
409  JTTDCMut+F+R3 25067.272    262 50658.544    188470.544   51561.589
410  JTTDCMut+F+R4 24962.817    264 50453.633    190373.633   51363.572
411  JTTDCMut+F+R5 24940.490    266 50412.981    192456.981   51329.813
412  JTTDCMut+F+R6 24930.129    268 50396.258    194580.258   51319.984
413  JTTDCMut+F+R7 24929.331    270 50398.661    196738.661   51329.281
417  FLU           27115.783    239 54709.566    169429.566   55533.336
418  FLU+I         26824.229    240 54128.458    169808.458   54955.675
419  FLU+G4        25059.212    240 50598.424    166278.424   51425.641
420  FLU+I+G4      25041.427    241 50564.854    167208.854   51395.518
421  FLU+R2        25451.092    241 51384.183    168028.183   52214.847
422  FLU+R3        25186.673    243 50859.346    169443.346   51696.903
423  FLU+R4        25073.672    245 50637.343    171177.343   51481.794
424  FLU+R5        25039.805    247 50573.610    173085.610   51424.954
425  FLU+R6        25015.042    249 50528.084    175028.084   51386.322
426  FLU+R7        25012.471    251 50526.942    177030.942   51392.074
430  FLU+F         27504.279    258 55524.559    189168.559   56413.817
431  FLU+F+I       27214.776    259 54947.552    189627.552   55840.257
432  FLU+F+G4      25352.993    259 51223.986    185903.986   52116.691
433  FLU+F+I+G4    25334.282    260 51188.564    186908.564   52084.716
434  FLU+F+R2      25732.168    260 51984.337    187704.337   52880.488
435  FLU+F+R3      25480.008    262 51484.016    189296.016   52387.061
436  FLU+F+R4      25363.303    264 51254.606    191174.606   52164.545
437  FLU+F+R5      25331.867    266 51195.734    193239.734   52112.566
438  FLU+F+R6      25305.284    268 51146.568    195330.568   52070.293
439  FLU+F+R7      25302.283    270 51144.565    197484.565   52075.185
443  Blosum62      26369.594    239 53217.187    167937.187   54040.958
444  Blosum62+I    26129.256    240 52738.511    168418.511   53565.728
445  Blosum62+G4   24811.579    240 50103.159    165783.159   50930.376
446  Blosum62+I+G4 24790.391    241 50062.782    166706.782   50893.446
447  Blosum62+R2   25117.822    241 50717.645    167361.645   51548.309
448  Blosum62+R3   24893.234    243 50272.469    168856.469   51110.026
449  Blosum62+R4   24794.493    245 50078.987    170618.987   50923.437
450  Blosum62+R5   24770.845    247 50035.690    172547.690   50887.035
451  Blosum62+R6   24761.155    249 50020.310    174520.310   50878.548
452  Blosum62+R7   24760.299    251 50022.598    176526.598   50887.729
456  Blosum62+F    26498.026    258 53512.052    187156.052   54401.310
457  Blosum62+F+I  26264.366    259 53046.732    187726.732   53939.437
458  Blosum62+F+G4 24953.966    259 50425.932    185105.932   51318.637
459  Blosum62+F+I+G4 24930.025    260 50380.049    186100.049   51276.201
460  Blosum62+F+R2 25244.332    260 51008.663    186728.663   51904.815
461  Blosum62+F+R3 25027.925    262 50579.851    188391.851   51482.896
462  Blosum62+F+R4 24934.496    264 50396.992    190316.992   51306.930
463  Blosum62+F+R5 24915.227    266 50362.455    192406.455   51279.287
464  Blosum62+F+R6 24903.061    268 50342.122    194526.122   51265.848
465  Blosum62+F+R7 24901.874    270 50343.747    196683.747   51274.366
469  mtMet         28306.519    239 57091.037    171811.037   57914.807
470  mtMet+I       28109.690    240 56699.381    172379.381   57526.598
471  mtMet+G4      25890.177    240 52260.354    167940.354   53087.571
472  mtMet+I+G4    25863.357    241 52208.715    168852.715   53039.379
473  mtMet+R2      26364.144    241 53210.289    169854.289   54040.953
474  mtMet+R3      26022.925    243 52531.851    171115.851   53369.408
475  mtMet+R4      25885.315    245 52260.630    172800.630   53105.081
476  mtMet+R5      25862.153    247 52218.306    174730.306   53069.650
477  mtMet+R6      25844.830    249 52187.660    176687.660   53045.898
478  mtMet+R7      25843.698    251 52189.397    178693.397   53054.528
482  mtMet+F       27279.656    258 55075.311    188719.311   55964.570
483  mtMet+F+I     27071.835    259 54661.671    189341.671   55554.376
484  mtMet+F+G4    25356.235    259 51230.471    185910.471   52123.176
485  mtMet+F+I+G4  25345.525    260 51211.050    186931.050   52107.202
486  mtMet+F+R2    25740.414    260 52000.827    187720.827   52896.979
487  mtMet+F+R3    25450.973    262 51425.946    189237.946   52328.992
488  mtMet+F+R4    25362.618    264 51253.235    191173.235   52163.174
489  mtMet+F+R5    25329.221    266 51190.441    193234.441   52107.273
490  mtMet+F+R6    25310.297    268 51156.595    195340.595   52080.320
491  mtMet+F+R7    25307.885    270 51155.770    197495.770   52086.389
495  mtVer         28971.824    239 58421.649    173141.649   59245.419
496  mtVer+I       28806.345    240 58092.691    173772.691   58919.908
497  mtVer+G4      26230.270    240 52940.540    168620.540   53767.756
498  mtVer+I+G4    26208.466    241 52898.932    169542.932   53729.595
499  mtVer+R2      26747.739    241 53977.479    170621.479   54808.143
500  mtVer+R3      26382.721    243 53251.443    171835.443   54089.000
501  mtVer+R4      26232.276    245 52954.552    173494.552   53799.003
502  mtVer+R5      26192.949    247 52879.898    175391.898   53731.242
503  mtVer+R6      26169.708    249 52837.416    177337.416   53695.654
504  mtVer+R7      26167.023    251 52836.046    179340.046   53701.177
508  mtVer+F       27805.115    258 56126.230    189770.230   57015.489
509  mtVer+F+I     27595.729    259 55709.458    190389.458   56602.163
510  mtVer+F+G4    25730.762    259 51979.523    186659.523   52872.228
511  mtVer+F+I+G4  25694.440    260 51908.879    187628.879   52805.031
512  mtVer+F+R2    26133.092    260 52786.183    188506.183   53682.335
513  mtVer+F+R3    25826.987    262 52177.975    189989.975   53081.020
514  mtVer+F+R4    25721.452    264 51970.905    191890.905   52880.844
515  mtVer+F+R5    25693.585    266 51919.169    193963.169   52836.001
516  mtVer+F+R6    25677.498    268 51890.996    196074.996   52814.721
517  mtVer+F+R7    25675.242    270 51890.485    198230.485   52821.104
521  mtInv         28082.611    239 56643.223    171363.223   57466.993
522  mtInv+I       27856.002    240 56192.004    171872.004   57019.221
523  mtInv+G4      25889.533    240 52259.067    167939.067   53086.284
524  mtInv+I+G4    25864.813    241 52211.626    168855.626   53042.290
525  mtInv+R2      26320.744    241 53123.488    169767.488   53954.152
526  mtInv+R3      26003.139    243 52492.279    171076.279   53329.836
527  mtInv+R4      25894.285    245 52278.570    172818.570   53123.021
528  mtInv+R5      25873.819    247 52241.637    174753.637   53092.982
529  mtInv+R6      25861.977    249 52221.954    176721.954   53080.192
530  mtInv+R7      25861.094    251 52224.187    178728.187   53089.318
534  mtInv+F       26905.627    258 54327.254    187971.254   55216.512
535  mtInv+F+I     26682.645    259 53883.290    188563.290   54775.995
536  mtInv+F+G4    25142.755    259 50803.510    185483.510   51696.215
537  mtInv+F+I+G4  25132.003    260 50784.006    186504.006   51680.158
538  mtInv+F+R2    25496.371    260 51512.742    187232.742   52408.894
539  mtInv+F+R3    25233.328    262 50990.657    188802.657   51893.702
540  mtInv+F+R4    25158.092    264 50844.184    190764.184   51754.123
541  mtInv+F+R5    25118.001    266 50768.001    192812.001   51684.833
542  mtInv+F+R6    25101.406    268 50738.813    194922.813   51662.539
543  mtInv+F+R7    25099.517    270 50739.033    197079.033   51669.652
Akaike Information Criterion:           LG+R6
Corrected Akaike Information Criterion: LG+G4
Bayesian Information Criterion:         LG+R6
Best-fit model: LG+R6 chosen according to BIC

All model information printed to /mnt/ivy/thliao/project/AOB/analysis/20210713_repeat/add_Chromatiaces/phy_files/P39_prot/withEuk/NP_043190.1.model.gz
CPU time for ModelFinder: 2139.508 seconds (0h:35m:39s)
Wall-clock time for ModelFinder: 1092.106 seconds (0h:18m:12s)
Generating 1000 samples for ultrafast bootstrap (seed: 523435)...

NOTE: 28 MB RAM (0 GB) is required!
Estimate model parameters (epsilon = 0.100)
1. Initial log-likelihood: -24400.627
2. Current log-likelihood: -24393.576
3. Current log-likelihood: -24392.972
Optimal log-likelihood: -24392.897
Site proportion and rates:  (0.182,0.090) (0.218,0.322) (0.059,0.551) (0.231,0.947) (0.174,1.615) (0.135,2.810)
Parameters optimization took 3 rounds (4.323 sec)
Computing ML distances based on estimated model parameters... 10.383 sec
Computing BIONJ tree...
0.015 seconds
Log-likelihood of BIONJ tree: -24336.805
--------------------------------------------------------------------
|             INITIALIZING CANDIDATE TREE SET                      |
--------------------------------------------------------------------
Generating 98 parsimony trees... 5.848 second
Computing log-likelihood of 98 initial trees ... 18.451 seconds
Current best score: -24319.326

Do NNI search on 20 best initial trees
Estimate model parameters (epsilon = 0.100)
BETTER TREE FOUND at iteration 1: -24242.251
Estimate model parameters (epsilon = 0.100)
BETTER TREE FOUND at iteration 2: -24204.336
Iteration 10 / LogL: -24258.835 / Time: 0h:1m:6s
Iteration 20 / LogL: -24263.855 / Time: 0h:1m:29s
Finish initializing candidate tree set (20)
Current best tree score: -24204.336 / CPU time: 79.338
Number of iterations: 20
--------------------------------------------------------------------
|               OPTIMIZING CANDIDATE TREE SET                      |
--------------------------------------------------------------------
Estimate model parameters (epsilon = 0.100)
BETTER TREE FOUND at iteration 29: -24201.957
Estimate model parameters (epsilon = 0.100)
BETTER TREE FOUND at iteration 30: -24193.033
Iteration 30 / LogL: -24193.033 / Time: 0h:1m:57s (0h:6m:45s left)
Estimate model parameters (epsilon = 0.100)
BETTER TREE FOUND at iteration 36: -24192.675
Estimate model parameters (epsilon = 0.100)
BETTER TREE FOUND at iteration 40: -24185.647
Iteration 40 / LogL: -24185.647 / Time: 0h:2m:29s (0h:6m:24s left)
Iteration 50 / LogL: -24192.202 / Time: 0h:2m:54s (0h:5m:20s left)
Log-likelihood cutoff on original alignment: -24284.588
UFBoot trees printed to /mnt/ivy/thliao/project/AOB/analysis/20210713_repeat/add_Chromatiaces/phy_files/P39_prot/withEuk/NP_043190.1.ufboot
Estimate model parameters (epsilon = 0.100)
BETTER TREE FOUND at iteration 60: -24180.681
Iteration 60 / LogL: -24180.681 / Time: 0h:3m:34s (0h:6m:3s left)
Estimate model parameters (epsilon = 0.100)
BETTER TREE FOUND at iteration 66: -24178.601
Estimate model parameters (epsilon = 0.100)
BETTER TREE FOUND at iteration 68: -24177.591
Iteration 70 / LogL: -24183.973 / Time: 0h:4m:5s (0h:5m:48s left)
Estimate model parameters (epsilon = 0.100)
BETTER TREE FOUND at iteration 74: -24176.411
Iteration 80 / LogL: -24176.837 / Time: 0h:4m:33s (0h:5m:25s left)
Estimate model parameters (epsilon = 0.100)
BETTER TREE FOUND at iteration 86: -24173.609
Iteration 90 / LogL: -24181.240 / Time: 0h:5m:2s (0h:5m:26s left)
Iteration 100 / LogL: -24176.797 / Time: 0h:5m:26s (0h:4m:43s left)
Log-likelihood cutoff on original alignment: -24284.588
NOTE: Bootstrap correlation coefficient of split occurrence frequencies: 0.961
NOTE: UFBoot does not converge, continue at least 100 more iterations
UFBoot trees printed to /mnt/ivy/thliao/project/AOB/analysis/20210713_repeat/add_Chromatiaces/phy_files/P39_prot/withEuk/NP_043190.1.ufboot
Iteration 110 / LogL: -24185.780 / Time: 0h:5m:53s (0h:4m:52s left)
Iteration 120 / LogL: -24174.786 / Time: 0h:6m:15s (0h:4m:12s left)
Iteration 130 / LogL: -24175.977 / Time: 0h:6m:43s (0h:3m:38s left)
Iteration 140 / LogL: -24185.183 / Time: 0h:7m:5s (0h:3m:3s left)
Iteration 150 / LogL: -24173.961 / Time: 0h:7m:29s (0h:2m:30s left)
Log-likelihood cutoff on original alignment: -24284.588
UFBoot trees printed to /mnt/ivy/thliao/project/AOB/analysis/20210713_repeat/add_Chromatiaces/phy_files/P39_prot/withEuk/NP_043190.1.ufboot
Estimate model parameters (epsilon = 0.100)
BETTER TREE FOUND at iteration 157: -24172.878
Iteration 160 / LogL: -24180.357 / Time: 0h:7m:57s (0h:4m:51s left)
Iteration 170 / LogL: -24189.493 / Time: 0h:8m:22s (0h:4m:18s left)
Iteration 180 / LogL: -24180.607 / Time: 0h:8m:49s (0h:3m:47s left)
Iteration 190 / LogL: -24173.958 / Time: 0h:9m:16s (0h:3m:17s left)
Iteration 200 / LogL: -24177.597 / Time: 0h:9m:43s (0h:2m:47s left)
Log-likelihood cutoff on original alignment: -24284.588
NOTE: Bootstrap correlation coefficient of split occurrence frequencies: 0.995
UFBoot trees printed to /mnt/ivy/thliao/project/AOB/analysis/20210713_repeat/add_Chromatiaces/phy_files/P39_prot/withEuk/NP_043190.1.ufboot
Iteration 210 / LogL: -24175.057 / Time: 0h:10m:11s (0h:4m:23s left)
Iteration 220 / LogL: -24193.231 / Time: 0h:10m:37s (0h:3m:52s left)
Iteration 230 / LogL: -24181.493 / Time: 0h:11m:3s (0h:3m:22s left)
Iteration 240 / LogL: -24177.388 / Time: 0h:11m:28s (0h:2m:52s left)
Iteration 250 / LogL: -24176.708 / Time: 0h:11m:57s (0h:2m:24s left)
Log-likelihood cutoff on original alignment: -24284.588
UFBoot trees printed to /mnt/ivy/thliao/project/AOB/analysis/20210713_repeat/add_Chromatiaces/phy_files/P39_prot/withEuk/NP_043190.1.ufboot
TREE SEARCH COMPLETED AFTER 258 ITERATIONS / Time: 0h:12m:20s

--------------------------------------------------------------------
|                    FINALIZING TREE SEARCH                        |
--------------------------------------------------------------------
Performs final model parameters optimization
Estimate model parameters (epsilon = 0.010)
1. Initial log-likelihood: -24172.878
Optimal log-likelihood: -24172.876
Site proportion and rates:  (0.218,0.097) (0.224,0.367) (0.226,0.890) (0.115,1.366) (0.111,1.950) (0.106,3.045)
Parameters optimization took 1 rounds (1.769 sec)
BEST SCORE FOUND : -24172.876
Creating bootstrap support values...
Split supports printed to NEXUS file /mnt/ivy/thliao/project/AOB/analysis/20210713_repeat/add_Chromatiaces/phy_files/P39_prot/withEuk/NP_043190.1.splits.nex
Total tree length: 49.266

Total number of iterations: 258
CPU time used for tree search: 1435.148 sec (0h:23m:55s)
Wall-clock time used for tree search: 729.784 sec (0h:12m:9s)
Total CPU time used: 1460.966 sec (0h:24m:20s)
Total wall-clock time used: 742.922 sec (0h:12m:22s)
UFBoot trees printed to /mnt/ivy/thliao/project/AOB/analysis/20210713_repeat/add_Chromatiaces/phy_files/P39_prot/withEuk/NP_043190.1.ufboot

Computing bootstrap consensus tree...
Reading input file /mnt/ivy/thliao/project/AOB/analysis/20210713_repeat/add_Chromatiaces/phy_files/P39_prot/withEuk/NP_043190.1.splits.nex...
121 taxa and 1247 splits.
Consensus tree written to /mnt/ivy/thliao/project/AOB/analysis/20210713_repeat/add_Chromatiaces/phy_files/P39_prot/withEuk/NP_043190.1.contree
Reading input trees file /mnt/ivy/thliao/project/AOB/analysis/20210713_repeat/add_Chromatiaces/phy_files/P39_prot/withEuk/NP_043190.1.contree
Log-likelihood of consensus tree: -24175.863

Analysis results written to: 
  IQ-TREE report:                /mnt/ivy/thliao/project/AOB/analysis/20210713_repeat/add_Chromatiaces/phy_files/P39_prot/withEuk/NP_043190.1.iqtree
  Maximum-likelihood tree:       /mnt/ivy/thliao/project/AOB/analysis/20210713_repeat/add_Chromatiaces/phy_files/P39_prot/withEuk/NP_043190.1.treefile
  Likelihood distances:          /mnt/ivy/thliao/project/AOB/analysis/20210713_repeat/add_Chromatiaces/phy_files/P39_prot/withEuk/NP_043190.1.mldist

Ultrafast bootstrap approximation results written to:
  Split support values:          /mnt/ivy/thliao/project/AOB/analysis/20210713_repeat/add_Chromatiaces/phy_files/P39_prot/withEuk/NP_043190.1.splits.nex
  Consensus tree:                /mnt/ivy/thliao/project/AOB/analysis/20210713_repeat/add_Chromatiaces/phy_files/P39_prot/withEuk/NP_043190.1.contree
  UFBoot trees:                  /mnt/ivy/thliao/project/AOB/analysis/20210713_repeat/add_Chromatiaces/phy_files/P39_prot/withEuk/NP_043190.1.ufboot
  Screen log file:               /mnt/ivy/thliao/project/AOB/analysis/20210713_repeat/add_Chromatiaces/phy_files/P39_prot/withEuk/NP_043190.1.log

Date and Time: Mon Dec 12 10:09:33 2022
