IQ-TREE multicore version 1.6.12 for Linux 64-bit built Aug 15 2019
Developed by Bui Quang Minh, Nguyen Lam Tung, Olga Chernomor,
Heiko Schmidt, Dominik Schrempf, Michael Woodhams.

Host:    cl006 (AVX512, FMA3, 125 GB RAM)
Command: iqtree -nt 2 -m LG -redo -wbtl -bb 1000 -pre /mnt/ivy/thliao/project/AOB/analysis/20210713_repeat/add_Chromatiaces/phy_files/P39_prot/withEuk/NP_043186.1 -s /mnt/ivy/thliao/project/AOB/analysis/20210713_repeat/add_Chromatiaces/phy_files/P39_prot/withEuk/NP_043186.1.aln
Seed:    597735 (Using SPRNG - Scalable Parallel Random Number Generator)
Time:    Mon Dec 12 10:20:16 2022
Kernel:  AVX+FMA - 2 threads (64 CPU cores detected)

Reading alignment file /mnt/ivy/thliao/project/AOB/analysis/20210713_repeat/add_Chromatiaces/phy_files/P39_prot/withEuk/NP_043186.1.aln ... Fasta format detected
Alignment most likely contains protein sequences
WARNING: 2 sites contain only gaps or ambiguous characters.
Alignment has 111 sequences with 477 columns, 455 distinct patterns
314 parsimony-informative, 67 singleton sites, 96 constant sites
                          Gap/Ambiguity  Composition  p-value
   1  Chondrus_crispus           32.08%    failed      0.00%
   2  Cyanidioschyzon_merolae    33.96%    failed      4.51%
   3  Cyanophora_paradoxa        32.29%    failed      4.40%
   4  Cyanoptyche_gloeocystis    32.29%    failed      0.63%
   5  Galdieria_sulphuraria      32.70%    failed      0.00%
   6  Gloeochaete_wittrockiana   31.87%    failed      0.00%
   7  Porphyridium_purpureum     32.29%    failed      0.03%
   8  GCA_000473895.1            32.29%    passed     41.35%
   9  GCA_015709615.1            35.22%    passed     86.80%
  10  GCA_000024725.1            32.49%    passed     99.50%
  11  GCA_013697045.1            31.03%    passed     55.00%
  12  GCA_900107585.1            27.46%    failed      0.00%
  13  GCA_014859375.1            32.49%    passed     10.00%
  14  GCA_015272465.1            32.29%    passed     29.90%
  15  GCA_002356115.1            35.22%    passed     91.68%
  16  GCA_009833095.1            35.22%    passed     83.59%
  17  GCA_013140465.1            29.35%    passed     85.70%
  18  GCA_001747005.1            32.29%    passed     88.89%
  19  GCA_014635705.1            31.03%    passed     95.22%
  20  GCA_000469665.2            32.29%    failed      0.00%
  21  GCA_002109495.1            30.82%    passed     99.09%
  22  GCA_001458735.1            29.98%    passed     76.55%
  23  GCA_000952155.1            32.29%    passed     81.48%
  24  GCA_000317495.1            32.29%    passed     96.78%
  25  GCA_000317515.1            32.29%    passed     96.95%
  26  GCA_007197755.1            23.69%    passed     80.82%
  27  GCA_001187785.1            30.40%    passed     22.01%
  28  GCA_003719295.1            32.91%    passed     47.67%
  29  GCA_000314005.1            32.29%    passed     79.17%
  30  GCA_004168365.1            29.56%    passed     78.96%
  31  GCA_003015105.1            32.29%    passed     99.89%
  32  GCA_902810445.1            35.22%    passed     85.06%
  33  GCA_001697225.1            31.87%    passed      7.13%
  34  GCA_002868715.1            32.91%    passed     49.40%
  35  GCA_002218085.1            32.29%    passed     98.67%
  36  GCA_003015145.1            31.24%    failed      0.01%
  37  GCA_003696005.1            29.77%    failed      0.00%
  38  GCA_003551305.1            29.98%    passed     22.32%
  39  GCA_902500715.1            55.14%    passed     44.45%
  40  GCA_004684205.1            31.87%    passed     97.10%
  41  GCA_000949635.1            32.29%    passed     61.68%
  42  GCA_001644685.1            29.98%    passed     99.87%
  43  GCA_013141375.1            29.35%    passed     13.64%
  44  GCA_000760695.4            32.29%    passed     93.05%
  45  GCA_017879665.1            29.98%    passed     88.06%
  46  GCA_001772005.1            32.49%    passed     19.83%
  47  GCA_000332035.1            32.29%    passed     83.84%
  48  GCA_016788925.1            29.98%    passed     92.28%
  49  GCA_000740735.1            32.49%    passed     99.28%
  50  GCA_000934545.1            26.21%    passed     24.86%
  51  GCA_001458695.1            31.03%    passed     57.30%
  52  GCA_016207025.1            29.98%    passed     82.92%
  53  GCA_900119825.1            32.49%    passed     54.02%
  54  GCA_003534995.1            28.30%    failed      3.42%
  55  GCA_015709635.1            35.22%    passed     94.67%
  56  GCA_006496635.1            32.49%    passed     70.35%
  57  GCA_000011385.1            31.87%    passed     58.45%
  58  GCA_001828545.1            29.98%    failed      2.65%
  59  GCA_005877815.1            37.95%    passed     87.18%
  60  GCF_004345375.1            35.22%    passed     88.68%
  61  GCA_000263335.1            30.40%    passed      9.05%
  62  GCA_018655245.1            32.29%    passed     71.47%
  63  GCA_007992375.1            32.91%    passed     93.27%
  64  GCA_001890765.1            32.29%    passed     99.51%
  65  GCA_003149345.1            28.93%    passed     46.71%
  66  GCA_001828535.1            32.29%    passed     37.70%
  67  GCA_004421105.1            32.49%    passed     99.54%
  68  GCA_002083815.1            38.36%    failed      0.00%
  69  GCA_003576955.1            29.98%    passed     81.80%
  70  GCA_003851125.1            32.91%    passed     97.43%
  71  GCA_010027455.1            35.22%    passed     49.56%
  72  GCA_001803795.1            31.24%    passed     36.87%
  73  GCA_003003885.1            32.29%    passed     93.62%
  74  GCA_004282745.1            32.29%    passed      8.18%
  75  GCA_000214665.1            37.74%    passed     46.59%
  76  GCA_002072955.1            29.35%    passed     28.69%
  77  GCA_016873455.1            32.49%    passed     75.47%
  78  GCA_001870225.1            32.70%    passed     13.99%
  79  GCA_013140535.1            32.49%    passed     47.97%
  80  GCA_000948975.1            32.29%    failed      4.96%
  81  GCA_001566965.1            29.56%    passed     95.34%
  82  GCA_000264455.2            33.96%    passed     63.90%
  83  GCA_000317535.1            32.29%    passed     87.24%
  84  GCA_006385135.1            28.93%    passed     87.79%
  85  GCA_001267195.1            32.49%    passed     97.07%
  86  GCA_000014865.1            30.61%    passed     95.16%
  87  GCA_002355455.1            32.29%    passed     60.82%
  88  GCA_002162035.1            32.91%    passed     46.09%
  89  GCA_001881495.1            32.49%    failed      1.34%
  90  GCA_000317575.1            32.29%    passed     83.64%
  91  GCA_000380225.1            32.29%    passed     80.26%
  92  GCA_003258315.1            24.95%    failed      0.04%
  93  GCA_016592635.1            29.56%    passed     51.47%
  94  GCA_902459485.1            32.49%    passed     79.73%
  95  GCA_001904725.1            32.29%    passed     93.25%
  96  GCA_000013225.1            32.29%    passed     50.39%
  97  GCA_900110495.1            28.09%    passed     97.95%
  98  GCA_000346485.2            32.29%    passed     97.43%
  99  GCA_003644325.1            31.66%    passed     23.71%
 100  GCA_004195045.1            32.29%    failed      0.00%
 101  GCA_013521015.1            35.22%    passed     99.99%
 102  GCA_002924445.1            28.93%    passed     73.59%
 103  GCA_005524015.1            32.29%    passed     28.01%
 104  GCA_000332275.1            32.29%    passed     60.16%
 105  GCA_002007425.1            32.49%    passed     43.89%
 106  GCA_016708925.1            32.91%    passed     14.30%
 107  GCA_000828615.1            32.49%    passed     95.78%
 108  GCA_000228725.3            32.49%    passed     64.99%
 109  GCA_000379525.1            32.49%    passed     74.28%
 110  GCA_001007875.1            32.49%    passed     78.29%
 111  GCA_001469165.1            31.66%    passed     46.13%
WARNING: 1 sequences contain more than 50% gaps/ambiguity
****  TOTAL                      32.07%  18 sequences failed composition chi2 test (p-value<5%; df=19)

Create initial parsimony tree by phylogenetic likelihood library (PLL)... 0.020 seconds
Generating 1000 samples for ultrafast bootstrap (seed: 597735)...

NOTE: 9 MB RAM (0 GB) is required!
Estimate model parameters (epsilon = 0.100)
1. Initial log-likelihood: -44626.198
Optimal log-likelihood: -44041.552
Parameters optimization took 1 rounds (0.264 sec)
Computing ML distances based on estimated model parameters... 0.686 sec
Computing BIONJ tree...
0.006 seconds
Log-likelihood of BIONJ tree: -44005.071
--------------------------------------------------------------------
|             INITIALIZING CANDIDATE TREE SET                      |
--------------------------------------------------------------------
Generating 98 parsimony trees... 5.318 second
Computing log-likelihood of 98 initial trees ... 5.870 seconds
Current best score: -43938.529

Do NNI search on 20 best initial trees
Estimate model parameters (epsilon = 0.100)
BETTER TREE FOUND at iteration 1: -43879.349
Estimate model parameters (epsilon = 0.100)
BETTER TREE FOUND at iteration 2: -43864.834
Iteration 10 / LogL: -43884.913 / Time: 0h:0m:19s
Iteration 20 / LogL: -43876.557 / Time: 0h:0m:26s
Finish initializing candidate tree set (20)
Current best tree score: -43864.834 / CPU time: 25.592
Number of iterations: 20
--------------------------------------------------------------------
|               OPTIMIZING CANDIDATE TREE SET                      |
--------------------------------------------------------------------
Estimate model parameters (epsilon = 0.100)
BETTER TREE FOUND at iteration 22: -43863.616
Iteration 30 / LogL: -43866.077 / Time: 0h:0m:34s (0h:1m:47s left)
Estimate model parameters (epsilon = 0.100)
BETTER TREE FOUND at iteration 34: -43860.197
Estimate model parameters (epsilon = 0.100)
BETTER TREE FOUND at iteration 35: -43859.539
Iteration 40 / LogL: -43860.721 / Time: 0h:0m:41s (0h:1m:41s left)
Estimate model parameters (epsilon = 0.100)
BETTER TREE FOUND at iteration 42: -43855.494
Iteration 50 / LogL: -43861.966 / Time: 0h:0m:48s (0h:1m:31s left)
Log-likelihood cutoff on original alignment: -43937.443
UFBoot trees printed to /mnt/ivy/thliao/project/AOB/analysis/20210713_repeat/add_Chromatiaces/phy_files/P39_prot/withEuk/NP_043186.1.ufboot
Iteration 60 / LogL: -43856.230 / Time: 0h:0m:57s (0h:1m:19s left)
Iteration 70 / LogL: -43859.173 / Time: 0h:1m:4s (0h:1m:7s left)
Iteration 80 / LogL: -43857.737 / Time: 0h:1m:11s (0h:0m:56s left)
Estimate model parameters (epsilon = 0.100)
BETTER TREE FOUND at iteration 82: -43855.409
Estimate model parameters (epsilon = 0.100)
BETTER TREE FOUND at iteration 87: -43855.290
Iteration 90 / LogL: -43867.170 / Time: 0h:1m:19s (0h:1m:26s left)
Iteration 100 / LogL: -43865.884 / Time: 0h:1m:26s (0h:1m:15s left)
Log-likelihood cutoff on original alignment: -43937.443
NOTE: Bootstrap correlation coefficient of split occurrence frequencies: 0.995
UFBoot trees printed to /mnt/ivy/thliao/project/AOB/analysis/20210713_repeat/add_Chromatiaces/phy_files/P39_prot/withEuk/NP_043186.1.ufboot
Iteration 110 / LogL: -43894.198 / Time: 0h:1m:35s (0h:1m:18s left)
Estimate model parameters (epsilon = 0.100)
BETTER TREE FOUND at iteration 119: -43855.059
Iteration 120 / LogL: -43933.216 / Time: 0h:1m:42s (0h:1m:24s left)
Iteration 130 / LogL: -43857.768 / Time: 0h:1m:48s (0h:1m:14s left)
Estimate model parameters (epsilon = 0.100)
BETTER TREE FOUND at iteration 133: -43854.935
Estimate model parameters (epsilon = 0.100)
BETTER TREE FOUND at iteration 136: -43854.450
Iteration 140 / LogL: -43866.689 / Time: 0h:1m:55s (0h:1m:19s left)
Estimate model parameters (epsilon = 0.100)
BETTER TREE FOUND at iteration 147: -43854.385
Iteration 150 / LogL: -43858.960 / Time: 0h:2m:2s (0h:1m:19s left)
Log-likelihood cutoff on original alignment: -43937.443
UFBoot trees printed to /mnt/ivy/thliao/project/AOB/analysis/20210713_repeat/add_Chromatiaces/phy_files/P39_prot/withEuk/NP_043186.1.ufboot
Estimate model parameters (epsilon = 0.100)
BETTER TREE FOUND at iteration 159: -43854.296
Iteration 160 / LogL: -43863.327 / Time: 0h:2m:9s (0h:1m:20s left)
Iteration 170 / LogL: -43887.562 / Time: 0h:2m:15s (0h:1m:11s left)
Iteration 180 / LogL: -43859.313 / Time: 0h:2m:22s (0h:1m:2s left)
Iteration 190 / LogL: -43898.291 / Time: 0h:2m:29s (0h:0m:54s left)
Iteration 200 / LogL: -43856.209 / Time: 0h:2m:35s (0h:0m:46s left)
Log-likelihood cutoff on original alignment: -43937.443
NOTE: Bootstrap correlation coefficient of split occurrence frequencies: 0.997
UFBoot trees printed to /mnt/ivy/thliao/project/AOB/analysis/20210713_repeat/add_Chromatiaces/phy_files/P39_prot/withEuk/NP_043186.1.ufboot
Iteration 210 / LogL: -43984.268 / Time: 0h:2m:42s (0h:1m:10s left)
Iteration 220 / LogL: -43855.733 / Time: 0h:2m:47s (0h:1m:1s left)
Estimate model parameters (epsilon = 0.100)
BETTER TREE FOUND at iteration 227: -43854.228
Iteration 230 / LogL: -43896.090 / Time: 0h:2m:51s (0h:1m:12s left)
Estimate model parameters (epsilon = 0.100)
BETTER TREE FOUND at iteration 240: -43853.697
Iteration 240 / LogL: -43853.697 / Time: 0h:2m:55s (0h:1m:13s left)
Iteration 250 / LogL: -43857.714 / Time: 0h:2m:58s (0h:1m:4s left)
Log-likelihood cutoff on original alignment: -43937.443
UFBoot trees printed to /mnt/ivy/thliao/project/AOB/analysis/20210713_repeat/add_Chromatiaces/phy_files/P39_prot/withEuk/NP_043186.1.ufboot
Iteration 260 / LogL: -43966.825 / Time: 0h:3m:2s (0h:0m:56s left)
Iteration 270 / LogL: -43871.526 / Time: 0h:3m:6s (0h:0m:48s left)
Iteration 280 / LogL: -43854.039 / Time: 0h:3m:9s (0h:0m:40s left)
Iteration 290 / LogL: -43876.807 / Time: 0h:3m:12s (0h:0m:33s left)
Estimate model parameters (epsilon = 0.100)
BETTER TREE FOUND at iteration 291: -43853.645
Iteration 300 / LogL: -43927.862 / Time: 0h:3m:15s (0h:0m:59s left)
Log-likelihood cutoff on original alignment: -43937.443
NOTE: Bootstrap correlation coefficient of split occurrence frequencies: 0.997
UFBoot trees printed to /mnt/ivy/thliao/project/AOB/analysis/20210713_repeat/add_Chromatiaces/phy_files/P39_prot/withEuk/NP_043186.1.ufboot
Iteration 310 / LogL: -43854.993 / Time: 0h:3m:19s (0h:0m:58s left)
Iteration 320 / LogL: -43860.393 / Time: 0h:3m:23s (0h:0m:50s left)
Iteration 330 / LogL: -43857.303 / Time: 0h:3m:26s (0h:0m:43s left)
Iteration 340 / LogL: -43860.400 / Time: 0h:3m:30s (0h:0m:37s left)
Iteration 350 / LogL: -43862.751 / Time: 0h:3m:33s (0h:0m:30s left)
Log-likelihood cutoff on original alignment: -43937.443
UFBoot trees printed to /mnt/ivy/thliao/project/AOB/analysis/20210713_repeat/add_Chromatiaces/phy_files/P39_prot/withEuk/NP_043186.1.ufboot
Iteration 360 / LogL: -43861.459 / Time: 0h:3m:38s (0h:0m:24s left)
Iteration 370 / LogL: -43857.250 / Time: 0h:3m:41s (0h:0m:18s left)
Iteration 380 / LogL: -43853.783 / Time: 0h:3m:45s (0h:0m:11s left)
Iteration 390 / LogL: -43876.518 / Time: 0h:3m:48s (0h:0m:5s left)
TREE SEARCH COMPLETED AFTER 392 ITERATIONS / Time: 0h:3m:49s

--------------------------------------------------------------------
|                    FINALIZING TREE SEARCH                        |
--------------------------------------------------------------------
Performs final model parameters optimization
Estimate model parameters (epsilon = 0.010)
1. Initial log-likelihood: -43853.645
Optimal log-likelihood: -43853.645
Parameters optimization took 1 rounds (0.024 sec)
BEST SCORE FOUND : -43853.645
Creating bootstrap support values...
Split supports printed to NEXUS file /mnt/ivy/thliao/project/AOB/analysis/20210713_repeat/add_Chromatiaces/phy_files/P39_prot/withEuk/NP_043186.1.splits.nex
Total tree length: 37.663

Total number of iterations: 392
CPU time used for tree search: 442.217 sec (0h:7m:22s)
Wall-clock time used for tree search: 228.108 sec (0h:3m:48s)
Total CPU time used: 444.101 sec (0h:7m:24s)
Total wall-clock time used: 229.688 sec (0h:3m:49s)
UFBoot trees printed to /mnt/ivy/thliao/project/AOB/analysis/20210713_repeat/add_Chromatiaces/phy_files/P39_prot/withEuk/NP_043186.1.ufboot

Computing bootstrap consensus tree...
Reading input file /mnt/ivy/thliao/project/AOB/analysis/20210713_repeat/add_Chromatiaces/phy_files/P39_prot/withEuk/NP_043186.1.splits.nex...
111 taxa and 653 splits.
Consensus tree written to /mnt/ivy/thliao/project/AOB/analysis/20210713_repeat/add_Chromatiaces/phy_files/P39_prot/withEuk/NP_043186.1.contree
Reading input trees file /mnt/ivy/thliao/project/AOB/analysis/20210713_repeat/add_Chromatiaces/phy_files/P39_prot/withEuk/NP_043186.1.contree
Log-likelihood of consensus tree: -43859.316

Analysis results written to: 
  IQ-TREE report:                /mnt/ivy/thliao/project/AOB/analysis/20210713_repeat/add_Chromatiaces/phy_files/P39_prot/withEuk/NP_043186.1.iqtree
  Maximum-likelihood tree:       /mnt/ivy/thliao/project/AOB/analysis/20210713_repeat/add_Chromatiaces/phy_files/P39_prot/withEuk/NP_043186.1.treefile
  Likelihood distances:          /mnt/ivy/thliao/project/AOB/analysis/20210713_repeat/add_Chromatiaces/phy_files/P39_prot/withEuk/NP_043186.1.mldist

Ultrafast bootstrap approximation results written to:
  Split support values:          /mnt/ivy/thliao/project/AOB/analysis/20210713_repeat/add_Chromatiaces/phy_files/P39_prot/withEuk/NP_043186.1.splits.nex
  Consensus tree:                /mnt/ivy/thliao/project/AOB/analysis/20210713_repeat/add_Chromatiaces/phy_files/P39_prot/withEuk/NP_043186.1.contree
  UFBoot trees:                  /mnt/ivy/thliao/project/AOB/analysis/20210713_repeat/add_Chromatiaces/phy_files/P39_prot/withEuk/NP_043186.1.ufboot
  Screen log file:               /mnt/ivy/thliao/project/AOB/analysis/20210713_repeat/add_Chromatiaces/phy_files/P39_prot/withEuk/NP_043186.1.log

Date and Time: Mon Dec 12 10:24:07 2022
