IQ-TREE multicore version 1.6.12 for Linux 64-bit built Aug 15 2019
Developed by Bui Quang Minh, Nguyen Lam Tung, Olga Chernomor,
Heiko Schmidt, Dominik Schrempf, Michael Woodhams.

Host:    cl006 (AVX512, FMA3, 125 GB RAM)
Command: iqtree -nt 2 -redo -wbtl -bb 1000 -pre /mnt/ivy/thliao/project/AOB/analysis/20210713_repeat/add_Chromatiaces/phy_files/P39_prot/withEuk/NP_043287.1 -s /mnt/ivy/thliao/project/AOB/analysis/20210713_repeat/add_Chromatiaces/phy_files/P39_prot/withEuk/NP_043287.1.aln
Seed:    556425 (Using SPRNG - Scalable Parallel Random Number Generator)
Time:    Mon Dec 12 09:38:55 2022
Kernel:  AVX+FMA - 2 threads (64 CPU cores detected)

Reading alignment file /mnt/ivy/thliao/project/AOB/analysis/20210713_repeat/add_Chromatiaces/phy_files/P39_prot/withEuk/NP_043287.1.aln ... Fasta format detected
Alignment most likely contains protein sequences
Alignment has 120 sequences with 224 columns, 207 distinct patterns
140 parsimony-informative, 25 singleton sites, 59 constant sites
                            Gap/Ambiguity  Composition  p-value
   1  Chondrus_crispus             53.57%    failed      1.91%
   2  Cyanidioschyzon_merolae      52.23%    failed      1.03%
   3  Cyanophora_paradoxa          53.57%    passed     12.18%
   4  Cyanoptyche_gloeocystis      48.21%    passed      8.27%
   5  Galdieria_sulphuraria        50.89%    failed      0.17%
   6  Gloeochaete_wittrockiana     50.00%    failed      0.86%
   7  Klebsormidium_nitens         49.11%    failed      0.45%
   8  Mesotaenium_endlicherianum   46.88%    passed      7.76%
   9  NC_000926.1                  53.57%    passed      7.80%
  10  NC_007288.1                  48.21%    failed      0.02%
  11  NC_008588.1                  53.12%    passed     18.23%
  12  NC_008589.1                  53.12%    passed     24.43%
  13  NC_012898.1                  50.89%    passed     80.40%
  14  NC_016703.2                  48.21%    failed      0.12%
  15  NC_020371.1                  53.57%    failed      3.00%
  16  NC_049168.1                  48.21%    passed      6.25%
  17  Palmophyllum_crassum         51.79%    failed      0.00%
  18  Penium_margaritaceum         46.88%    passed      7.72%
  19  Physcomitrium_patens         49.11%    passed      7.60%
  20  Porphyra_umbilicalis         53.57%    passed     39.38%
  21  Porphyridium_purpureum       50.45%    passed     19.54%
  22  Prasinoderma_coloniale       50.89%    passed     34.36%
  23  GCA_000473895.1              34.38%    passed     39.37%
  24  GCA_015709615.1              54.02%    passed     92.93%
  25  GCA_000024725.1              53.57%    passed     92.48%
  26  GCA_013697045.1              48.21%    passed     90.02%
  27  GCA_900107585.1              48.21%    passed     48.02%
  28  GCA_014859375.1              54.02%    passed     99.34%
  29  GCA_015272465.1              42.41%    passed     41.13%
  30  GCA_002356115.1              53.57%    passed     93.32%
  31  GCA_009833095.1              54.02%    passed     94.68%
  32  GCA_013140465.1              54.02%    passed     89.05%
  33  GCA_001747005.1              45.09%    passed     91.06%
  34  GCA_014635705.1              54.02%    passed     99.91%
  35  GCA_002109495.1              55.36%    passed     73.39%
  36  GCA_001458735.1              53.57%    passed     87.39%
  37  GCA_000952155.1              44.20%    passed     95.53%
  38  GCA_000317495.1              43.30%    passed     94.28%
  39  GCA_000317515.1              38.84%    passed     20.91%
  40  GCA_007197755.1              54.46%    passed     74.83%
  41  GCA_001187785.1              54.02%    passed     74.99%
  42  GCA_003719295.1              54.46%    passed     67.34%
  43  GCA_000314005.1              44.20%    passed     73.79%
  44  GCA_004168365.1              54.02%    passed     97.90%
  45  GCA_011090395.1              47.77%    passed     95.46%
  46  GCA_003015105.1              39.73%    passed     62.15%
  47  GCA_902810445.1              53.57%    passed     82.72%
  48  GCA_001697225.1              53.57%    passed     92.92%
  49  GCA_002868715.1              54.46%    passed     52.21%
  50  GCA_002218085.1              40.62%    passed     61.38%
  51  GCA_003015145.1              53.12%    passed     87.51%
  52  GCA_008189685.1              54.02%    passed     48.82%
  53  GCA_003696005.1              54.02%    passed     33.14%
  54  GCA_003551305.1              53.57%    passed     13.77%
  55  GCA_902500715.1              53.57%    passed     74.89%
  56  GCA_004684205.1              53.57%    passed     92.23%
  57  GCA_001644685.1              54.02%    passed     81.02%
  58  GCA_013141375.1              54.02%    passed     96.06%
  59  GCA_000760695.4              35.71%    passed     61.65%
  60  GCA_017879665.1              53.57%    passed     86.24%
  61  GCA_001772005.1              54.02%    passed     93.46%
  62  GCA_000332035.1              42.86%    passed     64.10%
  63  GCA_016788925.1              53.57%    passed     74.89%
  64  GCA_000740735.1              53.57%    passed     97.83%
  65  GCA_000934545.1              54.02%    passed     96.05%
  66  GCA_001458695.1              53.57%    passed     96.72%
  67  GCA_016207025.1              53.57%    passed     83.62%
  68  GCA_900119825.1              54.02%    passed     91.75%
  69  GCA_003534995.1              53.57%    passed     99.30%
  70  GCA_015709635.1              54.02%    passed     97.95%
  71  GCA_006496635.1              54.02%    passed     85.45%
  72  GCA_000011385.1              45.98%    passed     81.46%
  73  GCA_005877815.1              53.12%    passed     99.76%
  74  GCF_004345375.1              54.02%    passed     94.70%
  75  GCA_000263335.1              52.68%    passed     95.71%
  76  GCA_018655245.1              54.02%    passed     96.69%
  77  GCA_007992375.1              54.02%    passed     98.86%
  78  GCA_001890765.1              43.75%    passed     99.21%
  79  GCA_003149345.1              53.12%    passed     71.49%
  80  GCA_004421105.1              53.57%    passed     89.01%
  81  GCA_002083815.1              53.57%    passed     94.87%
  82  GCA_003576955.1              53.57%    passed     96.93%
  83  GCA_003851125.1              54.02%    passed     99.04%
  84  GCA_001803795.1              53.12%    passed     95.12%
  85  GCA_003003885.1              42.86%    passed     12.07%
  86  GCA_004282745.1              53.57%    passed     68.54%
  87  GCA_000214665.1              54.02%    passed     80.39%
  88  GCA_002072955.1              54.02%    passed     88.24%
  89  GCA_016873455.1              53.57%    passed     97.00%
  90  GCA_001870225.1              41.52%    passed     71.06%
  91  GCA_000948975.1              54.02%    passed     92.30%
  92  GCA_001566965.1              54.02%    passed     99.40%
  93  GCA_000264455.2              54.46%    passed     88.51%
  94  GCA_000317535.1              39.73%    passed     76.42%
  95  GCA_006385135.1              29.02%    failed      0.00%
  96  GCA_001267195.1              54.02%    passed     94.18%
  97  GCA_000014865.1              54.91%    passed     86.36%
  98  GCA_002355455.1              43.75%    passed     91.35%
  99  GCA_002162035.1              54.02%    passed     93.54%
 100  GCA_001881495.1              54.91%    passed     98.80%
 101  GCA_000317575.1              43.75%    passed     96.22%
 102  GCA_000380225.1              38.39%    passed     74.16%
 103  GCA_003258315.1              53.12%    passed     73.01%
 104  GCA_016592635.1              54.02%    passed     84.64%
 105  GCA_902459485.1              54.02%    passed     92.21%
 106  GCA_001904725.1              42.86%    passed     99.69%
 107  GCA_000013225.1              37.05%    passed      6.71%
 108  GCA_900110495.1              54.02%    passed     85.73%
 109  GCA_000346485.2              29.02%    passed     37.11%
 110  GCA_004195045.1              53.57%    failed      3.03%
 111  GCA_013521015.1              54.02%    passed     97.40%
 112  GCA_002924445.1              54.02%    passed     80.37%
 113  GCA_000332275.1              36.61%    passed     33.03%
 114  GCA_002007425.1              51.34%    passed     91.35%
 115  GCA_016708925.1              53.57%    passed     99.47%
 116  GCA_000828615.1              54.02%    passed     99.11%
 117  GCA_000228725.3              44.20%    passed     14.11%
 118  GCA_000379525.1              53.57%    passed     72.91%
 119  GCA_001007875.1              53.57%    passed     96.88%
 120  GCA_001469165.1              47.77%    passed     74.55%
WARNING: 82 sequences contain more than 50% gaps/ambiguity
****  TOTAL                        50.26%  11 sequences failed composition chi2 test (p-value<5%; df=19)
NOTE: GCA_016788925.1 is identical to GCA_902500715.1 but kept for subsequent analysis


Create initial parsimony tree by phylogenetic likelihood library (PLL)... 0.035 seconds
NOTE: ModelFinder requires 43 MB RAM!
ModelFinder will test 546 protein models (sample size: 224) ...
 No. Model         -LnL         df  AIC          AICc         BIC
  1  Dayhoff       16073.307    237 32620.614    145432.614   33429.174
  2  Dayhoff+I     15944.269    238 32364.539    146128.539   33176.510
  3  Dayhoff+G4    15421.876    238 31319.753    145083.753   32131.724
  4  Dayhoff+I+G4  15407.762    239 31293.524    146013.524   32108.908
  5  Dayhoff+R2    15552.287    239 31582.574    146302.574   32397.958
  6  Dayhoff+R3    15424.985    241 31331.969    147975.969   32154.176
  7  Dayhoff+R4    15397.026    243 31280.051    149864.051   32109.081
  8  Dayhoff+R5    15382.371    245 31254.743    151794.743   32090.596
  9  Dayhoff+R6    15381.909    247 31257.818    153769.818   32100.495
 14  Dayhoff+F     16139.819    256 32791.638    164375.638   33665.020
 15  Dayhoff+F+I   16015.087    257 32544.174    165156.174   33420.967
 16  Dayhoff+F+G4  15458.099    257 31430.197    164042.197   32306.990
 17  Dayhoff+F+I+G4 15447.368    258 31410.736    165054.736   32290.940
 18  Dayhoff+F+R2  15592.651    258 31701.303    165345.303   32581.508
 19  Dayhoff+F+R3  15458.329    260 31436.657    167156.657   32323.685
 20  Dayhoff+F+R4  15429.883    262 31383.766    169195.766   32277.617
 21  Dayhoff+F+R5  15415.485    264 31358.971    171278.971   32259.645
 22  Dayhoff+F+R6  15415.405    266 31362.810    173406.810   32270.308
 27  mtMAM         18441.918    237 37357.835    150169.835   38166.395
 28  mtMAM+I       18363.827    238 37203.654    150967.654   38015.626
 29  mtMAM+G4      16743.178    238 33962.356    147726.356   34774.327
 30  mtMAM+I+G4    16740.267    239 33958.534    148678.534   34773.918
 31  mtMAM+R2      17022.466    239 34522.931    149242.931   35338.315
 32  mtMAM+R3      16836.211    241 34154.422    150798.422   34976.628
 33  mtMAM+R4      16740.031    243 33966.062    152550.062   34795.092
 34  mtMAM+R5      16712.204    245 33914.409    154454.409   34750.262
 35  mtMAM+R6      16711.589    247 33917.178    156429.178   34759.855
 40  mtMAM+F       17496.576    256 35505.151    167089.151   36378.532
 41  mtMAM+F+I     17382.577    257 35279.153    167891.153   36155.946
 42  mtMAM+F+G4    16182.056    257 32878.112    165490.112   33754.905
 43  mtMAM+F+I+G4  16175.281    258 32866.562    166510.562   33746.767
 44  mtMAM+F+R2    16439.404    258 33394.809    167038.809   34275.013
 45  mtMAM+F+R3    16249.036    260 33018.072    168738.072   33905.100
 46  mtMAM+F+R4    16173.815    262 32871.629    170683.629   33765.481
 47  mtMAM+F+R5    16161.361    264 32850.723    172770.723   33751.397
 48  mtMAM+F+R6    16161.355    266 32854.710    174898.710   33762.207
 53  JTT           16146.384    237 32766.768    145578.768   33575.328
 54  JTT+I         16022.697    238 32521.394    146285.394   33333.366
 55  JTT+G4        15416.050    238 31308.100    145072.100   32120.072
 56  JTT+I+G4      15405.951    239 31289.902    146009.902   32105.285
 57  JTT+R2        15560.911    239 31599.822    146319.822   32415.205
 58  JTT+R3        15428.422    241 31338.844    147982.844   32161.050
 59  JTT+R4        15392.840    243 31271.680    149855.680   32100.710
 60  JTT+R5        15372.919    245 31235.838    151775.838   32071.691
 61  JTT+R6        15372.895    247 31239.789    153751.789   32082.466
 66  JTT+F         16312.966    256 33137.933    164721.933   34011.314
 67  JTT+F+I       16181.279    257 32876.559    165488.559   33753.352
 68  JTT+F+G4      15535.829    257 31585.657    164197.657   32462.451
 69  JTT+F+I+G4    15526.163    258 31568.326    165212.326   32448.531
 70  JTT+F+R2      15686.614    258 31889.227    165533.227   32769.432
 71  JTT+F+R3      15552.380    260 31624.760    167344.760   32511.788
 72  JTT+F+R4      15512.261    262 31548.522    169360.522   32442.373
 73  JTT+F+R5      15495.549    264 31519.099    171439.099   32419.773
 74  JTT+F+R6      15495.458    266 31522.916    173566.916   32430.414
 79  WAG           15944.538    237 32363.076    145175.076   33171.636
 80  WAG+I         15826.448    238 32128.897    145892.897   32940.868
 81  WAG+G4        15266.159    238 31008.319    144772.319   31820.290
 82  WAG+I+G4      15255.293    239 30988.586    145708.586   31803.969
 83  WAG+R2        15402.762    239 31283.525    146003.525   32098.908
 84  WAG+R3        15269.991    241 31021.982    147665.982   31844.189
 85  WAG+R4        15239.622    243 30965.244    149549.244   31794.274
 86  WAG+R5        15229.959    245 30949.918    151489.918   31785.772
 87  WAG+R6        15229.898    247 30953.797    153465.797   31796.473
 92  WAG+F         16108.474    256 32728.949    164312.949   33602.330
 93  WAG+F+I       15984.959    257 32483.918    165095.918   33360.711
 94  WAG+F+G4      15384.243    257 31282.486    163894.486   32159.279
 95  WAG+F+I+G4    15374.084    258 31264.167    164908.167   32144.372
 96  WAG+F+R2      15527.056    258 31570.111    165214.111   32450.316
 97  WAG+F+R3      15394.172    260 31308.345    167028.345   32195.373
 98  WAG+F+R4      15357.725    262 31239.449    169051.449   32133.300
 99  WAG+F+R5      15348.961    264 31225.922    171145.922   32126.596
100  WAG+F+R6      15348.873    266 31229.746    173273.746   32137.244
105  cpREV         16099.243    237 32672.487    145484.487   33481.047
106  cpREV+I       15999.754    238 32475.508    146239.508   33287.480
107  cpREV+G4      15363.022    238 31202.045    144966.045   32014.017
108  cpREV+I+G4    15356.905    239 31191.810    145911.810   32007.193
109  cpREV+R2      15511.234    239 31500.468    146220.468   32315.852
110  cpREV+R3      15377.640    241 31237.281    147881.281   32059.488
111  cpREV+R4      15338.532    243 31163.064    149747.064   31992.094
112  cpREV+R5      15328.107    245 31146.215    151686.215   31982.068
113  cpREV+R6      15328.095    247 31150.189    153662.189   31992.866
118  cpREV+F       16294.840    256 33101.679    164685.679   33975.061
119  cpREV+F+I     16175.059    257 32864.118    165476.118   33740.911
120  cpREV+F+G4    15515.264    257 31544.528    164156.528   32421.321
121  cpREV+F+I+G4  15507.578    258 31531.156    165175.156   32411.361
122  cpREV+F+R2    15663.725    258 31843.450    165487.450   32723.655
123  cpREV+F+R3    15540.996    260 31601.992    167321.992   32489.020
124  cpREV+F+R4    15486.209    262 31496.417    169308.417   32390.269
125  cpREV+F+R5    15476.932    264 31481.864    171401.864   32382.538
126  cpREV+F+R6    15476.842    266 31485.684    173529.684   32393.182
131  mtREV         17373.994    237 35221.988    148033.988   36030.548
132  mtREV+I       17298.480    238 35072.960    148836.960   35884.931
133  mtREV+G4      16248.351    238 32972.702    146736.702   33784.674
134  mtREV+I+G4    16241.586    239 32961.172    147681.172   33776.556
135  mtREV+R2      16464.078    239 33406.156    148126.156   34221.539
136  mtREV+R3      16293.218    241 33068.436    149712.436   33890.643
137  mtREV+R4      16236.030    243 32958.060    151542.060   33787.090
138  mtREV+R5      16223.754    245 32937.507    153477.507   33773.361
139  mtREV+R6      16223.178    247 32940.356    155452.356   33783.033
144  mtREV+F       16647.842    256 33807.683    165391.683   34681.064
145  mtREV+F+I     16549.216    257 33612.431    166224.431   34489.224
146  mtREV+F+G4    15723.217    257 31960.433    164572.433   32837.226
147  mtREV+F+I+G4  15713.043    258 31942.086    165586.086   32822.291
148  mtREV+F+R2    15903.527    258 32323.054    165967.054   33203.258
149  mtREV+F+R3    15740.439    260 32000.877    167720.877   32887.905
150  mtREV+F+R4    15707.114    262 31938.228    169750.228   32832.079
151  mtREV+F+R5    15695.336    264 31918.671    171838.671   32819.346
152  mtREV+F+R6    15694.841    266 31921.681    173965.681   32829.179
157  rtREV         16084.079    237 32642.158    145454.158   33450.718
158  rtREV+I       15969.199    238 32414.398    146178.398   33226.369
159  rtREV+G4      15307.704    238 31091.408    144855.408   31903.379
160  rtREV+I+G4    15292.377    239 31062.753    145782.753   31878.136
161  rtREV+R2      15472.342    239 31422.685    146142.685   32238.068
162  rtREV+R3      15311.347    241 31104.695    147748.695   31926.901
163  rtREV+R4      15288.690    243 31063.380    149647.380   31892.410
164  rtREV+R5      15277.395    245 31044.789    151584.789   31880.642
165  rtREV+R6      15277.353    247 31048.705    153560.705   31891.382
170  rtREV+F       16183.911    256 32879.822    164463.822   33753.204
171  rtREV+F+I     16064.346    257 32642.692    165254.692   33519.485
172  rtREV+F+G4    15376.448    257 31266.895    163878.895   32143.688
173  rtREV+F+I+G4  15361.765    258 31239.530    164883.530   32119.735
174  rtREV+F+R2    15544.556    258 31605.111    165249.111   32485.316
175  rtREV+F+R3    15383.492    260 31286.984    167006.984   32174.012
176  rtREV+F+R4    15358.561    262 31241.121    169053.121   32134.972
177  rtREV+F+R5    15348.123    264 31224.245    171144.245   32124.920
178  rtREV+F+R6    15348.042    266 31228.085    173272.085   32135.583
183  mtART         17984.339    237 36442.678    149254.678   37251.238
184  mtART+I       17907.426    238 36290.852    150054.852   37102.824
185  mtART+G4      16444.019    238 33364.039    147128.039   34176.010
186  mtART+I+G4    16441.626    239 33361.251    148081.251   34176.634
187  mtART+R2      16737.937    239 33953.874    148673.874   34769.257
188  mtART+R3      16552.219    241 33586.439    150230.439   34408.646
189  mtART+R4      16447.370    243 33380.741    151964.741   34209.771
190  mtART+R5      16416.307    245 33322.614    153862.614   34158.467
191  mtART+R6      16416.112    247 33326.225    155838.225   34168.901
196  mtART+F       17015.384    256 34542.767    166126.767   35416.148
197  mtART+F+I     16917.808    257 34349.616    166961.616   35226.409
198  mtART+F+G4    15874.660    257 32263.321    164875.321   33140.114
199  mtART+F+I+G4  15868.152    258 32252.304    165896.304   33132.508
200  mtART+F+R2    16124.635    258 32765.269    166409.269   33645.474
201  mtART+F+R3    15922.556    260 32365.112    168085.112   33252.140
202  mtART+F+R4    15861.338    262 32246.677    170058.677   33140.528
203  mtART+F+R5    15846.056    264 32220.112    172140.112   33120.787
204  mtART+F+R6    15844.760    266 32221.520    174265.520   33129.017
209  mtZOA         17319.841    237 35113.682    147925.682   35922.242
210  mtZOA+I       17231.060    238 34938.120    148702.120   35750.092
211  mtZOA+G4      16032.828    238 32541.657    146305.657   33353.628
212  mtZOA+I+G4    16027.595    239 32533.190    147253.190   33348.573
213  mtZOA+R2      16267.133    239 33012.266    147732.266   33827.650
214  mtZOA+R3      16095.467    241 32672.935    149316.935   33495.141
215  mtZOA+R4      16021.810    243 32529.621    151113.621   33358.651
216  mtZOA+R5      16010.431    245 32510.862    153050.862   33346.715
217  mtZOA+R6      16009.453    247 32512.906    155024.906   33355.583
222  mtZOA+F       16646.064    256 33804.127    165388.127   34677.509
223  mtZOA+F+I     16534.864    257 33583.728    166195.728   34460.521
224  mtZOA+F+G4    15687.560    257 31889.119    164501.119   32765.912
225  mtZOA+F+I+G4  15676.585    258 31869.170    165513.170   32749.375
226  mtZOA+F+R2    15893.903    258 32303.807    165947.807   33184.011
227  mtZOA+F+R3    15704.002    260 31928.004    167648.004   32815.032
228  mtZOA+F+R4    15671.685    262 31867.371    169679.371   32761.222
229  mtZOA+F+R5    15657.605    264 31843.210    171763.210   32743.885
230  mtZOA+F+R6    15656.657    266 31845.313    173889.313   32752.811
235  VT            15997.617    237 32469.233    145281.233   33277.793
236  VT+I          15883.953    238 32243.907    146007.907   33055.878
237  VT+G4         15331.344    238 31138.689    144902.689   31950.661
238  VT+I+G4       15320.602    239 31119.205    145839.205   31934.588
239  VT+R2         15461.156    239 31400.312    146120.312   32215.696
240  VT+R3         15334.990    241 31151.979    147795.979   31974.186
241  VT+R4         15307.185    243 31100.371    149684.371   31929.401
242  VT+R5         15296.792    245 31083.584    151623.584   31919.437
243  VT+R6         15296.689    247 31087.377    153599.377   31930.054
248  VT+F          16146.784    256 32805.569    164389.569   33678.950
249  VT+F+I        16026.922    257 32567.844    165179.844   33444.637
250  VT+F+G4       15459.579    257 31433.157    164045.157   32309.950
251  VT+F+I+G4     15448.638    258 31413.277    165057.277   32293.482
252  VT+F+R2       15592.343    258 31700.685    165344.685   32580.890
253  VT+F+R3       15468.821    260 31457.643    167177.643   32344.671
254  VT+F+R4       15435.501    262 31395.001    169207.001   32288.853
255  VT+F+R5       15427.791    264 31383.582    171303.582   32284.256
256  VT+F+R6       15427.771    266 31387.542    173431.542   32295.040
261  LG            15963.403    237 32400.805    145212.805   33209.365
262  LG+I          15845.435    238 32166.870    145930.870   32978.842
263  LG+G4         15175.563    238 30827.127    144591.127   31639.099
264  LG+I+G4       15159.630    239 30797.260    145517.260   31612.643
265  LG+R2         15344.401    239 31166.801    145886.801   31982.184
266  LG+R3         15181.031    241 30844.062    147488.062   31666.269
267  LG+R4         15156.368    243 30798.736    149382.736   31627.766
268  LG+R5         15138.631    245 30767.263    151307.263   31603.116
269  LG+R6         15138.627    247 30771.254    153283.254   31613.930
274  LG+F          16128.019    256 32768.038    164352.038   33641.420
275  LG+F+I        16002.136    257 32518.273    165130.273   33395.066
276  LG+F+G4       15322.025    257 31158.050    163770.050   32034.843
277  LG+F+I+G4     15308.330    258 31132.661    164776.661   32012.866
278  LG+F+R2       15490.638    258 31497.276    165141.276   32377.481
279  LG+F+R3       15333.948    260 31187.897    166907.897   32074.925
280  LG+F+R4       15301.860    262 31127.721    168939.721   32021.572
281  LG+F+R5       15287.464    264 31102.929    171022.929   32003.603
282  LG+F+R6       15287.358    266 31106.717    173150.717   32014.215
287  DCMut         16073.169    237 32620.339    145432.339   33428.899
288  DCMut+I       15944.291    238 32364.582    146128.582   33176.554
289  DCMut+G4      15422.609    238 31321.219    145085.219   32133.191
290  DCMut+I+G4    15408.623    239 31295.245    146015.245   32110.629
291  DCMut+R2      15552.815    239 31583.631    146303.631   32399.014
292  DCMut+R3      15424.071    241 31330.142    147974.142   32152.348
293  DCMut+R4      15395.007    243 31276.014    149860.014   32105.044
294  DCMut+R5      15381.103    245 31252.206    151792.206   32088.059
295  DCMut+R6      15381.085    247 31256.170    153768.170   32098.846
300  DCMut+F       16138.871    256 32789.742    164373.742   33663.124
301  DCMut+F+I     16014.349    257 32542.697    165154.697   33419.490
302  DCMut+F+G4    15458.167    257 31430.334    164042.334   32307.127
303  DCMut+F+I+G4  15447.588    258 31411.176    165055.176   32291.381
304  DCMut+F+R2    15592.424    258 31700.849    165344.849   32581.053
305  DCMut+F+R3    15458.446    260 31436.893    167156.893   32323.921
306  DCMut+F+R4    15429.867    262 31383.735    169195.735   32277.586
307  DCMut+F+R5    15414.681    264 31357.363    171277.363   32258.037
308  DCMut+F+R6    15414.554    266 31361.108    173405.108   32268.606
313  PMB           16150.715    237 32775.430    145587.430   33583.990
314  PMB+I         16043.038    238 32562.077    146326.077   33374.048
315  PMB+G4        15469.466    238 31414.932    145178.932   32226.904
316  PMB+I+G4      15457.656    239 31393.312    146113.312   32208.696
317  PMB+R2        15614.751    239 31707.501    146427.501   32522.885
318  PMB+R3        15471.768    241 31425.536    148069.536   32247.742
319  PMB+R4        15446.060    243 31378.119    149962.119   32207.149
320  PMB+R5        15435.223    245 31360.446    151900.446   32196.299
321  PMB+R6        15435.124    247 31364.247    153876.247   32206.924
326  PMB+F         16248.763    256 33009.526    164593.526   33882.907
327  PMB+F+I       16133.696    257 32781.392    165393.392   33658.185
328  PMB+F+G4      15554.776    257 31623.553    164235.553   32500.346
329  PMB+F+I+G4    15544.517    258 31605.034    165249.034   32485.238
330  PMB+F+R2      15699.630    258 31915.259    165559.259   32795.464
331  PMB+F+R3      15562.602    260 31645.203    167365.203   32532.231
332  PMB+F+R4      15530.799    262 31585.597    169397.597   32479.449
333  PMB+F+R5      15523.906    264 31575.811    171495.811   32476.486
334  PMB+F+R6      15523.883    266 31579.766    173623.766   32487.263
339  HIVb          16721.191    237 33916.382    146728.382   34724.942
340  HIVb+I        16600.087    238 33676.174    147440.174   34488.146
341  HIVb+G4       15751.317    238 31978.633    145742.633   32790.605
342  HIVb+I+G4     15736.128    239 31950.255    146670.255   32765.639
343  HIVb+R2       15956.991    239 32391.983    147111.983   33207.366
344  HIVb+R3       15786.639    241 32055.278    148699.278   32877.485
345  HIVb+R4       15728.962    243 31943.924    150527.924   32772.954
346  HIVb+R5       15695.853    245 31881.706    152421.706   32717.560
347  HIVb+R6       15695.824    247 31885.649    154397.649   32728.325
352  HIVb+F        16944.143    256 34400.285    165984.285   35273.666
353  HIVb+F+I      16803.199    257 34120.398    166732.398   34997.191
354  HIVb+F+G4     15930.360    257 32374.721    164986.721   33251.514
355  HIVb+F+I+G4   15922.678    258 32361.357    166005.357   33241.562
356  HIVb+F+R2     16136.432    258 32788.865    166432.865   33669.069
357  HIVb+F+R3     15964.934    260 32449.867    168169.867   33336.895
358  HIVb+F+R4     15906.984    262 32337.967    170149.967   33231.819
359  HIVb+F+R5     15874.060    264 32276.121    172196.121   33176.795
360  HIVb+F+R6     15874.034    266 32280.067    174324.067   33187.565
365  HIVw          17375.826    237 35225.652    148037.652   36034.212
366  HIVw+I        17232.459    238 34940.918    148704.918   35752.890
367  HIVw+G4       16400.029    238 33276.059    147040.059   34088.030
368  HIVw+I+G4     16390.632    239 33259.265    147979.265   34074.648
369  HIVw+R2       16613.098    239 33704.197    148424.197   34519.580
370  HIVw+R3       16469.477    241 33420.954    150064.954   34243.161
371  HIVw+R4       16377.608    243 33241.216    151825.216   34070.246
372  HIVw+R5       16355.274    245 33200.548    153740.548   34036.401
373  HIVw+R6       16354.625    247 33203.251    155715.251   34045.927
378  HIVw+F        17544.398    256 35600.796    167184.796   36474.178
379  HIVw+F+I      17378.917    257 35271.835    167883.835   36148.628
380  HIVw+F+G4     16489.698    257 33493.396    166105.396   34370.189
381  HIVw+F+I+G4   16457.069    258 33430.138    167074.138   34310.343
382  HIVw+F+R2     16693.670    258 33903.339    167547.339   34783.544
383  HIVw+F+R3     16528.383    260 33576.765    169296.765   34463.793
384  HIVw+F+R4     16458.159    262 33440.317    171252.317   34334.168
385  HIVw+F+R5     16423.437    264 33374.873    173294.873   34275.548
386  HIVw+F+R6     16422.151    266 33376.303    175420.303   34283.801
391  JTTDCMut      16135.716    237 32745.431    145557.431   33553.991
392  JTTDCMut+I    16012.493    238 32500.987    146264.987   33312.958
393  JTTDCMut+G4   15411.548    238 31299.096    145063.096   32111.068
394  JTTDCMut+I+G4 15401.535    239 31281.069    146001.069   32096.453
395  JTTDCMut+R2   15555.672    239 31589.344    146309.344   32404.728
396  JTTDCMut+R3   15423.991    241 31329.982    147973.982   32152.188
397  JTTDCMut+R4   15388.502    243 31263.004    149847.004   32092.034
398  JTTDCMut+R5   15369.099    245 31228.198    151768.198   32064.051
399  JTTDCMut+R6   15369.080    247 31232.160    153744.160   32074.836
404  JTTDCMut+F    16302.695    256 33117.390    164701.390   33990.771
405  JTTDCMut+F+I  16171.726    257 32857.453    165469.453   33734.246
406  JTTDCMut+F+G4 15529.823    257 31573.645    164185.645   32450.438
407  JTTDCMut+F+I+G4 15520.212    258 31556.423    165200.423   32436.628
408  JTTDCMut+F+R2 15680.861    258 31877.723    165521.723   32757.927
409  JTTDCMut+F+R3 15546.104    260 31612.208    167332.208   32499.236
410  JTTDCMut+F+R4 15506.379    262 31536.758    169348.758   32430.609
411  JTTDCMut+F+R5 15489.200    264 31506.401    171426.401   32407.075
412  JTTDCMut+F+R6 15489.180    266 31510.361    173554.361   32417.858
417  FLU           16540.280    237 33554.560    146366.560   34363.120
418  FLU+I         16418.433    238 33312.866    147076.866   34124.837
419  FLU+G4        15594.052    238 31664.105    145428.105   32476.077
420  FLU+I+G4      15589.485    239 31656.969    146376.969   32472.353
421  FLU+R2        15794.418    239 32066.836    146786.836   32882.220
422  FLU+R3        15616.515    241 31715.031    148359.031   32537.237
423  FLU+R4        15567.712    243 31621.425    150205.425   32450.455
424  FLU+R5        15538.008    245 31566.015    152106.015   32401.869
425  FLU+R6        15537.966    247 31569.931    154081.931   32412.608
430  FLU+F         16851.805    256 34215.610    165799.610   35088.992
431  FLU+F+I       16715.424    257 33944.847    166556.847   34821.640
432  FLU+F+G4      15757.535    257 32029.070    164641.070   32905.863
433  FLU+F+I+G4    15754.400    258 32024.800    165668.800   32905.005
434  FLU+F+R2      15989.104    258 32494.209    166138.209   33374.414
435  FLU+F+R3      15781.248    260 32082.496    167802.496   32969.524
436  FLU+F+R4      15729.694    262 31983.387    169795.387   32877.239
437  FLU+F+R5      15709.623    264 31947.247    171867.247   32847.921
438  FLU+F+R6      15709.582    266 31951.163    173995.163   32858.661
443  Blosum62      16132.905    237 32739.809    145551.809   33548.369
444  Blosum62+I    16023.487    238 32522.974    146286.974   33334.946
445  Blosum62+G4   15446.116    238 31368.232    145132.232   32180.203
446  Blosum62+I+G4 15433.835    239 31345.670    146065.670   32161.054
447  Blosum62+R2   15585.495    239 31648.989    146368.989   32464.373
448  Blosum62+R3   15447.171    241 31376.343    148020.343   32198.550
449  Blosum62+R4   15420.793    243 31327.587    149911.587   32156.617
450  Blosum62+R5   15409.121    245 31308.241    151848.241   32144.094
451  Blosum62+R6   15409.105    247 31312.209    153824.209   32154.886
456  Blosum62+F    16271.147    256 33054.293    164638.293   33927.674
457  Blosum62+F+I  16153.061    257 32820.122    165432.122   33696.915
458  Blosum62+F+G4 15571.837    257 31657.675    164269.675   32534.468
459  Blosum62+F+I+G4 15559.368    258 31634.736    165278.736   32514.940
460  Blosum62+F+R2 15713.294    258 31942.587    165586.587   32822.792
461  Blosum62+F+R3 15579.266    260 31678.533    167398.533   32565.561
462  Blosum62+F+R4 15546.510    262 31617.021    169429.021   32510.872
463  Blosum62+F+R5 15537.708    264 31603.415    171523.415   32504.090
464  Blosum62+F+R6 15537.691    266 31607.382    173651.382   32514.880
469  mtMet         17423.607    237 35321.214    148133.214   36129.774
470  mtMet+I       17330.743    238 35137.486    148901.486   35949.458
471  mtMet+G4      16278.648    238 33033.296    146797.296   33845.268
472  mtMet+I+G4    16271.023    239 33020.047    147740.047   33835.430
473  mtMet+R2      16495.491    239 33468.982    148188.982   34284.365
474  mtMet+R3      16327.008    241 33136.015    149780.015   33958.222
475  mtMet+R4      16266.679    243 33019.359    151603.359   33848.389
476  mtMet+R5      16252.072    245 32994.143    153534.143   33829.997
477  mtMet+R6      16252.070    247 32998.141    155510.141   33840.817
482  mtMet+F       16710.005    256 33932.011    165516.011   34805.392
483  mtMet+F+I     16586.937    257 33687.875    166299.875   34564.668
484  mtMet+F+G4    15773.914    257 32061.828    164673.828   32938.621
485  mtMet+F+I+G4  15756.662    258 32029.325    165673.325   32909.529
486  mtMet+F+R2    15975.191    258 32466.382    166110.382   33346.587
487  mtMet+F+R3    15787.673    260 32095.346    167815.346   32982.374
488  mtMet+F+R4    15756.792    262 32037.583    169849.583   32931.434
489  mtMet+F+R5    15745.501    264 32019.003    171939.003   32919.677
490  mtMet+F+R6    15744.713    266 32021.426    174065.426   32928.923
495  mtVer         17712.519    237 35899.037    148711.037   36707.597
496  mtVer+I       17618.755    238 35713.510    149477.510   36525.481
497  mtVer+G4      16394.843    238 33265.687    147029.687   34077.658
498  mtVer+I+G4    16388.547    239 33255.094    147975.094   34070.477
499  mtVer+R2      16629.313    239 33736.626    148456.626   34552.010
500  mtVer+R3      16456.459    241 33394.918    150038.918   34217.124
501  mtVer+R4      16392.307    243 33270.615    151854.615   34099.645
502  mtVer+R5      16366.001    245 33222.003    153762.003   34057.856
503  mtVer+R6      16365.532    247 33225.064    155737.064   34067.741
508  mtVer+F       17025.327    256 34562.654    166146.654   35436.035
509  mtVer+F+I     16902.119    257 34318.238    166930.238   35195.031
510  mtVer+F+G4    15976.223    257 32466.446    165078.446   33343.239
511  mtVer+F+I+G4  15964.582    258 32445.164    166089.164   33325.368
512  mtVer+F+R2    16202.998    258 32921.996    166565.996   33802.200
513  mtVer+F+R3    15999.064    260 32518.129    168238.129   33405.157
514  mtVer+F+R4    15961.807    262 32447.615    170259.615   33341.466
515  mtVer+F+R5    15948.809    264 32425.617    172345.617   33326.292
516  mtVer+F+R6    15948.453    266 32428.905    174472.905   33336.403
521  mtInv         17359.061    237 35192.122    148004.122   36000.682
522  mtInv+I       17267.577    238 35011.153    148775.153   35823.125
523  mtInv+G4      16350.734    238 33177.468    146941.468   33989.439
524  mtInv+I+G4    16341.678    239 33161.355    147881.355   33976.739
525  mtInv+R2      16547.331    239 33572.662    148292.662   34388.045
526  mtInv+R3      16390.474    241 33262.948    149906.948   34085.155
527  mtInv+R4      16337.983    243 33161.967    151745.967   33990.997
528  mtInv+R5      16330.464    245 33150.927    153690.927   33986.780
529  mtInv+R6      16330.445    247 33154.891    155666.891   33997.567
534  mtInv+F       16446.429    256 33404.858    164988.858   34278.239
535  mtInv+F+I     16326.927    257 33167.855    165779.855   34044.648
536  mtInv+F+G4    15642.374    257 31798.747    164410.747   32675.540
537  mtInv+F+I+G4  15610.066    258 31736.132    165380.132   32616.336
538  mtInv+F+R2    15806.766    258 32129.532    165773.532   33009.736
539  mtInv+F+R3    15635.733    260 31791.466    167511.466   32678.494
540  mtInv+F+R4    15611.541    262 31747.082    169559.082   32640.933
541  mtInv+F+R5    15603.075    264 31734.150    171654.150   32634.824
542  mtInv+F+R6    15597.798    266 31727.596    173771.596   32635.094
Akaike Information Criterion:           LG+R5
Corrected Akaike Information Criterion: LG+G4
Bayesian Information Criterion:         LG+R5
Best-fit model: LG+R5 chosen according to BIC

All model information printed to /mnt/ivy/thliao/project/AOB/analysis/20210713_repeat/add_Chromatiaces/phy_files/P39_prot/withEuk/NP_043287.1.model.gz
CPU time for ModelFinder: 1582.075 seconds (0h:26m:22s)
Wall-clock time for ModelFinder: 812.928 seconds (0h:13m:32s)
Generating 1000 samples for ultrafast bootstrap (seed: 556425)...

NOTE: 22 MB RAM (0 GB) is required!
Estimate model parameters (epsilon = 0.100)
1. Initial log-likelihood: -15157.434
2. Current log-likelihood: -15146.766
3. Current log-likelihood: -15145.330
4. Current log-likelihood: -15144.275
5. Current log-likelihood: -15143.248
6. Current log-likelihood: -15142.307
7. Current log-likelihood: -15141.493
8. Current log-likelihood: -15140.907
9. Current log-likelihood: -15140.390
10. Current log-likelihood: -15139.952
11. Current log-likelihood: -15139.614
12. Current log-likelihood: -15139.458
13. Current log-likelihood: -15139.320
14. Current log-likelihood: -15139.211
15. Current log-likelihood: -15139.111
Optimal log-likelihood: -15139.018
Site proportion and rates:  (0.123,0.079) (0.103,0.275) (0.302,0.631) (0.291,1.285) (0.181,2.193)
Parameters optimization took 15 rounds (13.492 sec)
Computing ML distances based on estimated model parameters... 8.150 sec
Computing BIONJ tree...
0.014 seconds
Log-likelihood of BIONJ tree: -15066.682
--------------------------------------------------------------------
|             INITIALIZING CANDIDATE TREE SET                      |
--------------------------------------------------------------------
Generating 98 parsimony trees... 4.904 second
Computing log-likelihood of 98 initial trees ... 14.241 seconds
Current best score: -15047.842

Do NNI search on 20 best initial trees
Estimate model parameters (epsilon = 0.100)
BETTER TREE FOUND at iteration 1: -14967.496
Estimate model parameters (epsilon = 0.100)
BETTER TREE FOUND at iteration 3: -14965.458
Estimate model parameters (epsilon = 0.100)
BETTER TREE FOUND at iteration 8: -14964.220
Iteration 10 / LogL: -14971.292 / Time: 0h:1m:13s
Estimate model parameters (epsilon = 0.100)
BETTER TREE FOUND at iteration 15: -14957.017
Iteration 20 / LogL: -14990.641 / Time: 0h:1m:41s
Finish initializing candidate tree set (20)
Current best tree score: -14957.017 / CPU time: 83.594
Number of iterations: 20
--------------------------------------------------------------------
|               OPTIMIZING CANDIDATE TREE SET                      |
--------------------------------------------------------------------
Estimate model parameters (epsilon = 0.100)
BETTER TREE FOUND at iteration 25: -14955.280
Iteration 30 / LogL: -14977.322 / Time: 0h:2m:5s (0h:6m:51s left)
Estimate model parameters (epsilon = 0.100)
BETTER TREE FOUND at iteration 31: -14948.318
Estimate model parameters (epsilon = 0.100)
BETTER TREE FOUND at iteration 34: -14942.492
Estimate model parameters (epsilon = 0.100)
BETTER TREE FOUND at iteration 40: -14941.222
Iteration 40 / LogL: -14941.222 / Time: 0h:2m:35s (0h:6m:39s left)
Estimate model parameters (epsilon = 0.100)
BETTER TREE FOUND at iteration 41: -14939.155
Estimate model parameters (epsilon = 0.100)
BETTER TREE FOUND at iteration 46: -14938.521
Estimate model parameters (epsilon = 0.100)
BETTER TREE FOUND at iteration 49: -14938.170
Estimate model parameters (epsilon = 0.100)
BETTER TREE FOUND at iteration 50: -14936.156
Iteration 50 / LogL: -14936.156 / Time: 0h:3m:7s (0h:6m:22s left)
Log-likelihood cutoff on original alignment: -15019.835
UFBoot trees printed to /mnt/ivy/thliao/project/AOB/analysis/20210713_repeat/add_Chromatiaces/phy_files/P39_prot/withEuk/NP_043287.1.ufboot
Iteration 60 / LogL: -14938.675 / Time: 0h:3m:31s (0h:5m:22s left)
Iteration 70 / LogL: -14941.319 / Time: 0h:3m:56s (0h:4m:33s left)
Estimate model parameters (epsilon = 0.100)
BETTER TREE FOUND at iteration 74: -14934.063
Iteration 80 / LogL: -14995.862 / Time: 0h:4m:23s (0h:5m:12s left)
Estimate model parameters (epsilon = 0.100)
BETTER TREE FOUND at iteration 85: -14931.584
Iteration 90 / LogL: -14961.843 / Time: 0h:4m:53s (0h:5m:12s left)
Estimate model parameters (epsilon = 0.100)
BETTER TREE FOUND at iteration 92: -14929.435
Estimate model parameters (epsilon = 0.100)
BETTER TREE FOUND at iteration 97: -14928.820
Iteration 100 / LogL: -14931.272 / Time: 0h:5m:17s (0h:5m:11s left)
Log-likelihood cutoff on original alignment: -15019.835
NOTE: Bootstrap correlation coefficient of split occurrence frequencies: 0.984
NOTE: UFBoot does not converge, continue at least 100 more iterations
UFBoot trees printed to /mnt/ivy/thliao/project/AOB/analysis/20210713_repeat/add_Chromatiaces/phy_files/P39_prot/withEuk/NP_043287.1.ufboot
Estimate model parameters (epsilon = 0.100)
BETTER TREE FOUND at iteration 103: -14928.550
Estimate model parameters (epsilon = 0.100)
BETTER TREE FOUND at iteration 110: -14928.345
Iteration 110 / LogL: -14928.345 / Time: 0h:5m:44s (0h:5m:16s left)
Estimate model parameters (epsilon = 0.100)
BETTER TREE FOUND at iteration 113: -14927.349
Iteration 120 / LogL: -14936.268 / Time: 0h:6m:10s (0h:4m:49s left)
Iteration 130 / LogL: -14936.741 / Time: 0h:6m:33s (0h:4m:13s left)
Estimate model parameters (epsilon = 0.100)
BETTER TREE FOUND at iteration 137: -14927.212
Iteration 140 / LogL: -14940.684 / Time: 0h:6m:59s (0h:4m:52s left)
Iteration 150 / LogL: -14930.109 / Time: 0h:7m:22s (0h:4m:18s left)
Log-likelihood cutoff on original alignment: -15019.835
UFBoot trees printed to /mnt/ivy/thliao/project/AOB/analysis/20210713_repeat/add_Chromatiaces/phy_files/P39_prot/withEuk/NP_043287.1.ufboot
Iteration 160 / LogL: -14935.334 / Time: 0h:7m:47s (0h:3m:46s left)
Iteration 170 / LogL: -14927.915 / Time: 0h:8m:12s (0h:3m:15s left)
Iteration 180 / LogL: -14935.936 / Time: 0h:8m:36s (0h:2m:44s left)
Iteration 190 / LogL: -14928.861 / Time: 0h:9m:1s (0h:2m:14s left)
Estimate model parameters (epsilon = 0.100)
BETTER TREE FOUND at iteration 195: -14926.247
Iteration 200 / LogL: -14935.574 / Time: 0h:9m:24s (0h:4m:29s left)
Log-likelihood cutoff on original alignment: -15019.835
NOTE: Bootstrap correlation coefficient of split occurrence frequencies: 0.976
NOTE: UFBoot does not converge, continue at least 100 more iterations
UFBoot trees printed to /mnt/ivy/thliao/project/AOB/analysis/20210713_repeat/add_Chromatiaces/phy_files/P39_prot/withEuk/NP_043287.1.ufboot
Estimate model parameters (epsilon = 0.100)
BETTER TREE FOUND at iteration 202: -14925.101
Iteration 210 / LogL: -14929.927 / Time: 0h:9m:52s (0h:4m:20s left)
Iteration 220 / LogL: -14927.099 / Time: 0h:10m:14s (0h:3m:50s left)
Iteration 230 / LogL: -14964.247 / Time: 0h:10m:37s (0h:3m:20s left)
Iteration 240 / LogL: -14950.086 / Time: 0h:11m:1s (0h:2m:51s left)
UPDATE BEST LOG-LIKELIHOOD: -14925.101
Iteration 250 / LogL: -14939.434 / Time: 0h:11m:27s (0h:2m:23s left)
Log-likelihood cutoff on original alignment: -15019.835
UFBoot trees printed to /mnt/ivy/thliao/project/AOB/analysis/20210713_repeat/add_Chromatiaces/phy_files/P39_prot/withEuk/NP_043287.1.ufboot
Iteration 260 / LogL: -14930.886 / Time: 0h:11m:55s (0h:1m:55s left)
Iteration 270 / LogL: -14926.195 / Time: 0h:12m:19s (0h:1m:27s left)
Iteration 280 / LogL: -14930.700 / Time: 0h:12m:41s (0h:1m:0s left)
Iteration 290 / LogL: -14932.207 / Time: 0h:13m:6s (0h:0m:32s left)
Iteration 300 / LogL: -14931.245 / Time: 0h:13m:34s (0h:0m:5s left)
Log-likelihood cutoff on original alignment: -15019.835
NOTE: Bootstrap correlation coefficient of split occurrence frequencies: 0.997
UFBoot trees printed to /mnt/ivy/thliao/project/AOB/analysis/20210713_repeat/add_Chromatiaces/phy_files/P39_prot/withEuk/NP_043287.1.ufboot
TREE SEARCH COMPLETED AFTER 303 ITERATIONS / Time: 0h:13m:42s

--------------------------------------------------------------------
|                    FINALIZING TREE SEARCH                        |
--------------------------------------------------------------------
Performs final model parameters optimization
Estimate model parameters (epsilon = 0.010)
1. Initial log-likelihood: -14925.101
Optimal log-likelihood: -14925.100
Site proportion and rates:  (0.113,0.060) (0.150,0.281) (0.283,0.668) (0.361,1.414) (0.093,2.706)
Parameters optimization took 1 rounds (0.684 sec)
BEST SCORE FOUND : -14925.100
Creating bootstrap support values...
Split supports printed to NEXUS file /mnt/ivy/thliao/project/AOB/analysis/20210713_repeat/add_Chromatiaces/phy_files/P39_prot/withEuk/NP_043287.1.splits.nex
Total tree length: 53.966

Total number of iterations: 303
CPU time used for tree search: 1583.444 sec (0h:26m:23s)
Wall-clock time used for tree search: 804.526 sec (0h:13m:24s)
Total CPU time used: 1622.393 sec (0h:27m:2s)
Total wall-clock time used: 824.225 sec (0h:13m:44s)
UFBoot trees printed to /mnt/ivy/thliao/project/AOB/analysis/20210713_repeat/add_Chromatiaces/phy_files/P39_prot/withEuk/NP_043287.1.ufboot

Computing bootstrap consensus tree...
Reading input file /mnt/ivy/thliao/project/AOB/analysis/20210713_repeat/add_Chromatiaces/phy_files/P39_prot/withEuk/NP_043287.1.splits.nex...
120 taxa and 1304 splits.
Consensus tree written to /mnt/ivy/thliao/project/AOB/analysis/20210713_repeat/add_Chromatiaces/phy_files/P39_prot/withEuk/NP_043287.1.contree
Reading input trees file /mnt/ivy/thliao/project/AOB/analysis/20210713_repeat/add_Chromatiaces/phy_files/P39_prot/withEuk/NP_043287.1.contree
Log-likelihood of consensus tree: -14925.100

Analysis results written to: 
  IQ-TREE report:                /mnt/ivy/thliao/project/AOB/analysis/20210713_repeat/add_Chromatiaces/phy_files/P39_prot/withEuk/NP_043287.1.iqtree
  Maximum-likelihood tree:       /mnt/ivy/thliao/project/AOB/analysis/20210713_repeat/add_Chromatiaces/phy_files/P39_prot/withEuk/NP_043287.1.treefile
  Likelihood distances:          /mnt/ivy/thliao/project/AOB/analysis/20210713_repeat/add_Chromatiaces/phy_files/P39_prot/withEuk/NP_043287.1.mldist

Ultrafast bootstrap approximation results written to:
  Split support values:          /mnt/ivy/thliao/project/AOB/analysis/20210713_repeat/add_Chromatiaces/phy_files/P39_prot/withEuk/NP_043287.1.splits.nex
  Consensus tree:                /mnt/ivy/thliao/project/AOB/analysis/20210713_repeat/add_Chromatiaces/phy_files/P39_prot/withEuk/NP_043287.1.contree
  UFBoot trees:                  /mnt/ivy/thliao/project/AOB/analysis/20210713_repeat/add_Chromatiaces/phy_files/P39_prot/withEuk/NP_043287.1.ufboot
  Screen log file:               /mnt/ivy/thliao/project/AOB/analysis/20210713_repeat/add_Chromatiaces/phy_files/P39_prot/withEuk/NP_043287.1.log

Date and Time: Mon Dec 12 10:06:15 2022
