IQ-TREE multicore version 1.6.12 for Linux 64-bit built Aug 15 2019
Developed by Bui Quang Minh, Nguyen Lam Tung, Olga Chernomor,
Heiko Schmidt, Dominik Schrempf, Michael Woodhams.

Host:    cl006 (AVX512, FMA3, 125 GB RAM)
Command: iqtree -nt 2 -redo -wbtl -bb 1000 -pre /mnt/ivy/thliao/project/AOB/analysis/20210713_repeat/add_Chromatiaces/phy_files/P39_prot/withEuk/NP_043219.1 -s /mnt/ivy/thliao/project/AOB/analysis/20210713_repeat/add_Chromatiaces/phy_files/P39_prot/withEuk/NP_043219.1.aln
Seed:    796739 (Using SPRNG - Scalable Parallel Random Number Generator)
Time:    Mon Dec 12 09:39:01 2022
Kernel:  AVX+FMA - 2 threads (64 CPU cores detected)

Reading alignment file /mnt/ivy/thliao/project/AOB/analysis/20210713_repeat/add_Chromatiaces/phy_files/P39_prot/withEuk/NP_043219.1.aln ... Fasta format detected
Alignment most likely contains protein sequences
Alignment has 86 sequences with 571 columns, 479 distinct patterns
341 parsimony-informative, 74 singleton sites, 155 constant sites
                          Gap/Ambiguity  Composition  p-value
   1  Chondrus_crispus           14.19%    failed      1.05%
   2  Cyanidioschyzon_merolae    18.56%    passed     63.98%
   3  Cyanophora_paradoxa        14.89%    passed     81.98%
   4  Cyanoptyche_gloeocystis    15.06%    passed     19.98%
   5  Galdieria_sulphuraria      15.06%    failed      0.12%
   6  Gloeochaete_wittrockiana   14.19%    passed     30.97%
   7  NC_000926.1                15.41%    passed     38.89%
   8  NC_007288.1                15.06%    passed     92.12%
   9  NC_008588.1                14.89%    passed     10.09%
  10  NC_008589.1                15.06%    passed      6.39%
  11  NC_012898.1                15.06%    passed     50.10%
  12  NC_016703.2                15.24%    passed     72.52%
  13  NC_020371.1                16.46%    passed     70.83%
  14  NC_049168.1                15.41%    passed     82.27%
  15  Porphyra_umbilicalis       14.71%    passed     30.13%
  16  Porphyridium_purpureum     14.71%    passed     67.26%
  17  GCA_000473895.1            15.94%    passed     95.77%
  18  GCA_015709615.1            16.29%    passed    100.00%
  19  GCA_000024725.1            15.59%    passed     94.45%
  20  GCA_013697045.1            14.54%    passed     29.16%
  21  GCA_900107585.1            11.38%    passed     44.31%
  22  GCA_014859375.1            15.59%    passed     99.57%
  23  GCA_015272465.1            14.89%    passed     79.19%
  24  GCA_002356115.1            15.59%    passed     99.84%
  25  GCA_009833095.1            16.29%    passed     99.99%
  26  GCA_013140465.1            15.59%    passed     99.90%
  27  GCA_001747005.1            16.11%    passed     97.12%
  28  GCA_000952155.1            16.46%    passed     99.99%
  29  GCA_000317495.1            16.29%    passed     99.51%
  30  GCA_000317515.1            16.11%    passed     99.58%
  31  GCA_007197755.1            15.06%    passed     93.31%
  32  GCA_001187785.1            15.76%    passed     86.93%
  33  GCA_003719295.1            16.11%    passed     96.34%
  34  GCA_000314005.1            15.94%    passed     99.99%
  35  GCA_004168365.1            15.94%    passed     87.46%
  36  GCA_003015105.1            16.11%    passed     99.59%
  37  GCA_902810445.1            15.59%    passed    100.00%
  38  GCA_001697225.1            14.36%    passed     43.86%
  39  GCA_002868715.1            16.11%    passed     96.64%
  40  GCA_002218085.1            11.56%    passed     99.80%
  41  GCA_003696005.1            15.76%    failed      0.30%
  42  GCA_004684205.1            15.59%    passed     15.33%
  43  GCA_001644685.1            15.59%    passed     99.70%
  44  GCA_000760695.4            16.11%    passed     97.83%
  45  GCA_001772005.1            16.46%    passed     99.96%
  46  GCA_000332035.1            15.94%    passed     99.67%
  47  GCA_000740735.1            15.59%    passed     99.34%
  48  GCA_003534995.1            15.59%    passed     98.66%
  49  GCA_015709635.1            16.29%    passed     99.98%
  50  GCA_006496635.1            14.54%    failed      0.69%
  51  GCA_000011385.1            15.59%    passed     99.93%
  52  GCF_004345375.1            16.29%    passed    100.00%
  53  GCA_000263335.1            15.06%    passed     70.93%
  54  GCA_018655245.1            16.29%    passed    100.00%
  55  GCA_001890765.1            15.76%    passed     99.88%
  56  GCA_003149345.1            16.11%    passed     99.96%
  57  GCA_004421105.1            15.59%    passed     92.40%
  58  GCA_002083815.1            15.59%    passed     29.91%
  59  GCA_003003885.1            16.29%    passed     99.53%
  60  GCA_000214665.1            15.59%    passed     99.62%
  61  GCA_002072955.1            15.59%    passed    100.00%
  62  GCA_001870225.1            14.89%    passed     62.55%
  63  GCA_001566965.1            15.41%    passed     90.87%
  64  GCA_000264455.2            15.76%    passed     96.16%
  65  GCA_000317535.1            16.11%    passed     99.71%
  66  GCA_006385135.1            15.24%    passed     98.18%
  67  GCA_002355455.1            16.11%    passed     99.92%
  68  GCA_001881495.1            15.94%    passed     55.72%
  69  GCA_000317575.1            16.11%    passed     99.98%
  70  GCA_000380225.1            15.94%    passed     99.90%
  71  GCA_003258315.1            15.06%    passed     98.50%
  72  GCA_016592635.1            15.59%    passed     99.83%
  73  GCA_902459485.1            15.94%    passed     99.94%
  74  GCA_001904725.1            16.29%    passed     95.56%
  75  GCA_000013225.1            16.29%    passed     98.75%
  76  GCA_900110495.1            16.29%    passed    100.00%
  77  GCA_000346485.2            16.11%    passed     94.84%
  78  GCA_013521015.1            16.29%    passed     99.99%
  79  GCA_002924445.1            14.36%    passed     93.49%
  80  GCA_000332275.1            16.11%    passed     99.90%
  81  GCA_002007425.1            15.59%    passed     54.01%
  82  GCA_016708925.1            15.76%    passed      8.02%
  83  GCA_000828615.1            15.59%    passed     69.18%
  84  GCA_000228725.3            15.94%    passed     91.18%
  85  GCA_000379525.1            15.94%    passed     68.90%
  86  GCA_001469165.1            12.08%    passed     96.94%
****  TOTAL                      15.52%  4 sequences failed composition chi2 test (p-value<5%; df=19)


Create initial parsimony tree by phylogenetic likelihood library (PLL)... 0.055 seconds
NOTE: ModelFinder requires 68 MB RAM!
ModelFinder will test 546 protein models (sample size: 571) ...
 No. Model         -LnL         df  AIC          AICc         BIC
  1  Dayhoff       29954.655    169 60247.311    60390.602    60982.019
  2  Dayhoff+I     29071.556    170 58483.111    58628.461    59222.167
  3  Dayhoff+G4    27256.632    170 54853.263    54998.613    55592.319
  4  Dayhoff+I+G4  27231.817    171 54805.634    54953.062    55549.037
  5  Dayhoff+R2    27694.059    171 55730.118    55877.546    56473.521
  6  Dayhoff+R3    27322.590    173 54991.180    55142.827    55743.278
  7  Dayhoff+R4    27304.392    175 54958.784    55114.733    55719.577
  8  Dayhoff+R5    27262.114    177 54878.227    55038.563    55647.715
  9  Dayhoff+R6    27233.216    179 54824.432    54989.241    55602.615
 10  Dayhoff+R7    27215.456    181 54792.912    54962.279    55579.789
 11  Dayhoff+R8    27203.675    183 54773.350    54947.365    55568.922
 12  Dayhoff+R9    27196.045    185 54762.091    54940.844    55566.358
 13  Dayhoff+R10   27190.981    187 54755.962    54939.545    55568.924
 14  Dayhoff+F     30004.978    188 60385.956    60571.987    61203.265
 15  Dayhoff+F+I   29120.338    189 58618.676    58807.180    59440.333
 16  Dayhoff+F+G4  27248.597    189 54875.194    55063.698    55696.850
 17  Dayhoff+F+I+G4 27224.315    190 54828.630    55019.630    55654.634
 18  Dayhoff+F+R2  27699.602    190 55779.204    55970.204    56605.208
 19  Dayhoff+F+R3  27318.430    192 55020.860    55216.923    55855.559
 20  Dayhoff+F+R4  27303.278    194 54994.556    55195.780    55837.950
 21  Dayhoff+F+R5  27259.515    196 54911.030    55117.511    55763.118
 22  Dayhoff+F+R6  27229.128    198 54854.256    55066.095    55715.039
 23  Dayhoff+F+R7  27210.254    200 54820.508    55037.805    55689.985
 24  Dayhoff+F+R8  27197.633    202 54799.266    55022.125    55677.439
 25  Dayhoff+F+R9  27189.214    204 54786.427    55014.952    55673.295
 26  Dayhoff+F+R10 27183.608    206 54779.215    55013.512    55674.778
 27  mtMAM         34112.536    169 68563.071    68706.363    69297.780
 28  mtMAM+I       33290.019    170 66920.037    67065.387    67659.094
 29  mtMAM+G4      29276.807    170 58893.614    59038.964    59632.670
 30  mtMAM+I+G4    29246.493    171 58834.985    58982.414    59578.389
 31  mtMAM+R2      30000.437    171 60342.875    60490.303    61086.278
 32  mtMAM+R3      29446.012    173 59238.023    59389.671    59990.122
 33  mtMAM+R4      29322.609    175 58995.217    59151.167    59756.010
 34  mtMAM+R5      29322.608    177 58999.217    59159.553    59768.705
 40  mtMAM+F       32305.621    188 64987.242    65173.273    65804.551
 41  mtMAM+F+I     31419.934    189 63217.868    63406.372    64039.524
 42  mtMAM+F+G4    28264.608    189 56907.216    57095.720    57728.872
 43  mtMAM+F+I+G4  28250.125    190 56880.251    57071.251    57706.255
 44  mtMAM+F+R2    28971.803    190 58323.607    58514.607    59149.611
 45  mtMAM+F+R3    28392.875    192 57169.750    57365.814    58004.449
 46  mtMAM+F+R4    28266.576    194 56921.152    57122.375    57764.546
 47  mtMAM+F+R5    28265.940    196 56923.881    57130.362    57775.969
 53  JTT           29885.824    169 60109.648    60252.940    60844.357
 54  JTT+I         28993.056    170 58326.113    58471.463    59065.169
 55  JTT+G4        27169.812    170 54679.623    54824.973    55418.680
 56  JTT+I+G4      27139.694    171 54621.388    54768.816    55364.791
 57  JTT+R2        27625.062    171 55592.125    55739.554    56335.528
 58  JTT+R3        27237.785    173 54821.570    54973.217    55573.668
 59  JTT+R4        27140.990    175 54631.980    54787.930    55392.773
 60  JTT+R5        27140.982    177 54635.965    54796.301    55405.453
 66  JTT+F         29902.747    188 60181.495    60367.526    60998.804
 67  JTT+F+I       29004.287    189 58386.573    58575.077    59208.230
 68  JTT+F+G4      27149.248    189 54676.496    54865.000    55498.153
 69  JTT+F+I+G4    27120.835    190 54621.671    54812.671    55447.675
 70  JTT+F+R2      27613.965    190 55607.929    55798.929    56433.933
 71  JTT+F+R3      27219.498    192 54822.996    55019.060    55657.695
 72  JTT+F+R4      27122.143    194 54632.285    54833.508    55475.679
 73  JTT+F+R5      27122.136    196 54636.272    54842.753    55488.360
 79  WAG           29430.111    169 59198.222    59341.514    59932.931
 80  WAG+I         28570.516    170 57481.032    57626.382    58220.088
 81  WAG+G4        26975.718    170 54291.437    54436.787    55030.493
 82  WAG+I+G4      26947.781    171 54237.562    54384.990    54980.965
 83  WAG+R2        27375.317    171 55092.634    55240.063    55836.038
 84  WAG+R3        27033.319    173 54412.637    54564.285    55164.736
 85  WAG+R4        26940.264    175 54230.528    54386.477    54991.321
 86  WAG+R5        26940.245    177 54234.490    54394.826    55003.978
 92  WAG+F         29469.636    188 59315.273    59501.304    60132.582
 93  WAG+F+I       28603.327    189 57584.654    57773.158    58406.311
 94  WAG+F+G4      26982.362    189 54342.724    54531.228    55164.381
 95  WAG+F+I+G4    26954.628    190 54289.256    54480.256    55115.260
 96  WAG+F+R2      27393.550    190 55167.101    55358.101    55993.105
 97  WAG+F+R3      27042.873    192 54469.746    54665.810    55304.445
 98  WAG+F+R4      26950.504    194 54289.008    54490.231    55132.401
 99  WAG+F+R5      26950.489    196 54292.979    54499.460    55145.067
105  cpREV         29643.493    169 59624.986    59768.278    60359.695
106  cpREV+I       28811.111    170 57962.222    58107.572    58701.278
107  cpREV+G4      27171.727    170 54683.453    54828.803    55422.509
108  cpREV+I+G4    27123.054    171 54588.107    54735.536    55331.511
109  cpREV+R2      27586.203    171 55514.406    55661.835    56257.810
110  cpREV+R3      27231.963    173 54809.925    54961.573    55562.024
111  cpREV+R4      27117.106    175 54584.213    54740.162    55345.006
112  cpREV+R5      27117.100    177 54588.200    54748.536    55357.688
118  cpREV+F       29699.320    188 59774.641    59960.672    60591.950
119  cpREV+F+I     28834.738    189 58047.475    58235.979    58869.132
120  cpREV+F+G4    27209.598    189 54797.196    54985.700    55618.853
121  cpREV+F+I+G4  27163.647    190 54707.294    54898.294    55533.298
122  cpREV+F+R2    27623.583    190 55627.165    55818.165    56453.169
123  cpREV+F+R3    27267.870    192 54919.740    55115.804    55754.439
124  cpREV+F+R4    27156.984    194 54701.968    54903.192    55545.362
125  cpREV+F+R5    27156.984    196 54705.968    54912.449    55558.056
131  mtREV         32101.483    169 64540.966    64684.258    65275.675
132  mtREV+I       31323.504    170 62987.009    63132.359    63726.065
133  mtREV+G4      28640.477    170 57620.953    57766.303    58360.009
134  mtREV+I+G4    28619.686    171 57581.372    57728.801    58324.776
135  mtREV+R2      29230.298    171 58802.595    58950.024    59545.999
136  mtREV+R3      28752.088    173 57850.176    58001.824    58602.275
137  mtREV+R4      28625.811    175 57601.623    57757.572    58362.416
138  mtREV+R5      28625.802    177 57605.604    57765.940    58375.092
144  mtREV+F       30597.638    188 61571.277    61757.308    62388.586
145  mtREV+F+I     29759.012    189 59896.024    60084.528    60717.681
146  mtREV+F+G4    27592.124    189 55562.248    55750.752    56383.905
147  mtREV+F+I+G4  27570.074    190 55520.149    55711.149    56346.153
148  mtREV+F+R2    28120.816    190 56621.633    56812.633    57447.637
149  mtREV+F+R3    27690.955    192 55765.910    55961.974    56600.609
150  mtREV+F+R4    27577.235    194 55542.471    55743.694    56385.864
151  mtREV+F+R5    27577.227    196 55546.455    55752.936    56398.543
157  rtREV         29788.038    169 59914.076    60057.367    60648.784
158  rtREV+I       28952.604    170 58245.207    58390.557    58984.263
159  rtREV+G4      27023.687    170 54387.373    54532.723    55126.429
160  rtREV+I+G4    26989.713    171 54321.427    54468.855    55064.830
161  rtREV+R2      27469.658    171 55281.316    55428.745    56024.720
162  rtREV+R3      27102.796    173 54551.593    54703.240    55303.691
163  rtREV+R4      26991.137    175 54332.275    54488.224    55093.068
164  rtREV+R5      26991.134    177 54336.268    54496.603    55105.755
170  rtREV+F       29834.359    188 60044.717    60230.749    60862.026
171  rtREV+F+I     28971.492    189 58320.985    58509.489    59142.641
172  rtREV+F+G4    26989.652    189 54357.303    54545.807    55178.960
173  rtREV+F+I+G4  26960.750    190 54301.499    54492.499    55127.503
174  rtREV+F+R2    27445.569    190 55271.138    55462.138    56097.142
175  rtREV+F+R3    27070.665    192 54525.330    54721.393    55360.028
176  rtREV+F+R4    26961.107    194 54310.214    54511.437    55153.607
177  rtREV+F+R5    26961.107    196 54314.213    54520.695    55166.302
183  mtART         33413.447    169 67164.893    67308.185    67899.602
184  mtART+I       32593.483    170 65526.966    65672.316    66266.023
185  mtART+G4      28872.161    170 58084.322    58229.672    58823.379
186  mtART+I+G4    28861.593    171 58065.186    58212.614    58808.589
187  mtART+R2      29536.974    171 59415.947    59563.376    60159.351
188  mtART+R3      29001.508    173 58349.016    58500.663    59101.114
189  mtART+R4      28834.468    175 58018.936    58174.885    58779.729
190  mtART+R5      28834.398    177 58022.796    58183.132    58792.284
196  mtART+F       31668.651    188 63713.303    63899.334    64530.612
197  mtART+F+I     30820.574    189 62019.148    62207.652    62840.805
198  mtART+F+G4    27798.804    189 55975.607    56164.111    56797.264
199  mtART+F+I+G4  27773.173    190 55926.346    56117.346    56752.350
200  mtART+F+R2    28443.121    190 57266.243    57457.243    58092.247
201  mtART+F+R3    27940.291    192 56264.582    56460.646    57099.281
202  mtART+F+R4    27771.262    194 55930.524    56131.748    56773.918
203  mtART+F+R5    27771.262    196 55934.523    56141.004    56786.611
209  mtZOA         32171.563    169 64681.126    64824.418    65415.835
210  mtZOA+I       31386.914    170 63113.829    63259.179    63852.885
211  mtZOA+G4      28147.732    170 56635.463    56780.813    57374.520
212  mtZOA+I+G4    28136.347    171 56614.694    56762.123    57358.098
213  mtZOA+R2      28765.074    171 57872.148    58019.577    58615.552
214  mtZOA+R3      28268.597    173 56883.193    57034.841    57635.292
215  mtZOA+R4      28131.671    175 56613.342    56769.291    57374.135
216  mtZOA+R5      28131.664    177 56617.328    56777.664    57386.816
222  mtZOA+F       30802.520    188 61981.039    62167.071    62798.348
223  mtZOA+F+I     29962.832    189 60303.664    60492.168    61125.320
224  mtZOA+F+G4    27382.251    189 55142.503    55331.006    55964.159
225  mtZOA+F+I+G4  27359.559    190 55099.119    55290.119    55925.123
226  mtZOA+F+R2    27954.160    190 56288.320    56479.320    57114.324
227  mtZOA+F+R3    27497.673    192 55379.346    55575.409    56214.044
228  mtZOA+F+R4    27361.615    194 55111.229    55312.453    55954.623
229  mtZOA+F+R5    27361.615    196 55115.229    55321.710    55967.317
235  VT            29634.887    169 59607.774    59751.066    60342.483
236  VT+I          28769.171    170 57878.342    58023.692    58617.398
237  VT+G4         27130.661    170 54601.321    54746.671    55340.378
238  VT+I+G4       27104.725    171 54551.450    54698.878    55294.853
239  VT+R2         27540.455    171 55422.911    55570.340    56166.315
240  VT+R3         27190.510    173 54727.019    54878.667    55479.118
241  VT+R4         27103.103    175 54556.206    54712.156    55316.999
242  VT+R5         27103.063    177 54560.127    54720.463    55329.615
248  VT+F          29670.124    188 59716.248    59902.279    60533.557
249  VT+F+I        28795.766    189 57969.532    58158.036    58791.189
250  VT+F+G4       27144.987    189 54667.973    54856.477    55489.630
251  VT+F+I+G4     27118.798    190 54617.595    54808.595    55443.599
252  VT+F+R2       27555.191    190 55490.382    55681.382    56316.386
253  VT+F+R3       27204.802    192 54793.603    54989.667    55628.302
254  VT+F+R4       27116.654    194 54621.307    54822.531    55464.701
255  VT+F+R5       27116.649    196 54625.298    54831.780    55477.387
261  LG            29525.416    169 59388.832    59532.123    60123.540
262  LG+I          28667.974    170 57675.947    57821.297    58415.004
263  LG+G4         26761.624    170 53863.247    54008.597    54602.304
264  LG+I+G4       26729.826    171 53801.652    53949.080    54545.055
265  LG+R2         27219.848    171 54781.695    54929.124    55525.099
266  LG+R3         26844.869    173 54035.737    54187.385    54787.836
267  LG+R4         26730.426    175 53810.853    53966.802    54571.646
268  LG+R5         26730.421    177 53814.842    53975.178    54584.330
274  LG+F          29604.695    188 59585.389    59771.420    60402.698
275  LG+F+I        28728.722    189 57835.445    58023.949    58657.101
276  LG+F+G4       26805.538    189 53989.076    54177.580    54810.733
277  LG+F+I+G4     26774.365    190 53928.731    54119.731    54754.735
278  LG+F+R2       27260.148    190 54900.296    55091.296    55726.300
279  LG+F+R3       26888.192    192 54160.385    54356.448    54995.083
280  LG+F+R4       26773.852    194 53935.705    54136.928    54779.098
281  LG+F+R5       26773.847    196 53939.694    54146.175    54791.782
287  DCMut         29955.748    169 60249.496    60392.788    60984.205
288  DCMut+I       29072.408    170 58484.815    58630.165    59223.871
289  DCMut+G4      27259.122    170 54858.243    55003.593    55597.299
290  DCMut+I+G4    27234.383    171 54810.767    54958.195    55554.170
291  DCMut+R2      27692.926    171 55727.851    55875.280    56471.255
292  DCMut+R3      27324.886    173 54995.772    55147.420    55747.871
293  DCMut+R4      27233.557    175 54817.115    54973.064    55577.908
294  DCMut+R5      27233.555    177 54821.111    54981.447    55590.599
300  DCMut+F       30004.936    188 60385.873    60571.904    61203.182
301  DCMut+F+I     29120.176    189 58618.353    58806.857    59440.009
302  DCMut+F+G4    27250.390    189 54878.780    55067.283    55700.436
303  DCMut+F+I+G4  27226.227    190 54832.455    55023.455    55658.459
304  DCMut+F+R2    27701.106    190 55782.211    55973.211    56608.215
305  DCMut+F+R3    27320.031    192 55024.063    55220.126    55858.761
306  DCMut+F+R4    27224.050    194 54836.100    55037.323    55679.494
307  DCMut+F+R5    27224.043    196 54840.087    55046.568    55692.175
313  PMB           29925.855    169 60189.710    60333.002    60924.419
314  PMB+I         29090.070    170 58520.141    58665.491    59259.197
315  PMB+G4        27416.323    170 55172.646    55317.996    55911.702
316  PMB+I+G4      27389.251    171 55120.502    55267.930    55863.905
317  PMB+R2        27830.566    171 56003.131    56150.560    56746.535
318  PMB+R3        27476.924    173 55299.848    55451.495    56051.946
319  PMB+R4        27385.313    175 55120.625    55276.574    55881.418
320  PMB+R5        27385.307    177 55124.614    55284.949    55894.101
326  PMB+F         29869.958    188 60115.916    60301.947    60933.225
327  PMB+F+I       29017.145    189 58412.290    58600.794    59233.946
328  PMB+F+G4      27361.976    189 55101.952    55290.456    55923.608
329  PMB+F+I+G4    27334.036    190 55048.072    55239.072    55874.076
330  PMB+F+R2      27775.624    190 55931.249    56122.249    56757.253
331  PMB+F+R3      27422.674    192 55229.349    55425.412    56064.047
332  PMB+F+R4      27329.201    194 55046.402    55247.626    55889.796
333  PMB+F+R5      27329.195    196 55050.391    55256.872    55902.479
339  HIVb          31065.354    169 62468.708    62612.000    63203.417
340  HIVb+I        30035.656    170 60411.311    60556.661    61150.368
341  HIVb+G4       27885.989    170 56111.978    56257.328    56851.034
342  HIVb+I+G4     27840.334    171 56022.669    56170.097    56766.072
343  HIVb+R2       28496.329    171 57334.659    57482.088    58078.063
344  HIVb+R3       27994.363    173 56334.726    56486.373    57086.824
345  HIVb+R4       27853.277    175 56056.553    56212.503    56817.346
346  HIVb+R5       27853.259    177 56060.518    56220.854    56830.006
352  HIVb+F        31051.165    188 62478.329    62664.361    63295.639
353  HIVb+F+I      30004.878    189 60387.756    60576.260    61209.413
354  HIVb+F+G4     27791.635    189 55961.271    56149.775    56782.927
355  HIVb+F+I+G4   27759.844    190 55899.688    56090.688    56725.692
356  HIVb+F+R2     28417.920    190 57215.840    57406.840    58041.844
357  HIVb+F+R3     27907.035    192 56198.071    56394.134    57032.769
358  HIVb+F+R4     27767.973    194 55923.945    56125.168    56767.339
359  HIVb+F+R5     27767.966    196 55927.932    56134.413    56780.020
365  HIVw          32288.097    169 64914.193    65057.485    65648.902
366  HIVw+I        31208.114    170 62756.228    62901.578    63495.284
367  HIVw+G4       29135.879    170 58611.758    58757.108    59350.814
368  HIVw+I+G4     29081.164    171 58504.329    58651.758    59247.733
369  HIVw+R2       29755.827    171 59853.654    60001.083    60597.058
370  HIVw+R3       29216.864    173 58779.728    58931.376    59531.827
371  HIVw+R4       29104.651    175 58559.301    58715.250    59320.094
372  HIVw+R5       29104.644    177 58563.287    58723.623    59332.775
378  HIVw+F        31983.410    188 64342.820    64528.852    65160.129
379  HIVw+F+I      30880.121    189 62138.243    62326.747    62959.899
380  HIVw+F+G4     28770.280    189 57918.560    58107.064    58740.216
381  HIVw+F+I+G4   28727.051    190 57834.101    58025.101    58660.105
382  HIVw+F+R2     29402.675    190 59185.351    59376.351    60011.355
383  HIVw+F+R3     28861.770    192 58107.540    58303.603    58942.238
384  HIVw+F+R4     28752.805    194 57893.611    58094.834    58737.004
385  HIVw+F+R5     28752.746    196 57897.492    58103.973    58749.580
391  JTTDCMut      29864.364    169 60066.727    60210.019    60801.436
392  JTTDCMut+I    28974.428    170 58288.855    58434.205    59027.912
393  JTTDCMut+G4   27159.286    170 54658.572    54803.922    55397.628
394  JTTDCMut+I+G4 27128.989    171 54599.978    54747.407    55343.382
395  JTTDCMut+R2   27613.897    171 55569.794    55717.223    56313.198
396  JTTDCMut+R3   27227.490    173 54800.980    54952.627    55553.078
397  JTTDCMut+R4   27132.161    175 54614.322    54770.271    55375.115
398  JTTDCMut+R5   27132.111    177 54618.221    54778.557    55387.709
404  JTTDCMut+F    29886.300    188 60148.601    60334.632    60965.910
405  JTTDCMut+F+I  28991.270    189 58360.540    58549.044    59182.196
406  JTTDCMut+F+G4 27140.853    189 54659.706    54848.210    55481.362
407  JTTDCMut+F+I+G4 27112.356    190 54604.712    54795.712    55430.716
408  JTTDCMut+F+R2 27605.530    190 55591.059    55782.059    56417.063
409  JTTDCMut+F+R3 27211.380    192 54806.760    55002.823    55641.459
410  JTTDCMut+F+R4 27115.963    194 54619.926    54821.149    55463.319
411  JTTDCMut+F+R5 27115.963    196 54623.925    54830.407    55476.014
417  FLU           30503.636    169 61345.272    61488.563    62079.980
418  FLU+I         29613.682    170 59567.364    59712.714    60306.420
419  FLU+G4        27595.780    170 55531.559    55676.909    56270.615
420  FLU+I+G4      27560.692    171 55463.384    55610.812    56206.787
421  FLU+R2        28139.062    171 56620.125    56767.553    57363.528
422  FLU+R3        27690.046    173 55726.092    55877.739    56478.190
423  FLU+R4        27565.700    175 55481.399    55637.349    56242.192
424  FLU+R5        27565.692    177 55485.384    55645.719    56254.871
430  FLU+F         30365.408    188 61106.815    61292.846    61924.124
431  FLU+F+I       29466.042    189 59310.083    59498.587    60131.740
432  FLU+F+G4      27407.175    189 55192.350    55380.854    56014.007
433  FLU+F+I+G4    27373.202    190 55126.405    55317.405    55952.409
434  FLU+F+R2      27957.172    190 56294.345    56485.345    57120.349
435  FLU+F+R3      27500.985    192 55385.971    55582.034    56220.670
436  FLU+F+R4      27384.251    194 55156.502    55357.725    55999.895
437  FLU+F+R5      27384.244    196 55160.489    55366.970    56012.577
443  Blosum62      29877.518    169 60093.035    60236.327    60827.744
444  Blosum62+I    29040.320    170 58420.641    58565.991    59159.697
445  Blosum62+G4   27355.109    170 55050.217    55195.567    55789.273
446  Blosum62+I+G4 27331.487    171 55004.974    55152.403    55748.377
447  Blosum62+R2   27774.606    171 55891.212    56038.640    56634.615
448  Blosum62+R3   27411.130    173 55168.260    55319.908    55920.359
449  Blosum62+R4   27330.949    175 55011.898    55167.847    55772.691
450  Blosum62+R5   27330.906    177 55015.813    55176.149    55785.301
456  Blosum62+F    29874.440    188 60124.881    60310.912    60942.190
457  Blosum62+F+I  29013.504    189 58405.007    58593.511    59226.664
458  Blosum62+F+G4 27352.855    189 55083.709    55272.213    55905.366
459  Blosum62+F+I+G4 27328.414    190 55036.828    55227.828    55862.832
460  Blosum62+F+R2 27770.021    190 55920.042    56111.042    56746.046
461  Blosum62+F+R3 27410.546    192 55205.093    55401.156    56039.791
462  Blosum62+F+R4 27326.758    194 55041.516    55242.739    55884.909
463  Blosum62+F+R5 27326.758    196 55045.516    55251.997    55897.604
469  mtMet         32358.433    169 65054.866    65198.158    65789.575
470  mtMet+I       31550.342    170 63440.684    63586.034    64179.740
471  mtMet+G4      28625.926    170 57591.851    57737.201    58330.908
472  mtMet+I+G4    28613.810    171 57569.619    57717.048    58313.023
473  mtMet+R2      29288.708    171 58919.416    59066.845    59662.820
474  mtMet+R3      28744.679    173 57835.357    57987.004    58587.455
475  mtMet+R4      28638.761    175 57627.522    57783.472    58388.315
476  mtMet+R5      28638.761    177 57631.521    57791.857    58401.009
482  mtMet+F       30864.075    188 62104.149    62290.181    62921.459
483  mtMet+F+I     30000.269    189 60378.539    60567.043    61200.195
484  mtMet+F+G4    27559.925    189 55497.850    55686.354    56319.507
485  mtMet+F+I+G4  27543.337    190 55466.673    55657.673    56292.677
486  mtMet+F+R2    28133.116    190 56646.231    56837.231    57472.235
487  mtMet+F+R3    27668.621    192 55721.242    55917.306    56555.941
488  mtMet+F+R4    27546.020    194 55480.039    55681.263    56323.433
489  mtMet+F+R5    27546.016    196 55484.033    55690.514    56336.121
495  mtVer         32852.985    169 66043.970    66187.262    66778.679
496  mtVer+I       32057.214    170 64454.428    64599.778    65193.484
497  mtVer+G4      28834.437    170 58008.874    58154.224    58747.930
498  mtVer+I+G4    28814.779    171 57971.557    58118.986    58714.961
499  mtVer+R2      29520.039    171 59382.078    59529.507    60125.482
500  mtVer+R3      28957.704    173 58261.408    58413.056    59013.507
501  mtVer+R4      28810.801    175 57971.603    58127.552    58732.396
502  mtVer+R5      28810.801    177 57975.602    58135.938    58745.090
508  mtVer+F       31405.307    188 63186.614    63372.645    64003.923
509  mtVer+F+I     30516.989    189 61411.979    61600.483    62233.635
510  mtVer+F+G4    27958.761    189 56295.522    56484.026    57117.179
511  mtVer+F+I+G4  27941.344    190 56262.688    56453.688    57088.692
512  mtVer+F+R2    28583.152    190 57546.305    57737.305    58372.308
513  mtVer+F+R3    28077.190    192 56538.380    56734.444    57373.079
514  mtVer+F+R4    27944.953    194 56277.907    56479.130    57121.300
515  mtVer+F+R5    27944.940    196 56281.879    56488.360    57133.967
521  mtInv         32255.142    169 64848.283    64991.575    65582.992
522  mtInv+I       31425.733    170 63191.466    63336.816    63930.522
523  mtInv+G4      28759.213    170 57858.426    58003.776    58597.482
524  mtInv+I+G4    28743.367    171 57828.735    57976.163    58572.138
525  mtInv+R2      29353.733    171 59049.466    59196.894    59792.869
526  mtInv+R3      28858.366    173 58062.731    58214.379    58814.829
527  mtInv+R4      28742.982    175 57835.964    57991.913    58596.757
528  mtInv+R5      28742.976    177 57839.952    58000.287    58609.439
534  mtInv+F       30476.299    188 61328.598    61514.629    62145.907
535  mtInv+F+I     29607.875    189 59593.749    59782.253    60415.406
536  mtInv+F+G4    27380.785    189 55139.571    55328.075    55961.227
537  mtInv+F+I+G4  27360.781    190 55101.562    55292.562    55927.566
538  mtInv+F+R2    27906.694    190 56193.389    56384.389    57019.393
539  mtInv+F+R3    27481.059    192 55346.118    55542.182    56180.817
540  mtInv+F+R4    27365.190    194 55118.381    55319.604    55961.774
541  mtInv+F+R5    27365.190    196 55122.380    55328.861    55974.468
Akaike Information Criterion:           LG+I+G4
Corrected Akaike Information Criterion: LG+I+G4
Bayesian Information Criterion:         LG+I+G4
Best-fit model: LG+I+G4 chosen according to BIC

All model information printed to /mnt/ivy/thliao/project/AOB/analysis/20210713_repeat/add_Chromatiaces/phy_files/P39_prot/withEuk/NP_043219.1.model.gz
CPU time for ModelFinder: 1561.863 seconds (0h:26m:1s)
Wall-clock time for ModelFinder: 784.661 seconds (0h:13m:4s)
Generating 1000 samples for ultrafast bootstrap (seed: 796739)...

NOTE: 28 MB RAM (0 GB) is required!
Estimate model parameters (epsilon = 0.100)
Thoroughly optimizing +I+G parameters from 10 start values...
Init pinv, alpha: 0.000, 1.000 / Estimate: 0.000, 0.574 / LogL: -26761.620
Init pinv, alpha: 0.030, 1.000 / Estimate: 0.143, 0.786 / LogL: -26729.843
Init pinv, alpha: 0.061, 1.000 / Estimate: 0.144, 0.788 / LogL: -26729.833
Init pinv, alpha: 0.091, 1.000 / Estimate: 0.143, 0.786 / LogL: -26729.840
Init pinv, alpha: 0.121, 1.000 / Estimate: 0.144, 0.789 / LogL: -26729.828
Init pinv, alpha: 0.152, 1.000 / Estimate: 0.147, 0.794 / LogL: -26729.828
Init pinv, alpha: 0.182, 1.000 / Estimate: 0.148, 0.797 / LogL: -26729.840
Init pinv, alpha: 0.212, 1.000 / Estimate: 0.148, 0.795 / LogL: -26729.832
Init pinv, alpha: 0.243, 1.000 / Estimate: 0.148, 0.796 / LogL: -26729.838
Init pinv, alpha: 0.273, 1.000 / Estimate: 0.148, 0.796 / LogL: -26729.837
Optimal pinv,alpha: 0.144, 0.789 / LogL: -26729.828

Parameters optimization took 18.852 sec
Computing ML distances based on estimated model parameters... 2.995 sec
Computing BIONJ tree...
0.006 seconds
Log-likelihood of BIONJ tree: -26619.349
--------------------------------------------------------------------
|             INITIALIZING CANDIDATE TREE SET                      |
--------------------------------------------------------------------
Generating 98 parsimony trees... 2.779 second
Computing log-likelihood of 98 initial trees ... 17.094 seconds
Current best score: -26589.511

Do NNI search on 20 best initial trees
Estimate model parameters (epsilon = 0.100)
BETTER TREE FOUND at iteration 1: -26553.510
Estimate model parameters (epsilon = 0.100)
BETTER TREE FOUND at iteration 2: -26532.803
Iteration 10 / LogL: -26585.883 / Time: 0h:0m:56s
Iteration 20 / LogL: -26549.236 / Time: 0h:1m:12s
Finish initializing candidate tree set (20)
Current best tree score: -26532.803 / CPU time: 51.747
Number of iterations: 20
--------------------------------------------------------------------
|               OPTIMIZING CANDIDATE TREE SET                      |
--------------------------------------------------------------------
Estimate model parameters (epsilon = 0.100)
BETTER TREE FOUND at iteration 21: -26530.686
Estimate model parameters (epsilon = 0.100)
BETTER TREE FOUND at iteration 24: -26526.362
Estimate model parameters (epsilon = 0.100)
BETTER TREE FOUND at iteration 28: -26519.815
Iteration 30 / LogL: -26547.347 / Time: 0h:1m:32s (0h:5m:13s left)
Estimate model parameters (epsilon = 0.100)
BETTER TREE FOUND at iteration 31: -26517.401
Estimate model parameters (epsilon = 0.100)
BETTER TREE FOUND at iteration 36: -26515.709
Iteration 40 / LogL: -26519.357 / Time: 0h:1m:53s (0h:4m:38s left)
Estimate model parameters (epsilon = 0.100)
BETTER TREE FOUND at iteration 48: -26515.212
Iteration 50 / LogL: -26515.549 / Time: 0h:2m:12s (0h:4m:25s left)
Log-likelihood cutoff on original alignment: -26629.490
UFBoot trees printed to /mnt/ivy/thliao/project/AOB/analysis/20210713_repeat/add_Chromatiaces/phy_files/P39_prot/withEuk/NP_043219.1.ufboot
Estimate model parameters (epsilon = 0.100)
BETTER TREE FOUND at iteration 56: -26514.794
Estimate model parameters (epsilon = 0.100)
BETTER TREE FOUND at iteration 59: -26514.651
Estimate model parameters (epsilon = 0.100)
BETTER TREE FOUND at iteration 60: -26512.752
Iteration 60 / LogL: -26512.752 / Time: 0h:2m:33s (0h:4m:20s left)
Iteration 70 / LogL: -26524.397 / Time: 0h:2m:54s (0h:3m:47s left)
Estimate model parameters (epsilon = 0.100)
BETTER TREE FOUND at iteration 71: -26512.541
Iteration 80 / LogL: -26534.651 / Time: 0h:3m:15s (0h:3m:45s left)
Iteration 90 / LogL: -26517.587 / Time: 0h:3m:35s (0h:3m:16s left)
Iteration 100 / LogL: -26512.683 / Time: 0h:3m:54s (0h:2m:48s left)
Log-likelihood cutoff on original alignment: -26629.490
NOTE: Bootstrap correlation coefficient of split occurrence frequencies: 0.992
UFBoot trees printed to /mnt/ivy/thliao/project/AOB/analysis/20210713_repeat/add_Chromatiaces/phy_files/P39_prot/withEuk/NP_043219.1.ufboot
Estimate model parameters (epsilon = 0.100)
BETTER TREE FOUND at iteration 108: -26511.004
Iteration 110 / LogL: -26517.986 / Time: 0h:4m:17s (0h:3m:51s left)
Estimate model parameters (epsilon = 0.100)
BETTER TREE FOUND at iteration 116: -26510.917
Estimate model parameters (epsilon = 0.100)
BETTER TREE FOUND at iteration 120: -26509.290
Iteration 120 / LogL: -26509.290 / Time: 0h:4m:37s (0h:3m:52s left)
Iteration 130 / LogL: -26514.172 / Time: 0h:4m:57s (0h:3m:27s left)
Iteration 140 / LogL: -26512.180 / Time: 0h:5m:15s (0h:3m:1s left)
Iteration 150 / LogL: -26539.145 / Time: 0h:5m:33s (0h:2m:36s left)
Log-likelihood cutoff on original alignment: -26629.490
UFBoot trees printed to /mnt/ivy/thliao/project/AOB/analysis/20210713_repeat/add_Chromatiaces/phy_files/P39_prot/withEuk/NP_043219.1.ufboot
Iteration 160 / LogL: -26522.880 / Time: 0h:5m:52s (0h:2m:12s left)
Iteration 170 / LogL: -26511.000 / Time: 0h:6m:10s (0h:1m:49s left)
Iteration 180 / LogL: -26514.038 / Time: 0h:6m:29s (0h:1m:26s left)
Iteration 190 / LogL: -26511.657 / Time: 0h:6m:48s (0h:1m:4s left)
Iteration 200 / LogL: -26536.250 / Time: 0h:7m:6s (0h:0m:42s left)
Log-likelihood cutoff on original alignment: -26629.490
NOTE: Bootstrap correlation coefficient of split occurrence frequencies: 0.992
UFBoot trees printed to /mnt/ivy/thliao/project/AOB/analysis/20210713_repeat/add_Chromatiaces/phy_files/P39_prot/withEuk/NP_043219.1.ufboot
Iteration 210 / LogL: -26515.394 / Time: 0h:7m:27s (0h:3m:12s left)
Iteration 220 / LogL: -26509.575 / Time: 0h:7m:46s (0h:2m:50s left)
TREE SEARCH COMPLETED AFTER 221 ITERATIONS / Time: 0h:7m:48s

--------------------------------------------------------------------
|                    FINALIZING TREE SEARCH                        |
--------------------------------------------------------------------
Performs final model parameters optimization
Estimate model parameters (epsilon = 0.010)
1. Initial log-likelihood: -26509.290
Optimal log-likelihood: -26509.290
Proportion of invariable sites: 0.141
Gamma shape alpha: 0.780
Parameters optimization took 1 rounds (0.313 sec)
BEST SCORE FOUND : -26509.290
Creating bootstrap support values...
Split supports printed to NEXUS file /mnt/ivy/thliao/project/AOB/analysis/20210713_repeat/add_Chromatiaces/phy_files/P39_prot/withEuk/NP_043219.1.splits.nex
Total tree length: 18.346

Total number of iterations: 221
CPU time used for tree search: 886.122 sec (0h:14m:46s)
Wall-clock time used for tree search: 447.538 sec (0h:7m:27s)
Total CPU time used: 929.656 sec (0h:15m:29s)
Total wall-clock time used: 469.411 sec (0h:7m:49s)
UFBoot trees printed to /mnt/ivy/thliao/project/AOB/analysis/20210713_repeat/add_Chromatiaces/phy_files/P39_prot/withEuk/NP_043219.1.ufboot

Computing bootstrap consensus tree...
Reading input file /mnt/ivy/thliao/project/AOB/analysis/20210713_repeat/add_Chromatiaces/phy_files/P39_prot/withEuk/NP_043219.1.splits.nex...
86 taxa and 672 splits.
Consensus tree written to /mnt/ivy/thliao/project/AOB/analysis/20210713_repeat/add_Chromatiaces/phy_files/P39_prot/withEuk/NP_043219.1.contree
Reading input trees file /mnt/ivy/thliao/project/AOB/analysis/20210713_repeat/add_Chromatiaces/phy_files/P39_prot/withEuk/NP_043219.1.contree
Log-likelihood of consensus tree: -26512.820

Analysis results written to: 
  IQ-TREE report:                /mnt/ivy/thliao/project/AOB/analysis/20210713_repeat/add_Chromatiaces/phy_files/P39_prot/withEuk/NP_043219.1.iqtree
  Maximum-likelihood tree:       /mnt/ivy/thliao/project/AOB/analysis/20210713_repeat/add_Chromatiaces/phy_files/P39_prot/withEuk/NP_043219.1.treefile
  Likelihood distances:          /mnt/ivy/thliao/project/AOB/analysis/20210713_repeat/add_Chromatiaces/phy_files/P39_prot/withEuk/NP_043219.1.mldist

Ultrafast bootstrap approximation results written to:
  Split support values:          /mnt/ivy/thliao/project/AOB/analysis/20210713_repeat/add_Chromatiaces/phy_files/P39_prot/withEuk/NP_043219.1.splits.nex
  Consensus tree:                /mnt/ivy/thliao/project/AOB/analysis/20210713_repeat/add_Chromatiaces/phy_files/P39_prot/withEuk/NP_043219.1.contree
  UFBoot trees:                  /mnt/ivy/thliao/project/AOB/analysis/20210713_repeat/add_Chromatiaces/phy_files/P39_prot/withEuk/NP_043219.1.ufboot
  Screen log file:               /mnt/ivy/thliao/project/AOB/analysis/20210713_repeat/add_Chromatiaces/phy_files/P39_prot/withEuk/NP_043219.1.log

Date and Time: Mon Dec 12 09:59:57 2022
