IQ-TREE multicore version 1.6.12 for Linux 64-bit built Aug 15 2019
Developed by Bui Quang Minh, Nguyen Lam Tung, Olga Chernomor,
Heiko Schmidt, Dominik Schrempf, Michael Woodhams.

Host:    cl006 (AVX512, FMA3, 125 GB RAM)
Command: iqtree -nt 2 -redo -wbtl -bb 1000 -pre /mnt/ivy/thliao/project/AOB/analysis/20210713_repeat/add_Chromatiaces/phy_files/P39_prot/withEuk/NP_043257.1 -s /mnt/ivy/thliao/project/AOB/analysis/20210713_repeat/add_Chromatiaces/phy_files/P39_prot/withEuk/NP_043257.1.aln
Seed:    561838 (Using SPRNG - Scalable Parallel Random Number Generator)
Time:    Mon Dec 12 09:38:57 2022
Kernel:  AVX+FMA - 2 threads (64 CPU cores detected)

Reading alignment file /mnt/ivy/thliao/project/AOB/analysis/20210713_repeat/add_Chromatiaces/phy_files/P39_prot/withEuk/NP_043257.1.aln ... Fasta format detected
Alignment most likely contains protein sequences
Alignment has 133 sequences with 171 columns, 160 distinct patterns
119 parsimony-informative, 23 singleton sites, 29 constant sites
                            Gap/Ambiguity  Composition  p-value
   1  Arabidopsis_thaliana         19.30%    passed     60.94%
   2  Chondrus_crispus             24.56%    passed     83.68%
   3  Cyanidioschyzon_merolae      29.24%    passed     95.88%
   4  Cyanophora_paradoxa          23.98%    passed     84.63%
   5  Cyanoptyche_gloeocystis      23.98%    passed     99.68%
   6  Galdieria_sulphuraria        23.98%    passed     41.06%
   7  Gloeochaete_wittrockiana     23.98%    passed     72.58%
   8  Klebsormidium_nitens         23.98%    passed     42.32%
   9  Mesotaenium_endlicherianum   23.98%    passed     80.08%
  10  NC_000926.1                  23.98%    passed     93.42%
  11  NC_002186.1                  23.98%    passed     98.93%
  12  NC_005353.1                  23.98%    passed     77.68%
  13  NC_007288.1                  23.98%    passed     97.18%
  14  NC_008588.1                  23.98%    passed     80.50%
  15  NC_008589.1                  23.98%    passed     99.30%
  16  NC_010654.1                  16.96%    failed      0.00%
  17  NC_012898.1                  24.56%    passed     99.28%
  18  NC_016703.2                  23.98%    passed     97.19%
  19  NC_016732.1                  23.98%    passed     98.49%
  20  NC_020371.1                  23.98%    passed     95.09%
  21  NC_049168.1                  23.98%    passed     97.70%
  22  Oltmannsiellopsis_viridis    24.56%    passed     99.22%
  23  Oryza_sativa                 16.37%    passed     80.48%
  24  Ostreococcus_tauri           23.98%    passed     47.36%
  25  Palmophyllum_crassum         25.15%    passed     12.82%
  26  Pedinomonas_tuberculata      22.81%    passed     83.35%
  27  Penium_margaritaceum         23.98%    passed     99.04%
  28  Physcomitrium_patens         23.98%    passed     99.35%
  29  Picocystis_salinarum         26.32%    passed     99.46%
  30  Porphyra_umbilicalis         23.98%    passed     99.25%
  31  Porphyridium_purpureum       23.98%    passed     98.34%
  32  Prasinoderma_coloniale       23.39%    passed     25.74%
  33  Tetradesmus_obliquus         23.98%    passed     62.47%
  34  Tupiella_akineta             23.98%    passed     95.21%
  35  GCA_000473895.1              23.98%    passed     99.77%
  36  GCA_000024725.1              25.73%    passed     99.79%
  37  GCA_013697045.1              24.56%    passed     98.44%
  38  GCA_900107585.1              24.56%    passed    100.00%
  39  GCA_014859375.1              24.56%    passed     96.33%
  40  GCA_015272465.1              24.56%    passed     96.81%
  41  GCA_002356115.1              24.56%    passed     99.98%
  42  GCA_009833095.1              24.56%    passed     99.66%
  43  GCA_013140465.1              25.15%    passed     99.18%
  44  GCA_001747005.1              23.98%    passed     95.63%
  45  GCA_014635705.1              21.64%    passed     98.70%
  46  GCA_000469665.2              25.73%    passed     75.71%
  47  GCA_002109495.1              23.39%    passed     99.47%
  48  GCA_001458735.1              25.73%    passed     99.88%
  49  GCA_000952155.1              23.39%    passed     99.60%
  50  GCA_000317495.1              23.98%    passed     99.84%
  51  GCA_000317515.1              23.98%    passed     99.29%
  52  GCA_007197755.1              23.98%    passed     99.99%
  53  GCA_001187785.1              23.98%    passed     99.98%
  54  GCA_003719295.1              23.98%    passed     99.63%
  55  GCA_000314005.1              23.98%    passed     99.97%
  56  GCA_004168365.1              23.98%    passed     99.98%
  57  GCA_011090395.1              25.73%    passed     99.76%
  58  GCA_003015105.1              23.98%    passed     99.77%
  59  GCA_902810445.1              25.73%    passed     99.67%
  60  GCA_001697225.1              23.98%    passed     96.48%
  61  GCA_002868715.1              23.98%    passed     99.86%
  62  GCA_002218085.1              23.39%    passed     98.96%
  63  GCA_003015145.1              26.32%    failed      0.57%
  64  GCA_008189685.1              23.98%    passed     75.05%
  65  GCA_003551305.1              26.90%    passed     62.25%
  66  GCA_902500715.1              25.73%    passed     99.84%
  67  GCA_001828295.1              26.90%    passed     82.91%
  68  GCA_000949635.1              26.32%    passed     99.97%
  69  GCA_013141375.1              25.15%    passed     99.85%
  70  GCA_000760695.4              22.81%    passed     99.80%
  71  GCA_017879665.1              25.73%    passed     99.98%
  72  GCA_001772005.1              24.56%    passed     98.59%
  73  GCA_000332035.1              23.98%    passed     99.99%
  74  GCA_016788925.1              25.73%    passed     99.84%
  75  GCA_000740735.1              25.73%    passed    100.00%
  76  GCA_000934545.1              24.56%    passed     98.25%
  77  GCA_001458695.1              25.73%    passed     99.96%
  78  GCA_016207025.1              25.73%    passed     99.99%
  79  GCA_900119825.1              23.98%    passed     99.33%
  80  GCA_003534995.1              14.62%    passed     62.55%
  81  GCA_015709635.1              24.56%    passed     98.55%
  82  GCA_006496635.1              24.56%    passed     99.95%
  83  GCA_000011385.1              23.98%    passed     99.91%
  84  GCA_001828545.1              27.49%    passed     96.62%
  85  GCA_005877815.1              25.73%    passed     98.75%
  86  GCA_000263335.1              23.98%    passed     99.86%
  87  GCA_007992375.1              24.56%    passed     99.67%
  88  GCA_001890765.1              23.98%    passed     99.97%
  89  GCA_003149345.1              24.56%    passed     99.99%
  90  GCA_001828535.1              26.32%    passed     99.79%
  91  GCA_004421105.1              25.73%    passed     99.72%
  92  GCA_002083815.1              23.39%    passed     98.37%
  93  GCA_003576955.1              25.73%    passed     99.98%
  94  GCA_003851125.1              24.56%    passed     99.67%
  95  GCA_010027455.1              21.64%    passed     98.08%
  96  GCA_001803795.1              24.56%    passed     92.39%
  97  GCA_003003885.1              23.39%    passed     99.47%
  98  GCA_004282745.1              27.49%    passed     80.96%
  99  GCA_000214665.1              25.15%    passed     99.99%
 100  GCA_002072955.1              25.15%    passed     99.91%
 101  GCA_016873455.1              25.73%    passed     99.93%
 102  GCA_001870225.1              24.56%    passed     97.46%
 103  GCA_013140535.1              25.73%    passed     99.84%
 104  GCA_000948975.1              24.56%    passed     99.99%
 105  GCA_001566965.1              25.15%    passed     99.98%
 106  GCA_000264455.2              23.98%    passed     97.49%
 107  GCA_000317535.1              23.39%    passed     99.31%
 108  GCA_006385135.1              25.15%    passed     99.96%
 109  GCA_001267195.1              24.56%    passed     99.99%
 110  GCA_000014865.1              23.39%    passed     90.45%
 111  GCA_002355455.1              23.98%    passed     99.71%
 112  GCA_002162035.1              24.56%    passed     99.67%
 113  GCA_001881495.1              12.28%    passed     41.51%
 114  GCA_000317575.1              23.98%    passed     99.53%
 115  GCA_000380225.1              23.98%    passed    100.00%
 116  GCA_003258315.1              22.81%    passed     65.32%
 117  GCA_016592635.1              25.15%    passed     99.60%
 118  GCA_902459485.1              23.98%    passed     70.11%
 119  GCA_001904725.1              23.39%    passed     97.87%
 120  GCA_000013225.1              25.15%    passed     97.72%
 121  GCA_900110495.1              24.56%    passed     99.91%
 122  GCA_000346485.2              22.81%    passed     99.80%
 123  GCA_003644325.1              25.73%    passed     98.29%
 124  GCA_004195045.1              23.39%    passed     31.54%
 125  GCA_002924445.1              24.56%    passed     98.89%
 126  GCA_005524015.1              26.32%    passed     99.24%
 127  GCA_000332275.1              25.15%    passed     99.67%
 128  GCA_002007425.1              24.56%    passed     98.58%
 129  GCA_000828615.1              24.56%    passed     98.49%
 130  GCA_000228725.3              25.15%    passed     99.03%
 131  GCA_000379525.1              24.56%    passed     99.88%
 132  GCA_001007875.1              25.15%    passed     95.36%
 133  GCA_001469165.1              25.15%    passed     98.94%
****  TOTAL                        24.24%  2 sequences failed composition chi2 test (p-value<5%; df=19)
NOTE: GCA_016788925.1 is identical to GCA_902500715.1 but kept for subsequent analysis
NOTE: GCA_000346485.2 is identical to GCA_000760695.4 but kept for subsequent analysis
NOTE: GCA_003576955.1 is identical to GCA_017879665.1 but kept for subsequent analysis
NOTE: GCA_003851125.1 is identical to GCA_007992375.1 but kept for subsequent analysis
NOTE: 1 identical sequences (see below) will be ignored for subsequent analysis
NOTE: GCA_002162035.1 (identical to GCA_007992375.1) is ignored but added at the end

For your convenience alignment with unique sequences printed to /mnt/ivy/thliao/project/AOB/analysis/20210713_repeat/add_Chromatiaces/phy_files/P39_prot/withEuk/NP_043257.1.uniqueseq.phy


Create initial parsimony tree by phylogenetic likelihood library (PLL)... 0.035 seconds
NOTE: ModelFinder requires 37 MB RAM!
ModelFinder will test 546 protein models (sample size: 171) ...
 No. Model         -LnL         df  AIC          AICc         BIC
  1  Dayhoff       12861.883    261 26245.766    163009.766   27065.740
  2  Dayhoff+I     12733.865    262 25991.730    163803.730   26814.846
  3  Dayhoff+G4    12013.658    262 24551.316    162363.316   25374.432
  4  Dayhoff+I+G4  12004.561    263 24535.123    163399.123   25361.380
  5  Dayhoff+R2    12197.303    263 24920.605    163784.605   25746.863
  6  Dayhoff+R3    12047.820    265 24625.640    165605.640   25458.181
  7  Dayhoff+R4    12001.986    267 24537.972    167649.972   25376.796
  8  Dayhoff+R5    11993.848    269 24525.695    169785.695   25370.803
  9  Dayhoff+R6    11993.411    271 24528.823    171952.823   25380.214
 14  Dayhoff+F     12867.257    280 26294.515    183654.515   27174.181
 15  Dayhoff+F+I   12751.262    281 26064.525    184548.525   26947.332
 16  Dayhoff+F+G4  12019.899    281 24601.799    183085.799   25484.606
 17  Dayhoff+F+I+G4 12013.692    282 24591.384    184203.384   25477.333
 18  Dayhoff+F+R2  12205.996    282 24975.992    184587.992   25861.941
 19  Dayhoff+F+R3  12055.174    284 24678.348    186558.348   25570.581
 20  Dayhoff+F+R4  12012.769    286 24597.538    188761.538   25496.054
 21  Dayhoff+F+R5  12002.732    288 24581.463    191045.463   25486.263
 22  Dayhoff+F+R6  12001.092    290 24582.184    193362.184   25493.267
 27  mtMAM         14040.562    261 28603.124    165367.124   29423.098
 28  mtMAM+I       13972.343    262 28468.685    166280.685   29291.801
 29  mtMAM+G4      12769.839    262 26063.679    163875.679   26886.795
 30  mtMAM+I+G4    12769.500    263 26065.000    164929.000   26891.257
 31  mtMAM+R2      12963.490    263 26452.979    165316.979   27279.237
 32  mtMAM+R3      12827.808    265 26185.616    167165.616   27018.157
 33  mtMAM+R4      12779.885    267 26093.771    169205.771   26932.595
 34  mtMAM+R5      12754.080    269 26046.161    171306.161   26891.268
 35  mtMAM+R6      12748.232    271 26038.464    173462.464   26889.855
 36  mtMAM+R7      12745.275    273 26036.549    175640.549   26894.223
 40  mtMAM+F       13441.356    280 27442.711    184802.711   28322.377
 41  mtMAM+F+I     13351.392    281 27264.784    185748.784   28147.592
 42  mtMAM+F+G4    12270.898    281 25103.797    183587.797   25986.604
 43  mtMAM+F+I+G4  12269.623    282 25103.246    184715.246   25989.195
 44  mtMAM+F+R2    12493.229    282 25550.458    185162.458   26436.407
 45  mtMAM+F+R3    12338.436    284 25244.872    187124.872   26137.105
 46  mtMAM+F+R4    12287.899    286 25147.799    189311.799   26046.315
 47  mtMAM+F+R5    12263.665    288 25103.330    191567.330   26008.129
 48  mtMAM+F+R6    12258.491    290 25096.982    193876.982   26008.064
 49  mtMAM+F+R7    12256.395    292 25096.789    196208.789   26014.155
 53  JTT           12683.322    261 25888.643    162652.643   26708.617
 54  JTT+I         12577.874    262 25679.747    163491.747   26502.863
 55  JTT+G4        11852.619    262 24229.237    162041.237   25052.353
 56  JTT+I+G4      11848.635    263 24223.270    163087.270   25049.527
 57  JTT+R2        12023.050    263 24572.100    163436.100   25398.358
 58  JTT+R3        11896.214    265 24322.428    165302.428   25154.969
 59  JTT+R4        11843.543    267 24221.085    167333.085   25059.910
 60  JTT+R5        11840.252    269 24218.504    169478.504   25063.611
 66  JTT+F         12789.044    280 26138.088    183498.088   27017.753
 67  JTT+F+I       12686.236    281 25934.471    184418.471   26817.279
 68  JTT+F+G4      11937.243    281 24436.486    182920.486   25319.294
 69  JTT+F+I+G4    11934.434    282 24432.869    184044.869   25318.818
 70  JTT+F+R2      12116.987    282 24797.975    184409.975   25683.924
 71  JTT+F+R3      11982.763    284 24533.526    186413.526   25425.758
 72  JTT+F+R4      11928.981    286 24429.961    188593.961   25328.477
 73  JTT+F+R5      11925.355    288 24426.710    190890.710   25331.509
 79  WAG           12687.115    261 25896.229    162660.229   26716.203
 80  WAG+I         12590.538    262 25705.075    163517.075   26528.191
 81  WAG+G4        11963.159    262 24450.318    162262.318   25273.433
 82  WAG+I+G4      11958.943    263 24443.886    163307.886   25270.143
 83  WAG+R2        12131.454    263 24788.907    163652.907   25615.165
 84  WAG+R3        11989.851    265 24509.702    165489.702   25342.243
 85  WAG+R4        11954.354    267 24442.709    167554.709   25281.533
 86  WAG+R5        11948.000    269 24434.000    169694.000   25279.107
 87  WAG+R6        11947.968    271 24437.936    171861.936   25289.327
 92  WAG+F         12707.781    280 25975.563    183335.563   26855.229
 93  WAG+F+I       12615.229    281 25792.457    184276.457   26675.265
 94  WAG+F+G4      11980.773    281 24523.546    183007.546   25406.353
 95  WAG+F+I+G4    11978.174    282 24520.347    184132.347   25406.296
 96  WAG+F+R2      12152.631    282 24869.262    184481.262   25755.211
 97  WAG+F+R3      12003.836    284 24575.671    186455.671   25467.904
 98  WAG+F+R4      11970.597    286 24513.193    188677.193   25411.709
 99  WAG+F+R5      11962.128    288 24500.257    190964.257   25405.056
100  WAG+F+R6      11961.203    290 24502.407    193282.407   25413.489
105  cpREV         12636.280    261 25794.560    162558.560   26614.535
106  cpREV+I       12550.554    262 25625.107    163437.107   26448.223
107  cpREV+G4      11919.620    262 24363.240    162175.240   25186.356
108  cpREV+I+G4    11914.226    263 24354.452    163218.452   25180.710
109  cpREV+R2      12098.377    263 24722.755    163586.755   25549.012
110  cpREV+R3      11953.247    265 24436.495    165416.495   25269.036
111  cpREV+R4      11910.895    267 24355.790    167467.790   25194.614
112  cpREV+R5      11897.992    269 24333.983    169593.983   25179.091
113  cpREV+R6      11897.583    271 24337.166    171761.166   25188.557
118  cpREV+F       12748.823    280 26057.646    183417.646   26937.312
119  cpREV+F+I     12657.497    281 25876.995    184360.995   26759.802
120  cpREV+F+G4    11981.207    281 24524.415    183008.415   25407.222
121  cpREV+F+I+G4  11976.817    282 24517.633    184129.633   25403.582
122  cpREV+F+R2    12185.058    282 24934.115    184546.115   25820.064
123  cpREV+F+R3    12017.340    284 24602.680    186482.680   25494.912
124  cpREV+F+R4    11971.701    286 24515.403    188679.403   25413.919
125  cpREV+F+R5    11957.120    288 24490.241    190954.241   25395.040
126  cpREV+F+R6    11957.004    290 24494.008    193274.008   25405.090
131  mtREV         13436.568    261 27395.135    164159.135   28215.110
132  mtREV+I       13360.068    262 27244.136    165056.136   28067.252
133  mtREV+G4      12544.882    262 25613.763    163425.763   26436.879
134  mtREV+I+G4    12542.531    263 25611.061    164475.061   26437.319
135  mtREV+R2      12737.499    263 26000.998    164864.998   26827.255
136  mtREV+R3      12586.885    265 25703.770    166683.770   26536.311
137  mtREV+R4      12544.751    267 25623.502    168735.502   26462.326
138  mtREV+R5      12538.224    269 25614.447    170874.447   26459.555
139  mtREV+R6      12538.207    271 25618.415    173042.415   26469.805
144  mtREV+F       12930.185    280 26420.369    183780.369   27300.035
145  mtREV+F+I     12831.336    281 26224.672    184708.672   27107.479
146  mtREV+F+G4    12088.199    281 24738.399    183222.399   25621.206
147  mtREV+F+I+G4  12083.499    282 24730.998    184342.998   25616.947
148  mtREV+F+R2    12277.742    282 25119.485    184731.485   26005.434
149  mtREV+F+R3    12136.086    284 24840.172    186720.172   25732.405
150  mtREV+F+R4    12085.398    286 24742.796    188906.796   25641.312
151  mtREV+F+R5    12078.159    288 24732.319    191196.319   25637.118
152  mtREV+F+R6    12077.797    290 24735.593    193515.593   25646.676
157  rtREV         12641.697    261 25805.395    162569.395   26625.369
158  rtREV+I       12566.208    262 25656.416    163468.416   26479.531
159  rtREV+G4      11881.701    262 24287.403    162099.403   25110.519
160  rtREV+I+G4    11879.754    263 24285.508    163149.508   25111.766
161  rtREV+R2      12047.922    263 24621.845    163485.845   25448.102
162  rtREV+R3      11914.523    265 24359.047    165339.047   25191.587
163  rtREV+R4      11876.591    267 24287.182    167399.182   25126.006
164  rtREV+R5      11873.359    269 24284.717    169544.717   25129.825
170  rtREV+F       12625.260    280 25810.520    183170.520   26690.186
171  rtREV+F+I     12545.803    281 25653.605    184137.605   26536.413
172  rtREV+F+G4    11846.807    281 24255.613    182739.613   25138.421
173  rtREV+F+I+G4  11845.184    282 24254.368    183866.368   25140.317
174  rtREV+F+R2    12020.255    282 24604.509    184216.509   25490.458
175  rtREV+F+R3    11881.968    284 24331.937    186211.937   25224.169
176  rtREV+F+R4    11841.519    286 24255.037    188419.037   25153.553
177  rtREV+F+R5    11837.333    288 24250.667    190714.667   25155.466
183  mtART         13500.425    261 27522.850    164286.850   28342.824
184  mtART+I       13410.671    262 27345.341    165157.341   28168.457
185  mtART+G4      12358.110    262 25240.220    163052.220   26063.335
186  mtART+I+G4    12356.939    263 25239.878    164103.878   26066.136
187  mtART+R2      12562.848    263 25651.697    164515.697   26477.954
188  mtART+R3      12405.823    265 25341.646    166321.646   26174.186
189  mtART+R4      12363.008    267 25260.017    168372.017   26098.841
190  mtART+R5      12339.222    269 25216.444    170476.444   26061.552
191  mtART+R6      12338.620    271 25219.240    172643.240   26070.631
196  mtART+F       12925.809    280 26411.618    183771.618   27291.283
197  mtART+F+I     12818.198    281 26198.395    184682.395   27081.203
198  mtART+F+G4    11912.017    281 24386.035    182870.035   25268.842
199  mtART+F+I+G4  11910.200    282 24384.400    183996.400   25270.349
200  mtART+F+R2    12125.415    282 24814.829    184426.829   25700.779
201  mtART+F+R3    11979.043    284 24526.085    186406.085   25418.318
202  mtART+F+R4    11921.956    286 24415.912    188579.912   25314.428
203  mtART+F+R5    11898.792    288 24373.583    190837.583   25278.383
204  mtART+F+R6    11897.954    290 24375.907    193155.907   25286.990
209  mtZOA         13197.681    261 26917.362    163681.362   27737.336
210  mtZOA+I       13102.607    262 26729.213    164541.213   27552.329
211  mtZOA+G4      12110.623    262 24745.246    162557.246   25568.362
212  mtZOA+I+G4    12109.834    263 24745.668    163609.668   25571.925
213  mtZOA+R2      12310.241    263 25146.482    164010.482   25972.739
214  mtZOA+R3      12163.236    265 24856.472    165836.472   25689.013
215  mtZOA+R4      12113.839    267 24761.678    167873.678   25600.502
216  mtZOA+R5      12093.722    269 24725.443    169985.443   25570.551
217  mtZOA+R6      12093.541    271 24729.083    172153.083   25580.473
222  mtZOA+F       12837.980    280 26235.960    183595.960   27115.625
223  mtZOA+F+I     12725.325    281 26012.651    184496.651   26895.458
224  mtZOA+F+G4    11867.470    281 24296.939    182780.939   25179.747
225  mtZOA+F+I+G4  11865.141    282 24294.283    183906.283   25180.232
226  mtZOA+F+R2    12071.986    282 24707.972    184319.972   25593.921
227  mtZOA+F+R3    11935.547    284 24439.094    186319.094   25331.326
228  mtZOA+F+R4    11867.988    286 24307.975    188471.975   25206.491
229  mtZOA+F+R5    11855.486    288 24286.972    190750.972   25191.771
230  mtZOA+F+R6    11855.004    290 24290.009    193070.009   25201.091
235  VT            12714.982    261 25951.965    162715.965   26771.939
236  VT+I          12621.884    262 25767.768    163579.768   26590.884
237  VT+G4         11977.656    262 24479.311    162291.311   25302.427
238  VT+I+G4       11974.566    263 24475.131    163339.131   25301.389
239  VT+R2         12136.006    263 24798.011    163662.011   25624.269
240  VT+R3         12007.777    265 24545.554    165525.554   25378.095
241  VT+R4         11969.767    267 24473.533    167585.533   25312.357
242  VT+R5         11965.447    269 24468.894    169728.894   25314.001
248  VT+F          12758.383    280 26076.765    183436.765   26956.431
249  VT+F+I        12664.377    281 25890.753    184374.753   26773.561
250  VT+F+G4       12010.924    281 24583.847    183067.847   25466.655
251  VT+F+I+G4     12008.135    282 24580.271    184192.271   25466.220
252  VT+F+R2       12175.048    282 24914.097    184526.097   25800.046
253  VT+F+R3       12039.070    284 24646.140    186526.140   25538.373
254  VT+F+R4       12002.773    286 24577.546    188741.546   25476.061
255  VT+F+R5       11995.287    288 24566.573    191030.573   25471.372
256  VT+F+R6       11995.153    290 24570.306    193350.306   25481.389
261  LG            12565.018    261 25652.035    162416.035   26472.010
262  LG+I          12474.211    262 25472.422    163284.422   26295.538
263  LG+G4         11777.669    262 24079.337    161891.337   24902.453
264  LG+I+G4       11774.675    263 24075.350    162939.350   24901.608
265  LG+R2         11944.184    263 24414.368    163278.368   25240.626
266  LG+R3         11818.853    265 24167.706    165147.706   25000.247
267  LG+R4         11770.964    267 24075.927    167187.927   24914.751
268  LG+R5         11767.072    269 24072.144    169332.144   24917.251
274  LG+F          12622.571    280 25805.143    183165.143   26684.808
275  LG+F+I        12526.884    281 25615.768    184099.768   26498.576
276  LG+F+G4       11818.587    281 24199.175    182683.175   25081.982
277  LG+F+I+G4     11815.972    282 24195.943    183807.943   25081.892
278  LG+F+R2       11995.646    282 24555.292    184167.292   25441.241
279  LG+F+R3       11860.865    284 24289.729    186169.729   25181.961
280  LG+F+R4       11811.390    286 24194.779    188358.779   25093.295
281  LG+F+R5       11806.387    288 24188.774    190652.774   25093.573
287  DCMut         12863.383    261 26248.767    163012.767   27068.741
288  DCMut+I       12735.692    262 25995.383    163807.383   26818.499
289  DCMut+G4      12015.980    262 24555.960    162367.960   25379.076
290  DCMut+I+G4    12006.826    263 24539.652    163403.652   25365.909
291  DCMut+R2      12199.049    263 24924.099    163788.099   25750.357
292  DCMut+R3      12047.845    265 24625.691    165605.691   25458.232
293  DCMut+R4      12002.584    267 24539.167    167651.167   25377.991
294  DCMut+R5      11995.802    269 24529.605    169789.605   25374.712
295  DCMut+R6      11995.000    271 24532.000    171956.000   25383.391
300  DCMut+F       12869.263    280 26298.526    183658.526   27178.191
301  DCMut+F+I     12753.236    281 26068.472    184552.472   26951.280
302  DCMut+F+G4    12022.201    281 24606.403    183090.403   25489.210
303  DCMut+F+I+G4  12015.940    282 24595.880    184207.880   25481.829
304  DCMut+F+R2    12207.725    282 24979.449    184591.449   25865.398
305  DCMut+F+R3    12056.895    284 24681.790    186561.790   25574.022
306  DCMut+F+R4    12014.022    286 24600.043    188764.043   25498.559
307  DCMut+F+R5    12004.208    288 24584.417    191048.417   25489.216
308  DCMut+F+R6    12003.617    290 24587.235    193367.235   25498.317
313  PMB           12779.665    261 26081.330    162845.330   26901.305
314  PMB+I         12693.376    262 25910.751    163722.751   26733.867
315  PMB+G4        12076.552    262 24677.105    162489.105   25500.221
316  PMB+I+G4      12073.736    263 24673.472    163537.472   25499.729
317  PMB+R2        12229.211    263 24984.422    163848.422   25810.679
318  PMB+R3        12102.123    265 24734.246    165714.246   25566.786
319  PMB+R4        12070.868    267 24675.737    167787.737   25514.561
320  PMB+R5        12067.003    269 24672.007    169932.007   25517.114
326  PMB+F         12788.635    280 26137.270    183497.270   27016.936
327  PMB+F+I       12698.586    281 25959.173    184443.173   26841.980
328  PMB+F+G4      12079.542    281 24721.084    183205.084   25603.892
329  PMB+F+I+G4    12076.878    282 24717.756    184329.756   25603.705
330  PMB+F+R2      12239.337    282 25042.674    184654.674   25928.624
331  PMB+F+R3      12103.590    284 24775.180    186655.180   25667.412
332  PMB+F+R4      12072.481    286 24716.961    188880.961   25615.477
333  PMB+F+R5      12064.242    288 24704.485    191168.485   25609.284
334  PMB+F+R6      12063.747    290 24707.494    193487.494   25618.577
339  HIVb          13115.084    261 26752.169    163516.169   27572.143
340  HIVb+I        13007.181    262 26538.361    164350.361   27361.477
341  HIVb+G4       12128.506    262 24781.012    162593.012   25604.128
342  HIVb+I+G4     12125.422    263 24776.843    163640.843   25603.101
343  HIVb+R2       12341.610    263 25209.220    164073.220   26035.477
344  HIVb+R3       12187.296    265 24904.592    165884.592   25737.133
345  HIVb+R4       12120.044    267 24774.088    167886.088   25612.912
346  HIVb+R5       12112.799    269 24763.598    170023.598   25608.705
347  HIVb+R6       12111.480    271 24764.959    172188.959   25616.350
352  HIVb+F        13269.934    280 27099.867    184459.867   27979.533
353  HIVb+F+I      13162.560    281 26887.119    185371.119   27769.927
354  HIVb+F+G4     12225.404    281 25012.808    183496.808   25895.615
355  HIVb+F+I+G4   12222.847    282 25009.694    184621.694   25895.643
356  HIVb+F+R2     12471.110    282 25506.221    185118.221   26392.170
357  HIVb+F+R3     12290.356    284 25148.712    187028.712   26040.944
358  HIVb+F+R4     12222.837    286 25017.675    189181.675   25916.191
359  HIVb+F+R5     12212.374    288 25000.747    191464.747   25905.546
360  HIVb+F+R6     12210.442    290 25000.884    193780.884   25911.966
365  HIVw          13549.151    261 27620.301    164384.301   28440.276
366  HIVw+I        13438.523    262 27401.045    165213.045   28224.161
367  HIVw+G4       12551.437    262 25626.873    163438.873   26449.989
368  HIVw+I+G4     12549.302    263 25624.605    164488.605   26450.863
369  HIVw+R2       12789.413    263 26104.827    164968.827   26931.084
370  HIVw+R3       12608.773    265 25747.546    166727.546   26580.087
371  HIVw+R4       12546.692    267 25627.384    168739.384   26466.208
372  HIVw+R5       12535.492    269 25608.983    170868.983   26454.091
373  HIVw+R6       12534.469    271 25610.938    173034.938   26462.329
378  HIVw+F        13607.479    280 27774.957    185134.957   28654.623
379  HIVw+F+I      13498.861    281 27559.722    186043.722   28442.529
380  HIVw+F+G4     12561.543    281 25685.087    184169.087   26567.894
381  HIVw+F+I+G4   12559.803    282 25683.606    185295.606   26569.555
382  HIVw+F+R2     12826.309    282 26216.618    185828.618   27102.567
383  HIVw+F+R3     12620.928    284 25809.856    187689.856   26702.089
384  HIVw+F+R4     12560.627    286 25693.254    189857.254   26591.770
385  HIVw+F+R5     12549.467    288 25674.934    192138.934   26579.733
386  HIVw+F+R6     12547.681    290 25675.361    194455.361   26586.444
391  JTTDCMut      12677.666    261 25877.331    162641.331   26697.305
392  JTTDCMut+I    12573.531    262 25671.062    163483.062   26494.178
393  JTTDCMut+G4   11850.887    262 24225.774    162037.774   25048.890
394  JTTDCMut+I+G4 11846.935    263 24219.871    163083.871   25046.128
395  JTTDCMut+R2   12020.416    263 24566.831    163430.831   25393.089
396  JTTDCMut+R3   11893.694    265 24317.388    165297.388   25149.929
397  JTTDCMut+R4   11840.906    267 24215.811    167327.811   25054.635
398  JTTDCMut+R5   11837.429    269 24212.859    169472.859   25057.966
404  JTTDCMut+F    12777.942    280 26115.883    183475.883   26995.549
405  JTTDCMut+F+I  12676.483    281 25914.966    184398.966   26797.773
406  JTTDCMut+F+G4 11930.247    281 24422.495    182906.495   25305.302
407  JTTDCMut+F+I+G4 11927.477    282 24418.954    184030.954   25304.903
408  JTTDCMut+F+R2 12108.831    282 24781.661    184393.661   25667.611
409  JTTDCMut+F+R3 11974.578    284 24517.157    186397.157   25409.389
410  JTTDCMut+F+R4 11921.447    286 24414.894    188578.894   25313.409
411  JTTDCMut+F+R5 11917.631    288 24411.262    190875.262   25316.061
417  FLU           12844.971    261 26211.943    162975.943   27031.917
418  FLU+I         12753.516    262 26031.031    163843.031   26854.147
419  FLU+G4        11946.653    262 24417.306    162229.306   25240.422
420  FLU+I+G4      11945.526    263 24417.052    163281.052   25243.309
421  FLU+R2        12148.894    263 24823.788    163687.788   25650.046
422  FLU+R3        12000.829    265 24531.657    165511.657   25364.198
423  FLU+R4        11940.037    267 24414.074    167526.074   25252.898
424  FLU+R5        11936.861    269 24411.722    169671.722   25256.829
430  FLU+F         13021.656    280 26603.311    183963.311   27482.977
431  FLU+F+I       12942.798    281 26447.595    184931.595   27330.403
432  FLU+F+G4      12086.355    281 24734.710    183218.710   25617.518
433  FLU+F+I+G4    12086.184    282 24736.367    184348.367   25622.316
434  FLU+F+R2      12307.742    282 25179.483    184791.483   26065.433
435  FLU+F+R3      12143.893    284 24855.786    186735.786   25748.018
436  FLU+F+R4      12082.529    286 24737.057    188901.057   25635.573
437  FLU+F+R5      12077.051    288 24730.101    191194.101   25634.900
438  FLU+F+R6      12075.038    290 24730.077    193510.077   25641.159
443  Blosum62      12767.501    261 26057.002    162821.002   26876.976
444  Blosum62+I    12687.813    262 25899.627    163711.627   26722.743
445  Blosum62+G4   12074.972    262 24673.944    162485.944   25497.060
446  Blosum62+I+G4 12072.801    263 24671.602    163535.602   25497.859
447  Blosum62+R2   12226.081    263 24978.163    163842.163   25804.420
448  Blosum62+R3   12101.791    265 24733.583    165713.583   25566.123
449  Blosum62+R4   12069.998    267 24673.995    167785.995   25512.819
450  Blosum62+R5   12067.193    269 24672.385    169932.385   25517.493
456  Blosum62+F    12783.640    280 26127.280    183487.280   27006.945
457  Blosum62+F+I  12697.307    281 25956.614    184440.614   26839.421
458  Blosum62+F+G4 12076.456    281 24714.912    183198.912   25597.719
459  Blosum62+F+I+G4 12074.341    282 24712.682    184324.682   25598.631
460  Blosum62+F+R2 12236.498    282 25036.997    184648.997   25922.946
461  Blosum62+F+R3 12102.202    284 24772.405    186652.405   25664.637
462  Blosum62+F+R4 12070.302    286 24712.604    188876.604   25611.120
463  Blosum62+F+R5 12063.599    288 24703.199    191167.199   25607.998
464  Blosum62+F+R6 12063.585    290 24707.170    193487.170   25618.253
469  mtMet         13437.200    261 27396.400    164160.400   28216.374
470  mtMet+I       13345.284    262 27214.569    165026.569   28037.685
471  mtMet+G4      12381.235    262 25286.471    163098.471   26109.586
472  mtMet+I+G4    12380.119    263 25286.238    164150.238   26112.496
473  mtMet+R2      12578.938    263 25683.876    164547.876   26510.133
474  mtMet+R3      12448.203    265 25426.406    166406.406   26258.947
475  mtMet+R4      12395.200    267 25324.400    168436.400   26163.224
476  mtMet+R5      12370.788    269 25279.576    170539.576   26124.684
477  mtMet+R6      12370.712    271 25283.423    172707.423   26134.814
482  mtMet+F       13051.917    280 26663.834    184023.834   27543.500
483  mtMet+F+I     12945.084    281 26452.167    184936.167   27334.975
484  mtMet+F+G4    12043.088    281 24648.177    183132.177   25530.984
485  mtMet+F+I+G4  12041.110    282 24646.219    184258.219   25532.168
486  mtMet+F+R2    12245.374    282 25054.748    184666.748   25940.698
487  mtMet+F+R3    12106.903    284 24781.806    186661.806   25674.038
488  mtMet+F+R4    12048.666    286 24669.332    188833.332   25567.848
489  mtMet+F+R5    12037.544    288 24651.088    191115.088   25555.887
490  mtMet+F+R6    12037.483    290 24654.967    193434.967   25566.049
495  mtVer         13823.674    261 28169.348    164933.348   28989.323
496  mtVer+I       13738.796    262 28001.591    165813.591   28824.707
497  mtVer+G4      12656.801    262 25837.603    163649.603   26660.719
498  mtVer+I+G4    12656.208    263 25838.415    164702.415   26664.673
499  mtVer+R2      12848.504    263 26223.009    165087.009   27049.266
500  mtVer+R3      12724.536    265 25979.071    166959.071   26811.612
501  mtVer+R4      12667.473    267 25868.946    168980.946   26707.770
502  mtVer+R5      12646.057    269 25830.113    171090.113   26675.221
503  mtVer+R6      12645.930    271 25833.860    173257.860   26685.251
508  mtVer+F       13334.443    280 27228.886    184588.886   28108.552
509  mtVer+F+I     13224.156    281 27010.313    185494.313   27893.120
510  mtVer+F+G4    12249.837    281 25061.674    183545.674   25944.481
511  mtVer+F+I+G4  12248.659    282 25061.318    184673.318   25947.267
512  mtVer+F+R2    12474.360    282 25512.720    185124.720   26398.669
513  mtVer+F+R3    12313.929    284 25195.857    187075.857   26088.090
514  mtVer+F+R4    12261.926    286 25095.853    189259.853   25994.369
515  mtVer+F+R5    12246.418    288 25068.835    191532.835   25973.635
516  mtVer+F+R6    12246.320    290 25072.640    193852.640   25983.723
521  mtInv         13333.539    261 27189.078    163953.078   28009.053
522  mtInv+I       13236.345    262 26996.690    164808.690   27819.805
523  mtInv+G4      12353.001    262 25230.003    163042.003   26053.118
524  mtInv+I+G4    12351.318    263 25228.637    164092.637   26054.894
525  mtInv+R2      12550.442    263 25626.884    164490.884   26453.141
526  mtInv+R3      12414.166    265 25358.333    166338.333   26190.874
527  mtInv+R4      12351.121    267 25236.241    168348.241   26075.065
528  mtInv+R5      12344.743    269 25227.486    170487.486   26072.593
529  mtInv+R6      12344.704    271 25231.407    172655.407   26082.798
534  mtInv+F       12839.825    280 26239.649    183599.649   27119.315
535  mtInv+F+I     12728.405    281 26018.810    184502.810   26901.617
536  mtInv+F+G4    11927.869    281 24417.738    182901.738   25300.546
537  mtInv+F+I+G4  11924.410    282 24412.820    184024.820   25298.769
538  mtInv+F+R2    12116.864    282 24797.729    184409.729   25683.678
539  mtInv+F+R3    11982.640    284 24533.279    186413.279   25425.512
540  mtInv+F+R4    11924.212    286 24420.423    188584.423   25318.939
541  mtInv+F+R5    11919.193    288 24414.386    190878.386   25319.185
Akaike Information Criterion:           LG+R5
Corrected Akaike Information Criterion: LG+G4
Bayesian Information Criterion:         LG+I+G4
Best-fit model: LG+I+G4 chosen according to BIC

All model information printed to /mnt/ivy/thliao/project/AOB/analysis/20210713_repeat/add_Chromatiaces/phy_files/P39_prot/withEuk/NP_043257.1.model.gz
CPU time for ModelFinder: 1078.080 seconds (0h:17m:58s)
Wall-clock time for ModelFinder: 540.896 seconds (0h:9m:0s)
Generating 1000 samples for ultrafast bootstrap (seed: 561838)...

NOTE: 15 MB RAM (0 GB) is required!
Estimate model parameters (epsilon = 0.100)
Thoroughly optimizing +I+G parameters from 10 start values...
Init pinv, alpha: 0.000, 1.000 / Estimate: 0.000, 0.839 / LogL: -11777.660
Init pinv, alpha: 0.019, 1.000 / Estimate: 0.027, 0.894 / LogL: -11774.678
Init pinv, alpha: 0.038, 1.000 / Estimate: 0.030, 0.898 / LogL: -11774.681
Init pinv, alpha: 0.057, 1.000 / Estimate: 0.030, 0.897 / LogL: -11774.679
Init pinv, alpha: 0.075, 1.000 / Estimate: 0.031, 0.898 / LogL: -11774.684
Init pinv, alpha: 0.094, 1.000 / Estimate: 0.031, 0.898 / LogL: -11774.688
Init pinv, alpha: 0.113, 1.000 / Estimate: 0.032, 0.899 / LogL: -11774.692
Init pinv, alpha: 0.132, 1.000 / Estimate: 0.030, 0.896 / LogL: -11774.679
Init pinv, alpha: 0.151, 1.000 / Estimate: 0.030, 0.897 / LogL: -11774.680
Init pinv, alpha: 0.170, 1.000 / Estimate: 0.030, 0.897 / LogL: -11774.681
Optimal pinv,alpha: 0.027, 0.894 / LogL: -11774.678

Parameters optimization took 8.834 sec
Computing ML distances based on estimated model parameters... 6.831 sec
Computing BIONJ tree...
0.011 seconds
Log-likelihood of BIONJ tree: -11790.887
--------------------------------------------------------------------
|             INITIALIZING CANDIDATE TREE SET                      |
--------------------------------------------------------------------
Generating 98 parsimony trees... 2.848 second
Computing log-likelihood of 98 initial trees ... 10.572 seconds
Current best score: -11742.543

Do NNI search on 20 best initial trees
Estimate model parameters (epsilon = 0.100)
BETTER TREE FOUND at iteration 1: -11696.168
Estimate model parameters (epsilon = 0.100)
BETTER TREE FOUND at iteration 2: -11692.352
Estimate model parameters (epsilon = 0.100)
BETTER TREE FOUND at iteration 4: -11690.693
Estimate model parameters (epsilon = 0.100)
BETTER TREE FOUND at iteration 8: -11684.485
Iteration 10 / LogL: -11704.065 / Time: 0h:0m:41s
Iteration 20 / LogL: -11697.309 / Time: 0h:0m:56s
Finish initializing candidate tree set (20)
Current best tree score: -11684.485 / CPU time: 44.873
Number of iterations: 20
--------------------------------------------------------------------
|               OPTIMIZING CANDIDATE TREE SET                      |
--------------------------------------------------------------------
Estimate model parameters (epsilon = 0.100)
BETTER TREE FOUND at iteration 25: -11682.963
Estimate model parameters (epsilon = 0.100)
BETTER TREE FOUND at iteration 26: -11680.338
Estimate model parameters (epsilon = 0.100)
BETTER TREE FOUND at iteration 30: -11679.358
Iteration 30 / LogL: -11679.358 / Time: 0h:1m:14s (0h:4m:15s left)
Estimate model parameters (epsilon = 0.100)
BETTER TREE FOUND at iteration 31: -11678.479
Estimate model parameters (epsilon = 0.100)
BETTER TREE FOUND at iteration 33: -11675.100
Iteration 40 / LogL: -11680.638 / Time: 0h:1m:30s (0h:3m:36s left)
Estimate model parameters (epsilon = 0.100)
BETTER TREE FOUND at iteration 43: -11674.036
Estimate model parameters (epsilon = 0.100)
BETTER TREE FOUND at iteration 44: -11671.658
Estimate model parameters (epsilon = 0.100)
BETTER TREE FOUND at iteration 49: -11669.006
Iteration 50 / LogL: -11670.979 / Time: 0h:1m:48s (0h:3m:39s left)
Log-likelihood cutoff on original alignment: -11748.257
UFBoot trees printed to /mnt/ivy/thliao/project/AOB/analysis/20210713_repeat/add_Chromatiaces/phy_files/P39_prot/withEuk/NP_043257.1.ufboot
Iteration 60 / LogL: -11672.189 / Time: 0h:2m:7s (0h:3m:12s left)
Estimate model parameters (epsilon = 0.100)
BETTER TREE FOUND at iteration 69: -11668.922
Iteration 70 / LogL: -11674.286 / Time: 0h:2m:26s (0h:3m:29s left)
Iteration 80 / LogL: -11676.991 / Time: 0h:2m:43s (0h:3m:3s left)
Estimate model parameters (epsilon = 0.100)
BETTER TREE FOUND at iteration 84: -11668.837
Estimate model parameters (epsilon = 0.100)
BETTER TREE FOUND at iteration 85: -11667.225
Iteration 90 / LogL: -11672.403 / Time: 0h:3m:0s (0h:3m:12s left)
Iteration 100 / LogL: -11683.180 / Time: 0h:3m:17s (0h:2m:49s left)
Log-likelihood cutoff on original alignment: -11748.257
NOTE: Bootstrap correlation coefficient of split occurrence frequencies: 0.991
UFBoot trees printed to /mnt/ivy/thliao/project/AOB/analysis/20210713_repeat/add_Chromatiaces/phy_files/P39_prot/withEuk/NP_043257.1.ufboot
Estimate model parameters (epsilon = 0.100)
BETTER TREE FOUND at iteration 105: -11667.125
Iteration 110 / LogL: -11669.384 / Time: 0h:3m:35s (0h:3m:8s left)
Iteration 120 / LogL: -11677.223 / Time: 0h:3m:53s (0h:2m:46s left)
Iteration 130 / LogL: -11671.047 / Time: 0h:4m:10s (0h:2m:25s left)
Estimate model parameters (epsilon = 0.100)
BETTER TREE FOUND at iteration 135: -11666.614
Iteration 140 / LogL: -11667.193 / Time: 0h:4m:26s (0h:3m:1s left)
Iteration 150 / LogL: -11670.078 / Time: 0h:4m:43s (0h:2m:41s left)
Log-likelihood cutoff on original alignment: -11738.950
UFBoot trees printed to /mnt/ivy/thliao/project/AOB/analysis/20210713_repeat/add_Chromatiaces/phy_files/P39_prot/withEuk/NP_043257.1.ufboot
Iteration 160 / LogL: -11672.579 / Time: 0h:4m:59s (0h:2m:21s left)
Iteration 170 / LogL: -11668.250 / Time: 0h:5m:16s (0h:2m:1s left)
Estimate model parameters (epsilon = 0.100)
BETTER TREE FOUND at iteration 176: -11666.091
Estimate model parameters (epsilon = 0.100)
BETTER TREE FOUND at iteration 179: -11665.951
Iteration 180 / LogL: -11677.572 / Time: 0h:5m:32s (0h:3m:3s left)
Iteration 190 / LogL: -11691.503 / Time: 0h:5m:47s (0h:2m:43s left)
Iteration 200 / LogL: -11680.680 / Time: 0h:6m:4s (0h:2m:24s left)
Log-likelihood cutoff on original alignment: -11738.950
NOTE: Bootstrap correlation coefficient of split occurrence frequencies: 0.996
UFBoot trees printed to /mnt/ivy/thliao/project/AOB/analysis/20210713_repeat/add_Chromatiaces/phy_files/P39_prot/withEuk/NP_043257.1.ufboot
Estimate model parameters (epsilon = 0.100)
BETTER TREE FOUND at iteration 202: -11665.891
Iteration 210 / LogL: -11666.310 / Time: 0h:6m:23s (0h:2m:48s left)
Iteration 220 / LogL: -11666.910 / Time: 0h:6m:40s (0h:2m:29s left)
Iteration 230 / LogL: -11692.774 / Time: 0h:6m:57s (0h:2m:11s left)
Iteration 240 / LogL: -11668.698 / Time: 0h:7m:16s (0h:1m:53s left)
Iteration 250 / LogL: -11679.962 / Time: 0h:7m:31s (0h:1m:34s left)
Log-likelihood cutoff on original alignment: -11738.950
UFBoot trees printed to /mnt/ivy/thliao/project/AOB/analysis/20210713_repeat/add_Chromatiaces/phy_files/P39_prot/withEuk/NP_043257.1.ufboot
Estimate model parameters (epsilon = 0.100)
BETTER TREE FOUND at iteration 256: -11665.689
Iteration 260 / LogL: -11670.733 / Time: 0h:7m:49s (0h:2m:53s left)
Iteration 270 / LogL: -11673.613 / Time: 0h:8m:6s (0h:2m:35s left)
Iteration 280 / LogL: -11666.300 / Time: 0h:8m:23s (0h:2m:17s left)
Iteration 290 / LogL: -11668.956 / Time: 0h:8m:40s (0h:1m:58s left)
Iteration 300 / LogL: -11674.350 / Time: 0h:8m:56s (0h:1m:40s left)
Log-likelihood cutoff on original alignment: -11738.950
NOTE: Bootstrap correlation coefficient of split occurrence frequencies: 0.996
UFBoot trees printed to /mnt/ivy/thliao/project/AOB/analysis/20210713_repeat/add_Chromatiaces/phy_files/P39_prot/withEuk/NP_043257.1.ufboot
Iteration 310 / LogL: -11669.238 / Time: 0h:9m:16s (0h:2m:41s left)
Iteration 320 / LogL: -11674.383 / Time: 0h:9m:32s (0h:2m:23s left)
Iteration 330 / LogL: -11669.491 / Time: 0h:9m:48s (0h:2m:5s left)
Iteration 340 / LogL: -11672.075 / Time: 0h:10m:4s (0h:1m:47s left)
Iteration 350 / LogL: -11669.319 / Time: 0h:10m:22s (0h:1m:29s left)
Log-likelihood cutoff on original alignment: -11738.950
UFBoot trees printed to /mnt/ivy/thliao/project/AOB/analysis/20210713_repeat/add_Chromatiaces/phy_files/P39_prot/withEuk/NP_043257.1.ufboot
TREE SEARCH COMPLETED AFTER 357 ITERATIONS / Time: 0h:10m:35s

--------------------------------------------------------------------
|                    FINALIZING TREE SEARCH                        |
--------------------------------------------------------------------
Performs final model parameters optimization
Estimate model parameters (epsilon = 0.010)
1. Initial log-likelihood: -11665.689
Optimal log-likelihood: -11665.688
Proportion of invariable sites: 0.028
Gamma shape alpha: 0.859
Parameters optimization took 1 rounds (0.181 sec)
BEST SCORE FOUND : -11665.688
Creating bootstrap support values...
Split supports printed to NEXUS file /mnt/ivy/thliao/project/AOB/analysis/20210713_repeat/add_Chromatiaces/phy_files/P39_prot/withEuk/NP_043257.1.splits.nex
Total tree length: 30.217

Total number of iterations: 357
CPU time used for tree search: 1225.812 sec (0h:20m:25s)
Wall-clock time used for tree search: 622.454 sec (0h:10m:22s)
Total CPU time used: 1252.182 sec (0h:20m:52s)
Total wall-clock time used: 635.814 sec (0h:10m:35s)
UFBoot trees printed to /mnt/ivy/thliao/project/AOB/analysis/20210713_repeat/add_Chromatiaces/phy_files/P39_prot/withEuk/NP_043257.1.ufboot

Computing bootstrap consensus tree...
Reading input file /mnt/ivy/thliao/project/AOB/analysis/20210713_repeat/add_Chromatiaces/phy_files/P39_prot/withEuk/NP_043257.1.splits.nex...
132 taxa and 1026 splits.
Consensus tree written to /mnt/ivy/thliao/project/AOB/analysis/20210713_repeat/add_Chromatiaces/phy_files/P39_prot/withEuk/NP_043257.1.contree
Reading input trees file /mnt/ivy/thliao/project/AOB/analysis/20210713_repeat/add_Chromatiaces/phy_files/P39_prot/withEuk/NP_043257.1.contree
Log-likelihood of consensus tree: -11667.010

Analysis results written to: 
  IQ-TREE report:                /mnt/ivy/thliao/project/AOB/analysis/20210713_repeat/add_Chromatiaces/phy_files/P39_prot/withEuk/NP_043257.1.iqtree
  Maximum-likelihood tree:       /mnt/ivy/thliao/project/AOB/analysis/20210713_repeat/add_Chromatiaces/phy_files/P39_prot/withEuk/NP_043257.1.treefile
  Likelihood distances:          /mnt/ivy/thliao/project/AOB/analysis/20210713_repeat/add_Chromatiaces/phy_files/P39_prot/withEuk/NP_043257.1.mldist

Ultrafast bootstrap approximation results written to:
  Split support values:          /mnt/ivy/thliao/project/AOB/analysis/20210713_repeat/add_Chromatiaces/phy_files/P39_prot/withEuk/NP_043257.1.splits.nex
  Consensus tree:                /mnt/ivy/thliao/project/AOB/analysis/20210713_repeat/add_Chromatiaces/phy_files/P39_prot/withEuk/NP_043257.1.contree
  UFBoot trees:                  /mnt/ivy/thliao/project/AOB/analysis/20210713_repeat/add_Chromatiaces/phy_files/P39_prot/withEuk/NP_043257.1.ufboot
  Screen log file:               /mnt/ivy/thliao/project/AOB/analysis/20210713_repeat/add_Chromatiaces/phy_files/P39_prot/withEuk/NP_043257.1.log

Date and Time: Mon Dec 12 09:58:36 2022
