IQ-TREE multicore version 1.6.12 for Linux 64-bit built Aug 15 2019
Developed by Bui Quang Minh, Nguyen Lam Tung, Olga Chernomor,
Heiko Schmidt, Dominik Schrempf, Michael Woodhams.

Host:    cl002 (AVX2, FMA3, 251 GB RAM)
Command: iqtree -nt 2 -redo -wbtl -bb 1000 -pre /mnt/ivy/thliao/project/AOB/analysis/20210713_repeat/add_Chromatiaces/phy_files/P39_prot/withEuk/NP_043209.1 -s /mnt/ivy/thliao/project/AOB/analysis/20210713_repeat/add_Chromatiaces/phy_files/P39_prot/withEuk/NP_043209.1.aln
Seed:    526417 (Using SPRNG - Scalable Parallel Random Number Generator)
Time:    Mon Dec 12 09:37:26 2022
Kernel:  AVX+FMA - 2 threads (64 CPU cores detected)

Reading alignment file /mnt/ivy/thliao/project/AOB/analysis/20210713_repeat/add_Chromatiaces/phy_files/P39_prot/withEuk/NP_043209.1.aln ... Fasta format detected
Alignment most likely contains protein sequences
Alignment has 136 sequences with 173 columns, 149 distinct patterns
81 parsimony-informative, 24 singleton sites, 68 constant sites
                            Gap/Ambiguity  Composition  p-value
   1  Arabidopsis_thaliana         28.90%    passed     99.97%
   2  Chondrus_crispus             28.32%    passed    100.00%
   3  Cyanidioschyzon_merolae      29.48%    passed     99.99%
   4  Cyanophora_paradoxa          28.32%    passed    100.00%
   5  Cyanoptyche_gloeocystis      28.90%    passed     99.97%
   6  Galdieria_sulphuraria        28.32%    passed     99.73%
   7  Gloeochaete_wittrockiana     28.90%    passed     99.95%
   8  Klebsormidium_nitens         28.90%    passed     98.70%
   9  Mesotaenium_endlicherianum   28.90%    passed     99.82%
  10  NC_000926.1                  28.90%    passed     99.99%
  11  NC_002186.1                  29.48%    passed    100.00%
  12  NC_005353.1                  23.12%    passed     99.98%
  13  NC_007288.1                  27.75%    passed     99.84%
  14  NC_008588.1                  27.17%    passed    100.00%
  15  NC_008589.1                  28.32%    passed    100.00%
  16  NC_010654.1                  24.86%    failed      0.00%
  17  NC_012898.1                  28.32%    passed    100.00%
  18  NC_016703.2                  28.32%    passed     99.98%
  19  NC_016732.1                  25.43%    passed     99.53%
  20  NC_020371.1                  28.32%    passed     99.98%
  21  NC_049168.1                  27.75%    passed     99.98%
  22  Oltmannsiellopsis_viridis    27.75%    passed     99.91%
  23  Oryza_sativa                 30.64%    passed     97.99%
  24  Ostreococcus_tauri           28.32%    passed     99.93%
  25  Palmophyllum_crassum         28.90%    passed     99.96%
  26  Pedinomonas_tuberculata      28.32%    passed    100.00%
  27  Physcomitrium_patens         28.90%    passed     99.94%
  28  Picocystis_salinarum         28.32%    passed     99.96%
  29  Porphyra_umbilicalis         28.32%    passed    100.00%
  30  Porphyridium_purpureum       28.32%    passed    100.00%
  31  Prasinoderma_coloniale       29.48%    passed     97.26%
  32  Tetradesmus_obliquus         24.86%    passed     95.90%
  33  Tupiella_akineta             27.75%    passed     99.93%
  34  GCA_000473895.1              28.32%    passed     99.98%
  35  GCA_015709615.1              27.75%    passed     99.99%
  36  GCA_000024725.1              28.32%    passed    100.00%
  37  GCA_013697045.1              28.32%    passed    100.00%
  38  GCA_900107585.1              28.90%    passed     99.97%
  39  GCA_014859375.1              28.32%    passed    100.00%
  40  GCA_015272465.1              19.65%    passed     99.78%
  41  GCA_002356115.1              28.32%    passed     99.95%
  42  GCA_009833095.1              27.75%    passed    100.00%
  43  GCA_001747005.1              28.32%    passed    100.00%
  44  GCA_000469665.2              28.90%    passed     99.86%
  45  GCA_002109495.1              28.90%    passed     99.78%
  46  GCA_001458735.1              28.90%    passed     99.99%
  47  GCA_000952155.1              27.75%    passed     99.95%
  48  GCA_000317495.1              28.90%    passed    100.00%
  49  GCA_000317515.1              27.75%    passed     99.99%
  50  GCA_007197755.1              28.90%    passed     99.74%
  51  GCA_001187785.1              28.32%    passed     99.91%
  52  GCA_003719295.1              28.90%    passed     99.96%
  53  GCA_000314005.1              28.32%    passed    100.00%
  54  GCA_004168365.1              27.75%    passed     99.82%
  55  GCA_003015105.1              28.32%    passed     99.97%
  56  GCA_902810445.1              28.32%    passed    100.00%
  57  GCA_001697225.1              28.32%    passed     99.94%
  58  GCA_002868715.1              28.90%    passed    100.00%
  59  GCA_003532895.1              28.32%    passed     99.89%
  60  GCA_002218085.1              26.59%    passed     99.84%
  61  GCA_003015145.1              28.32%    passed     66.62%
  62  GCA_008189685.1              26.59%    passed     76.16%
  63  GCA_003551305.1              28.90%    passed     99.99%
  64  GCA_902500715.1              28.90%    passed    100.00%
  65  GCA_004684205.1              28.32%    passed     99.97%
  66  GCA_001828295.1              28.90%    passed     97.99%
  67  GCA_000949635.1              28.90%    passed     97.75%
  68  GCA_001644685.1              28.32%    passed     99.99%
  69  GCA_013141375.1              28.32%    passed     99.38%
  70  GCA_000760695.4              27.75%    passed     99.93%
  71  GCA_017879665.1              28.90%    passed     99.98%
  72  GCA_001772005.1              27.75%    passed     99.99%
  73  GCA_000332035.1              28.90%    passed     99.94%
  74  GCA_016788925.1              28.90%    passed    100.00%
  75  GCA_000740735.1              28.32%    passed     99.94%
  76  GCA_000934545.1              27.75%    passed    100.00%
  77  GCA_001458695.1              28.90%    passed     99.93%
  78  GCA_016207025.1              28.90%    passed    100.00%
  79  GCA_900119825.1              28.32%    passed    100.00%
  80  GCA_003534995.1              28.90%    passed     99.90%
  81  GCA_015709635.1              27.75%    passed     99.99%
  82  GCA_006496635.1              35.26%    passed     99.98%
  83  GCA_000011385.1              21.97%    passed     99.25%
  84  GCA_001828545.1              28.90%    passed     99.08%
  85  GCA_005877815.1              26.59%    passed     99.75%
  86  GCA_000263335.1              28.32%    passed    100.00%
  87  GCA_018655245.1              27.75%    passed     99.99%
  88  GCA_007992375.1              13.29%    passed     99.97%
  89  GCA_001890765.1              28.32%    passed    100.00%
  90  GCA_003149345.1              24.86%    passed     94.90%
  91  GCA_001828535.1              28.90%    passed     93.97%
  92  GCA_004421105.1              28.32%    passed    100.00%
  93  GCA_002083815.1              22.54%    passed     99.97%
  94  GCA_003576955.1              36.99%    passed    100.00%
  95  GCA_003851125.1              13.29%    passed     99.91%
  96  GCA_010027455.1              27.75%    passed     99.98%
  97  GCA_001803795.1              28.90%    passed     99.93%
  98  GCA_003003885.1              26.59%    passed     99.94%
  99  GCA_004282745.1              29.48%    passed     97.82%
 100  GCA_000214665.1              28.32%    passed     99.99%
 101  GCA_002072955.1              28.32%    passed     99.75%
 102  GCA_016873455.1              28.90%    passed     99.94%
 103  GCA_001870225.1              16.18%    passed     99.98%
 104  GCA_013140535.1              28.90%    passed     99.99%
 105  GCA_000948975.1              28.32%    passed     99.98%
 106  GCA_001566965.1              28.32%    passed     99.98%
 107  GCA_000264455.2              28.90%    passed     99.98%
 108  GCA_000317535.1              26.59%    passed     99.99%
 109  GCA_006385135.1              28.90%    passed     99.83%
 110  GCA_001267195.1              28.90%    passed     99.98%
 111  GCA_000014865.1              28.90%    passed     99.97%
 112  GCA_002355455.1              27.75%    passed     99.98%
 113  GCA_002162035.1              27.75%    passed    100.00%
 114  GCA_001881495.1              27.75%    passed     98.91%
 115  GCA_000317575.1              27.75%    passed     99.98%
 116  GCA_000380225.1              28.32%    passed     99.96%
 117  GCA_003258315.1              28.90%    passed    100.00%
 118  GCA_016592635.1              28.32%    passed     99.92%
 119  GCA_902459485.1              28.32%    passed    100.00%
 120  GCA_001904725.1              26.01%    passed     99.96%
 121  GCA_000013225.1              21.97%    passed     97.44%
 122  GCA_900110495.1              27.75%    passed     99.97%
 123  GCA_000346485.2              27.75%    passed     99.93%
 124  GCA_003644325.1              28.90%    passed     98.80%
 125  GCA_004195045.1              28.90%    passed     99.96%
 126  GCA_013521015.1              27.75%    passed     99.90%
 127  GCA_002924445.1              28.90%    passed     99.97%
 128  GCA_005524015.1              28.90%    passed     99.98%
 129  GCA_000332275.1              28.32%    passed    100.00%
 130  GCA_002007425.1              28.32%    passed    100.00%
 131  GCA_016708925.1              27.75%    passed     99.82%
 132  GCA_000828615.1              28.32%    passed     99.34%
 133  GCA_000228725.3              28.32%    passed     99.89%
 134  GCA_000379525.1              28.32%    passed     99.95%
 135  GCA_001007875.1              28.32%    passed     99.99%
 136  GCA_001469165.1              28.32%    passed     99.98%
****  TOTAL                        27.83%  1 sequences failed composition chi2 test (p-value<5%; df=19)
NOTE: GCA_015709635.1 is identical to GCA_015709615.1 but kept for subsequent analysis
NOTE: GCA_004421105.1 is identical to GCA_000024725.1 but kept for subsequent analysis
NOTE: GCA_016788925.1 is identical to GCA_902500715.1 but kept for subsequent analysis
NOTE: GCA_000214665.1 is identical to GCA_001644685.1 but kept for subsequent analysis
NOTE: GCA_000346485.2 is identical to GCA_000760695.4 but kept for subsequent analysis
NOTE: GCA_000317575.1 is identical to GCA_002355455.1 but kept for subsequent analysis


Create initial parsimony tree by phylogenetic likelihood library (PLL)... 0.036 seconds
NOTE: ModelFinder requires 36 MB RAM!
ModelFinder will test 546 protein models (sample size: 173) ...
 No. Model         -LnL         df  AIC          AICc         BIC
  1  Dayhoff       8022.141     269 16582.282    161842.282   17430.517
  2  Dayhoff+I     7670.249     270 15880.499    162220.499   16731.887
  3  Dayhoff+G4    7040.769     270 14621.537    160961.537   15472.926
  4  Dayhoff+I+G4  7014.087     271 14570.173    161994.173   15424.715
  5  Dayhoff+R2    7219.005     271 14980.010    162404.010   15834.552
  6  Dayhoff+R3    7071.504     273 14689.009    164293.009   15549.858
  7  Dayhoff+R4    7041.306     275 14632.612    166432.612   15499.767
  8  Dayhoff+R5    7031.636     277 14617.271    168629.271   15490.733
  9  Dayhoff+R6    7024.776     279 14607.552    170847.552   15487.320
 10  Dayhoff+R7    7020.451     281 14602.902    173086.902   15488.977
 14  Dayhoff+F     8001.045     288 16578.090    183042.090   17486.238
 15  Dayhoff+F+I   7667.171     289 15912.343    183532.343   16823.644
 16  Dayhoff+F+G4  7058.794     289 14695.587    182315.587   15606.888
 17  Dayhoff+F+I+G4 7033.752     290 14647.505    183427.505   15561.959
 18  Dayhoff+F+R2  7223.504     290 15027.008    183807.008   15941.463
 19  Dayhoff+F+R3  7079.865     292 14743.730    185855.730   15664.491
 20  Dayhoff+F+R4  7057.209     294 14702.418    188162.418   15629.486
 21  Dayhoff+F+R5  7048.112     296 14688.223    190512.223   15621.598
 22  Dayhoff+F+R6  7041.378     298 14678.756    192882.756   15618.437
 23  Dayhoff+F+R7  7034.536     300 14669.071    195269.071   15615.059
 24  Dayhoff+F+R8  7028.862     302 14661.725    197673.725   15614.019
 25  Dayhoff+F+R9  7026.171     304 14660.341    200100.341   15618.942
 27  mtMAM         9270.094     269 19078.189    164338.189   19926.424
 28  mtMAM+I       8993.004     270 18526.008    164866.008   19377.397
 29  mtMAM+G4      7716.925     270 15973.850    162313.850   16825.238
 30  mtMAM+I+G4    7708.900     271 15959.801    163383.801   16814.343
 31  mtMAM+R2      8008.472     271 16558.943    163982.943   17413.485
 32  mtMAM+R3      7803.052     273 16152.104    165756.104   17012.953
 33  mtMAM+R4      7795.250     275 16140.500    167940.500   17007.655
 34  mtMAM+R5      7766.461     277 16086.923    170098.923   16960.384
 35  mtMAM+R6      7746.533     279 16051.065    172291.065   16930.834
 36  mtMAM+R7      7734.389     281 16030.777    174514.777   16916.852
 37  mtMAM+R8      7720.376     283 16006.752    176750.752   16899.133
 38  mtMAM+R9      7713.359     285 15996.719    179016.719   16895.407
 39  mtMAM+R10     7713.142     287 16000.284    181312.284   16905.279
 40  mtMAM+F       8681.015     288 17938.030    184402.030   18846.178
 41  mtMAM+F+I     8327.372     289 17232.744    184852.744   18144.045
 42  mtMAM+F+G4    7339.759     289 15257.517    182877.517   16168.819
 43  mtMAM+F+I+G4  7324.973     290 15229.946    184009.946   16144.400
 44  mtMAM+F+R2    7558.534     290 15697.068    184477.068   16611.522
 45  mtMAM+F+R3    7389.713     292 15363.426    186475.426   16284.187
 46  mtMAM+F+R4    7383.331     294 15354.663    188814.663   16281.730
 47  mtMAM+F+R5    7356.760     296 15305.520    191129.520   16238.894
 48  mtMAM+F+R6    7336.567     298 15269.134    193473.134   16208.815
 49  mtMAM+F+R7    7327.006     300 15254.012    195854.012   16199.999
 50  mtMAM+F+R8    7316.305     302 15236.611    198248.611   16188.905
 51  mtMAM+F+R9    7311.384     304 15230.768    200670.768   16189.369
 53  JTT           8062.308     269 16662.616    161922.616   17510.851
 54  JTT+I         7728.084     270 15996.168    162336.168   16847.557
 55  JTT+G4        7056.960     270 14653.919    160993.919   15505.308
 56  JTT+I+G4      7042.025     271 14626.049    162050.049   15480.591
 57  JTT+R2        7239.145     271 15020.289    162444.289   15874.831
 58  JTT+R3        7075.965     273 14697.929    164301.929   15558.778
 59  JTT+R4        7054.820     275 14659.639    166459.639   15526.795
 60  JTT+R5        7052.026     277 14658.051    168670.051   15531.513
 66  JTT+F         8099.061     288 16774.121    183238.121   17682.269
 67  JTT+F+I       7759.633     289 16097.266    183717.266   17008.568
 68  JTT+F+G4      7112.923     289 14803.846    182423.846   15715.147
 69  JTT+F+I+G4    7096.951     290 14773.902    183553.902   15688.357
 70  JTT+F+R2      7293.787     290 15167.573    183947.573   16082.028
 71  JTT+F+R3      7135.169     292 14854.337    185966.337   15775.099
 72  JTT+F+R4      7113.694     294 14815.389    188275.389   15742.456
 73  JTT+F+R5      7110.767     296 14813.535    190637.535   15746.909
 79  WAG           7972.292     269 16482.585    161742.585   17330.820
 80  WAG+I         7647.387     270 15834.774    162174.774   16686.163
 81  WAG+G4        7033.711     270 14607.422    160947.422   15458.811
 82  WAG+I+G4      7024.825     271 14591.651    162015.651   15446.193
 83  WAG+R2        7198.589     271 14939.177    162363.177   15793.719
 84  WAG+R3        7051.727     273 14649.454    164253.454   15510.302
 85  WAG+R4        7030.051     275 14610.102    166410.102   15477.257
 86  WAG+R5        7028.666     277 14611.332    168623.332   15484.793
 92  WAG+F         7991.922     288 16559.844    183023.844   17467.992
 93  WAG+F+I       7670.372     289 15918.744    183538.744   16830.045
 94  WAG+F+G4      7065.813     289 14709.627    182329.627   15620.928
 95  WAG+F+I+G4    7055.574     290 14691.148    183471.148   15605.602
 96  WAG+F+R2      7225.525     290 15031.051    183811.051   15945.505
 97  WAG+F+R3      7085.145     292 14754.290    185866.290   15675.051
 98  WAG+F+R4      7064.903     294 14717.807    188177.807   15644.874
 99  WAG+F+R5      7063.209     296 14718.418    190542.418   15651.792
105  cpREV         7994.549     269 16527.097    161787.097   17375.333
106  cpREV+I       7708.210     270 15956.419    162296.419   16807.808
107  cpREV+G4      7074.656     270 14689.312    161029.312   15540.700
108  cpREV+I+G4    7076.792     271 14695.585    162119.585   15550.127
109  cpREV+R2      7227.974     271 14997.948    162421.948   15852.490
110  cpREV+R3      7089.613     273 14725.226    164329.226   15586.075
111  cpREV+R4      7073.375     275 14696.750    166496.750   15563.905
112  cpREV+R5      7070.947     277 14695.895    168707.895   15569.356
118  cpREV+F       8049.970     288 16675.939    183139.939   17584.087
119  cpREV+F+I     7746.039     289 16070.078    183690.078   16981.380
120  cpREV+F+G4    7119.428     289 14816.857    182436.857   15728.158
121  cpREV+F+I+G4  7115.899     290 14811.799    183591.799   15726.253
122  cpREV+F+R2    7277.292     290 15134.584    183914.584   16049.038
123  cpREV+F+R3    7136.099     292 14856.198    185968.198   15776.959
124  cpREV+F+R4    7121.721     294 14831.442    188291.442   15758.510
125  cpREV+F+R5    7117.395     296 14826.791    190650.791   15760.165
131  mtREV         8631.792     269 17801.584    163061.584   18649.819
132  mtREV+I       8365.411     270 17270.822    163610.822   18122.211
133  mtREV+G4      7511.044     270 15562.088    161902.088   16413.477
134  mtREV+I+G4    7490.181     271 15522.362    162946.362   16376.904
135  mtREV+R2      7683.477     271 15908.953    163332.953   16763.495
136  mtREV+R3      7532.432     273 15610.863    165214.863   16471.712
137  mtREV+R4      7510.691     275 15571.382    167371.382   16438.537
138  mtREV+R5      7506.537     277 15567.073    169579.073   16440.535
144  mtREV+F       8189.628     288 16955.257    183419.257   17863.405
145  mtREV+F+I     7877.288     289 16332.575    183952.575   17243.876
146  mtREV+F+G4    7153.827     289 14885.655    182505.655   15796.956
147  mtREV+F+I+G4  7141.991     290 14863.983    183643.983   15778.438
148  mtREV+F+R2    7311.464     290 15202.927    183982.927   16117.382
149  mtREV+F+R3    7175.844     292 14935.687    186047.687   15856.448
150  mtREV+F+R4    7154.666     294 14897.333    188357.333   15824.401
151  mtREV+F+R5    7151.497     296 14894.995    190718.995   15828.369
157  rtREV         8081.590     269 16701.180    161961.180   17549.415
158  rtREV+I       7754.013     270 16048.027    162388.027   16899.415
159  rtREV+G4      7071.100     270 14682.201    161022.201   15533.589
160  rtREV+I+G4    7050.115     271 14642.231    162066.231   15496.773
161  rtREV+R2      7233.061     271 15008.122    162432.122   15862.664
162  rtREV+R3      7088.146     273 14722.292    164326.292   15583.141
163  rtREV+R4      7057.328     275 14664.656    166464.656   15531.811
164  rtREV+R5      7056.432     277 14666.863    168678.863   15540.325
170  rtREV+F       8059.029     288 16694.058    183158.058   17602.206
171  rtREV+F+I     7738.891     289 16055.782    183675.782   16967.083
172  rtREV+F+G4    7094.655     289 14767.309    182387.309   15678.611
173  rtREV+F+I+G4  7068.307     290 14716.613    183496.613   15631.068
174  rtREV+F+R2    7247.886     290 15075.772    183855.772   15990.227
175  rtREV+F+R3    7113.500     292 14811.000    185923.000   15731.762
176  rtREV+F+R4    7080.253     294 14748.507    188208.507   15675.575
177  rtREV+F+R5    7079.440     296 14750.880    190574.880   15684.255
183  mtART         8879.847     269 18297.694    163557.694   19145.929
184  mtART+I       8604.649     270 17749.299    164089.299   18600.687
185  mtART+G4      7467.580     270 15475.159    161815.159   16326.548
186  mtART+I+G4    7458.200     271 15458.400    162882.400   16312.942
187  mtART+R2      7711.722     271 15965.443    163389.443   16819.985
188  mtART+R3      7516.598     273 15579.196    165183.196   16440.045
189  mtART+R4      7495.553     275 15541.106    167341.106   16408.261
190  mtART+R5      7493.120     277 15540.240    169552.240   16413.702
196  mtART+F       8335.679     288 17247.357    183711.357   18155.505
197  mtART+F+I     8044.172     289 16666.345    184286.345   17577.646
198  mtART+F+G4    7180.684     289 14939.368    182559.368   15850.670
199  mtART+F+I+G4  7149.865     290 14879.730    183659.730   15794.185
200  mtART+F+R2    7339.671     290 15259.343    184039.343   16173.797
201  mtART+F+R3    7199.985     292 14983.971    186095.971   15904.732
202  mtART+F+R4    7171.481     294 14930.963    188390.963   15858.031
203  mtART+F+R5    7167.176     296 14926.352    190750.352   15859.726
209  mtZOA         8562.123     269 17662.247    162922.247   18510.482
210  mtZOA+I       8295.239     270 17130.478    163470.478   17981.866
211  mtZOA+G4      7287.125     270 15114.250    161454.250   15965.639
212  mtZOA+I+G4    7277.510     271 15097.020    162521.020   15951.562
213  mtZOA+R2      7494.707     271 15531.415    162955.415   16385.957
214  mtZOA+R3      7328.777     273 15203.553    164807.553   16064.402
215  mtZOA+R4      7309.113     275 15168.226    166968.226   16035.381
216  mtZOA+R5      7306.119     277 15166.238    169178.238   16039.699
222  mtZOA+F       8152.243     288 16880.487    183344.487   17788.635
223  mtZOA+F+I     7858.657     289 16295.315    183915.315   17206.616
224  mtZOA+F+G4    7092.148     289 14762.296    182382.296   15673.597
225  mtZOA+F+I+G4  7074.893     290 14729.786    183509.786   15644.240
226  mtZOA+F+R2    7254.541     290 15089.082    183869.082   16003.537
227  mtZOA+F+R3    7112.386     292 14808.772    185920.772   15729.533
228  mtZOA+F+R4    7089.018     294 14766.036    188226.036   15693.103
229  mtZOA+F+R5    7084.714     296 14761.429    190585.429   15694.803
235  VT            7990.254     269 16518.508    161778.508   17366.744
236  VT+I          7670.991     270 15881.981    162221.981   16733.370
237  VT+G4         7049.623     270 14639.245    160979.245   15490.634
238  VT+I+G4       7043.726     271 14629.452    162053.452   15483.994
239  VT+R2         7218.709     271 14979.418    162403.418   15833.960
240  VT+R3         7066.323     273 14678.646    164282.646   15539.494
241  VT+R4         7041.748     275 14633.496    166433.496   15500.651
242  VT+R5         7040.400     277 14634.800    168646.800   15508.262
248  VT+F          8001.625     288 16579.249    183043.249   17487.397
249  VT+F+I        7679.843     289 15937.686    183557.686   16848.987
250  VT+F+G4       7079.809     289 14737.618    182357.618   15648.919
251  VT+F+I+G4     7069.507     290 14719.014    183499.014   15633.469
252  VT+F+R2       7243.682     290 15067.364    183847.364   15981.819
253  VT+F+R3       7098.446     292 14780.891    185892.891   15701.652
254  VT+F+R4       7072.875     294 14733.750    188193.750   15660.818
255  VT+F+R5       7071.317     296 14734.633    190558.633   15668.008
261  LG            8021.226     269 16580.451    161840.451   17428.687
262  LG+I          7698.581     270 15937.162    162277.162   16788.551
263  LG+G4         7020.336     270 14580.673    160920.673   15432.061
264  LG+I+G4       7004.958     271 14551.916    161975.916   15406.458
265  LG+R2         7186.142     271 14914.285    162338.285   15768.827
266  LG+R3         7036.540     273 14619.080    164223.080   15479.928
267  LG+R4         7008.668     275 14567.336    166367.336   15434.491
268  LG+R5         7007.006     277 14568.012    168580.012   15441.474
274  LG+F          8024.749     288 16625.497    183089.497   17533.645
275  LG+F+I        7705.725     289 15989.449    183609.449   16900.751
276  LG+F+G4       7063.206     289 14704.412    182324.412   15615.714
277  LG+F+I+G4     7039.536     290 14659.072    183439.072   15573.526
278  LG+F+R2       7222.600     290 15025.199    183805.199   15939.654
279  LG+F+R3       7081.684     292 14747.369    185859.369   15668.130
280  LG+F+R4       7050.674     294 14689.347    188149.347   15616.415
281  LG+F+R5       7048.625     296 14689.250    190513.250   15622.624
287  DCMut         8022.099     269 16582.199    161842.199   17430.434
288  DCMut+I       7670.165     270 15880.330    162220.330   16731.719
289  DCMut+G4      7040.957     270 14621.913    160961.913   15473.302
290  DCMut+I+G4    7014.525     271 14571.051    161995.051   15425.593
291  DCMut+R2      7219.025     271 14980.050    162404.050   15834.592
292  DCMut+R3      7063.896     273 14673.792    164277.792   15534.640
293  DCMut+R4      7028.487     275 14606.974    166406.974   15474.130
294  DCMut+R5      7026.404     277 14606.808    168618.808   15480.270
300  DCMut+F       8000.890     288 16577.780    183041.780   17485.928
301  DCMut+F+I     7667.098     289 15912.197    183532.197   16823.498
302  DCMut+F+G4    7058.887     289 14695.775    182315.775   15607.076
303  DCMut+F+I+G4  7033.985     290 14647.971    183427.971   15562.425
304  DCMut+F+R2    7223.605     290 15027.210    183807.210   15941.664
305  DCMut+F+R3    7079.617     292 14743.234    185855.234   15663.995
306  DCMut+F+R4    7045.301     294 14678.602    188138.602   15605.670
307  DCMut+F+R5    7042.731     296 14677.461    190501.461   15610.835
313  PMB           8031.156     269 16600.311    161860.311   17448.547
314  PMB+I         7723.055     270 15986.109    162326.109   16837.498
315  PMB+G4        7103.509     270 14747.018    161087.018   15598.407
316  PMB+I+G4      7098.333     271 14738.666    162162.666   15593.208
317  PMB+R2        7265.620     271 15073.241    162497.241   15927.783
318  PMB+R3        7118.811     273 14783.621    164387.621   15644.470
319  PMB+R4        7095.025     275 14740.050    166540.050   15607.205
320  PMB+R5        7093.907     277 14741.813    168753.813   15615.275
326  PMB+F         8023.325     288 16622.651    183086.651   17530.799
327  PMB+F+I       7710.202     289 15998.405    183618.405   16909.706
328  PMB+F+G4      7110.767     289 14799.533    182419.533   15710.834
329  PMB+F+I+G4    7103.398     290 14786.796    183566.796   15701.251
330  PMB+F+R2      7269.537     290 15119.074    183899.074   16033.528
331  PMB+F+R3      7128.073     292 14840.147    185952.147   15760.908
332  PMB+F+R4      7103.253     294 14794.505    188254.505   15721.573
333  PMB+F+R5      7102.398     296 14796.795    190620.795   15730.169
339  HIVb          8477.848     269 17493.695    162753.695   18341.931
340  HIVb+I        8123.238     270 16786.476    163126.476   17637.865
341  HIVb+G4       7321.848     270 15183.696    161523.696   16035.085
342  HIVb+I+G4     7289.306     271 15120.611    162544.611   15975.153
343  HIVb+R2       7516.210     271 15574.420    162998.420   16428.962
344  HIVb+R3       7338.840     273 15223.681    164827.681   16084.529
345  HIVb+R4       7308.776     275 15167.553    166967.553   16034.708
346  HIVb+R5       7303.173     277 15160.346    169172.346   16033.808
347  HIVb+R6       7298.417     279 15154.835    171394.835   16034.603
352  HIVb+F        8541.345     288 17658.690    184122.690   18566.838
353  HIVb+F+I      8173.453     289 16924.907    184544.907   17836.208
354  HIVb+F+G4     7367.200     289 15312.400    182932.400   16223.702
355  HIVb+F+I+G4   7335.132     290 15250.264    184030.264   16164.718
356  HIVb+F+R2     7584.432     290 15748.865    184528.865   16663.319
357  HIVb+F+R3     7397.264     292 15378.528    186490.528   16299.289
358  HIVb+F+R4     7368.824     294 15325.648    188785.648   16252.716
359  HIVb+F+R5     7363.638     296 15319.275    191143.275   16252.650
360  HIVb+F+R6     7357.294     298 15310.589    193514.589   16250.270
361  HIVb+F+R7     7347.918     300 15295.836    195895.836   16241.823
362  HIVb+F+R8     7337.818     302 15279.635    198291.635   16231.929
363  HIVb+F+R9     7332.909     304 15273.818    200713.818   16232.419
365  HIVw          8736.850     269 18011.699    163271.699   18859.934
366  HIVw+I        8344.152     270 17228.303    163568.303   18079.692
367  HIVw+G4       7544.082     270 15628.164    161968.164   16479.553
368  HIVw+I+G4     7505.789     271 15553.577    162977.577   16408.119
369  HIVw+R2       7756.808     271 16055.615    163479.615   16910.157
370  HIVw+R3       7567.457     273 15680.915    165284.915   16541.763
371  HIVw+R4       7532.133     275 15614.265    167414.265   16481.421
372  HIVw+R5       7528.915     277 15611.830    169623.830   16485.292
378  HIVw+F        8801.306     288 18178.611    184642.611   19086.759
379  HIVw+F+I      8384.525     289 17347.050    184967.050   18258.351
380  HIVw+F+G4     7571.935     289 15721.870    183341.870   16633.171
381  HIVw+F+I+G4   7529.139     290 15638.277    184418.277   16552.732
382  HIVw+F+R2     7807.617     290 16195.234    184975.234   17109.689
383  HIVw+F+R3     7605.314     292 15794.629    186906.629   16715.390
384  HIVw+F+R4     7572.802     294 15733.605    189193.605   16660.672
385  HIVw+F+R5     7568.960     296 15729.921    191553.921   16663.295
391  JTTDCMut      8058.797     269 16655.594    161915.594   17503.829
392  JTTDCMut+I    7724.213     270 15988.427    162328.427   16839.815
393  JTTDCMut+G4   7054.365     270 14648.731    160988.731   15500.119
394  JTTDCMut+I+G4 7039.652     271 14621.304    162045.304   15475.846
395  JTTDCMut+R2   7236.627     271 15015.253    162439.253   15869.795
396  JTTDCMut+R3   7073.202     273 14692.404    164296.404   15553.253
397  JTTDCMut+R4   7046.024     275 14642.048    166442.048   15509.204
398  JTTDCMut+R5   7042.710     277 14639.421    168651.421   15512.882
404  JTTDCMut+F    8096.476     288 16768.952    183232.952   17677.100
405  JTTDCMut+F+I  7757.907     289 16093.815    183713.815   17005.116
406  JTTDCMut+F+G4 7110.854     289 14799.708    182419.708   15711.010
407  JTTDCMut+F+I+G4 7095.312     290 14770.624    183550.624   15685.078
408  JTTDCMut+F+R2 7291.188     290 15162.376    183942.376   16076.830
409  JTTDCMut+F+R3 7132.928     292 14849.856    185961.856   15770.617
410  JTTDCMut+F+R4 7105.064     294 14798.128    188258.128   15725.195
411  JTTDCMut+F+R5 7100.496     296 14792.991    190616.991   15726.366
417  FLU           8231.397     269 17000.794    162260.794   17849.029
418  FLU+I         7905.579     270 16351.157    162691.157   17202.546
419  FLU+G4        7171.291     270 14882.583    161222.583   15733.971
420  FLU+I+G4      7147.716     271 14837.431    162261.431   15691.973
421  FLU+R2        7344.636     271 15231.272    162655.272   16085.814
422  FLU+R3        7187.915     273 14921.830    164525.830   15782.679
423  FLU+R4        7162.749     275 14875.498    166675.498   15742.653
424  FLU+R5        7157.346     277 14868.693    168880.693   15742.155
425  FLU+R6        7153.934     279 14865.868    171105.868   15745.636
430  FLU+F         8363.302     288 17302.604    183766.604   18210.752
431  FLU+F+I       8027.254     289 16632.508    184252.508   17543.809
432  FLU+F+G4      7246.943     289 15071.886    182691.886   15983.187
433  FLU+F+I+G4    7220.461     290 15020.923    183800.923   15935.378
434  FLU+F+R2      7446.671     290 15473.342    184253.342   16387.796
435  FLU+F+R3      7278.341     292 15140.682    186252.682   16061.443
436  FLU+F+R4      7251.916     294 15091.831    188551.831   16018.899
437  FLU+F+R5      7250.291     296 15092.582    190916.582   16025.957
443  Blosum62      8035.570     269 16609.139    161869.139   17457.374
444  Blosum62+I    7725.926     270 15991.853    162331.853   16843.242
445  Blosum62+G4   7103.389     270 14746.778    161086.778   15598.167
446  Blosum62+I+G4 7095.479     271 14732.957    162156.957   15587.500
447  Blosum62+R2   7266.006     271 15074.012    162498.012   15928.554
448  Blosum62+R3   7118.142     273 14782.284    164386.284   15643.133
449  Blosum62+R4   7092.550     275 14735.100    166535.100   15602.255
450  Blosum62+R5   7092.202     277 14738.405    168750.405   15611.867
456  Blosum62+F    8021.815     288 16619.630    183083.630   17527.778
457  Blosum62+F+I  7708.627     289 15995.253    183615.253   16906.554
458  Blosum62+F+G4 7115.455     289 14808.910    182428.910   15720.211
459  Blosum62+F+I+G4 7103.953     290 14787.907    183567.907   15702.361
460  Blosum62+F+R2 7274.315     290 15128.629    183908.629   16043.084
461  Blosum62+F+R3 7133.320     292 14850.641    185962.641   15771.402
462  Blosum62+F+R4 7106.472     294 14800.943    188260.943   15728.011
463  Blosum62+F+R5 7106.092     296 14804.183    190628.183   15737.558
469  mtMet         8669.330     269 17876.661    163136.661   18724.896
470  mtMet+I       8402.163     270 17344.327    163684.327   18195.715
471  mtMet+G4      7436.689     270 15413.378    161753.378   16264.767
472  mtMet+I+G4    7425.380     271 15392.760    162816.760   16247.302
473  mtMet+R2      7659.797     271 15861.594    163285.594   16716.136
474  mtMet+R3      7482.908     273 15511.815    165115.815   16372.664
475  mtMet+R4      7458.455     275 15466.910    167266.910   16334.065
476  mtMet+R5      7454.064     277 15462.127    169474.127   16335.589
482  mtMet+F       8220.593     288 17017.185    183481.185   17925.333
483  mtMet+F+I     7906.012     289 16390.025    184010.025   17301.326
484  mtMet+F+G4    7143.496     289 14864.993    182484.993   15776.294
485  mtMet+F+I+G4  7127.551     290 14835.101    183615.101   15749.556
486  mtMet+F+R2    7322.298     290 15224.595    184004.595   16139.050
487  mtMet+F+R3    7168.593     292 14921.186    186033.186   15841.947
488  mtMet+F+R4    7144.946     294 14877.892    188337.892   15804.959
489  mtMet+F+R5    7137.359     296 14866.718    190690.718   15800.092
490  mtMet+F+R6    7132.054     298 14860.107    193064.107   15799.788
491  mtMet+F+R7    7123.610     300 14847.219    195447.219   15793.207
492  mtMet+F+R8    7117.063     302 14838.127    197850.127   15790.421
493  mtMet+F+R9    7114.250     304 14836.500    200276.500   15795.101
495  mtVer         8959.958     269 18457.915    163717.915   19306.151
496  mtVer+I       8681.703     270 17903.406    164243.406   18754.795
497  mtVer+G4      7601.895     270 15743.790    162083.790   16595.179
498  mtVer+I+G4    7591.984     271 15725.969    163149.969   16580.511
499  mtVer+R2      7842.685     271 16227.371    163651.371   17081.913
500  mtVer+R3      7667.091     273 15880.182    165484.182   16741.030
501  mtVer+R4      7641.452     275 15832.903    167632.903   16700.058
502  mtVer+R5      7636.280     277 15826.559    169838.559   16700.021
503  mtVer+R6      7627.822     279 15813.644    172053.644   16693.413
504  mtVer+R7      7611.157     281 15784.314    174268.314   16670.389
505  mtVer+R8      7598.545     283 15763.091    176507.091   16655.473
506  mtVer+R9      7591.830     285 15753.659    178773.659   16652.347
507  mtVer+R10     7588.137     287 15750.274    181062.274   16655.268
508  mtVer+F       8499.076     288 17574.153    184038.153   18482.301
509  mtVer+F+I     8141.910     289 16861.819    184481.819   17773.121
510  mtVer+F+G4    7304.115     289 15186.229    182806.229   16097.531
511  mtVer+F+I+G4  7277.434     290 15134.868    183914.868   16049.323
512  mtVer+F+R2    7492.058     290 15564.116    184344.116   16478.570
513  mtVer+F+R3    7340.382     292 15264.764    186376.764   16185.525
514  mtVer+F+R4    7312.301     294 15212.601    188672.601   16139.669
515  mtVer+F+R5    7301.469     296 15194.939    191018.939   16128.313
516  mtVer+F+R6    7294.020     298 15184.039    193388.039   16123.720
517  mtVer+F+R7    7280.763     300 15161.525    195761.525   16107.513
518  mtVer+F+R8    7271.084     302 15146.168    198158.168   16098.462
519  mtVer+F+R9    7266.518     304 15141.035    200581.035   16099.636
521  mtInv         8620.523     269 17779.047    163039.047   18627.282
522  mtInv+I       8343.194     270 17226.388    163566.388   18077.777
523  mtInv+G4      7458.316     270 15456.633    161796.633   16308.022
524  mtInv+I+G4    7440.046     271 15422.092    162846.092   16276.634
525  mtInv+R2      7651.821     271 15845.641    163269.641   16700.183
526  mtInv+R3      7487.308     273 15520.615    165124.615   16381.464
527  mtInv+R4      7461.056     275 15472.112    167272.112   16339.267
528  mtInv+R5      7456.946     277 15467.892    169479.892   16341.354
534  mtInv+F       8116.776     288 16809.553    183273.553   17717.701
535  mtInv+F+I     7799.834     289 16177.669    183797.669   17088.970
536  mtInv+F+G4    7099.272     289 14776.545    182396.545   15687.846
537  mtInv+F+I+G4  7080.802     290 14741.605    183521.605   15656.059
538  mtInv+F+R2    7266.115     290 15112.229    183892.229   16026.684
539  mtInv+F+R3    7121.759     292 14827.518    185939.518   15748.279
540  mtInv+F+R4    7093.438     294 14774.877    188234.877   15701.944
541  mtInv+F+R5    7087.971     296 14767.942    190591.942   15701.316
542  mtInv+F+R6    7084.263     298 14764.525    192968.525   15704.206
Akaike Information Criterion:           LG+I+G4
Corrected Akaike Information Criterion: LG+G4
Bayesian Information Criterion:         LG+I+G4
Best-fit model: LG+I+G4 chosen according to BIC

All model information printed to /mnt/ivy/thliao/project/AOB/analysis/20210713_repeat/add_Chromatiaces/phy_files/P39_prot/withEuk/NP_043209.1.model.gz
CPU time for ModelFinder: 1017.800 seconds (0h:16m:57s)
Wall-clock time for ModelFinder: 512.652 seconds (0h:8m:32s)
WARNING: States(s) W rarely appear in alignment and may cause numerical problems
Generating 1000 samples for ultrafast bootstrap (seed: 526417)...

NOTE: 15 MB RAM (0 GB) is required!
Estimate model parameters (epsilon = 0.100)
Thoroughly optimizing +I+G parameters from 10 start values...
Init pinv, alpha: 0.000, 1.000 / Estimate: 0.000, 0.371 / LogL: -7020.321
Init pinv, alpha: 0.044, 1.000 / Estimate: 0.230, 0.738 / LogL: -7004.887
Init pinv, alpha: 0.087, 1.000 / Estimate: 0.229, 0.745 / LogL: -7004.926
Init pinv, alpha: 0.131, 1.000 / Estimate: 0.230, 0.747 / LogL: -7004.937
Init pinv, alpha: 0.175, 1.000 / Estimate: 0.229, 0.750 / LogL: -7004.965
Init pinv, alpha: 0.218, 1.000 / Estimate: 0.231, 0.751 / LogL: -7004.970
Init pinv, alpha: 0.262, 1.000 / Estimate: 0.232, 0.752 / LogL: -7004.972
Init pinv, alpha: 0.306, 1.000 / Estimate: 0.233, 0.752 / LogL: -7004.972
Init pinv, alpha: 0.349, 1.000 / Estimate: 0.234, 0.752 / LogL: -7004.967
Init pinv, alpha: 0.393, 1.000 / Estimate: 0.232, 0.749 / LogL: -7004.942
Optimal pinv,alpha: 0.230, 0.738 / LogL: -7004.887

Parameters optimization took 8.919 sec
Computing ML distances based on estimated model parameters... 7.483 sec
Computing BIONJ tree...
0.022 seconds
Log-likelihood of BIONJ tree: -7020.789
--------------------------------------------------------------------
|             INITIALIZING CANDIDATE TREE SET                      |
--------------------------------------------------------------------
Generating 98 parsimony trees... 4.176 second
Computing log-likelihood of 98 initial trees ... 10.823 seconds
Current best score: -6993.256

Do NNI search on 20 best initial trees
Estimate model parameters (epsilon = 0.100)
BETTER TREE FOUND at iteration 1: -6922.315
Iteration 10 / LogL: -6937.503 / Time: 0h:0m:51s
Iteration 20 / LogL: -6936.872 / Time: 0h:1m:17s
Finish initializing candidate tree set (20)
Current best tree score: -6922.315 / CPU time: 64.507
Number of iterations: 20
--------------------------------------------------------------------
|               OPTIMIZING CANDIDATE TREE SET                      |
--------------------------------------------------------------------
Estimate model parameters (epsilon = 0.100)
BETTER TREE FOUND at iteration 26: -6919.250
Iteration 30 / LogL: -6931.367 / Time: 0h:1m:40s (0h:5m:33s left)
Estimate model parameters (epsilon = 0.100)
BETTER TREE FOUND at iteration 31: -6916.456
Estimate model parameters (epsilon = 0.100)
BETTER TREE FOUND at iteration 33: -6915.458
Estimate model parameters (epsilon = 0.100)
BETTER TREE FOUND at iteration 34: -6911.707
Estimate model parameters (epsilon = 0.100)
BETTER TREE FOUND at iteration 36: -6903.636
Iteration 40 / LogL: -6921.678 / Time: 0h:2m:2s (0h:5m:1s left)
Iteration 50 / LogL: -6918.895 / Time: 0h:2m:24s (0h:4m:13s left)
Log-likelihood cutoff on original alignment: -6978.276
UFBoot trees printed to /mnt/ivy/thliao/project/AOB/analysis/20210713_repeat/add_Chromatiaces/phy_files/P39_prot/withEuk/NP_043209.1.ufboot
Estimate model parameters (epsilon = 0.100)
BETTER TREE FOUND at iteration 52: -6897.378
Iteration 60 / LogL: -6903.527 / Time: 0h:2m:47s (0h:4m:20s left)
Iteration 70 / LogL: -6906.159 / Time: 0h:3m:8s (0h:3m:43s left)
Estimate model parameters (epsilon = 0.100)
BETTER TREE FOUND at iteration 77: -6895.450
Iteration 80 / LogL: -6896.525 / Time: 0h:3m:30s (0h:4m:18s left)
Estimate model parameters (epsilon = 0.100)
BETTER TREE FOUND at iteration 87: -6895.001
Iteration 90 / LogL: -6895.422 / Time: 0h:3m:50s (0h:4m:11s left)
Estimate model parameters (epsilon = 0.100)
BETTER TREE FOUND at iteration 97: -6894.193
Iteration 100 / LogL: -6895.938 / Time: 0h:4m:9s (0h:4m:4s left)
Log-likelihood cutoff on original alignment: -6978.276
NOTE: Bootstrap correlation coefficient of split occurrence frequencies: 0.971
NOTE: UFBoot does not converge, continue at least 100 more iterations
UFBoot trees printed to /mnt/ivy/thliao/project/AOB/analysis/20210713_repeat/add_Chromatiaces/phy_files/P39_prot/withEuk/NP_043209.1.ufboot
Estimate model parameters (epsilon = 0.100)
BETTER TREE FOUND at iteration 106: -6893.910
Iteration 110 / LogL: -6902.184 / Time: 0h:4m:32s (0h:3m:59s left)
Iteration 120 / LogL: -6912.911 / Time: 0h:4m:54s (0h:3m:32s left)
Iteration 130 / LogL: -6908.615 / Time: 0h:5m:15s (0h:3m:5s left)
Estimate model parameters (epsilon = 0.100)
BETTER TREE FOUND at iteration 134: -6892.227
Iteration 140 / LogL: -6898.351 / Time: 0h:5m:37s (0h:3m:48s left)
Iteration 150 / LogL: -6897.527 / Time: 0h:5m:59s (0h:3m:22s left)
Log-likelihood cutoff on original alignment: -6978.276
UFBoot trees printed to /mnt/ivy/thliao/project/AOB/analysis/20210713_repeat/add_Chromatiaces/phy_files/P39_prot/withEuk/NP_043209.1.ufboot
Estimate model parameters (epsilon = 0.100)
BETTER TREE FOUND at iteration 153: -6891.535
Iteration 160 / LogL: -6913.436 / Time: 0h:6m:23s (0h:3m:44s left)
Estimate model parameters (epsilon = 0.100)
BETTER TREE FOUND at iteration 165: -6891.157
Estimate model parameters (epsilon = 0.100)
BETTER TREE FOUND at iteration 166: -6890.374
Iteration 170 / LogL: -6891.235 / Time: 0h:6m:46s (0h:3m:50s left)
Iteration 180 / LogL: -6901.109 / Time: 0h:7m:7s (0h:3m:25s left)
Iteration 190 / LogL: -6891.834 / Time: 0h:7m:29s (0h:3m:0s left)
BETTER TREE FOUND at iteration 199: -6890.373
Iteration 200 / LogL: -6896.692 / Time: 0h:7m:51s (0h:3m:54s left)
Log-likelihood cutoff on original alignment: -6978.276
NOTE: Bootstrap correlation coefficient of split occurrence frequencies: 0.979
NOTE: UFBoot does not converge, continue at least 100 more iterations
UFBoot trees printed to /mnt/ivy/thliao/project/AOB/analysis/20210713_repeat/add_Chromatiaces/phy_files/P39_prot/withEuk/NP_043209.1.ufboot
Estimate model parameters (epsilon = 0.100)
BETTER TREE FOUND at iteration 207: -6889.523
Iteration 210 / LogL: -6890.908 / Time: 0h:8m:16s (0h:3m:50s left)
Iteration 220 / LogL: -6891.757 / Time: 0h:8m:38s (0h:3m:26s left)
Estimate model parameters (epsilon = 0.100)
BETTER TREE FOUND at iteration 222: -6889.447
Iteration 230 / LogL: -6900.916 / Time: 0h:9m:0s (0h:3m:37s left)
Iteration 240 / LogL: -6898.621 / Time: 0h:9m:25s (0h:3m:13s left)
Iteration 250 / LogL: -6900.362 / Time: 0h:9m:50s (0h:2m:50s left)
Log-likelihood cutoff on original alignment: -6978.276
UFBoot trees printed to /mnt/ivy/thliao/project/AOB/analysis/20210713_repeat/add_Chromatiaces/phy_files/P39_prot/withEuk/NP_043209.1.ufboot
Iteration 260 / LogL: -6890.254 / Time: 0h:10m:15s (0h:2m:27s left)
Iteration 270 / LogL: -6894.053 / Time: 0h:10m:38s (0h:2m:3s left)
BETTER TREE FOUND at iteration 276: -6889.447
Iteration 280 / LogL: -6897.823 / Time: 0h:11m:0s (0h:3m:47s left)
Iteration 290 / LogL: -6904.106 / Time: 0h:11m:24s (0h:3m:23s left)
Iteration 300 / LogL: -6897.427 / Time: 0h:11m:48s (0h:2m:59s left)
Log-likelihood cutoff on original alignment: -6978.276
NOTE: Bootstrap correlation coefficient of split occurrence frequencies: 0.990
NOTE: UFBoot does not converge, continue at least 100 more iterations
UFBoot trees printed to /mnt/ivy/thliao/project/AOB/analysis/20210713_repeat/add_Chromatiaces/phy_files/P39_prot/withEuk/NP_043209.1.ufboot
Iteration 310 / LogL: -6895.083 / Time: 0h:12m:15s (0h:3m:34s left)
Iteration 320 / LogL: -6893.414 / Time: 0h:12m:39s (0h:3m:10s left)
Iteration 330 / LogL: -6898.102 / Time: 0h:13m:1s (0h:2m:46s left)
Iteration 340 / LogL: -6889.917 / Time: 0h:13m:25s (0h:2m:22s left)
Iteration 350 / LogL: -6892.455 / Time: 0h:13m:50s (0h:1m:58s left)
Log-likelihood cutoff on original alignment: -6978.276
UFBoot trees printed to /mnt/ivy/thliao/project/AOB/analysis/20210713_repeat/add_Chromatiaces/phy_files/P39_prot/withEuk/NP_043209.1.ufboot
Iteration 360 / LogL: -6893.499 / Time: 0h:14m:16s (0h:1m:35s left)
Iteration 370 / LogL: -6897.580 / Time: 0h:14m:41s (0h:1m:11s left)
Estimate model parameters (epsilon = 0.100)
BETTER TREE FOUND at iteration 377: -6889.403
Iteration 380 / LogL: -6894.551 / Time: 0h:15m:6s (0h:3m:52s left)
Iteration 390 / LogL: -6897.418 / Time: 0h:15m:28s (0h:3m:27s left)
Iteration 400 / LogL: -6903.293 / Time: 0h:15m:54s (0h:3m:4s left)
Log-likelihood cutoff on original alignment: -6972.729
NOTE: Bootstrap correlation coefficient of split occurrence frequencies: 0.995
UFBoot trees printed to /mnt/ivy/thliao/project/AOB/analysis/20210713_repeat/add_Chromatiaces/phy_files/P39_prot/withEuk/NP_043209.1.ufboot
Iteration 410 / LogL: -6898.365 / Time: 0h:16m:20s (0h:3m:35s left)
Estimate model parameters (epsilon = 0.100)
BETTER TREE FOUND at iteration 414: -6888.503
Iteration 420 / LogL: -6891.619 / Time: 0h:16m:45s (0h:3m:45s left)
UPDATE BEST LOG-LIKELIHOOD: -6888.502
Estimate model parameters (epsilon = 0.100)
BETTER TREE FOUND at iteration 430: -6888.199
Iteration 430 / LogL: -6888.199 / Time: 0h:17m:10s (0h:4m:0s left)
Iteration 440 / LogL: -6922.820 / Time: 0h:17m:35s (0h:3m:36s left)
UPDATE BEST LOG-LIKELIHOOD: -6888.199
Iteration 450 / LogL: -6889.431 / Time: 0h:17m:58s (0h:3m:12s left)
Log-likelihood cutoff on original alignment: -6972.729
UFBoot trees printed to /mnt/ivy/thliao/project/AOB/analysis/20210713_repeat/add_Chromatiaces/phy_files/P39_prot/withEuk/NP_043209.1.ufboot
Iteration 460 / LogL: -6899.486 / Time: 0h:18m:23s (0h:2m:48s left)
Iteration 470 / LogL: -6893.033 / Time: 0h:18m:49s (0h:2m:24s left)
Iteration 480 / LogL: -6906.695 / Time: 0h:19m:13s (0h:2m:0s left)
Iteration 490 / LogL: -6899.908 / Time: 0h:19m:38s (0h:1m:36s left)
Iteration 500 / LogL: -6893.350 / Time: 0h:20m:2s (0h:1m:12s left)
Log-likelihood cutoff on original alignment: -6972.729
NOTE: Bootstrap correlation coefficient of split occurrence frequencies: 0.995
UFBoot trees printed to /mnt/ivy/thliao/project/AOB/analysis/20210713_repeat/add_Chromatiaces/phy_files/P39_prot/withEuk/NP_043209.1.ufboot
Iteration 510 / LogL: -6888.651 / Time: 0h:20m:26s (0h:3m:36s left)
Iteration 520 / LogL: -6904.762 / Time: 0h:20m:50s (0h:3m:12s left)
Iteration 530 / LogL: -6891.153 / Time: 0h:21m:14s (0h:2m:48s left)
TREE SEARCH COMPLETED AFTER 531 ITERATIONS / Time: 0h:21m:16s

--------------------------------------------------------------------
|                    FINALIZING TREE SEARCH                        |
--------------------------------------------------------------------
Performs final model parameters optimization
Estimate model parameters (epsilon = 0.010)
1. Initial log-likelihood: -6888.199
Optimal log-likelihood: -6888.199
Proportion of invariable sites: 0.228
Gamma shape alpha: 0.696
Parameters optimization took 1 rounds (0.179 sec)
BEST SCORE FOUND : -6888.199
Creating bootstrap support values...
Split supports printed to NEXUS file /mnt/ivy/thliao/project/AOB/analysis/20210713_repeat/add_Chromatiaces/phy_files/P39_prot/withEuk/NP_043209.1.splits.nex
Total tree length: 26.155

Total number of iterations: 531
CPU time used for tree search: 2455.057 sec (0h:40m:55s)
Wall-clock time used for tree search: 1263.129 sec (0h:21m:3s)
Total CPU time used: 2483.129 sec (0h:41m:23s)
Total wall-clock time used: 1277.708 sec (0h:21m:17s)
UFBoot trees printed to /mnt/ivy/thliao/project/AOB/analysis/20210713_repeat/add_Chromatiaces/phy_files/P39_prot/withEuk/NP_043209.1.ufboot

Computing bootstrap consensus tree...
Reading input file /mnt/ivy/thliao/project/AOB/analysis/20210713_repeat/add_Chromatiaces/phy_files/P39_prot/withEuk/NP_043209.1.splits.nex...
136 taxa and 1625 splits.
Consensus tree written to /mnt/ivy/thliao/project/AOB/analysis/20210713_repeat/add_Chromatiaces/phy_files/P39_prot/withEuk/NP_043209.1.contree
Reading input trees file /mnt/ivy/thliao/project/AOB/analysis/20210713_repeat/add_Chromatiaces/phy_files/P39_prot/withEuk/NP_043209.1.contree
Log-likelihood of consensus tree: -6889.047

Analysis results written to: 
  IQ-TREE report:                /mnt/ivy/thliao/project/AOB/analysis/20210713_repeat/add_Chromatiaces/phy_files/P39_prot/withEuk/NP_043209.1.iqtree
  Maximum-likelihood tree:       /mnt/ivy/thliao/project/AOB/analysis/20210713_repeat/add_Chromatiaces/phy_files/P39_prot/withEuk/NP_043209.1.treefile
  Likelihood distances:          /mnt/ivy/thliao/project/AOB/analysis/20210713_repeat/add_Chromatiaces/phy_files/P39_prot/withEuk/NP_043209.1.mldist

Ultrafast bootstrap approximation results written to:
  Split support values:          /mnt/ivy/thliao/project/AOB/analysis/20210713_repeat/add_Chromatiaces/phy_files/P39_prot/withEuk/NP_043209.1.splits.nex
  Consensus tree:                /mnt/ivy/thliao/project/AOB/analysis/20210713_repeat/add_Chromatiaces/phy_files/P39_prot/withEuk/NP_043209.1.contree
  UFBoot trees:                  /mnt/ivy/thliao/project/AOB/analysis/20210713_repeat/add_Chromatiaces/phy_files/P39_prot/withEuk/NP_043209.1.ufboot
  Screen log file:               /mnt/ivy/thliao/project/AOB/analysis/20210713_repeat/add_Chromatiaces/phy_files/P39_prot/withEuk/NP_043209.1.log

Date and Time: Mon Dec 12 10:07:19 2022
