IQ-TREE multicore version 1.6.12 for Linux 64-bit built Aug 15 2019
Developed by Bui Quang Minh, Nguyen Lam Tung, Olga Chernomor,
Heiko Schmidt, Dominik Schrempf, Michael Woodhams.

Host:    cl006 (AVX512, FMA3, 125 GB RAM)
Command: iqtree -nt 2 -redo -wbtl -bb 1000 -pre /mnt/ivy/thliao/project/AOB/analysis/20210713_repeat/add_Chromatiaces/phy_files/P39_prot/withEuk/NP_043193.1 -s /mnt/ivy/thliao/project/AOB/analysis/20210713_repeat/add_Chromatiaces/phy_files/P39_prot/withEuk/NP_043193.1.aln
Seed:    56143 (Using SPRNG - Scalable Parallel Random Number Generator)
Time:    Mon Dec 12 09:38:56 2022
Kernel:  AVX+FMA - 2 threads (64 CPU cores detected)

Reading alignment file /mnt/ivy/thliao/project/AOB/analysis/20210713_repeat/add_Chromatiaces/phy_files/P39_prot/withEuk/NP_043193.1.aln ... Fasta format detected
Alignment most likely contains protein sequences
Alignment has 136 sequences with 138 columns, 129 distinct patterns
94 parsimony-informative, 14 singleton sites, 30 constant sites
                            Gap/Ambiguity  Composition  p-value
   1  Arabidopsis_thaliana         11.59%    passed     80.78%
   2  Chondrus_crispus             11.59%    passed     98.77%
   3  Cyanidioschyzon_merolae      13.77%    passed     83.15%
   4  Cyanophora_paradoxa          11.59%    passed     99.63%
   5  Cyanoptyche_gloeocystis      11.59%    passed     99.95%
   6  Galdieria_sulphuraria        11.59%    passed     73.81%
   7  Gloeochaete_wittrockiana     11.59%    passed     99.98%
   8  Mesotaenium_endlicherianum   11.59%    passed     71.70%
   9  NC_000926.1                  12.32%    passed     98.17%
  10  NC_002186.1                  11.59%    passed    100.00%
  11  NC_005353.1                  11.59%    passed     96.61%
  12  NC_007288.1                  12.32%    passed     99.16%
  13  NC_008588.1                  12.32%    passed     95.06%
  14  NC_008589.1                  12.32%    passed     93.75%
  15  NC_010654.1                  11.59%    passed     63.32%
  16  NC_012898.1                  12.32%    passed     98.15%
  17  NC_016703.2                  12.32%    passed     99.34%
  18  NC_016732.1                  13.77%    passed     96.90%
  19  NC_020371.1                  12.32%    passed     99.86%
  20  NC_049168.1                  12.32%    passed     99.59%
  21  Oltmannsiellopsis_viridis    11.59%    passed     99.86%
  22  Oryza_sativa                 10.87%    passed     88.05%
  23  Ostreococcus_tauri           13.77%    passed     92.80%
  24  Palmophyllum_crassum         11.59%    passed     94.56%
  25  Pedinomonas_tuberculata      13.77%    passed     99.43%
  26  Penium_margaritaceum         11.59%    passed     99.26%
  27  Physcomitrium_patens         11.59%    passed     96.96%
  28  Picocystis_salinarum         13.04%    passed     99.39%
  29  Porphyra_umbilicalis         11.59%    passed     91.81%
  30  Porphyridium_purpureum       11.59%    passed     97.46%
  31  Prasinoderma_coloniale       11.59%    passed    100.00%
  32  Tetradesmus_obliquus         12.32%    passed     99.99%
  33  Tupiella_akineta             11.59%    passed     99.93%
  34  GCA_000473895.1              11.59%    passed     99.29%
  35  GCA_015709615.1              11.59%    passed    100.00%
  36  GCA_000024725.1              11.59%    passed     99.93%
  37  GCA_013697045.1              11.59%    passed     99.11%
  38  GCA_900107585.1              11.59%    passed     99.95%
  39  GCA_014859375.1              11.59%    passed     99.09%
  40  GCA_015272465.1               2.17%    passed     99.53%
  41  GCA_002356115.1              11.59%    passed     99.60%
  42  GCA_009833095.1              11.59%    passed    100.00%
  43  GCA_013140465.1              11.59%    passed     99.99%
  44  GCA_001747005.1              11.59%    passed     99.88%
  45  GCA_014635705.1              11.59%    passed     96.44%
  46  GCA_000469665.2              13.04%    passed     87.53%
  47  GCA_002109495.1              11.59%    passed     99.55%
  48  GCA_001458735.1              11.59%    passed     73.58%
  49  GCA_000952155.1              11.59%    passed     98.92%
  50  GCA_000317495.1              11.59%    passed    100.00%
  51  GCA_000317515.1              11.59%    passed     99.94%
  52  GCA_007197755.1              11.59%    passed     93.33%
  53  GCA_001187785.1              11.59%    passed     99.97%
  54  GCA_003719295.1              11.59%    passed     99.99%
  55  GCA_000314005.1              11.59%    passed     99.87%
  56  GCA_004168365.1              11.59%    passed     99.81%
  57  GCA_011090395.1              11.59%    passed     68.92%
  58  GCA_003015105.1              11.59%    passed     99.60%
  59  GCA_902810445.1              11.59%    passed     99.63%
  60  GCA_001697225.1              11.59%    passed     97.41%
  61  GCA_002868715.1              11.59%    passed    100.00%
  62  GCA_003532895.1              10.14%    passed     44.93%
  63  GCA_002218085.1              10.14%    passed     99.97%
  64  GCA_003015145.1              11.59%    passed     48.59%
  65  GCA_008189685.1              11.59%    passed     86.06%
  66  GCA_003696005.1              11.59%    passed     87.52%
  67  GCA_003551305.1              11.59%    passed     85.56%
  68  GCA_004684205.1              11.59%    passed    100.00%
  69  GCA_001828295.1              13.04%    passed     95.26%
  70  GCA_000949635.1              11.59%    passed     97.68%
  71  GCA_013141375.1              11.59%    passed     99.88%
  72  GCA_000760695.4              11.59%    passed     99.99%
  73  GCA_017879665.1              11.59%    passed     82.96%
  74  GCA_001772005.1              11.59%    passed     99.99%
  75  GCA_000332035.1              11.59%    passed     98.94%
  76  GCA_000740735.1              11.59%    passed     99.59%
  77  GCA_000934545.1              11.59%    passed     99.44%
  78  GCA_001458695.1              11.59%    passed     64.59%
  79  GCA_016207025.1              11.59%    passed     73.79%
  80  GCA_900119825.1              11.59%    passed    100.00%
  81  GCA_003534995.1              12.32%    passed     99.08%
  82  GCA_015709635.1              11.59%    passed     99.99%
  83  GCA_006496635.1              11.59%    passed    100.00%
  84  GCA_000011385.1               3.62%    passed     99.98%
  85  GCA_001828545.1              13.04%    passed     90.33%
  86  GCA_005877815.1              11.59%    passed     39.05%
  87  GCA_000263335.1              11.59%    passed     99.98%
  88  GCA_007992375.1              11.59%    passed    100.00%
  89  GCA_001890765.1              11.59%    passed     99.89%
  90  GCA_003149345.1              13.04%    passed     99.99%
  91  GCA_001828535.1              11.59%    passed     93.49%
  92  GCA_004421105.1              11.59%    passed     99.93%
  93  GCA_002083815.1              11.59%    passed     93.45%
  94  GCA_003576955.1              11.59%    passed     82.96%
  95  GCA_003851125.1              11.59%    passed    100.00%
  96  GCA_010027455.1              11.59%    passed     89.56%
  97  GCA_001803795.1              11.59%    passed     65.16%
  98  GCA_003003885.1              10.14%    passed     99.08%
  99  GCA_004282745.1              11.59%    passed     97.26%
 100  GCA_000214665.1              11.59%    passed     99.99%
 101  GCA_002072955.1              11.59%    passed    100.00%
 102  GCA_016873455.1              11.59%    passed     75.22%
 103  GCA_001870225.1               3.62%    passed     99.85%
 104  GCA_013140535.1              11.59%    passed     72.43%
 105  GCA_000948975.1              11.59%    passed    100.00%
 106  GCA_001566965.1              11.59%    passed    100.00%
 107  GCA_000264455.2              11.59%    passed     80.31%
 108  GCA_000317535.1              11.59%    passed     99.94%
 109  GCA_006385135.1              11.59%    passed     54.05%
 110  GCA_001267195.1              11.59%    passed     96.68%
 111  GCA_000014865.1              11.59%    passed     97.36%
 112  GCA_002355455.1              11.59%    passed     99.99%
 113  GCA_002162035.1              11.59%    passed    100.00%
 114  GCA_001881495.1              11.59%    passed     51.12%
 115  GCA_000317575.1              11.59%    passed     99.99%
 116  GCA_000380225.1              11.59%    passed     99.95%
 117  GCA_003258315.1              11.59%    passed     99.83%
 118  GCA_016592635.1              11.59%    passed    100.00%
 119  GCA_902459485.1              11.59%    passed     99.94%
 120  GCA_001904725.1              11.59%    passed     99.92%
 121  GCA_000013225.1              11.59%    passed     99.60%
 122  GCA_900110495.1              11.59%    passed    100.00%
 123  GCA_000346485.2              11.59%    passed     99.73%
 124  GCA_003644325.1              11.59%    passed     98.95%
 125  GCA_004195045.1              11.59%    passed     94.55%
 126  GCA_013521015.1              11.59%    passed    100.00%
 127  GCA_002924445.1              11.59%    passed     99.97%
 128  GCA_005524015.1              11.59%    passed     90.00%
 129  GCA_000332275.1              11.59%    passed     96.13%
 130  GCA_002007425.1              11.59%    passed     99.92%
 131  GCA_016708925.1              11.59%    passed     99.98%
 132  GCA_000828615.1              11.59%    passed     99.86%
 133  GCA_000228725.3              11.59%    passed     99.85%
 134  GCA_000379525.1              11.59%    passed    100.00%
 135  GCA_001007875.1              11.59%    passed     99.99%
 136  GCA_001469165.1              11.59%    passed     99.97%
****  TOTAL                        11.54%  0 sequences failed composition chi2 test (p-value<5%; df=19)
NOTE: GCA_004421105.1 is identical to GCA_000024725.1 but kept for subsequent analysis
NOTE: GCA_003576955.1 is identical to GCA_017879665.1 but kept for subsequent analysis
NOTE: GCA_003851125.1 is identical to GCA_007992375.1 but kept for subsequent analysis
NOTE: GCA_000317575.1 is identical to GCA_002355455.1 but kept for subsequent analysis


Create initial parsimony tree by phylogenetic likelihood library (PLL)... 0.013 seconds
NOTE: ModelFinder requires 32 MB RAM!
ModelFinder will test 546 protein models (sample size: 138) ...
 No. Model         -LnL         df  AIC          AICc         BIC
  1  Dayhoff       10259.586    269 21057.173    166317.173   21844.604
  2  Dayhoff+I     10026.159    270 20592.318    166932.318   21382.677
  3  Dayhoff+G4    9428.670     270 19397.340    165737.340   20187.699
  4  Dayhoff+I+G4  9414.649     271 19371.297    166795.297   20164.583
  5  Dayhoff+R2    9600.309     271 19742.619    167166.619   20535.905
  6  Dayhoff+R3    9454.108     273 19454.216    169058.216   20253.356
  7  Dayhoff+R4    9417.654     275 19385.309    171185.309   20190.304
  8  Dayhoff+R5    9404.826     277 19363.651    173375.651   20174.500
  9  Dayhoff+R6    9397.421     279 19352.841    175592.841   20169.545
 10  Dayhoff+R7    9395.607     281 19353.213    177837.213   20175.771
 14  Dayhoff+F     10299.008    288 21174.016    187638.016   22017.065
 15  Dayhoff+F+I   10094.580    289 20767.159    188387.159   21613.136
 16  Dayhoff+F+G4  9459.151     289 19496.302    187116.302   20342.278
 17  Dayhoff+F+I+G4 9452.870     290 19485.740    188265.740   20334.643
 18  Dayhoff+F+R2  9638.774     290 19857.548    188637.548   20706.452
 19  Dayhoff+F+R3  9481.833     292 19547.666    190659.666   20402.424
 20  Dayhoff+F+R4  9456.102     294 19500.204    192960.204   20360.817
 21  Dayhoff+F+R5  9428.190     296 19448.381    195272.381   20314.848
 22  Dayhoff+F+R6  9427.730     298 19451.459    197655.459   20323.781
 27  mtMAM         11729.645    269 23997.290    169257.290   24784.721
 28  mtMAM+I       11560.381    270 23660.762    170000.762   24451.121
 29  mtMAM+G4      10221.049    270 20982.097    167322.097   21772.456
 30  mtMAM+I+G4    10214.134    271 20970.267    168394.267   21763.553
 31  mtMAM+R2      10475.892    271 21493.784    168917.784   22287.070
 32  mtMAM+R3      10294.979    273 21135.958    170739.958   21935.099
 33  mtMAM+R4      10231.287    275 21012.574    172812.574   21817.568
 34  mtMAM+R5      10212.380    277 20978.760    174990.760   21789.610
 35  mtMAM+R6      10207.044    279 20972.088    177212.088   21788.791
 36  mtMAM+R7      10197.004    281 20956.008    179440.008   21778.566
 37  mtMAM+R8      10196.973    283 20959.946    181703.946   21788.359
 40  mtMAM+F       11293.633    288 23163.266    189627.266   24006.315
 41  mtMAM+F+I     11111.178    289 22800.355    190420.355   23646.332
 42  mtMAM+F+G4    9869.310     289 20316.619    187936.619   21162.595
 43  mtMAM+F+I+G4  9868.234     290 20316.468    189096.468   21165.371
 44  mtMAM+F+R2    10123.336    290 20826.671    189606.671   21675.575
 45  mtMAM+F+R3    9950.009     292 20484.018    191596.018   21338.776
 46  mtMAM+F+R4    9883.782     294 20355.565    193815.565   21216.178
 47  mtMAM+F+R5    9865.340     296 20322.681    196146.681   21189.148
 48  mtMAM+F+R6    9863.649     298 20323.298    198527.298   21195.620
 53  JTT           10168.628    269 20875.255    166135.255   21662.686
 54  JTT+I         9959.331     270 20458.662    166798.662   21249.020
 55  JTT+G4        9342.581     270 19225.161    165565.161   20015.520
 56  JTT+I+G4      9336.671     271 19215.341    166639.341   20008.627
 57  JTT+R2        9524.821     271 19591.641    167015.641   20384.927
 58  JTT+R3        9361.304     273 19268.608    168872.608   20067.748
 59  JTT+R4        9338.437     275 19226.875    171026.875   20031.869
 60  JTT+R5        9314.803     277 19183.606    173195.606   19994.455
 61  JTT+R6        9312.430     279 19182.861    175422.861   19999.564
 66  JTT+F         10269.012    288 21114.024    187578.024   21957.073
 67  JTT+F+I       10075.796    289 20729.592    188349.592   21575.568
 68  JTT+F+G4      9418.867     289 19415.733    187035.733   20261.710
 69  JTT+F+I+G4    9416.144     290 19412.287    188192.287   20261.191
 70  JTT+F+R2      9605.550     290 19791.100    188571.100   20640.003
 71  JTT+F+R3      9438.141     292 19460.281    190572.281   20315.039
 72  JTT+F+R4      9418.168     294 19424.336    192884.336   20284.949
 73  JTT+F+R5      9390.241     296 19372.483    195196.483   20238.950
 74  JTT+F+R6      9387.800     298 19371.599    197575.599   20243.921
 79  WAG           10127.000    269 20792.000    166052.000   21579.431
 80  WAG+I         9927.281     270 20394.563    166734.563   21184.921
 81  WAG+G4        9382.806     270 19305.612    165645.612   20095.970
 82  WAG+I+G4      9369.984     271 19281.969    166705.969   20075.254
 83  WAG+R2        9540.025     271 19622.049    167046.049   20415.335
 84  WAG+R3        9397.762     273 19341.523    168945.523   20140.663
 85  WAG+R4        9361.939     275 19273.878    171073.878   20078.873
 86  WAG+R5        9350.741     277 19255.481    173267.481   20066.330
 87  WAG+R6        9346.018     279 19250.035    175490.035   20066.739
 92  WAG+F         10174.176    288 20924.352    187388.352   21767.401
 93  WAG+F+I       9994.419     289 20566.839    188186.839   21412.815
 94  WAG+F+G4      9414.048     289 19406.097    187026.097   20252.073
 95  WAG+F+I+G4    9402.441     290 19384.881    188164.881   20233.785
 96  WAG+F+R2      9573.631     290 19727.262    188507.262   20576.166
 97  WAG+F+R3      9428.493     292 19440.987    190552.987   20295.745
 98  WAG+F+R4      9391.870     294 19371.740    192831.740   20232.353
 99  WAG+F+R5      9381.593     296 19355.187    195179.187   20221.654
100  WAG+F+R6      9378.381     298 19352.762    197556.762   20225.084
105  cpREV         10153.287    269 20844.573    166104.573   21632.005
106  cpREV+I       9981.228     270 20502.455    166842.455   21292.814
107  cpREV+G4      9407.473     270 19354.947    165694.947   20145.305
108  cpREV+I+G4    9397.293     271 19336.587    166760.587   20129.872
109  cpREV+R2      9563.319     271 19668.639    167092.639   20461.924
110  cpREV+R3      9428.201     273 19402.401    169006.401   20201.541
111  cpREV+R4      9385.697     275 19321.394    171121.394   20126.389
112  cpREV+R5      9373.836     277 19301.672    173313.672   20112.521
113  cpREV+R6      9370.032     279 19298.065    175538.065   20114.769
118  cpREV+F       10249.778    288 21075.556    187539.556   21918.605
119  cpREV+F+I     10081.308    289 20740.616    188360.616   21586.593
120  cpREV+F+G4    9480.996     289 19539.992    187159.992   20385.968
121  cpREV+F+I+G4  9470.240     290 19520.479    188300.479   20369.383
122  cpREV+F+R2    9646.782     290 19873.564    188653.564   20722.468
123  cpREV+F+R3    9502.109     292 19588.219    190700.219   20442.977
124  cpREV+F+R4    9462.344     294 19512.688    192972.688   20373.301
125  cpREV+F+R5    9447.151     296 19486.302    195310.302   20352.769
126  cpREV+F+R6    9445.828     298 19487.655    197691.655   20359.977
131  mtREV         11002.254    269 22542.508    167802.508   23329.940
132  mtREV+I       10843.734    270 22227.468    168567.468   23017.826
133  mtREV+G4      9981.251     270 20502.501    166842.501   21292.860
134  mtREV+I+G4    9975.556     271 20493.113    167917.113   21286.398
135  mtREV+R2      10171.719    271 20885.438    168309.438   21678.724
136  mtREV+R3      10008.022    273 20562.045    170166.045   21361.185
137  mtREV+R4      9971.790     275 20493.580    172293.580   21298.575
138  mtREV+R5      9951.729     277 20457.458    174469.458   21268.307
139  mtREV+R6      9947.040     279 20452.079    176692.079   21268.783
144  mtREV+F       10543.217    288 21662.433    188126.433   22505.482
145  mtREV+F+I     10377.522    289 21333.044    188953.044   22179.020
146  mtREV+F+G4    9586.402     289 19750.804    187370.804   20596.780
147  mtREV+F+I+G4  9585.099     290 19750.197    188530.197   20599.101
148  mtREV+F+R2    9769.702     290 20119.404    188899.404   20968.307
149  mtREV+F+R3    9606.237     292 19796.474    190908.474   20651.232
150  mtREV+F+R4    9568.757     294 19725.515    193185.515   20586.127
151  mtREV+F+R5    9559.670     296 19711.339    195535.339   20577.807
152  mtREV+F+R6    9550.378     298 19696.755    197900.755   20569.077
153  mtREV+F+R7    9548.189     300 19696.377    200296.377   20574.553
157  rtREV         10155.967    269 20849.935    166109.935   21637.366
158  rtREV+I       9969.913     270 20479.827    166819.827   21270.185
159  rtREV+G4      9330.527     270 19201.055    165541.055   19991.413
160  rtREV+I+G4    9329.209     271 19200.419    166624.419   19993.705
161  rtREV+R2      9532.091     271 19606.182    167030.182   20399.468
162  rtREV+R3      9347.510     273 19241.020    168845.020   20040.160
163  rtREV+R4      9322.157     275 19194.314    170994.314   19999.309
164  rtREV+R5      9313.491     277 19180.982    173192.982   19991.831
165  rtREV+R6      9306.599     279 19171.198    175411.198   19987.902
166  rtREV+R7      9304.962     281 19171.925    177655.925   19994.483
170  rtREV+F       10211.377    288 20998.755    187462.755   21841.804
171  rtREV+F+I     10045.684    289 20669.368    188289.368   21515.344
172  rtREV+F+G4    9351.338     289 19280.677    186900.677   20126.653
173  rtREV+F+I+G4  9350.883     290 19281.766    188061.766   20130.669
174  rtREV+F+R2    9558.577     290 19697.153    188477.153   20546.057
175  rtREV+F+R3    9368.182     292 19320.364    190432.364   20175.122
176  rtREV+F+R4    9341.306     294 19270.612    192730.612   20131.224
177  rtREV+F+R5    9334.611     296 19261.222    195085.222   20127.689
178  rtREV+F+R6    9325.095     298 19246.191    197450.191   20118.512
179  rtREV+F+R7    9323.541     300 19247.082    199847.082   20125.258
183  mtART         11370.688    269 23279.376    168539.376   24066.808
184  mtART+I       11189.960    270 22919.920    169259.920   23710.278
185  mtART+G4      9950.154     270 20440.309    166780.309   21230.667
186  mtART+I+G4    9944.992     271 20431.985    167855.985   21225.270
187  mtART+R2      10232.703    271 21007.405    168431.405   21800.691
188  mtART+R3      10029.025    273 20604.050    170208.050   21403.190
189  mtART+R4      9972.330     275 20494.660    172294.660   21299.655
190  mtART+R5      9951.874     277 20457.748    174469.748   21268.597
191  mtART+R6      9939.768     279 20437.536    176677.536   21254.240
192  mtART+R7      9935.388     281 20432.776    178916.776   21255.334
196  mtART+F       10905.644    288 22387.289    188851.289   23230.338
197  mtART+F+I     10730.398    289 22038.795    189658.795   22884.772
198  mtART+F+G4    9664.208     289 19906.415    187526.415   20752.391
199  mtART+F+I+G4  9648.308     290 19876.616    188656.616   20725.520
200  mtART+F+R2    9882.780     290 20345.560    189125.560   21194.464
201  mtART+F+R3    9698.466     292 19980.932    191092.932   20835.690
202  mtART+F+R4    9659.910     294 19907.820    193367.820   20768.432
203  mtART+F+R5    9640.721     296 19873.441    195697.441   20739.908
204  mtART+F+R6    9634.040     298 19864.079    198068.079   20736.401
205  mtART+F+R7    9630.690     300 19861.381    200461.381   20739.557
209  mtZOA         10915.559    269 22369.118    167629.118   23156.549
210  mtZOA+I       10737.820    270 22015.641    168355.641   22805.999
211  mtZOA+G4      9654.536     270 19849.073    166189.073   20639.431
212  mtZOA+I+G4    9647.832     271 19837.664    167261.664   20630.950
213  mtZOA+R2      9889.225     271 20320.449    167744.449   21113.735
214  mtZOA+R3      9706.659     273 19959.319    169563.319   20758.459
215  mtZOA+R4      9662.572     275 19875.143    171675.143   20680.138
216  mtZOA+R5      9647.308     277 19848.617    173860.617   20659.466
217  mtZOA+R6      9642.605     279 19843.209    176083.209   20659.913
222  mtZOA+F       10582.093    288 21740.185    188204.185   22583.234
223  mtZOA+F+I     10404.636    289 21387.271    189007.271   22233.247
224  mtZOA+F+G4    9484.564     289 19547.128    187167.128   20393.105
225  mtZOA+F+I+G4  9485.746     290 19551.492    188331.492   20400.396
226  mtZOA+F+R2    9690.206     290 19960.413    188740.413   20809.316
227  mtZOA+F+R3    9514.002     292 19612.003    190724.003   20466.761
228  mtZOA+F+R4    9481.227     294 19550.454    193010.454   20411.066
229  mtZOA+F+R5    9466.341     296 19524.681    195348.681   20391.148
230  mtZOA+F+R6    9461.741     298 19519.482    197723.482   20391.803
235  VT            10156.862    269 20851.724    166111.724   21639.156
236  VT+I          9961.479     270 20462.958    166802.958   21253.316
237  VT+G4         9403.916     270 19347.833    165687.833   20138.191
238  VT+I+G4       9398.759     271 19339.517    166763.517   20132.803
239  VT+R2         9559.841     271 19661.681    167085.681   20454.967
240  VT+R3         9418.638     273 19383.276    168987.276   20182.417
241  VT+R4         9388.474     275 19326.949    171126.949   20131.943
242  VT+R5         9377.835     277 19309.671    173321.671   20120.520
243  VT+R6         9373.552     279 19305.103    175545.103   20121.807
248  VT+F          10207.214    288 20990.428    187454.428   21833.477
249  VT+F+I        10025.294    289 20628.588    188248.588   21474.564
250  VT+F+G4       9437.322     289 19452.644    187072.644   20298.620
251  VT+F+I+G4     9433.379     290 19446.757    188226.757   20295.661
252  VT+F+R2       9594.501     290 19769.002    188549.002   20617.906
253  VT+F+R3       9451.945     292 19487.891    190599.891   20342.649
254  VT+F+R4       9422.398     294 19432.797    192892.797   20293.409
255  VT+F+R5       9412.932     296 19417.864    195241.864   20284.331
256  VT+F+R6       9408.332     298 19412.664    197616.664   20284.986
261  LG            10095.535    269 20729.071    165989.071   21516.502
262  LG+I          9902.789     270 20345.577    166685.577   21135.936
263  LG+G4         9266.833     270 19073.667    165413.667   19864.025
264  LG+I+G4       9265.549     271 19073.097    166497.097   19866.383
265  LG+R2         9468.526     271 19479.052    166903.052   20272.338
266  LG+R3         9283.819     273 19113.639    168717.639   19912.779
267  LG+R4         9250.184     275 19050.367    170850.367   19855.362
268  LG+R5         9242.897     277 19039.794    173051.794   19850.643
269  LG+R6         9237.652     279 19033.304    175273.304   19850.007
270  LG+R7         9236.354     281 19034.707    177518.707   19857.266
274  LG+F          10181.277    288 20938.554    187402.554   21781.603
275  LG+F+I        10006.103    289 20590.207    188210.207   21436.183
276  LG+F+G4       9318.762     289 19215.523    186835.523   20061.500
277  LG+F+I+G4     9318.046     290 19216.091    187996.091   20064.995
278  LG+F+R2       9517.286     290 19614.573    188394.573   20463.476
279  LG+F+R3       9336.209     292 19256.418    190368.418   20111.176
280  LG+F+R4       9303.640     294 19195.279    192655.279   20055.892
281  LG+F+R5       9295.941     296 19183.882    195007.882   20050.349
282  LG+F+R6       9289.073     298 19174.146    197378.146   20046.468
283  LG+F+R7       9287.498     300 19174.997    199774.997   20053.173
287  DCMut         10261.714    269 21061.428    166321.428   21848.859
288  DCMut+I       10027.663    270 20595.326    166935.326   21385.684
289  DCMut+G4      9430.950     270 19401.900    165741.900   20192.259
290  DCMut+I+G4    9417.022     271 19376.043    166800.043   20169.329
291  DCMut+R2      9602.304     271 19746.609    167170.609   20539.895
292  DCMut+R3      9456.110     273 19458.220    169062.220   20257.360
293  DCMut+R4      9425.449     275 19400.898    171200.898   20205.893
294  DCMut+R5      9409.284     277 19372.568    173384.568   20183.417
295  DCMut+R6      9400.672     279 19359.344    175599.344   20176.048
296  DCMut+R7      9398.659     281 19359.318    177843.318   20181.876
300  DCMut+F       10299.826    288 21175.651    187639.651   22018.700
301  DCMut+F+I     10095.545    289 20769.089    188389.089   21615.066
302  DCMut+F+G4    9460.678     289 19499.357    187119.357   20345.333
303  DCMut+F+I+G4  9454.357     290 19488.715    188268.715   20337.618
304  DCMut+F+R2    9640.163     290 19860.326    188640.326   20709.229
305  DCMut+F+R3    9483.411     292 19550.821    190662.821   20405.579
306  DCMut+F+R4    9446.943     294 19481.887    192941.887   20342.499
307  DCMut+F+R5    9434.123     296 19460.246    195284.246   20326.713
308  DCMut+F+R6    9429.298     298 19454.595    197658.595   20326.917
313  PMB           10231.032    269 21000.064    166260.064   21787.495
314  PMB+I         10043.999    270 20627.998    166967.998   21418.356
315  PMB+G4        9487.224     270 19514.448    165854.448   20304.807
316  PMB+I+G4      9483.354     271 19508.709    166932.709   20301.994
317  PMB+R2        9651.159     271 19844.318    167268.318   20637.604
318  PMB+R3        9499.412     273 19544.824    169148.824   20343.964
319  PMB+R4        9469.904     275 19489.807    171289.807   20294.802
320  PMB+R5        9461.124     277 19476.248    173488.248   20287.097
321  PMB+R6        9458.010     279 19474.020    175714.020   20290.724
326  PMB+F         10273.812    288 21123.623    187587.623   21966.672
327  PMB+F+I       10097.431    289 20772.862    188392.862   21618.838
328  PMB+F+G4      9520.098     289 19618.196    187238.196   20464.172
329  PMB+F+I+G4    9515.487     290 19610.973    188390.973   20459.877
330  PMB+F+R2      9680.068     290 19940.135    188720.135   20789.039
331  PMB+F+R3      9532.106     292 19648.213    190760.213   20502.971
332  PMB+F+R4      9502.318     294 19592.636    193052.636   20453.249
333  PMB+F+R5      9492.523     296 19577.045    195401.045   20443.512
334  PMB+F+R6      9490.244     298 19576.489    197780.489   20448.810
339  HIVb          10518.576    269 21575.153    166835.153   22362.584
340  HIVb+I        10293.500    270 21127.000    167467.000   21917.359
341  HIVb+G4       9583.634     270 19707.269    166047.269   20497.627
342  HIVb+I+G4     9576.157     271 19694.314    167118.314   20487.599
343  HIVb+R2       9799.931     271 20141.862    167565.862   20935.148
344  HIVb+R3       9607.320     273 19760.640    169364.640   20559.780
345  HIVb+R4       9561.945     275 19673.891    171473.891   20478.885
346  HIVb+R5       9545.927     277 19645.855    173657.855   20456.704
347  HIVb+R6       9540.637     279 19639.274    175879.274   20455.978
348  HIVb+R7       9538.787     281 19639.573    178123.573   20462.132
352  HIVb+F        10698.826    288 21973.653    188437.653   22816.702
353  HIVb+F+I      10483.457    289 21544.914    189164.914   22390.890
354  HIVb+F+G4     9719.882     289 20017.765    187637.765   20863.741
355  HIVb+F+I+G4   9714.838     290 20009.676    188789.676   20858.580
356  HIVb+F+R2     9946.861     290 20473.722    189253.722   21322.626
357  HIVb+F+R3     9746.831     292 20077.662    191189.662   20932.420
358  HIVb+F+R4     9698.328     294 19984.656    193444.656   20845.268
359  HIVb+F+R5     9683.770     296 19959.540    195783.540   20826.008
360  HIVb+F+R6     9674.713     298 19945.426    198149.426   20817.747
361  HIVb+F+R7     9671.858     300 19943.716    200543.716   20821.892
365  HIVw          10946.724    269 22431.447    167691.447   23218.878
366  HIVw+I        10703.862    270 21947.724    168287.724   22738.083
367  HIVw+G4       9982.436     270 20504.872    166844.872   21295.231
368  HIVw+I+G4     9971.556     271 20485.111    167909.111   21278.397
369  HIVw+R2       10199.981    271 20941.961    168365.961   21735.247
370  HIVw+R3       10027.903    273 20601.807    170205.807   21400.947
371  HIVw+R4       9976.845     275 20503.689    172303.689   21308.684
372  HIVw+R5       9957.600     277 20469.201    174481.201   21280.050
373  HIVw+R6       9949.180     279 20456.360    176696.360   21273.064
374  HIVw+R7       9946.669     281 20455.339    178939.339   21277.897
378  HIVw+F        11114.901    288 22805.802    189269.802   23648.851
379  HIVw+F+I      10865.421    289 22308.842    189928.842   23154.819
380  HIVw+F+G4     10098.901    289 20775.802    188395.802   21621.778
381  HIVw+F+I+G4   10089.843    290 20759.685    189539.685   21608.589
382  HIVw+F+R2     10327.437    290 21234.874    190014.874   22083.778
383  HIVw+F+R3     10145.799    292 20875.598    191987.598   21730.356
384  HIVw+F+R4     10098.927    294 20785.855    194245.855   21646.468
385  HIVw+F+R5     10075.346    296 20742.692    196566.692   21609.160
386  HIVw+F+R6     10064.787    298 20725.574    198929.574   21597.896
387  HIVw+F+R7     10061.506    300 20723.013    201323.013   21601.189
391  JTTDCMut      10164.115    269 20866.231    166126.231   21653.662
392  JTTDCMut+I    9956.197     270 20452.394    166792.394   21242.752
393  JTTDCMut+G4   9341.561     270 19223.123    165563.123   20013.481
394  JTTDCMut+I+G4 9335.355     271 19212.710    166636.710   20005.996
395  JTTDCMut+R2   9522.921     271 19587.841    167011.841   20381.127
396  JTTDCMut+R3   9359.423     273 19264.846    168868.846   20063.986
397  JTTDCMut+R4   9337.098     275 19224.197    171024.197   20029.192
398  JTTDCMut+R5   9316.735     277 19187.470    173199.470   19998.319
399  JTTDCMut+R6   9312.044     279 19182.087    175422.087   19998.791
404  JTTDCMut+F    10263.389    288 21102.779    187566.779   21945.828
405  JTTDCMut+F+I  10071.454    289 20720.907    188340.907   21566.884
406  JTTDCMut+F+G4 9416.883     289 19411.766    187031.766   20257.742
407  JTTDCMut+F+I+G4 9414.116     290 19408.233    188188.233   20257.136
408  JTTDCMut+F+R2 9602.539     290 19785.077    188565.077   20633.981
409  JTTDCMut+F+R3 9435.607     292 19455.214    190567.214   20309.972
410  JTTDCMut+F+R4 9416.405     294 19420.810    192880.810   20281.423
411  JTTDCMut+F+R5 9392.203     296 19376.405    195200.405   20242.872
412  JTTDCMut+F+R6 9385.012     298 19366.025    197570.025   20238.347
413  JTTDCMut+F+R7 9383.315     300 19366.631    199966.631   20244.807
417  FLU           10407.205    269 21352.409    166612.409   22139.841
418  FLU+I         10200.111    270 20940.223    167280.223   21730.581
419  FLU+G4        9532.518     270 19605.036    165945.036   20395.395
420  FLU+I+G4      9516.855     271 19575.710    166999.710   20368.996
421  FLU+R2        9732.662     271 20007.324    167431.324   20800.609
422  FLU+R3        9559.672     273 19665.344    169269.344   20464.484
423  FLU+R4        9504.278     275 19558.556    171358.556   20363.550
424  FLU+R5        9493.460     277 19540.920    173552.920   20351.770
425  FLU+R6        9485.504     279 19529.009    175769.009   20345.713
426  FLU+R7        9483.384     281 19528.767    178012.767   20351.325
430  FLU+F         10652.915    288 21881.830    188345.830   22724.879
431  FLU+F+I       10466.596    289 21511.193    189131.193   22357.169
432  FLU+F+G4      9708.408     289 19994.817    187614.817   20840.793
433  FLU+F+I+G4    9695.873     290 19971.745    188751.745   20820.649
434  FLU+F+R2      9938.506     290 20457.012    189237.012   21305.916
435  FLU+F+R3      9750.848     292 20085.696    191197.696   20940.454
436  FLU+F+R4      9694.205     294 19976.410    193436.410   20837.023
437  FLU+F+R5      9685.307     296 19962.614    195786.614   20829.081
438  FLU+F+R6      9673.182     298 19942.365    198146.365   20814.686
439  FLU+F+R7      9669.754     300 19939.509    200539.509   20817.685
443  Blosum62      10226.240    269 20990.479    166250.479   21777.910
444  Blosum62+I    10044.045    270 20628.089    166968.089   21418.448
445  Blosum62+G4   9482.914     270 19505.828    165845.828   20296.186
446  Blosum62+I+G4 9479.512     271 19501.025    166925.025   20294.311
447  Blosum62+R2   9648.957     271 19839.914    167263.914   20633.200
448  Blosum62+R3   9496.489     273 19538.978    169142.978   20338.118
449  Blosum62+R4   9470.680     275 19491.359    171291.359   20296.354
450  Blosum62+R5   9461.599     277 19477.199    173489.199   20288.048
451  Blosum62+R6   9454.490     279 19466.981    175706.981   20283.684
452  Blosum62+R7   9453.093     281 19468.185    177952.185   20290.743
456  Blosum62+F    10266.336    288 21108.672    187572.672   21951.721
457  Blosum62+F+I  10093.006    289 20764.012    188384.012   21609.988
458  Blosum62+F+G4 9512.226     289 19602.452    187222.452   20448.429
459  Blosum62+F+I+G4 9508.525     290 19597.050    188377.050   20445.954
460  Blosum62+F+R2 9670.681     290 19921.362    188701.362   20770.265
461  Blosum62+F+R3 9525.618     292 19635.236    190747.236   20489.994
462  Blosum62+F+R4 9498.517     294 19585.033    193045.033   20445.646
463  Blosum62+F+R5 9489.090     296 19570.180    195394.180   20436.647
464  Blosum62+F+R6 9482.833     298 19561.665    197765.665   20433.987
465  Blosum62+F+R7 9481.662     300 19563.324    200163.324   20441.500
469  mtMet         11056.270    269 22650.539    167910.539   23437.970
470  mtMet+I       10875.708    270 22291.417    168631.417   23081.775
471  mtMet+G4      9888.983     270 20317.966    166657.966   21108.325
472  mtMet+I+G4    9878.757     271 20299.515    167723.515   21092.801
473  mtMet+R2      10099.233    271 20740.467    168164.467   21533.753
474  mtMet+R3      9918.373     273 20382.746    169986.746   21181.886
475  mtMet+R4      9883.615     275 20317.230    172117.230   21122.225
476  mtMet+R5      9873.764     277 20301.528    174313.528   21112.377
477  mtMet+R6      9864.133     279 20286.265    176526.265   21102.969
478  mtMet+R7      9861.749     281 20285.499    178769.499   21108.057
482  mtMet+F       10655.075    288 21886.150    188350.150   22729.199
483  mtMet+F+I     10470.034    289 21518.067    189138.067   22364.044
484  mtMet+F+G4    9571.835     289 19721.671    187341.671   20567.647
485  mtMet+F+I+G4  9558.644     290 19697.287    188477.287   20546.191
486  mtMet+F+R2    9781.931     290 20143.861    188923.861   20992.765
487  mtMet+F+R3    9600.697     292 19785.395    190897.395   20640.153
488  mtMet+F+R4    9560.604     294 19709.209    193169.209   20569.821
489  mtMet+F+R5    9551.610     296 19695.220    195519.220   20561.687
490  mtMet+F+R6    9543.496     298 19682.993    197886.993   20555.315
491  mtMet+F+R7    9540.939     300 19681.879    200281.879   20560.055
495  mtVer         11368.090    269 23274.179    168534.179   24061.611
496  mtVer+I       11187.131    270 22914.263    169254.263   23704.621
497  mtVer+G4      10107.447    270 20754.893    167094.893   21545.252
498  mtVer+I+G4    10091.305    271 20724.610    168148.610   21517.895
499  mtVer+R2      10324.318    271 21190.635    168614.635   21983.921
500  mtVer+R3      10135.912    273 20817.823    170421.823   21616.963
501  mtVer+R4      10098.911    275 20747.822    172547.822   21552.817
502  mtVer+R5      10085.913    277 20725.826    174737.826   21536.676
503  mtVer+R6      10077.381    279 20712.761    176952.761   21529.465
504  mtVer+R7      10075.243    281 20712.486    179196.486   21535.045
508  mtVer+F       10983.772    288 22543.545    189007.545   23386.594
509  mtVer+F+I     10783.849    289 22145.698    189765.698   22991.674
510  mtVer+F+G4    9816.541     289 20211.083    187831.083   21057.059
511  mtVer+F+I+G4  9790.404     290 20160.808    188940.808   21009.711
512  mtVer+F+R2    10040.766    290 20661.533    189441.533   21510.436
513  mtVer+F+R3    9855.267     292 20294.534    191406.534   21149.292
514  mtVer+F+R4    9804.659     294 20197.318    193657.318   21057.930
515  mtVer+F+R5    9792.527     296 20177.054    196001.054   21043.521
516  mtVer+F+R6    9779.914     298 20155.828    198359.828   21028.149
517  mtVer+F+R7    9776.573     300 20153.147    200753.147   21031.323
521  mtInv         10929.810    269 22397.619    167657.619   23185.051
522  mtInv+I       10745.166    270 22030.332    168370.332   22820.690
523  mtInv+G4      9860.280     270 20260.561    166600.561   21050.919
524  mtInv+I+G4    9855.573     271 20253.146    167677.146   21046.432
525  mtInv+R2      10065.599    271 20673.197    168097.197   21466.483
526  mtInv+R3      9893.691     273 20333.382    169937.382   21132.522
527  mtInv+R4      9855.184     275 20260.369    172060.369   21065.364
528  mtInv+R5      9847.266     277 20248.533    174260.533   21059.382
529  mtInv+R6      9836.203     279 20230.406    176470.406   21047.110
530  mtInv+R7      9834.460     281 20230.920    178714.920   21053.478
534  mtInv+F       10422.541    288 21421.082    187885.082   22264.131
535  mtInv+F+I     10234.675    289 21047.349    188667.349   21893.325
536  mtInv+F+G4    9440.238     289 19458.476    187078.476   20304.453
537  mtInv+F+I+G4  9438.785     290 19457.570    188237.570   20306.473
538  mtInv+F+R2    9644.791     290 19869.582    188649.582   20718.486
539  mtInv+F+R3    9464.287     292 19512.575    190624.575   20367.333
540  mtInv+F+R4    9435.565     294 19459.129    192919.129   20319.742
541  mtInv+F+R5    9425.749     296 19443.499    195267.499   20309.966
542  mtInv+F+R6    9414.533     298 19425.066    197629.066   20297.387
543  mtInv+F+R7    9412.554     300 19425.108    200025.108   20303.284
Akaike Information Criterion:           LG+R6
Corrected Akaike Information Criterion: LG+G4
Bayesian Information Criterion:         LG+R6
Best-fit model: LG+R6 chosen according to BIC

All model information printed to /mnt/ivy/thliao/project/AOB/analysis/20210713_repeat/add_Chromatiaces/phy_files/P39_prot/withEuk/NP_043193.1.model.gz
CPU time for ModelFinder: 1357.509 seconds (0h:22m:37s)
Wall-clock time for ModelFinder: 698.988 seconds (0h:11m:38s)
Generating 1000 samples for ultrafast bootstrap (seed: 56143)...

NOTE: 19 MB RAM (0 GB) is required!
Estimate model parameters (epsilon = 0.100)
1. Initial log-likelihood: -9277.283
2. Current log-likelihood: -9242.169
3. Current log-likelihood: -9240.018
4. Current log-likelihood: -9239.751
5. Current log-likelihood: -9239.631
Optimal log-likelihood: -9239.484
Site proportion and rates:  (0.352,0.108) (0.132,0.388) (0.112,0.784) (0.186,1.027) (0.175,2.463) (0.042,4.726)
Parameters optimization took 5 rounds (5.339 sec)
Computing ML distances based on estimated model parameters... 12.233 sec
Computing BIONJ tree...
0.017 seconds
Log-likelihood of BIONJ tree: -9224.707
--------------------------------------------------------------------
|             INITIALIZING CANDIDATE TREE SET                      |
--------------------------------------------------------------------
Generating 98 parsimony trees... 4.055 second
Computing log-likelihood of 98 initial trees ... 13.999 seconds
Current best score: -9154.996

Do NNI search on 20 best initial trees
Estimate model parameters (epsilon = 0.100)
BETTER TREE FOUND at iteration 1: -9117.308
Estimate model parameters (epsilon = 0.100)
BETTER TREE FOUND at iteration 2: -9115.593
Estimate model parameters (epsilon = 0.100)
BETTER TREE FOUND at iteration 4: -9105.003
Iteration 10 / LogL: -9115.606 / Time: 0h:0m:59s
Estimate model parameters (epsilon = 0.100)
BETTER TREE FOUND at iteration 19: -9102.533
Iteration 20 / LogL: -9136.115 / Time: 0h:1m:25s
Finish initializing candidate tree set (20)
Current best tree score: -9102.533 / CPU time: 74.101
Number of iterations: 20
--------------------------------------------------------------------
|               OPTIMIZING CANDIDATE TREE SET                      |
--------------------------------------------------------------------
Estimate model parameters (epsilon = 0.100)
BETTER TREE FOUND at iteration 26: -9090.610
Estimate model parameters (epsilon = 0.100)
BETTER TREE FOUND at iteration 30: -9087.133
Iteration 30 / LogL: -9087.133 / Time: 0h:1m:53s (0h:6m:31s left)
Iteration 40 / LogL: -9092.385 / Time: 0h:2m:14s (0h:5m:11s left)
Iteration 50 / LogL: -9100.161 / Time: 0h:2m:37s (0h:4m:16s left)
Log-likelihood cutoff on original alignment: -9169.093
UFBoot trees printed to /mnt/ivy/thliao/project/AOB/analysis/20210713_repeat/add_Chromatiaces/phy_files/P39_prot/withEuk/NP_043193.1.ufboot
Estimate model parameters (epsilon = 0.100)
BETTER TREE FOUND at iteration 58: -9086.440
Iteration 60 / LogL: -9087.254 / Time: 0h:3m:2s (0h:5m:2s left)
Estimate model parameters (epsilon = 0.100)
BETTER TREE FOUND at iteration 64: -9085.350
Iteration 70 / LogL: -9096.433 / Time: 0h:3m:25s (0h:4m:40s left)
Iteration 80 / LogL: -9098.920 / Time: 0h:3m:48s (0h:4m:2s left)
Estimate model parameters (epsilon = 0.100)
BETTER TREE FOUND at iteration 83: -9084.414
Iteration 90 / LogL: -9084.798 / Time: 0h:4m:11s (0h:4m:23s left)
Iteration 100 / LogL: -9089.778 / Time: 0h:4m:37s (0h:3m:52s left)
Log-likelihood cutoff on original alignment: -9169.093
NOTE: Bootstrap correlation coefficient of split occurrence frequencies: 0.988
NOTE: UFBoot does not converge, continue at least 100 more iterations
UFBoot trees printed to /mnt/ivy/thliao/project/AOB/analysis/20210713_repeat/add_Chromatiaces/phy_files/P39_prot/withEuk/NP_043193.1.ufboot
Estimate model parameters (epsilon = 0.100)
BETTER TREE FOUND at iteration 101: -9084.103
Estimate model parameters (epsilon = 0.100)
BETTER TREE FOUND at iteration 108: -9082.422
Iteration 110 / LogL: -9090.508 / Time: 0h:5m:2s (0h:4m:31s left)
Estimate model parameters (epsilon = 0.100)
BETTER TREE FOUND at iteration 119: -9082.070
Iteration 120 / LogL: -9086.525 / Time: 0h:5m:26s (0h:4m:31s left)
Iteration 130 / LogL: -9088.960 / Time: 0h:5m:49s (0h:4m:1s left)
Estimate model parameters (epsilon = 0.100)
BETTER TREE FOUND at iteration 133: -9081.988
Iteration 140 / LogL: -9081.988 / Time: 0h:6m:13s (0h:4m:9s left)
Iteration 150 / LogL: -9084.418 / Time: 0h:6m:36s (0h:3m:40s left)
Log-likelihood cutoff on original alignment: -9169.093
UFBoot trees printed to /mnt/ivy/thliao/project/AOB/analysis/20210713_repeat/add_Chromatiaces/phy_files/P39_prot/withEuk/NP_043193.1.ufboot
Iteration 160 / LogL: -9093.849 / Time: 0h:6m:59s (0h:3m:12s left)
Iteration 170 / LogL: -9091.640 / Time: 0h:7m:21s (0h:2m:44s left)
Iteration 180 / LogL: -9084.489 / Time: 0h:7m:44s (0h:2m:17s left)
Iteration 190 / LogL: -9116.729 / Time: 0h:8m:6s (0h:1m:50s left)
UPDATE BEST LOG-LIKELIHOOD: -9081.988
Iteration 200 / LogL: -9081.989 / Time: 0h:8m:29s (0h:1m:24s left)
Log-likelihood cutoff on original alignment: -9169.093
NOTE: Bootstrap correlation coefficient of split occurrence frequencies: 0.996
UFBoot trees printed to /mnt/ivy/thliao/project/AOB/analysis/20210713_repeat/add_Chromatiaces/phy_files/P39_prot/withEuk/NP_043193.1.ufboot
UPDATE BEST LOG-LIKELIHOOD: -9081.988
BETTER TREE FOUND at iteration 205: -9081.979
Iteration 210 / LogL: -9086.684 / Time: 0h:8m:53s (0h:4m:2s left)
Iteration 220 / LogL: -9084.916 / Time: 0h:9m:16s (0h:3m:36s left)
Iteration 230 / LogL: -9081.988 / Time: 0h:9m:39s (0h:3m:9s left)
Iteration 240 / LogL: -9089.884 / Time: 0h:10m:3s (0h:2m:44s left)
Iteration 250 / LogL: -9085.944 / Time: 0h:10m:26s (0h:2m:18s left)
Log-likelihood cutoff on original alignment: -9169.093
UFBoot trees printed to /mnt/ivy/thliao/project/AOB/analysis/20210713_repeat/add_Chromatiaces/phy_files/P39_prot/withEuk/NP_043193.1.ufboot
Iteration 260 / LogL: -9083.398 / Time: 0h:10m:52s (0h:1m:53s left)
Iteration 270 / LogL: -9092.435 / Time: 0h:11m:15s (0h:1m:27s left)
UPDATE BEST LOG-LIKELIHOOD: -9081.979
Iteration 280 / LogL: -9093.377 / Time: 0h:11m:39s (0h:1m:2s left)
Iteration 290 / LogL: -9081.988 / Time: 0h:12m:0s (0h:0m:37s left)
Iteration 300 / LogL: -9081.998 / Time: 0h:12m:21s (0h:0m:12s left)
Log-likelihood cutoff on original alignment: -9169.093
NOTE: Bootstrap correlation coefficient of split occurrence frequencies: 0.998
UFBoot trees printed to /mnt/ivy/thliao/project/AOB/analysis/20210713_repeat/add_Chromatiaces/phy_files/P39_prot/withEuk/NP_043193.1.ufboot
TREE SEARCH COMPLETED AFTER 306 ITERATIONS / Time: 0h:12m:36s

--------------------------------------------------------------------
|                    FINALIZING TREE SEARCH                        |
--------------------------------------------------------------------
Performs final model parameters optimization
Estimate model parameters (epsilon = 0.010)
1. Initial log-likelihood: -9081.979
Optimal log-likelihood: -9081.969
Site proportion and rates:  (0.364,0.112) (0.138,0.436) (0.180,0.845) (0.134,1.336) (0.150,2.651) (0.035,4.908)
Parameters optimization took 1 rounds (1.071 sec)
BEST SCORE FOUND : -9081.969
Creating bootstrap support values...
Split supports printed to NEXUS file /mnt/ivy/thliao/project/AOB/analysis/20210713_repeat/add_Chromatiaces/phy_files/P39_prot/withEuk/NP_043193.1.splits.nex
Total tree length: 18.288

Total number of iterations: 306
CPU time used for tree search: 1462.673 sec (0h:24m:22s)
Wall-clock time used for tree search: 745.058 sec (0h:12m:25s)
Total CPU time used: 1489.463 sec (0h:24m:49s)
Total wall-clock time used: 758.765 sec (0h:12m:38s)
UFBoot trees printed to /mnt/ivy/thliao/project/AOB/analysis/20210713_repeat/add_Chromatiaces/phy_files/P39_prot/withEuk/NP_043193.1.ufboot

Computing bootstrap consensus tree...
Reading input file /mnt/ivy/thliao/project/AOB/analysis/20210713_repeat/add_Chromatiaces/phy_files/P39_prot/withEuk/NP_043193.1.splits.nex...
136 taxa and 1364 splits.
Consensus tree written to /mnt/ivy/thliao/project/AOB/analysis/20210713_repeat/add_Chromatiaces/phy_files/P39_prot/withEuk/NP_043193.1.contree
Reading input trees file /mnt/ivy/thliao/project/AOB/analysis/20210713_repeat/add_Chromatiaces/phy_files/P39_prot/withEuk/NP_043193.1.contree
Log-likelihood of consensus tree: -9082.486

Analysis results written to: 
  IQ-TREE report:                /mnt/ivy/thliao/project/AOB/analysis/20210713_repeat/add_Chromatiaces/phy_files/P39_prot/withEuk/NP_043193.1.iqtree
  Maximum-likelihood tree:       /mnt/ivy/thliao/project/AOB/analysis/20210713_repeat/add_Chromatiaces/phy_files/P39_prot/withEuk/NP_043193.1.treefile
  Likelihood distances:          /mnt/ivy/thliao/project/AOB/analysis/20210713_repeat/add_Chromatiaces/phy_files/P39_prot/withEuk/NP_043193.1.mldist

Ultrafast bootstrap approximation results written to:
  Split support values:          /mnt/ivy/thliao/project/AOB/analysis/20210713_repeat/add_Chromatiaces/phy_files/P39_prot/withEuk/NP_043193.1.splits.nex
  Consensus tree:                /mnt/ivy/thliao/project/AOB/analysis/20210713_repeat/add_Chromatiaces/phy_files/P39_prot/withEuk/NP_043193.1.contree
  UFBoot trees:                  /mnt/ivy/thliao/project/AOB/analysis/20210713_repeat/add_Chromatiaces/phy_files/P39_prot/withEuk/NP_043193.1.ufboot
  Screen log file:               /mnt/ivy/thliao/project/AOB/analysis/20210713_repeat/add_Chromatiaces/phy_files/P39_prot/withEuk/NP_043193.1.log

Date and Time: Mon Dec 12 10:03:16 2022
