IQ-TREE multicore version 1.6.12 for Linux 64-bit built Aug 15 2019
Developed by Bui Quang Minh, Nguyen Lam Tung, Olga Chernomor,
Heiko Schmidt, Dominik Schrempf, Michael Woodhams.

Host:    cl002 (AVX2, FMA3, 251 GB RAM)
Command: iqtree -nt 2 -redo -wbtl -bb 1000 -pre /mnt/ivy/thliao/project/AOB/analysis/20210713_repeat/add_Chromatiaces/phy_files/P39_prot/withEuk/NP_043195.1 -s /mnt/ivy/thliao/project/AOB/analysis/20210713_repeat/add_Chromatiaces/phy_files/P39_prot/withEuk/NP_043195.1.aln
Seed:    840896 (Using SPRNG - Scalable Parallel Random Number Generator)
Time:    Mon Dec 12 09:36:22 2022
Kernel:  AVX+FMA - 2 threads (64 CPU cores detected)

Reading alignment file /mnt/ivy/thliao/project/AOB/analysis/20210713_repeat/add_Chromatiaces/phy_files/P39_prot/withEuk/NP_043195.1.aln ... Fasta format detected
Alignment most likely contains protein sequences
Alignment has 135 sequences with 167 columns, 160 distinct patterns
129 parsimony-informative, 12 singleton sites, 26 constant sites
                            Gap/Ambiguity  Composition  p-value
   1  Arabidopsis_thaliana         19.16%    passed     96.09%
   2  Chondrus_crispus             17.96%    passed     95.54%
   3  Cyanidioschyzon_merolae      14.37%    passed     14.11%
   4  Cyanophora_paradoxa          18.56%    passed     93.73%
   5  Cyanoptyche_gloeocystis      15.57%    passed     95.30%
   6  Galdieria_sulphuraria        16.77%    passed     71.14%
   7  Gloeochaete_wittrockiana     20.36%    passed     97.64%
   8  Mesotaenium_endlicherianum   12.57%    passed     93.06%
   9  NC_000926.1                  19.76%    passed     92.08%
  10  NC_002186.1                  18.56%    passed     87.39%
  11  NC_005353.1                  18.56%    passed     98.69%
  12  NC_007288.1                  17.37%    passed     83.28%
  13  NC_008588.1                  17.37%    passed     78.42%
  14  NC_008589.1                  17.96%    passed     86.35%
  15  NC_010654.1                  19.76%    passed     87.24%
  16  NC_012898.1                  18.56%    passed     98.70%
  17  NC_016703.2                  17.96%    passed     91.86%
  18  NC_016732.1                  17.96%    passed     99.16%
  19  NC_020371.1                  17.37%    passed     80.04%
  20  NC_049168.1                  17.37%    passed     93.35%
  21  Oltmannsiellopsis_viridis    19.76%    passed     84.99%
  22  Oryza_sativa                 18.56%    passed     73.34%
  23  Ostreococcus_tauri           15.57%    passed     95.82%
  24  Palmophyllum_crassum         16.77%    passed     39.22%
  25  Pedinomonas_tuberculata      14.97%    passed     99.75%
  26  Penium_margaritaceum         18.56%    passed     79.65%
  27  Physcomitrium_patens         17.37%    passed     81.89%
  28  Picocystis_salinarum         19.16%    passed     95.87%
  29  Porphyra_umbilicalis         16.77%    passed     99.58%
  30  Porphyridium_purpureum       18.56%    passed     99.71%
  31  Prasinoderma_coloniale       16.17%    passed     82.96%
  32  Tetradesmus_obliquus         17.37%    passed     83.77%
  33  Tupiella_akineta             17.96%    passed     92.18%
  34  GCA_000473895.1              16.77%    passed     99.52%
  35  GCA_000024725.1              17.96%    passed     85.29%
  36  GCA_013697045.1              17.96%    passed     80.43%
  37  GCA_900107585.1              17.96%    passed     98.59%
  38  GCA_014859375.1              17.96%    passed     99.96%
  39  GCA_015272465.1              13.17%    passed     96.68%
  40  GCA_002356115.1              17.96%    passed     91.79%
  41  GCA_009833095.1              17.37%    passed     96.26%
  42  GCA_013140465.1              17.96%    passed     99.68%
  43  GCA_001747005.1              17.37%    passed     85.23%
  44  GCA_014635705.1              16.77%    passed     99.89%
  45  GCA_000469665.2              16.77%    passed     40.37%
  46  GCA_002109495.1              16.77%    passed     94.32%
  47  GCA_001458735.1              17.37%    passed     98.66%
  48  GCA_000952155.1              16.17%    passed     94.57%
  49  GCA_000317495.1              16.77%    passed     97.70%
  50  GCA_000317515.1              16.77%    passed     98.97%
  51  GCA_007197755.1              16.77%    passed     91.34%
  52  GCA_001187785.1              18.56%    passed     97.46%
  53  GCA_003719295.1              17.96%    passed     99.98%
  54  GCA_000314005.1              16.77%    passed     95.99%
  55  GCA_004168365.1              17.96%    passed     79.75%
  56  GCA_011090395.1              17.37%    passed     99.21%
  57  GCA_003015105.1              16.77%    passed     95.87%
  58  GCA_902810445.1              17.96%    passed     99.23%
  59  GCA_001697225.1              17.37%    passed     99.64%
  60  GCA_002868715.1              17.96%    passed     99.99%
  61  GCA_003532895.1              16.77%    passed     47.12%
  62  GCA_002218085.1              25.15%    passed     67.65%
  63  GCA_003015145.1              18.56%    passed     37.45%
  64  GCA_008189685.1              16.17%    passed     86.79%
  65  GCA_003696005.1              15.57%    passed     98.98%
  66  GCA_003551305.1              16.77%    passed     20.22%
  67  GCA_004684205.1              17.96%    passed     99.66%
  68  GCA_001828295.1              16.77%    passed     89.62%
  69  GCA_000949635.1              16.77%    passed     93.69%
  70  GCA_013141375.1              17.96%    passed     98.58%
  71  GCA_000760695.4              14.37%    passed     87.70%
  72  GCA_017879665.1              17.37%    passed     96.72%
  73  GCA_001772005.1              17.37%    passed     98.73%
  74  GCA_000332035.1              16.77%    passed     71.91%
  75  GCA_016788925.1              17.37%    passed     93.92%
  76  GCA_000740735.1              17.96%    passed     92.02%
  77  GCA_000934545.1              17.96%    passed     99.93%
  78  GCA_001458695.1              16.77%    passed     99.20%
  79  GCA_016207025.1              19.76%    passed     99.57%
  80  GCA_900119825.1              17.37%    passed     99.99%
  81  GCA_003534995.1              16.17%    passed     99.16%
  82  GCA_015709635.1              17.37%    passed     99.92%
  83  GCA_006496635.1              17.96%    passed     99.97%
  84  GCA_000011385.1              11.38%    passed     68.39%
  85  GCA_001828545.1              17.37%    passed     77.45%
  86  GCA_005877815.1              15.57%    passed     36.70%
  87  GCA_000263335.1              17.96%    passed     99.90%
  88  GCA_007992375.1              17.37%    passed     98.93%
  89  GCA_001890765.1              16.77%    passed     98.55%
  90  GCA_003149345.1              12.57%    passed     88.24%
  91  GCA_001828535.1              16.77%    passed     85.31%
  92  GCA_004421105.1              17.37%    passed     97.29%
  93  GCA_002083815.1              12.57%    passed     98.30%
  94  GCA_003576955.1              17.37%    passed     98.38%
  95  GCA_003851125.1              17.37%    passed     98.27%
  96  GCA_010027455.1              17.37%    passed     99.42%
  97  GCA_001803795.1              16.77%    passed     97.11%
  98  GCA_003003885.1              16.17%    passed     97.77%
  99  GCA_004282745.1              16.77%    passed     97.87%
 100  GCA_002072955.1              17.96%    passed     99.87%
 101  GCA_016873455.1              17.37%    passed     99.74%
 102  GCA_001870225.1              10.78%    passed     13.39%
 103  GCA_013140535.1              17.96%    passed     84.24%
 104  GCA_000948975.1              17.96%    passed     98.14%
 105  GCA_001566965.1              17.96%    passed    100.00%
 106  GCA_000264455.2              16.77%    passed     92.12%
 107  GCA_000317535.1              15.57%    passed     77.88%
 108  GCA_006385135.1              17.96%    passed     56.11%
 109  GCA_001267195.1              17.96%    passed     99.88%
 110  GCA_000014865.1              17.96%    passed     98.53%
 111  GCA_002355455.1              16.77%    passed     96.08%
 112  GCA_002162035.1              17.37%    passed     98.83%
 113  GCA_001881495.1              17.96%    passed     99.81%
 114  GCA_000317575.1              16.77%    passed     96.37%
 115  GCA_000380225.1              16.77%    passed     94.63%
 116  GCA_003258315.1              17.37%    passed     98.98%
 117  GCA_016592635.1              17.96%    passed     99.87%
 118  GCA_902459485.1              17.96%    passed     99.98%
 119  GCA_001904725.1              16.77%    passed     99.86%
 120  GCA_000013225.1               7.19%    passed     99.83%
 121  GCA_900110495.1              17.37%    passed     99.45%
 122  GCA_000346485.2              14.37%    passed     82.18%
 123  GCA_003644325.1              32.93%    failed      0.04%
 124  GCA_004195045.1              17.96%    passed     92.71%
 125  GCA_013521015.1              17.37%    passed     99.28%
 126  GCA_002924445.1              16.77%    passed     93.60%
 127  GCA_005524015.1              16.77%    passed     84.88%
 128  GCA_000332275.1               8.38%    passed     76.34%
 129  GCA_002007425.1              17.96%    passed     89.76%
 130  GCA_016708925.1              17.96%    passed     99.71%
 131  GCA_000828615.1              17.96%    passed     98.62%
 132  GCA_000228725.3              17.96%    passed     96.15%
 133  GCA_000379525.1              17.96%    passed     95.76%
 134  GCA_001007875.1              17.96%    passed     99.98%
 135  GCA_001469165.1              17.96%    passed     95.84%
****  TOTAL                        17.21%  1 sequences failed composition chi2 test (p-value<5%; df=19)


Create initial parsimony tree by phylogenetic likelihood library (PLL)... 0.064 seconds
NOTE: ModelFinder requires 38 MB RAM!
ModelFinder will test 546 protein models (sample size: 167) ...
 No. Model         -LnL         df  AIC          AICc         BIC
  1  Dayhoff       14438.504    267 29411.008    172523.008   30243.513
  2  Dayhoff+I     14223.521    268 28983.042    173167.042   29818.664
  3  Dayhoff+G4    13564.583    268 27665.167    171849.167   28500.789
  4  Dayhoff+I+G4  13546.407    269 27630.813    172890.813   28469.553
  5  Dayhoff+R2    13766.959    269 28071.917    173331.917   28910.658
  6  Dayhoff+R3    13610.066    271 27762.132    175186.132   28607.108
  7  Dayhoff+R4    13560.510    273 27667.020    177271.020   28518.232
  8  Dayhoff+R5    13544.702    275 27639.404    179439.404   28496.852
  9  Dayhoff+R6    13540.727    277 27635.455    181647.455   28499.139
 14  Dayhoff+F     14588.419    286 29748.839    193912.839   30640.585
 15  Dayhoff+F+I   14389.215    287 29352.429    194664.429   30247.294
 16  Dayhoff+F+G4  13727.118    287 28028.236    193340.236   28923.100
 17  Dayhoff+F+I+G4 13711.852    288 27999.703    194463.703   28897.686
 18  Dayhoff+F+R2  13926.483    288 28428.966    194892.966   29326.948
 19  Dayhoff+F+R3  13772.594    290 28125.187    196905.187   29029.405
 20  Dayhoff+F+R4  13723.773    292 28031.546    199143.546   28942.000
 21  Dayhoff+F+R5  13707.702    294 28003.404    201463.404   28920.094
 22  Dayhoff+F+R6  13704.836    296 28001.671    203825.671   28924.597
 27  mtMAM         15822.961    267 32179.923    175291.923   33012.427
 28  mtMAM+I       15743.426    268 32022.852    176206.852   32858.474
 29  mtMAM+G4      14452.672    268 29441.343    173625.343   30276.966
 30  mtMAM+I+G4    14451.019    269 29440.039    174700.039   30278.779
 31  mtMAM+R2      14707.984    269 29953.969    175213.969   30792.709
 32  mtMAM+R3      14528.893    271 29599.785    177023.785   30444.761
 33  mtMAM+R4      14449.899    273 29445.798    179049.798   30297.011
 34  mtMAM+R5      14429.241    275 29408.482    181208.482   30265.931
 35  mtMAM+R6      14418.683    277 29391.366    183403.366   30255.050
 36  mtMAM+R7      14415.118    279 29388.236    185628.236   30258.156
 40  mtMAM+F       15357.469    286 31286.939    195450.939   32178.685
 41  mtMAM+F+I     15264.606    287 31103.213    196415.213   31998.077
 42  mtMAM+F+G4    14185.915    287 28945.829    194257.829   29840.693
 43  mtMAM+F+I+G4  14182.997    288 28941.994    195405.994   29839.977
 44  mtMAM+F+R2    14395.275    288 29366.550    195830.550   30264.532
 45  mtMAM+F+R3    14227.946    290 29035.892    197815.892   29940.111
 46  mtMAM+F+R4    14182.626    292 28949.252    200061.252   29859.706
 47  mtMAM+F+R5    14155.599    294 28899.199    202359.199   29815.889
 48  mtMAM+F+R6    14152.386    296 28896.773    204720.773   29819.699
 53  JTT           14393.106    267 29320.211    172432.211   30152.716
 54  JTT+I         14180.144    268 28896.289    173080.289   29731.911
 55  JTT+G4        13495.599    268 27527.199    171711.199   28362.821
 56  JTT+I+G4      13474.590    269 27487.181    172747.181   28325.921
 57  JTT+R2        13710.238    269 27958.475    173218.475   28797.216
 58  JTT+R3        13543.224    271 27628.448    175052.448   28473.424
 59  JTT+R4        13492.919    273 27531.837    177135.837   28383.050
 60  JTT+R5        13478.585    275 27507.170    179307.170   28364.618
 61  JTT+R6        13474.249    277 27502.499    181514.499   28366.183
 66  JTT+F         14709.064    286 29990.127    194154.127   30881.873
 67  JTT+F+I       14493.169    287 29560.338    194872.338   30455.202
 68  JTT+F+G4      13770.579    287 28115.157    193427.157   29010.022
 69  JTT+F+I+G4    13748.143    288 28072.286    194536.286   28970.268
 70  JTT+F+R2      13990.172    288 28556.345    195020.345   29454.327
 71  JTT+F+R3      13825.284    290 28230.568    197010.568   29134.786
 72  JTT+F+R4      13767.230    292 28118.461    199230.461   29028.915
 73  JTT+F+R5      13753.314    294 28094.629    201554.629   29011.319
 74  JTT+F+R6      13746.034    296 28084.068    203908.068   29006.994
 75  JTT+F+R7      13742.969    298 28081.938    206285.938   29011.100
 79  WAG           14291.423    267 29116.846    172228.846   29949.350
 80  WAG+I         14081.555    268 28699.110    172883.110   29534.733
 81  WAG+G4        13459.136    268 27454.271    171638.271   28289.893
 82  WAG+I+G4      13439.192    269 27416.384    172676.384   28255.125
 83  WAG+R2        13673.993    269 27885.987    173145.987   28724.727
 84  WAG+R3        13501.356    271 27544.711    174968.711   28389.688
 85  WAG+R4        13456.504    273 27459.009    177063.009   28310.221
 86  WAG+R5        13445.869    275 27441.737    179241.737   28299.186
 87  WAG+R6        13437.217    277 27428.434    181440.434   28292.118
 88  WAG+R7        13435.775    279 27429.550    183669.550   28299.471
 92  WAG+F         14569.412    286 29710.824    193874.824   30602.570
 93  WAG+F+I       14360.599    287 29295.199    194607.199   30190.063
 94  WAG+F+G4      13705.729    287 27985.458    193297.458   28880.323
 95  WAG+F+I+G4    13687.873    288 27951.747    194415.747   28849.729
 96  WAG+F+R2      13925.763    288 28427.525    194891.525   29325.507
 97  WAG+F+R3      13752.897    290 28085.794    196865.794   28990.012
 98  WAG+F+R4      13702.779    292 27989.558    199101.558   28900.013
 99  WAG+F+R5      13695.813    294 27979.626    201439.626   28896.317
100  WAG+F+R6      13685.634    296 27963.267    203787.267   28886.193
101  WAG+F+R7      13684.581    298 27965.162    206169.162   28894.324
105  cpREV         14395.161    267 29324.323    172436.323   30156.827
106  cpREV+I       14178.841    268 28893.682    173077.682   29729.304
107  cpREV+G4      13547.352    268 27630.703    171814.703   28466.325
108  cpREV+I+G4    13524.115    269 27586.229    172846.229   28424.970
109  cpREV+R2      13733.459    269 28004.919    173264.919   28843.659
110  cpREV+R3      13588.422    271 27718.843    175142.843   28563.820
111  cpREV+R4      13540.521    273 27627.043    177231.043   28478.255
112  cpREV+R5      13527.939    275 27605.877    179405.877   28463.326
113  cpREV+R6      13516.513    277 27587.026    181599.026   28450.710
114  cpREV+R7      13515.347    279 27588.695    183828.695   28458.615
118  cpREV+F       14735.323    286 30042.646    194206.646   30934.393
119  cpREV+F+I     14500.495    287 29574.991    194886.991   30469.855
120  cpREV+F+G4    13812.779    287 28199.557    193511.557   29094.421
121  cpREV+F+I+G4  13785.644    288 28147.288    194611.288   29045.270
122  cpREV+F+R2    14021.622    288 28619.244    195083.244   29517.226
123  cpREV+F+R3    13853.059    290 28286.118    197066.118   29190.336
124  cpREV+F+R4    13805.714    292 28195.429    199307.429   29105.883
125  cpREV+F+R5    13795.427    294 28178.853    201638.853   29095.544
126  cpREV+F+R6    13781.946    296 28155.891    203979.891   29078.817
127  cpREV+F+R7    13780.607    298 28157.215    206361.215   29086.377
131  mtREV         15026.242    267 30586.483    173698.483   31418.988
132  mtREV+I       14920.369    268 30376.738    174560.738   31212.360
133  mtREV+G4      14029.516    268 28595.031    172779.031   29430.654
134  mtREV+I+G4    14023.543    269 28585.087    173845.087   29423.827
135  mtREV+R2      14234.759    269 29007.518    174267.518   29846.259
136  mtREV+R3      14083.427    271 28708.854    176132.854   29553.831
137  mtREV+R4      14021.968    273 28589.936    178193.936   29441.149
138  mtREV+R5      14010.427    275 28570.853    180370.853   29428.302
139  mtREV+R6      14001.172    277 28556.344    182568.344   29420.028
140  mtREV+R7      14001.132    279 28560.265    184800.265   29430.185
144  mtREV+F       14675.506    286 29923.013    194087.013   30814.759
145  mtREV+F+I     14545.769    287 29665.538    194977.538   30560.402
146  mtREV+F+G4    13791.060    287 28156.119    193468.119   29050.983
147  mtREV+F+I+G4  13783.561    288 28143.121    194607.121   29041.103
148  mtREV+F+R2    13993.244    288 28562.487    195026.487   29460.469
149  mtREV+F+R3    13829.339    290 28238.679    197018.679   29142.897
150  mtREV+F+R4    13788.571    292 28161.141    199273.141   29071.596
151  mtREV+F+R5    13780.533    294 28149.066    201609.066   29065.756
152  mtREV+F+R6    13769.198    296 28130.396    203954.396   29053.322
153  mtREV+F+R7    13769.149    298 28134.297    206338.297   29063.459
157  rtREV         14279.080    267 29092.160    172204.160   29924.665
158  rtREV+I       14094.169    268 28724.339    172908.339   29559.961
159  rtREV+G4      13442.064    268 27420.128    171604.128   28255.750
160  rtREV+I+G4    13422.807    269 27383.615    172643.615   28222.355
161  rtREV+R2      13672.371    269 27882.741    173142.741   28721.482
162  rtREV+R3      13483.147    271 27508.295    174932.295   28353.271
163  rtREV+R4      13438.885    273 27423.769    177027.769   28274.982
164  rtREV+R5      13425.258    275 27400.515    179200.515   28257.964
165  rtREV+R6      13422.374    277 27398.747    181410.747   28262.432
170  rtREV+F       14440.993    286 29453.985    193617.985   30345.732
171  rtREV+F+I     14254.559    287 29083.118    194395.118   29977.982
172  rtREV+F+G4    13575.824    287 27725.648    193037.648   28620.512
173  rtREV+F+I+G4  13554.785    288 27685.570    194149.570   28583.552
174  rtREV+F+R2    13797.724    288 28171.449    194635.449   29069.431
175  rtREV+F+R3    13621.570    290 27823.140    196603.140   28727.358
176  rtREV+F+R4    13571.805    292 27727.611    198839.611   28638.065
177  rtREV+F+R5    13559.346    294 27706.691    201166.691   28623.381
178  rtREV+F+R6    13557.350    296 27706.700    203530.700   28629.626
183  mtART         15342.964    267 31219.929    174331.929   32052.433
184  mtART+I       15239.004    268 31014.009    175198.009   31849.631
185  mtART+G4      13999.569    268 28535.138    172719.138   29370.760
186  mtART+I+G4    13994.876    269 28527.753    173787.753   29366.493
187  mtART+R2      14232.725    269 29003.451    174263.451   29842.191
188  mtART+R3      14096.335    271 28734.669    176158.669   29579.646
189  mtART+R4      13998.066    273 28542.132    178146.132   29393.344
190  mtART+R5      13982.134    275 28514.268    180314.268   29371.717
191  mtART+R6      13975.167    277 28504.334    182516.334   29368.019
192  mtART+R7      13975.160    279 28508.320    184748.320   29378.241
196  mtART+F       14838.766    286 30249.532    194413.532   31141.279
197  mtART+F+I     14718.362    287 30010.724    195322.724   30905.588
198  mtART+F+G4    13784.846    287 28143.693    193455.693   29038.557
199  mtART+F+I+G4  13771.145    288 28118.289    194582.289   29016.272
200  mtART+F+R2    13951.238    288 28478.476    194942.476   29376.458
201  mtART+F+R3    13804.151    290 28188.301    196968.301   29092.520
202  mtART+F+R4    13763.417    292 28110.835    199222.835   29021.289
203  mtART+F+R5    13750.970    294 28089.940    201549.940   29006.630
204  mtART+F+R6    13748.591    296 28089.182    203913.182   29012.108
209  mtZOA         14865.629    267 30265.257    173377.257   31097.762
210  mtZOA+I       14758.444    268 30052.888    174236.888   30888.510
211  mtZOA+G4      13712.463    268 27960.925    172144.925   28796.548
212  mtZOA+I+G4    13704.694    269 27947.388    173207.388   28786.129
213  mtZOA+R2      13908.389    269 28354.778    173614.778   29193.518
214  mtZOA+R3      13769.191    271 28080.383    175504.383   28925.359
215  mtZOA+R4      13705.063    273 27956.125    177560.125   28807.337
216  mtZOA+R5      13693.584    275 27937.167    179737.167   28794.616
217  mtZOA+R6      13690.977    277 27935.953    181947.953   28799.638
222  mtZOA+F       14632.589    286 29837.178    194001.178   30728.924
223  mtZOA+F+I     14493.334    287 29560.668    194872.668   30455.533
224  mtZOA+F+G4    13694.898    287 27963.796    193275.796   28858.660
225  mtZOA+F+I+G4  13669.651    288 27915.301    194379.301   28813.283
226  mtZOA+F+R2    13861.436    288 28298.873    194762.873   29196.855
227  mtZOA+F+R3    13715.851    290 28011.703    196791.703   28915.921
228  mtZOA+F+R4    13678.660    292 27941.320    199053.320   28851.774
229  mtZOA+F+R5    13658.395    294 27904.789    201364.789   28821.480
230  mtZOA+F+R6    13656.535    296 27905.070    203729.070   28827.996
235  VT            14330.670    267 29195.339    172307.339   30027.843
236  VT+I          14124.340    268 28784.680    172968.680   29620.303
237  VT+G4         13512.684    268 27561.368    171745.368   28396.990
238  VT+I+G4       13490.914    269 27519.829    172779.829   28358.569
239  VT+R2         13707.636    269 27953.271    173213.271   28792.011
240  VT+R3         13556.126    271 27654.251    175078.251   28499.227
241  VT+R4         13507.980    273 27561.960    177165.960   28413.172
242  VT+R5         13497.029    275 27544.058    179344.058   28401.507
243  VT+R6         13488.478    277 27530.956    181542.956   28394.641
244  VT+R7         13488.424    279 27534.848    183774.848   28404.768
248  VT+F          14609.614    286 29791.229    193955.229   30682.975
249  VT+F+I        14401.913    287 29377.825    194689.825   30272.690
250  VT+F+G4       13771.559    287 28117.117    193429.117   29011.981
251  VT+F+I+G4     13751.554    288 28079.109    194543.109   28977.091
252  VT+F+R2       13967.951    288 28511.903    194975.903   29409.885
253  VT+F+R3       13819.331    290 28218.663    196998.663   29122.881
254  VT+F+R4       13766.855    292 28117.711    199229.711   29028.165
255  VT+F+R5       13759.405    294 28106.810    201566.810   29023.500
256  VT+F+R6       13748.471    296 28088.941    203912.941   29011.868
257  VT+F+R7       13748.403    298 28092.805    206296.805   29021.968
261  LG            14191.325    267 28916.650    172028.650   29749.154
262  LG+I          14005.527    268 28547.053    172731.053   29382.676
263  LG+G4         13326.081    268 27188.162    171372.162   28023.785
264  LG+I+G4       13304.801    269 27147.601    172407.601   27986.341
265  LG+R2         13556.176    269 27650.352    172910.352   28489.092
266  LG+R3         13372.705    271 27287.409    174711.409   28132.386
267  LG+R4         13321.752    273 27189.503    176793.503   28040.716
268  LG+R5         13304.171    275 27158.341    178958.341   28015.790
269  LG+R6         13298.912    277 27151.824    181163.824   28015.508
270  LG+R7         13298.797    279 27155.593    183395.593   28025.514
274  LG+F          14450.740    286 29473.480    193637.480   30365.227
275  LG+F+I        14259.956    287 29093.912    194405.912   29988.776
276  LG+F+G4       13556.659    287 27687.318    192999.318   28582.182
277  LG+F+I+G4     13537.629    288 27651.258    194115.258   28549.241
278  LG+F+R2       13783.975    288 28143.950    194607.950   29041.932
279  LG+F+R3       13603.579    290 27787.159    196567.159   28691.377
280  LG+F+R4       13552.007    292 27688.014    198800.014   28598.469
281  LG+F+R5       13537.620    294 27663.239    201123.239   28579.929
282  LG+F+R6       13529.845    296 27651.690    203475.690   28574.616
283  LG+F+R7       13529.775    298 27655.551    205859.551   28584.713
287  DCMut         14438.892    267 29411.783    172523.783   30244.288
288  DCMut+I       14223.794    268 28983.589    173167.589   29819.211
289  DCMut+G4      13565.937    268 27667.873    171851.873   28503.495
290  DCMut+I+G4    13547.702    269 27633.404    172893.404   28472.144
291  DCMut+R2      13767.934    269 28073.867    173333.867   28912.608
292  DCMut+R3      13611.292    271 27764.584    175188.584   28609.561
293  DCMut+R4      13561.297    273 27668.593    177272.593   28519.806
294  DCMut+R5      13545.672    275 27641.344    179441.344   28498.792
295  DCMut+R6      13538.663    277 27631.327    181643.327   28495.011
296  DCMut+R7      13538.604    279 27635.209    183875.209   28505.129
300  DCMut+F       14588.563    286 29749.126    193913.126   30640.872
301  DCMut+F+I     14389.234    287 29352.469    194664.469   30247.333
302  DCMut+F+G4    13728.150    287 28030.301    193342.301   28925.165
303  DCMut+F+I+G4  13712.981    288 28001.963    194465.963   28899.945
304  DCMut+F+R2    13927.054    288 28430.107    194894.107   29328.089
305  DCMut+F+R3    13773.647    290 28127.294    196907.294   29031.512
306  DCMut+F+R4    13724.437    292 28032.874    199144.874   28943.328
307  DCMut+F+R5    13708.501    294 28005.002    201465.002   28921.692
308  DCMut+F+R6    13703.261    296 27998.521    203822.521   28921.447
309  DCMut+F+R7    13703.203    298 28002.405    206206.405   28931.568
313  PMB           14389.949    267 29313.899    172425.899   30146.403
314  PMB+I         14192.960    268 28921.920    173105.920   29757.543
315  PMB+G4        13588.487    268 27712.974    171896.974   28548.596
316  PMB+I+G4      13564.872    269 27667.745    172927.745   28506.485
317  PMB+R2        13795.263    269 28128.525    173388.525   28967.266
318  PMB+R3        13631.786    271 27805.572    175229.572   28650.548
319  PMB+R4        13584.730    273 27715.460    177319.460   28566.673
320  PMB+R5        13571.652    275 27693.304    179493.304   28550.752
321  PMB+R6        13563.391    277 27680.782    181692.782   28544.466
322  PMB+R7        13563.327    279 27684.654    183924.654   28554.574
326  PMB+F         14698.523    286 29969.046    194133.046   30860.792
327  PMB+F+I       14492.520    287 29559.040    194871.040   30453.904
328  PMB+F+G4      13878.880    287 28331.759    193643.759   29226.623
329  PMB+F+I+G4    13856.482    288 28288.963    194752.963   29186.946
330  PMB+F+R2      14086.908    288 28749.816    195213.816   29647.799
331  PMB+F+R3      13923.664    290 28427.327    197207.327   29331.545
332  PMB+F+R4      13874.937    292 28333.874    199445.874   29244.328
333  PMB+F+R5      13861.298    294 28310.597    201770.597   29227.287
334  PMB+F+R6      13855.606    296 28303.212    204127.212   29226.139
335  PMB+F+R7      13855.563    298 28307.127    206511.127   29236.289
339  HIVb          15071.365    267 30676.730    173788.730   31509.235
340  HIVb+I        14812.066    268 30160.131    174344.131   30995.754
341  HIVb+G4       13946.691    268 28429.381    172613.381   29265.004
342  HIVb+I+G4     13916.449    269 28370.897    173630.897   29209.637
343  HIVb+R2       14220.228    269 28978.456    174238.456   29817.196
344  HIVb+R3       14009.367    271 28560.733    175984.733   29405.709
345  HIVb+R4       13943.304    273 28432.607    178036.607   29283.819
346  HIVb+R5       13927.592    275 28405.184    180205.184   29262.632
347  HIVb+R6       13916.074    277 28386.147    182398.147   29249.832
348  HIVb+R7       13916.068    279 28390.137    184630.137   29260.057
352  HIVb+F        15461.536    286 31495.072    195659.072   32386.818
353  HIVb+F+I      15194.157    287 30962.315    196274.315   31857.179
354  HIVb+F+G4     14258.114    287 29090.227    194402.227   29985.092
355  HIVb+F+I+G4   14228.056    288 29032.112    195496.112   29930.094
356  HIVb+F+R2     14531.812    288 29639.623    196103.623   30537.605
357  HIVb+F+R3     14320.056    290 29220.113    198000.113   30124.331
358  HIVb+F+R4     14254.668    292 29093.336    200205.336   30003.790
359  HIVb+F+R5     14233.360    294 29054.720    202514.720   29971.410
360  HIVb+F+R6     14222.823    296 29037.646    204861.646   29960.573
361  HIVb+F+R7     14222.797    298 29041.593    207245.593   29970.755
365  HIVw          15894.861    267 32323.722    175435.722   33156.226
366  HIVw+I        15593.118    268 31722.236    175906.236   32557.858
367  HIVw+G4       14615.136    268 29766.271    173950.271   30601.894
368  HIVw+I+G4     14598.254    269 29734.508    174994.508   30573.249
369  HIVw+R2       14923.141    269 30384.282    175644.282   31223.022
370  HIVw+R3       14700.192    271 29942.385    177366.385   30787.361
371  HIVw+R4       14613.683    273 29773.366    179377.366   30624.578
372  HIVw+R5       14598.494    275 29746.987    181546.987   30604.436
373  HIVw+R6       14594.160    277 29742.319    183754.319   30606.003
378  HIVw+F        16260.891    286 33093.783    197257.783   33985.529
379  HIVw+F+I      15928.954    287 32431.908    197743.908   33326.772
380  HIVw+F+G4     14876.475    287 30326.950    195638.950   31221.814
381  HIVw+F+I+G4   14859.793    288 30295.586    196759.586   31193.568
382  HIVw+F+R2     15223.065    288 31022.130    197486.130   31920.113
383  HIVw+F+R3     14973.193    290 30526.386    199306.386   31430.604
384  HIVw+F+R4     14877.577    292 30339.154    201451.154   31249.609
385  HIVw+F+R5     14863.720    294 30315.441    203775.441   31232.131
386  HIVw+F+R6     14860.310    296 30312.620    206136.620   31235.546
391  JTTDCMut      14378.868    267 29291.736    172403.736   30124.240
392  JTTDCMut+I    14167.212    268 28870.425    173054.425   29706.047
393  JTTDCMut+G4   13486.903    268 27509.806    171693.806   28345.429
394  JTTDCMut+I+G4 13465.995    269 27469.990    172729.990   28308.730
395  JTTDCMut+R2   13701.013    269 27940.027    173200.027   28778.767
396  JTTDCMut+R3   13533.573    271 27609.145    175033.145   28454.122
397  JTTDCMut+R4   13482.781    273 27511.562    177115.562   28362.775
398  JTTDCMut+R5   13468.742    275 27487.485    179287.485   28344.933
399  JTTDCMut+R6   13458.818    277 27471.637    181483.637   28335.321
400  JTTDCMut+R7   13458.690    279 27475.380    183715.380   28345.300
404  JTTDCMut+F    14689.739    286 29951.477    194115.477   30843.224
405  JTTDCMut+F+I  14474.489    287 29522.977    194834.977   30417.841
406  JTTDCMut+F+G4 13755.203    287 28084.405    193396.405   28979.270
407  JTTDCMut+F+I+G4 13732.939    288 28041.877    194505.877   28939.860
408  JTTDCMut+F+R2 13973.971    288 28523.942    194987.942   29421.924
409  JTTDCMut+F+R3 13810.100    290 28200.200    196980.200   29104.418
410  JTTDCMut+F+R4 13751.487    292 28086.975    199198.975   28997.429
411  JTTDCMut+F+R5 13738.623    294 28065.246    201525.246   28981.936
412  JTTDCMut+F+R6 13724.478    296 28040.955    203864.955   28963.881
413  JTTDCMut+F+R7 13724.360    298 28044.719    206248.719   28973.882
417  FLU           14829.702    267 30193.404    173305.404   31025.908
418  FLU+I         14599.757    268 29735.514    173919.514   30571.136
419  FLU+G4        13747.645    268 28031.290    172215.290   28866.912
420  FLU+I+G4      13726.262    269 27990.524    173250.524   28829.264
421  FLU+R2        14034.126    269 28606.252    173866.252   29444.993
422  FLU+R3        13812.548    271 28167.097    175591.097   29012.073
423  FLU+R4        13745.495    273 28036.990    177640.990   28888.202
424  FLU+R5        13718.886    275 27987.771    179787.771   28845.220
425  FLU+R6        13714.522    277 27983.044    181995.044   28846.728
430  FLU+F         15391.805    286 31355.611    195519.611   32247.357
431  FLU+F+I       15131.213    287 30836.426    196148.426   31731.290
432  FLU+F+G4      14168.793    287 28911.587    194223.587   29806.451
433  FLU+F+I+G4    14135.754    288 28847.509    195311.509   29745.491
434  FLU+F+R2      14490.292    288 29556.585    196020.585   30454.567
435  FLU+F+R3      14225.149    290 29030.299    197810.299   29934.517
436  FLU+F+R4      14166.591    292 28917.182    200029.182   29827.636
437  FLU+F+R5      14134.997    294 28857.994    202317.994   29774.684
438  FLU+F+R6      14128.499    296 28848.999    204672.999   29771.925
439  FLU+F+R7      14128.481    298 28852.962    207056.962   29782.124
443  Blosum62      14370.984    267 29275.967    172387.967   30108.472
444  Blosum62+I    14174.646    268 28885.293    173069.293   29720.915
445  Blosum62+G4   13569.710    268 27675.420    171859.420   28511.043
446  Blosum62+I+G4 13550.208    269 27638.416    172898.416   28477.157
447  Blosum62+R2   13773.439    269 28084.879    173344.879   28923.619
448  Blosum62+R3   13612.513    271 27767.026    175191.026   28612.003
449  Blosum62+R4   13564.433    273 27674.867    177278.867   28526.079
450  Blosum62+R5   13553.041    275 27656.082    179456.082   28513.530
451  Blosum62+R6   13544.397    277 27642.794    181654.794   28506.478
452  Blosum62+R7   13544.367    279 27646.734    183886.734   28516.655
456  Blosum62+F    14686.802    286 29945.604    194109.604   30837.350
457  Blosum62+F+I  14480.751    287 29535.503    194847.503   30430.367
458  Blosum62+F+G4 13859.290    287 28292.580    193604.580   29187.444
459  Blosum62+F+I+G4 13841.648    288 28259.296    194723.296   29157.278
460  Blosum62+F+R2 14062.438    288 28700.876    195164.876   29598.859
461  Blosum62+F+R3 13904.240    290 28388.481    197168.481   29292.699
462  Blosum62+F+R4 13853.258    292 28290.516    199402.516   29200.971
463  Blosum62+F+R5 13843.977    294 28275.954    201735.954   29192.645
464  Blosum62+F+R6 13835.065    296 28262.131    204086.131   29185.057
465  Blosum62+F+R7 13835.029    298 28266.058    206470.058   29195.220
469  mtMet         15059.086    267 30652.171    173764.171   31484.676
470  mtMet+I       14939.639    268 30415.279    174599.279   31250.901
471  mtMet+G4      14002.364    268 28540.729    172724.729   29376.351
472  mtMet+I+G4    13988.699    269 28515.398    173775.398   29354.139
473  mtMet+R2      14196.343    269 28930.685    174190.685   29769.425
474  mtMet+R3      14051.053    271 28644.106    176068.106   29489.083
475  mtMet+R4      13989.952    273 28525.904    178129.904   29377.116
476  mtMet+R5      13986.393    275 28522.786    180322.786   29380.234
482  mtMet+F       14834.917    286 30241.833    194405.833   31133.579
483  mtMet+F+I     14698.783    287 29971.566    195283.566   30866.430
484  mtMet+F+G4    13899.801    287 28373.602    193685.602   29268.466
485  mtMet+F+I+G4  13883.111    288 28342.221    194806.221   29240.203
486  mtMet+F+R2    14090.849    288 28757.698    195221.698   29655.680
487  mtMet+F+R3    13929.673    290 28439.347    197219.347   29343.565
488  mtMet+F+R4    13894.224    292 28372.448    199484.448   29282.902
489  mtMet+F+R5    13868.694    294 28325.387    201785.387   29242.078
490  mtMet+F+R6    13865.326    296 28322.651    204146.651   29245.577
495  mtVer         15472.347    267 31478.694    174590.694   32311.199
496  mtVer+I       15358.916    268 31253.833    175437.833   32089.455
497  mtVer+G4      14312.531    268 29161.063    173345.063   29996.685
498  mtVer+I+G4    14302.016    269 29142.032    174402.032   29980.773
499  mtVer+R2      14527.941    269 29593.881    174853.881   30432.622
500  mtVer+R3      14372.246    271 29286.493    176710.493   30131.469
501  mtVer+R4      14305.396    273 29156.791    178760.791   30008.003
502  mtVer+R5      14288.770    275 29127.540    180927.540   29984.989
503  mtVer+R6      14285.506    277 29125.012    183137.012   29988.696
508  mtVer+F       15162.021    286 30896.041    195060.041   31787.788
509  mtVer+F+I     15020.769    287 30615.538    195927.538   31510.402
510  mtVer+F+G4    14165.352    287 28904.704    194216.704   29799.568
511  mtVer+F+I+G4  14151.734    288 28879.469    195343.469   29777.451
512  mtVer+F+R2    14379.146    288 29334.291    195798.291   30232.274
513  mtVer+F+R3    14208.850    290 28997.699    197777.699   29901.917
514  mtVer+F+R4    14161.662    292 28907.323    200019.323   29817.777
515  mtVer+F+R5    14140.926    294 28869.851    202329.851   29786.541
516  mtVer+F+R6    14135.503    296 28863.007    204687.007   29785.933
517  mtVer+F+R7    14134.957    298 28865.913    207069.913   29795.075
521  mtInv         14939.378    267 30412.756    173524.756   31245.261
522  mtInv+I       14801.271    268 30138.541    174322.541   30974.164
523  mtInv+G4      13965.691    268 28467.382    172651.382   29303.004
524  mtInv+I+G4    13950.178    269 28438.357    173698.357   29277.097
525  mtInv+R2      14158.444    269 28854.888    174114.888   29693.628
526  mtInv+R3      14011.100    271 28564.199    175988.199   29409.176
527  mtInv+R4      13953.922    273 28453.845    178057.845   29305.057
528  mtInv+R5      13944.210    275 28438.419    180238.419   29295.868
529  mtInv+R6      13941.829    277 28437.657    182449.657   29301.342
534  mtInv+F       14585.389    286 29742.778    193906.778   30634.525
535  mtInv+F+I     14427.112    287 29428.224    194740.224   30323.089
536  mtInv+F+G4    13729.420    287 28032.841    193344.841   28927.705
537  mtInv+F+I+G4  13714.673    288 28005.346    194469.346   28903.328
538  mtInv+F+R2    13917.000    288 28409.999    194873.999   29307.981
539  mtInv+F+R3    13764.251    290 28108.501    196888.501   29012.719
540  mtInv+F+R4    13728.788    292 28041.575    199153.575   28952.030
541  mtInv+F+R5    13703.137    294 27994.274    201454.274   28910.964
542  mtInv+F+R6    13702.753    296 27997.505    203821.505   28920.431
Akaike Information Criterion:           LG+I+G4
Corrected Akaike Information Criterion: LG+G4
Bayesian Information Criterion:         LG+I+G4
Best-fit model: LG+I+G4 chosen according to BIC

All model information printed to /mnt/ivy/thliao/project/AOB/analysis/20210713_repeat/add_Chromatiaces/phy_files/P39_prot/withEuk/NP_043195.1.model.gz
CPU time for ModelFinder: 1603.646 seconds (0h:26m:43s)
Wall-clock time for ModelFinder: 806.562 seconds (0h:13m:26s)
Generating 1000 samples for ultrafast bootstrap (seed: 840896)...

NOTE: 15 MB RAM (0 GB) is required!
Estimate model parameters (epsilon = 0.100)
Thoroughly optimizing +I+G parameters from 10 start values...
Init pinv, alpha: 0.000, 1.000 / Estimate: 0.000, 0.766 / LogL: -13326.021
Init pinv, alpha: 0.017, 1.000 / Estimate: 0.089, 1.069 / LogL: -13304.802
Init pinv, alpha: 0.035, 1.000 / Estimate: 0.090, 1.070 / LogL: -13304.800
Init pinv, alpha: 0.052, 1.000 / Estimate: 0.090, 1.070 / LogL: -13304.801
Init pinv, alpha: 0.069, 1.000 / Estimate: 0.089, 1.070 / LogL: -13304.806
Init pinv, alpha: 0.086, 1.000 / Estimate: 0.090, 1.069 / LogL: -13304.797
Init pinv, alpha: 0.104, 1.000 / Estimate: 0.090, 1.068 / LogL: -13304.799
Init pinv, alpha: 0.121, 1.000 / Estimate: 0.091, 1.067 / LogL: -13304.803
Init pinv, alpha: 0.138, 1.000 / Estimate: 0.090, 1.068 / LogL: -13304.798
Init pinv, alpha: 0.156, 1.000 / Estimate: 0.090, 1.068 / LogL: -13304.799
Optimal pinv,alpha: 0.090, 1.069 / LogL: -13304.797

Parameters optimization took 6.041 sec
Computing ML distances based on estimated model parameters... 7.662 sec
Computing BIONJ tree...
0.020 seconds
Log-likelihood of BIONJ tree: -13278.194
--------------------------------------------------------------------
|             INITIALIZING CANDIDATE TREE SET                      |
--------------------------------------------------------------------
Generating 98 parsimony trees... 6.901 second
Computing log-likelihood of 98 initial trees ... 10.893 seconds
Current best score: -13225.160

Do NNI search on 20 best initial trees
Estimate model parameters (epsilon = 0.100)
BETTER TREE FOUND at iteration 1: -13162.085
Estimate model parameters (epsilon = 0.100)
BETTER TREE FOUND at iteration 5: -13160.695
Iteration 10 / LogL: -13175.658 / Time: 0h:0m:45s
Iteration 20 / LogL: -13179.473 / Time: 0h:1m:3s
Finish initializing candidate tree set (20)
Current best tree score: -13160.695 / CPU time: 53.821
Number of iterations: 20
--------------------------------------------------------------------
|               OPTIMIZING CANDIDATE TREE SET                      |
--------------------------------------------------------------------
Estimate model parameters (epsilon = 0.100)
BETTER TREE FOUND at iteration 22: -13155.219
Estimate model parameters (epsilon = 0.100)
BETTER TREE FOUND at iteration 30: -13153.429
Iteration 30 / LogL: -13153.429 / Time: 0h:1m:21s (0h:4m:41s left)
Estimate model parameters (epsilon = 0.100)
BETTER TREE FOUND at iteration 31: -13147.977
Estimate model parameters (epsilon = 0.100)
BETTER TREE FOUND at iteration 36: -13144.781
Iteration 40 / LogL: -13221.577 / Time: 0h:1m:37s (0h:4m:1s left)
Iteration 50 / LogL: -13149.036 / Time: 0h:1m:54s (0h:3m:20s left)
Log-likelihood cutoff on original alignment: -13236.374
UFBoot trees printed to /mnt/ivy/thliao/project/AOB/analysis/20210713_repeat/add_Chromatiaces/phy_files/P39_prot/withEuk/NP_043195.1.ufboot
Estimate model parameters (epsilon = 0.100)
BETTER TREE FOUND at iteration 53: -13144.289
Estimate model parameters (epsilon = 0.100)
BETTER TREE FOUND at iteration 55: -13143.018
Estimate model parameters (epsilon = 0.100)
BETTER TREE FOUND at iteration 58: -13142.789
Iteration 60 / LogL: -13144.497 / Time: 0h:2m:13s (0h:3m:42s left)
Estimate model parameters (epsilon = 0.100)
BETTER TREE FOUND at iteration 61: -13140.584
Iteration 70 / LogL: -13144.519 / Time: 0h:2m:30s (0h:3m:17s left)
Estimate model parameters (epsilon = 0.100)
UPDATE BEST LOG-LIKELIHOOD: -13140.407
Iteration 80 / LogL: -13154.482 / Time: 0h:2m:46s (0h:2m:50s left)
Iteration 90 / LogL: -13140.463 / Time: 0h:3m:1s (0h:2m:24s left)
Iteration 100 / LogL: -13140.436 / Time: 0h:3m:18s (0h:2m:2s left)
Log-likelihood cutoff on original alignment: -13236.374
NOTE: Bootstrap correlation coefficient of split occurrence frequencies: 0.993
UFBoot trees printed to /mnt/ivy/thliao/project/AOB/analysis/20210713_repeat/add_Chromatiaces/phy_files/P39_prot/withEuk/NP_043195.1.ufboot
Iteration 110 / LogL: -13140.418 / Time: 0h:3m:35s (0h:2m:57s left)
Iteration 120 / LogL: -13176.847 / Time: 0h:3m:50s (0h:2m:34s left)
Iteration 130 / LogL: -13147.124 / Time: 0h:4m:5s (0h:2m:13s left)
Iteration 140 / LogL: -13147.369 / Time: 0h:4m:21s (0h:1m:52s left)
Iteration 150 / LogL: -13142.804 / Time: 0h:4m:36s (0h:1m:32s left)
Log-likelihood cutoff on original alignment: -13236.374
UFBoot trees printed to /mnt/ivy/thliao/project/AOB/analysis/20210713_repeat/add_Chromatiaces/phy_files/P39_prot/withEuk/NP_043195.1.ufboot
Iteration 160 / LogL: -13141.092 / Time: 0h:4m:53s (0h:1m:13s left)
TREE SEARCH COMPLETED AFTER 162 ITERATIONS / Time: 0h:4m:57s

--------------------------------------------------------------------
|                    FINALIZING TREE SEARCH                        |
--------------------------------------------------------------------
Performs final model parameters optimization
Estimate model parameters (epsilon = 0.010)
1. Initial log-likelihood: -13140.407
Optimal log-likelihood: -13140.407
Proportion of invariable sites: 0.086
Gamma shape alpha: 1.026
Parameters optimization took 1 rounds (0.187 sec)
BEST SCORE FOUND : -13140.407
Creating bootstrap support values...
Split supports printed to NEXUS file /mnt/ivy/thliao/project/AOB/analysis/20210713_repeat/add_Chromatiaces/phy_files/P39_prot/withEuk/NP_043195.1.splits.nex
Total tree length: 34.739

Total number of iterations: 162
CPU time used for tree search: 552.321 sec (0h:9m:12s)
Wall-clock time used for tree search: 286.879 sec (0h:4m:46s)
Total CPU time used: 574.451 sec (0h:9m:34s)
Total wall-clock time used: 298.287 sec (0h:4m:58s)
UFBoot trees printed to /mnt/ivy/thliao/project/AOB/analysis/20210713_repeat/add_Chromatiaces/phy_files/P39_prot/withEuk/NP_043195.1.ufboot

Computing bootstrap consensus tree...
Reading input file /mnt/ivy/thliao/project/AOB/analysis/20210713_repeat/add_Chromatiaces/phy_files/P39_prot/withEuk/NP_043195.1.splits.nex...
135 taxa and 1056 splits.
Consensus tree written to /mnt/ivy/thliao/project/AOB/analysis/20210713_repeat/add_Chromatiaces/phy_files/P39_prot/withEuk/NP_043195.1.contree
Reading input trees file /mnt/ivy/thliao/project/AOB/analysis/20210713_repeat/add_Chromatiaces/phy_files/P39_prot/withEuk/NP_043195.1.contree
Log-likelihood of consensus tree: -13146.734

Analysis results written to: 
  IQ-TREE report:                /mnt/ivy/thliao/project/AOB/analysis/20210713_repeat/add_Chromatiaces/phy_files/P39_prot/withEuk/NP_043195.1.iqtree
  Maximum-likelihood tree:       /mnt/ivy/thliao/project/AOB/analysis/20210713_repeat/add_Chromatiaces/phy_files/P39_prot/withEuk/NP_043195.1.treefile
  Likelihood distances:          /mnt/ivy/thliao/project/AOB/analysis/20210713_repeat/add_Chromatiaces/phy_files/P39_prot/withEuk/NP_043195.1.mldist

Ultrafast bootstrap approximation results written to:
  Split support values:          /mnt/ivy/thliao/project/AOB/analysis/20210713_repeat/add_Chromatiaces/phy_files/P39_prot/withEuk/NP_043195.1.splits.nex
  Consensus tree:                /mnt/ivy/thliao/project/AOB/analysis/20210713_repeat/add_Chromatiaces/phy_files/P39_prot/withEuk/NP_043195.1.contree
  UFBoot trees:                  /mnt/ivy/thliao/project/AOB/analysis/20210713_repeat/add_Chromatiaces/phy_files/P39_prot/withEuk/NP_043195.1.ufboot
  Screen log file:               /mnt/ivy/thliao/project/AOB/analysis/20210713_repeat/add_Chromatiaces/phy_files/P39_prot/withEuk/NP_043195.1.log

Date and Time: Mon Dec 12 09:54:50 2022
