IQ-TREE multicore version 1.6.12 for Linux 64-bit built Aug 15 2019
Developed by Bui Quang Minh, Nguyen Lam Tung, Olga Chernomor,
Heiko Schmidt, Dominik Schrempf, Michael Woodhams.

Host:    cl006 (AVX512, FMA3, 125 GB RAM)
Command: iqtree -nt 2 -redo -wbtl -bb 1000 -pre /mnt/ivy/thliao/project/AOB/analysis/20210713_repeat/add_Chromatiaces/phy_files/P39_prot/withEuk/NP_043206.1 -s /mnt/ivy/thliao/project/AOB/analysis/20210713_repeat/add_Chromatiaces/phy_files/P39_prot/withEuk/NP_043206.1.aln
Seed:    744175 (Using SPRNG - Scalable Parallel Random Number Generator)
Time:    Mon Dec 12 09:39:01 2022
Kernel:  AVX+FMA - 2 threads (64 CPU cores detected)

Reading alignment file /mnt/ivy/thliao/project/AOB/analysis/20210713_repeat/add_Chromatiaces/phy_files/P39_prot/withEuk/NP_043206.1.aln ... Fasta format detected
Alignment most likely contains protein sequences
Alignment has 119 sequences with 134 columns, 129 distinct patterns
99 parsimony-informative, 16 singleton sites, 19 constant sites
                          Gap/Ambiguity  Composition  p-value
   1  Chondrus_crispus           20.90%    passed     10.67%
   2  Cyanidioschyzon_merolae    26.87%    passed     19.05%
   3  Cyanophora_paradoxa        21.64%    passed     96.24%
   4  Cyanoptyche_gloeocystis    19.40%    failed      1.28%
   5  Galdieria_sulphuraria      21.64%    failed      2.97%
   6  Gloeochaete_wittrockiana   18.66%    passed     14.33%
   7  NC_000926.1                23.88%    passed     76.62%
   8  NC_007288.1                23.13%    passed     97.61%
   9  NC_008588.1                20.15%    failed      3.60%
  10  NC_008589.1                20.15%    failed      0.07%
  11  NC_012898.1                20.15%    passed      6.98%
  12  NC_016703.2                17.91%    passed      7.09%
  13  NC_020371.1                25.37%    failed      1.65%
  14  NC_049168.1                23.13%    passed     90.99%
  15  Porphyra_umbilicalis       21.64%    passed     95.69%
  16  Porphyridium_purpureum     21.64%    passed     56.67%
  17  GCA_000473895.1            21.64%    passed     99.96%
  18  GCA_015709615.1            23.88%    passed     99.99%
  19  GCA_000024725.1            22.39%    passed     99.91%
  20  GCA_013697045.1            23.13%    passed     99.65%
  21  GCA_900107585.1            23.88%    passed     99.94%
  22  GCA_014859375.1            22.39%    passed     99.99%
  23  GCA_015272465.1            20.90%    passed     98.95%
  24  GCA_002356115.1            22.39%    passed     99.97%
  25  GCA_009833095.1            23.88%    passed     99.99%
  26  GCA_013140465.1            23.13%    passed    100.00%
  27  GCA_001747005.1            21.64%    passed     99.99%
  28  GCA_014635705.1            17.91%    passed     99.78%
  29  GCA_000469665.2            20.15%    failed      1.46%
  30  GCA_002109495.1            23.88%    passed     99.98%
  31  GCA_001458735.1            23.13%    passed     94.88%
  32  GCA_000952155.1            21.64%    passed     99.92%
  33  GCA_000317495.1            21.64%    passed     99.18%
  34  GCA_000317515.1            21.64%    passed     99.85%
  35  GCA_007197755.1            23.88%    passed     99.94%
  36  GCA_001187785.1            23.13%    passed     99.90%
  37  GCA_003719295.1            23.13%    passed     99.87%
  38  GCA_000314005.1            21.64%    passed     99.92%
  39  GCA_004168365.1            23.13%    passed     99.26%
  40  GCA_003015105.1            21.64%    passed     99.93%
  41  GCA_902810445.1            22.39%    passed     99.81%
  42  GCA_001697225.1            23.13%    passed     99.40%
  43  GCA_002868715.1            23.13%    passed     99.90%
  44  GCA_003532895.1            25.37%    passed     93.94%
  45  GCA_002218085.1            21.64%    passed     99.89%
  46  GCA_003015145.1            26.12%    passed     38.03%
  47  GCA_008189685.1            22.39%    passed     39.68%
  48  GCA_003551305.1            30.60%    passed     92.68%
  49  GCA_004684205.1            22.39%    passed     99.97%
  50  GCA_001828295.1            23.88%    passed     97.66%
  51  GCA_000949635.1            23.88%    passed     99.78%
  52  GCA_001644685.1            23.13%    passed     98.91%
  53  GCA_000760695.4            21.64%    passed     99.89%
  54  GCA_017879665.1            23.13%    passed     91.14%
  55  GCA_001772005.1            21.64%    passed     99.25%
  56  GCA_000332035.1            21.64%    passed     99.99%
  57  GCA_016788925.1            23.13%    passed     91.14%
  58  GCA_000740735.1            22.39%    passed     99.78%
  59  GCA_000934545.1            23.13%    passed     99.99%
  60  GCA_001458695.1            23.13%    passed     90.16%
  61  GCA_016207025.1            23.13%    passed     98.53%
  62  GCA_900119825.1            23.13%    passed     99.86%
  63  GCA_003534995.1            23.88%    passed     99.89%
  64  GCA_015709635.1            23.88%    passed     99.99%
  65  GCA_006496635.1            23.13%    passed     99.93%
  66  GCA_000011385.1            22.39%    passed     99.49%
  67  GCA_001828545.1            22.39%    passed     99.94%
  68  GCA_005877815.1            21.64%    failed      0.21%
  69  GCA_000263335.1            23.13%    passed     99.98%
  70  GCA_018655245.1            23.88%    passed     99.81%
  71  GCA_007992375.1            23.88%    passed    100.00%
  72  GCA_001890765.1            21.64%    passed     99.85%
  73  GCA_003149345.1            17.16%    passed     98.36%
  74  GCA_001828535.1            23.13%    passed     99.14%
  75  GCA_004421105.1            22.39%    passed     99.81%
  76  GCA_002083815.1            23.88%    passed     89.09%
  77  GCA_003576955.1            23.13%    passed     94.51%
  78  GCA_003851125.1            23.88%    passed    100.00%
  79  GCA_010027455.1            22.39%    passed     99.68%
  80  GCA_001803795.1            20.90%    passed     99.92%
  81  GCA_003003885.1            21.64%    passed     99.93%
  82  GCA_004282745.1            21.64%    passed     95.17%
  83  GCA_000214665.1            23.13%    passed     99.14%
  84  GCA_002072955.1            23.13%    passed     99.77%
  85  GCA_016873455.1            23.13%    passed     95.19%
  86  GCA_001870225.1            20.15%    passed     94.23%
  87  GCA_013140535.1            22.39%    passed     97.92%
  88  GCA_000948975.1            23.13%    passed     99.99%
  89  GCA_001566965.1            22.39%    passed     99.99%
  90  GCA_000264455.2            23.13%    passed     99.86%
  91  GCA_000317535.1            21.64%    passed     99.89%
  92  GCA_006385135.1            21.64%    passed     96.56%
  93  GCA_001267195.1            23.13%    passed     94.51%
  94  GCA_000014865.1            23.88%    passed    100.00%
  95  GCA_002355455.1            21.64%    passed     99.96%
  96  GCA_002162035.1            23.88%    passed     99.99%
  97  GCA_001881495.1            12.69%    passed     59.30%
  98  GCA_000317575.1            21.64%    passed     99.96%
  99  GCA_000380225.1            21.64%    passed     99.94%
 100  GCA_003258315.1            23.88%    failed      0.02%
 101  GCA_016592635.1            23.13%    passed     99.76%
 102  GCA_902459485.1            17.91%    passed     99.75%
 103  GCA_001904725.1            21.64%    passed     99.86%
 104  GCA_000013225.1            21.64%    passed     84.78%
 105  GCA_900110495.1            23.88%    passed     99.75%
 106  GCA_000346485.2            21.64%    passed     99.89%
 107  GCA_003644325.1            23.88%    passed     99.51%
 108  GCA_004195045.1            23.13%    passed     99.81%
 109  GCA_013521015.1            23.88%    passed     99.82%
 110  GCA_002924445.1            23.88%    passed     99.99%
 111  GCA_005524015.1            30.60%    passed     99.21%
 112  GCA_000332275.1            20.90%    passed     98.34%
 113  GCA_002007425.1            23.13%    passed     99.98%
 114  GCA_016708925.1            23.13%    passed     99.97%
 115  GCA_000828615.1            23.13%    passed     99.95%
 116  GCA_000228725.3            23.13%    passed     99.61%
 117  GCA_000379525.1            23.13%    failed      0.09%
 118  GCA_001007875.1            23.13%    passed     99.59%
 119  GCA_001469165.1            23.13%    passed     99.70%
****  TOTAL                      22.53%  9 sequences failed composition chi2 test (p-value<5%; df=19)
NOTE: GCA_002355455.1 is identical to GCA_000473895.1 but kept for subsequent analysis
NOTE: GCA_009833095.1 is identical to GCA_015709615.1 but kept for subsequent analysis
NOTE: GCA_000760695.4 is identical to GCA_002218085.1 but kept for subsequent analysis
NOTE: GCA_016788925.1 is identical to GCA_017879665.1 but kept for subsequent analysis
NOTE: GCA_003851125.1 is identical to GCA_007992375.1 but kept for subsequent analysis
NOTE: 4 identical sequences (see below) will be ignored for subsequent analysis
NOTE: GCA_000317575.1 (identical to GCA_000473895.1) is ignored but added at the end
NOTE: GCA_015709635.1 (identical to GCA_015709615.1) is ignored but added at the end
NOTE: GCA_000317535.1 (identical to GCA_002218085.1) is ignored but added at the end
NOTE: GCA_000346485.2 (identical to GCA_002218085.1) is ignored but added at the end

For your convenience alignment with unique sequences printed to /mnt/ivy/thliao/project/AOB/analysis/20210713_repeat/add_Chromatiaces/phy_files/P39_prot/withEuk/NP_043206.1.uniqueseq.phy


Create initial parsimony tree by phylogenetic likelihood library (PLL)... 0.028 seconds
NOTE: ModelFinder requires 27 MB RAM!
ModelFinder will test 546 protein models (sample size: 134) ...
 No. Model         -LnL         df  AIC          AICc         BIC
  1  Dayhoff       7757.170     227 15968.340    119480.340   16626.150
  2  Dayhoff+I     7725.916     228 15907.832    120331.832   16568.539
  3  Dayhoff+G4    7409.176     228 15274.352    119698.352   15935.060
  4  Dayhoff+I+G4  7405.816     229 15269.633    120609.633   15933.238
  5  Dayhoff+R2    7471.368     229 15400.735    120740.735   16064.341
  6  Dayhoff+R3    7408.743     231 15279.486    122463.486   15948.887
  7  Dayhoff+R4    7403.599     233 15273.198    124317.198   15948.394
  8  Dayhoff+R5    7390.826     235 15251.652    126171.652   15932.644
  9  Dayhoff+R6    7389.011     237 15252.022    128064.022   15938.810
 14  Dayhoff+F     7795.912     246 16083.823    137607.823   16796.692
 15  Dayhoff+F+I   7759.331     247 16012.662    138524.662   16728.428
 16  Dayhoff+F+G4  7464.682     247 15423.365    137935.365   16139.131
 17  Dayhoff+F+I+G4 7459.872     248 15415.745    138919.745   16134.409
 18  Dayhoff+F+R2  7516.102     248 15528.205    139032.205   16246.869
 19  Dayhoff+F+R3  7458.407     250 15416.815    140916.815   16141.275
 20  Dayhoff+F+R4  7455.639     252 15415.279    142927.279   16145.534
 27  mtMAM         8701.407     227 17856.814    121368.814   18514.623
 28  mtMAM+I       8692.990     228 17841.979    122265.979   18502.687
 29  mtMAM+G4      7981.924     228 16419.849    120843.849   17080.556
 30  mtMAM+I+G4    7981.988     229 16421.975    121761.975   17085.581
 31  mtMAM+R2      8133.913     229 16725.826    122065.826   17389.431
 32  mtMAM+R3      8008.784     231 16479.567    123663.567   17148.968
 33  mtMAM+R4      7980.916     233 16427.832    125471.832   17103.028
 34  mtMAM+R5      7964.032     235 16398.064    127318.064   17079.056
 35  mtMAM+R6      7958.863     237 16391.725    129203.725   17078.513
 36  mtMAM+R7      7954.753     239 16387.506    131107.506   17080.090
 40  mtMAM+F       8309.470     246 17110.940    138634.940   17823.809
 41  mtMAM+F+I     8290.964     247 17075.928    139587.928   17791.695
 42  mtMAM+F+G4    7726.540     247 15947.079    138459.079   16662.845
 43  mtMAM+F+I+G4  7726.560     248 15949.121    139453.121   16667.785
 44  mtMAM+F+R2    7846.583     248 16189.166    139693.166   16907.830
 45  mtMAM+F+R3    7750.119     250 16000.238    141500.238   16724.698
 46  mtMAM+F+R4    7726.338     252 15956.676    143468.676   16686.932
 47  mtMAM+F+R5    7710.894     254 15929.788    145469.788   16665.839
 48  mtMAM+F+R6    7705.382     256 15922.764    147506.764   16664.611
 49  mtMAM+F+R7    7700.526     258 15917.052    149561.052   16664.695
 53  JTT           7707.967     227 15869.933    119381.933   16527.743
 54  JTT+I         7680.760     228 15817.519    120241.519   16478.227
 55  JTT+G4        7354.534     228 15165.068    119589.068   15825.776
 56  JTT+I+G4      7352.620     229 15163.241    120503.241   15826.846
 57  JTT+R2        7412.984     229 15283.968    120623.968   15947.574
 58  JTT+R3        7348.887     231 15159.773    122343.773   15829.174
 59  JTT+R4        7338.205     233 15142.411    124186.411   15817.608
 60  JTT+R5        7333.756     235 15137.512    126057.512   15818.505
 66  JTT+F         7779.902     246 16051.805    137575.805   16764.673
 67  JTT+F+I       7748.152     247 15990.304    138502.304   16706.071
 68  JTT+F+G4      7434.683     247 15363.367    137875.367   16079.133
 69  JTT+F+I+G4    7431.762     248 15359.524    138863.524   16078.189
 70  JTT+F+R2      7490.101     248 15476.202    138980.202   16194.867
 71  JTT+F+R3      7425.635     250 15351.271    140851.271   16075.731
 72  JTT+F+R4      7417.542     252 15339.084    142851.084   16069.340
 73  JTT+F+R5      7413.100     254 15334.200    144874.200   16070.252
 79  WAG           7666.549     227 15787.098    119299.098   16444.908
 80  WAG+I         7634.088     228 15724.176    120148.176   16384.883
 81  WAG+G4        7370.959     228 15197.918    119621.918   15858.625
 82  WAG+I+G4      7366.583     229 15191.166    120531.166   15854.771
 83  WAG+R2        7422.193     229 15302.387    120642.387   15965.992
 84  WAG+R3        7363.807     231 15189.613    122373.613   15859.014
 85  WAG+R4        7354.537     233 15175.073    124219.073   15850.270
 86  WAG+R5        7353.036     235 15176.073    126096.073   15857.065
 92  WAG+F         7733.741     246 15959.481    137483.481   16672.350
 93  WAG+F+I       7697.663     247 15889.325    138401.325   16605.092
 94  WAG+F+G4      7437.872     247 15369.743    137881.743   16085.509
 95  WAG+F+I+G4    7433.185     248 15362.371    138866.371   16081.035
 96  WAG+F+R2      7490.699     248 15477.398    138981.398   16196.062
 97  WAG+F+R3      7430.596     250 15361.193    140861.193   16085.653
 98  WAG+F+R4      7423.013     252 15350.025    142862.025   16080.281
 99  WAG+F+R5      7420.853     254 15349.705    144889.705   16085.757
105  cpREV         7671.632     227 15797.264    119309.264   16455.074
106  cpREV+I       7633.293     228 15722.585    120146.585   16383.293
107  cpREV+G4      7357.530     228 15171.060    119595.060   15831.767
108  cpREV+I+G4    7352.740     229 15163.480    120503.480   15827.085
109  cpREV+R2      7412.859     229 15283.717    120623.717   15947.323
110  cpREV+R3      7354.770     231 15171.540    122355.540   15840.941
111  cpREV+R4      7346.461     233 15158.921    124202.921   15834.118
112  cpREV+R5      7340.979     235 15151.958    126071.958   15832.951
113  cpREV+R6      7339.854     237 15153.707    127965.707   15840.495
118  cpREV+F       7752.888     246 15997.776    137521.776   16710.644
119  cpREV+F+I     7708.803     247 15911.607    138423.607   16627.373
120  cpREV+F+G4    7437.776     247 15369.551    137881.551   16085.318
121  cpREV+F+I+G4  7432.673     248 15361.345    138865.345   16080.009
122  cpREV+F+R2    7497.560     248 15491.120    138995.120   16209.784
123  cpREV+F+R3    7435.826     250 15371.652    140871.652   16096.112
124  cpREV+F+R4    7429.572     252 15363.144    142875.144   16093.399
125  cpREV+F+R5    7423.314     254 15354.628    144894.628   16090.679
126  cpREV+F+R6    7421.233     256 15354.467    146938.467   16096.314
131  mtREV         8265.574     227 16985.147    120497.147   17642.957
132  mtREV+I       8249.935     228 16955.871    121379.871   17616.578
133  mtREV+G4      7783.250     228 16022.500    120446.500   16683.208
134  mtREV+I+G4    7783.163     229 16024.326    121364.326   16687.932
135  mtREV+R2      7884.649     229 16227.297    121567.297   16890.903
136  mtREV+R3      7790.624     231 16043.247    123227.247   16712.648
137  mtREV+R4      7780.428     233 16026.857    125070.857   16702.054
138  mtREV+R5      7770.842     235 16011.684    126931.684   16692.676
139  mtREV+R6      7766.503     237 16007.007    128819.007   16693.795
144  mtREV+F       7924.465     246 16340.929    137864.929   17053.798
145  mtREV+F+I     7898.524     247 16291.049    138803.049   17006.815
146  mtREV+F+G4    7523.461     247 15540.922    138052.922   16256.689
147  mtREV+F+I+G4  7520.989     248 15537.978    139041.978   16256.642
148  mtREV+F+R2    7602.460     248 15700.919    139204.919   16419.583
149  mtREV+F+R3    7526.364     250 15552.727    141052.727   16277.187
150  mtREV+F+R4    7513.729     252 15531.458    143043.458   16261.714
151  mtREV+F+R5    7506.150     254 15520.300    145060.300   16256.351
152  mtREV+F+R6    7503.918     256 15519.837    147103.837   16261.684
157  rtREV         7702.097     227 15858.194    119370.194   16516.003
158  rtREV+I       7678.643     228 15813.285    120237.285   16473.993
159  rtREV+G4      7364.518     228 15185.037    119609.037   15845.744
160  rtREV+I+G4    7362.309     229 15182.618    120522.618   15846.223
161  rtREV+R2      7431.270     229 15320.540    120660.540   15984.145
162  rtREV+R3      7356.895     231 15175.790    122359.790   15845.191
163  rtREV+R4      7348.744     233 15163.489    124207.489   15838.686
164  rtREV+R5      7346.386     235 15162.772    126082.772   15843.764
170  rtREV+F       7742.457     246 15976.915    137500.915   16689.784
171  rtREV+F+I     7714.741     247 15923.483    138435.483   16639.249
172  rtREV+F+G4    7401.648     247 15297.297    137809.297   16013.063
173  rtREV+F+I+G4  7398.777     248 15293.554    138797.554   16012.218
174  rtREV+F+R2    7470.807     248 15437.613    138941.613   16156.278
175  rtREV+F+R3    7397.382     250 15294.765    140794.765   16019.225
176  rtREV+F+R4    7388.226     252 15280.451    142792.451   16010.707
177  rtREV+F+R5    7386.380     254 15280.761    144820.761   16016.812
183  mtART         8412.748     227 17279.496    120791.496   17937.305
184  mtART+I       8402.635     228 17261.270    121685.270   17921.977
185  mtART+G4      7724.019     228 15904.037    120328.037   16564.745
186  mtART+I+G4    7724.042     229 15906.085    121246.085   16569.690
187  mtART+R2      7888.801     229 16235.602    121575.602   16899.208
188  mtART+R3      7742.965     231 15947.931    123131.931   16617.332
189  mtART+R4      7731.288     233 15928.576    124972.576   16603.772
190  mtART+R5      7721.591     235 15913.183    126833.183   16594.175
191  mtART+R6      7714.221     237 15902.442    128714.442   16589.230
192  mtART+R7      7698.729     239 15875.457    130595.457   16568.041
193  mtART+R8      7696.314     241 15874.628    132518.628   16573.007
196  mtART+F       8013.218     246 16518.436    138042.436   17231.305
197  mtART+F+I     7991.018     247 16476.036    138988.036   17191.802
198  mtART+F+G4    7476.157     247 15446.314    137958.314   16162.081
199  mtART+F+I+G4  7475.986     248 15447.972    138951.972   16166.636
200  mtART+F+R2    7595.480     248 15686.961    139190.961   16405.625
201  mtART+F+R3    7491.910     250 15483.820    140983.820   16208.280
202  mtART+F+R4    7483.481     252 15470.961    142982.961   16201.217
203  mtART+F+R5    7477.358     254 15462.716    145002.716   16198.768
204  mtART+F+R6    7464.608     256 15441.215    147025.215   16183.062
205  mtART+F+R7    7453.985     258 15423.969    149067.969   16171.612
206  mtART+F+R8    7452.490     260 15424.979    151144.979   16178.418
209  mtZOA         8167.258     227 16788.517    120300.517   17446.326
210  mtZOA+I       8158.116     228 16772.233    121196.233   17432.940
211  mtZOA+G4      7572.510     228 15601.021    120025.021   16261.728
212  mtZOA+I+G4    7572.520     229 15603.040    120943.040   16266.645
213  mtZOA+R2      7683.669     229 15825.337    121165.337   16488.942
214  mtZOA+R3      7589.249     231 15640.497    122824.497   16309.898
215  mtZOA+R4      7581.796     233 15629.593    124673.593   16304.789
216  mtZOA+R5      7577.940     235 15625.880    126545.880   16306.872
222  mtZOA+F       7856.234     246 16204.468    137728.468   16917.337
223  mtZOA+F+I     7832.338     247 16158.676    138670.676   16874.442
224  mtZOA+F+G4    7408.895     247 15311.790    137823.790   16027.556
225  mtZOA+F+I+G4  7407.396     248 15310.791    138814.791   16029.456
226  mtZOA+F+R2    7493.215     248 15482.429    138986.429   16201.094
227  mtZOA+F+R3    7424.796     250 15349.592    140849.592   16074.052
228  mtZOA+F+R4    7407.994     252 15319.989    142831.989   16050.244
229  mtZOA+F+R5    7402.292     254 15312.584    144852.584   16048.635
230  mtZOA+F+R6    7394.326     256 15300.652    146884.652   16042.499
231  mtZOA+F+R7    7391.758     258 15299.515    148943.515   16047.158
235  VT            7692.372     227 15838.744    119350.744   16496.554
236  VT+I          7663.496     228 15782.992    120206.992   16443.699
237  VT+G4         7387.935     228 15231.871    119655.871   15892.578
238  VT+I+G4       7385.121     229 15228.241    120568.241   15891.847
239  VT+R2         7440.254     229 15338.509    120678.509   16002.114
240  VT+R3         7379.429     231 15220.858    122404.858   15890.259
241  VT+R4         7371.461     233 15208.922    124252.922   15884.119
242  VT+R5         7369.634     235 15209.268    126129.268   15890.260
248  VT+F          7763.442     246 16018.883    137542.883   16731.752
249  VT+F+I        7731.324     247 15956.648    138468.648   16672.414
250  VT+F+G4       7464.956     247 15423.912    137935.912   16139.678
251  VT+F+I+G4     7461.419     248 15418.839    138922.839   16137.503
252  VT+F+R2       7516.705     248 15529.410    139033.410   16248.074
253  VT+F+R3       7456.057     250 15412.114    140912.114   16136.574
254  VT+F+R4       7448.548     252 15401.096    142913.096   16131.352
255  VT+F+R5       7446.855     254 15401.711    144941.711   16137.762
261  LG            7637.111     227 15728.223    119240.223   16386.032
262  LG+I          7614.536     228 15685.072    120109.072   16345.779
263  LG+G4         7298.000     228 15052.000    119476.000   15712.708
264  LG+I+G4       7295.902     229 15049.803    120389.803   15713.408
265  LG+R2         7358.963     229 15175.926    120515.926   15839.531
266  LG+R3         7289.141     231 15040.282    122224.282   15709.683
267  LG+R4         7281.390     233 15028.780    124072.780   15703.977
268  LG+R5         7279.500     235 15028.999    125948.999   15709.991
274  LG+F          7717.613     246 15927.225    137451.225   16640.094
275  LG+F+I        7690.296     247 15874.591    138386.591   16590.358
276  LG+F+G4       7379.242     247 15252.483    137764.483   15968.250
277  LG+F+I+G4     7376.217     248 15248.433    138752.433   15967.098
278  LG+F+R2       7443.308     248 15382.616    138886.616   16101.280
279  LG+F+R3       7372.943     250 15245.885    140745.885   15970.345
280  LG+F+R4       7364.219     252 15232.439    142744.439   15962.694
281  LG+F+R5       7362.498     254 15232.996    144772.996   15969.047
287  DCMut         7758.244     227 15970.488    119482.488   16628.297
288  DCMut+I       7726.916     228 15909.832    120333.832   16570.540
289  DCMut+G4      7410.004     228 15276.008    119700.008   15936.716
290  DCMut+I+G4    7406.671     229 15271.343    120611.343   15934.948
291  DCMut+R2      7472.162     229 15402.324    120742.324   16065.930
292  DCMut+R3      7409.468     231 15280.936    122464.936   15950.337
293  DCMut+R4      7396.907     233 15259.814    124303.814   15935.011
294  DCMut+R5      7395.238     235 15260.475    126180.475   15941.467
300  DCMut+F       7796.282     246 16084.564    137608.564   16797.433
301  DCMut+F+I     7759.741     247 16013.481    138525.481   16729.247
302  DCMut+F+G4    7465.204     247 15424.408    137936.408   16140.175
303  DCMut+F+I+G4  7460.408     248 15416.817    138920.817   16135.481
304  DCMut+F+R2    7516.629     248 15529.258    139033.258   16247.923
305  DCMut+F+R3    7458.711     250 15417.422    140917.422   16141.882
306  DCMut+F+R4    7449.776     252 15403.553    142915.553   16133.808
307  DCMut+F+R5    7447.144     254 15402.287    144942.287   16138.339
313  PMB           7756.685     227 15967.369    119479.369   16625.179
314  PMB+I         7729.102     228 15914.203    120338.203   16574.911
315  PMB+G4        7463.689     228 15383.377    119807.377   16044.085
316  PMB+I+G4      7460.959     229 15379.919    120719.919   16043.524
317  PMB+R2        7519.849     229 15497.699    120837.699   16161.304
318  PMB+R3        7456.931     231 15375.861    122559.861   16045.262
319  PMB+R4        7449.561     233 15365.123    124409.123   16040.319
320  PMB+R5        7448.642     235 15367.284    126287.284   16048.277
326  PMB+F         7818.794     246 16129.587    137653.587   16842.456
327  PMB+F+I       7786.986     247 16067.971    138579.971   16783.738
328  PMB+F+G4      7526.956     247 15547.912    138059.912   16263.678
329  PMB+F+I+G4    7523.406     248 15542.813    139046.813   16261.477
330  PMB+F+R2      7582.572     248 15661.144    139165.144   16379.808
331  PMB+F+R3      7521.742     250 15543.483    141043.483   16267.943
332  PMB+F+R4      7513.101     252 15530.202    143042.202   16260.457
333  PMB+F+R5      7511.843     254 15531.686    145071.686   16267.738
339  HIVb          7924.355     227 16302.710    119814.710   16960.520
340  HIVb+I        7892.643     228 16241.286    120665.286   16901.994
341  HIVb+G4       7494.874     228 15445.747    119869.747   16106.455
342  HIVb+I+G4     7492.941     229 15443.882    120783.882   16107.487
343  HIVb+R2       7584.998     229 15627.995    120967.995   16291.601
344  HIVb+R3       7499.248     231 15460.496    122644.496   16129.897
345  HIVb+R4       7489.506     233 15445.012    124489.012   16120.209
346  HIVb+R5       7485.666     235 15441.333    126361.333   16122.325
352  HIVb+F        8015.671     246 16523.341    138047.341   17236.210
353  HIVb+F+I      7981.402     247 16456.804    138968.804   17172.571
354  HIVb+F+G4     7573.265     247 15640.530    138152.530   16356.296
355  HIVb+F+I+G4   7571.316     248 15638.631    139142.631   16357.295
356  HIVb+F+R2     7670.039     248 15836.077    139340.077   16554.742
357  HIVb+F+R3     7581.603     250 15663.207    141163.207   16387.666
358  HIVb+F+R4     7569.372     252 15642.744    143154.744   16373.000
359  HIVb+F+R5     7568.090     254 15644.179    145184.179   16380.231
365  HIVw          8208.540     227 16871.081    120383.081   17528.891
366  HIVw+I        8166.200     228 16788.400    121212.400   17449.107
367  HIVw+G4       7791.341     228 16038.682    120462.682   16699.390
368  HIVw+I+G4     7787.675     229 16033.351    121373.351   16696.956
369  HIVw+R2       7875.693     229 16209.385    121549.385   16872.991
370  HIVw+R3       7800.006     231 16062.011    123246.011   16731.412
371  HIVw+R4       7787.548     233 16041.095    125085.095   16716.292
372  HIVw+R5       7781.925     235 16033.851    126953.851   16714.843
373  HIVw+R6       7763.559     237 16001.119    128813.119   16687.907
374  HIVw+R7       7757.701     239 15993.403    130713.403   16685.986
375  HIVw+R8       7755.148     241 15992.295    132636.295   16690.675
378  HIVw+F        8214.018     246 16920.036    138444.036   17632.904
379  HIVw+F+I      8166.826     247 16827.653    139339.653   17543.419
380  HIVw+F+G4     7786.210     247 16066.420    138578.420   16782.186
381  HIVw+F+I+G4   7783.075     248 16062.149    139566.149   16780.814
382  HIVw+F+R2     7873.235     248 16242.470    139746.470   16961.134
383  HIVw+F+R3     7797.272     250 16094.545    141594.545   16819.005
384  HIVw+F+R4     7783.868     252 16071.735    143583.735   16801.991
385  HIVw+F+R5     7779.024     254 16066.048    145606.048   16802.099
391  JTTDCMut      7703.066     227 15860.133    119372.133   16517.942
392  JTTDCMut+I    7675.956     228 15807.911    120231.911   16468.619
393  JTTDCMut+G4   7350.278     228 15156.556    119580.556   15817.264
394  JTTDCMut+I+G4 7348.388     229 15154.775    120494.775   15818.381
395  JTTDCMut+R2   7409.276     229 15276.552    120616.552   15940.157
396  JTTDCMut+R3   7344.203     231 15150.407    122334.407   15819.808
397  JTTDCMut+R4   7335.567     233 15137.134    124181.134   15812.330
398  JTTDCMut+R5   7334.346     235 15138.692    126058.692   15819.685
404  JTTDCMut+F    7776.608     246 16045.216    137569.216   16758.084
405  JTTDCMut+F+I  7744.699     247 15983.397    138495.397   16699.164
406  JTTDCMut+F+G4 7431.544     247 15357.087    137869.087   16072.854
407  JTTDCMut+F+I+G4 7428.590     248 15353.181    138857.181   16071.845
408  JTTDCMut+F+R2 7486.901     248 15469.803    138973.803   16188.467
409  JTTDCMut+F+R3 7422.292     250 15344.584    140844.584   16069.044
410  JTTDCMut+F+R4 7415.738     252 15335.476    142847.476   16065.731
411  JTTDCMut+F+R5 7414.495     254 15336.991    144876.991   16073.042
417  FLU           7833.632     227 16121.263    119633.263   16779.073
418  FLU+I         7802.523     228 16061.046    120485.046   16721.754
419  FLU+G4        7439.749     228 15335.498    119759.498   15996.205
420  FLU+I+G4      7437.283     229 15332.565    120672.565   15996.171
421  FLU+R2        7511.120     229 15480.241    120820.241   16143.846
422  FLU+R3        7444.536     231 15351.072    122535.072   16020.473
423  FLU+R4        7434.114     233 15334.228    124378.228   16009.424
424  FLU+R5        7432.219     235 15334.437    126254.437   16015.429
430  FLU+F         7981.218     246 16454.435    137978.435   17167.304
431  FLU+F+I       7942.854     247 16379.708    138891.708   17095.475
432  FLU+F+G4      7558.900     247 15611.799    138123.799   16327.566
433  FLU+F+I+G4    7556.394     248 15608.787    139112.787   16327.452
434  FLU+F+R2      7652.619     248 15801.237    139305.237   16519.901
435  FLU+F+R3      7574.133     250 15648.267    141148.267   16372.727
436  FLU+F+R4      7562.826     252 15629.651    143141.651   16359.907
437  FLU+F+R5      7560.282     254 15628.563    145168.563   16364.615
443  Blosum62      7746.915     227 15947.830    119459.830   16605.640
444  Blosum62+I    7718.545     228 15893.090    120317.090   16553.797
445  Blosum62+G4   7453.792     228 15363.584    119787.584   16024.291
446  Blosum62+I+G4 7450.227     229 15358.453    120698.453   16022.059
447  Blosum62+R2   7511.364     229 15480.727    120820.727   16144.332
448  Blosum62+R3   7447.117     231 15356.234    122540.234   16025.635
449  Blosum62+R4   7439.480     233 15344.960    124388.960   16020.157
450  Blosum62+R5   7439.053     235 15348.106    126268.106   16029.099
456  Blosum62+F    7817.192     246 16126.385    137650.385   16839.253
457  Blosum62+F+I  7784.551     247 16063.103    138575.103   16778.869
458  Blosum62+F+G4 7527.452     247 15548.904    138060.904   16264.671
459  Blosum62+F+I+G4 7523.278     248 15542.556    139046.556   16261.220
460  Blosum62+F+R2 7583.978     248 15663.955    139167.955   16382.619
461  Blosum62+F+R3 7522.819     250 15545.639    141045.639   16270.099
462  Blosum62+F+R4 7513.922     252 15531.843    143043.843   16262.099
463  Blosum62+F+R5 7513.347     254 15534.694    145074.694   16270.745
469  mtMet         8230.405     227 16914.809    120426.809   17572.619
470  mtMet+I       8218.335     228 16892.671    121316.671   17553.378
471  mtMet+G4      7698.066     228 15852.132    120276.132   16512.839
472  mtMet+I+G4    7698.133     229 15854.266    121194.266   16517.871
473  mtMet+R2      7795.174     229 16048.348    121388.348   16711.953
474  mtMet+R3      7707.412     231 15876.824    123060.824   16546.225
475  mtMet+R4      7701.336     233 15868.671    124912.671   16543.868
476  mtMet+R5      7700.263     235 15870.526    126790.526   16551.518
482  mtMet+F       7936.696     246 16365.392    137889.392   17078.260
483  mtMet+F+I     7913.886     247 16321.773    138833.773   17037.539
484  mtMet+F+G4    7503.617     247 15501.233    138013.233   16217.000
485  mtMet+F+I+G4  7502.279     248 15500.559    139004.559   16219.223
486  mtMet+F+R2    7579.101     248 15654.202    139158.202   16372.866
487  mtMet+F+R3    7515.380     250 15530.761    141030.761   16255.221
488  mtMet+F+R4    7499.877     252 15503.753    143015.753   16234.009
489  mtMet+F+R5    7498.661     254 15505.322    145045.322   16241.373
495  mtVer         8479.933     227 17413.867    120925.867   18071.676
496  mtVer+I       8468.885     228 17393.770    121817.770   18054.478
497  mtVer+G4      7899.902     228 16255.804    120679.804   16916.511
498  mtVer+I+G4    7899.930     229 16257.859    121597.859   16921.465
499  mtVer+R2      7974.009     229 16406.019    121746.019   17069.624
500  mtVer+R3      7911.884     231 16285.768    123469.768   16955.169
501  mtVer+R4      7900.173     233 16266.347    125310.347   16941.543
502  mtVer+R5      7898.361     235 16266.722    127186.722   16947.714
508  mtVer+F       8141.925     246 16775.851    138299.851   17488.719
509  mtVer+F+I     8117.281     247 16728.562    139240.562   17444.328
510  mtVer+F+G4    7659.070     247 15812.139    138324.139   16527.906
511  mtVer+F+I+G4  7657.831     248 15811.662    139315.662   16530.327
512  mtVer+F+R2    7742.641     248 15981.282    139485.282   16699.946
513  mtVer+F+R3    7677.435     250 15854.871    141354.871   16579.331
514  mtVer+F+R4    7657.569     252 15819.137    143331.137   16549.393
515  mtVer+F+R5    7657.565     254 15823.131    145363.131   16559.182
521  mtInv         8160.746     227 16775.492    120287.492   17433.302
522  mtInv+I       8146.356     228 16748.712    121172.712   17409.420
523  mtInv+G4      7672.437     228 15800.873    120224.873   16461.581
524  mtInv+I+G4    7672.546     229 15803.093    121143.093   16466.698
525  mtInv+R2      7768.415     229 15994.830    121334.830   16658.436
526  mtInv+R3      7682.585     231 15827.169    123011.169   16496.570
527  mtInv+R4      7673.970     233 15813.940    124857.940   16489.137
528  mtInv+R5      7673.962     235 15817.925    126737.925   16498.917
534  mtInv+F       7808.738     246 16109.476    137633.476   16822.344
535  mtInv+F+I     7782.296     247 16058.592    138570.592   16774.358
536  mtInv+F+G4    7427.915     247 15349.830    137861.830   16065.596
537  mtInv+F+I+G4  7425.099     248 15346.198    138850.198   16064.862
538  mtInv+F+R2    7494.949     248 15485.899    138989.899   16204.563
539  mtInv+F+R3    7435.798     250 15371.596    140871.596   16096.056
540  mtInv+F+R4    7418.945     252 15341.890    142853.890   16072.146
541  mtInv+F+R5    7418.934     254 15345.869    144885.869   16081.920
Akaike Information Criterion:           LG+R4
Corrected Akaike Information Criterion: LG
Bayesian Information Criterion:         LG+R4
Best-fit model: LG+R4 chosen according to BIC

All model information printed to /mnt/ivy/thliao/project/AOB/analysis/20210713_repeat/add_Chromatiaces/phy_files/P39_prot/withEuk/NP_043206.1.model.gz
CPU time for ModelFinder: 597.238 seconds (0h:9m:57s)
Wall-clock time for ModelFinder: 299.994 seconds (0h:4m:59s)
Generating 1000 samples for ultrafast bootstrap (seed: 744175)...

NOTE: 11 MB RAM (0 GB) is required!
Estimate model parameters (epsilon = 0.100)
1. Initial log-likelihood: -7304.192
2. Current log-likelihood: -7289.410
3. Current log-likelihood: -7288.433
4. Current log-likelihood: -7288.123
5. Current log-likelihood: -7287.982
Optimal log-likelihood: -7287.903
Site proportion and rates:  (0.298,0.217) (0.345,0.696) (0.185,1.003) (0.173,2.955)
Parameters optimization took 5 rounds (1.840 sec)
Computing ML distances based on estimated model parameters... 5.176 sec
Computing BIONJ tree...
0.010 seconds
Log-likelihood of BIONJ tree: -7320.445
--------------------------------------------------------------------
|             INITIALIZING CANDIDATE TREE SET                      |
--------------------------------------------------------------------
Generating 98 parsimony trees... 1.685 second
Computing log-likelihood of 98 initial trees ... 7.558 seconds
Current best score: -7260.171

Do NNI search on 20 best initial trees
Estimate model parameters (epsilon = 0.100)
BETTER TREE FOUND at iteration 1: -7235.127
Estimate model parameters (epsilon = 0.100)
BETTER TREE FOUND at iteration 8: -7229.226
Iteration 10 / LogL: -7245.960 / Time: 0h:0m:31s
Iteration 20 / LogL: -7244.617 / Time: 0h:0m:44s
Finish initializing candidate tree set (20)
Current best tree score: -7229.226 / CPU time: 40.014
Number of iterations: 20
--------------------------------------------------------------------
|               OPTIMIZING CANDIDATE TREE SET                      |
--------------------------------------------------------------------
Estimate model parameters (epsilon = 0.100)
BETTER TREE FOUND at iteration 22: -7227.589
Estimate model parameters (epsilon = 0.100)
BETTER TREE FOUND at iteration 24: -7224.347
Estimate model parameters (epsilon = 0.100)
BETTER TREE FOUND at iteration 26: -7222.701
Iteration 30 / LogL: -7223.268 / Time: 0h:1m:1s (0h:3m:25s left)
Estimate model parameters (epsilon = 0.100)
BETTER TREE FOUND at iteration 35: -7221.894
Estimate model parameters (epsilon = 0.100)
BETTER TREE FOUND at iteration 40: -7219.527
Iteration 40 / LogL: -7219.527 / Time: 0h:1m:16s (0h:3m:17s left)
Estimate model parameters (epsilon = 0.100)
BETTER TREE FOUND at iteration 48: -7217.334
Iteration 50 / LogL: -7226.292 / Time: 0h:1m:33s (0h:3m:6s left)
Log-likelihood cutoff on original alignment: -7277.121
UFBoot trees printed to /mnt/ivy/thliao/project/AOB/analysis/20210713_repeat/add_Chromatiaces/phy_files/P39_prot/withEuk/NP_043206.1.ufboot
Iteration 60 / LogL: -7228.703 / Time: 0h:1m:48s (0h:2m:42s left)
Estimate model parameters (epsilon = 0.100)
BETTER TREE FOUND at iteration 61: -7215.808
Iteration 70 / LogL: -7226.251 / Time: 0h:2m:2s (0h:2m:42s left)
Iteration 80 / LogL: -7216.418 / Time: 0h:2m:18s (0h:2m:22s left)
Estimate model parameters (epsilon = 0.100)
BETTER TREE FOUND at iteration 82: -7213.564
Iteration 90 / LogL: -7226.396 / Time: 0h:2m:34s (0h:2m:40s left)
UPDATE BEST LOG-LIKELIHOOD: -7213.563
Estimate model parameters (epsilon = 0.100)
BETTER TREE FOUND at iteration 100: -7212.253
Iteration 100 / LogL: -7212.253 / Time: 0h:2m:49s (0h:2m:51s left)
Log-likelihood cutoff on original alignment: -7277.121
NOTE: Bootstrap correlation coefficient of split occurrence frequencies: 0.973
NOTE: UFBoot does not converge, continue at least 100 more iterations
UFBoot trees printed to /mnt/ivy/thliao/project/AOB/analysis/20210713_repeat/add_Chromatiaces/phy_files/P39_prot/withEuk/NP_043206.1.ufboot
Estimate model parameters (epsilon = 0.100)
BETTER TREE FOUND at iteration 104: -7211.969
Estimate model parameters (epsilon = 0.100)
BETTER TREE FOUND at iteration 105: -7211.333
Estimate model parameters (epsilon = 0.100)
BETTER TREE FOUND at iteration 109: -7210.012
Iteration 110 / LogL: -7234.685 / Time: 0h:3m:6s (0h:2m:49s left)
Estimate model parameters (epsilon = 0.100)
BETTER TREE FOUND at iteration 112: -7208.924
Iteration 120 / LogL: -7215.969 / Time: 0h:3m:20s (0h:2m:35s left)
BETTER TREE FOUND at iteration 125: -7208.924
Iteration 130 / LogL: -7216.117 / Time: 0h:3m:35s (0h:2m:38s left)
Iteration 140 / LogL: -7214.357 / Time: 0h:3m:52s (0h:2m:22s left)
Estimate model parameters (epsilon = 0.100)
BETTER TREE FOUND at iteration 141: -7208.805
Iteration 150 / LogL: -7219.427 / Time: 0h:4m:6s (0h:2m:30s left)
Log-likelihood cutoff on original alignment: -7277.121
UFBoot trees printed to /mnt/ivy/thliao/project/AOB/analysis/20210713_repeat/add_Chromatiaces/phy_files/P39_prot/withEuk/NP_043206.1.ufboot
Estimate model parameters (epsilon = 0.100)
BETTER TREE FOUND at iteration 160: -7208.479
Iteration 160 / LogL: -7208.479 / Time: 0h:4m:23s (0h:2m:45s left)
Iteration 170 / LogL: -7214.025 / Time: 0h:4m:36s (0h:2m:27s left)
BETTER TREE FOUND at iteration 177: -7208.478
Iteration 180 / LogL: -7230.707 / Time: 0h:4m:51s (0h:2m:37s left)
Iteration 190 / LogL: -7210.833 / Time: 0h:5m:5s (0h:2m:20s left)
Iteration 200 / LogL: -7218.798 / Time: 0h:5m:18s (0h:2m:3s left)
Log-likelihood cutoff on original alignment: -7277.121
NOTE: Bootstrap correlation coefficient of split occurrence frequencies: 0.987
NOTE: UFBoot does not converge, continue at least 100 more iterations
UFBoot trees printed to /mnt/ivy/thliao/project/AOB/analysis/20210713_repeat/add_Chromatiaces/phy_files/P39_prot/withEuk/NP_043206.1.ufboot
Iteration 210 / LogL: -7209.233 / Time: 0h:5m:33s (0h:2m:23s left)
Iteration 220 / LogL: -7211.919 / Time: 0h:5m:47s (0h:2m:6s left)
Estimate model parameters (epsilon = 0.100)
BETTER TREE FOUND at iteration 222: -7208.133
Iteration 230 / LogL: -7213.762 / Time: 0h:6m:2s (0h:2m:25s left)
Iteration 240 / LogL: -7214.796 / Time: 0h:6m:17s (0h:2m:9s left)
Iteration 250 / LogL: -7208.947 / Time: 0h:6m:31s (0h:1m:53s left)
Log-likelihood cutoff on original alignment: -7277.121
UFBoot trees printed to /mnt/ivy/thliao/project/AOB/analysis/20210713_repeat/add_Chromatiaces/phy_files/P39_prot/withEuk/NP_043206.1.ufboot
Iteration 260 / LogL: -7212.152 / Time: 0h:6m:45s (0h:1m:37s left)
Iteration 270 / LogL: -7231.379 / Time: 0h:6m:59s (0h:1m:21s left)
Iteration 280 / LogL: -7210.865 / Time: 0h:7m:14s (0h:1m:5s left)
Estimate model parameters (epsilon = 0.100)
BETTER TREE FOUND at iteration 281: -7208.000
Iteration 290 / LogL: -7215.342 / Time: 0h:7m:27s (0h:2m:21s left)
Iteration 300 / LogL: -7209.979 / Time: 0h:7m:41s (0h:2m:5s left)
Log-likelihood cutoff on original alignment: -7277.121
NOTE: Bootstrap correlation coefficient of split occurrence frequencies: 0.994
UFBoot trees printed to /mnt/ivy/thliao/project/AOB/analysis/20210713_repeat/add_Chromatiaces/phy_files/P39_prot/withEuk/NP_043206.1.ufboot
Iteration 310 / LogL: -7209.525 / Time: 0h:7m:57s (0h:2m:19s left)
Iteration 320 / LogL: -7224.845 / Time: 0h:8m:11s (0h:2m:3s left)
Iteration 330 / LogL: -7208.000 / Time: 0h:8m:25s (0h:1m:47s left)
Iteration 340 / LogL: -7226.995 / Time: 0h:8m:38s (0h:1m:31s left)
Iteration 350 / LogL: -7210.024 / Time: 0h:8m:52s (0h:1m:16s left)
Log-likelihood cutoff on original alignment: -7277.121
UFBoot trees printed to /mnt/ivy/thliao/project/AOB/analysis/20210713_repeat/add_Chromatiaces/phy_files/P39_prot/withEuk/NP_043206.1.ufboot
Iteration 360 / LogL: -7210.870 / Time: 0h:9m:6s (0h:1m:0s left)
Iteration 370 / LogL: -7215.262 / Time: 0h:9m:19s (0h:0m:45s left)
Iteration 380 / LogL: -7211.401 / Time: 0h:9m:32s (0h:0m:30s left)
TREE SEARCH COMPLETED AFTER 382 ITERATIONS / Time: 0h:9m:35s

--------------------------------------------------------------------
|                    FINALIZING TREE SEARCH                        |
--------------------------------------------------------------------
Performs final model parameters optimization
Estimate model parameters (epsilon = 0.010)
1. Initial log-likelihood: -7208.000
Optimal log-likelihood: -7207.999
Site proportion and rates:  (0.331,0.258) (0.490,0.800) (0.074,2.115) (0.106,3.470)
Parameters optimization took 1 rounds (0.349 sec)
BEST SCORE FOUND : -7207.999
Creating bootstrap support values...
Split supports printed to NEXUS file /mnt/ivy/thliao/project/AOB/analysis/20210713_repeat/add_Chromatiaces/phy_files/P39_prot/withEuk/NP_043206.1.splits.nex
Total tree length: 21.476

Total number of iterations: 382
CPU time used for tree search: 1125.835 sec (0h:18m:45s)
Wall-clock time used for tree search: 570.426 sec (0h:9m:30s)
Total CPU time used: 1136.732 sec (0h:18m:56s)
Total wall-clock time used: 575.994 sec (0h:9m:35s)
UFBoot trees printed to /mnt/ivy/thliao/project/AOB/analysis/20210713_repeat/add_Chromatiaces/phy_files/P39_prot/withEuk/NP_043206.1.ufboot

Computing bootstrap consensus tree...
Reading input file /mnt/ivy/thliao/project/AOB/analysis/20210713_repeat/add_Chromatiaces/phy_files/P39_prot/withEuk/NP_043206.1.splits.nex...
115 taxa and 1374 splits.
Consensus tree written to /mnt/ivy/thliao/project/AOB/analysis/20210713_repeat/add_Chromatiaces/phy_files/P39_prot/withEuk/NP_043206.1.contree
Reading input trees file /mnt/ivy/thliao/project/AOB/analysis/20210713_repeat/add_Chromatiaces/phy_files/P39_prot/withEuk/NP_043206.1.contree
Log-likelihood of consensus tree: -7211.711

Analysis results written to: 
  IQ-TREE report:                /mnt/ivy/thliao/project/AOB/analysis/20210713_repeat/add_Chromatiaces/phy_files/P39_prot/withEuk/NP_043206.1.iqtree
  Maximum-likelihood tree:       /mnt/ivy/thliao/project/AOB/analysis/20210713_repeat/add_Chromatiaces/phy_files/P39_prot/withEuk/NP_043206.1.treefile
  Likelihood distances:          /mnt/ivy/thliao/project/AOB/analysis/20210713_repeat/add_Chromatiaces/phy_files/P39_prot/withEuk/NP_043206.1.mldist

Ultrafast bootstrap approximation results written to:
  Split support values:          /mnt/ivy/thliao/project/AOB/analysis/20210713_repeat/add_Chromatiaces/phy_files/P39_prot/withEuk/NP_043206.1.splits.nex
  Consensus tree:                /mnt/ivy/thliao/project/AOB/analysis/20210713_repeat/add_Chromatiaces/phy_files/P39_prot/withEuk/NP_043206.1.contree
  UFBoot trees:                  /mnt/ivy/thliao/project/AOB/analysis/20210713_repeat/add_Chromatiaces/phy_files/P39_prot/withEuk/NP_043206.1.ufboot
  Screen log file:               /mnt/ivy/thliao/project/AOB/analysis/20210713_repeat/add_Chromatiaces/phy_files/P39_prot/withEuk/NP_043206.1.log

Date and Time: Mon Dec 12 09:53:39 2022
