IQ-TREE multicore version 1.6.12 for Linux 64-bit built Aug 15 2019
Developed by Bui Quang Minh, Nguyen Lam Tung, Olga Chernomor,
Heiko Schmidt, Dominik Schrempf, Michael Woodhams.

Host:    cl004 (AVX2, FMA3, 125 GB RAM)
Command: iqtree -nt 2 -m LG -redo -wbtl -bb 1000 -pre /mnt/ivy/thliao/project/AOB/analysis/20210713_repeat/add_Chromatiaces/phy_files/P39_prot/withEuk/NP_043187.1 -s /mnt/ivy/thliao/project/AOB/analysis/20210713_repeat/add_Chromatiaces/phy_files/P39_prot/withEuk/NP_043187.1.aln
Seed:    716321 (Using SPRNG - Scalable Parallel Random Number Generator)
Time:    Mon Dec 12 10:17:09 2022
Kernel:  AVX+FMA - 2 threads (64 CPU cores detected)

Reading alignment file /mnt/ivy/thliao/project/AOB/analysis/20210713_repeat/add_Chromatiaces/phy_files/P39_prot/withEuk/NP_043187.1.aln ... Fasta format detected
Alignment most likely contains protein sequences
Alignment has 118 sequences with 701 columns, 683 distinct patterns
488 parsimony-informative, 128 singleton sites, 85 constant sites
                          Gap/Ambiguity  Composition  p-value
   1  Chondrus_crispus           41.37%    failed      0.00%
   2  Cyanidioschyzon_merolae    51.50%    failed      0.00%
   3  Cyanophora_paradoxa        29.81%    failed      0.00%
   4  Cyanoptyche_gloeocystis    38.66%    failed      0.00%
   5  Galdieria_sulphuraria      39.37%    failed      0.00%
   6  Gloeochaete_wittrockiana   36.23%    failed      0.00%
   7  NC_000926.1                40.09%    failed      0.70%
   8  NC_007288.1                39.80%    failed      0.12%
   9  NC_008588.1                39.66%    failed      0.00%
  10  NC_008589.1                40.37%    failed      0.42%
  11  NC_012898.1                41.51%    failed      0.04%
  12  NC_016703.2                40.51%    failed      0.09%
  13  NC_020371.1                39.94%    failed      0.00%
  14  NC_049168.1                39.51%    failed      0.33%
  15  Porphyra_umbilicalis       41.37%    passed      7.96%
  16  Porphyridium_purpureum     40.66%    failed      0.13%
  17  GCA_000473895.1            36.23%    passed     21.83%
  18  GCA_015709615.1            37.23%    passed     77.06%
  19  GCA_000024725.1            35.38%    passed     50.09%
  20  GCA_013697045.1            36.23%    passed     99.83%
  21  GCA_900107585.1            35.24%    passed     84.26%
  22  GCA_014859375.1            36.09%    passed     83.36%
  23  GCA_015272465.1            38.09%    passed     67.11%
  24  GCA_002356115.1            34.52%    passed     92.84%
  25  GCA_009833095.1            37.52%    passed     98.44%
  26  GCA_001747005.1            37.66%    passed     51.65%
  27  GCA_014635705.1            36.80%    passed     99.51%
  28  GCA_000469665.2            36.66%    failed      0.47%
  29  GCA_002109495.1            36.95%    passed     98.64%
  30  GCA_001458735.1            37.38%    passed     99.73%
  31  GCA_000952155.1            37.66%    passed     21.28%
  32  GCA_000317495.1            36.23%    passed     76.14%
  33  GCA_000317515.1            36.09%    passed     74.01%
  34  GCA_007197755.1            36.09%    passed     88.83%
  35  GCA_001187785.1            35.38%    passed     71.51%
  36  GCA_003719295.1            37.23%    passed     61.37%
  37  GCA_000314005.1            36.80%    passed     90.06%
  38  GCA_004168365.1            36.09%    passed     46.73%
  39  GCA_003015105.1            37.95%    passed     69.70%
  40  GCA_902810445.1            34.66%    passed     88.31%
  41  GCA_001697225.1            35.38%    passed     40.94%
  42  GCA_002868715.1            37.09%    passed     56.57%
  43  GCA_003532895.1            36.52%    passed     85.10%
  44  GCA_002218085.1            37.66%    passed     90.30%
  45  GCA_003015145.1            38.52%    failed      0.31%
  46  GCA_008189685.1            39.37%    failed      0.06%
  47  GCA_003551305.1            33.10%    failed      3.12%
  48  GCA_902500715.1            37.66%    passed     97.01%
  49  GCA_004684205.1            36.95%    passed     51.05%
  50  GCA_001828295.1            34.38%    passed     16.17%
  51  GCA_000949635.1            34.38%    passed     34.33%
  52  GCA_001644685.1            47.22%    passed     96.11%
  53  GCA_013141375.1            37.23%    passed     99.88%
  54  GCA_000760695.4            37.66%    passed     75.94%
  55  GCA_017879665.1            37.66%    passed     98.81%
  56  GCA_001772005.1            38.94%    passed     96.02%
  57  GCA_000332035.1            37.52%    passed     84.93%
  58  GCA_016788925.1            37.66%    passed     97.52%
  59  GCA_000740735.1            35.38%    passed     68.41%
  60  GCA_000934545.1            36.95%    passed     99.27%
  61  GCA_001458695.1            37.38%    passed     98.89%
  62  GCA_016207025.1            37.66%    passed     99.77%
  63  GCA_900119825.1            38.37%    passed     99.95%
  64  GCA_003534995.1            35.38%    passed     58.98%
  65  GCA_015709635.1            37.23%    passed     82.15%
  66  GCA_006496635.1            37.09%    passed     99.05%
  67  GCA_000011385.1            38.23%    passed     47.35%
  68  GCA_001828545.1            34.38%    passed     67.11%
  69  GCA_005877815.1            37.66%    passed     65.21%
  70  GCF_004345375.1            37.52%    passed     92.83%
  71  GCA_000263335.1            35.24%    passed     63.35%
  72  GCA_007992375.1            37.09%    passed     98.78%
  73  GCA_001890765.1            36.66%    passed     72.08%
  74  GCA_003149345.1            36.80%    passed     99.50%
  75  GCA_004421105.1            35.38%    passed     45.96%
  76  GCA_002083815.1            37.95%    passed     99.76%
  77  GCA_003576955.1            37.66%    passed     99.05%
  78  GCA_003851125.1            37.09%    passed     98.62%
  79  GCA_010027455.1            38.37%    passed     99.37%
  80  GCA_001803795.1            38.37%    passed     89.91%
  81  GCA_003003885.1            37.66%    passed     43.70%
  82  GCA_004282745.1            34.38%    passed     67.58%
  83  GCA_000214665.1            37.09%    passed     97.32%
  84  GCA_002072955.1            37.23%    passed     99.86%
  85  GCA_016873455.1            37.38%    passed     98.42%
  86  GCA_001870225.1            38.09%    passed     83.73%
  87  GCA_013140535.1            37.38%    passed     90.65%
  88  GCA_000948975.1            37.09%    passed     67.62%
  89  GCA_001566965.1            36.80%    passed     99.99%
  90  GCA_000264455.2            36.23%    passed     47.67%
  91  GCA_000317535.1            37.66%    passed     55.19%
  92  GCA_006385135.1            36.23%    passed     82.99%
  93  GCA_001267195.1            36.95%    passed     48.78%
  94  GCA_000014865.1            36.95%    passed     90.70%
  95  GCA_002355455.1            37.80%    passed     70.78%
  96  GCA_002162035.1            37.09%    passed     94.92%
  97  GCA_001881495.1            35.66%    passed     59.01%
  98  GCA_000317575.1            37.80%    passed     67.28%
  99  GCA_000380225.1            38.52%    passed     63.09%
 100  GCA_003258315.1            34.66%    passed     49.39%
 101  GCA_016592635.1            38.23%    passed     99.95%
 102  GCA_902459485.1            36.95%    passed     98.31%
 103  GCA_001904725.1            38.23%    passed     45.67%
 104  GCA_000013225.1            38.37%    passed     94.76%
 105  GCA_900110495.1            36.95%    passed     98.03%
 106  GCA_000346485.2            37.66%    passed     76.37%
 107  GCA_003644325.1            33.52%    passed     53.40%
 108  GCA_004195045.1            38.23%    passed      7.33%
 109  GCA_013521015.1            36.95%    passed     94.97%
 110  GCA_002924445.1            36.23%    passed     83.43%
 111  GCA_005524015.1            34.38%    passed     24.72%
 112  GCA_000332275.1            38.23%    passed     82.80%
 113  GCA_002007425.1            36.23%    passed     92.30%
 114  GCA_000828615.1            35.81%    passed     72.33%
 115  GCA_000228725.3            35.81%    passed     84.92%
 116  GCA_000379525.1            35.81%    passed     95.07%
 117  GCA_001007875.1            35.95%    passed     81.90%
 118  GCA_001469165.1            36.95%    passed     89.74%
WARNING: 1 sequences contain more than 50% gaps/ambiguity
****  TOTAL                      37.33%  19 sequences failed composition chi2 test (p-value<5%; df=19)

Create initial parsimony tree by phylogenetic likelihood library (PLL)... 0.047 seconds
Generating 1000 samples for ultrafast bootstrap (seed: 716321)...

NOTE: 15 MB RAM (0 GB) is required!
Estimate model parameters (epsilon = 0.100)
1. Initial log-likelihood: -51800.466
Optimal log-likelihood: -51001.111
Parameters optimization took 1 rounds (0.273 sec)
Computing ML distances based on estimated model parameters... 0.996 sec
Computing BIONJ tree...
0.016 seconds
Log-likelihood of BIONJ tree: -51066.391
--------------------------------------------------------------------
|             INITIALIZING CANDIDATE TREE SET                      |
--------------------------------------------------------------------
Generating 98 parsimony trees... 10.435 second
Computing log-likelihood of 98 initial trees ... 9.769 seconds
Current best score: -50990.743

Do NNI search on 20 best initial trees
Estimate model parameters (epsilon = 0.100)
BETTER TREE FOUND at iteration 1: -50955.479
Estimate model parameters (epsilon = 0.100)
BETTER TREE FOUND at iteration 2: -50955.164
Iteration 10 / LogL: -50959.032 / Time: 0h:0m:31s
Iteration 20 / LogL: -50959.050 / Time: 0h:0m:40s
Finish initializing candidate tree set (16)
Current best tree score: -50955.164 / CPU time: 39.433
Number of iterations: 20
--------------------------------------------------------------------
|               OPTIMIZING CANDIDATE TREE SET                      |
--------------------------------------------------------------------
Estimate model parameters (epsilon = 0.100)
BETTER TREE FOUND at iteration 28: -50952.212
Estimate model parameters (epsilon = 0.100)
BETTER TREE FOUND at iteration 29: -50951.699
Iteration 30 / LogL: -50952.903 / Time: 0h:0m:52s (0h:2m:59s left)
Iteration 40 / LogL: -50952.176 / Time: 0h:1m:4s (0h:2m:26s left)
Iteration 50 / LogL: -50952.242 / Time: 0h:1m:15s (0h:2m:1s left)
Log-likelihood cutoff on original alignment: -51016.561
UFBoot trees printed to /mnt/ivy/thliao/project/AOB/analysis/20210713_repeat/add_Chromatiaces/phy_files/P39_prot/withEuk/NP_043187.1.ufboot
Iteration 60 / LogL: -50951.702 / Time: 0h:1m:28s (0h:1m:43s left)
Iteration 70 / LogL: -50959.592 / Time: 0h:1m:39s (0h:1m:25s left)
Iteration 80 / LogL: -50951.830 / Time: 0h:1m:52s (0h:1m:9s left)
Iteration 90 / LogL: -50951.857 / Time: 0h:2m:3s (0h:0m:53s left)
Iteration 100 / LogL: -50952.882 / Time: 0h:2m:13s (0h:0m:39s left)
Log-likelihood cutoff on original alignment: -51014.930
NOTE: Bootstrap correlation coefficient of split occurrence frequencies: 0.997
UFBoot trees printed to /mnt/ivy/thliao/project/AOB/analysis/20210713_repeat/add_Chromatiaces/phy_files/P39_prot/withEuk/NP_043187.1.ufboot
Iteration 110 / LogL: -50958.497 / Time: 0h:2m:26s (0h:2m:0s left)
Iteration 120 / LogL: -50952.023 / Time: 0h:2m:36s (0h:1m:45s left)
Iteration 130 / LogL: -51032.879 / Time: 0h:2m:48s (0h:1m:31s left)
TREE SEARCH COMPLETED AFTER 130 ITERATIONS / Time: 0h:2m:48s

--------------------------------------------------------------------
|                    FINALIZING TREE SEARCH                        |
--------------------------------------------------------------------
Performs final model parameters optimization
Estimate model parameters (epsilon = 0.010)
1. Initial log-likelihood: -50951.699
Optimal log-likelihood: -50951.699
Parameters optimization took 1 rounds (0.086 sec)
BEST SCORE FOUND : -50951.699
Creating bootstrap support values...
Split supports printed to NEXUS file /mnt/ivy/thliao/project/AOB/analysis/20210713_repeat/add_Chromatiaces/phy_files/P39_prot/withEuk/NP_043187.1.splits.nex
Total tree length: 30.779

Total number of iterations: 130
CPU time used for tree search: 317.696 sec (0h:5m:17s)
Wall-clock time used for tree search: 166.720 sec (0h:2m:46s)
Total CPU time used: 320.525 sec (0h:5m:20s)
Total wall-clock time used: 169.186 sec (0h:2m:49s)
UFBoot trees printed to /mnt/ivy/thliao/project/AOB/analysis/20210713_repeat/add_Chromatiaces/phy_files/P39_prot/withEuk/NP_043187.1.ufboot

Computing bootstrap consensus tree...
Reading input file /mnt/ivy/thliao/project/AOB/analysis/20210713_repeat/add_Chromatiaces/phy_files/P39_prot/withEuk/NP_043187.1.splits.nex...
118 taxa and 470 splits.
Consensus tree written to /mnt/ivy/thliao/project/AOB/analysis/20210713_repeat/add_Chromatiaces/phy_files/P39_prot/withEuk/NP_043187.1.contree
Reading input trees file /mnt/ivy/thliao/project/AOB/analysis/20210713_repeat/add_Chromatiaces/phy_files/P39_prot/withEuk/NP_043187.1.contree
Log-likelihood of consensus tree: -50951.699

Analysis results written to: 
  IQ-TREE report:                /mnt/ivy/thliao/project/AOB/analysis/20210713_repeat/add_Chromatiaces/phy_files/P39_prot/withEuk/NP_043187.1.iqtree
  Maximum-likelihood tree:       /mnt/ivy/thliao/project/AOB/analysis/20210713_repeat/add_Chromatiaces/phy_files/P39_prot/withEuk/NP_043187.1.treefile
  Likelihood distances:          /mnt/ivy/thliao/project/AOB/analysis/20210713_repeat/add_Chromatiaces/phy_files/P39_prot/withEuk/NP_043187.1.mldist

Ultrafast bootstrap approximation results written to:
  Split support values:          /mnt/ivy/thliao/project/AOB/analysis/20210713_repeat/add_Chromatiaces/phy_files/P39_prot/withEuk/NP_043187.1.splits.nex
  Consensus tree:                /mnt/ivy/thliao/project/AOB/analysis/20210713_repeat/add_Chromatiaces/phy_files/P39_prot/withEuk/NP_043187.1.contree
  UFBoot trees:                  /mnt/ivy/thliao/project/AOB/analysis/20210713_repeat/add_Chromatiaces/phy_files/P39_prot/withEuk/NP_043187.1.ufboot
  Screen log file:               /mnt/ivy/thliao/project/AOB/analysis/20210713_repeat/add_Chromatiaces/phy_files/P39_prot/withEuk/NP_043187.1.log

Date and Time: Mon Dec 12 10:20:00 2022
