IQ-TREE multicore version 1.6.12 for Linux 64-bit built Aug 15 2019
Developed by Bui Quang Minh, Nguyen Lam Tung, Olga Chernomor,
Heiko Schmidt, Dominik Schrempf, Michael Woodhams.

Host:    cl002 (AVX2, FMA3, 251 GB RAM)
Command: iqtree -nt 2 -redo -wbtl -bb 1000 -pre /mnt/ivy/thliao/project/AOB/analysis/20210713_repeat/add_Chromatiaces/phy_files/P39_prot/withEuk/NP_043258.1 -s /mnt/ivy/thliao/project/AOB/analysis/20210713_repeat/add_Chromatiaces/phy_files/P39_prot/withEuk/NP_043258.1.aln
Seed:    582287 (Using SPRNG - Scalable Parallel Random Number Generator)
Time:    Mon Dec 12 09:35:45 2022
Kernel:  AVX+FMA - 2 threads (64 CPU cores detected)

Reading alignment file /mnt/ivy/thliao/project/AOB/analysis/20210713_repeat/add_Chromatiaces/phy_files/P39_prot/withEuk/NP_043258.1.aln ... Fasta format detected
Alignment most likely contains protein sequences
Alignment has 118 sequences with 138 columns, 135 distinct patterns
111 parsimony-informative, 13 singleton sites, 14 constant sites
                          Gap/Ambiguity  Composition  p-value
   1  Chondrus_crispus            8.70%    passed     77.48%
   2  Cyanidioschyzon_merolae    10.87%    passed     76.62%
   3  Cyanophora_paradoxa         8.70%    passed     99.92%
   4  Cyanoptyche_gloeocystis     7.97%    passed     95.45%
   5  Galdieria_sulphuraria      15.22%    passed     23.42%
   6  Gloeochaete_wittrockiana    8.70%    passed     94.56%
   7  NC_000926.1                11.59%    passed     90.13%
   8  NC_007288.1                10.14%    passed     72.53%
   9  NC_008588.1                10.87%    passed     61.84%
  10  NC_008589.1                10.87%    passed     37.19%
  11  NC_012898.1                15.94%    passed     72.75%
  12  NC_016703.2                10.14%    passed     96.05%
  13  NC_020371.1                16.67%    passed     38.53%
  14  NC_049168.1                10.14%    passed     97.05%
  15  Porphyra_umbilicalis        8.70%    passed     97.37%
  16  Porphyridium_purpureum      8.70%    passed     66.38%
  17  GCA_000473895.1             7.97%    passed     92.48%
  18  GCA_015709615.1            13.77%    passed     99.44%
  19  GCA_000024725.1            14.49%    passed     99.91%
  20  GCA_013697045.1            14.49%    passed     96.42%
  21  GCA_900107585.1            11.59%    passed     92.05%
  22  GCA_014859375.1            15.22%    passed     99.98%
  23  GCA_015272465.1             7.97%    passed     99.97%
  24  GCA_002356115.1            15.22%    passed     90.64%
  25  GCA_009833095.1            13.77%    passed     97.54%
  26  GCA_013140465.1            14.49%    passed     99.56%
  27  GCA_001747005.1             8.70%    passed     99.83%
  28  GCA_014635705.1            12.32%    passed     99.69%
  29  GCA_000469665.2            11.59%    passed     45.21%
  30  GCA_002109495.1            11.59%    passed     98.63%
  31  GCA_001458735.1             4.35%    passed     96.87%
  32  GCA_000952155.1             7.97%    passed     96.04%
  33  GCA_000317495.1             7.97%    passed     93.46%
  34  GCA_000317515.1             7.97%    passed     90.40%
  35  GCA_007197755.1             9.42%    passed     98.37%
  36  GCA_001187785.1            15.22%    passed     44.13%
  37  GCA_003719295.1            14.49%    passed     99.19%
  38  GCA_000314005.1             7.97%    passed     99.36%
  39  GCA_004168365.1            14.49%    passed     47.65%
  40  GCA_011090395.1             6.52%    passed     99.87%
  41  GCA_003015105.1             8.70%    passed     99.22%
  42  GCA_902810445.1            15.94%    passed     99.26%
  43  GCA_001697225.1            14.49%    passed     95.13%
  44  GCA_002868715.1            14.49%    passed     99.94%
  45  GCA_003532895.1             7.97%    passed     99.97%
  46  GCA_002218085.1             8.70%    passed     99.45%
  47  GCA_003015145.1             8.70%    passed     22.36%
  48  GCA_008189685.1             7.97%    passed     12.53%
  49  GCA_003551305.1             7.25%    passed     96.73%
  50  GCA_902500715.1             6.52%    passed     82.81%
  51  GCA_004684205.1            14.49%    passed     99.88%
  52  GCA_001828295.1             7.97%    passed     99.72%
  53  GCA_000949635.1             7.97%    passed     94.00%
  54  GCA_013141375.1            14.49%    passed     99.62%
  55  GCA_000760695.4             8.70%    passed     97.29%
  56  GCA_017879665.1             6.52%    passed     70.19%
  57  GCA_001772005.1             9.42%    passed     68.36%
  58  GCA_000332035.1             7.97%    passed     96.38%
  59  GCA_016788925.1             6.52%    passed     83.09%
  60  GCA_000740735.1            14.49%    passed     99.74%
  61  GCA_000934545.1            12.32%    passed    100.00%
  62  GCA_001458695.1             6.52%    passed     97.49%
  63  GCA_016207025.1             5.80%    passed     99.05%
  64  GCA_900119825.1            13.04%    passed     93.25%
  65  GCA_003534995.1             3.62%    passed     87.74%
  66  GCA_015709635.1            13.77%    passed     91.80%
  67  GCA_006496635.1            13.04%    passed     99.95%
  68  GCA_000011385.1             7.97%    passed     97.47%
  69  GCA_001828545.1             9.42%    passed     99.54%
  70  GCA_005877815.1             8.70%    passed     94.55%
  71  GCA_000263335.1            14.49%    passed     93.61%
  72  GCA_007992375.1            13.04%    passed     71.93%
  73  GCA_001890765.1             9.42%    passed     97.18%
  74  GCA_003149345.1            11.59%    passed     94.57%
  75  GCA_004421105.1            14.49%    passed     99.97%
  76  GCA_002083815.1            10.87%    passed     82.08%
  77  GCA_003576955.1             7.97%    passed     86.85%
  78  GCA_003851125.1            13.04%    passed     83.77%
  79  GCA_010027455.1            12.32%    passed      7.87%
  80  GCA_001803795.1             7.97%    passed     91.34%
  81  GCA_003003885.1             8.70%    passed     95.25%
  82  GCA_004282745.1             7.25%    passed     92.55%
  83  GCA_000214665.1            14.49%    passed     98.19%
  84  GCA_002072955.1            14.49%    passed     93.68%
  85  GCA_016873455.1             4.35%    passed     94.20%
  86  GCA_001870225.1             8.70%    passed     99.93%
  87  GCA_013140535.1             8.70%    passed     97.78%
  88  GCA_000948975.1            14.49%    passed     97.82%
  89  GCA_001566965.1            14.49%    passed     99.17%
  90  GCA_000264455.2            11.59%    passed     99.96%
  91  GCA_000317535.1             8.70%    passed     99.30%
  92  GCA_006385135.1            11.59%    passed     99.90%
  93  GCA_001267195.1            14.49%    passed     99.92%
  94  GCA_000014865.1            11.59%    passed     99.45%
  95  GCA_002355455.1             7.97%    passed     83.74%
  96  GCA_002162035.1            13.04%    passed     60.23%
  97  GCA_001881495.1            13.77%    passed     99.99%
  98  GCA_000317575.1             7.97%    passed     86.70%
  99  GCA_000380225.1             7.97%    passed     96.96%
 100  GCA_003258315.1            11.59%    passed     99.09%
 101  GCA_016592635.1            14.49%    passed     92.35%
 102  GCA_902459485.1            15.22%    passed     97.79%
 103  GCA_001904725.1             7.97%    passed     94.80%
 104  GCA_000013225.1             7.97%    passed     96.44%
 105  GCA_900110495.1             8.70%    passed     91.31%
 106  GCA_000346485.2             8.70%    passed     97.29%
 107  GCA_003644325.1             7.25%    passed     73.65%
 108  GCA_004195045.1            10.87%    passed     11.55%
 109  GCA_013521015.1             8.70%    passed     99.56%
 110  GCA_002924445.1            11.59%    passed     99.95%
 111  GCA_005524015.1             7.97%    passed     85.50%
 112  GCA_000332275.1            11.59%    passed     99.23%
 113  GCA_002007425.1            14.49%    passed     83.84%
 114  GCA_000828615.1            14.49%    passed     99.41%
 115  GCA_000228725.3            14.49%    passed     94.23%
 116  GCA_000379525.1            14.49%    passed     99.65%
 117  GCA_001007875.1            14.49%    passed     98.15%
 118  GCA_001469165.1            14.49%    passed     99.11%
****  TOTAL                      10.81%  0 sequences failed composition chi2 test (p-value<5%; df=19)
NOTE: GCA_000346485.2 is identical to GCA_000760695.4 but kept for subsequent analysis


Create initial parsimony tree by phylogenetic likelihood library (PLL)... 0.031 seconds
NOTE: ModelFinder requires 29 MB RAM!
ModelFinder will test 546 protein models (sample size: 138) ...
 No. Model         -LnL         df  AIC          AICc         BIC
  1  Dayhoff       12490.134    233 25446.269    134490.269   26128.319
  2  Dayhoff+I     12299.617    234 25067.234    135047.234   25752.211
  3  Dayhoff+G4    11644.080    234 23756.160    133736.160   24441.138
  4  Dayhoff+I+G4  11629.323    235 23728.646    134648.646   24416.551
  5  Dayhoff+R2    11801.284    235 24072.569    134992.569   24760.473
  6  Dayhoff+R3    11657.984    237 23789.969    136601.969   24483.728
  7  Dayhoff+R4    11635.034    239 23748.067    138468.067   24447.681
  8  Dayhoff+R5    11609.563    241 23701.126    140345.126   24406.594
  9  Dayhoff+R6    11606.122    243 23698.245    142282.245   24409.567
 14  Dayhoff+F     12529.497    252 25562.994    153074.994   26300.661
 15  Dayhoff+F+I   12348.675    253 25203.350    153727.350   25943.946
 16  Dayhoff+F+G4  11714.653    253 23935.307    152459.307   24675.902
 17  Dayhoff+F+I+G4 11695.964    254 23899.928    153439.928   24643.450
 18  Dayhoff+F+R2  11845.994    254 24199.989    153739.989   24943.511
 19  Dayhoff+F+R3  11736.274    256 23984.548    155568.548   24733.925
 20  Dayhoff+F+R4  11693.947    258 23903.894    157547.894   24659.125
 21  Dayhoff+F+R5  11681.128    260 23882.256    159602.256   24643.342
 22  Dayhoff+F+R6  11678.699    262 23881.398    161693.398   24648.338
 27  mtMAM         14067.637    233 28601.274    137645.274   29283.324
 28  mtMAM+I       13968.175    234 28404.350    138384.350   29089.327
 29  mtMAM+G4      12628.846    234 25725.691    135705.691   26410.669
 30  mtMAM+I+G4    12626.231    235 25722.462    136642.462   26410.366
 31  mtMAM+R2      12888.142    235 26246.284    137166.284   26934.189
 32  mtMAM+R3      12717.310    237 25908.620    138720.620   26602.379
 33  mtMAM+R4      12647.059    239 25772.118    140492.118   26471.731
 34  mtMAM+R5      12611.032    241 25704.064    142348.064   26409.532
 35  mtMAM+R6      12602.719    243 25691.438    144275.438   26402.761
 36  mtMAM+R7      12602.710    245 25695.421    146235.421   26412.598
 40  mtMAM+F       13352.102    252 27208.203    154720.203   27945.871
 41  mtMAM+F+I     13206.279    253 26918.558    155442.558   27659.153
 42  mtMAM+F+G4    12149.381    253 24804.761    153328.761   25545.356
 43  mtMAM+F+I+G4  12142.013    254 24792.026    154332.026   25535.549
 44  mtMAM+F+R2    12379.976    254 25267.952    154807.952   26011.474
 45  mtMAM+F+R3    12215.806    256 24943.612    156527.612   25692.989
 46  mtMAM+F+R4    12149.069    258 24814.138    158458.138   25569.370
 47  mtMAM+F+R5    12127.712    260 24775.424    160495.424   25536.509
 48  mtMAM+F+R6    12117.237    262 24758.474    162570.474   25525.415
 49  mtMAM+F+R7    12117.218    264 24762.437    164682.437   25535.232
 53  JTT           12496.172    233 25458.343    134502.343   26140.394
 54  JTT+I         12315.322    234 25098.644    135078.644   25783.621
 55  JTT+G4        11597.533    234 23663.065    133643.065   24348.043
 56  JTT+I+G4      11582.670    235 23635.339    134555.339   24323.244
 57  JTT+R2        11775.945    235 24021.889    134941.889   24709.794
 58  JTT+R3        11637.444    237 23748.888    136560.888   24442.647
 59  JTT+R4        11579.459    239 23636.919    138356.919   24336.532
 60  JTT+R5        11568.302    241 23618.604    140262.604   24324.072
 61  JTT+R6        11567.147    243 23620.295    142204.295   24331.617
 66  JTT+F         12660.625    252 25825.250    153337.250   26562.918
 67  JTT+F+I       12476.439    253 25458.878    153982.878   26199.473
 68  JTT+F+G4      11756.081    253 24018.163    152542.163   24758.758
 69  JTT+F+I+G4    11741.287    254 23990.575    153530.575   24734.097
 70  JTT+F+R2      11925.885    254 24359.770    153899.770   25103.293
 71  JTT+F+R3      11802.909    256 24117.817    155701.817   24867.194
 72  JTT+F+R4      11740.785    258 23997.571    157641.571   24752.802
 73  JTT+F+R5      11729.340    260 23978.680    159698.680   24739.766
 74  JTT+F+R6      11729.020    262 23982.039    161794.039   24748.980
 79  WAG           12390.226    233 25246.451    134290.451   25928.501
 80  WAG+I         12211.483    234 24890.966    134870.966   25575.943
 81  WAG+G4        11581.709    234 23631.417    133611.417   24316.395
 82  WAG+I+G4      11563.646    235 23597.293    134517.293   24285.197
 83  WAG+R2        11717.189    235 23904.379    134824.379   24592.283
 84  WAG+R3        11602.766    237 23679.533    136491.533   24373.292
 85  WAG+R4        11560.282    239 23598.564    138318.564   24298.178
 86  WAG+R5        11544.723    241 23571.447    140215.447   24276.915
 87  WAG+R6        11544.377    243 23574.753    142158.753   24286.076
 92  WAG+F         12508.873    252 25521.745    153033.745   26259.413
 93  WAG+F+I       12328.333    253 25162.665    153686.665   25903.260
 94  WAG+F+G4      11692.952    253 23891.905    152415.905   24632.500
 95  WAG+F+I+G4    11679.416    254 23866.833    153406.833   24610.355
 96  WAG+F+R2      11825.502    254 24159.003    153699.003   24902.526
 97  WAG+F+R3      11723.028    256 23958.056    155542.056   24707.433
 98  WAG+F+R4      11674.998    258 23865.996    157509.996   24621.227
 99  WAG+F+R5      11668.331    260 23856.663    159576.663   24617.749
100  WAG+F+R6      11666.752    262 23857.504    161669.504   24624.445
105  cpREV         12450.634    233 25367.268    134411.268   26049.318
106  cpREV+I       12297.242    234 25062.485    135042.485   25747.462
107  cpREV+G4      11635.140    234 23738.281    133718.281   24423.258
108  cpREV+I+G4    11624.249    235 23718.499    134638.499   24406.403
109  cpREV+R2      11770.054    235 24010.108    134930.108   24698.012
110  cpREV+R3      11662.132    237 23798.264    136610.264   24492.023
111  cpREV+R4      11621.018    239 23720.035    138440.035   24419.649
112  cpREV+R5      11606.757    241 23695.513    140339.513   24400.981
113  cpREV+R6      11606.459    243 23698.918    142282.918   24410.240
118  cpREV+F       12650.633    252 25805.266    153317.266   26542.934
119  cpREV+F+I     12483.332    253 25472.665    153996.665   26213.260
120  cpREV+F+G4    11795.124    253 24096.249    152620.249   24836.844
121  cpREV+F+I+G4  11785.654    254 24079.308    153619.308   24822.830
122  cpREV+F+R2    11931.641    254 24371.282    153911.282   25114.804
123  cpREV+F+R3    11825.161    256 24162.322    155746.322   24911.699
124  cpREV+F+R4    11781.990    258 24079.979    157723.979   24835.211
125  cpREV+F+R5    11775.279    260 24070.557    159790.557   24831.643
126  cpREV+F+R6    11773.524    262 24071.047    161883.047   24837.988
131  mtREV         13376.395    233 27218.791    136262.791   27900.841
132  mtREV+I       13263.491    234 26994.982    136974.982   27679.960
133  mtREV+G4      12299.598    234 25067.195    135047.195   25752.172
134  mtREV+I+G4    12296.877    235 25063.755    135983.755   25751.659
135  mtREV+R2      12539.672    235 25549.343    136469.343   26237.248
136  mtREV+R3      12366.434    237 25206.869    138018.869   25900.628
137  mtREV+R4      12295.174    239 25068.348    139788.348   25767.961
138  mtREV+R5      12281.596    241 25045.192    141689.192   25750.660
139  mtREV+R6      12277.839    243 25041.678    143625.678   25753.001
144  mtREV+F       12769.295    252 26042.589    153554.589   26780.257
145  mtREV+F+I     12611.354    253 25728.707    154252.707   26469.303
146  mtREV+F+G4    11831.571    253 24169.143    152693.143   24909.738
147  mtREV+F+I+G4  11824.845    254 24157.690    153697.690   24901.212
148  mtREV+F+R2    12032.147    254 24572.295    154112.295   25315.817
149  mtREV+F+R3    11886.215    256 24284.430    155868.430   25033.807
150  mtREV+F+R4    11823.418    258 24162.836    157806.836   24918.067
151  mtREV+F+R5    11814.938    260 24149.876    159869.876   24910.962
152  mtREV+F+R6    11811.899    262 24147.797    161959.797   24914.738
157  rtREV         12474.521    233 25415.042    134459.042   26097.092
158  rtREV+I       12313.322    234 25094.645    135074.645   25779.622
159  rtREV+G4      11584.715    234 23637.429    133617.429   24322.407
160  rtREV+I+G4    11572.942    235 23615.885    134535.885   24303.789
161  rtREV+R2      11772.129    235 24014.258    134934.258   24702.162
162  rtREV+R3      11632.066    237 23738.132    136550.132   24431.891
163  rtREV+R4      11570.495    239 23618.989    138338.989   24318.603
164  rtREV+R5      11558.134    241 23598.268    140242.268   24303.736
165  rtREV+R6      11557.417    243 23600.833    142184.833   24312.156
170  rtREV+F       12529.891    252 25563.782    153075.782   26301.450
171  rtREV+F+I     12373.143    253 25252.286    153776.286   25992.881
172  rtREV+F+G4    11657.731    253 23821.462    152345.462   24562.057
173  rtREV+F+I+G4  11647.987    254 23803.975    153343.975   24547.497
174  rtREV+F+R2    11826.924    254 24161.847    153701.847   24905.370
175  rtREV+F+R3    11701.795    256 23915.589    155499.589   24664.966
176  rtREV+F+R4    11645.601    258 23807.201    157451.201   24562.433
177  rtREV+F+R5    11632.650    260 23785.299    159505.299   24546.385
178  rtREV+F+R6    11632.479    262 23788.958    161600.958   24555.899
183  mtART         13818.724    233 28103.447    137147.447   28785.497
184  mtART+I       13717.655    234 27903.310    137883.310   28588.287
185  mtART+G4      12368.243    234 25204.485    135184.485   25889.463
186  mtART+I+G4    12365.186    235 25200.372    136120.372   25888.277
187  mtART+R2      12636.384    235 25742.768    136662.768   26430.673
188  mtART+R3      12438.912    237 25351.823    138163.823   26045.582
189  mtART+R4      12373.589    239 25225.177    139945.177   25924.791
190  mtART+R5      12344.831    241 25171.661    141815.661   25877.129
191  mtART+R6      12343.315    243 25172.630    143756.630   25883.953
196  mtART+F       13018.287    252 26540.573    154052.573   27278.241
197  mtART+F+I     12888.818    253 26283.635    154807.635   27024.230
198  mtART+F+G4    11905.459    253 24316.919    152840.919   25057.514
199  mtART+F+I+G4  11902.089    254 24312.177    153852.177   25055.700
200  mtART+F+R2    12123.319    254 24754.637    154294.637   25498.159
201  mtART+F+R3    11962.611    256 24437.221    156021.221   25186.598
202  mtART+F+R4    11907.074    258 24330.148    157974.148   25085.379
203  mtART+F+R5    11885.305    260 24290.610    160010.610   25051.696
204  mtART+F+R6    11881.517    262 24287.034    162099.034   25053.974
209  mtZOA         13273.739    233 27013.477    136057.477   27695.527
210  mtZOA+I       13170.599    234 26809.197    136789.197   27494.175
211  mtZOA+G4      12033.376    234 24534.752    134514.752   25219.729
212  mtZOA+I+G4    12028.610    235 24527.220    135447.220   25215.124
213  mtZOA+R2      12274.756    235 25019.512    135939.512   25707.416
214  mtZOA+R3      12090.847    237 24655.695    137467.695   25349.454
215  mtZOA+R4      12029.435    239 24536.870    139256.870   25236.484
216  mtZOA+R5      12014.565    241 24511.130    141155.130   25216.598
217  mtZOA+R6      12005.212    243 24496.425    143080.425   25207.747
218  mtZOA+R7      12003.370    245 24496.740    145036.740   25213.918
222  mtZOA+F       12723.180    252 25950.361    153462.361   26688.029
223  mtZOA+F+I     12584.913    253 25675.826    154199.826   26416.421
224  mtZOA+F+G4    11754.875    253 24015.751    152539.751   24756.346
225  mtZOA+F+I+G4  11751.191    254 24010.383    153550.383   24753.905
226  mtZOA+F+R2    11954.032    254 24416.064    153956.064   25159.587
227  mtZOA+F+R3    11818.584    256 24149.168    155733.168   24898.545
228  mtZOA+F+R4    11749.854    258 24015.709    157659.709   24770.940
229  mtZOA+F+R5    11734.765    260 23989.531    159709.531   24750.617
230  mtZOA+F+R6    11732.864    262 23989.728    161801.728   24756.669
235  VT            12450.938    233 25367.876    134411.876   26049.926
236  VT+I          12276.709    234 25021.418    135001.418   25706.396
237  VT+G4         11631.673    234 23731.346    133711.346   24416.323
238  VT+I+G4       11615.844    235 23701.688    134621.688   24389.592
239  VT+R2         11783.344    235 24036.688    134956.688   24724.592
240  VT+R3         11657.537    237 23789.074    136601.074   24482.833
241  VT+R4         11612.018    239 23702.036    138422.036   24401.649
242  VT+R5         11599.814    241 23681.629    140325.629   24387.097
243  VT+R6         11599.744    243 23685.489    142269.489   24396.811
248  VT+F          12576.615    252 25657.229    153169.229   26394.897
249  VT+F+I        12398.151    253 25302.302    153826.302   26042.898
250  VT+F+G4       11769.857    253 24045.714    152569.714   24786.309
251  VT+F+I+G4     11754.339    254 24016.677    153556.677   24760.200
252  VT+F+R2       11906.407    254 24320.814    153860.814   25064.336
253  VT+F+R3       11797.961    256 24107.923    155691.923   24857.299
254  VT+F+R4       11751.408    258 24018.816    157662.816   24774.047
255  VT+F+R5       11740.954    260 24001.908    159721.908   24762.994
256  VT+F+R6       11740.918    262 24005.837    161817.837   24772.777
261  LG            12396.788    233 25259.576    134303.576   25941.627
262  LG+I          12230.082    234 24928.164    134908.164   25613.141
263  LG+G4         11486.985    234 23441.969    133421.969   24126.947
264  LG+I+G4       11474.064    235 23418.128    134338.128   24106.033
265  LG+R2         11678.509    235 23827.018    134747.018   24514.923
266  LG+R3         11534.627    237 23543.254    136355.254   24237.013
267  LG+R4         11472.196    239 23422.392    138142.392   24122.006
268  LG+R5         11460.091    241 23402.182    140046.182   24107.650
269  LG+R6         11460.073    243 23406.147    141990.147   24117.469
274  LG+F          12511.695    252 25527.390    153039.390   26265.058
275  LG+F+I        12341.702    253 25189.404    153713.404   25930.000
276  LG+F+G4       11623.900    253 23753.801    152277.801   24494.396
277  LG+F+I+G4     11613.115    254 23734.230    153274.230   24477.752
278  LG+F+R2       11789.049    254 24086.097    153626.097   24829.620
279  LG+F+R3       11671.181    256 23854.362    155438.362   24603.738
280  LG+F+R4       11611.073    258 23738.147    157382.147   24493.378
281  LG+F+R5       11599.926    260 23719.852    159439.852   24480.938
282  LG+F+R6       11599.894    262 23723.788    161535.788   24490.728
287  DCMut         12490.404    233 25446.809    134490.809   26128.859
288  DCMut+I       12299.885    234 25067.769    135047.769   25752.747
289  DCMut+G4      11644.852    234 23757.703    133737.703   24442.680
290  DCMut+I+G4    11630.187    235 23730.374    134650.374   24418.278
291  DCMut+R2      11795.951    235 24061.901    134981.901   24749.806
292  DCMut+R3      11658.427    237 23790.855    136602.855   24484.614
293  DCMut+R4      11630.989    239 23739.978    138459.978   24439.592
294  DCMut+R5      11608.071    241 23698.141    140342.141   24403.609
295  DCMut+R6      11608.001    243 23702.002    142286.002   24413.324
300  DCMut+F       12529.449    252 25562.898    153074.898   26300.566
301  DCMut+F+I     12348.580    253 25203.161    153727.161   25943.756
302  DCMut+F+G4    11715.082    253 23936.164    152460.164   24676.759
303  DCMut+F+I+G4  11696.415    254 23900.830    153440.830   24644.353
304  DCMut+F+R2    11846.160    254 24200.320    153740.320   24943.842
305  DCMut+F+R3    11736.765    256 23985.529    155569.529   24734.906
306  DCMut+F+R4    11694.190    258 23904.380    157548.380   24659.612
307  DCMut+F+R5    11680.507    260 23881.015    159601.015   24642.101
308  DCMut+F+R6    11680.493    262 23884.986    161696.986   24651.926
313  PMB           12579.776    233 25625.552    134669.552   26307.602
314  PMB+I         12418.570    234 25305.140    135285.140   25990.117
315  PMB+G4        11759.237    234 23986.474    133966.474   24671.452
316  PMB+I+G4      11744.600    235 23959.200    134879.200   24647.105
317  PMB+R2        11915.098    235 24300.196    135220.196   24988.100
318  PMB+R3        11784.555    237 24043.110    136855.110   24736.869
319  PMB+R4        11739.278    239 23956.555    138676.555   24656.169
320  PMB+R5        11726.545    241 23935.090    140579.090   24640.558
321  PMB+R6        11726.532    243 23939.065    142523.065   24650.388
326  PMB+F         12666.972    252 25837.944    153349.944   26575.611
327  PMB+F+I       12495.474    253 25496.948    154020.948   26237.543
328  PMB+F+G4      11856.843    253 24219.686    152743.686   24960.282
329  PMB+F+I+G4    11845.059    254 24198.118    153738.118   24941.641
330  PMB+F+R2      11996.157    254 24500.314    154040.314   25243.836
331  PMB+F+R3      11884.319    256 24280.638    155864.638   25030.015
332  PMB+F+R4      11840.666    258 24197.333    157841.333   24952.564
333  PMB+F+R5      11829.487    260 24178.975    159898.975   24940.061
334  PMB+F+R6      11829.483    262 24182.967    161994.967   24949.907
339  HIVb          13076.262    233 26618.524    135662.524   27300.575
340  HIVb+I        12890.436    234 26248.871    136228.871   26933.849
341  HIVb+G4       11934.829    234 24337.659    134317.659   25022.636
342  HIVb+I+G4     11922.207    235 24314.414    135234.414   25002.319
343  HIVb+R2       12159.118    235 24788.235    135708.235   25476.140
344  HIVb+R3       11979.183    237 24432.366    137244.366   25126.125
345  HIVb+R4       11922.917    239 24323.834    139043.834   25023.448
346  HIVb+R5       11906.677    241 24295.354    140939.354   25000.823
347  HIVb+R6       11905.113    243 24296.227    142880.227   25007.550
352  HIVb+F        13351.927    252 27207.855    154719.855   27945.523
353  HIVb+F+I      13161.472    253 26828.943    155352.943   27569.539
354  HIVb+F+G4     12156.879    253 24819.757    153343.757   25560.353
355  HIVb+F+I+G4   12145.777    254 24799.553    154339.553   25543.075
356  HIVb+F+R2     12390.168    254 25288.336    154828.336   26031.858
357  HIVb+F+R3     12212.840    256 24937.680    156521.680   25687.057
358  HIVb+F+R4     12146.441    258 24808.882    158452.882   25564.113
359  HIVb+F+R5     12136.049    260 24792.097    160512.097   25553.183
360  HIVb+F+R6     12134.431    262 24792.863    162604.863   25559.803
365  HIVw          13580.287    233 27626.574    136670.574   28308.624
366  HIVw+I        13377.199    234 27222.397    137202.397   27907.375
367  HIVw+G4       12458.449    234 25384.899    135364.899   26069.876
368  HIVw+I+G4     12444.375    235 25358.751    136278.751   26046.655
369  HIVw+R2       12660.348    235 25790.696    136710.696   26478.600
370  HIVw+R3       12488.811    237 25451.623    138263.623   26145.382
371  HIVw+R4       12445.772    239 25369.544    140089.544   26069.158
372  HIVw+R5       12430.179    241 25342.359    141986.359   26047.827
373  HIVw+R6       12430.070    243 25346.139    143930.139   26057.462
378  HIVw+F        13790.421    252 28084.843    155596.843   28822.511
379  HIVw+F+I      13567.326    253 27640.652    156164.652   28381.247
380  HIVw+F+G4     12616.586    253 25739.173    154263.173   26479.768
381  HIVw+F+I+G4   12600.306    254 25708.613    155248.613   26452.135
382  HIVw+F+R2     12832.818    254 26173.636    155713.636   26917.159
383  HIVw+F+R3     12656.803    256 25825.606    157409.606   26574.983
384  HIVw+F+R4     12602.073    258 25720.145    159364.145   26475.377
385  HIVw+F+R5     12585.469    260 25690.938    161410.938   26452.024
386  HIVw+F+R6     12585.333    262 25694.666    163506.666   26461.606
391  JTTDCMut      12485.580    233 25437.159    134481.159   26119.209
392  JTTDCMut+I    12305.770    234 25079.540    135059.540   25764.518
393  JTTDCMut+G4   11590.506    234 23649.012    133629.012   24333.989
394  JTTDCMut+I+G4 11575.525    235 23621.050    134541.050   24308.955
395  JTTDCMut+R2   11765.775    235 24001.551    134921.551   24689.456
396  JTTDCMut+R3   11629.240    237 23732.481    136544.481   24426.240
397  JTTDCMut+R4   11572.246    239 23622.492    138342.492   24322.105
398  JTTDCMut+R5   11558.753    241 23599.507    140243.507   24304.975
399  JTTDCMut+R6   11558.712    243 23603.424    142187.424   24314.747
404  JTTDCMut+F    12649.445    252 25802.890    153314.890   26540.558
405  JTTDCMut+F+I  12466.374    253 25438.748    153962.748   26179.343
406  JTTDCMut+F+G4 11746.947    253 23999.894    152523.894   24740.489
407  JTTDCMut+F+I+G4 11732.252    254 23972.503    153512.503   24716.026
408  JTTDCMut+F+R2 11914.247    254 24336.493    153876.493   25080.016
409  JTTDCMut+F+R3 11792.503    256 24097.006    155681.006   24846.382
410  JTTDCMut+F+R4 11731.825    258 23979.650    157623.650   24734.881
411  JTTDCMut+F+R5 11718.927    260 23957.854    159677.854   24718.940
412  JTTDCMut+F+R6 11718.916    262 23961.831    161773.831   24728.772
417  FLU           12909.873    233 26285.746    135329.746   26967.796
418  FLU+I         12751.850    234 25971.699    135951.699   26656.677
419  FLU+G4        11831.438    234 24130.877    134110.877   24815.854
420  FLU+I+G4      11819.596    235 24109.193    135029.193   24797.097
421  FLU+R2        12015.831    235 24501.663    135421.663   25189.567
422  FLU+R3        11869.911    237 24213.823    137025.823   24907.582
423  FLU+R4        11815.154    239 24108.308    138828.308   24807.921
424  FLU+R5        11801.644    241 24085.288    140729.288   24790.756
425  FLU+R6        11801.601    243 24089.202    142673.202   24800.525
430  FLU+F         13262.740    252 27029.480    154541.480   27767.148
431  FLU+F+I       13101.262    253 26708.525    155232.525   27449.120
432  FLU+F+G4      12073.302    253 24652.603    153176.603   25393.198
433  FLU+F+I+G4    12060.993    254 24629.986    154169.986   25373.508
434  FLU+F+R2      12286.481    254 25080.961    154620.961   25824.484
435  FLU+F+R3      12128.912    256 24769.823    156353.823   25519.200
436  FLU+F+R4      12063.110    258 24642.221    158286.221   25397.452
437  FLU+F+R5      12045.754    260 24611.509    160331.509   25372.595
438  FLU+F+R6      12045.734    262 24615.468    162427.468   25382.409
443  Blosum62      12547.334    233 25560.668    134604.668   26242.719
444  Blosum62+I    12386.639    234 25241.277    135221.277   25926.255
445  Blosum62+G4   11729.879    234 23927.759    133907.759   24612.736
446  Blosum62+I+G4 11716.152    235 23902.303    134822.303   24590.208
447  Blosum62+R2   11889.792    235 24249.584    135169.584   24937.488
448  Blosum62+R3   11758.147    237 23990.294    136802.294   24684.053
449  Blosum62+R4   11711.181    239 23900.361    138620.361   24599.975
450  Blosum62+R5   11700.531    241 23883.062    140527.062   24588.530
451  Blosum62+R6   11700.470    243 23886.941    142470.941   24598.263
456  Blosum62+F    12637.831    252 25779.662    153291.662   26517.330
457  Blosum62+F+I  12469.555    253 25445.110    153969.110   26185.705
458  Blosum62+F+G4 11846.403    253 24198.805    152722.805   24939.401
459  Blosum62+F+I+G4 11834.026    254 24176.053    153716.053   24919.575
460  Blosum62+F+R2 11988.058    254 24484.116    154024.116   25227.638
461  Blosum62+F+R3 11868.671    256 24249.342    155833.342   24998.718
462  Blosum62+F+R4 11830.914    258 24177.827    157821.827   24933.059
463  Blosum62+F+R5 11819.416    260 24158.832    159878.832   24919.918
464  Blosum62+F+R6 11819.399    262 24162.799    161974.799   24929.739
469  mtMet         13375.737    233 27217.474    136261.474   27899.524
470  mtMet+I       13260.937    234 26989.874    136969.874   27674.851
471  mtMet+G4      12261.341    234 24990.681    134970.681   25675.659
472  mtMet+I+G4    12255.987    235 24981.975    135901.975   25669.879
473  mtMet+R2      12486.775    235 25443.550    136363.550   26131.454
474  mtMet+R3      12320.214    237 25114.428    137926.428   25808.188
475  mtMet+R4      12254.710    239 24987.419    139707.419   25687.033
476  mtMet+R5      12240.024    241 24962.049    141606.049   25667.517
477  mtMet+R6      12239.997    243 24965.993    143549.993   25677.316
482  mtMet+F       12799.183    252 26102.366    153614.366   26840.034
483  mtMet+F+I     12646.499    253 25798.999    154322.999   26539.594
484  mtMet+F+G4    11843.216    253 24192.432    152716.432   24933.027
485  mtMet+F+I+G4  11837.892    254 24183.783    153723.783   24927.306
486  mtMet+F+R2    12050.426    254 24608.853    154148.853   25352.375
487  mtMet+F+R3    11897.491    256 24306.983    155890.983   25056.360
488  mtMet+F+R4    11838.222    258 24192.443    157836.443   24947.675
489  mtMet+F+R5    11830.412    260 24180.824    159900.824   24941.910
490  mtMet+F+R6    11830.411    262 24184.822    161996.822   24951.763
495  mtVer         13623.485    233 27712.970    136756.970   28395.020
496  mtVer+I       13510.566    234 27489.132    137469.132   28174.109
497  mtVer+G4      12447.906    234 25363.813    135343.813   26048.790
498  mtVer+I+G4    12443.280    235 25356.560    136276.560   26044.464
499  mtVer+R2      12665.203    235 25800.407    136720.407   26488.311
500  mtVer+R3      12513.367    237 25500.734    138312.734   26194.493
501  mtVer+R4      12440.778    239 25359.556    140079.556   26059.170
502  mtVer+R5      12433.834    241 25349.668    141993.668   26055.136
503  mtVer+R6      12433.833    243 25353.665    143937.665   26064.988
508  mtVer+F       13088.594    252 26681.187    154193.187   27418.855
509  mtVer+F+I     12912.837    253 26331.674    154855.674   27072.269
510  mtVer+F+G4    12069.305    253 24644.610    153168.610   25385.205
511  mtVer+F+I+G4  12055.463    254 24618.925    154158.925   25362.447
512  mtVer+F+R2    12287.324    254 25082.648    154622.648   25826.170
513  mtVer+F+R3    12112.026    256 24736.052    156320.052   25485.429
514  mtVer+F+R4    12063.239    258 24642.478    158286.478   25397.710
515  mtVer+F+R5    12041.585    260 24603.170    160323.170   25364.256
516  mtVer+F+R6    12041.574    262 24607.149    162419.149   25374.089
521  mtInv         13349.420    233 27164.839    136208.839   27846.889
522  mtInv+I       13222.215    234 26912.430    136892.430   27597.407
523  mtInv+G4      12280.227    234 25028.454    135008.454   25713.431
524  mtInv+I+G4    12276.511    235 25023.022    135943.022   25710.927
525  mtInv+R2      12514.574    235 25499.148    136419.148   26187.053
526  mtInv+R3      12333.133    237 25140.266    137952.266   25834.025
527  mtInv+R4      12274.681    239 25027.363    139747.363   25726.976
528  mtInv+R5      12258.109    241 24998.219    141642.219   25703.687
529  mtInv+R6      12257.544    243 25001.088    143585.088   25712.411
534  mtInv+F       12623.624    252 25751.247    153263.247   26488.915
535  mtInv+F+I     12461.068    253 25428.135    153952.135   26168.731
536  mtInv+F+G4    11751.634    253 24009.269    152533.269   24749.864
537  mtInv+F+I+G4  11743.610    254 23995.219    153535.219   24738.742
538  mtInv+F+R2    11945.209    254 24398.419    153938.419   25141.941
539  mtInv+F+R3    11799.943    256 24111.886    155695.886   24861.263
540  mtInv+F+R4    11743.646    258 24003.293    157647.293   24758.524
541  mtInv+F+R5    11732.599    260 23985.198    159705.198   24746.284
542  mtInv+F+R6    11732.595    262 23989.189    161801.189   24756.130
Akaike Information Criterion:           LG+R5
Corrected Akaike Information Criterion: LG+G4
Bayesian Information Criterion:         LG+I+G4
Best-fit model: LG+I+G4 chosen according to BIC

All model information printed to /mnt/ivy/thliao/project/AOB/analysis/20210713_repeat/add_Chromatiaces/phy_files/P39_prot/withEuk/NP_043258.1.model.gz
CPU time for ModelFinder: 917.116 seconds (0h:15m:17s)
Wall-clock time for ModelFinder: 461.002 seconds (0h:7m:41s)
Generating 1000 samples for ultrafast bootstrap (seed: 582287)...

NOTE: 11 MB RAM (0 GB) is required!
Estimate model parameters (epsilon = 0.100)
Thoroughly optimizing +I+G parameters from 10 start values...
Init pinv, alpha: 0.000, 1.000 / Estimate: 0.069, 0.858 / LogL: -11474.068
Init pinv, alpha: 0.011, 1.000 / Estimate: 0.069, 0.858 / LogL: -11474.066
Init pinv, alpha: 0.023, 1.000 / Estimate: 0.070, 0.859 / LogL: -11474.064
Init pinv, alpha: 0.034, 1.000 / Estimate: 0.070, 0.860 / LogL: -11474.064
Init pinv, alpha: 0.045, 1.000 / Estimate: 0.070, 0.860 / LogL: -11474.064
Init pinv, alpha: 0.056, 1.000 / Estimate: 0.070, 0.861 / LogL: -11474.064
Init pinv, alpha: 0.068, 1.000 / Estimate: 0.070, 0.861 / LogL: -11474.064
Init pinv, alpha: 0.079, 1.000 / Estimate: 0.070, 0.861 / LogL: -11474.064
Init pinv, alpha: 0.090, 1.000 / Estimate: 0.070, 0.861 / LogL: -11474.064
Init pinv, alpha: 0.101, 1.000 / Estimate: 0.070, 0.861 / LogL: -11474.064
Optimal pinv,alpha: 0.070, 0.860 / LogL: -11474.064

Parameters optimization took 6.509 sec
Computing ML distances based on estimated model parameters... 6.357 sec
Computing BIONJ tree...
0.016 seconds
Log-likelihood of BIONJ tree: -11426.343
--------------------------------------------------------------------
|             INITIALIZING CANDIDATE TREE SET                      |
--------------------------------------------------------------------
Generating 98 parsimony trees... 4.033 second
Computing log-likelihood of 98 initial trees ... 8.482 seconds
Current best score: -11405.272

Do NNI search on 20 best initial trees
Estimate model parameters (epsilon = 0.100)
BETTER TREE FOUND at iteration 1: -11352.028
Estimate model parameters (epsilon = 0.100)
BETTER TREE FOUND at iteration 5: -11337.186
Iteration 10 / LogL: -11341.700 / Time: 0h:0m:38s
Iteration 20 / LogL: -11376.707 / Time: 0h:0m:52s
Finish initializing candidate tree set (20)
Current best tree score: -11337.186 / CPU time: 43.499
Number of iterations: 20
--------------------------------------------------------------------
|               OPTIMIZING CANDIDATE TREE SET                      |
--------------------------------------------------------------------
Estimate model parameters (epsilon = 0.100)
BETTER TREE FOUND at iteration 29: -11331.481
Iteration 30 / LogL: -11336.968 / Time: 0h:1m:6s (0h:3m:47s left)
Estimate model parameters (epsilon = 0.100)
BETTER TREE FOUND at iteration 32: -11331.157
Estimate model parameters (epsilon = 0.100)
BETTER TREE FOUND at iteration 34: -11326.826
Iteration 40 / LogL: -11335.391 / Time: 0h:1m:19s (0h:3m:10s left)
Estimate model parameters (epsilon = 0.100)
BETTER TREE FOUND at iteration 45: -11326.782
Iteration 50 / LogL: -11328.617 / Time: 0h:1m:31s (0h:2m:57s left)
Log-likelihood cutoff on original alignment: -11401.619
UFBoot trees printed to /mnt/ivy/thliao/project/AOB/analysis/20210713_repeat/add_Chromatiaces/phy_files/P39_prot/withEuk/NP_043258.1.ufboot
Estimate model parameters (epsilon = 0.100)
BETTER TREE FOUND at iteration 52: -11326.440
Estimate model parameters (epsilon = 0.100)
BETTER TREE FOUND at iteration 53: -11321.558
Estimate model parameters (epsilon = 0.100)
BETTER TREE FOUND at iteration 56: -11321.158
Iteration 60 / LogL: -11336.472 / Time: 0h:1m:45s (0h:2m:51s left)
Iteration 70 / LogL: -11321.483 / Time: 0h:1m:58s (0h:2m:27s left)
Iteration 80 / LogL: -11348.206 / Time: 0h:2m:9s (0h:2m:4s left)
Iteration 90 / LogL: -11322.098 / Time: 0h:2m:20s (0h:1m:44s left)
Iteration 100 / LogL: -11321.435 / Time: 0h:2m:33s (0h:1m:26s left)
Log-likelihood cutoff on original alignment: -11401.619
NOTE: Bootstrap correlation coefficient of split occurrence frequencies: 0.986
NOTE: UFBoot does not converge, continue at least 100 more iterations
UFBoot trees printed to /mnt/ivy/thliao/project/AOB/analysis/20210713_repeat/add_Chromatiaces/phy_files/P39_prot/withEuk/NP_043258.1.ufboot
Iteration 110 / LogL: -11321.819 / Time: 0h:2m:46s (0h:2m:17s left)
Iteration 120 / LogL: -11333.787 / Time: 0h:3m:0s (0h:2m:1s left)
Iteration 130 / LogL: -11324.155 / Time: 0h:3m:11s (0h:1m:43s left)
Iteration 140 / LogL: -11323.336 / Time: 0h:3m:24s (0h:1m:28s left)
Iteration 150 / LogL: -11324.221 / Time: 0h:3m:36s (0h:1m:12s left)
Log-likelihood cutoff on original alignment: -11401.619
UFBoot trees printed to /mnt/ivy/thliao/project/AOB/analysis/20210713_repeat/add_Chromatiaces/phy_files/P39_prot/withEuk/NP_043258.1.ufboot
Iteration 160 / LogL: -11323.613 / Time: 0h:3m:49s (0h:0m:57s left)
Iteration 170 / LogL: -11321.981 / Time: 0h:4m:2s (0h:0m:42s left)
Iteration 180 / LogL: -11327.695 / Time: 0h:4m:14s (0h:0m:28s left)
Iteration 190 / LogL: -11325.078 / Time: 0h:4m:26s (0h:0m:14s left)
Iteration 200 / LogL: -11330.159 / Time: 0h:4m:37s (0h:0m:0s left)
Log-likelihood cutoff on original alignment: -11401.619
NOTE: Bootstrap correlation coefficient of split occurrence frequencies: 0.997
UFBoot trees printed to /mnt/ivy/thliao/project/AOB/analysis/20210713_repeat/add_Chromatiaces/phy_files/P39_prot/withEuk/NP_043258.1.ufboot
TREE SEARCH COMPLETED AFTER 200 ITERATIONS / Time: 0h:4m:39s

--------------------------------------------------------------------
|                    FINALIZING TREE SEARCH                        |
--------------------------------------------------------------------
Performs final model parameters optimization
Estimate model parameters (epsilon = 0.010)
1. Initial log-likelihood: -11321.158
Optimal log-likelihood: -11321.158
Proportion of invariable sites: 0.071
Gamma shape alpha: 0.905
Parameters optimization took 1 rounds (0.139 sec)
BEST SCORE FOUND : -11321.158
Creating bootstrap support values...
Split supports printed to NEXUS file /mnt/ivy/thliao/project/AOB/analysis/20210713_repeat/add_Chromatiaces/phy_files/P39_prot/withEuk/NP_043258.1.splits.nex
Total tree length: 35.618

Total number of iterations: 200
CPU time used for tree search: 520.520 sec (0h:8m:40s)
Wall-clock time used for tree search: 268.945 sec (0h:4m:28s)
Total CPU time used: 541.955 sec (0h:9m:1s)
Total wall-clock time used: 279.917 sec (0h:4m:39s)
UFBoot trees printed to /mnt/ivy/thliao/project/AOB/analysis/20210713_repeat/add_Chromatiaces/phy_files/P39_prot/withEuk/NP_043258.1.ufboot

Computing bootstrap consensus tree...
Reading input file /mnt/ivy/thliao/project/AOB/analysis/20210713_repeat/add_Chromatiaces/phy_files/P39_prot/withEuk/NP_043258.1.splits.nex...
118 taxa and 932 splits.
Consensus tree written to /mnt/ivy/thliao/project/AOB/analysis/20210713_repeat/add_Chromatiaces/phy_files/P39_prot/withEuk/NP_043258.1.contree
Reading input trees file /mnt/ivy/thliao/project/AOB/analysis/20210713_repeat/add_Chromatiaces/phy_files/P39_prot/withEuk/NP_043258.1.contree
Log-likelihood of consensus tree: -11321.960

Analysis results written to: 
  IQ-TREE report:                /mnt/ivy/thliao/project/AOB/analysis/20210713_repeat/add_Chromatiaces/phy_files/P39_prot/withEuk/NP_043258.1.iqtree
  Maximum-likelihood tree:       /mnt/ivy/thliao/project/AOB/analysis/20210713_repeat/add_Chromatiaces/phy_files/P39_prot/withEuk/NP_043258.1.treefile
  Likelihood distances:          /mnt/ivy/thliao/project/AOB/analysis/20210713_repeat/add_Chromatiaces/phy_files/P39_prot/withEuk/NP_043258.1.mldist

Ultrafast bootstrap approximation results written to:
  Split support values:          /mnt/ivy/thliao/project/AOB/analysis/20210713_repeat/add_Chromatiaces/phy_files/P39_prot/withEuk/NP_043258.1.splits.nex
  Consensus tree:                /mnt/ivy/thliao/project/AOB/analysis/20210713_repeat/add_Chromatiaces/phy_files/P39_prot/withEuk/NP_043258.1.contree
  UFBoot trees:                  /mnt/ivy/thliao/project/AOB/analysis/20210713_repeat/add_Chromatiaces/phy_files/P39_prot/withEuk/NP_043258.1.ufboot
  Screen log file:               /mnt/ivy/thliao/project/AOB/analysis/20210713_repeat/add_Chromatiaces/phy_files/P39_prot/withEuk/NP_043258.1.log

Date and Time: Mon Dec 12 09:48:08 2022
