IQ-TREE multicore version 1.6.12 for Linux 64-bit built Aug 15 2019
Developed by Bui Quang Minh, Nguyen Lam Tung, Olga Chernomor,
Heiko Schmidt, Dominik Schrempf, Michael Woodhams.

Host:    cl006 (AVX512, FMA3, 125 GB RAM)
Command: iqtree -nt 2 -m LG -redo -wbtl -bb 1000 -pre /mnt/ivy/thliao/project/AOB/analysis/20210713_repeat/add_Chromatiaces/phy_files/P39_prot/withEuk/NP_043256.1 -s /mnt/ivy/thliao/project/AOB/analysis/20210713_repeat/add_Chromatiaces/phy_files/P39_prot/withEuk/NP_043256.1.aln
Seed:    393554 (Using SPRNG - Scalable Parallel Random Number Generator)
Time:    Mon Dec 12 10:20:22 2022
Kernel:  AVX+FMA - 2 threads (64 CPU cores detected)

Reading alignment file /mnt/ivy/thliao/project/AOB/analysis/20210713_repeat/add_Chromatiaces/phy_files/P39_prot/withEuk/NP_043256.1.aln ... Fasta format detected
Alignment most likely contains protein sequences
Alignment has 130 sequences with 692 columns, 608 distinct patterns
372 parsimony-informative, 120 singleton sites, 200 constant sites
                            Gap/Ambiguity  Composition  p-value
   1  Arabidopsis_thaliana         52.46%    failed      0.79%
   2  Chondrus_crispus             55.20%    passed      9.69%
   3  Cyanidioschyzon_merolae      54.34%    failed      0.00%
   4  Cyanophora_paradoxa          54.48%    passed     12.78%
   5  Cyanoptyche_gloeocystis      52.46%    failed      0.08%
   6  Galdieria_sulphuraria        54.62%    passed     10.74%
   7  Gloeochaete_wittrockiana     53.18%    passed      7.16%
   8  Klebsormidium_nitens         54.62%    passed     21.09%
   9  Mesotaenium_endlicherianum   50.29%    passed      5.03%
  10  NC_000926.1                  54.05%    passed     53.33%
  11  NC_002186.1                  54.34%    passed     14.97%
  12  NC_007288.1                  55.35%    passed     17.01%
  13  NC_008588.1                  55.06%    failed      0.08%
  14  NC_008589.1                  54.77%    failed      0.46%
  15  NC_010654.1                  50.87%    failed      0.00%
  16  NC_012898.1                  55.92%    failed      3.38%
  17  NC_016703.2                  54.91%    passed      6.35%
  18  NC_020371.1                  53.18%    failed      0.08%
  19  NC_049168.1                  55.35%    passed     26.00%
  20  Oryza_sativa                 51.30%    passed     23.96%
  21  Ostreococcus_tauri           48.55%    failed      0.29%
  22  Palmophyllum_crassum         53.47%    failed      0.00%
  23  Pedinomonas_tuberculata      46.53%    failed      0.00%
  24  Penium_margaritaceum         49.42%    passed     15.28%
  25  Picocystis_salinarum         62.14%    failed      1.61%
  26  Porphyra_umbilicalis         55.06%    passed     17.09%
  27  Porphyridium_purpureum       56.65%    passed     16.08%
  28  Prasinoderma_coloniale       55.92%    failed      0.00%
  29  GCA_000473895.1              53.47%    passed     20.14%
  30  GCA_015709615.1              51.88%    passed     98.65%
  31  GCA_000024725.1              52.02%    passed     98.07%
  32  GCA_013697045.1              51.45%    passed     11.56%
  33  GCA_900107585.1              51.16%    passed     74.25%
  34  GCA_014859375.1              52.75%    passed     79.48%
  35  GCA_015272465.1              51.01%    failed      4.86%
  36  GCA_002356115.1              52.31%    passed     99.84%
  37  GCA_009833095.1              51.73%    passed     95.42%
  38  GCA_013140465.1              51.16%    passed     66.55%
  39  GCA_001747005.1              52.60%    passed     99.66%
  40  GCA_014635705.1              53.03%    passed     68.09%
  41  GCA_000469665.2              50.14%    failed      0.28%
  42  GCA_002109495.1              50.87%    passed     68.27%
  43  GCA_001458735.1              51.73%    passed     31.64%
  44  GCA_000952155.1              54.48%    passed     98.47%
  45  GCA_000317495.1              48.12%    passed     55.62%
  46  GCA_000317515.1              53.47%    passed     86.77%
  47  GCA_007197755.1              51.16%    passed     77.47%
  48  GCA_001187785.1              51.73%    passed     36.08%
  49  GCA_003719295.1              51.73%    passed     84.76%
  50  GCA_000314005.1              54.77%    passed     76.00%
  51  GCA_004168365.1              52.02%    passed     38.87%
  52  GCA_011090395.1              51.88%    passed     17.82%
  53  GCA_003015105.1              45.23%    passed     62.48%
  54  GCA_902810445.1              52.60%    passed     76.85%
  55  GCA_001697225.1              51.88%    passed     71.50%
  56  GCA_002868715.1              51.73%    passed     77.49%
  57  GCA_002218085.1              54.48%    passed     98.47%
  58  GCA_003015145.1              48.27%    passed     63.40%
  59  GCA_008189685.1              51.01%    passed     10.43%
  60  GCA_003551305.1              50.29%    failed      1.43%
  61  GCA_902500715.1              51.88%    passed     31.69%
  62  GCA_004684205.1              50.87%    passed     44.65%
  63  GCA_001828295.1              51.16%    passed     60.61%
  64  GCA_000949635.1              51.16%    passed     59.51%
  65  GCA_001644685.1              51.59%    passed     98.22%
  66  GCA_013141375.1              51.30%    passed     58.08%
  67  GCA_000760695.4              54.48%    passed     72.35%
  68  GCA_017879665.1              51.88%    passed     38.76%
  69  GCA_001772005.1              52.89%    passed     88.39%
  70  GCA_000332035.1              54.62%    passed     82.82%
  71  GCA_000740735.1              52.02%    passed     97.13%
  72  GCA_000934545.1              53.03%    passed     47.66%
  73  GCA_001458695.1              49.57%    passed     20.18%
  74  GCA_016207025.1              51.73%    passed     80.65%
  75  GCA_900119825.1              52.75%    passed     72.22%
  76  GCA_003534995.1              51.01%    passed     74.05%
  77  GCA_015709635.1              51.88%    passed     94.03%
  78  GCA_006496635.1              52.89%    passed     72.55%
  79  GCA_000011385.1              54.62%    passed     63.02%
  80  GCA_001828545.1              49.71%    passed     13.96%
  81  GCA_005877815.1              51.16%    passed     18.46%
  82  GCF_004345375.1              51.88%    passed     97.45%
  83  GCA_000263335.1              52.02%    passed     32.71%
  84  GCA_007992375.1              52.75%    passed     68.43%
  85  GCA_001890765.1              54.77%    passed     26.59%
  86  GCA_003149345.1              53.03%    passed     61.01%
  87  GCA_004421105.1              52.02%    passed     98.58%
  88  GCA_002083815.1              51.16%    passed     76.20%
  89  GCA_003576955.1              51.88%    passed     41.33%
  90  GCA_003851125.1              52.75%    passed     73.42%
  91  GCA_010027455.1              52.17%    passed     98.78%
  92  GCA_001803795.1              51.73%    passed     75.21%
  93  GCA_003003885.1              54.48%    passed     97.07%
  94  GCA_004282745.1              50.14%    failed      1.69%
  95  GCA_000214665.1              51.59%    passed     95.54%
  96  GCA_002072955.1              51.59%    passed     85.73%
  97  GCA_016873455.1              51.88%    passed     35.96%
  98  GCA_001870225.1              55.20%    failed      1.06%
  99  GCA_013140535.1              51.88%    failed      3.76%
 100  GCA_000948975.1              52.46%    passed     82.73%
 101  GCA_001566965.1              50.87%    passed     88.32%
 102  GCA_000264455.2              51.16%    passed     76.71%
 103  GCA_000317535.1              54.48%    passed     95.76%
 104  GCA_006385135.1              51.16%    passed     97.69%
 105  GCA_001267195.1              51.88%    passed     66.82%
 106  GCA_000014865.1              50.87%    passed     90.79%
 107  GCA_002355455.1              52.46%    passed     90.48%
 108  GCA_002162035.1              52.75%    passed     89.06%
 109  GCA_001881495.1              49.86%    passed     96.83%
 110  GCA_000317575.1              52.46%    passed     87.46%
 111  GCA_000380225.1              47.25%    passed     69.65%
 112  GCA_003258315.1              51.73%    passed     99.57%
 113  GCA_016592635.1              51.59%    passed     93.48%
 114  GCA_902459485.1              51.73%    passed     97.44%
 115  GCA_001904725.1              54.34%    passed     96.63%
 116  GCA_000013225.1              51.59%    passed     72.77%
 117  GCA_900110495.1              51.73%    passed     96.58%
 118  GCA_000346485.2              52.31%    passed     77.62%
 119  GCA_003644325.1              51.30%    passed     69.58%
 120  GCA_004195045.1              51.16%    failed      0.81%
 121  GCA_013521015.1              51.73%    passed     96.14%
 122  GCA_002924445.1              51.16%    passed     92.09%
 123  GCA_005524015.1              52.17%    passed     79.50%
 124  GCA_000332275.1              54.62%    passed     58.14%
 125  GCA_002007425.1              50.72%    passed     40.47%
 126  GCA_000828615.1              51.73%    passed     82.55%
 127  GCA_000228725.3              51.30%    passed     37.63%
 128  GCA_000379525.1              51.30%    passed     54.62%
 129  GCA_001007875.1              52.02%    passed     64.20%
 130  GCA_001469165.1              51.30%    passed     70.89%
WARNING: 120 sequences contain more than 50% gaps/ambiguity
****  TOTAL                        52.27%  20 sequences failed composition chi2 test (p-value<5%; df=19)

Create initial parsimony tree by phylogenetic likelihood library (PLL)... 0.037 seconds
Generating 1000 samples for ultrafast bootstrap (seed: 393554)...

NOTE: 15 MB RAM (0 GB) is required!
Estimate model parameters (epsilon = 0.100)
1. Initial log-likelihood: -51349.431
Optimal log-likelihood: -49702.785
Parameters optimization took 1 rounds (0.220 sec)
Computing ML distances based on estimated model parameters... 1.725 sec
Computing BIONJ tree...
0.012 seconds
Log-likelihood of BIONJ tree: -49778.637
--------------------------------------------------------------------
|             INITIALIZING CANDIDATE TREE SET                      |
--------------------------------------------------------------------
Generating 98 parsimony trees... 4.528 second
Computing log-likelihood of 98 initial trees ... 8.636 seconds
Current best score: -49623.207

Do NNI search on 20 best initial trees
Estimate model parameters (epsilon = 0.100)
BETTER TREE FOUND at iteration 1: -49490.416
Iteration 10 / LogL: -49515.830 / Time: 0h:0m:26s
Estimate model parameters (epsilon = 0.100)
BETTER TREE FOUND at iteration 17: -49482.499
Iteration 20 / LogL: -49542.281 / Time: 0h:0m:39s
Finish initializing candidate tree set (20)
Current best tree score: -49482.499 / CPU time: 38.289
Number of iterations: 20
--------------------------------------------------------------------
|               OPTIMIZING CANDIDATE TREE SET                      |
--------------------------------------------------------------------
Estimate model parameters (epsilon = 0.100)
BETTER TREE FOUND at iteration 22: -49479.777
Estimate model parameters (epsilon = 0.100)
BETTER TREE FOUND at iteration 24: -49476.311
Iteration 30 / LogL: -49477.341 / Time: 0h:0m:49s (0h:2m:41s left)
Estimate model parameters (epsilon = 0.100)
BETTER TREE FOUND at iteration 31: -49476.235
Estimate model parameters (epsilon = 0.100)
BETTER TREE FOUND at iteration 40: -49476.029
Iteration 40 / LogL: -49476.029 / Time: 0h:1m:0s (0h:2m:34s left)
Estimate model parameters (epsilon = 0.100)
BETTER TREE FOUND at iteration 42: -49475.430
Iteration 50 / LogL: -49487.685 / Time: 0h:1m:10s (0h:2m:13s left)
Log-likelihood cutoff on original alignment: -49552.972
UFBoot trees printed to /mnt/ivy/thliao/project/AOB/analysis/20210713_repeat/add_Chromatiaces/phy_files/P39_prot/withEuk/NP_043256.1.ufboot
Estimate model parameters (epsilon = 0.100)
BETTER TREE FOUND at iteration 56: -49474.970
Iteration 60 / LogL: -49483.743 / Time: 0h:1m:22s (0h:2m:13s left)
Iteration 70 / LogL: -49485.388 / Time: 0h:1m:32s (0h:1m:55s left)
Estimate model parameters (epsilon = 0.100)
BETTER TREE FOUND at iteration 73: -49474.894
Iteration 80 / LogL: -49475.737 / Time: 0h:1m:43s (0h:2m:2s left)
Iteration 90 / LogL: -49477.357 / Time: 0h:1m:54s (0h:1m:46s left)
Estimate model parameters (epsilon = 0.100)
BETTER TREE FOUND at iteration 94: -49474.090
Iteration 100 / LogL: -49475.770 / Time: 0h:2m:4s (0h:1m:57s left)
Log-likelihood cutoff on original alignment: -49552.684
NOTE: Bootstrap correlation coefficient of split occurrence frequencies: 0.997
UFBoot trees printed to /mnt/ivy/thliao/project/AOB/analysis/20210713_repeat/add_Chromatiaces/phy_files/P39_prot/withEuk/NP_043256.1.ufboot
Iteration 110 / LogL: -49476.151 / Time: 0h:2m:14s (0h:1m:50s left)
Iteration 120 / LogL: -49474.976 / Time: 0h:2m:23s (0h:1m:36s left)
Iteration 130 / LogL: -49481.365 / Time: 0h:2m:32s (0h:1m:22s left)
Estimate model parameters (epsilon = 0.100)
BETTER TREE FOUND at iteration 137: -49473.771
Iteration 140 / LogL: -49474.422 / Time: 0h:2m:43s (0h:1m:53s left)
Iteration 150 / LogL: -49497.589 / Time: 0h:2m:52s (0h:1m:40s left)
Log-likelihood cutoff on original alignment: -49552.684
UFBoot trees printed to /mnt/ivy/thliao/project/AOB/analysis/20210713_repeat/add_Chromatiaces/phy_files/P39_prot/withEuk/NP_043256.1.ufboot
Iteration 160 / LogL: -49478.798 / Time: 0h:3m:1s (0h:1m:27s left)
Iteration 170 / LogL: -49477.288 / Time: 0h:3m:9s (0h:1m:15s left)
Iteration 180 / LogL: -49474.907 / Time: 0h:3m:17s (0h:1m:2s left)
Iteration 190 / LogL: -49481.110 / Time: 0h:3m:25s (0h:0m:51s left)
Iteration 200 / LogL: -49474.097 / Time: 0h:3m:33s (0h:0m:39s left)
Log-likelihood cutoff on original alignment: -49550.555
NOTE: Bootstrap correlation coefficient of split occurrence frequencies: 0.996
UFBoot trees printed to /mnt/ivy/thliao/project/AOB/analysis/20210713_repeat/add_Chromatiaces/phy_files/P39_prot/withEuk/NP_043256.1.ufboot
Estimate model parameters (epsilon = 0.100)
BETTER TREE FOUND at iteration 205: -49473.663
Iteration 210 / LogL: -49474.291 / Time: 0h:3m:42s (0h:1m:41s left)
Iteration 220 / LogL: -49473.781 / Time: 0h:3m:50s (0h:1m:29s left)
Estimate model parameters (epsilon = 0.100)
BETTER TREE FOUND at iteration 227: -49473.470
Iteration 230 / LogL: -49478.789 / Time: 0h:3m:58s (0h:1m:40s left)
Iteration 240 / LogL: -49480.022 / Time: 0h:4m:6s (0h:1m:29s left)
Iteration 250 / LogL: -49476.545 / Time: 0h:4m:14s (0h:1m:18s left)
Log-likelihood cutoff on original alignment: -49550.555
UFBoot trees printed to /mnt/ivy/thliao/project/AOB/analysis/20210713_repeat/add_Chromatiaces/phy_files/P39_prot/withEuk/NP_043256.1.ufboot
Iteration 260 / LogL: -49474.812 / Time: 0h:4m:22s (0h:1m:7s left)
Iteration 270 / LogL: -49490.200 / Time: 0h:4m:30s (0h:0m:57s left)
Iteration 280 / LogL: -49516.361 / Time: 0h:4m:38s (0h:0m:46s left)
Iteration 290 / LogL: -49486.224 / Time: 0h:4m:46s (0h:0m:36s left)
Iteration 300 / LogL: -49473.746 / Time: 0h:4m:54s (0h:0m:26s left)
Log-likelihood cutoff on original alignment: -49550.555
NOTE: Bootstrap correlation coefficient of split occurrence frequencies: 0.995
UFBoot trees printed to /mnt/ivy/thliao/project/AOB/analysis/20210713_repeat/add_Chromatiaces/phy_files/P39_prot/withEuk/NP_043256.1.ufboot
Iteration 310 / LogL: -49474.551 / Time: 0h:5m:3s (0h:1m:28s left)
Iteration 320 / LogL: -49473.917 / Time: 0h:5m:12s (0h:1m:18s left)
Estimate model parameters (epsilon = 0.100)
BETTER TREE FOUND at iteration 326: -49472.872
Iteration 330 / LogL: -49477.528 / Time: 0h:5m:20s (0h:1m:33s left)
Iteration 340 / LogL: -49480.132 / Time: 0h:5m:28s (0h:1m:23s left)
Estimate model parameters (epsilon = 0.100)
BETTER TREE FOUND at iteration 346: -49472.838
Iteration 350 / LogL: -49482.926 / Time: 0h:5m:36s (0h:1m:32s left)
Log-likelihood cutoff on original alignment: -49550.555
UFBoot trees printed to /mnt/ivy/thliao/project/AOB/analysis/20210713_repeat/add_Chromatiaces/phy_files/P39_prot/withEuk/NP_043256.1.ufboot
Iteration 360 / LogL: -49494.027 / Time: 0h:5m:45s (0h:1m:22s left)
Iteration 370 / LogL: -49489.027 / Time: 0h:5m:52s (0h:1m:12s left)
Iteration 380 / LogL: -49472.871 / Time: 0h:6m:0s (0h:1m:2s left)
Iteration 390 / LogL: -49473.899 / Time: 0h:6m:8s (0h:0m:52s left)
Iteration 400 / LogL: -49477.196 / Time: 0h:6m:15s (0h:0m:43s left)
Log-likelihood cutoff on original alignment: -49550.555
NOTE: Bootstrap correlation coefficient of split occurrence frequencies: 0.996
UFBoot trees printed to /mnt/ivy/thliao/project/AOB/analysis/20210713_repeat/add_Chromatiaces/phy_files/P39_prot/withEuk/NP_043256.1.ufboot
Iteration 410 / LogL: -49480.911 / Time: 0h:6m:25s (0h:1m:24s left)
Iteration 420 / LogL: -49486.142 / Time: 0h:6m:32s (0h:1m:14s left)
Iteration 430 / LogL: -49477.901 / Time: 0h:6m:40s (0h:1m:5s left)
Iteration 440 / LogL: -49475.954 / Time: 0h:6m:49s (0h:0m:55s left)
TREE SEARCH COMPLETED AFTER 447 ITERATIONS / Time: 0h:6m:54s

--------------------------------------------------------------------
|                    FINALIZING TREE SEARCH                        |
--------------------------------------------------------------------
Performs final model parameters optimization
Estimate model parameters (epsilon = 0.010)
1. Initial log-likelihood: -49472.838
Optimal log-likelihood: -49472.838
Parameters optimization took 1 rounds (0.057 sec)
BEST SCORE FOUND : -49472.838
Creating bootstrap support values...
Split supports printed to NEXUS file /mnt/ivy/thliao/project/AOB/analysis/20210713_repeat/add_Chromatiaces/phy_files/P39_prot/withEuk/NP_043256.1.splits.nex
Total tree length: 39.908

Total number of iterations: 447
CPU time used for tree search: 811.078 sec (0h:13m:31s)
Wall-clock time used for tree search: 413.110 sec (0h:6m:53s)
Total CPU time used: 814.447 sec (0h:13m:34s)
Total wall-clock time used: 414.970 sec (0h:6m:54s)
UFBoot trees printed to /mnt/ivy/thliao/project/AOB/analysis/20210713_repeat/add_Chromatiaces/phy_files/P39_prot/withEuk/NP_043256.1.ufboot

Computing bootstrap consensus tree...
Reading input file /mnt/ivy/thliao/project/AOB/analysis/20210713_repeat/add_Chromatiaces/phy_files/P39_prot/withEuk/NP_043256.1.splits.nex...
130 taxa and 672 splits.
Consensus tree written to /mnt/ivy/thliao/project/AOB/analysis/20210713_repeat/add_Chromatiaces/phy_files/P39_prot/withEuk/NP_043256.1.contree
Reading input trees file /mnt/ivy/thliao/project/AOB/analysis/20210713_repeat/add_Chromatiaces/phy_files/P39_prot/withEuk/NP_043256.1.contree
Log-likelihood of consensus tree: -49479.919

Analysis results written to: 
  IQ-TREE report:                /mnt/ivy/thliao/project/AOB/analysis/20210713_repeat/add_Chromatiaces/phy_files/P39_prot/withEuk/NP_043256.1.iqtree
  Maximum-likelihood tree:       /mnt/ivy/thliao/project/AOB/analysis/20210713_repeat/add_Chromatiaces/phy_files/P39_prot/withEuk/NP_043256.1.treefile
  Likelihood distances:          /mnt/ivy/thliao/project/AOB/analysis/20210713_repeat/add_Chromatiaces/phy_files/P39_prot/withEuk/NP_043256.1.mldist

Ultrafast bootstrap approximation results written to:
  Split support values:          /mnt/ivy/thliao/project/AOB/analysis/20210713_repeat/add_Chromatiaces/phy_files/P39_prot/withEuk/NP_043256.1.splits.nex
  Consensus tree:                /mnt/ivy/thliao/project/AOB/analysis/20210713_repeat/add_Chromatiaces/phy_files/P39_prot/withEuk/NP_043256.1.contree
  UFBoot trees:                  /mnt/ivy/thliao/project/AOB/analysis/20210713_repeat/add_Chromatiaces/phy_files/P39_prot/withEuk/NP_043256.1.ufboot
  Screen log file:               /mnt/ivy/thliao/project/AOB/analysis/20210713_repeat/add_Chromatiaces/phy_files/P39_prot/withEuk/NP_043256.1.log

Date and Time: Mon Dec 12 10:27:18 2022
