IQ-TREE multicore version 1.6.12 for Linux 64-bit built Aug 15 2019
Developed by Bui Quang Minh, Nguyen Lam Tung, Olga Chernomor,
Heiko Schmidt, Dominik Schrempf, Michael Woodhams.

Host:    cl002 (AVX2, FMA3, 251 GB RAM)
Command: iqtree -nt 2 -redo -wbtl -bb 1000 -pre /mnt/ivy/thliao/project/AOB/analysis/20210713_repeat/add_Chromatiaces/phy_files/P39_prot/withEuk/NP_043231.1 -s /mnt/ivy/thliao/project/AOB/analysis/20210713_repeat/add_Chromatiaces/phy_files/P39_prot/withEuk/NP_043231.1.aln
Seed:    729331 (Using SPRNG - Scalable Parallel Random Number Generator)
Time:    Mon Dec 12 09:36:41 2022
Kernel:  AVX+FMA - 2 threads (64 CPU cores detected)

Reading alignment file /mnt/ivy/thliao/project/AOB/analysis/20210713_repeat/add_Chromatiaces/phy_files/P39_prot/withEuk/NP_043231.1.aln ... Fasta format detected
Alignment most likely contains protein sequences
Alignment has 112 sequences with 321 columns, 238 distinct patterns
124 parsimony-informative, 75 singleton sites, 122 constant sites
                            Gap/Ambiguity  Composition  p-value
   1  Arabidopsis_thaliana         75.39%    passed     93.91%
   2  Chondrus_crispus             76.01%    failed      4.07%
   3  Cyanidioschyzon_merolae      76.64%    passed     73.11%
   4  Cyanophora_paradoxa          76.01%    passed     26.78%
   5  Cyanoptyche_gloeocystis      72.90%    failed      1.34%
   6  Galdieria_sulphuraria        76.01%    passed      5.78%
   7  Gloeochaete_wittrockiana     76.01%    passed     36.90%
   8  Mesotaenium_endlicherianum   73.83%    passed     60.88%
   9  NC_000926.1                  76.32%    passed     86.40%
  10  NC_002186.1                  73.83%    passed     78.10%
  11  NC_007288.1                  74.77%    passed     79.99%
  12  NC_008588.1                  75.70%    passed     73.39%
  13  NC_008589.1                  75.39%    passed     56.96%
  14  NC_012898.1                  75.39%    passed     86.32%
  15  NC_016703.2                  75.08%    passed     85.03%
  16  NC_020371.1                  77.88%    passed     70.20%
  17  NC_049168.1                  75.08%    passed     93.71%
  18  Oryza_sativa                 80.69%    passed     39.01%
  19  Palmophyllum_crassum         74.14%    passed      5.19%
  20  Penium_margaritaceum         73.83%    passed     71.80%
  21  Porphyra_umbilicalis         74.14%    passed     82.56%
  22  Porphyridium_purpureum       76.01%    passed     52.34%
  23  Prasinoderma_coloniale       76.01%    passed     73.62%
  24  GCA_000473895.1              73.21%    passed     66.39%
  25  GCA_000024725.1              75.08%    passed     99.14%
  26  GCA_900107585.1              57.63%    failed      0.71%
  27  GCA_014859375.1              74.45%    passed     91.58%
  28  GCA_015272465.1              73.21%    passed     31.20%
  29  GCA_002356115.1              74.14%    passed     97.31%
  30  GCA_013140465.1              74.14%    passed     98.40%
  31  GCA_001747005.1              74.45%    passed     97.79%
  32  GCA_014635705.1              73.83%    passed     68.01%
  33  GCA_002109495.1              73.52%    passed     90.14%
  34  GCA_001458735.1              66.67%    passed     84.74%
  35  GCA_000952155.1              72.90%    passed     98.81%
  36  GCA_000317495.1              74.45%    passed     93.93%
  37  GCA_000317515.1              74.45%    passed     98.65%
  38  GCA_007197755.1              61.37%    passed     56.86%
  39  GCA_001187785.1              73.52%    passed     83.23%
  40  GCA_000314005.1              74.45%    passed     98.89%
  41  GCA_004168365.1              73.21%    passed     99.44%
  42  GCA_003015105.1              71.96%    passed     98.55%
  43  GCA_902810445.1              73.83%    passed     99.09%
  44  GCA_001697225.1              73.52%    passed     96.93%
  45  GCA_003532895.1              55.45%    passed     51.73%
  46  GCA_002218085.1              73.21%    passed     99.35%
  47  GCA_003015145.1              63.55%    passed     69.22%
  48  GCA_008189685.1              65.73%    passed     33.09%
  49  GCA_003696005.1              65.42%    failed      0.68%
  50  GCA_003551305.1              74.45%    passed     66.52%
  51  GCA_902500715.1              66.36%    passed     43.01%
  52  GCA_004684205.1              73.21%    passed     99.42%
  53  GCA_001828295.1              73.52%    passed     74.37%
  54  GCA_000949635.1              73.52%    passed     98.57%
  55  GCA_001644685.1              74.14%    passed     94.17%
  56  GCA_013141375.1              74.14%    passed     99.06%
  57  GCA_000760695.4              73.21%    passed     99.00%
  58  GCA_017879665.1              71.03%    passed     62.34%
  59  GCA_000332035.1              74.45%    passed     98.63%
  60  GCA_016788925.1              68.22%    passed     65.16%
  61  GCA_000740735.1              75.08%    passed     88.56%
  62  GCA_001458695.1              69.78%    passed     85.95%
  63  GCA_016207025.1              70.72%    passed     92.68%
  64  GCA_900119825.1              75.08%    passed     67.60%
  65  GCA_003534995.1              63.24%    passed     88.46%
  66  GCA_000011385.1              72.27%    passed     82.56%
  67  GCA_005877815.1              72.59%    passed     74.25%
  68  GCA_000263335.1              73.52%    passed     94.93%
  69  GCA_018655245.1              66.04%    passed     67.66%
  70  GCA_007992375.1              73.83%    passed     93.60%
  71  GCA_001890765.1              74.14%    passed     91.38%
  72  GCA_003149345.1              67.29%    passed     71.28%
  73  GCA_001828535.1              73.52%    passed     95.88%
  74  GCA_004421105.1              75.08%    passed     91.59%
  75  GCA_002083815.1              75.08%    passed     36.39%
  76  GCA_003576955.1              71.34%    passed     64.63%
  77  GCA_003851125.1              73.83%    passed     93.08%
  78  GCA_010027455.1              74.14%    passed     76.96%
  79  GCA_001803795.1              72.90%    passed     89.02%
  80  GCA_003003885.1              72.90%    passed     99.64%
  81  GCA_004282745.1              73.52%    passed     45.48%
  82  GCA_000214665.1              74.14%    passed     91.08%
  83  GCA_002072955.1              73.52%    passed     99.92%
  84  GCA_016873455.1              70.09%    passed     75.31%
  85  GCA_001870225.1              73.21%    passed     93.70%
  86  GCA_013140535.1              70.72%    passed     63.76%
  87  GCA_001566965.1              70.72%    passed     81.09%
  88  GCA_000264455.2              62.31%    failed      4.92%
  89  GCA_000317535.1              72.90%    passed     99.55%
  90  GCA_006385135.1              56.07%    failed      0.14%
  91  GCA_002355455.1              74.45%    passed     99.81%
  92  GCA_002162035.1              73.83%    passed     53.68%
  93  GCA_001881495.1              70.72%    passed     99.58%
  94  GCA_000317575.1              74.45%    passed     99.81%
  95  GCA_000380225.1              74.45%    passed     99.94%
  96  GCA_003258315.1              42.06%    failed      0.00%
  97  GCA_016592635.1              73.52%    passed     99.85%
  98  GCA_902459485.1              71.65%    passed     95.76%
  99  GCA_001904725.1              73.21%    passed     96.57%
 100  GCA_000013225.1              50.47%    failed      0.01%
 101  GCA_000346485.2              73.21%    passed     98.63%
 102  GCA_004195045.1              73.83%    passed     20.84%
 103  GCA_013521015.1              72.59%    passed     97.78%
 104  GCA_002924445.1              52.02%    failed      0.90%
 105  GCA_005524015.1              73.83%    passed     77.89%
 106  GCA_000332275.1              27.41%    failed      0.00%
 107  GCA_016708925.1              72.59%    passed     91.02%
 108  GCA_000828615.1              72.90%    passed     99.94%
 109  GCA_000228725.3              73.21%    passed     93.36%
 110  GCA_000379525.1              71.03%    passed     60.93%
 111  GCA_001007875.1              74.14%    passed     99.97%
 112  GCA_001469165.1              72.27%    passed     81.90%
WARNING: 110 sequences contain more than 50% gaps/ambiguity
****  TOTAL                        71.41%  10 sequences failed composition chi2 test (p-value<5%; df=19)
NOTE: GCA_000317575.1 is identical to GCA_002355455.1 but kept for subsequent analysis


Create initial parsimony tree by phylogenetic likelihood library (PLL)... 0.053 seconds
NOTE: ModelFinder requires 45 MB RAM!
ModelFinder will test 546 protein models (sample size: 321) ...
 No. Model         -LnL         df  AIC          AICc         BIC
  1  Dayhoff       12374.196    221 25190.392    26181.543    26023.880
  2  Dayhoff+I     12295.400    222 25034.800    26045.127    25872.060
  3  Dayhoff+G4    11954.245    222 24352.491    25362.817    25189.751
  4  Dayhoff+I+G4  11943.894    223 24333.787    25363.725    25174.818
  5  Dayhoff+R2    12033.377    223 24512.754    25542.693    25353.786
  6  Dayhoff+R3    11958.854    225 24367.709    25438.235    25216.283
  7  Dayhoff+R4    11939.838    227 24333.676    25446.709    25189.794
  8  Dayhoff+R5    11934.665    229 24327.329    25484.912    25190.989
 14  Dayhoff+F     12350.912    240 25181.825    26627.825    26086.971
 15  Dayhoff+F+I   12275.148    241 25032.295    26508.802    25941.213
 16  Dayhoff+F+G4  11928.679    241 24339.358    25815.865    25248.276
 17  Dayhoff+F+I+G4 11919.792    242 24323.583    25831.429    25236.272
 18  Dayhoff+F+R2  12008.476    242 24500.952    26008.798    25413.641
 19  Dayhoff+F+R3  11935.128    244 24358.257    25931.415    25278.489
 20  Dayhoff+F+R4  11913.928    246 24319.856    25962.072    25247.630
 21  Dayhoff+F+R5  11911.001    248 24318.003    26033.336    25253.320
 27  mtMAM         14018.032    221 28478.064    29469.215    29311.552
 28  mtMAM+I       13969.880    222 28383.759    29394.086    29221.019
 29  mtMAM+G4      13064.111    222 26572.223    27582.549    27409.482
 30  mtMAM+I+G4    13060.257    223 26566.515    27596.453    27407.546
 31  mtMAM+R2      13257.451    223 26960.903    27990.841    27801.934
 32  mtMAM+R3      13091.123    225 26632.245    27702.771    27480.819
 33  mtMAM+R4      13059.835    227 26573.670    27686.702    27429.787
 34  mtMAM+R5      13053.331    229 26564.663    27722.245    27428.323
 35  mtMAM+R6      13036.374    231 26534.748    27739.063    27405.951
 36  mtMAM+R7      13030.440    233 26526.879    27780.258    27405.625
 37  mtMAM+R8      13027.084    235 26524.168    27829.109    27410.457
 40  mtMAM+F       13006.388    240 26492.775    27938.775    27397.921
 41  mtMAM+F+I     12950.318    241 26382.637    27859.143    27291.554
 42  mtMAM+F+G4    12275.589    241 25033.178    26509.685    25942.096
 43  mtMAM+F+I+G4  12271.118    242 25026.236    26534.082    25938.924
 44  mtMAM+F+R2    12424.027    242 25332.054    26839.900    26244.743
 45  mtMAM+F+R3    12297.842    244 25083.683    26656.841    26003.915
 46  mtMAM+F+R4    12277.079    246 25046.158    26688.374    25973.933
 47  mtMAM+F+R5    12274.371    248 25044.742    26760.075    25980.059
 53  JTT           12356.599    221 25155.198    26146.349    25988.686
 54  JTT+I         12273.839    222 24991.678    26002.005    25828.938
 55  JTT+G4        11930.539    222 24305.077    25315.404    25142.337
 56  JTT+I+G4      11914.645    223 24275.291    25305.229    25116.322
 57  JTT+R2        12010.767    223 24467.533    25497.471    25308.565
 58  JTT+R3        11935.436    225 24320.871    25391.397    25169.445
 59  JTT+R4        11905.812    227 24265.623    25378.656    25121.741
 60  JTT+R5        11897.317    229 24252.633    25410.216    25116.293
 61  JTT+R6        11895.790    231 24253.580    25457.895    25124.783
 66  JTT+F         12368.497    240 25216.994    26662.994    26122.140
 67  JTT+F+I       12278.888    241 25039.777    26516.283    25948.694
 68  JTT+F+G4      11927.861    241 24337.722    25814.229    25246.640
 69  JTT+F+I+G4    11914.619    242 24313.238    25821.084    25225.926
 70  JTT+F+R2      12013.845    242 24511.690    26019.536    25424.379
 71  JTT+F+R3      11929.943    244 24347.886    25921.044    25268.118
 72  JTT+F+R4      11903.194    246 24298.387    25940.603    25226.162
 73  JTT+F+R5      11895.923    248 24287.846    26003.180    25223.164
 74  JTT+F+R6      11894.543    250 24289.087    26081.944    25231.947
 79  WAG           12145.527    221 24733.054    25724.206    25566.543
 80  WAG+I         12081.089    222 24606.178    25616.505    25443.438
 81  WAG+G4        11781.580    222 24007.160    25017.486    24844.420
 82  WAG+I+G4      11774.350    223 23994.700    25024.638    24835.731
 83  WAG+R2        11852.465    223 24150.931    25180.869    24991.962
 84  WAG+R3        11778.222    225 24006.444    25076.971    24855.019
 85  WAG+R4        11762.457    227 23978.914    25091.946    24835.031
 86  WAG+R5        11759.791    229 23977.582    25135.164    24841.242
 92  WAG+F         12189.501    240 24859.002    26305.002    25764.147
 93  WAG+F+I       12123.689    241 24729.377    26205.884    25638.294
 94  WAG+F+G4      11811.692    241 24105.384    25581.890    25014.301
 95  WAG+F+I+G4    11806.160    242 24096.321    25604.167    25009.010
 96  WAG+F+R2      11884.920    242 24253.840    25761.686    25166.528
 97  WAG+F+R3      11811.021    244 24110.043    25683.201    25030.274
 98  WAG+F+R4      11789.978    246 24071.956    25714.172    24999.731
 99  WAG+F+R5      11789.399    248 24074.798    25790.132    25010.116
105  cpREV         12329.257    221 25100.513    26091.665    25934.002
106  cpREV+I       12278.672    222 25001.345    26011.671    25838.605
107  cpREV+G4      11944.584    222 24333.169    25343.495    25170.429
108  cpREV+I+G4    11941.901    223 24329.801    25359.739    25170.832
109  cpREV+R2      12006.554    223 24459.109    25489.047    25300.140
110  cpREV+R3      11955.139    225 24360.278    25430.804    25208.852
111  cpREV+R4      11924.040    227 24302.079    25415.112    25158.196
112  cpREV+R5      11924.007    229 24306.015    25463.597    25169.675
118  cpREV+F       12344.763    240 25169.525    26615.525    26074.671
119  cpREV+F+I     12286.668    241 25055.336    26531.842    25964.253
120  cpREV+F+G4    11932.570    241 24347.139    25823.645    25256.056
121  cpREV+F+I+G4  11929.866    242 24343.733    25851.579    25256.421
122  cpREV+F+R2    12007.257    242 24498.514    26006.360    25411.203
123  cpREV+F+R3    11941.084    244 24370.168    25943.326    25290.400
124  cpREV+F+R4    11913.008    246 24318.016    25960.232    25245.791
125  cpREV+F+R5    11913.006    248 24322.013    26037.346    25257.330
131  mtREV         13284.557    221 27011.115    28002.266    27844.603
132  mtREV+I       13240.694    222 26925.389    27935.715    27762.649
133  mtREV+G4      12689.785    222 25823.570    26833.897    26660.830
134  mtREV+I+G4    12684.422    223 25814.843    26844.781    26655.875
135  mtREV+R2      12784.718    223 26015.435    27045.373    26856.467
136  mtREV+R3      12684.156    225 25818.312    26888.838    26666.886
137  mtREV+R4      12675.161    227 25804.321    26917.354    26660.439
138  mtREV+R5      12671.562    229 25801.124    26958.707    26664.784
144  mtREV+F       12458.964    240 25397.928    26843.928    26303.074
145  mtREV+F+I     12408.459    241 25298.919    26775.425    26207.836
146  mtREV+F+G4    11978.659    241 24439.318    25915.824    25348.235
147  mtREV+F+I+G4  11971.846    242 24427.692    25935.538    25340.380
148  mtREV+F+R2    12055.176    242 24594.353    26102.199    25507.042
149  mtREV+F+R3    11977.466    244 24442.931    26016.089    25363.163
150  mtREV+F+R4    11966.060    246 24424.120    26066.336    25351.894
151  mtREV+F+R5    11965.829    248 24427.658    26142.991    25362.975
157  rtREV         12326.769    221 25095.538    26086.690    25929.027
158  rtREV+I       12259.470    222 24962.940    25973.266    25800.199
159  rtREV+G4      11907.057    222 24258.113    25268.440    25095.373
160  rtREV+I+G4    11900.199    223 24246.397    25276.335    25087.428
161  rtREV+R2      11982.158    223 24410.317    25440.255    25251.348
162  rtREV+R3      11911.880    225 24273.759    25344.286    25122.333
163  rtREV+R4      11886.393    227 24226.785    25339.818    25082.903
164  rtREV+R5      11885.657    229 24229.315    25386.897    25092.975
170  rtREV+F       12258.381    240 24996.763    26442.763    25901.909
171  rtREV+F+I     12187.146    241 24856.291    26332.798    25765.209
172  rtREV+F+G4    11831.858    241 24145.717    25622.223    25054.634
173  rtREV+F+I+G4  11826.391    242 24136.781    25644.627    25049.470
174  rtREV+F+R2    11906.386    242 24296.772    25804.618    25209.461
175  rtREV+F+R3    11841.151    244 24170.303    25743.461    25090.535
176  rtREV+F+R4    11810.396    246 24112.793    25755.009    25040.567
177  rtREV+F+R5    11809.568    248 24115.135    25830.469    25050.453
183  mtART         13812.747    221 28067.494    29058.645    28900.982
184  mtART+I       13742.226    222 27928.453    28938.779    28765.713
185  mtART+G4      12897.767    222 26239.533    27249.860    27076.793
186  mtART+I+G4    12890.859    223 26227.717    27257.655    27068.749
187  mtART+R2      13057.726    223 26561.453    27591.391    27402.484
188  mtART+R3      12938.435    225 26326.870    27397.397    27175.445
189  mtART+R4      12891.078    227 26236.157    27349.189    27092.274
190  mtART+R5      12891.076    229 26240.151    27397.734    27103.811
196  mtART+F       12828.922    240 26137.845    27583.845    27042.991
197  mtART+F+I     12755.655    241 25993.310    27469.816    26902.227
198  mtART+F+G4    12177.132    241 24836.263    26312.770    25745.181
199  mtART+F+I+G4  12136.730    242 24757.459    26265.305    25670.148
200  mtART+F+R2    12280.881    242 25045.762    26553.608    25958.450
201  mtART+F+R3    12159.676    244 24807.352    26380.510    25727.584
202  mtART+F+R4    12145.856    246 24783.713    26425.929    25711.487
203  mtART+F+R5    12144.740    248 24785.480    26500.813    25720.797
209  mtZOA         13298.030    221 27038.061    28029.212    27871.549
210  mtZOA+I       13221.894    222 26887.789    27898.115    27725.049
211  mtZOA+G4      12538.494    222 25520.988    26531.315    26358.248
212  mtZOA+I+G4    12529.183    223 25504.365    26534.303    26345.397
213  mtZOA+R2      12644.944    223 25735.888    26765.827    26576.920
214  mtZOA+R3      12555.799    225 25561.598    26632.124    26410.172
215  mtZOA+R4      12529.496    227 25512.991    26626.024    26369.109
216  mtZOA+R5      12529.446    229 25516.891    26674.473    26380.551
222  mtZOA+F       12581.432    240 25642.865    27088.865    26548.011
223  mtZOA+F+I     12501.795    241 25485.591    26962.097    26394.508
224  mtZOA+F+G4    12036.643    241 24555.286    26031.793    25464.204
225  mtZOA+F+I+G4  12010.692    242 24505.384    26013.230    25418.073
226  mtZOA+F+R2    12122.757    242 24729.514    26237.360    25642.203
227  mtZOA+F+R3    12031.196    244 24550.392    26123.550    25470.624
228  mtZOA+F+R4    12015.386    246 24522.772    26164.988    25450.547
229  mtZOA+F+R5    12011.908    248 24519.816    26235.149    25455.133
235  VT            12212.402    221 24866.804    25857.956    25700.292
236  VT+I          12140.321    222 24724.642    25734.969    25561.902
237  VT+G4         11845.135    222 24134.269    25144.596    24971.529
238  VT+I+G4       11834.467    223 24114.934    25144.872    24955.965
239  VT+R2         11914.109    223 24274.219    25304.157    25115.250
240  VT+R3         11845.567    225 24141.134    25211.660    24989.708
241  VT+R4         11822.430    227 24098.861    25211.893    24954.978
242  VT+R5         11821.023    229 24100.045    25257.628    24963.705
248  VT+F          12233.454    240 24946.907    26392.907    25852.053
249  VT+F+I        12159.331    241 24800.662    26277.168    25709.579
250  VT+F+G4       11858.779    241 24199.558    25676.064    25108.475
251  VT+F+I+G4     11850.723    242 24185.446    25693.292    25098.134
252  VT+F+R2       11931.640    242 24347.279    25855.125    25259.968
253  VT+F+R3       11858.011    244 24204.022    25777.180    25124.254
254  VT+F+R4       11835.667    246 24163.334    25805.550    25091.108
255  VT+F+R5       11834.686    248 24165.372    25880.705    25100.689
261  LG            12185.093    221 24812.187    25803.338    25645.675
262  LG+I          12112.996    222 24669.993    25680.319    25507.253
263  LG+G4         11763.894    222 23971.788    24982.114    24809.048
264  LG+I+G4       11755.274    223 23956.547    24986.485    24797.579
265  LG+R2         11838.763    223 24123.525    25153.464    24964.557
266  LG+R3         11770.933    225 23991.866    25062.393    24840.441
267  LG+R4         11741.526    227 23937.052    25050.084    24793.169
268  LG+R5         11741.322    229 23940.643    25098.226    24804.303
274  LG+F          12209.784    240 24899.569    26345.569    25804.714
275  LG+F+I        12135.287    241 24752.574    26229.081    25661.492
276  LG+F+G4       11789.548    241 24061.096    25537.602    24970.013
277  LG+F+I+G4     11784.070    242 24052.140    25559.986    24964.828
278  LG+F+R2       11865.114    242 24214.229    25722.075    25126.917
279  LG+F+R3       11794.756    244 24077.511    25650.669    24997.743
280  LG+F+R4       11766.480    246 24024.959    25667.175    24952.734
281  LG+F+R5       11766.109    248 24028.218    25743.552    24963.536
287  DCMut         12374.095    221 25190.190    26181.342    26023.679
288  DCMut+I       12295.218    222 25034.437    26044.763    25871.697
289  DCMut+G4      11954.720    222 24353.440    25363.766    25190.700
290  DCMut+I+G4    11944.381    223 24334.761    25364.699    25175.793
291  DCMut+R2      12033.665    223 24513.330    25543.268    25354.361
292  DCMut+R3      11958.239    225 24366.478    25437.004    25215.052
293  DCMut+R4      11939.806    227 24333.613    25446.645    25189.730
294  DCMut+R5      11939.743    229 24337.487    25495.069    25201.147
300  DCMut+F       12350.437    240 25180.873    26626.873    26086.019
301  DCMut+F+I     12274.613    241 25031.226    26507.733    25940.144
302  DCMut+F+G4    11928.790    241 24339.579    25816.085    25248.496
303  DCMut+F+I+G4  11919.852    242 24323.705    25831.551    25236.394
304  DCMut+F+R2    12008.375    242 24500.749    26008.595    25413.438
305  DCMut+F+R3    11934.414    244 24356.829    25929.986    25277.060
306  DCMut+F+R4    11913.545    246 24319.090    25961.306    25246.864
307  DCMut+F+R5    11913.543    248 24323.086    26038.419    25258.404
313  PMB           12321.677    221 25085.354    26076.506    25918.843
314  PMB+I         12254.715    222 24953.429    25963.756    25790.689
315  PMB+G4        11953.407    222 24350.814    25361.141    25188.074
316  PMB+I+G4      11944.972    223 24335.944    25365.882    25176.975
317  PMB+R2        12022.300    223 24490.600    25520.538    25331.631
318  PMB+R3        11953.658    225 24357.315    25427.842    25205.890
319  PMB+R4        11931.810    227 24317.620    25430.652    25173.737
320  PMB+R5        11931.726    229 24321.452    25479.034    25185.112
326  PMB+F         12309.928    240 25099.856    26545.856    26005.002
327  PMB+F+I       12240.014    241 24962.028    26438.534    25870.945
328  PMB+F+G4      11933.977    241 24349.954    25826.461    25258.872
329  PMB+F+I+G4    11927.738    242 24339.476    25847.322    25252.165
330  PMB+F+R2      12011.044    242 24506.089    26013.935    25418.777
331  PMB+F+R3      11934.061    244 24356.122    25929.280    25276.354
332  PMB+F+R4      11911.878    246 24315.755    25957.972    25243.530
333  PMB+F+R5      11911.839    248 24319.679    26035.012    25254.996
339  HIVb          12822.697    221 26087.393    27078.545    26920.882
340  HIVb+I        12723.030    222 25890.060    26900.387    26727.320
341  HIVb+G4       12260.764    222 24965.528    25975.854    25802.788
342  HIVb+I+G4     12245.808    223 24937.616    25967.555    25778.648
343  HIVb+R2       12364.036    223 25174.072    26204.010    26015.103
344  HIVb+R3       12276.422    225 25002.845    26073.371    25851.419
345  HIVb+R4       12232.008    227 24918.017    26031.049    25774.134
346  HIVb+R5       12231.926    229 24921.851    26079.434    25785.511
352  HIVb+F        12823.124    240 26126.247    27572.247    27031.393
353  HIVb+F+I      12710.390    241 25902.780    27379.286    26811.697
354  HIVb+F+G4     12209.260    241 24900.520    26377.026    25809.437
355  HIVb+F+I+G4   12201.759    242 24887.518    26395.364    25800.206
356  HIVb+F+R2     12330.726    242 25145.452    26653.298    26058.140
357  HIVb+F+R3     12233.952    244 24955.904    26529.062    25876.136
358  HIVb+F+R4     12180.877    246 24853.754    26495.970    25781.528
359  HIVb+F+R5     12180.798    248 24857.597    26572.930    25792.914
365  HIVw          13452.129    221 27346.258    28337.409    28179.746
366  HIVw+I        13336.903    222 27117.805    28128.132    27955.065
367  HIVw+G4       12859.279    222 26162.559    27172.885    26999.819
368  HIVw+I+G4     12848.455    223 26142.909    27172.847    26983.941
369  HIVw+R2       12987.917    223 26421.834    27451.772    27262.866
370  HIVw+R3       12872.676    225 26195.351    27265.878    27043.926
371  HIVw+R4       12827.264    227 26108.528    27221.561    26964.646
372  HIVw+R5       12827.144    229 26112.287    27269.870    26975.947
378  HIVw+F        13302.171    240 27084.342    28530.342    27989.487
379  HIVw+F+I      13157.704    241 26797.407    28273.914    27706.325
380  HIVw+F+G4     12635.438    241 25752.875    27229.382    26661.793
381  HIVw+F+I+G4   12628.772    242 25741.543    27249.390    26654.232
382  HIVw+F+R2     12788.161    242 26060.323    27568.169    26973.012
383  HIVw+F+R3     12666.669    244 25821.337    27394.495    26741.569
384  HIVw+F+R4     12605.157    246 25702.313    27344.529    26630.088
385  HIVw+F+R5     12605.068    248 25706.137    27421.470    26641.454
391  JTTDCMut      12349.103    221 25140.207    26131.358    25973.695
392  JTTDCMut+I    12268.875    222 24981.750    25992.077    25819.010
393  JTTDCMut+G4   11926.445    222 24296.889    25307.216    25134.149
394  JTTDCMut+I+G4 11910.808    223 24267.615    25297.553    25108.646
395  JTTDCMut+R2   12005.897    223 24457.794    25487.733    25298.826
396  JTTDCMut+R3   11928.288    225 24306.577    25377.103    25155.151
397  JTTDCMut+R4   11899.469    227 24252.939    25365.971    25109.056
398  JTTDCMut+R5   11899.468    229 24256.936    25414.519    25120.596
404  JTTDCMut+F    12363.228    240 25206.456    26652.456    26111.602
405  JTTDCMut+F+I  12275.905    241 25033.810    26510.316    25942.727
406  JTTDCMut+F+G4 11925.278    241 24332.555    25809.062    25241.473
407  JTTDCMut+F+I+G4 11912.488    242 24308.976    25816.822    25221.665
408  JTTDCMut+F+R2 12010.669    242 24505.338    26013.184    25418.027
409  JTTDCMut+F+R3 11924.722    244 24337.444    25910.602    25257.676
410  JTTDCMut+F+R4 11898.496    246 24288.991    25931.207    25216.766
411  JTTDCMut+F+R5 11898.490    248 24292.980    26008.313    25228.297
417  FLU           12759.196    221 25960.391    26951.543    26793.880
418  FLU+I         12670.724    222 25785.449    26795.775    26622.709
419  FLU+G4        12238.503    222 24921.005    25931.332    25758.265
420  FLU+I+G4      12228.983    223 24903.966    25933.904    25744.997
421  FLU+R2        12327.589    223 25101.179    26131.117    25942.210
422  FLU+R3        12243.587    225 24937.174    26007.700    25785.748
423  FLU+R4        12208.905    227 24871.811    25984.843    25727.928
424  FLU+R5        12208.858    229 24875.716    26033.298    25739.376
430  FLU+F         12781.005    240 26042.010    27488.010    26947.156
431  FLU+F+I       12678.097    241 25838.195    27314.701    26747.112
432  FLU+F+G4      12184.687    241 24851.374    26327.881    25760.292
433  FLU+F+I+G4    12180.787    242 24845.573    26353.420    25758.262
434  FLU+F+R2      12283.970    242 25051.940    26559.786    25964.629
435  FLU+F+R3      12199.738    244 24887.476    26460.634    25807.708
436  FLU+F+R4      12152.497    246 24796.994    26439.210    25724.768
437  FLU+F+R5      12152.470    248 24800.941    26516.274    25736.258
443  Blosum62      12293.347    221 25028.695    26019.846    25862.183
444  Blosum62+I    12225.434    222 24894.868    25905.195    25732.128
445  Blosum62+G4   11925.294    222 24294.588    25304.914    25131.848
446  Blosum62+I+G4 11917.537    223 24281.074    25311.012    25122.105
447  Blosum62+R2   11991.206    223 24428.413    25458.351    25269.444
448  Blosum62+R3   11924.591    225 24299.183    25369.709    25147.757
449  Blosum62+R4   11904.411    227 24262.822    25375.854    25118.939
450  Blosum62+R5   11904.409    229 24266.818    25424.400    25130.478
456  Blosum62+F    12300.895    240 25081.790    26527.790    25986.936
457  Blosum62+F+I  12230.050    241 24942.101    26418.607    25851.018
458  Blosum62+F+G4 11927.177    241 24336.354    25812.860    25245.271
459  Blosum62+F+I+G4 11921.074    242 24326.149    25833.995    25238.837
460  Blosum62+F+R2 11997.203    242 24478.406    25986.252    25391.094
461  Blosum62+F+R3 11927.358    244 24342.715    25915.873    25262.947
462  Blosum62+F+R4 11905.159    246 24302.319    25944.535    25230.093
463  Blosum62+F+R5 11905.154    248 24306.308    26021.641    25241.625
469  mtMet         13418.546    221 27279.093    28270.244    28112.581
470  mtMet+I       13351.372    222 27146.745    28157.071    27984.005
471  mtMet+G4      12762.276    222 25968.551    26978.878    26805.811
472  mtMet+I+G4    12753.815    223 25953.630    26983.568    26794.662
473  mtMet+R2      12860.028    223 26166.056    27195.994    27007.087
474  mtMet+R3      12766.074    225 25982.149    27052.675    26830.723
475  mtMet+R4      12745.993    227 25945.985    27059.018    26802.102
476  mtMet+R5      12729.134    229 25916.268    27073.851    26779.928
477  mtMet+R6      12727.848    231 25917.696    27122.010    26788.899
482  mtMet+F       12614.259    240 25708.518    27154.518    26613.664
483  mtMet+F+I     12533.510    241 25549.020    27025.526    26457.937
484  mtMet+F+G4    12080.383    241 24642.765    26119.272    25551.683
485  mtMet+F+I+G4  12059.196    242 24602.393    26110.239    25515.081
486  mtMet+F+R2    12158.561    242 24801.123    26308.969    25713.811
487  mtMet+F+R3    12077.065    244 24642.130    26215.288    25562.362
488  mtMet+F+R4    12058.085    246 24608.170    26250.386    25535.944
489  mtMet+F+R5    12047.981    248 24591.963    26307.296    25527.280
490  mtMet+F+R6    12047.900    250 24595.801    26388.658    25538.661
495  mtVer         13660.566    221 27763.132    28754.283    28596.620
496  mtVer+I       13597.612    222 27639.224    28649.550    28476.484
497  mtVer+G4      12916.103    222 26276.205    27286.532    27113.465
498  mtVer+I+G4    12890.943    223 26227.885    27257.823    27068.916
499  mtVer+R2      13025.492    223 26496.984    27526.922    27338.015
500  mtVer+R3      12918.928    225 26287.855    27358.382    27136.429
501  mtVer+R4      12890.885    227 26235.770    27348.802    27091.887
502  mtVer+R5      12867.664    229 26193.328    27350.911    27056.988
503  mtVer+R6      12867.506    231 26197.012    27401.326    27068.215
508  mtVer+F       12843.469    240 26166.938    27612.938    27072.084
509  mtVer+F+I     12761.787    241 26005.574    27482.080    26914.491
510  mtVer+F+G4    12234.739    241 24951.477    26427.984    25860.395
511  mtVer+F+I+G4  12222.456    242 24928.912    26436.758    25841.601
512  mtVer+F+R2    12334.614    242 25153.229    26661.075    26065.918
513  mtVer+F+R3    12251.228    244 24990.457    26563.615    25910.689
514  mtVer+F+R4    12232.812    246 24957.625    26599.841    25885.399
515  mtVer+F+R5    12214.172    248 24924.343    26639.677    25859.661
516  mtVer+F+R6    12214.124    250 24928.249    26721.106    25871.109
521  mtInv         13374.755    221 27191.511    28182.662    28024.999
522  mtInv+I       13300.907    222 27045.814    28056.141    27883.074
523  mtInv+G4      12783.207    222 26010.414    27020.740    26847.673
524  mtInv+I+G4    12771.327    223 25988.654    27018.592    26829.685
525  mtInv+R2      12867.289    223 26180.578    27210.517    27021.610
526  mtInv+R3      12784.279    225 26018.558    27089.084    26867.132
527  mtInv+R4      12762.596    227 25979.191    27092.223    26835.308
528  mtInv+R5      12746.679    229 25951.359    27108.941    26815.019
529  mtInv+R6      12746.644    231 25955.288    27159.603    26826.491
534  mtInv+F       12469.669    240 25419.338    26865.338    26324.484
535  mtInv+F+I     12384.442    241 25250.883    26727.390    26159.801
536  mtInv+F+G4    11989.436    241 24460.872    25937.378    25369.789
537  mtInv+F+I+G4  11977.566    242 24439.133    25946.979    25351.821
538  mtInv+F+R2    12066.792    242 24617.584    26125.430    25530.272
539  mtInv+F+R3    11994.035    244 24476.071    26049.229    25396.302
540  mtInv+F+R4    11968.519    246 24429.038    26071.255    25356.813
541  mtInv+F+R5    11960.614    248 24417.227    26132.560    25352.544
542  mtInv+F+R6    11960.592    250 24421.185    26214.042    25364.045
Akaike Information Criterion:           LG+R4
Corrected Akaike Information Criterion: LG+G4
Bayesian Information Criterion:         LG+R4
Best-fit model: LG+R4 chosen according to BIC

All model information printed to /mnt/ivy/thliao/project/AOB/analysis/20210713_repeat/add_Chromatiaces/phy_files/P39_prot/withEuk/NP_043231.1.model.gz
CPU time for ModelFinder: 1290.064 seconds (0h:21m:30s)
Wall-clock time for ModelFinder: 648.268 seconds (0h:10m:48s)
Generating 1000 samples for ultrafast bootstrap (seed: 729331)...

NOTE: 19 MB RAM (0 GB) is required!
Estimate model parameters (epsilon = 0.100)
1. Initial log-likelihood: -11774.798
2. Current log-likelihood: -11747.980
3. Current log-likelihood: -11745.038
4. Current log-likelihood: -11744.290
5. Current log-likelihood: -11743.844
6. Current log-likelihood: -11743.541
7. Current log-likelihood: -11743.335
8. Current log-likelihood: -11743.229
9. Current log-likelihood: -11743.128
Optimal log-likelihood: -11742.980
Site proportion and rates:  (0.097,0.102) (0.177,0.364) (0.354,0.826) (0.372,1.701)
Parameters optimization took 9 rounds (5.333 sec)
Computing ML distances based on estimated model parameters... 5.525 sec
Computing BIONJ tree...
0.014 seconds
Log-likelihood of BIONJ tree: -11746.278
--------------------------------------------------------------------
|             INITIALIZING CANDIDATE TREE SET                      |
--------------------------------------------------------------------
Generating 98 parsimony trees... 5.333 second
Computing log-likelihood of 98 initial trees ... 12.529 seconds
Current best score: -11723.060

Do NNI search on 20 best initial trees
Estimate model parameters (epsilon = 0.100)
BETTER TREE FOUND at iteration 1: -11677.080
Estimate model parameters (epsilon = 0.100)
BETTER TREE FOUND at iteration 4: -11665.646
Estimate model parameters (epsilon = 0.100)
BETTER TREE FOUND at iteration 8: -11665.135
Estimate model parameters (epsilon = 0.100)
BETTER TREE FOUND at iteration 10: -11663.900
Iteration 10 / LogL: -11663.900 / Time: 0h:0m:50s
Iteration 20 / LogL: -11697.302 / Time: 0h:1m:9s
Finish initializing candidate tree set (20)
Current best tree score: -11663.900 / CPU time: 61.650
Number of iterations: 20
--------------------------------------------------------------------
|               OPTIMIZING CANDIDATE TREE SET                      |
--------------------------------------------------------------------
Estimate model parameters (epsilon = 0.100)
BETTER TREE FOUND at iteration 21: -11654.882
Estimate model parameters (epsilon = 0.100)
BETTER TREE FOUND at iteration 25: -11651.528
Estimate model parameters (epsilon = 0.100)
BETTER TREE FOUND at iteration 30: -11651.043
Iteration 30 / LogL: -11651.043 / Time: 0h:1m:31s (0h:5m:16s left)
Estimate model parameters (epsilon = 0.100)
BETTER TREE FOUND at iteration 33: -11649.286
Iteration 40 / LogL: -11652.166 / Time: 0h:1m:50s (0h:4m:23s left)
Estimate model parameters (epsilon = 0.100)
BETTER TREE FOUND at iteration 41: -11648.714
Estimate model parameters (epsilon = 0.100)
BETTER TREE FOUND at iteration 45: -11646.674
Iteration 50 / LogL: -11648.616 / Time: 0h:2m:10s (0h:4m:12s left)
Log-likelihood cutoff on original alignment: -11714.995
UFBoot trees printed to /mnt/ivy/thliao/project/AOB/analysis/20210713_repeat/add_Chromatiaces/phy_files/P39_prot/withEuk/NP_043231.1.ufboot
Iteration 60 / LogL: -11647.935 / Time: 0h:2m:31s (0h:3m:37s left)
Estimate model parameters (epsilon = 0.100)
BETTER TREE FOUND at iteration 61: -11646.002
Iteration 70 / LogL: -11649.976 / Time: 0h:2m:50s (0h:3m:45s left)
Iteration 80 / LogL: -11660.503 / Time: 0h:3m:9s (0h:3m:14s left)
Estimate model parameters (epsilon = 0.100)
BETTER TREE FOUND at iteration 82: -11645.854
Iteration 90 / LogL: -11667.207 / Time: 0h:3m:29s (0h:3m:36s left)
UPDATE BEST LOG-LIKELIHOOD: -11645.852
Iteration 100 / LogL: -11651.557 / Time: 0h:3m:47s (0h:3m:8s left)
Log-likelihood cutoff on original alignment: -11714.995
NOTE: Bootstrap correlation coefficient of split occurrence frequencies: 0.995
UFBoot trees printed to /mnt/ivy/thliao/project/AOB/analysis/20210713_repeat/add_Chromatiaces/phy_files/P39_prot/withEuk/NP_043231.1.ufboot
Iteration 110 / LogL: -11651.538 / Time: 0h:4m:7s (0h:3m:24s left)
Iteration 120 / LogL: -11649.367 / Time: 0h:4m:26s (0h:2m:59s left)
Iteration 130 / LogL: -11659.036 / Time: 0h:4m:45s (0h:2m:35s left)
Iteration 140 / LogL: -11645.960 / Time: 0h:5m:5s (0h:2m:11s left)
Estimate model parameters (epsilon = 0.100)
BETTER TREE FOUND at iteration 143: -11645.561
Iteration 150 / LogL: -11677.919 / Time: 0h:5m:25s (0h:3m:23s left)
Log-likelihood cutoff on original alignment: -11714.995
UFBoot trees printed to /mnt/ivy/thliao/project/AOB/analysis/20210713_repeat/add_Chromatiaces/phy_files/P39_prot/withEuk/NP_043231.1.ufboot
Iteration 160 / LogL: -11651.448 / Time: 0h:5m:47s (0h:3m:1s left)
Iteration 170 / LogL: -11655.139 / Time: 0h:6m:7s (0h:2m:38s left)
Estimate model parameters (epsilon = 0.100)
BETTER TREE FOUND at iteration 176: -11645.428
Iteration 180 / LogL: -11645.574 / Time: 0h:6m:29s (0h:3m:28s left)
Iteration 190 / LogL: -11647.997 / Time: 0h:6m:49s (0h:3m:6s left)
UPDATE BEST LOG-LIKELIHOOD: -11645.426
Estimate model parameters (epsilon = 0.100)
BETTER TREE FOUND at iteration 197: -11643.388
Iteration 200 / LogL: -11646.447 / Time: 0h:7m:9s (0h:3m:29s left)
Log-likelihood cutoff on original alignment: -11706.677
NOTE: Bootstrap correlation coefficient of split occurrence frequencies: 0.998
UFBoot trees printed to /mnt/ivy/thliao/project/AOB/analysis/20210713_repeat/add_Chromatiaces/phy_files/P39_prot/withEuk/NP_043231.1.ufboot
UPDATE BEST LOG-LIKELIHOOD: -11643.386
Iteration 210 / LogL: -11650.493 / Time: 0h:7m:31s (0h:3m:14s left)
Iteration 220 / LogL: -11658.211 / Time: 0h:7m:49s (0h:2m:51s left)
Iteration 230 / LogL: -11652.641 / Time: 0h:8m:9s (0h:2m:29s left)
Iteration 240 / LogL: -11651.417 / Time: 0h:8m:29s (0h:2m:7s left)
Iteration 250 / LogL: -11652.502 / Time: 0h:8m:49s (0h:1m:46s left)
Log-likelihood cutoff on original alignment: -11706.677
UFBoot trees printed to /mnt/ivy/thliao/project/AOB/analysis/20210713_repeat/add_Chromatiaces/phy_files/P39_prot/withEuk/NP_043231.1.ufboot
Iteration 260 / LogL: -11643.538 / Time: 0h:9m:8s (0h:1m:24s left)
Iteration 270 / LogL: -11643.402 / Time: 0h:9m:29s (0h:1m:3s left)
Iteration 280 / LogL: -11643.402 / Time: 0h:9m:48s (0h:0m:42s left)
UPDATE BEST LOG-LIKELIHOOD: -11643.386
Iteration 290 / LogL: -11643.386 / Time: 0h:10m:7s (0h:0m:21s left)
TREE SEARCH COMPLETED AFTER 298 ITERATIONS / Time: 0h:10m:23s

--------------------------------------------------------------------
|                    FINALIZING TREE SEARCH                        |
--------------------------------------------------------------------
Performs final model parameters optimization
Estimate model parameters (epsilon = 0.010)
1. Initial log-likelihood: -11643.386
2. Current log-likelihood: -11643.367
3. Current log-likelihood: -11643.332
4. Current log-likelihood: -11643.300
5. Current log-likelihood: -11643.269
6. Current log-likelihood: -11643.239
7. Current log-likelihood: -11643.210
8. Current log-likelihood: -11643.182
9. Current log-likelihood: -11643.156
10. Current log-likelihood: -11643.137
11. Current log-likelihood: -11643.113
12. Current log-likelihood: -11643.096
13. Current log-likelihood: -11643.077
14. Current log-likelihood: -11643.055
15. Current log-likelihood: -11643.039
16. Current log-likelihood: -11643.022
17. Current log-likelihood: -11643.006
18. Current log-likelihood: -11642.990
19. Current log-likelihood: -11642.975
20. Current log-likelihood: -11642.959
21. Current log-likelihood: -11642.944
22. Current log-likelihood: -11642.930
23. Current log-likelihood: -11642.916
24. Current log-likelihood: -11642.903
25. Current log-likelihood: -11642.889
26. Current log-likelihood: -11642.877
27. Current log-likelihood: -11642.864
28. Current log-likelihood: -11642.852
29. Current log-likelihood: -11642.841
30. Current log-likelihood: -11642.829
31. Current log-likelihood: -11642.818
32. Current log-likelihood: -11642.807
33. Current log-likelihood: -11642.797
Optimal log-likelihood: -11642.781
Site proportion and rates:  (0.085,0.071) (0.180,0.328) (0.358,0.808) (0.378,1.711)
Parameters optimization took 33 rounds (18.151 sec)
BEST SCORE FOUND : -11642.781
Creating bootstrap support values...
Split supports printed to NEXUS file /mnt/ivy/thliao/project/AOB/analysis/20210713_repeat/add_Chromatiaces/phy_files/P39_prot/withEuk/NP_043231.1.splits.nex
Total tree length: 43.551

Total number of iterations: 298
CPU time used for tree search: 1199.541 sec (0h:19m:59s)
Wall-clock time used for tree search: 614.537 sec (0h:10m:14s)
Total CPU time used: 1253.270 sec (0h:20m:53s)
Total wall-clock time used: 641.849 sec (0h:10m:41s)
UFBoot trees printed to /mnt/ivy/thliao/project/AOB/analysis/20210713_repeat/add_Chromatiaces/phy_files/P39_prot/withEuk/NP_043231.1.ufboot

Computing bootstrap consensus tree...
Reading input file /mnt/ivy/thliao/project/AOB/analysis/20210713_repeat/add_Chromatiaces/phy_files/P39_prot/withEuk/NP_043231.1.splits.nex...
112 taxa and 1008 splits.
Consensus tree written to /mnt/ivy/thliao/project/AOB/analysis/20210713_repeat/add_Chromatiaces/phy_files/P39_prot/withEuk/NP_043231.1.contree
Reading input trees file /mnt/ivy/thliao/project/AOB/analysis/20210713_repeat/add_Chromatiaces/phy_files/P39_prot/withEuk/NP_043231.1.contree
Log-likelihood of consensus tree: -11642.780

Analysis results written to: 
  IQ-TREE report:                /mnt/ivy/thliao/project/AOB/analysis/20210713_repeat/add_Chromatiaces/phy_files/P39_prot/withEuk/NP_043231.1.iqtree
  Maximum-likelihood tree:       /mnt/ivy/thliao/project/AOB/analysis/20210713_repeat/add_Chromatiaces/phy_files/P39_prot/withEuk/NP_043231.1.treefile
  Likelihood distances:          /mnt/ivy/thliao/project/AOB/analysis/20210713_repeat/add_Chromatiaces/phy_files/P39_prot/withEuk/NP_043231.1.mldist

Ultrafast bootstrap approximation results written to:
  Split support values:          /mnt/ivy/thliao/project/AOB/analysis/20210713_repeat/add_Chromatiaces/phy_files/P39_prot/withEuk/NP_043231.1.splits.nex
  Consensus tree:                /mnt/ivy/thliao/project/AOB/analysis/20210713_repeat/add_Chromatiaces/phy_files/P39_prot/withEuk/NP_043231.1.contree
  UFBoot trees:                  /mnt/ivy/thliao/project/AOB/analysis/20210713_repeat/add_Chromatiaces/phy_files/P39_prot/withEuk/NP_043231.1.ufboot
  Screen log file:               /mnt/ivy/thliao/project/AOB/analysis/20210713_repeat/add_Chromatiaces/phy_files/P39_prot/withEuk/NP_043231.1.log

Date and Time: Mon Dec 12 09:58:13 2022
