IQ-TREE multicore version 1.6.12 for Linux 64-bit built Aug 15 2019
Developed by Bui Quang Minh, Nguyen Lam Tung, Olga Chernomor,
Heiko Schmidt, Dominik Schrempf, Michael Woodhams.

Host:    cl001 (AVX2, FMA3, 125 GB RAM)
Command: iqtree -nt 2 -redo -wbtl -bb 1000 -pre /mnt/ivy/thliao/project/AOB/analysis/20210713_repeat/add_Chromatiaces/phy_files/P39_prot/withEuk/NP_043191.1 -s /mnt/ivy/thliao/project/AOB/analysis/20210713_repeat/add_Chromatiaces/phy_files/P39_prot/withEuk/NP_043191.1.aln
Seed:    488360 (Using SPRNG - Scalable Parallel Random Number Generator)
Time:    Sat Dec 10 11:19:00 2022
Kernel:  AVX+FMA - 2 threads (40 CPU cores detected)

Reading alignment file /mnt/ivy/thliao/project/AOB/analysis/20210713_repeat/add_Chromatiaces/phy_files/P39_prot/withEuk/NP_043191.1.aln ... Fasta format detected
Alignment most likely contains protein sequences
Alignment has 140 sequences with 161 columns, 158 distinct patterns
127 parsimony-informative, 15 singleton sites, 19 constant sites
                            Gap/Ambiguity  Composition  p-value
   1  Arabidopsis_thaliana         16.77%    passed     11.23%
   2  Chondrus_crispus             18.01%    passed     97.31%
   3  Cyanidioschyzon_merolae      26.09%    failed      0.24%
   4  Cyanophora_paradoxa          18.01%    passed     51.73%
   5  Cyanoptyche_gloeocystis      22.36%    passed     37.55%
   6  Galdieria_sulphuraria        21.74%    passed     62.59%
   7  Gloeochaete_wittrockiana     18.01%    passed     22.54%
   8  Klebsormidium_nitens         18.63%    passed     74.46%
   9  Mesotaenium_endlicherianum   18.01%    passed     40.28%
  10  NC_000926.1                  18.01%    passed     98.56%
  11  NC_002186.1                  17.39%    passed     26.20%
  12  NC_005353.1                  14.91%    passed     71.45%
  13  NC_007288.1                  18.01%    passed     67.30%
  14  NC_008588.1                  18.01%    passed     91.57%
  15  NC_008589.1                  18.01%    passed     63.59%
  16  NC_010654.1                  20.50%    passed     61.37%
  17  NC_012898.1                  16.77%    passed     10.40%
  18  NC_016703.2                  18.01%    passed     99.61%
  19  NC_016732.1                  10.56%    passed     68.46%
  20  NC_020371.1                  16.77%    passed     55.47%
  21  NC_049168.1                  18.01%    passed     93.12%
  22  Oltmannsiellopsis_viridis    19.88%    passed     47.51%
  23  Oryza_sativa                 15.53%    passed     84.77%
  24  Ostreococcus_tauri           24.22%    passed     60.86%
  25  Palmophyllum_crassum         16.77%    passed      6.62%
  26  Pedinomonas_tuberculata      19.88%    passed     53.01%
  27  Penium_margaritaceum         18.01%    passed     95.99%
  28  Physcomitrium_patens         18.01%    passed     15.34%
  29  Picocystis_salinarum         21.12%    passed     21.53%
  30  Porphyra_umbilicalis         22.98%    passed     58.61%
  31  Porphyridium_purpureum       17.39%    passed     99.76%
  32  Prasinoderma_coloniale       16.77%    passed     43.49%
  33  Tetradesmus_obliquus         15.53%    passed     54.65%
  34  Tupiella_akineta             18.63%    passed     25.69%
  35  GCA_000473895.1              17.39%    passed     71.39%
  36  GCA_015709615.1              18.63%    passed     62.50%
  37  GCA_000024725.1              19.25%    passed     89.39%
  38  GCA_013697045.1              18.63%    passed     63.60%
  39  GCA_900107585.1              18.01%    passed     94.30%
  40  GCA_014859375.1              18.63%    passed     71.55%
  41  GCA_015272465.1              18.01%    passed     91.25%
  42  GCA_002356115.1              20.50%    passed     94.85%
  43  GCA_009833095.1              18.63%    passed     68.09%
  44  GCA_013140465.1              18.63%    passed     90.01%
  45  GCA_001747005.1              17.39%    passed     84.72%
  46  GCA_014635705.1              18.63%    passed     84.39%
  47  GCA_000469665.2              18.01%    passed      8.64%
  48  GCA_002109495.1              18.01%    passed     99.58%
  49  GCA_001458735.1              18.63%    passed     79.90%
  50  GCA_000952155.1              17.39%    passed     98.57%
  51  GCA_000317495.1              17.39%    passed     99.98%
  52  GCA_000317515.1              17.39%    passed     99.98%
  53  GCA_007197755.1              18.63%    passed     99.12%
  54  GCA_001187785.1              18.63%    passed     77.27%
  55  GCA_003719295.1              18.63%    passed     72.44%
  56  GCA_000314005.1              17.39%    passed     95.33%
  57  GCA_004168365.1              18.01%    passed     80.59%
  58  GCA_011090395.1              18.63%    passed     80.04%
  59  GCA_003015105.1              16.77%    passed     93.49%
  60  GCA_902810445.1              19.25%    passed     79.14%
  61  GCA_001697225.1              18.63%    passed     19.36%
  62  GCA_002868715.1              18.63%    passed     63.81%
  63  GCA_003532895.1              14.91%    passed     68.66%
  64  GCA_002218085.1              17.39%    passed     99.27%
  65  GCA_003015145.1              16.77%    passed     36.55%
  66  GCA_008189685.1              18.01%    failed      4.38%
  67  GCA_003696005.1              16.77%    passed     18.58%
  68  GCA_003551305.1              18.63%    passed     47.10%
  69  GCA_902500715.1              18.63%    passed     71.04%
  70  GCA_004684205.1              18.63%    passed     73.44%
  71  GCA_001828295.1              18.01%    passed     41.86%
  72  GCA_000949635.1              17.39%    passed     22.41%
  73  GCA_001644685.1              18.63%    passed     96.26%
  74  GCA_013141375.1              18.63%    passed     65.38%
  75  GCA_000760695.4              17.39%    passed     99.99%
  76  GCA_017879665.1              18.63%    passed     88.50%
  77  GCA_001772005.1              18.63%    passed     94.06%
  78  GCA_000332035.1              17.39%    passed     88.59%
  79  GCA_016788925.1              18.63%    passed     85.36%
  80  GCA_000740735.1              19.25%    passed     96.19%
  81  GCA_000934545.1              18.63%    passed     84.22%
  82  GCA_001458695.1              18.63%    passed     94.80%
  83  GCA_016207025.1              18.63%    passed     97.08%
  84  GCA_900119825.1              18.63%    passed     98.61%
  85  GCA_003534995.1              16.77%    passed     86.41%
  86  GCA_015709635.1              18.63%    passed     37.28%
  87  GCA_006496635.1              18.63%    passed     70.49%
  88  GCA_000011385.1              17.39%    passed     95.21%
  89  GCA_001828545.1              19.25%    passed     69.52%
  90  GCA_005877815.1              18.01%    failed      0.80%
  91  GCF_004345375.1              29.81%    passed     82.23%
  92  GCA_000263335.1              18.01%    passed     96.57%
  93  GCA_007992375.1              18.63%    passed     98.77%
  94  GCA_001890765.1              17.39%    passed     98.59%
  95  GCA_003149345.1              18.63%    passed     61.22%
  96  GCA_001828535.1              17.39%    passed     20.74%
  97  GCA_004421105.1              19.25%    passed     85.67%
  98  GCA_002083815.1              19.25%    passed     91.31%
  99  GCA_003576955.1              18.63%    passed     90.74%
 100  GCA_003851125.1              18.63%    passed     96.63%
 101  GCA_010027455.1              18.63%    passed     90.83%
 102  GCA_001803795.1              18.01%    passed     74.03%
 103  GCA_003003885.1              17.39%    passed     93.92%
 104  GCA_004282745.1              18.01%    passed     73.09%
 105  GCA_000214665.1              18.63%    passed     99.32%
 106  GCA_002072955.1              18.63%    passed     92.49%
 107  GCA_016873455.1              18.63%    passed     98.58%
 108  GCA_001870225.1              18.01%    passed     49.97%
 109  GCA_013140535.1              18.63%    passed     41.84%
 110  GCA_000948975.1              19.88%    passed     86.86%
 111  GCA_001566965.1              18.63%    passed     78.31%
 112  GCA_000264455.2              18.01%    passed     99.41%
 113  GCA_000317535.1              17.39%    passed     95.15%
 114  GCA_006385135.1              18.01%    passed     69.09%
 115  GCA_001267195.1              19.25%    passed     70.27%
 116  GCA_000014865.1              18.01%    passed     96.96%
 117  GCA_002355455.1              17.39%    passed     99.96%
 118  GCA_002162035.1              18.63%    passed     93.76%
 119  GCA_001881495.1              18.63%    passed     79.78%
 120  GCA_000317575.1              17.39%    passed     99.96%
 121  GCA_000380225.1              17.39%    passed     97.85%
 122  GCA_003258315.1              17.39%    passed     99.16%
 123  GCA_016592635.1              18.63%    passed     93.55%
 124  GCA_902459485.1              18.63%    passed     89.86%
 125  GCA_001904725.1              17.39%    passed    100.00%
 126  GCA_000013225.1              15.53%    passed     72.47%
 127  GCA_900110495.1              18.63%    passed     62.10%
 128  GCA_000346485.2              17.39%    passed     99.97%
 129  GCA_003644325.1              18.01%    passed     91.42%
 130  GCA_004195045.1              18.01%    passed      5.66%
 131  GCA_013521015.1              18.63%    passed     97.43%
 132  GCA_002924445.1              18.01%    passed     23.74%
 133  GCA_005524015.1              17.39%    passed     50.69%
 134  GCA_000332275.1              16.77%    passed     97.58%
 135  GCA_002007425.1              18.63%    passed     67.21%
 136  GCA_000828615.1              18.63%    passed     98.50%
 137  GCA_000228725.3              18.63%    passed     72.99%
 138  GCA_000379525.1              18.63%    passed     92.76%
 139  GCA_001007875.1              18.63%    passed     93.24%
 140  GCA_001469165.1              18.63%    passed     94.79%
****  TOTAL                        18.33%  3 sequences failed composition chi2 test (p-value<5%; df=19)
NOTE: GCA_000317575.1 is identical to GCA_002355455.1 but kept for subsequent analysis


Create initial parsimony tree by phylogenetic likelihood library (PLL)... 0.056 seconds
NOTE: ModelFinder requires 39 MB RAM!
ModelFinder will test 546 protein models (sample size: 161) ...
 No. Model         -LnL         df  AIC          AICc         BIC
  1  Dayhoff       21421.278    277 43396.556    197408.556   44250.105
  2  Dayhoff+I     21167.607    278 42891.215    198015.215   43747.845
  3  Dayhoff+G4    19986.487    278 40528.974    195652.974   41385.605
  4  Dayhoff+I+G4  19966.431    279 40490.863    196730.863   41350.575
  5  Dayhoff+R2    20252.320    279 41062.640    197302.640   41922.352
  6  Dayhoff+R3    20041.149    281 40644.298    199128.298   41510.173
  7  Dayhoff+R4    19972.520    283 40511.040    201255.040   41383.077
  8  Dayhoff+R5    19951.853    285 40473.707    203493.707   41351.907
  9  Dayhoff+R6    19942.737    287 40459.473    205771.473   41343.836
 10  Dayhoff+R7    19933.463    289 40444.927    208064.927   41335.453
 11  Dayhoff+R8    19929.548    291 40441.097    210385.097   41337.785
 14  Dayhoff+F     21346.661    296 43285.322    219109.322   44197.417
 15  Dayhoff+F+I   21127.507    297 42849.015    219861.015   43764.192
 16  Dayhoff+F+G4  19924.456    297 40442.912    217454.912   41358.089
 17  Dayhoff+F+I+G4 19904.237    298 40404.473    218608.473   41322.732
 18  Dayhoff+F+R2  20198.693    298 40993.386    219197.386   41911.644
 19  Dayhoff+F+R3  19966.939    300 40533.879    221133.879   41458.300
 20  Dayhoff+F+R4  19908.540    302 40421.080    223433.080   41351.664
 21  Dayhoff+F+R5  19885.695    304 40379.389    225819.389   41316.136
 22  Dayhoff+F+R6  19875.398    306 40362.795    228246.795   41305.705
 23  Dayhoff+F+R7  19867.651    308 40351.301    230695.301   41300.374
 24  Dayhoff+F+R8  19864.200    310 40348.400    233168.400   41303.635
 27  mtMAM         24395.050    277 49344.101    203356.101   50197.650
 28  mtMAM+I       24145.727    278 48847.453    203971.453   49704.084
 29  mtMAM+G4      21529.024    278 43614.049    198738.049   44470.679
 30  mtMAM+I+G4    21505.255    279 43568.509    199808.509   44428.221
 31  mtMAM+R2      21968.195    279 44494.391    200734.391   45354.103
 32  mtMAM+R3      21702.197    281 43966.395    202450.395   44832.269
 33  mtMAM+R4      21513.142    283 43592.283    204336.283   44464.321
 34  mtMAM+R5      21499.569    285 43569.139    206589.139   44447.339
 35  mtMAM+R6      21476.000    287 43526.000    208838.000   44410.363
 36  mtMAM+R7      21456.205    289 43490.411    211110.411   44380.937
 37  mtMAM+R8      21451.343    291 43484.686    213428.686   44381.375
 40  mtMAM+F       23050.745    296 46693.489    222517.489   47605.585
 41  mtMAM+F+I     22794.415    297 46182.830    223194.830   47098.007
 42  mtMAM+F+G4    20616.420    297 41826.840    218838.840   42742.017
 43  mtMAM+F+I+G4  20593.667    298 41783.333    219987.333   42701.592
 44  mtMAM+F+R2    20985.658    298 42567.317    220771.317   43485.575
 45  mtMAM+F+R3    20778.238    300 42156.477    222756.477   43080.898
 46  mtMAM+F+R4    20604.118    302 41812.236    224824.236   42742.820
 47  mtMAM+F+R5    20588.751    304 41785.503    227225.503   42722.250
 48  mtMAM+F+R6    20575.948    306 41763.895    229647.895   42706.805
 49  mtMAM+F+R7    20568.118    308 41752.236    232096.236   42701.309
 50  mtMAM+F+R8    20566.393    310 41752.786    234572.786   42708.021
 53  JTT           21207.736    277 42969.471    196981.471   43823.020
 54  JTT+I         20974.137    278 42504.274    197628.274   43360.904
 55  JTT+G4        19755.532    278 40067.065    195191.065   40923.695
 56  JTT+I+G4      19738.851    279 40035.703    196275.703   40895.415
 57  JTT+R2        20045.429    279 40648.858    196888.858   41508.570
 58  JTT+R3        19804.868    281 40171.736    198655.736   41037.611
 59  JTT+R4        19745.709    283 40057.417    200801.417   40929.455
 60  JTT+R5        19718.856    285 40007.713    203027.713   40885.913
 61  JTT+R6        19714.221    287 40002.442    205314.442   40886.805
 66  JTT+F         21278.820    296 43149.640    218973.640   44061.735
 67  JTT+F+I       21064.890    297 42723.780    219735.780   43638.957
 68  JTT+F+G4      19809.735    297 40213.470    217225.470   41128.647
 69  JTT+F+I+G4    19787.968    298 40171.936    218375.936   41090.194
 70  JTT+F+R2      20098.467    298 40792.933    218996.933   41711.192
 71  JTT+F+R3      19849.277    300 40298.554    220898.554   41222.975
 72  JTT+F+R4      19799.775    302 40203.550    223215.550   41134.134
 73  JTT+F+R5      19777.386    304 40162.773    225602.773   41099.520
 74  JTT+F+R6      19769.954    306 40151.907    228035.907   41094.817
 75  JTT+F+R7      19763.507    308 40143.014    230487.014   41092.087
 76  JTT+F+R8      19760.805    310 40141.609    232961.609   41096.845
 79  WAG           20908.792    277 42371.585    196383.585   43225.134
 80  WAG+I         20700.221    278 41956.441    197080.441   42813.071
 81  WAG+G4        19686.404    278 39928.808    195052.808   40785.438
 82  WAG+I+G4      19668.902    279 39895.803    196135.803   40755.515
 83  WAG+R2        19930.081    279 40418.162    196658.162   41277.874
 84  WAG+R3        19725.996    281 40013.991    198497.991   40879.866
 85  WAG+R4        19666.874    283 39899.748    200643.748   40771.785
 86  WAG+R5        19643.242    285 39856.485    202876.485   40734.685
 87  WAG+R6        19637.723    287 39849.446    205161.446   40733.809
 88  WAG+R7        19634.983    289 39847.965    207467.965   40738.491
 92  WAG+F         20912.824    296 42417.648    218241.648   43329.743
 93  WAG+F+I       20727.343    297 42048.686    219060.686   42963.863
 94  WAG+F+G4      19669.647    297 39933.295    216945.295   40848.472
 95  WAG+F+I+G4    19651.035    298 39898.071    218102.071   40816.329
 96  WAG+F+R2      19917.600    298 40431.199    218635.199   41349.458
 97  WAG+F+R3      19703.119    300 40006.238    220606.238   40930.659
 98  WAG+F+R4      19653.034    302 39910.067    222922.067   40840.651
 99  WAG+F+R5      19629.164    304 39866.328    225306.328   40803.075
100  WAG+F+R6      19622.604    306 39857.209    227741.209   40800.118
101  WAG+F+R7      19620.357    308 39856.714    230200.714   40805.786
105  cpREV         20948.193    277 42450.387    196462.387   43303.936
106  cpREV+I       20747.856    278 42051.713    197175.713   42908.343
107  cpREV+G4      19704.583    278 39965.165    195089.165   40821.796
108  cpREV+I+G4    19687.503    279 39933.006    196173.006   40792.718
109  cpREV+R2      19974.330    279 40506.661    196746.661   41366.373
110  cpREV+R3      19741.079    281 40044.158    198528.158   40910.032
111  cpREV+R4      19691.259    283 39948.518    200692.518   40820.555
112  cpREV+R5      19662.278    285 39894.556    202914.556   40772.756
113  cpREV+R6      19658.702    287 39891.404    205203.404   40775.767
118  cpREV+F       21078.766    296 42749.532    218573.532   43661.627
119  cpREV+F+I     20884.685    297 42363.369    219375.369   43278.546
120  cpREV+F+G4    19809.024    297 40212.048    217224.048   41127.225
121  cpREV+F+I+G4  19793.874    298 40183.748    218387.748   41102.007
122  cpREV+F+R2    20081.374    298 40758.748    218962.748   41677.007
123  cpREV+F+R3    19844.096    300 40288.192    220888.192   41212.613
124  cpREV+F+R4    19796.396    302 40196.792    223208.792   41127.376
125  cpREV+F+R5    19768.322    304 40144.643    225584.643   41081.390
126  cpREV+F+R6    19764.598    306 40141.196    228025.196   41084.105
131  mtREV         23019.844    277 46593.689    200605.689   47447.238
132  mtREV+I       22788.220    278 46132.439    201256.439   46989.070
133  mtREV+G4      21018.645    278 42593.291    197717.291   43449.921
134  mtREV+I+G4    20986.645    279 42531.290    198771.290   43391.002
135  mtREV+R2      21379.293    279 43316.586    199556.586   44176.297
136  mtREV+R3      21110.981    281 42783.962    201267.962   43649.836
137  mtREV+R4      21012.948    283 42591.896    203335.896   43463.933
138  mtREV+R5      20993.234    285 42556.468    205576.468   43434.668
139  mtREV+R6      20978.203    287 42530.407    207842.407   43414.770
140  mtREV+R7      20977.307    289 42532.613    210152.613   43423.139
144  mtREV+F       21855.310    296 44302.619    220126.619   45214.715
145  mtREV+F+I     21620.050    297 43834.101    220846.101   44749.278
146  mtREV+F+G4    20133.260    297 40860.519    217872.519   41775.697
147  mtREV+F+I+G4  20093.029    298 40782.058    218986.058   41700.316
148  mtREV+F+R2    20446.443    298 41488.885    219692.885   42407.144
149  mtREV+F+R3    20184.327    300 40968.653    221568.653   41893.074
150  mtREV+F+R4    20119.618    302 40843.237    223855.237   41773.821
151  mtREV+F+R5    20109.536    304 40827.072    226267.072   41763.819
152  mtREV+F+R6    20100.514    306 40813.029    228697.029   41755.939
153  mtREV+F+R7    20100.021    308 40816.043    231160.043   41765.115
157  rtREV         21113.882    277 42781.763    196793.763   43635.312
158  rtREV+I       20910.572    278 42377.144    197501.144   43233.774
159  rtREV+G4      19710.032    278 39976.064    195100.064   40832.694
160  rtREV+I+G4    19674.015    279 39906.030    196146.030   40765.742
161  rtREV+R2      19961.111    279 40480.222    196720.222   41339.934
162  rtREV+R3      19741.950    281 40045.901    198529.901   40911.775
163  rtREV+R4      19698.046    283 39962.093    200706.093   40834.130
164  rtREV+R5      19663.415    285 39896.830    202916.830   40775.030
165  rtREV+R6      19659.470    287 39892.941    205204.941   40777.304
170  rtREV+F       21099.969    296 42791.939    218615.939   43704.035
171  rtREV+F+I     20910.998    297 42415.996    219427.996   43331.173
172  rtREV+F+G4    19674.002    297 39942.004    216954.004   40857.181
173  rtREV+F+I+G4  19622.147    298 39840.293    218044.293   40758.552
174  rtREV+F+R2    19912.550    298 40421.100    218625.100   41339.358
175  rtREV+F+R3    19699.147    300 39998.293    220598.293   40922.714
176  rtREV+F+R4    19645.781    302 39895.562    222907.562   40826.147
177  rtREV+F+R5    19615.928    304 39839.855    225279.855   40776.602
178  rtREV+F+R6    19613.531    306 39839.062    227723.062   40781.972
183  mtART         23706.299    277 47966.599    201978.599   48820.148
184  mtART+I       23462.839    278 47481.678    202605.678   48338.308
185  mtART+G4      21027.279    278 42610.558    197734.558   43467.189
186  mtART+I+G4    21005.716    279 42569.432    198809.432   43429.143
187  mtART+R2      21443.049    279 43444.098    199684.098   44303.810
188  mtART+R3      21180.825    281 42923.650    201407.650   43789.524
189  mtART+R4      21110.155    283 42786.309    203530.309   43658.347
190  mtART+R5      20975.728    285 42521.456    205541.456   43399.656
191  mtART+R6      20975.728    287 42525.456    207837.456   43409.819
196  mtART+F       22481.635    296 45555.269    221379.269   46467.365
197  mtART+F+I     22235.852    297 45065.703    222077.703   45980.881
198  mtART+F+G4    20223.391    297 41040.781    218052.781   41955.959
199  mtART+F+I+G4  20195.855    298 40987.711    219191.711   41905.969
200  mtART+F+R2    20556.870    298 41709.741    219913.741   42627.999
201  mtART+F+R3    20389.424    300 41378.848    221978.848   42303.269
202  mtART+F+R4    20274.996    302 41153.993    224165.993   42084.577
203  mtART+F+R5    20196.203    304 41000.406    226440.406   41937.153
204  mtART+F+R6    20196.203    306 41004.405    228888.405   41947.315
209  mtZOA         22872.323    277 46298.647    200310.647   47152.196
210  mtZOA+I       22634.458    278 45824.916    200948.916   46681.547
211  mtZOA+G4      20499.521    278 41555.042    196679.042   42411.673
212  mtZOA+I+G4    20474.896    279 41507.791    197747.791   42367.503
213  mtZOA+R2      20838.734    279 42235.468    198475.468   43095.180
214  mtZOA+R3      20640.732    281 41843.463    200327.463   42709.338
215  mtZOA+R4      20531.272    283 41628.544    202372.544   42500.581
216  mtZOA+R5      20461.747    285 41493.493    204513.493   42371.694
217  mtZOA+R6      20461.746    287 41497.493    206809.493   42381.856
222  mtZOA+F       21939.777    296 44471.553    220295.553   45383.649
223  mtZOA+F+I     21703.756    297 44001.512    221013.512   44916.689
224  mtZOA+F+G4    19993.286    297 40580.572    217592.572   41495.749
225  mtZOA+F+I+G4  19961.141    298 40518.282    218722.282   41436.541
226  mtZOA+F+R2    20294.526    298 41185.053    219389.053   42103.311
227  mtZOA+F+R3    20083.294    300 40766.588    221366.588   41691.009
228  mtZOA+F+R4    19991.170    302 40586.340    223598.340   41516.924
229  mtZOA+F+R5    19963.778    304 40535.555    225975.555   41472.302
230  mtZOA+F+R6    19963.721    306 40539.443    228423.443   41482.352
235  VT            20952.530    277 42459.060    196471.060   43312.609
236  VT+I          20743.139    278 42042.279    197166.279   42898.909
237  VT+G4         19709.264    278 39974.527    195098.527   40831.158
238  VT+I+G4       19689.133    279 39936.266    196176.266   40795.978
239  VT+R2         19959.266    279 40476.531    196716.531   41336.243
240  VT+R3         19750.236    281 40062.473    198546.473   40928.348
241  VT+R4         19696.673    283 39959.347    200703.347   40831.384
242  VT+R5         19671.111    285 39912.223    202932.223   40790.423
243  VT+R6         19671.073    287 39916.147    205228.147   40800.510
248  VT+F          20976.911    296 42545.822    218369.822   43457.918
249  VT+F+I        20784.252    297 42162.504    219174.504   43077.681
250  VT+F+G4       19731.681    297 40057.362    217069.362   40972.539
251  VT+F+I+G4     19710.094    298 40016.187    218220.187   40934.446
252  VT+F+R2       19976.085    298 40548.169    218752.169   41466.428
253  VT+F+R3       19768.139    300 40136.279    220736.279   41060.700
254  VT+F+R4       19719.454    302 40042.908    223054.908   40973.492
255  VT+F+R5       19694.826    304 39997.652    225437.652   40934.399
256  VT+F+R6       19694.735    306 40001.469    227885.469   40944.379
261  LG            20952.110    277 42458.220    196470.220   43311.769
262  LG+I          20737.195    278 42030.389    197154.389   42887.020
263  LG+G4         19514.789    278 39585.579    194709.579   40442.209
264  LG+I+G4       19476.733    279 39511.466    195751.466   40371.178
265  LG+R2         19783.559    279 40125.118    196365.118   40984.830
266  LG+R3         19549.474    281 39660.948    198144.948   40526.823
267  LG+R4         19502.298    283 39570.597    200314.597   40442.634
268  LG+R5         19463.117    285 39496.233    202516.233   40374.433
269  LG+R6         19461.656    287 39497.311    204809.311   40381.674
274  LG+F          21023.320    296 42638.639    218462.639   43550.735
275  LG+F+I        20827.858    297 42249.717    219261.717   43164.894
276  LG+F+G4       19574.782    297 39743.564    216755.564   40658.741
277  LG+F+I+G4     19533.390    298 39662.779    217866.779   40581.038
278  LG+F+R2       19830.276    298 40256.551    218460.551   41174.810
279  LG+F+R3       19605.282    300 39810.564    220410.564   40734.986
280  LG+F+R4       19564.281    302 39732.561    222744.561   40663.145
281  LG+F+R5       19524.665    304 39657.330    225097.330   40594.077
282  LG+F+R6       19524.262    306 39660.524    227544.524   40603.433
287  DCMut         21420.136    277 43394.271    197406.271   44247.820
288  DCMut+I       21166.666    278 42889.332    198013.332   43745.962
289  DCMut+G4      19987.334    278 40530.668    195654.668   41387.299
290  DCMut+I+G4    19967.229    279 40492.457    196732.457   41352.169
291  DCMut+R2      20249.349    279 41056.697    197296.697   41916.409
292  DCMut+R3      20041.636    281 40645.272    199129.272   41511.147
293  DCMut+R4      19968.097    283 40502.194    201246.194   41374.232
294  DCMut+R5      19941.029    285 40452.058    203472.058   41330.258
295  DCMut+R6      19940.579    287 40455.157    205767.157   41339.520
300  DCMut+F       21344.854    296 43281.708    219105.708   44193.804
301  DCMut+F+I     21125.836    297 42845.671    219857.671   43760.849
302  DCMut+F+G4    19924.578    297 40443.156    217455.156   41358.333
303  DCMut+F+I+G4  19904.492    298 40404.983    218608.983   41323.242
304  DCMut+F+R2    20198.341    298 40992.681    219196.681   41910.940
305  DCMut+F+R3    19967.024    300 40534.048    221134.048   41458.470
306  DCMut+F+R4    19907.295    302 40418.591    223430.591   41349.175
307  DCMut+F+R5    19876.078    304 40360.156    225800.156   41296.903
308  DCMut+F+R6    19875.676    306 40363.353    228247.353   41306.262
313  PMB           21037.844    277 42629.689    196641.689   43483.238
314  PMB+I         20842.972    278 42241.944    197365.944   43098.575
315  PMB+G4        19825.149    278 40206.298    195330.298   41062.928
316  PMB+I+G4      19798.758    279 40155.516    196395.516   41015.228
317  PMB+R2        20060.492    279 40678.984    196918.984   41538.695
318  PMB+R3        19859.043    281 40280.087    198764.087   41145.961
319  PMB+R4        19808.139    283 40182.278    200926.278   41054.315
320  PMB+R5        19779.518    285 40129.035    203149.035   41007.235
321  PMB+R6        19779.455    287 40132.909    205444.909   41017.272
326  PMB+F         21069.573    296 42731.146    218555.146   43643.242
327  PMB+F+I       20888.018    297 42370.035    219382.035   43285.212
328  PMB+F+G4      19854.587    297 40303.173    217315.173   41218.350
329  PMB+F+I+G4    19830.698    298 40257.396    218461.396   41175.654
330  PMB+F+R2      20085.592    298 40767.185    218971.185   41685.443
331  PMB+F+R3      19887.752    300 40375.503    220975.503   41299.925
332  PMB+F+R4      19839.624    302 40283.248    223295.248   41213.832
333  PMB+F+R5      19812.481    304 40232.963    225672.963   41169.710
334  PMB+F+R6      19812.436    306 40236.871    228120.871   41179.781
339  HIVb          21879.133    277 44312.266    198324.266   45165.815
340  HIVb+I        21615.037    278 43786.074    198910.074   44642.705
341  HIVb+G4       20162.849    278 40881.699    196005.699   41738.329
342  HIVb+I+G4     20127.532    279 40813.064    197053.064   41672.776
343  HIVb+R2       20529.529    279 41617.058    197857.058   42476.770
344  HIVb+R3       20228.321    281 41018.643    199502.643   41884.518
345  HIVb+R4       20159.502    283 40885.003    201629.003   41757.041
346  HIVb+R5       20119.074    285 40808.147    203828.147   41686.347
347  HIVb+R6       20119.071    287 40812.143    206124.143   41696.506
352  HIVb+F        22097.991    296 44787.982    220611.982   45700.078
353  HIVb+F+I      21838.351    297 44270.702    221282.702   45185.879
354  HIVb+F+G4     20307.501    297 41209.002    218221.002   42124.179
355  HIVb+F+I+G4   20267.975    298 41131.950    219335.950   42050.208
356  HIVb+F+R2     20673.408    298 41942.817    220146.817   42861.075
357  HIVb+F+R3     20374.888    300 41349.777    221949.777   42274.198
358  HIVb+F+R4     20304.281    302 41212.561    224224.561   42143.145
359  HIVb+F+R5     20261.601    304 41131.202    226571.202   42067.949
360  HIVb+F+R6     20261.601    306 41135.201    229019.201   42078.111
365  HIVw          22611.130    277 45776.259    199788.259   46629.808
366  HIVw+I        22382.171    278 45320.343    200444.343   46176.973
367  HIVw+G4       20924.284    278 42404.567    197528.567   43261.198
368  HIVw+I+G4     20906.142    279 42370.284    198610.284   43229.996
369  HIVw+R2       21292.876    279 43143.752    199383.752   44003.463
370  HIVw+R3       21019.498    281 42600.996    201084.996   43466.870
371  HIVw+R4       20921.596    283 42409.192    203153.192   43281.230
372  HIVw+R5       20885.469    285 42340.938    205360.938   43219.138
373  HIVw+R6       20885.468    287 42344.935    207656.935   43229.298
378  HIVw+F        22693.706    296 45979.412    221803.412   46891.508
379  HIVw+F+I      22457.289    297 45508.578    222520.578   46423.755
380  HIVw+F+G4     20934.519    297 42463.037    219475.037   43378.215
381  HIVw+F+I+G4   20907.130    298 42410.261    220614.261   43328.519
382  HIVw+F+R2     21316.509    298 43229.018    221433.018   44147.277
383  HIVw+F+R3     21018.786    300 42637.572    223237.572   43561.993
384  HIVw+F+R4     20932.072    302 42468.145    225480.145   43398.729
385  HIVw+F+R5     20892.386    304 42392.771    227832.771   43329.518
386  HIVw+F+R6     20892.343    306 42396.685    230280.685   43339.595
391  JTTDCMut      21200.652    277 42955.305    196967.305   43808.854
392  JTTDCMut+I    20968.572    278 42493.144    197617.144   43349.774
393  JTTDCMut+G4   19753.410    278 40062.820    195186.820   40919.450
394  JTTDCMut+I+G4 19736.187    279 40030.373    196270.373   40890.085
395  JTTDCMut+R2   20040.872    279 40639.743    196879.743   41499.455
396  JTTDCMut+R3   19802.520    281 40167.040    198651.040   41032.915
397  JTTDCMut+R4   19746.881    283 40059.762    200803.762   40931.800
398  JTTDCMut+R5   19711.610    285 39993.220    203013.220   40871.420
399  JTTDCMut+R6   19711.225    287 39996.451    205308.451   40880.814
404  JTTDCMut+F    21270.988    296 43133.976    218957.976   44046.071
405  JTTDCMut+F+I  21058.585    297 42711.170    219723.170   43626.347
406  JTTDCMut+F+G4 19805.769    297 40205.537    217217.537   41120.714
407  JTTDCMut+F+I+G4 19784.331    298 40164.662    218368.662   41082.921
408  JTTDCMut+F+R2 20093.098    298 40782.197    218986.197   41700.455
409  JTTDCMut+F+R3 19844.941    300 40289.881    220889.881   41214.303
410  JTTDCMut+F+R4 19795.438    302 40194.875    223206.875   41125.459
411  JTTDCMut+F+R5 19767.754    304 40143.508    225583.508   41080.255
412  JTTDCMut+F+R6 19767.089    306 40146.177    228030.177   41089.087
417  FLU           21646.079    277 43846.159    197858.159   44699.708
418  FLU+I         21456.037    278 43468.075    198592.075   44324.705
419  FLU+G4        20021.664    278 40599.328    195723.328   41455.959
420  FLU+I+G4      19990.814    279 40539.629    196779.629   41399.340
421  FLU+R2        20339.180    279 41236.360    197476.360   42096.072
422  FLU+R3        20073.722    281 40709.443    199193.443   41575.318
423  FLU+R4        20033.587    283 40633.174    201377.174   41505.211
424  FLU+R5        19995.226    285 40560.452    203580.452   41438.652
425  FLU+R6        19993.598    287 40561.197    205873.197   41445.560
430  FLU+F         21946.521    296 44485.041    220309.041   45397.137
431  FLU+F+I       21776.372    297 44146.744    221158.744   45061.921
432  FLU+F+G4      20185.516    297 40965.032    217977.032   41880.209
433  FLU+F+I+G4    20163.392    298 40922.785    219126.785   41841.043
434  FLU+F+R2      20513.509    298 41623.019    219827.019   42541.277
435  FLU+F+R3      20254.877    300 41109.753    221709.753   42034.175
436  FLU+F+R4      20178.814    302 40961.628    223973.628   41892.212
437  FLU+F+R5      20178.813    304 40965.627    226405.627   41902.374
443  Blosum62      21026.468    277 42606.935    196618.935   43460.484
444  Blosum62+I    20829.327    278 42214.653    197338.653   43071.284
445  Blosum62+G4   19807.885    278 40171.769    195295.769   41028.400
446  Blosum62+I+G4 19781.993    279 40121.986    196361.986   40981.697
447  Blosum62+R2   20041.784    279 40641.567    196881.567   41501.279
448  Blosum62+R3   19841.739    281 40245.478    198729.478   41111.352
449  Blosum62+R4   19791.446    283 40148.893    200892.893   41020.930
450  Blosum62+R5   19791.414    285 40152.828    203172.828   41031.028
456  Blosum62+F    21078.762    296 42749.523    218573.523   43661.619
457  Blosum62+F+I  20894.338    297 42382.677    219394.677   43297.854
458  Blosum62+F+G4 19862.139    297 40318.278    217330.278   41233.455
459  Blosum62+F+I+G4 19837.954    298 40271.909    218475.909   41190.167
460  Blosum62+F+R2 20095.107    298 40786.214    218990.214   41704.472
461  Blosum62+F+R3 19896.945    300 40393.891    220993.891   41318.312
462  Blosum62+F+R4 19849.075    302 40302.150    223314.150   41232.734
463  Blosum62+F+R5 19849.054    304 40306.109    225746.109   41242.856
469  mtMet         23008.844    277 46571.688    200583.688   47425.237
470  mtMet+I       22779.548    278 46115.095    201239.095   46971.726
471  mtMet+G4      20859.184    278 42274.367    197398.367   43130.998
472  mtMet+I+G4    20832.904    279 42223.807    198463.807   43083.519
473  mtMet+R2      21191.624    279 42941.247    199181.247   43800.959
474  mtMet+R3      20987.639    281 42537.278    201021.278   43403.153
475  mtMet+R4      20849.819    283 42265.637    203009.637   43137.675
476  mtMet+R5      20849.819    285 42269.637    205289.637   43147.837
482  mtMet+F       21971.820    296 44535.640    220359.640   45447.736
483  mtMet+F+I     21733.339    297 44060.679    221072.679   44975.856
484  mtMet+F+G4    20109.701    297 40813.402    217825.402   41728.580
485  mtMet+F+I+G4  20077.763    298 40751.526    218955.526   41669.785
486  mtMet+F+R2    20402.251    298 41400.502    219604.502   42318.761
487  mtMet+F+R3    20188.514    300 40977.029    221577.029   41901.450
488  mtMet+F+R4    20104.388    302 40812.775    223824.775   41743.359
489  mtMet+F+R5    20104.387    304 40816.773    226256.773   41753.520
495  mtVer         23588.930    277 47731.861    201743.861   48585.410
496  mtVer+I       23359.288    278 47274.577    202398.577   48131.207
497  mtVer+G4      21208.421    278 42972.842    198096.842   43829.473
498  mtVer+I+G4    21182.290    279 42922.580    199162.580   43782.292
499  mtVer+R2      21526.201    279 43610.402    199850.402   44470.114
500  mtVer+R3      21346.197    281 43254.395    201738.395   44120.269
501  mtVer+R4      21215.941    283 42997.882    203741.882   43869.919
502  mtVer+R5      21215.895    285 43001.790    206021.790   43879.990
508  mtVer+F       22435.334    296 45462.668    221286.668   46374.764
509  mtVer+F+I     22185.157    297 44964.315    221976.315   45879.492
510  mtVer+F+G4    20426.203    297 41446.407    218458.407   42361.584
511  mtVer+F+I+G4  20394.402    298 41384.805    219588.805   42303.063
512  mtVer+F+R2    20743.669    298 42083.338    220287.338   43001.597
513  mtVer+F+R3    20526.403    300 41652.806    222252.806   42577.228
514  mtVer+F+R4    20422.453    302 41448.907    224460.907   42379.491
515  mtVer+F+R5    20422.448    304 41452.896    226892.896   42389.643
521  mtInv         22805.885    277 46165.769    200177.769   47019.318
522  mtInv+I       22572.206    278 45700.413    200824.413   46557.043
523  mtInv+G4      20843.042    278 42242.084    197366.084   43098.714
524  mtInv+I+G4    20812.369    279 42182.739    198422.739   43042.451
525  mtInv+R2      21144.758    279 42847.517    199087.517   43707.229
526  mtInv+R3      20928.609    281 42419.217    200903.217   43285.092
527  mtInv+R4      20836.685    283 42239.369    202983.369   43111.406
528  mtInv+R5      20836.661    285 42243.321    205263.321   43121.521
534  mtInv+F       21614.111    296 43820.223    219644.223   44732.318
535  mtInv+F+I     21377.932    297 43349.864    220361.864   44265.042
536  mtInv+F+G4    19949.202    297 40492.405    217504.405   41407.582
537  mtInv+F+I+G4  19913.819    298 40423.638    218627.638   41341.897
538  mtInv+F+R2    20225.111    298 41046.221    219250.221   41964.480
539  mtInv+F+R3    19989.843    300 40579.686    221179.686   41504.108
540  mtInv+F+R4    19939.147    302 40482.293    223494.293   41412.877
541  mtInv+F+R5    19939.120    304 40486.240    225926.240   41422.987
Akaike Information Criterion:           LG+R5
Corrected Akaike Information Criterion: LG+G4
Bayesian Information Criterion:         LG+I+G4
Best-fit model: LG+I+G4 chosen according to BIC

All model information printed to /mnt/ivy/thliao/project/AOB/analysis/20210713_repeat/add_Chromatiaces/phy_files/P39_prot/withEuk/NP_043191.1.model.gz
CPU time for ModelFinder: 706.906 seconds (0h:11m:46s)
Wall-clock time for ModelFinder: 354.890 seconds (0h:5m:54s)
Generating 1000 samples for ultrafast bootstrap (seed: 488360)...

NOTE: 16 MB RAM (0 GB) is required!
Estimate model parameters (epsilon = 0.100)
Thoroughly optimizing +I+G parameters from 10 start values...
Init pinv, alpha: 0.000, 1.000 / Estimate: 0.047, 1.228 / LogL: -19476.732
Init pinv, alpha: 0.013, 1.000 / Estimate: 0.047, 1.229 / LogL: -19476.732
Init pinv, alpha: 0.026, 1.000 / Estimate: 0.047, 1.229 / LogL: -19476.732
Init pinv, alpha: 0.039, 1.000 / Estimate: 0.047, 1.229 / LogL: -19476.732
Init pinv, alpha: 0.052, 1.000 / Estimate: 0.047, 1.229 / LogL: -19476.732
Init pinv, alpha: 0.066, 1.000 / Estimate: 0.047, 1.229 / LogL: -19476.732
Init pinv, alpha: 0.079, 1.000 / Estimate: 0.047, 1.229 / LogL: -19476.732
Init pinv, alpha: 0.092, 1.000 / Estimate: 0.047, 1.228 / LogL: -19476.732
Init pinv, alpha: 0.105, 1.000 / Estimate: 0.047, 1.228 / LogL: -19476.732
Init pinv, alpha: 0.118, 1.000 / Estimate: 0.047, 1.228 / LogL: -19476.732
Optimal pinv,alpha: 0.047, 1.229 / LogL: -19476.732

Parameters optimization took 4.200 sec
Computing ML distances based on estimated model parameters... 5.119 sec
Computing BIONJ tree...
0.013 seconds
Log-likelihood of BIONJ tree: -19384.745
--------------------------------------------------------------------
|             INITIALIZING CANDIDATE TREE SET                      |
--------------------------------------------------------------------
Generating 98 parsimony trees... 3.582 second
Computing log-likelihood of 98 initial trees ... 7.142 seconds
Current best score: -19364.248

Do NNI search on 20 best initial trees
Estimate model parameters (epsilon = 0.100)
BETTER TREE FOUND at iteration 1: -19285.416
Estimate model parameters (epsilon = 0.100)
BETTER TREE FOUND at iteration 5: -19280.736
Estimate model parameters (epsilon = 0.100)
BETTER TREE FOUND at iteration 7: -19256.030
Iteration 10 / LogL: -19294.003 / Time: 0h:0m:28s
Iteration 20 / LogL: -19283.757 / Time: 0h:0m:40s
Finish initializing candidate tree set (20)
Current best tree score: -19256.030 / CPU time: 34.048
Number of iterations: 20
--------------------------------------------------------------------
|               OPTIMIZING CANDIDATE TREE SET                      |
--------------------------------------------------------------------
Estimate model parameters (epsilon = 0.100)
BETTER TREE FOUND at iteration 21: -19254.283
Estimate model parameters (epsilon = 0.100)
BETTER TREE FOUND at iteration 24: -19248.411
Estimate model parameters (epsilon = 0.100)
BETTER TREE FOUND at iteration 30: -19248.053
Iteration 30 / LogL: -19248.053 / Time: 0h:0m:52s (0h:2m:59s left)
Estimate model parameters (epsilon = 0.100)
BETTER TREE FOUND at iteration 34: -19247.450
Estimate model parameters (epsilon = 0.100)
BETTER TREE FOUND at iteration 36: -19246.998
Iteration 40 / LogL: -19262.626 / Time: 0h:1m:3s (0h:2m:35s left)
Estimate model parameters (epsilon = 0.100)
BETTER TREE FOUND at iteration 45: -19240.804
Iteration 50 / LogL: -19262.138 / Time: 0h:1m:13s (0h:2m:22s left)
Log-likelihood cutoff on original alignment: -19357.165
UFBoot trees printed to /mnt/ivy/thliao/project/AOB/analysis/20210713_repeat/add_Chromatiaces/phy_files/P39_prot/withEuk/NP_043191.1.ufboot
Estimate model parameters (epsilon = 0.100)
BETTER TREE FOUND at iteration 58: -19239.873
Iteration 60 / LogL: -19256.144 / Time: 0h:1m:25s (0h:2m:22s left)
Estimate model parameters (epsilon = 0.100)
BETTER TREE FOUND at iteration 61: -19237.124
Estimate model parameters (epsilon = 0.100)
BETTER TREE FOUND at iteration 69: -19236.843
Iteration 70 / LogL: -19236.955 / Time: 0h:1m:37s (0h:2m:19s left)
Iteration 80 / LogL: -19239.101 / Time: 0h:1m:48s (0h:2m:2s left)
Estimate model parameters (epsilon = 0.100)
BETTER TREE FOUND at iteration 83: -19235.838
Estimate model parameters (epsilon = 0.100)
BETTER TREE FOUND at iteration 87: -19234.126
Estimate model parameters (epsilon = 0.100)
BETTER TREE FOUND at iteration 89: -19232.632
Estimate model parameters (epsilon = 0.100)
BETTER TREE FOUND at iteration 90: -19229.687
Iteration 90 / LogL: -19229.687 / Time: 0h:2m:0s (0h:2m:15s left)
Estimate model parameters (epsilon = 0.100)
BETTER TREE FOUND at iteration 95: -19227.633
Iteration 100 / LogL: -19231.979 / Time: 0h:2m:10s (0h:2m:5s left)
Log-likelihood cutoff on original alignment: -19319.829
NOTE: Bootstrap correlation coefficient of split occurrence frequencies: 0.946
NOTE: UFBoot does not converge, continue at least 100 more iterations
UFBoot trees printed to /mnt/ivy/thliao/project/AOB/analysis/20210713_repeat/add_Chromatiaces/phy_files/P39_prot/withEuk/NP_043191.1.ufboot
Iteration 110 / LogL: -19235.571 / Time: 0h:2m:22s (0h:1m:57s left)
Iteration 120 / LogL: -19236.716 / Time: 0h:2m:32s (0h:1m:42s left)
Iteration 130 / LogL: -19229.420 / Time: 0h:2m:43s (0h:1m:28s left)
Iteration 140 / LogL: -19228.317 / Time: 0h:2m:54s (0h:1m:15s left)
Iteration 150 / LogL: -19249.427 / Time: 0h:3m:4s (0h:1m:1s left)
Log-likelihood cutoff on original alignment: -19319.829
UFBoot trees printed to /mnt/ivy/thliao/project/AOB/analysis/20210713_repeat/add_Chromatiaces/phy_files/P39_prot/withEuk/NP_043191.1.ufboot
Iteration 160 / LogL: -19236.090 / Time: 0h:3m:16s (0h:0m:49s left)
Iteration 170 / LogL: -19229.768 / Time: 0h:3m:26s (0h:0m:36s left)
Iteration 180 / LogL: -19240.929 / Time: 0h:3m:37s (0h:0m:24s left)
Estimate model parameters (epsilon = 0.100)
BETTER TREE FOUND at iteration 183: -19226.827
Iteration 190 / LogL: -19228.299 / Time: 0h:3m:48s (0h:1m:52s left)
Iteration 200 / LogL: -19232.026 / Time: 0h:3m:59s (0h:1m:40s left)
Log-likelihood cutoff on original alignment: -19319.829
NOTE: Bootstrap correlation coefficient of split occurrence frequencies: 0.983
NOTE: UFBoot does not converge, continue at least 100 more iterations
UFBoot trees printed to /mnt/ivy/thliao/project/AOB/analysis/20210713_repeat/add_Chromatiaces/phy_files/P39_prot/withEuk/NP_043191.1.ufboot
Estimate model parameters (epsilon = 0.100)
BETTER TREE FOUND at iteration 203: -19225.648
Iteration 210 / LogL: -19228.287 / Time: 0h:4m:11s (0h:1m:51s left)
Iteration 220 / LogL: -19228.758 / Time: 0h:4m:22s (0h:1m:39s left)
Iteration 230 / LogL: -19231.278 / Time: 0h:4m:34s (0h:1m:27s left)
Estimate model parameters (epsilon = 0.100)
BETTER TREE FOUND at iteration 231: -19225.608
Iteration 240 / LogL: -19232.409 / Time: 0h:4m:47s (0h:1m:49s left)
Estimate model parameters (epsilon = 0.100)
BETTER TREE FOUND at iteration 244: -19225.178
Iteration 250 / LogL: -19226.926 / Time: 0h:4m:57s (0h:1m:52s left)
Log-likelihood cutoff on original alignment: -19319.829
UFBoot trees printed to /mnt/ivy/thliao/project/AOB/analysis/20210713_repeat/add_Chromatiaces/phy_files/P39_prot/withEuk/NP_043191.1.ufboot
Iteration 260 / LogL: -19235.796 / Time: 0h:5m:7s (0h:1m:39s left)
Iteration 270 / LogL: -19233.889 / Time: 0h:5m:17s (0h:1m:27s left)
Estimate model parameters (epsilon = 0.100)
BETTER TREE FOUND at iteration 271: -19225.087
Estimate model parameters (epsilon = 0.100)
BETTER TREE FOUND at iteration 274: -19225.064
Estimate model parameters (epsilon = 0.100)
BETTER TREE FOUND at iteration 280: -19224.474
Iteration 280 / LogL: -19224.474 / Time: 0h:5m:27s (0h:1m:57s left)
Iteration 290 / LogL: -19231.726 / Time: 0h:5m:39s (0h:1m:45s left)
Iteration 300 / LogL: -19239.864 / Time: 0h:5m:51s (0h:1m:33s left)
Log-likelihood cutoff on original alignment: -19319.829
NOTE: Bootstrap correlation coefficient of split occurrence frequencies: 0.988
NOTE: UFBoot does not converge, continue at least 100 more iterations
UFBoot trees printed to /mnt/ivy/thliao/project/AOB/analysis/20210713_repeat/add_Chromatiaces/phy_files/P39_prot/withEuk/NP_043191.1.ufboot
Iteration 310 / LogL: -19225.248 / Time: 0h:6m:3s (0h:1m:45s left)
Iteration 320 / LogL: -19233.819 / Time: 0h:6m:14s (0h:1m:33s left)
Iteration 330 / LogL: -19232.255 / Time: 0h:6m:26s (0h:1m:22s left)
Iteration 340 / LogL: -19235.903 / Time: 0h:6m:38s (0h:1m:10s left)
Iteration 350 / LogL: -19231.771 / Time: 0h:6m:50s (0h:0m:58s left)
Log-likelihood cutoff on original alignment: -19319.829
UFBoot trees printed to /mnt/ivy/thliao/project/AOB/analysis/20210713_repeat/add_Chromatiaces/phy_files/P39_prot/withEuk/NP_043191.1.ufboot
Iteration 360 / LogL: -19230.328 / Time: 0h:7m:2s (0h:0m:47s left)
Estimate model parameters (epsilon = 0.100)
BETTER TREE FOUND at iteration 361: -19223.991
Iteration 370 / LogL: -19234.939 / Time: 0h:7m:14s (0h:1m:47s left)
Iteration 380 / LogL: -19232.568 / Time: 0h:7m:26s (0h:1m:35s left)
Iteration 390 / LogL: -19230.069 / Time: 0h:7m:37s (0h:1m:23s left)
Iteration 400 / LogL: -19249.922 / Time: 0h:7m:48s (0h:1m:11s left)
Log-likelihood cutoff on original alignment: -19319.829
NOTE: Bootstrap correlation coefficient of split occurrence frequencies: 0.990
UFBoot trees printed to /mnt/ivy/thliao/project/AOB/analysis/20210713_repeat/add_Chromatiaces/phy_files/P39_prot/withEuk/NP_043191.1.ufboot
Iteration 410 / LogL: -19231.756 / Time: 0h:8m:1s (0h:1m:45s left)
Iteration 420 / LogL: -19242.549 / Time: 0h:8m:12s (0h:1m:33s left)
Iteration 430 / LogL: -19242.376 / Time: 0h:8m:23s (0h:1m:22s left)
Iteration 440 / LogL: -19225.498 / Time: 0h:8m:34s (0h:1m:10s left)
Estimate model parameters (epsilon = 0.100)
BETTER TREE FOUND at iteration 442: -19223.787
Iteration 450 / LogL: -19225.833 / Time: 0h:8m:47s (0h:1m:48s left)
Log-likelihood cutoff on original alignment: -19319.829
UFBoot trees printed to /mnt/ivy/thliao/project/AOB/analysis/20210713_repeat/add_Chromatiaces/phy_files/P39_prot/withEuk/NP_043191.1.ufboot
Iteration 460 / LogL: -19232.481 / Time: 0h:9m:0s (0h:1m:36s left)
Iteration 470 / LogL: -19224.553 / Time: 0h:9m:11s (0h:1m:24s left)
Iteration 480 / LogL: -19227.964 / Time: 0h:9m:22s (0h:1m:12s left)
Iteration 490 / LogL: -19225.025 / Time: 0h:9m:33s (0h:1m:0s left)
Iteration 500 / LogL: -19230.953 / Time: 0h:9m:45s (0h:0m:49s left)
Log-likelihood cutoff on original alignment: -19319.829
NOTE: Bootstrap correlation coefficient of split occurrence frequencies: 0.991
UFBoot trees printed to /mnt/ivy/thliao/project/AOB/analysis/20210713_repeat/add_Chromatiaces/phy_files/P39_prot/withEuk/NP_043191.1.ufboot
Iteration 510 / LogL: -19228.697 / Time: 0h:9m:59s (0h:1m:45s left)
Iteration 520 / LogL: -19235.172 / Time: 0h:10m:11s (0h:1m:34s left)
Iteration 530 / LogL: -19250.779 / Time: 0h:10m:22s (0h:1m:22s left)
Iteration 540 / LogL: -19225.035 / Time: 0h:10m:34s (0h:1m:10s left)
TREE SEARCH COMPLETED AFTER 543 ITERATIONS / Time: 0h:10m:37s

--------------------------------------------------------------------
|                    FINALIZING TREE SEARCH                        |
--------------------------------------------------------------------
Performs final model parameters optimization
Estimate model parameters (epsilon = 0.010)
1. Initial log-likelihood: -19223.787
Optimal log-likelihood: -19223.787
Proportion of invariable sites: 0.047
Gamma shape alpha: 1.210
Parameters optimization took 1 rounds (0.107 sec)
BEST SCORE FOUND : -19223.787
Creating bootstrap support values...
Split supports printed to NEXUS file /mnt/ivy/thliao/project/AOB/analysis/20210713_repeat/add_Chromatiaces/phy_files/P39_prot/withEuk/NP_043191.1.splits.nex
Total tree length: 54.921

Total number of iterations: 543
CPU time used for tree search: 1236.668 sec (0h:20m:36s)
Wall-clock time used for tree search: 630.744 sec (0h:10m:30s)
Total CPU time used: 1251.596 sec (0h:20m:51s)
Total wall-clock time used: 638.351 sec (0h:10m:38s)
UFBoot trees printed to /mnt/ivy/thliao/project/AOB/analysis/20210713_repeat/add_Chromatiaces/phy_files/P39_prot/withEuk/NP_043191.1.ufboot

Computing bootstrap consensus tree...
Reading input file /mnt/ivy/thliao/project/AOB/analysis/20210713_repeat/add_Chromatiaces/phy_files/P39_prot/withEuk/NP_043191.1.splits.nex...
140 taxa and 1285 splits.
Consensus tree written to /mnt/ivy/thliao/project/AOB/analysis/20210713_repeat/add_Chromatiaces/phy_files/P39_prot/withEuk/NP_043191.1.contree
Reading input trees file /mnt/ivy/thliao/project/AOB/analysis/20210713_repeat/add_Chromatiaces/phy_files/P39_prot/withEuk/NP_043191.1.contree
Log-likelihood of consensus tree: -19225.345

Analysis results written to: 
  IQ-TREE report:                /mnt/ivy/thliao/project/AOB/analysis/20210713_repeat/add_Chromatiaces/phy_files/P39_prot/withEuk/NP_043191.1.iqtree
  Maximum-likelihood tree:       /mnt/ivy/thliao/project/AOB/analysis/20210713_repeat/add_Chromatiaces/phy_files/P39_prot/withEuk/NP_043191.1.treefile
  Likelihood distances:          /mnt/ivy/thliao/project/AOB/analysis/20210713_repeat/add_Chromatiaces/phy_files/P39_prot/withEuk/NP_043191.1.mldist

Ultrafast bootstrap approximation results written to:
  Split support values:          /mnt/ivy/thliao/project/AOB/analysis/20210713_repeat/add_Chromatiaces/phy_files/P39_prot/withEuk/NP_043191.1.splits.nex
  Consensus tree:                /mnt/ivy/thliao/project/AOB/analysis/20210713_repeat/add_Chromatiaces/phy_files/P39_prot/withEuk/NP_043191.1.contree
  UFBoot trees:                  /mnt/ivy/thliao/project/AOB/analysis/20210713_repeat/add_Chromatiaces/phy_files/P39_prot/withEuk/NP_043191.1.ufboot
  Screen log file:               /mnt/ivy/thliao/project/AOB/analysis/20210713_repeat/add_Chromatiaces/phy_files/P39_prot/withEuk/NP_043191.1.log

Date and Time: Sat Dec 10 11:35:35 2022
