IQ-TREE multicore version 1.6.12 for Linux 64-bit built Aug 15 2019
Developed by Bui Quang Minh, Nguyen Lam Tung, Olga Chernomor,
Heiko Schmidt, Dominik Schrempf, Michael Woodhams.

Host:    cl006 (AVX512, FMA3, 125 GB RAM)
Command: iqtree -nt 2 -redo -wbtl -bb 1000 -pre /mnt/ivy/thliao/project/AOB/analysis/20210713_repeat/add_Chromatiaces/phy_files/P39_prot/withEuk/NP_043242.1 -s /mnt/ivy/thliao/project/AOB/analysis/20210713_repeat/add_Chromatiaces/phy_files/P39_prot/withEuk/NP_043242.1.aln
Seed:    676501 (Using SPRNG - Scalable Parallel Random Number Generator)
Time:    Mon Dec 12 09:38:58 2022
Kernel:  AVX+FMA - 2 threads (64 CPU cores detected)

Reading alignment file /mnt/ivy/thliao/project/AOB/analysis/20210713_repeat/add_Chromatiaces/phy_files/P39_prot/withEuk/NP_043242.1.aln ... Fasta format detected
Alignment most likely contains protein sequences
Alignment has 115 sequences with 193 columns, 183 distinct patterns
144 parsimony-informative, 13 singleton sites, 36 constant sites
                            Gap/Ambiguity  Composition  p-value
   1  Arabidopsis_thaliana         31.61%    failed      3.30%
   2  Chondrus_crispus             30.57%    failed      0.37%
   3  Cyanidioschyzon_merolae      32.12%    passed     27.66%
   4  Cyanophora_paradoxa          31.61%    passed     52.03%
   5  Cyanoptyche_gloeocystis      26.94%    passed     17.78%
   6  Galdieria_sulphuraria        28.50%    passed      6.61%
   7  Gloeochaete_wittrockiana     34.20%    passed     64.12%
   8  Klebsormidium_nitens         27.98%    passed     95.56%
   9  Mesotaenium_endlicherianum   31.09%    passed     27.13%
  10  NC_000926.1                  32.12%    passed     93.12%
  11  NC_002186.1                  31.09%    failed      0.85%
  12  NC_005353.1                  26.94%    passed     35.70%
  13  NC_007288.1                  32.64%    passed     94.10%
  14  NC_008588.1                  31.09%    passed     12.89%
  15  NC_008589.1                  31.09%    passed     14.39%
  16  NC_010654.1                  27.98%    failed      1.94%
  17  NC_012898.1                  27.98%    passed     45.61%
  18  NC_016703.2                  31.61%    passed     13.77%
  19  NC_016732.1                  30.05%    passed     11.57%
  20  NC_020371.1                  29.53%    passed     21.76%
  21  NC_049168.1                  32.64%    passed     94.42%
  22  Oltmannsiellopsis_viridis    32.12%    passed     50.75%
  23  Oryza_sativa                 29.02%    failed      2.26%
  24  Ostreococcus_tauri           26.42%    passed     41.11%
  25  Palmophyllum_crassum         31.61%    passed     10.69%
  26  Pedinomonas_tuberculata      31.61%    passed     79.36%
  27  Penium_margaritaceum         28.50%    failed      2.98%
  28  Physcomitrium_patens         27.46%    passed     54.49%
  29  Picocystis_salinarum         32.64%    passed     92.69%
  30  Porphyra_umbilicalis         30.57%    passed     81.01%
  31  Porphyridium_purpureum       30.57%    passed     51.29%
  32  Prasinoderma_coloniale       31.61%    passed     79.63%
  33  Tetradesmus_obliquus         29.53%    passed     10.98%
  34  Tupiella_akineta             32.64%    passed     69.96%
  35  GCA_000473895.1              30.05%    passed     90.07%
  36  GCA_000024725.1              25.91%    passed     40.67%
  37  GCA_013697045.1              27.46%    passed     67.03%
  38  GCA_014859375.1              27.46%    passed     29.77%
  39  GCA_015272465.1              31.09%    passed     69.83%
  40  GCA_002356115.1              25.91%    passed     62.66%
  41  GCA_013140465.1              27.46%    passed     98.01%
  42  GCA_001747005.1              30.57%    passed     46.06%
  43  GCA_014635705.1              27.46%    passed     91.44%
  44  GCA_002109495.1              28.50%    failed      4.99%
  45  GCA_001458735.1              27.46%    passed     74.00%
  46  GCA_000952155.1              29.02%    passed     87.91%
  47  GCA_000317495.1              28.50%    passed     85.47%
  48  GCA_000317515.1              29.53%    passed     99.49%
  49  GCA_007197755.1              31.09%    passed     44.95%
  50  GCA_001187785.1              26.94%    passed     73.94%
  51  GCA_000314005.1              29.02%    passed     95.21%
  52  GCA_004168365.1              27.46%    passed     90.03%
  53  GCA_011090395.1              27.46%    passed     75.06%
  54  GCA_003015105.1              27.98%    passed     96.70%
  55  GCA_902810445.1              27.46%    passed     95.16%
  56  GCA_001697225.1              25.39%    passed     68.49%
  57  GCA_003532895.1              30.57%    passed      5.01%
  58  GCA_002218085.1              29.02%    passed     84.60%
  59  GCA_003551305.1              32.12%    failed      3.49%
  60  GCA_902500715.1              27.46%    passed     62.88%
  61  GCA_004684205.1              27.98%    passed     73.37%
  62  GCA_001828295.1              30.57%    passed      5.71%
  63  GCA_000949635.1              30.57%    passed     54.02%
  64  GCA_001644685.1              27.46%    passed     92.74%
  65  GCA_013141375.1              27.46%    passed     84.28%
  66  GCA_000760695.4              29.02%    passed     73.62%
  67  GCA_017879665.1              27.46%    passed     95.55%
  68  GCA_001772005.1              27.46%    passed     93.98%
  69  GCA_000332035.1              28.50%    passed     91.10%
  70  GCA_016788925.1              27.46%    passed     44.88%
  71  GCA_000740735.1              27.46%    passed     85.56%
  72  GCA_000934545.1              27.46%    passed     66.34%
  73  GCA_001458695.1              27.46%    passed     86.49%
  74  GCA_016207025.1              17.10%    passed     59.06%
  75  GCA_900119825.1              27.98%    passed     91.99%
  76  GCA_015709635.1              27.46%    passed     71.67%
  77  GCA_006496635.1              26.94%    passed     92.17%
  78  GCA_000011385.1              31.61%    passed     80.25%
  79  GCA_005877815.1              27.46%    passed     79.00%
  80  GCF_004345375.1              27.46%    passed     70.32%
  81  GCA_007992375.1              27.98%    passed     24.85%
  82  GCA_001890765.1              29.02%    passed     75.11%
  83  GCA_003149345.1              32.12%    passed     96.10%
  84  GCA_001828535.1              30.05%    passed     65.29%
  85  GCA_004421105.1              25.91%    passed     34.14%
  86  GCA_003576955.1              27.98%    passed     83.00%
  87  GCA_010027455.1              28.50%    passed     92.32%
  88  GCA_003003885.1              29.02%    passed     41.98%
  89  GCA_004282745.1              54.40%    failed      4.61%
  90  GCA_002072955.1              27.46%    passed     99.14%
  91  GCA_016873455.1              27.46%    passed     53.83%
  92  GCA_001870225.1              29.53%    passed     27.71%
  93  GCA_013140535.1              27.46%    passed     96.47%
  94  GCA_000948975.1              27.46%    passed     97.26%
  95  GCA_001566965.1              25.39%    passed     60.94%
  96  GCA_000264455.2              31.09%    passed     38.51%
  97  GCA_000317535.1              29.02%    passed     63.14%
  98  GCA_006385135.1              30.05%    passed      6.16%
  99  GCA_000014865.1              29.02%    passed     27.68%
 100  GCA_002355455.1              28.50%    passed     97.80%
 101  GCA_000317575.1              28.50%    passed     95.82%
 102  GCA_000380225.1              28.50%    passed     90.28%
 103  GCA_003258315.1              22.28%    passed     59.43%
 104  GCA_016592635.1              27.46%    passed     91.38%
 105  GCA_001904725.1              28.50%    passed     99.29%
 106  GCA_000013225.1              29.02%    passed     99.33%
 107  GCA_000346485.2              29.02%    passed     71.43%
 108  GCA_005524015.1              30.57%    passed     63.72%
 109  GCA_000332275.1              29.02%    passed      6.93%
 110  GCA_002007425.1              27.46%    passed     39.57%
 111  GCA_016708925.1              25.91%    passed     30.49%
 112  GCA_000828615.1              27.46%    passed     76.03%
 113  GCA_000228725.3              26.94%    passed     42.62%
 114  GCA_001007875.1              27.46%    passed     68.21%
 115  GCA_001469165.1              26.94%    passed     43.06%
WARNING: 1 sequences contain more than 50% gaps/ambiguity
****  TOTAL                        29.02%  9 sequences failed composition chi2 test (p-value<5%; df=19)


Create initial parsimony tree by phylogenetic likelihood library (PLL)... 0.038 seconds
NOTE: ModelFinder requires 37 MB RAM!
ModelFinder will test 546 protein models (sample size: 193) ...
 No. Model         -LnL         df  AIC          AICc         BIC
  1  Dayhoff       19092.284    227 38638.568    142150.568   39379.199
  2  Dayhoff+I     19014.037    228 38484.073    142908.073   39227.966
  3  Dayhoff+G4    18512.668    228 37481.336    141905.336   38225.230
  4  Dayhoff+I+G4  18491.293    229 37440.586    142780.586   38187.742
  5  Dayhoff+R2    18661.495    229 37780.990    143120.990   38528.146
  6  Dayhoff+R3    18529.485    231 37520.970    144704.970   38274.651
  7  Dayhoff+R4    18503.862    233 37473.723    146517.723   38233.930
  8  Dayhoff+R5    18490.314    235 37450.629    148370.629   38217.361
  9  Dayhoff+R6    18488.220    237 37450.441    150262.441   38223.699
 14  Dayhoff+F     19118.312    246 38728.625    160252.625   39531.247
 15  Dayhoff+F+I   19037.307    247 38568.614    161080.614   39374.498
 16  Dayhoff+F+G4  18495.481    247 37484.962    159996.962   38290.847
 17  Dayhoff+F+I+G4 18473.243    248 37442.487    160946.487   38251.634
 18  Dayhoff+F+R2  18645.777    248 37787.555    161291.555   38596.702
 19  Dayhoff+F+R3  18517.256    250 37534.512    163034.512   38350.184
 20  Dayhoff+F+R4  18496.827    252 37497.654    165009.654   38319.852
 21  Dayhoff+F+R5  18474.221    254 37456.441    166996.441   38285.165
 22  Dayhoff+F+R6  18468.216    256 37448.432    169032.432   38283.681
 23  Dayhoff+F+R7  18466.112    258 37448.224    171092.224   38289.998
 27  mtMAM         21371.494    227 43196.987    146708.987   43937.618
 28  mtMAM+I       21317.331    228 43090.662    147514.662   43834.555
 29  mtMAM+G4      19647.975    228 39751.950    144175.950   40495.843
 30  mtMAM+I+G4    19642.299    229 39742.598    145082.598   40489.754
 31  mtMAM+R2      20030.304    229 40518.607    145858.607   41265.763
 32  mtMAM+R3      19792.736    231 40047.472    147231.472   40801.154
 33  mtMAM+R4      19655.101    233 39776.203    148820.203   40536.409
 34  mtMAM+R5      19619.141    235 39708.282    150628.282   40475.014
 35  mtMAM+R6      19614.202    237 39702.405    152514.405   40475.662
 40  mtMAM+F       20192.114    246 40876.228    162400.228   41678.849
 41  mtMAM+F+I     20132.523    247 40759.046    163271.046   41564.931
 42  mtMAM+F+G4    18908.054    247 38310.107    160822.107   39115.992
 43  mtMAM+F+I+G4  18902.426    248 38300.853    161804.853   39110.000
 44  mtMAM+F+R2    19160.015    248 38816.031    162320.031   39625.178
 45  mtMAM+F+R3    19001.271    250 38502.541    164002.541   39318.214
 46  mtMAM+F+R4    18916.346    252 38336.693    165848.693   39158.891
 47  mtMAM+F+R5    18878.748    254 38265.495    167805.495   39094.219
 48  mtMAM+F+R6    18875.444    256 38262.889    169846.889   39098.137
 53  JTT           18963.129    227 38380.257    141892.257   39120.888
 54  JTT+I         18871.651    228 38199.302    142623.302   38943.196
 55  JTT+G4        18347.858    228 37151.715    141575.715   37895.609
 56  JTT+I+G4      18324.727    229 37107.454    142447.454   37854.610
 57  JTT+R2        18498.485    229 37454.971    142794.971   38202.127
 58  JTT+R3        18370.088    231 37202.175    144386.175   37955.857
 59  JTT+R4        18338.350    233 37142.699    146186.699   37902.906
 60  JTT+R5        18328.044    235 37126.089    148046.089   37892.821
 61  JTT+R6        18321.078    237 37116.155    149928.155   37889.413
 62  JTT+R7        18318.288    239 37114.577    151834.577   37894.360
 66  JTT+F         19017.220    246 38526.440    160050.440   39329.062
 67  JTT+F+I       18926.232    247 38346.465    160858.465   39152.349
 68  JTT+F+G4      18372.956    247 37239.912    159751.912   38045.797
 69  JTT+F+I+G4    18349.866    248 37195.732    160699.732   38004.880
 70  JTT+F+R2      18518.333    248 37532.667    161036.667   38341.814
 71  JTT+F+R3      18394.466    250 37288.932    162788.932   38104.604
 72  JTT+F+R4      18366.586    252 37237.171    164749.171   38059.369
 73  JTT+F+R5      18352.653    254 37213.306    166753.306   38042.030
 74  JTT+F+R6      18346.243    256 37204.486    168788.486   38039.735
 75  JTT+F+R7      18343.243    258 37202.487    170846.487   38044.261
 79  WAG           18717.372    227 37888.744    141400.744   38629.375
 80  WAG+I         18650.591    228 37757.181    142181.181   38501.075
 81  WAG+G4        18242.551    228 36941.102    141365.102   37684.996
 82  WAG+I+G4      18224.773    229 36907.547    142247.547   37654.703
 83  WAG+R2        18370.605    229 37199.210    142539.210   37946.366
 84  WAG+R3        18258.507    231 36979.014    144163.014   37732.695
 85  WAG+R4        18234.016    233 36934.032    145978.032   37694.239
 86  WAG+R5        18218.613    235 36907.226    147827.226   37673.958
 87  WAG+R6        18214.546    237 36903.092    149715.092   37676.349
 92  WAG+F         18762.745    246 38017.489    159541.489   38820.111
 93  WAG+F+I       18697.748    247 37889.496    160401.496   38695.381
 94  WAG+F+G4      18273.943    247 37041.886    159553.886   37847.771
 95  WAG+F+I+G4    18254.256    248 37004.511    160508.511   37813.658
 96  WAG+F+R2      18393.957    248 37283.915    160787.915   38093.062
 97  WAG+F+R3      18286.270    250 37072.540    162572.540   37888.213
 98  WAG+F+R4      18263.229    252 37030.459    164542.459   37852.657
 99  WAG+F+R5      18246.601    254 37001.202    166541.202   37829.925
100  WAG+F+R6      18243.919    256 36999.838    168583.838   37835.087
105  cpREV         18739.211    227 37932.423    141444.423   38673.053
106  cpREV+I       18693.762    228 37843.523    142267.523   38587.417
107  cpREV+G4      18286.076    228 37028.153    141452.153   37772.046
108  cpREV+I+G4    18273.025    229 37004.051    142344.051   37751.207
109  cpREV+R2      18395.147    229 37248.295    142588.295   37995.451
110  cpREV+R3      18301.075    231 37064.150    144248.150   37817.832
111  cpREV+R4      18286.973    233 37039.945    146083.945   37800.152
112  cpREV+R5      18268.780    235 37007.559    147927.559   37774.291
113  cpREV+R6      18267.210    237 37008.420    149820.420   37781.678
118  cpREV+F       18720.725    246 37933.450    159457.450   38736.072
119  cpREV+F+I     18671.948    247 37837.896    160349.896   38643.780
120  cpREV+F+G4    18272.018    247 37038.037    159550.037   37843.921
121  cpREV+F+I+G4  18257.607    248 37011.213    160515.213   37820.361
122  cpREV+F+R2    18383.672    248 37263.345    160767.345   38072.492
123  cpREV+F+R3    18285.834    250 37071.669    162571.669   37887.341
124  cpREV+F+R4    18273.911    252 37051.822    164563.822   37874.020
125  cpREV+F+R5    18254.303    254 37016.606    166556.606   37845.329
126  cpREV+F+R6    18253.297    256 37018.594    168602.594   37853.842
131  mtREV         20272.483    227 40998.966    144510.966   41739.597
132  mtREV+I       20226.874    228 40909.748    145333.748   41653.641
133  mtREV+G4      19229.886    228 38915.771    143339.771   39659.665
134  mtREV+I+G4    19222.224    229 38902.447    144242.447   39649.603
135  mtREV+R2      19425.876    229 39309.753    144649.753   40056.909
136  mtREV+R3      19262.372    231 38986.745    146170.745   39740.426
137  mtREV+R4      19225.028    233 38916.056    147960.056   39676.262
138  mtREV+R5      19206.473    235 38882.946    149802.946   39649.678
139  mtREV+R6      19204.927    237 38883.854    151695.854   39657.112
144  mtREV+F       19253.028    246 38998.055    160522.055   39800.677
145  mtREV+F+I     19192.835    247 38879.669    161391.669   39685.553
146  mtREV+F+G4    18464.393    247 37422.786    159934.786   38228.671
147  mtREV+F+I+G4  18452.311    248 37400.622    160904.622   38209.769
148  mtREV+F+R2    18634.641    248 37765.282    161269.282   38574.429
149  mtREV+F+R3    18495.631    250 37491.262    162991.262   38306.935
150  mtREV+F+R4    18460.538    252 37425.077    164937.077   38247.275
151  mtREV+F+R5    18446.910    254 37401.820    166941.820   38230.543
152  mtREV+F+R6    18444.303    256 37400.606    168984.606   38235.855
157  rtREV         18867.784    227 38189.569    141701.569   38930.199
158  rtREV+I       18802.785    228 38061.570    142485.570   38805.463
159  rtREV+G4      18301.481    228 37058.962    141482.962   37802.855
160  rtREV+I+G4    18284.475    229 37026.950    142366.950   37774.107
161  rtREV+R2      18425.108    229 37308.215    142648.215   38055.371
162  rtREV+R3      18316.846    231 37095.693    144279.693   37849.374
163  rtREV+R4      18298.243    233 37062.487    146106.487   37822.693
164  rtREV+R5      18284.135    235 37038.270    147958.270   37805.003
165  rtREV+R6      18279.483    237 37032.966    149844.966   37806.224
170  rtREV+F       18800.973    246 38093.946    159617.946   38896.568
171  rtREV+F+I     18733.090    247 37960.179    160472.179   38766.064
172  rtREV+F+G4    18202.647    247 36899.293    159411.293   37705.178
173  rtREV+F+I+G4  18184.361    248 36864.721    160368.721   37673.868
174  rtREV+F+R2    18335.319    248 37166.638    160670.638   37975.785
175  rtREV+F+R3    18214.572    250 36929.144    162429.144   37744.817
176  rtREV+F+R4    18201.262    252 36906.525    164418.525   37728.723
177  rtREV+F+R5    18182.890    254 36873.779    166413.779   37702.502
178  rtREV+F+R6    18178.949    256 36869.897    168453.897   37705.146
183  mtART         21006.755    227 42467.510    145979.510   43208.141
184  mtART+I       20959.482    228 42374.965    146798.965   43118.858
185  mtART+G4      19487.276    228 39430.551    143854.551   40174.444
186  mtART+I+G4    19483.359    229 39424.719    144764.719   40171.875
187  mtART+R2      19768.884    229 39995.768    145335.768   40742.924
188  mtART+R3      19568.317    231 39598.635    146782.635   40352.316
189  mtART+R4      19525.522    233 39517.045    148561.045   40277.252
190  mtART+R5      19461.453    235 39392.906    150312.906   40159.639
191  mtART+R6      19455.285    237 39384.570    152196.570   40157.827
192  mtART+R7      19453.052    239 39384.104    154104.104   40163.887
196  mtART+F       19813.217    246 40118.434    161642.434   40921.056
197  mtART+F+I     19754.550    247 40003.099    162515.099   40808.984
198  mtART+F+G4    18699.624    247 37893.247    160405.247   38699.132
199  mtART+F+I+G4  18687.652    248 37871.304    161375.304   38680.451
200  mtART+F+R2    18906.695    248 38309.390    161813.390   39118.537
201  mtART+F+R3    18747.963    250 37995.925    163495.925   38811.598
202  mtART+F+R4    18722.820    252 37949.641    165461.641   38771.839
203  mtART+F+R5    18671.578    254 37851.155    167391.155   38679.879
204  mtART+F+R6    18669.667    256 37851.335    169435.335   38686.583
209  mtZOA         20326.488    227 41106.975    144618.975   41847.606
210  mtZOA+I       20267.060    228 40990.121    145414.121   41734.014
211  mtZOA+G4      19011.814    228 38479.629    142903.629   39223.522
212  mtZOA+I+G4    19003.976    229 38465.951    143805.951   39213.108
213  mtZOA+R2      19222.745    229 38903.489    144243.489   39650.645
214  mtZOA+R3      19048.322    231 38558.645    145742.645   39312.326
215  mtZOA+R4      19019.960    233 38505.920    147549.920   39266.127
216  mtZOA+R5      18988.719    235 38447.438    149367.438   39214.170
217  mtZOA+R6      18984.482    237 38442.963    151254.963   39216.221
222  mtZOA+F       19448.138    246 39388.276    160912.276   40190.898
223  mtZOA+F+I     19372.745    247 39239.490    161751.490   40045.375
224  mtZOA+F+G4    18505.376    247 37504.752    160016.752   38310.637
225  mtZOA+F+I+G4  18490.246    248 37476.493    160980.493   38285.640
226  mtZOA+F+R2    18694.422    248 37884.844    161388.844   38693.991
227  mtZOA+F+R3    18544.672    250 37589.344    163089.344   38405.017
228  mtZOA+F+R4    18508.751    252 37521.501    165033.501   38343.699
229  mtZOA+F+R5    18485.245    254 37478.490    167018.490   38307.214
230  mtZOA+F+R6    18483.857    256 37479.715    169063.715   38314.964
235  VT            18814.134    227 38082.268    141594.268   38822.899
236  VT+I          18733.321    228 37922.642    142346.642   38666.536
237  VT+G4         18306.044    228 37068.089    141492.089   37811.982
238  VT+I+G4       18284.489    229 37026.978    142366.978   37774.134
239  VT+R2         18430.596    229 37319.191    142659.191   38066.348
240  VT+R3         18319.671    231 37101.342    144285.342   37855.024
241  VT+R4         18297.321    233 37060.642    146104.642   37820.849
242  VT+R5         18286.256    235 37042.512    147962.512   37809.244
243  VT+R6         18282.727    237 37039.454    149851.454   37812.712
248  VT+F          18854.669    246 38201.339    159725.339   39003.961
249  VT+F+I        18774.888    247 38043.776    160555.776   38849.661
250  VT+F+G4       18338.318    247 37170.635    159682.635   37976.520
251  VT+F+I+G4     18316.597    248 37129.194    160633.194   37938.342
252  VT+F+R2       18459.015    248 37414.029    160918.029   38223.176
253  VT+F+R3       18351.921    250 37203.841    162703.841   38019.514
254  VT+F+R4       18328.935    252 37161.870    164673.870   37984.068
255  VT+F+R5       18319.560    254 37147.119    166687.119   37975.843
256  VT+F+R6       18315.351    256 37142.701    168726.701   37977.950
261  LG            18715.890    227 37885.781    141397.781   38626.411
262  LG+I          18637.731    228 37731.463    142155.463   38475.356
263  LG+G4         18110.691    228 36677.383    141101.383   37421.276
264  LG+I+G4       18090.633    229 36639.267    141979.267   37386.423
265  LG+R2         18253.102    229 36964.204    142304.204   37711.360
266  LG+R3         18128.557    231 36719.114    143903.114   37472.796
267  LG+R4         18102.278    233 36670.556    145714.556   37430.763
268  LG+R5         18092.404    235 36654.809    147574.809   37421.541
269  LG+R6         18085.697    237 36645.394    149457.394   37418.652
270  LG+R7         18085.583    239 36649.166    151369.166   37428.949
274  LG+F          18777.355    246 38046.710    159570.710   38849.332
275  LG+F+I        18700.222    247 37894.445    160406.445   38700.329
276  LG+F+G4       18161.411    247 36816.822    159328.822   37622.707
277  LG+F+I+G4     18141.556    248 36779.111    160283.111   37588.259
278  LG+F+R2       18302.451    248 37100.902    160604.902   37910.050
279  LG+F+R3       18176.907    250 36853.813    162353.813   37669.486
280  LG+F+R4       18153.728    252 36811.456    164323.456   37633.654
281  LG+F+R5       18144.312    254 36796.624    166336.624   37625.348
282  LG+F+R6       18137.808    256 36787.616    168371.616   37622.865
283  LG+F+R7       18137.796    258 36791.593    170435.593   37633.367
287  DCMut         19092.762    227 38639.525    142151.525   39380.156
288  DCMut+I       19014.308    228 38484.616    142908.616   39228.509
289  DCMut+G4      18513.829    228 37483.657    141907.657   38227.550
290  DCMut+I+G4    18492.393    229 37442.785    142782.785   38189.941
291  DCMut+R2      18662.537    229 37783.075    143123.075   38530.231
292  DCMut+R3      18530.663    231 37523.326    144707.326   38277.008
293  DCMut+R4      18504.830    233 37475.659    146519.659   38235.866
294  DCMut+R5      18492.642    235 37455.283    148375.283   38222.015
295  DCMut+R6      18486.438    237 37446.875    150258.875   38220.133
296  DCMut+R7      18486.409    239 37450.818    152170.818   38230.601
300  DCMut+F       19117.299    246 38726.599    160250.599   39529.221
301  DCMut+F+I     19036.074    247 38566.147    161078.147   39372.032
302  DCMut+F+G4    18495.508    247 37485.016    159997.016   38290.901
303  DCMut+F+I+G4  18473.160    248 37442.321    160946.321   38251.468
304  DCMut+F+R2    18645.491    248 37786.981    161290.981   38596.129
305  DCMut+F+R3    18517.229    250 37534.458    163034.458   38350.131
306  DCMut+F+R4    18496.428    252 37496.856    165008.856   38319.054
307  DCMut+F+R5    18475.766    254 37459.532    166999.532   38288.255
308  DCMut+F+R6    18470.789    256 37453.578    169037.578   38288.827
313  PMB           18971.366    227 38396.732    141908.732   39137.363
314  PMB+I         18909.498    228 38274.995    142698.995   39018.888
315  PMB+G4        18468.504    228 37393.008    141817.008   38136.901
316  PMB+I+G4      18452.417    229 37362.834    142702.834   38109.990
317  PMB+R2        18581.816    229 37621.633    142961.633   38368.789
318  PMB+R3        18481.088    231 37424.177    144608.177   38177.858
319  PMB+R4        18460.383    233 37386.766    146430.766   38146.973
320  PMB+R5        18448.377    235 37366.753    148286.753   38133.485
321  PMB+R6        18445.082    237 37364.165    150176.165   38137.422
326  PMB+F         18912.853    246 38317.706    159841.706   39120.328
327  PMB+F+I       18848.866    247 38191.731    160703.731   38997.616
328  PMB+F+G4      18417.233    247 37328.466    159840.466   38134.350
329  PMB+F+I+G4    18399.935    248 37295.870    160799.870   38105.017
330  PMB+F+R2      18529.910    248 37555.820    161059.820   38364.967
331  PMB+F+R3      18429.035    250 37358.070    162858.070   38173.743
332  PMB+F+R4      18406.625    252 37317.250    164829.250   38139.448
333  PMB+F+R5      18395.411    254 37298.821    166838.821   38127.544
334  PMB+F+R6      18393.000    256 37298.001    168882.001   38133.250
339  HIVb          19439.702    227 39333.404    142845.404   40074.034
340  HIVb+I        19332.008    228 39120.016    143544.016   39863.909
341  HIVb+G4       18720.495    228 37896.991    142320.991   38640.884
342  HIVb+I+G4     18692.476    229 37842.952    143182.952   38590.108
343  HIVb+R2       18891.842    229 38241.683    143581.683   38988.839
344  HIVb+R3       18757.325    231 37976.650    145160.650   38730.331
345  HIVb+R4       18716.819    233 37899.638    146943.638   38659.845
346  HIVb+R5       18697.245    235 37864.491    148784.491   38631.223
347  HIVb+R6       18696.178    237 37866.356    150678.356   38639.613
352  HIVb+F        19502.596    246 39497.192    161021.192   40299.814
353  HIVb+F+I      19401.593    247 39297.187    161809.187   40103.071
354  HIVb+F+G4     18708.617    247 37911.235    160423.235   38717.119
355  HIVb+F+I+G4   18685.485    248 37866.971    161370.971   38676.118
356  HIVb+F+R2     18893.890    248 38283.779    161787.779   39092.926
357  HIVb+F+R3     18751.920    250 38003.840    163503.840   38819.512
358  HIVb+F+R4     18705.307    252 37914.614    165426.614   38736.812
359  HIVb+F+R5     18691.851    254 37891.702    167431.702   38720.426
360  HIVb+F+R6     18690.281    256 37892.561    169476.561   38727.810
365  HIVw          20234.833    227 40923.666    144435.666   41664.297
366  HIVw+I        20121.733    228 40699.465    145123.465   41443.359
367  HIVw+G4       19508.281    228 39472.563    143896.563   40216.456
368  HIVw+I+G4     19482.134    229 39422.268    144762.268   40169.424
369  HIVw+R2       19662.933    229 39783.867    145123.867   40531.023
370  HIVw+R3       19546.731    231 39555.462    146739.462   40309.143
371  HIVw+R4       19496.212    233 39458.425    148502.425   40218.631
372  HIVw+R5       19474.754    235 39419.509    150339.509   40186.241
373  HIVw+R6       19474.693    237 39423.385    152235.385   40196.643
378  HIVw+F        20152.555    246 40797.110    162321.110   41599.731
379  HIVw+F+I      20028.239    247 40550.478    163062.478   41356.363
380  HIVw+F+G4     19334.990    247 39163.980    161675.980   39969.864
381  HIVw+F+I+G4   19301.441    248 39098.881    162602.881   39908.029
382  HIVw+F+R2     19513.385    248 39522.771    163026.771   40331.918
383  HIVw+F+R3     19373.375    250 39246.749    164746.749   40062.422
384  HIVw+F+R4     19331.752    252 39167.503    166679.503   39989.701
385  HIVw+F+R5     19306.128    254 39120.256    168660.256   39948.979
386  HIVw+F+R6     19305.851    256 39123.702    170707.702   39958.951
391  JTTDCMut      18949.978    227 38353.956    141865.956   39094.587
392  JTTDCMut+I    18861.319    228 38178.639    142602.639   38922.532
393  JTTDCMut+G4   18340.781    228 37137.562    141561.562   37881.456
394  JTTDCMut+I+G4 18318.468    229 37094.936    142434.936   37842.092
395  JTTDCMut+R2   18490.999    229 37439.998    142779.998   38187.154
396  JTTDCMut+R3   18362.065    231 37186.129    144370.129   37939.811
397  JTTDCMut+R4   18333.165    233 37132.330    146176.330   37892.537
398  JTTDCMut+R5   18317.965    235 37105.929    148025.929   37872.661
399  JTTDCMut+R6   18317.852    237 37109.705    149921.705   37882.963
404  JTTDCMut+F    19003.808    246 38499.616    160023.616   39302.238
405  JTTDCMut+F+I  18915.851    247 38325.702    160837.702   39131.586
406  JTTDCMut+F+G4 18365.535    247 37225.070    159737.070   38030.955
407  JTTDCMut+F+I+G4 18343.121    248 37182.243    160686.243   37991.390
408  JTTDCMut+F+R2 18510.090    248 37516.180    161020.180   38325.327
409  JTTDCMut+F+R3 18386.302    250 37272.604    162772.604   38088.276
410  JTTDCMut+F+R4 18362.920    252 37229.840    164741.840   38052.038
411  JTTDCMut+F+R5 18342.088    254 37192.176    166732.176   38020.900
412  JTTDCMut+F+R6 18341.935    256 37195.870    168779.870   38031.119
417  FLU           19328.534    227 39111.067    142623.067   39851.698
418  FLU+I         19255.024    228 38966.047    143390.047   39709.941
419  FLU+G4        18641.967    228 37739.934    142163.934   38483.828
420  FLU+I+G4      18623.230    229 37704.460    143044.460   38451.616
421  FLU+R2        18801.296    229 38060.592    143400.592   38807.748
422  FLU+R3        18666.324    231 37794.648    144978.648   38548.330
423  FLU+R4        18633.524    233 37733.048    146777.048   38493.255
424  FLU+R5        18616.824    235 37703.648    148623.648   38470.380
425  FLU+R6        18616.805    237 37707.609    150519.609   38480.867
430  FLU+F         19328.130    246 39148.261    160672.261   39950.883
431  FLU+F+I       19252.689    247 38999.377    161511.377   39805.262
432  FLU+F+G4      18585.335    247 37664.670    160176.670   38470.554
433  FLU+F+I+G4    18567.471    248 37630.942    161134.942   38440.089
434  FLU+F+R2      18755.106    248 38006.212    161510.212   38815.359
435  FLU+F+R3      18613.803    250 37727.606    163227.606   38543.278
436  FLU+F+R4      18583.666    252 37671.331    165183.331   38493.529
437  FLU+F+R5      18563.031    254 37634.061    167174.061   38462.784
438  FLU+F+R6      18562.833    256 37637.666    169221.666   38472.914
443  Blosum62      18922.272    227 38298.545    141810.545   39039.176
444  Blosum62+I    18857.029    228 38170.057    142594.057   38913.951
445  Blosum62+G4   18421.973    228 37299.945    141723.945   38043.839
446  Blosum62+I+G4 18404.637    229 37267.274    142607.274   38014.430
447  Blosum62+R2   18534.353    229 37526.706    142866.706   38273.862
448  Blosum62+R3   18436.098    231 37334.195    144518.195   38087.877
449  Blosum62+R4   18417.449    233 37300.898    146344.898   38061.104
450  Blosum62+R5   18398.452    235 37266.904    148186.904   38033.636
451  Blosum62+R6   18398.375    237 37270.749    150082.749   38044.007
456  Blosum62+F    18919.815    246 38331.630    159855.630   39134.252
457  Blosum62+F+I  18851.257    247 38196.513    160708.513   39002.398
458  Blosum62+F+G4 18427.762    247 37349.525    159861.525   38155.409
459  Blosum62+F+I+G4 18408.713    248 37313.425    160817.425   38122.572
460  Blosum62+F+R2 18541.216    248 37578.431    161082.431   38387.578
461  Blosum62+F+R3 18440.993    250 37381.986    162881.986   38197.659
462  Blosum62+F+R4 18419.345    252 37342.691    164854.691   38164.889
463  Blosum62+F+R5 18401.765    254 37311.530    166851.530   38140.253
464  Blosum62+F+R6 18401.748    256 37315.497    168899.497   38150.746
469  mtMet         20433.436    227 41320.871    144832.871   42061.502
470  mtMet+I       20369.180    228 41194.359    145618.359   41938.253
471  mtMet+G4      19221.451    228 38898.902    143322.902   39642.795
472  mtMet+I+G4    19209.932    229 38877.864    144217.864   39625.020
473  mtMet+R2      19456.487    229 39370.974    144710.974   40118.130
474  mtMet+R3      19260.664    231 38983.328    146167.328   39737.010
475  mtMet+R4      19218.395    233 38902.791    147946.791   39662.997
476  mtMet+R5      19206.844    235 38883.689    149803.689   39650.421
477  mtMet+R6      19206.836    237 38887.672    151699.672   39660.929
482  mtMet+F       19555.248    246 39602.496    161126.496   40405.118
483  mtMet+F+I     19469.612    247 39433.224    161945.224   40239.109
484  mtMet+F+G4    18594.203    247 37682.406    160194.406   38488.291
485  mtMet+F+I+G4  18579.206    248 37654.412    161158.412   38463.559
486  mtMet+F+R2    18788.549    248 38073.099    161577.099   38882.246
487  mtMet+F+R3    18633.290    250 37766.580    163266.580   38582.253
488  mtMet+F+R4    18590.528    252 37685.055    165197.055   38507.253
489  mtMet+F+R5    18575.958    254 37659.916    167199.916   38488.639
490  mtMet+F+R6    18575.957    256 37663.913    169247.913   38499.162
495  mtVer         20780.161    227 42014.322    145526.322   42754.953
496  mtVer+I       20715.052    228 41886.104    146310.104   42629.997
497  mtVer+G4      19393.457    228 39242.913    143666.913   39986.807
498  mtVer+I+G4    19382.622    229 39223.244    144563.244   39970.400
499  mtVer+R2      19624.828    229 39707.656    145047.656   40454.812
500  mtVer+R3      19437.893    231 39337.786    146521.786   40091.468
501  mtVer+R4      19392.454    233 39250.908    148294.908   40011.115
502  mtVer+R5      19374.443    235 39218.886    150138.886   39985.618
503  mtVer+R6      19374.443    237 39222.886    152034.886   39996.144
508  mtVer+F       19865.283    246 40222.566    161746.566   41025.188
509  mtVer+F+I     19770.602    247 40035.203    162547.203   40841.088
510  mtVer+F+G4    18821.162    247 38136.324    160648.324   38942.209
511  mtVer+F+I+G4  18802.466    248 38100.932    161604.932   38910.079
512  mtVer+F+R2    19036.930    248 38569.860    162073.860   39379.007
513  mtVer+F+R3    18869.568    250 38239.136    163739.136   39054.809
514  mtVer+F+R4    18820.444    252 38144.888    165656.888   38967.086
515  mtVer+F+R5    18805.896    254 38119.793    167659.793   38948.516
516  mtVer+F+R6    18805.892    256 38123.785    169707.785   38959.033
521  mtInv         20334.998    227 41123.996    144635.996   41864.627
522  mtInv+I       20265.328    228 40986.655    145410.655   41730.549
523  mtInv+G4      19293.863    228 39043.725    143467.725   39787.619
524  mtInv+I+G4    19280.216    229 39018.431    144358.431   39765.587
525  mtInv+R2      19467.930    229 39393.861    144733.861   40141.017
526  mtInv+R3      19332.212    231 39126.425    146310.425   39880.106
527  mtInv+R4      19290.427    233 39046.855    148090.855   39807.062
528  mtInv+R5      19283.443    235 39036.887    149956.887   39803.619
529  mtInv+R6      19283.427    237 39040.854    151852.854   39814.111
534  mtInv+F       19264.437    246 39020.875    160544.875   39823.497
535  mtInv+F+I     19173.003    247 38840.007    161352.007   39645.891
536  mtInv+F+G4    18458.175    247 37410.350    159922.350   38216.234
537  mtInv+F+I+G4  18435.157    248 37366.313    160870.313   38175.461
538  mtInv+F+R2    18621.085    248 37738.170    161242.170   38547.317
539  mtInv+F+R3    18486.250    250 37472.500    162972.500   38288.173
540  mtInv+F+R4    18454.197    252 37412.394    164924.394   38234.592
541  mtInv+F+R5    18442.648    254 37393.296    166933.296   38222.020
542  mtInv+F+R6    18442.635    256 37397.270    168981.270   38232.519
Akaike Information Criterion:           LG+I+G4
Corrected Akaike Information Criterion: LG+G4
Bayesian Information Criterion:         LG+I+G4
Best-fit model: LG+I+G4 chosen according to BIC

All model information printed to /mnt/ivy/thliao/project/AOB/analysis/20210713_repeat/add_Chromatiaces/phy_files/P39_prot/withEuk/NP_043242.1.model.gz
CPU time for ModelFinder: 1462.248 seconds (0h:24m:22s)
Wall-clock time for ModelFinder: 733.681 seconds (0h:12m:13s)
Generating 1000 samples for ultrafast bootstrap (seed: 676501)...

NOTE: 15 MB RAM (0 GB) is required!
Estimate model parameters (epsilon = 0.100)
Thoroughly optimizing +I+G parameters from 10 start values...
Init pinv, alpha: 0.000, 1.000 / Estimate: 0.024, 1.855 / LogL: -18090.615
Init pinv, alpha: 0.021, 1.000 / Estimate: 0.025, 1.859 / LogL: -18090.627
Init pinv, alpha: 0.041, 1.000 / Estimate: 0.025, 1.858 / LogL: -18090.624
Init pinv, alpha: 0.062, 1.000 / Estimate: 0.025, 1.857 / LogL: -18090.620
Init pinv, alpha: 0.083, 1.000 / Estimate: 0.025, 1.855 / LogL: -18090.617
Init pinv, alpha: 0.104, 1.000 / Estimate: 0.025, 1.853 / LogL: -18090.613
Init pinv, alpha: 0.124, 1.000 / Estimate: 0.025, 1.853 / LogL: -18090.612
Init pinv, alpha: 0.145, 1.000 / Estimate: 0.025, 1.846 / LogL: -18090.615
Init pinv, alpha: 0.166, 1.000 / Estimate: 0.025, 1.841 / LogL: -18090.625
Init pinv, alpha: 0.187, 1.000 / Estimate: 0.025, 1.840 / LogL: -18090.629
Optimal pinv,alpha: 0.025, 1.853 / LogL: -18090.612

Parameters optimization took 9.638 sec
Computing ML distances based on estimated model parameters... 6.075 sec
Computing BIONJ tree...
0.010 seconds
Log-likelihood of BIONJ tree: -18154.552
--------------------------------------------------------------------
|             INITIALIZING CANDIDATE TREE SET                      |
--------------------------------------------------------------------
Generating 98 parsimony trees... 2.529 second
Computing log-likelihood of 98 initial trees ... 9.903 seconds
Current best score: -18073.657

Do NNI search on 20 best initial trees
Estimate model parameters (epsilon = 0.100)
BETTER TREE FOUND at iteration 1: -18017.567
Iteration 10 / LogL: -18027.393 / Time: 0h:0m:37s
Estimate model parameters (epsilon = 0.100)
BETTER TREE FOUND at iteration 12: -18015.761
Iteration 20 / LogL: -18017.599 / Time: 0h:0m:51s
Finish initializing candidate tree set (20)
Current best tree score: -18015.761 / CPU time: 39.170
Number of iterations: 20
--------------------------------------------------------------------
|               OPTIMIZING CANDIDATE TREE SET                      |
--------------------------------------------------------------------
Estimate model parameters (epsilon = 0.100)
BETTER TREE FOUND at iteration 21: -18009.948
Iteration 30 / LogL: -18013.939 / Time: 0h:1m:5s (0h:3m:26s left)
Estimate model parameters (epsilon = 0.100)
BETTER TREE FOUND at iteration 32: -18008.444
Estimate model parameters (epsilon = 0.100)
BETTER TREE FOUND at iteration 33: -18007.970
Estimate model parameters (epsilon = 0.100)
BETTER TREE FOUND at iteration 35: -18005.435
Iteration 40 / LogL: -18005.505 / Time: 0h:1m:18s (0h:3m:10s left)
Iteration 50 / LogL: -18008.013 / Time: 0h:1m:29s (0h:2m:35s left)
Log-likelihood cutoff on original alignment: -18064.171
UFBoot trees printed to /mnt/ivy/thliao/project/AOB/analysis/20210713_repeat/add_Chromatiaces/phy_files/P39_prot/withEuk/NP_043242.1.ufboot
Iteration 60 / LogL: -18009.957 / Time: 0h:1m:41s (0h:2m:9s left)
Iteration 70 / LogL: -18029.432 / Time: 0h:1m:54s (0h:1m:47s left)
Iteration 80 / LogL: -18005.743 / Time: 0h:2m:5s (0h:1m:27s left)
Iteration 90 / LogL: -18009.827 / Time: 0h:2m:16s (0h:1m:8s left)
Iteration 100 / LogL: -18005.740 / Time: 0h:2m:27s (0h:0m:52s left)
Log-likelihood cutoff on original alignment: -18064.171
NOTE: Bootstrap correlation coefficient of split occurrence frequencies: 0.998
UFBoot trees printed to /mnt/ivy/thliao/project/AOB/analysis/20210713_repeat/add_Chromatiaces/phy_files/P39_prot/withEuk/NP_043242.1.ufboot
Iteration 110 / LogL: -18009.904 / Time: 0h:2m:39s (0h:2m:11s left)
Iteration 120 / LogL: -18014.752 / Time: 0h:2m:50s (0h:1m:54s left)
Iteration 130 / LogL: -18005.506 / Time: 0h:3m:3s (0h:1m:39s left)
TREE SEARCH COMPLETED AFTER 136 ITERATIONS / Time: 0h:3m:10s

--------------------------------------------------------------------
|                    FINALIZING TREE SEARCH                        |
--------------------------------------------------------------------
Performs final model parameters optimization
Estimate model parameters (epsilon = 0.010)
1. Initial log-likelihood: -18005.435
Optimal log-likelihood: -18005.435
Proportion of invariable sites: 0.025
Gamma shape alpha: 1.821
Parameters optimization took 1 rounds (0.181 sec)
BEST SCORE FOUND : -18005.435
Creating bootstrap support values...
Split supports printed to NEXUS file /mnt/ivy/thliao/project/AOB/analysis/20210713_repeat/add_Chromatiaces/phy_files/P39_prot/withEuk/NP_043242.1.splits.nex
Total tree length: 47.010

Total number of iterations: 136
CPU time used for tree search: 348.601 sec (0h:5m:48s)
Wall-clock time used for tree search: 177.373 sec (0h:2m:57s)
Total CPU time used: 375.923 sec (0h:6m:15s)
Total wall-clock time used: 191.176 sec (0h:3m:11s)
UFBoot trees printed to /mnt/ivy/thliao/project/AOB/analysis/20210713_repeat/add_Chromatiaces/phy_files/P39_prot/withEuk/NP_043242.1.ufboot

Computing bootstrap consensus tree...
Reading input file /mnt/ivy/thliao/project/AOB/analysis/20210713_repeat/add_Chromatiaces/phy_files/P39_prot/withEuk/NP_043242.1.splits.nex...
115 taxa and 624 splits.
Consensus tree written to /mnt/ivy/thliao/project/AOB/analysis/20210713_repeat/add_Chromatiaces/phy_files/P39_prot/withEuk/NP_043242.1.contree
Reading input trees file /mnt/ivy/thliao/project/AOB/analysis/20210713_repeat/add_Chromatiaces/phy_files/P39_prot/withEuk/NP_043242.1.contree
Log-likelihood of consensus tree: -18005.435

Analysis results written to: 
  IQ-TREE report:                /mnt/ivy/thliao/project/AOB/analysis/20210713_repeat/add_Chromatiaces/phy_files/P39_prot/withEuk/NP_043242.1.iqtree
  Maximum-likelihood tree:       /mnt/ivy/thliao/project/AOB/analysis/20210713_repeat/add_Chromatiaces/phy_files/P39_prot/withEuk/NP_043242.1.treefile
  Likelihood distances:          /mnt/ivy/thliao/project/AOB/analysis/20210713_repeat/add_Chromatiaces/phy_files/P39_prot/withEuk/NP_043242.1.mldist

Ultrafast bootstrap approximation results written to:
  Split support values:          /mnt/ivy/thliao/project/AOB/analysis/20210713_repeat/add_Chromatiaces/phy_files/P39_prot/withEuk/NP_043242.1.splits.nex
  Consensus tree:                /mnt/ivy/thliao/project/AOB/analysis/20210713_repeat/add_Chromatiaces/phy_files/P39_prot/withEuk/NP_043242.1.contree
  UFBoot trees:                  /mnt/ivy/thliao/project/AOB/analysis/20210713_repeat/add_Chromatiaces/phy_files/P39_prot/withEuk/NP_043242.1.ufboot
  Screen log file:               /mnt/ivy/thliao/project/AOB/analysis/20210713_repeat/add_Chromatiaces/phy_files/P39_prot/withEuk/NP_043242.1.log

Date and Time: Mon Dec 12 09:54:25 2022
