IQ-TREE multicore version 1.6.12 for Linux 64-bit built Aug 15 2019
Developed by Bui Quang Minh, Nguyen Lam Tung, Olga Chernomor,
Heiko Schmidt, Dominik Schrempf, Michael Woodhams.

Host:    cl002 (AVX2, FMA3, 251 GB RAM)
Command: iqtree -nt 2 -redo -wbtl -bb 1000 -pre /mnt/ivy/thliao/project/AOB/analysis/20210713_repeat/add_Chromatiaces/phy_files/P39_prot/withEuk/NP_043161.1 -s /mnt/ivy/thliao/project/AOB/analysis/20210713_repeat/add_Chromatiaces/phy_files/P39_prot/withEuk/NP_043161.1.aln
Seed:    637144 (Using SPRNG - Scalable Parallel Random Number Generator)
Time:    Mon Dec 12 09:36:20 2022
Kernel:  AVX+FMA - 2 threads (64 CPU cores detected)

Reading alignment file /mnt/ivy/thliao/project/AOB/analysis/20210713_repeat/add_Chromatiaces/phy_files/P39_prot/withEuk/NP_043161.1.aln ... Fasta format detected
Alignment most likely contains protein sequences
Alignment has 78 sequences with 83 columns, 79 distinct patterns
59 parsimony-informative, 4 singleton sites, 20 constant sites
                          Gap/Ambiguity  Composition  p-value
   1  Chondrus_crispus           19.28%    passed     16.28%
   2  Cyanophora_paradoxa        21.69%    passed     86.68%
   3  Cyanoptyche_gloeocystis    21.69%    passed     29.07%
   4  Galdieria_sulphuraria      19.28%    failed      1.75%
   5  Gloeochaete_wittrockiana   21.69%    passed     46.60%
   6  NC_000926.1                20.48%    passed     88.94%
   7  NC_008588.1                22.89%    passed     99.59%
   8  NC_008589.1                22.89%    passed     96.63%
   9  NC_012898.1                22.89%    passed     89.99%
  10  Porphyra_umbilicalis       21.69%    passed     37.32%
  11  Porphyridium_purpureum     20.48%    passed     64.36%
  12  GCA_000473895.1            24.10%    passed     91.67%
  13  GCA_015709615.1            21.69%    passed     85.45%
  14  GCA_000024725.1            21.69%    passed     99.40%
  15  GCA_013697045.1            18.07%    passed     91.48%
  16  GCA_014859375.1            21.69%    passed     91.18%
  17  GCA_015272465.1            19.28%    passed     75.28%
  18  GCA_002356115.1            21.69%    passed     94.41%
  19  GCA_009833095.1            21.69%    passed     87.78%
  20  GCA_001747005.1            16.87%    passed     70.91%
  21  GCA_002109495.1            21.69%    passed     72.08%
  22  GCA_000952155.1            21.69%    passed     87.07%
  23  GCA_000317495.1            21.69%    passed     42.88%
  24  GCA_000317515.1            21.69%    passed     95.77%
  25  GCA_001187785.1            21.69%    passed     99.93%
  26  GCA_000314005.1            20.48%    passed     92.03%
  27  GCA_004168365.1            21.69%    passed     98.74%
  28  GCA_003015105.1            21.69%    passed     97.23%
  29  GCA_902810445.1            21.69%    passed     95.70%
  30  GCA_001697225.1            21.69%    passed     51.88%
  31  GCA_002218085.1            21.69%    passed     97.93%
  32  GCA_003696005.1            22.89%    passed     86.28%
  33  GCA_004684205.1            21.69%    passed     92.37%
  34  GCA_001828295.1            21.69%    passed     69.74%
  35  GCA_001644685.1            21.69%    passed     84.52%
  36  GCA_013141375.1            21.69%    passed     92.80%
  37  GCA_000760695.4            21.69%    passed     87.33%
  38  GCA_017879665.1            21.69%    passed     99.62%
  39  GCA_001772005.1            22.89%    passed     99.54%
  40  GCA_000332035.1            20.48%    failed      0.00%
  41  GCA_000740735.1            21.69%    passed     99.43%
  42  GCA_016207025.1            18.07%    passed     69.74%
  43  GCA_900119825.1            21.69%    passed     93.72%
  44  GCA_003534995.1            21.69%    passed     98.86%
  45  GCA_015709635.1            21.69%    passed     88.87%
  46  GCA_006496635.1            21.69%    passed     99.63%
  47  GCA_000011385.1            21.69%    passed     72.25%
  48  GCA_005877815.1            20.48%    passed     99.98%
  49  GCA_000263335.1            21.69%    passed     98.09%
  50  GCA_007992375.1            21.69%    passed     95.22%
  51  GCA_001890765.1            20.48%    passed     49.41%
  52  GCA_003149345.1            16.87%    passed     97.76%
  53  GCA_004421105.1            21.69%    passed     92.88%
  54  GCA_002083815.1            15.66%    passed     46.74%
  55  GCA_003851125.1            21.69%    passed     86.12%
  56  GCA_003003885.1            21.69%    passed     99.89%
  57  GCA_000214665.1            21.69%    passed     94.43%
  58  GCA_002072955.1            21.69%    passed     98.09%
  59  GCA_016873455.1            24.10%    passed     77.20%
  60  GCA_001870225.1            10.84%    passed     64.60%
  61  GCA_001566965.1            21.69%    passed     99.24%
  62  GCA_000317535.1            21.69%    passed     99.96%
  63  GCA_000014865.1            21.69%    passed     98.37%
  64  GCA_002355455.1            19.28%    passed     94.18%
  65  GCA_002162035.1            21.69%    passed     95.22%
  66  GCA_000317575.1            19.28%    passed     96.10%
  67  GCA_000380225.1            19.28%    passed     77.38%
  68  GCA_003258315.1            20.48%    passed     78.43%
  69  GCA_016592635.1            21.69%    passed     95.42%
  70  GCA_001904725.1            21.69%    passed     95.13%
  71  GCA_000013225.1            20.48%    passed     95.21%
  72  GCA_900110495.1            21.69%    passed     64.48%
  73  GCA_000346485.2            21.69%    passed     94.80%
  74  GCA_013521015.1            21.69%    passed     82.00%
  75  GCA_000332275.1            20.48%    passed     97.14%
  76  GCA_002007425.1            21.69%    passed     94.32%
  77  GCA_000379525.1            22.89%    passed     76.61%
  78  GCA_001007875.1            21.69%    passed     98.35%
****  TOTAL                      21.08%  2 sequences failed composition chi2 test (p-value<5%; df=19)
NOTE: GCA_002162035.1 is identical to GCA_007992375.1 but kept for subsequent analysis


Create initial parsimony tree by phylogenetic likelihood library (PLL)... 0.017 seconds
NOTE: ModelFinder requires 12 MB RAM!
ModelFinder will test 546 protein models (sample size: 83) ...
 No. Model         -LnL         df  AIC          AICc         BIC
  1  Dayhoff       5874.586     153 12055.172    59179.172    12425.254
  2  Dayhoff+I     5785.963     154 11879.926    59619.926    12252.428
  3  Dayhoff+G4    5621.224     154 11550.448    59290.448    11922.949
  4  Dayhoff+I+G4  5607.143     155 11524.285    59884.285    11899.205
  5  Dayhoff+R2    5680.458     155 11670.915    60030.915    12045.836
  6  Dayhoff+R3    5630.138     157 11574.275    61186.275    11954.033
  7  Dayhoff+R4    5619.584     159 11557.169    62437.169    11941.765
  8  Dayhoff+R5    5613.777     161 11549.553    63713.553    11938.986
  9  Dayhoff+R6    5612.372     163 11550.744    65014.744    11945.015
 14  Dayhoff+F     5903.523     172 12151.046    71663.046    12567.087
 15  Dayhoff+F+I   5786.827     173 11919.653    72123.653    12338.113
 16  Dayhoff+F+G4  5615.303     173 11576.606    71780.606    11995.066
 17  Dayhoff+F+I+G4 5600.401     174 11548.802    72448.802    11969.680
 18  Dayhoff+F+R2  5689.906     174 11727.813    72627.813    12148.691
 19  Dayhoff+F+R3  5629.421     176 11610.841    73914.841    12036.557
 20  Dayhoff+F+R4  5612.775     178 11581.551    75305.551    12012.104
 21  Dayhoff+F+R5  5605.800     180 11571.599    76731.599    12006.991
 22  Dayhoff+F+R6  5605.545     182 11575.089    78187.089    12015.318
 27  mtMAM         6657.137     153 13620.275    60744.275    13990.357
 28  mtMAM+I       6576.120     154 13460.240    61200.240    13832.742
 29  mtMAM+G4      6174.747     154 12657.495    60397.495    13029.996
 30  mtMAM+I+G4    6166.505     155 12643.011    61003.011    13017.931
 31  mtMAM+R2      6262.623     155 12835.245    61195.245    13210.165
 32  mtMAM+R3      6202.480     157 12718.960    62330.960    13098.718
 33  mtMAM+R4      6175.938     159 12669.876    63549.876    13054.472
 34  mtMAM+R5      6163.209     161 12648.418    64812.418    13037.851
 35  mtMAM+R6      6161.945     163 12649.890    66113.890    13044.161
 40  mtMAM+F       6203.544     172 12751.088    72263.088    13167.128
 41  mtMAM+F+I     6119.770     173 12585.541    72789.541    13004.000
 42  mtMAM+F+G4    5809.156     173 11964.311    72168.311    12382.771
 43  mtMAM+F+I+G4  5797.537     174 11943.074    72843.074    12363.952
 44  mtMAM+F+R2    5890.473     174 12128.946    73028.946    12549.824
 45  mtMAM+F+R3    5825.452     176 12002.903    74306.903    12428.619
 46  mtMAM+F+R4    5807.710     178 11971.420    75695.420    12401.974
 47  mtMAM+F+R5    5791.020     180 11942.040    77102.040    12377.431
 48  mtMAM+F+R6    5790.347     182 11944.695    78556.695    12384.924
 53  JTT           5912.554     153 12131.109    59255.109    12501.192
 54  JTT+I         5805.522     154 11919.044    59659.044    12291.546
 55  JTT+G4        5648.493     154 11604.985    59344.985    11977.486
 56  JTT+I+G4      5630.869     155 11571.738    59931.738    11946.658
 57  JTT+R2        5713.476     155 11736.952    60096.952    12111.872
 58  JTT+R3        5659.527     157 11633.054    61245.054    12012.812
 59  JTT+R4        5644.502     159 11607.004    62487.004    11991.600
 60  JTT+R5        5636.334     161 11594.668    63758.668    11984.101
 61  JTT+R6        5636.228     163 11598.457    65062.457    11992.728
 66  JTT+F         5952.435     172 12248.870    71760.870    12664.910
 67  JTT+F+I       5820.668     173 11987.336    72191.336    12405.795
 68  JTT+F+G4      5648.795     173 11643.589    71847.589    12062.049
 69  JTT+F+I+G4    5628.092     174 11604.184    72504.184    12025.062
 70  JTT+F+R2      5729.677     174 11807.354    72707.354    12228.233
 71  JTT+F+R3      5661.850     176 11675.701    73979.701    12101.416
 72  JTT+F+R4      5645.641     178 11647.281    75371.281    12077.835
 73  JTT+F+R5      5634.886     180 11629.772    76789.772    12065.163
 74  JTT+F+R6      5634.754     182 11633.508    78245.508    12073.737
 79  WAG           5862.300     153 12030.599    59154.599    12400.682
 80  WAG+I         5746.655     154 11801.311    59541.311    12173.812
 81  WAG+G4        5614.438     154 11536.875    59276.875    11909.377
 82  WAG+I+G4      5593.711     155 11497.422    59857.422    11872.342
 83  WAG+R2        5673.783     155 11657.565    60017.565    12032.486
 84  WAG+R3        5618.079     157 11550.159    61162.159    11929.917
 85  WAG+R4        5605.985     159 11529.970    62409.970    11914.566
 86  WAG+R5        5597.586     161 11517.172    63681.172    11906.606
 87  WAG+R6        5597.493     163 11520.986    64984.986    11915.257
 92  WAG+F         5895.769     172 12135.538    71647.538    12551.579
 93  WAG+F+I       5762.116     173 11870.232    72074.232    12288.692
 94  WAG+F+G4      5615.343     173 11576.687    71780.687    11995.146
 95  WAG+F+I+G4    5594.027     174 11536.054    72436.054    11956.933
 96  WAG+F+R2      5687.060     174 11722.120    72622.120    12142.998
 97  WAG+F+R3      5624.631     176 11601.261    73905.261    12026.977
 98  WAG+F+R4      5609.654     178 11575.308    75299.308    12005.862
 99  WAG+F+R5      5598.008     180 11556.016    76716.016    11991.407
100  WAG+F+R6      5597.884     182 11559.768    78171.768    11999.997
105  cpREV         5976.793     153 12259.585    59383.585    12629.668
106  cpREV+I       5830.256     154 11968.512    59708.512    12341.013
107  cpREV+G4      5685.340     154 11678.680    59418.680    12051.182
108  cpREV+I+G4    5664.314     155 11638.629    59998.629    12013.549
109  cpREV+R2      5763.171     155 11836.341    60196.341    12211.261
110  cpREV+R3      5694.040     157 11702.079    61314.079    12081.837
111  cpREV+R4      5673.638     159 11665.277    62545.277    12049.872
112  cpREV+R5      5667.849     161 11657.698    63821.698    12047.132
113  cpREV+R6      5667.778     163 11661.556    65125.556    12055.827
118  cpREV+F       6011.360     172 12366.720    71878.720    12782.761
119  cpREV+F+I     5852.672     173 12051.343    72255.343    12469.802
120  cpREV+F+G4    5692.479     173 11730.957    71934.957    12149.417
121  cpREV+F+I+G4  5671.430     174 11690.859    72590.859    12111.738
122  cpREV+F+R2    5777.017     174 11902.034    72802.034    12322.912
123  cpREV+F+R3    5709.132     176 11770.264    74074.264    12195.980
124  cpREV+F+R4    5681.971     178 11719.942    75443.942    12150.496
125  cpREV+F+R5    5676.474     180 11712.948    76872.948    12148.339
126  cpREV+F+R6    5676.445     182 11716.890    78328.890    12157.119
131  mtREV         6342.829     153 12991.659    60115.659    13361.741
132  mtREV+I       6248.921     154 12805.841    60545.841    13178.343
133  mtREV+G4      5987.690     154 12283.380    60023.380    12655.882
134  mtREV+I+G4    5980.783     155 12271.565    60631.565    12646.486
135  mtREV+R2      6068.682     155 12447.365    60807.365    12822.285
136  mtREV+R3      6003.192     157 12320.384    61932.384    12700.142
137  mtREV+R4      5985.126     159 12288.252    63168.252    12672.848
138  mtREV+R5      5984.607     161 12291.214    64455.214    12680.647
144  mtREV+F       6010.494     172 12364.988    71876.988    12781.029
145  mtREV+F+I     5905.345     173 12156.691    72360.691    12575.150
146  mtREV+F+G4    5697.194     173 11740.388    71944.388    12158.847
147  mtREV+F+I+G4  5688.432     174 11724.865    72624.865    12145.743
148  mtREV+F+R2    5782.386     174 11912.772    72812.772    12333.650
149  mtREV+F+R3    5701.671     176 11755.342    74059.342    12181.058
150  mtREV+F+R4    5694.173     178 11744.346    75468.346    12174.899
151  mtREV+F+R5    5686.745     180 11733.490    76893.490    12168.882
152  mtREV+F+R6    5685.755     182 11735.510    78347.510    12175.739
157  rtREV         5911.745     153 12129.490    59253.490    12499.573
158  rtREV+I       5802.856     154 11913.712    59653.712    12286.214
159  rtREV+G4      5647.932     154 11603.863    59343.863    11976.365
160  rtREV+I+G4    5634.107     155 11578.214    59938.214    11953.134
161  rtREV+R2      5711.983     155 11733.967    60093.967    12108.887
162  rtREV+R3      5658.554     157 11631.107    61243.107    12010.865
163  rtREV+R4      5639.393     159 11596.786    62476.786    11981.382
164  rtREV+R5      5636.611     161 11595.221    63759.221    11984.654
170  rtREV+F       5920.103     172 12184.206    71696.206    12600.247
171  rtREV+F+I     5789.124     173 11924.249    72128.249    12342.708
172  rtREV+F+G4    5620.889     173 11587.779    71791.779    12006.238
173  rtREV+F+I+G4  5601.520     174 11551.041    72451.041    11971.919
174  rtREV+F+R2    5694.546     174 11737.092    72637.092    12157.970
175  rtREV+F+R3    5629.090     176 11610.179    73914.179    12035.895
176  rtREV+F+R4    5614.631     178 11585.262    75309.262    12015.815
177  rtREV+F+R5    5606.569     180 11573.137    76733.137    12008.528
178  rtREV+F+R6    5604.837     182 11573.675    78185.675    12013.904
183  mtART         6521.185     153 13348.370    60472.370    13718.452
184  mtART+I       6450.663     154 13209.327    60949.327    13581.828
185  mtART+G4      6047.740     154 12403.479    60143.479    12775.981
186  mtART+I+G4    6041.596     155 12393.192    60753.192    12768.113
187  mtART+R2      6134.117     155 12578.234    60938.234    12953.155
188  mtART+R3      6066.359     157 12446.717    62058.717    12826.475
189  mtART+R4      6048.252     159 12414.505    63294.505    12799.101
190  mtART+R5      6036.983     161 12395.967    64559.967    12785.400
191  mtART+R6      6036.362     163 12398.724    65862.724    12792.995
196  mtART+F       6096.416     172 12536.832    72048.832    12952.873
197  mtART+F+I     6005.213     173 12356.425    72560.425    12774.885
198  mtART+F+G4    5739.199     173 11824.398    72028.398    12242.858
199  mtART+F+I+G4  5734.520     174 11817.040    72717.040    12237.918
200  mtART+F+R2    5821.759     174 11991.518    72891.518    12412.396
201  mtART+F+R3    5759.576     176 11871.152    74175.152    12296.868
202  mtART+F+R4    5741.987     178 11839.975    75563.975    12270.529
203  mtART+F+R5    5729.845     180 11819.689    76979.689    12255.080
204  mtART+F+R6    5728.700     182 11821.400    78433.400    12261.629
209  mtZOA         6252.808     153 12811.615    59935.615    13181.698
210  mtZOA+I       6189.461     154 12686.921    60426.921    13059.423
211  mtZOA+G4      5870.711     154 12049.423    59789.423    12421.924
212  mtZOA+I+G4    5866.437     155 12042.873    60402.873    12417.794
213  mtZOA+R2      5930.400     155 12170.800    60530.800    12545.720
214  mtZOA+R3      5891.978     157 12097.955    61709.955    12477.713
215  mtZOA+R4      5868.930     159 12055.860    62935.860    12440.456
216  mtZOA+R5      5865.538     161 12053.076    64217.076    12442.510
222  mtZOA+F       5968.366     172 12280.732    71792.732    12696.772
223  mtZOA+F+I     5872.062     173 12090.124    72294.124    12508.584
224  mtZOA+F+G4    5658.080     173 11662.160    71866.160    12080.619
225  mtZOA+F+I+G4  5648.456     174 11644.912    72544.912    12065.791
226  mtZOA+F+R2    5733.140     174 11814.280    72714.280    12235.158
227  mtZOA+F+R3    5667.669     176 11687.338    73991.338    12113.054
228  mtZOA+F+R4    5657.205     178 11670.410    75394.410    12100.964
229  mtZOA+F+R5    5654.341     180 11668.681    76828.681    12104.073
235  VT            5856.596     153 12019.192    59143.192    12389.275
236  VT+I          5745.434     154 11798.868    59538.868    12171.370
237  VT+G4         5616.815     154 11541.629    59281.629    11914.131
238  VT+I+G4       5598.556     155 11507.111    59867.111    11882.031
239  VT+R2         5674.794     155 11659.588    60019.588    12034.508
240  VT+R3         5618.913     157 11551.826    61163.826    11931.584
241  VT+R4         5609.857     159 11537.714    62417.714    11922.310
242  VT+R5         5602.811     161 11527.623    63691.623    11917.056
243  VT+R6         5601.944     163 11529.888    64993.888    11924.159
248  VT+F          5868.740     172 12081.480    71593.480    12497.521
249  VT+F+I        5743.180     173 11832.360    72036.360    12250.820
250  VT+F+G4       5607.471     173 11560.942    71764.942    11979.401
251  VT+F+I+G4     5584.936     174 11517.872    72417.872    11938.750
252  VT+F+R2       5670.942     174 11689.885    72589.885    12110.763
253  VT+F+R3       5612.647     176 11577.293    73881.293    12003.009
254  VT+F+R4       5597.060     178 11550.121    75274.121    11980.674
255  VT+F+R5       5589.071     180 11538.142    76698.142    11973.533
256  VT+F+R6       5588.912     182 11541.824    78153.824    11982.053
261  LG            5866.396     153 12038.791    59162.791    12408.874
262  LG+I          5754.693     154 11817.385    59557.385    12189.887
263  LG+G4         5605.600     154 11519.199    59259.199    11891.701
264  LG+I+G4       5581.725     155 11473.450    59833.450    11848.370
265  LG+R2         5658.846     155 11627.693    59987.693    12002.613
266  LG+R3         5607.258     157 11528.516    61140.516    11908.274
267  LG+R4         5588.880     159 11495.761    62375.761    11880.356
268  LG+R5         5583.295     161 11488.590    63652.590    11878.023
269  LG+R6         5583.175     163 11492.351    64956.351    11886.622
274  LG+F          5905.501     172 12155.003    71667.003    12571.044
275  LG+F+I        5771.562     173 11889.124    72093.124    12307.583
276  LG+F+G4       5602.251     173 11550.503    71754.503    11968.962
277  LG+F+I+G4     5582.249     174 11512.498    72412.498    11933.376
278  LG+F+R2       5676.657     174 11701.315    72601.315    12122.193
279  LG+F+R3       5616.574     176 11585.148    73889.148    12010.864
280  LG+F+R4       5593.381     178 11542.762    75266.762    11973.315
281  LG+F+R5       5586.002     180 11532.003    76692.003    11967.395
282  LG+F+R6       5585.847     182 11535.693    78147.693    11975.922
287  DCMut         5874.015     153 12054.030    59178.030    12424.113
288  DCMut+I       5785.363     154 11878.726    59618.726    12251.227
289  DCMut+G4      5621.152     154 11550.304    59290.304    11922.805
290  DCMut+I+G4    5607.037     155 11524.073    59884.073    11898.994
291  DCMut+R2      5680.256     155 11670.512    60030.512    12045.433
292  DCMut+R3      5629.645     157 11573.290    61185.290    11953.048
293  DCMut+R4      5615.106     159 11548.213    62428.213    11932.809
294  DCMut+R5      5609.423     161 11540.847    63704.847    11930.280
295  DCMut+R6      5609.364     163 11544.728    65008.728    11938.999
300  DCMut+F       5902.808     172 12149.615    71661.615    12565.656
301  DCMut+F+I     5786.161     173 11918.322    72122.322    12336.781
302  DCMut+F+G4    5615.141     173 11576.282    71780.282    11994.741
303  DCMut+F+I+G4  5600.169     174 11548.337    72448.337    11969.216
304  DCMut+F+R2    5689.604     174 11727.208    72627.208    12148.087
305  DCMut+F+R3    5629.113     176 11610.227    73914.227    12035.943
306  DCMut+F+R4    5607.167     178 11570.334    75294.334    12000.888
307  DCMut+F+R5    5602.406     180 11564.811    76724.811    12000.203
308  DCMut+F+R6    5602.332     182 11568.664    78180.664    12008.893
313  PMB           5875.615     153 12057.230    59181.230    12427.313
314  PMB+I         5770.943     154 11849.886    59589.886    12222.387
315  PMB+G4        5635.031     154 11578.062    59318.062    11950.563
316  PMB+I+G4      5619.456     155 11548.911    59908.911    11923.832
317  PMB+R2        5691.008     155 11692.017    60052.017    12066.937
318  PMB+R3        5635.932     157 11585.865    61197.865    11965.623
319  PMB+R4        5625.162     159 11568.325    62448.325    11952.921
320  PMB+R5        5619.774     161 11561.549    63725.549    11950.982
321  PMB+R6        5619.751     163 11565.503    65029.503    11959.774
326  PMB+F         5882.780     172 12109.560    71621.560    12525.600
327  PMB+F+I       5765.581     173 11877.162    72081.162    12295.622
328  PMB+F+G4      5627.990     173 11601.979    71805.979    12020.438
329  PMB+F+I+G4    5608.312     174 11564.623    72464.623    11985.501
330  PMB+F+R2      5688.408     174 11724.816    72624.816    12145.695
331  PMB+F+R3      5630.804     176 11613.608    73917.608    12039.324
332  PMB+F+R4      5617.274     178 11590.548    75314.548    12021.102
333  PMB+F+R5      5609.210     180 11578.421    76738.421    12013.812
334  PMB+F+R6      5609.148     182 11582.297    78194.297    12022.526
339  HIVb          6220.217     153 12746.433    59870.433    13116.516
340  HIVb+I        6055.560     154 12419.119    60159.119    12791.621
341  HIVb+G4       5850.231     154 12008.461    59748.461    12380.963
342  HIVb+I+G4     5830.179     155 11970.357    60330.357    12345.277
343  HIVb+R2       5951.016     155 12212.032    60572.032    12586.952
344  HIVb+R3       5869.577     157 12053.153    61665.153    12432.911
345  HIVb+R4       5841.318     159 12000.636    62880.636    12385.232
346  HIVb+R5       5833.809     161 11989.617    64153.617    12379.051
347  HIVb+R6       5833.790     163 11993.580    65457.580    12387.851
352  HIVb+F        6291.924     172 12927.849    72439.849    13343.889
353  HIVb+F+I      6109.873     173 12565.746    72769.746    12984.206
354  HIVb+F+G4     5859.496     173 12064.992    72268.992    12483.452
355  HIVb+F+I+G4   5839.736     174 12027.471    72927.471    12448.349
356  HIVb+F+R2     5986.214     174 12320.428    73220.428    12741.306
357  HIVb+F+R3     5885.849     176 12123.697    74427.697    12549.413
358  HIVb+F+R4     5856.078     178 12068.155    75792.155    12498.709
359  HIVb+F+R5     5849.001     180 12058.002    77218.002    12493.393
360  HIVb+F+R6     5848.992     182 12061.985    78673.985    12502.214
365  HIVw          6455.503     153 13217.007    60341.007    13587.090
366  HIVw+I        6271.083     154 12850.166    60590.166    13222.668
367  HIVw+G4       6039.876     154 12387.752    60127.752    12760.253
368  HIVw+I+G4     6014.942     155 12339.884    60699.884    12714.804
369  HIVw+R2       6150.999     155 12611.998    60971.998    12986.919
370  HIVw+R3       6076.844     157 12467.689    62079.689    12847.447
371  HIVw+R4       6032.897     159 12383.793    63263.793    12768.389
372  HIVw+R5       6019.526     161 12361.052    64525.052    12750.485
373  HIVw+R6       6019.514     163 12365.028    65829.028    12759.299
378  HIVw+F        6399.675     172 13143.351    72655.351    13559.391
379  HIVw+F+I      6208.047     173 12762.094    72966.094    13180.553
380  HIVw+F+G4     5967.856     173 12281.712    72485.712    12700.172
381  HIVw+F+I+G4   5944.807     174 12237.614    73137.614    12658.492
382  HIVw+F+R2     6094.871     174 12537.742    73437.742    12958.620
383  HIVw+F+R3     5995.992     176 12343.984    74647.984    12769.700
384  HIVw+F+R4     5966.010     178 12288.020    76012.020    12718.573
385  HIVw+F+R5     5952.927     180 12265.853    77425.853    12701.244
386  HIVw+F+R6     5952.919     182 12269.838    78881.838    12710.067
391  JTTDCMut      5911.891     153 12129.781    59253.781    12499.864
392  JTTDCMut+I    5805.353     154 11918.706    59658.706    12291.207
393  JTTDCMut+G4   5648.558     154 11605.115    59345.115    11977.616
394  JTTDCMut+I+G4 5631.026     155 11572.053    59932.053    11946.973
395  JTTDCMut+R2   5713.257     155 11736.513    60096.513    12111.433
396  JTTDCMut+R3   5659.872     157 11633.744    61245.744    12013.502
397  JTTDCMut+R4   5640.704     159 11599.408    62479.408    11984.003
398  JTTDCMut+R5   5632.612     161 11587.223    63751.223    11976.656
399  JTTDCMut+R6   5632.546     163 11591.092    65055.092    11985.363
404  JTTDCMut+F    5953.599     172 12251.197    71763.197    12667.238
405  JTTDCMut+F+I  5821.263     173 11988.526    72192.526    12406.986
406  JTTDCMut+F+G4 5649.375     173 11644.749    71848.749    12063.209
407  JTTDCMut+F+I+G4 5628.929     174 11605.857    72505.857    12026.735
408  JTTDCMut+F+R2 5730.678     174 11809.355    72709.355    12230.233
409  JTTDCMut+F+R3 5663.208     176 11678.416    73982.416    12104.132
410  JTTDCMut+F+R4 5638.991     178 11633.982    75357.982    12064.536
411  JTTDCMut+F+R5 5631.124     180 11622.248    76782.248    12057.639
412  JTTDCMut+F+R6 5631.084     182 11626.168    78238.168    12066.397
417  FLU           6168.693     153 12643.386    59767.386    13013.469
418  FLU+I         6006.690     154 12321.380    60061.380    12693.881
419  FLU+G4        5798.082     154 11904.165    59644.165    12276.666
420  FLU+I+G4      5775.117     155 11860.235    60220.235    12235.155
421  FLU+R2        5886.090     155 12082.179    60442.179    12457.100
422  FLU+R3        5811.478     157 11936.956    61548.956    12316.714
423  FLU+R4        5789.545     159 11897.090    62777.090    12281.686
424  FLU+R5        5775.471     161 11872.941    64036.941    12262.375
425  FLU+R6        5775.469     163 11876.939    65340.939    12271.210
430  FLU+F         6279.051     172 12902.101    72414.101    13318.142
431  FLU+F+I       6076.005     173 12498.011    72702.011    12916.470
432  FLU+F+G4      5846.552     173 12039.103    72243.103    12457.562
433  FLU+F+I+G4    5818.718     174 11985.436    72885.436    12406.315
434  FLU+F+R2      5963.256     174 12274.513    73174.513    12695.391
435  FLU+F+R3      5867.232     176 12086.465    74390.465    12512.181
436  FLU+F+R4      5841.069     178 12038.137    75762.137    12468.691
437  FLU+F+R5      5827.228     180 12014.455    77174.455    12449.847
438  FLU+F+R6      5827.200     182 12018.401    78630.401    12458.630
443  Blosum62      5860.499     153 12026.998    59150.998    12397.080
444  Blosum62+I    5752.546     154 11813.092    59553.092    12185.593
445  Blosum62+G4   5619.213     154 11546.425    59286.425    11918.927
446  Blosum62+I+G4 5603.175     155 11516.350    59876.350    11891.270
447  Blosum62+R2   5676.830     155 11663.660    60023.660    12038.580
448  Blosum62+R3   5619.523     157 11553.046    61165.046    11932.804
449  Blosum62+R4   5607.774     159 11533.549    62413.549    11918.144
450  Blosum62+R5   5603.723     161 11529.446    63693.446    11918.880
456  Blosum62+F    5880.340     172 12104.680    71616.680    12520.720
457  Blosum62+F+I  5759.328     173 11864.656    72068.656    12283.115
458  Blosum62+F+G4 5622.041     173 11590.082    71794.082    12008.542
459  Blosum62+F+I+G4 5601.867     174 11551.733    72451.733    11972.612
460  Blosum62+F+R2 5683.876     174 11715.752    72615.752    12136.630
461  Blosum62+F+R3 5625.400     176 11602.799    73906.799    12028.515
462  Blosum62+F+R4 5609.983     178 11575.966    75299.966    12006.519
463  Blosum62+F+R5 5602.526     180 11565.052    76725.052    12000.444
464  Blosum62+F+R6 5602.478     182 11568.956    78180.956    12009.185
469  mtMet         6285.006     153 12876.013    60000.013    13246.095
470  mtMet+I       6214.199     154 12736.398    60476.398    13108.899
471  mtMet+G4      5931.968     154 12171.935    59911.935    12544.437
472  mtMet+I+G4    5925.286     155 12160.572    60520.572    12535.492
473  mtMet+R2      5995.164     155 12300.327    60660.327    12675.247
474  mtMet+R3      5948.278     157 12210.556    61822.556    12590.314
475  mtMet+R4      5928.211     159 12174.423    63054.423    12559.018
476  mtMet+R5      5927.403     161 12176.806    64340.806    12566.240
482  mtMet+F       5940.773     172 12225.546    71737.546    12641.586
483  mtMet+F+I     5857.838     173 12061.675    72265.675    12480.135
484  mtMet+F+G4    5647.513     173 11641.027    71845.027    12059.486
485  mtMet+F+I+G4  5638.167     174 11624.333    72524.333    12045.211
486  mtMet+F+R2    5714.398     174 11776.796    72676.796    12197.674
487  mtMet+F+R3    5655.226     176 11662.451    73966.451    12088.167
488  mtMet+F+R4    5643.595     178 11643.190    75367.190    12073.744
489  mtMet+F+R5    5639.412     180 11638.825    76798.825    12074.216
495  mtVer         6458.235     153 13222.469    60346.469    13592.552
496  mtVer+I       6386.529     154 13081.058    60821.058    13453.560
497  mtVer+G4      6061.543     154 12431.086    60171.086    12803.587
498  mtVer+I+G4    6056.493     155 12422.986    60782.986    12797.906
499  mtVer+R2      6135.715     155 12581.431    60941.431    12956.351
500  mtVer+R3      6085.281     157 12484.562    62096.562    12864.320
501  mtVer+R4      6062.186     159 12442.373    63322.373    12826.968
502  mtVer+R5      6059.114     161 12440.227    64604.227    12829.661
508  mtVer+F       6035.014     172 12414.029    71926.029    12830.069
509  mtVer+F+I     5955.539     173 12257.079    72461.079    12675.538
510  mtVer+F+G4    5715.865     173 11777.731    71981.731    12196.190
511  mtVer+F+I+G4  5706.699     174 11761.398    72661.398    12182.276
512  mtVer+F+R2    5783.898     174 11915.795    72815.795    12336.673
513  mtVer+F+R3    5728.224     176 11808.447    74112.447    12234.163
514  mtVer+F+R4    5713.906     178 11783.812    75507.812    12214.365
515  mtVer+F+R5    5708.182     180 11776.363    76936.363    12211.754
516  mtVer+F+R6    5707.856     182 11779.712    78391.712    12219.941
521  mtInv         6234.930     153 12775.860    59899.860    13145.943
522  mtInv+I       6161.394     154 12630.789    60370.789    13003.290
523  mtInv+G4      5911.400     154 12130.800    59870.800    12503.301
524  mtInv+I+G4    5903.708     155 12117.416    60477.416    12492.337
525  mtInv+R2      5968.797     155 12247.593    60607.593    12622.513
526  mtInv+R3      5925.839     157 12165.677    61777.677    12545.435
527  mtInv+R4      5907.910     159 12133.820    63013.820    12518.416
528  mtInv+R5      5907.752     161 12137.504    64301.504    12526.937
534  mtInv+F       5867.463     172 12078.925    71590.925    12494.966
535  mtInv+F+I     5775.162     173 11896.325    72100.325    12314.784
536  mtInv+F+G4    5597.826     173 11541.651    71745.651    11960.111
537  mtInv+F+I+G4  5587.015     174 11522.030    72422.030    11942.909
538  mtInv+F+R2    5665.363     174 11678.726    72578.726    12099.604
539  mtInv+F+R3    5606.485     176 11564.970    73868.970    11990.686
540  mtInv+F+R4    5595.432     178 11546.864    75270.864    11977.417
541  mtInv+F+R5    5594.992     180 11549.985    76709.985    11985.376
Akaike Information Criterion:           LG+I+G4
Corrected Akaike Information Criterion: VT
Bayesian Information Criterion:         LG+I+G4
Best-fit model: LG+I+G4 chosen according to BIC

All model information printed to /mnt/ivy/thliao/project/AOB/analysis/20210713_repeat/add_Chromatiaces/phy_files/P39_prot/withEuk/NP_043161.1.model.gz
CPU time for ModelFinder: 357.622 seconds (0h:5m:57s)
Wall-clock time for ModelFinder: 180.041 seconds (0h:3m:0s)
Generating 1000 samples for ultrafast bootstrap (seed: 637144)...

NOTE: 5 MB RAM (0 GB) is required!
Estimate model parameters (epsilon = 0.100)
Thoroughly optimizing +I+G parameters from 10 start values...
Init pinv, alpha: 0.000, 1.000 / Estimate: 0.101, 1.320 / LogL: -5581.728
Init pinv, alpha: 0.027, 1.000 / Estimate: 0.102, 1.323 / LogL: -5581.725
Init pinv, alpha: 0.054, 1.000 / Estimate: 0.102, 1.325 / LogL: -5581.724
Init pinv, alpha: 0.080, 1.000 / Estimate: 0.103, 1.325 / LogL: -5581.724
Init pinv, alpha: 0.107, 1.000 / Estimate: 0.103, 1.325 / LogL: -5581.724
Init pinv, alpha: 0.134, 1.000 / Estimate: 0.103, 1.325 / LogL: -5581.724
Init pinv, alpha: 0.161, 1.000 / Estimate: 0.104, 1.325 / LogL: -5581.724
Init pinv, alpha: 0.187, 1.000 / Estimate: 0.104, 1.325 / LogL: -5581.725
Init pinv, alpha: 0.214, 1.000 / Estimate: 0.104, 1.325 / LogL: -5581.725
Init pinv, alpha: 0.241, 1.000 / Estimate: 0.104, 1.326 / LogL: -5581.725
Optimal pinv,alpha: 0.103, 1.325 / LogL: -5581.724

Parameters optimization took 2.705 sec
Computing ML distances based on estimated model parameters... 2.547 sec
Computing BIONJ tree...
0.008 seconds
Log-likelihood of BIONJ tree: -5519.494
--------------------------------------------------------------------
|             INITIALIZING CANDIDATE TREE SET                      |
--------------------------------------------------------------------
Generating 98 parsimony trees... 1.975 second
Computing log-likelihood of 98 initial trees ... 3.472 seconds
Current best score: -5519.494

Do NNI search on 20 best initial trees
Estimate model parameters (epsilon = 0.100)
BETTER TREE FOUND at iteration 1: -5480.221
Estimate model parameters (epsilon = 0.100)
BETTER TREE FOUND at iteration 2: -5461.652
Iteration 10 / LogL: -5495.590 / Time: 0h:0m:16s
Iteration 20 / LogL: -5486.756 / Time: 0h:0m:24s
Finish initializing candidate tree set (20)
Current best tree score: -5461.652 / CPU time: 20.617
Number of iterations: 20
--------------------------------------------------------------------
|               OPTIMIZING CANDIDATE TREE SET                      |
--------------------------------------------------------------------
Estimate model parameters (epsilon = 0.100)
BETTER TREE FOUND at iteration 22: -5458.038
Iteration 30 / LogL: -5472.490 / Time: 0h:0m:31s (0h:1m:40s left)
Estimate model parameters (epsilon = 0.100)
BETTER TREE FOUND at iteration 31: -5457.834
Estimate model parameters (epsilon = 0.100)
BETTER TREE FOUND at iteration 34: -5455.719
Iteration 40 / LogL: -5456.562 / Time: 0h:0m:37s (0h:1m:30s left)
Estimate model parameters (epsilon = 0.100)
BETTER TREE FOUND at iteration 41: -5454.854
Estimate model parameters (epsilon = 0.100)
BETTER TREE FOUND at iteration 44: -5454.252
Estimate model parameters (epsilon = 0.100)
BETTER TREE FOUND at iteration 49: -5452.777
Iteration 50 / LogL: -5455.141 / Time: 0h:0m:45s (0h:1m:32s left)
Log-likelihood cutoff on original alignment: -5530.970
UFBoot trees printed to /mnt/ivy/thliao/project/AOB/analysis/20210713_repeat/add_Chromatiaces/phy_files/P39_prot/withEuk/NP_043161.1.ufboot
Iteration 60 / LogL: -5459.585 / Time: 0h:0m:54s (0h:1m:22s left)
Estimate model parameters (epsilon = 0.100)
BETTER TREE FOUND at iteration 62: -5451.548
Estimate model parameters (epsilon = 0.100)
BETTER TREE FOUND at iteration 65: -5451.175
Iteration 70 / LogL: -5457.264 / Time: 0h:1m:1s (0h:1m:24s left)
Estimate model parameters (epsilon = 0.100)
BETTER TREE FOUND at iteration 80: -5450.159
Iteration 80 / LogL: -5450.159 / Time: 0h:1m:8s (0h:1m:27s left)
Iteration 90 / LogL: -5450.517 / Time: 0h:1m:15s (0h:1m:16s left)
Estimate model parameters (epsilon = 0.100)
BETTER TREE FOUND at iteration 93: -5449.574
Iteration 100 / LogL: -5453.513 / Time: 0h:1m:22s (0h:1m:17s left)
Log-likelihood cutoff on original alignment: -5530.970
NOTE: Bootstrap correlation coefficient of split occurrence frequencies: 0.985
NOTE: UFBoot does not converge, continue at least 100 more iterations
UFBoot trees printed to /mnt/ivy/thliao/project/AOB/analysis/20210713_repeat/add_Chromatiaces/phy_files/P39_prot/withEuk/NP_043161.1.ufboot
Iteration 110 / LogL: -5450.615 / Time: 0h:1m:30s (0h:1m:15s left)
BETTER TREE FOUND at iteration 115: -5449.574
Iteration 120 / LogL: -5450.911 / Time: 0h:1m:37s (0h:1m:18s left)
Iteration 130 / LogL: -5467.325 / Time: 0h:1m:44s (0h:1m:8s left)
Estimate model parameters (epsilon = 0.100)
BETTER TREE FOUND at iteration 131: -5449.366
Iteration 140 / LogL: -5452.062 / Time: 0h:1m:51s (0h:1m:12s left)
Iteration 150 / LogL: -5450.358 / Time: 0h:1m:57s (0h:1m:3s left)
Log-likelihood cutoff on original alignment: -5530.970
UFBoot trees printed to /mnt/ivy/thliao/project/AOB/analysis/20210713_repeat/add_Chromatiaces/phy_files/P39_prot/withEuk/NP_043161.1.ufboot
Iteration 160 / LogL: -5455.871 / Time: 0h:2m:5s (0h:0m:55s left)
Iteration 170 / LogL: -5449.366 / Time: 0h:2m:12s (0h:0m:47s left)
Iteration 180 / LogL: -5459.747 / Time: 0h:2m:19s (0h:0m:39s left)
Iteration 190 / LogL: -5457.692 / Time: 0h:2m:25s (0h:0m:31s left)
Iteration 200 / LogL: -5455.356 / Time: 0h:2m:32s (0h:0m:23s left)
Log-likelihood cutoff on original alignment: -5530.970
NOTE: Bootstrap correlation coefficient of split occurrence frequencies: 0.996
UFBoot trees printed to /mnt/ivy/thliao/project/AOB/analysis/20210713_repeat/add_Chromatiaces/phy_files/P39_prot/withEuk/NP_043161.1.ufboot
Iteration 210 / LogL: -5449.847 / Time: 0h:2m:39s (0h:1m:8s left)
Iteration 220 / LogL: -5451.412 / Time: 0h:2m:46s (0h:1m:0s left)
Iteration 230 / LogL: -5455.930 / Time: 0h:2m:52s (0h:0m:52s left)
TREE SEARCH COMPLETED AFTER 232 ITERATIONS / Time: 0h:2m:54s

--------------------------------------------------------------------
|                    FINALIZING TREE SEARCH                        |
--------------------------------------------------------------------
Performs final model parameters optimization
Estimate model parameters (epsilon = 0.010)
1. Initial log-likelihood: -5449.366
Optimal log-likelihood: -5449.366
Proportion of invariable sites: 0.098
Gamma shape alpha: 1.120
Parameters optimization took 1 rounds (0.055 sec)
BEST SCORE FOUND : -5449.366
Creating bootstrap support values...
Split supports printed to NEXUS file /mnt/ivy/thliao/project/AOB/analysis/20210713_repeat/add_Chromatiaces/phy_files/P39_prot/withEuk/NP_043161.1.splits.nex
Total tree length: 28.413

Total number of iterations: 232
CPU time used for tree search: 329.367 sec (0h:5m:29s)
Wall-clock time used for tree search: 170.019 sec (0h:2m:50s)
Total CPU time used: 338.386 sec (0h:5m:38s)
Total wall-clock time used: 174.670 sec (0h:2m:54s)
UFBoot trees printed to /mnt/ivy/thliao/project/AOB/analysis/20210713_repeat/add_Chromatiaces/phy_files/P39_prot/withEuk/NP_043161.1.ufboot

Computing bootstrap consensus tree...
Reading input file /mnt/ivy/thliao/project/AOB/analysis/20210713_repeat/add_Chromatiaces/phy_files/P39_prot/withEuk/NP_043161.1.splits.nex...
78 taxa and 938 splits.
Consensus tree written to /mnt/ivy/thliao/project/AOB/analysis/20210713_repeat/add_Chromatiaces/phy_files/P39_prot/withEuk/NP_043161.1.contree
Reading input trees file /mnt/ivy/thliao/project/AOB/analysis/20210713_repeat/add_Chromatiaces/phy_files/P39_prot/withEuk/NP_043161.1.contree
Log-likelihood of consensus tree: -5449.422

Analysis results written to: 
  IQ-TREE report:                /mnt/ivy/thliao/project/AOB/analysis/20210713_repeat/add_Chromatiaces/phy_files/P39_prot/withEuk/NP_043161.1.iqtree
  Maximum-likelihood tree:       /mnt/ivy/thliao/project/AOB/analysis/20210713_repeat/add_Chromatiaces/phy_files/P39_prot/withEuk/NP_043161.1.treefile
  Likelihood distances:          /mnt/ivy/thliao/project/AOB/analysis/20210713_repeat/add_Chromatiaces/phy_files/P39_prot/withEuk/NP_043161.1.mldist

Ultrafast bootstrap approximation results written to:
  Split support values:          /mnt/ivy/thliao/project/AOB/analysis/20210713_repeat/add_Chromatiaces/phy_files/P39_prot/withEuk/NP_043161.1.splits.nex
  Consensus tree:                /mnt/ivy/thliao/project/AOB/analysis/20210713_repeat/add_Chromatiaces/phy_files/P39_prot/withEuk/NP_043161.1.contree
  UFBoot trees:                  /mnt/ivy/thliao/project/AOB/analysis/20210713_repeat/add_Chromatiaces/phy_files/P39_prot/withEuk/NP_043161.1.ufboot
  Screen log file:               /mnt/ivy/thliao/project/AOB/analysis/20210713_repeat/add_Chromatiaces/phy_files/P39_prot/withEuk/NP_043161.1.log

Date and Time: Mon Dec 12 09:42:16 2022
