IQ-TREE multicore version 1.6.12 for Linux 64-bit built Aug 15 2019
Developed by Bui Quang Minh, Nguyen Lam Tung, Olga Chernomor,
Heiko Schmidt, Dominik Schrempf, Michael Woodhams.

Host:    cl002 (AVX2, FMA3, 251 GB RAM)
Command: iqtree -nt 2 -redo -wbtl -bb 1000 -pre /mnt/ivy/thliao/project/AOB/analysis/20210713_repeat/add_Chromatiaces/phy_files/P39_prot/withEuk/NP_043172.1 -s /mnt/ivy/thliao/project/AOB/analysis/20210713_repeat/add_Chromatiaces/phy_files/P39_prot/withEuk/NP_043172.1.aln
Seed:    807874 (Using SPRNG - Scalable Parallel Random Number Generator)
Time:    Mon Dec 12 09:36:53 2022
Kernel:  AVX+FMA - 2 threads (64 CPU cores detected)

Reading alignment file /mnt/ivy/thliao/project/AOB/analysis/20210713_repeat/add_Chromatiaces/phy_files/P39_prot/withEuk/NP_043172.1.aln ... Fasta format detected
Alignment most likely contains protein sequences
Alignment has 116 sequences with 308 columns, 278 distinct patterns
210 parsimony-informative, 30 singleton sites, 68 constant sites
                          Gap/Ambiguity  Composition  p-value
   1  Chondrus_crispus           23.05%    passed     10.84%
   2  Cyanidioschyzon_merolae    27.27%    failed      0.75%
   3  Cyanophora_paradoxa        23.05%    passed     42.04%
   4  Cyanoptyche_gloeocystis    24.03%    passed     21.29%
   5  Galdieria_sulphuraria      25.32%    failed      0.01%
   6  Gloeochaete_wittrockiana   23.38%    passed     41.38%
   7  NC_000926.1                24.03%    passed     65.86%
   8  NC_008588.1                25.32%    failed      0.27%
   9  NC_008589.1                25.32%    failed      0.11%
  10  NC_012898.1                25.32%    failed      0.13%
  11  Porphyra_umbilicalis       25.65%    passed      8.59%
  12  Porphyridium_purpureum     24.68%    passed     28.50%
  13  GCA_000473895.1            25.65%    passed     50.46%
  14  GCA_015709615.1            25.32%    passed     49.99%
  15  GCA_000024725.1            25.00%    passed     98.68%
  16  GCA_900107585.1            22.08%    passed     60.11%
  17  GCA_014859375.1            25.32%    passed     81.99%
  18  GCA_015272465.1            23.05%    passed     56.74%
  19  GCA_002356115.1            24.68%    passed     97.77%
  20  GCA_009833095.1            24.68%    passed     67.31%
  21  GCA_013140465.1            25.00%    passed     96.42%
  22  GCA_001747005.1            23.05%    passed     63.50%
  23  GCA_014635705.1            25.00%    passed     72.52%
  24  GCA_000469665.2            24.68%    passed     27.54%
  25  GCA_002109495.1            24.68%    passed     68.18%
  26  GCA_001458735.1            25.32%    passed     97.19%
  27  GCA_000952155.1            23.05%    passed     85.90%
  28  GCA_000317495.1            22.73%    passed     91.93%
  29  GCA_000317515.1            22.73%    passed     88.11%
  30  GCA_007197755.1            22.40%    passed     55.65%
  31  GCA_001187785.1            25.32%    passed     99.44%
  32  GCA_003719295.1            25.00%    passed     99.12%
  33  GCA_000314005.1            23.05%    passed     97.39%
  34  GCA_004168365.1            24.35%    passed     94.96%
  35  GCA_003015105.1            22.73%    passed     82.52%
  36  GCA_902810445.1            25.65%    passed     27.55%
  37  GCA_001697225.1            25.32%    passed     34.81%
  38  GCA_002868715.1            25.00%    passed     97.34%
  39  GCA_003532895.1            11.04%    passed      5.40%
  40  GCA_002218085.1            22.73%    passed     99.22%
  41  GCA_003015145.1            24.03%    passed     85.67%
  42  GCA_008189685.1            26.30%    failed      0.10%
  43  GCA_003696005.1            24.35%    passed     41.98%
  44  GCA_003551305.1            24.35%    failed      0.14%
  45  GCA_902500715.1            25.32%    passed     65.70%
  46  GCA_004684205.1            25.00%    passed     76.74%
  47  GCA_001828295.1            26.62%    passed     54.57%
  48  GCA_000949635.1            26.62%    passed     50.30%
  49  GCA_001644685.1            25.00%    passed     94.76%
  50  GCA_013141375.1            25.00%    passed     89.76%
  51  GCA_000760695.4            19.48%    passed     98.93%
  52  GCA_017879665.1            25.32%    passed     74.18%
  53  GCA_001772005.1            25.00%    passed     96.88%
  54  GCA_000332035.1            23.05%    passed     69.23%
  55  GCA_016788925.1            25.32%    passed     69.14%
  56  GCA_000740735.1            25.00%    passed     96.84%
  57  GCA_000934545.1            24.35%    passed     37.19%
  58  GCA_001458695.1            25.00%    passed     77.99%
  59  GCA_016207025.1            25.32%    passed     83.26%
  60  GCA_900119825.1            24.68%    passed     57.80%
  61  GCA_003534995.1            24.35%    passed     63.13%
  62  GCA_015709635.1            25.32%    passed     70.77%
  63  GCA_006496635.1            25.00%    passed     33.07%
  64  GCA_000011385.1            22.73%    passed     72.87%
  65  GCA_001828545.1            26.62%    passed     61.87%
  66  GCA_005877815.1            25.32%    passed     34.44%
  67  GCF_004345375.1            25.32%    passed     52.87%
  68  GCA_000263335.1            24.68%    passed     84.70%
  69  GCA_007992375.1            25.00%    passed     78.76%
  70  GCA_001890765.1            22.73%    passed     74.81%
  71  GCA_003149345.1            21.10%    passed     86.43%
  72  GCA_004421105.1            25.00%    passed     99.34%
  73  GCA_002083815.1            22.08%    passed     43.89%
  74  GCA_003576955.1            25.32%    passed     67.97%
  75  GCA_003851125.1            24.68%    passed     81.62%
  76  GCA_010027455.1            25.00%    passed     59.07%
  77  GCA_001803795.1            23.05%    passed     64.84%
  78  GCA_003003885.1            23.05%    passed     67.15%
  79  GCA_004282745.1            25.97%    failed      4.40%
  80  GCA_000214665.1            25.00%    passed     97.62%
  81  GCA_002072955.1            25.00%    passed     98.96%
  82  GCA_016873455.1            25.32%    passed     66.37%
  83  GCA_001870225.1            23.38%    passed     87.81%
  84  GCA_013140535.1            25.32%    passed     77.39%
  85  GCA_000948975.1            25.00%    passed     45.96%
  86  GCA_001566965.1            25.00%    passed     98.90%
  87  GCA_000264455.2            22.40%    passed     52.72%
  88  GCA_000317535.1            22.73%    passed     39.47%
  89  GCA_006385135.1            25.00%    passed     57.84%
  90  GCA_001267195.1            24.68%    passed     99.74%
  91  GCA_000014865.1            25.65%    passed     95.16%
  92  GCA_002355455.1            22.40%    passed     84.29%
  93  GCA_002162035.1            25.00%    passed     65.01%
  94  GCA_001881495.1            25.00%    passed     92.35%
  95  GCA_000317575.1            22.40%    passed     74.56%
  96  GCA_000380225.1            22.40%    passed     59.69%
  97  GCA_003258315.1            24.03%    passed     87.05%
  98  GCA_016592635.1            24.68%    passed     96.43%
  99  GCA_902459485.1            25.00%    passed     98.93%
 100  GCA_001904725.1            23.05%    passed     90.42%
 101  GCA_000013225.1            23.38%    passed     71.18%
 102  GCA_900110495.1            25.32%    passed     74.17%
 103  GCA_000346485.2            22.73%    passed     97.58%
 104  GCA_003644325.1            26.30%    passed     83.76%
 105  GCA_004195045.1            23.05%    passed     43.61%
 106  GCA_013521015.1            25.00%    passed     89.76%
 107  GCA_002924445.1            23.70%    passed     56.36%
 108  GCA_005524015.1            26.62%    passed     40.32%
 109  GCA_000332275.1            22.40%    passed     97.07%
 110  GCA_002007425.1            24.68%    passed     48.64%
 111  GCA_016708925.1            25.00%    passed     99.25%
 112  GCA_000828615.1            25.00%    passed     95.09%
 113  GCA_000228725.3            25.00%    passed     99.77%
 114  GCA_000379525.1            25.00%    passed     98.26%
 115  GCA_001007875.1            25.00%    passed     93.62%
 116  GCA_001469165.1            25.00%    passed     95.88%
****  TOTAL                      24.31%  8 sequences failed composition chi2 test (p-value<5%; df=19)


Create initial parsimony tree by phylogenetic likelihood library (PLL)... 0.059 seconds
NOTE: ModelFinder requires 54 MB RAM!
ModelFinder will test 546 protein models (sample size: 308) ...
 No. Model         -LnL         df  AIC          AICc         BIC
  1  Dayhoff       26005.625    229 52469.249    53819.762    53323.442
  2  Dayhoff+I     25690.019    230 51840.038    53220.038    52697.961
  3  Dayhoff+G4    24397.593    230 49255.185    50635.185    50113.108
  4  Dayhoff+I+G4  24367.662    231 49197.324    50607.639    50058.977
  5  Dayhoff+R2    24737.270    231 49936.539    51346.855    50798.192
  6  Dayhoff+R3    24464.255    233 49394.511    50868.078    50263.624
  7  Dayhoff+R4    24377.238    235 49224.475    50765.031    50101.049
  8  Dayhoff+R5    24354.431    237 49182.863    50794.463    50066.896
  9  Dayhoff+R6    24345.882    239 49169.764    50856.823    50061.258
 10  Dayhoff+R7    24342.520    241 49167.040    50934.374    50065.994
 14  Dayhoff+F     26003.119    248 52502.238    54595.527    53427.303
 15  Dayhoff+F+I   25681.108    249 51860.217    54006.769    52789.012
 16  Dayhoff+F+G4  24378.890    249 49255.781    51402.333    50184.576
 17  Dayhoff+F+I+G4 24347.086    250 49194.173    51395.927    50126.697
 18  Dayhoff+F+R2  24730.492    250 49960.984    52162.738    50893.509
 19  Dayhoff+F+R3  24455.734    252 49415.468    51733.868    50355.453
 20  Dayhoff+F+R4  24359.686    254 49227.372    51671.523    50174.817
 21  Dayhoff+F+R5  24335.836    256 49183.672    51763.751    50138.578
 22  Dayhoff+F+R6  24327.693    258 49171.385    51898.814    50133.751
 23  Dayhoff+F+R7  24320.436    260 49160.872    52048.532    50130.698
 24  Dayhoff+F+R8  24318.560    262 49161.119    52223.608    50138.405
 27  mtMAM         29504.678    229 59467.355    60817.868    60321.548
 28  mtMAM+I       29172.948    230 58805.896    60185.896    59663.819
 29  mtMAM+G4      26538.472    230 53536.944    54916.944    54394.867
 30  mtMAM+I+G4    26519.713    231 53501.426    54911.742    54363.079
 31  mtMAM+R2      27210.644    231 54883.287    56293.603    55744.940
 32  mtMAM+R3      26732.794    233 53931.588    55405.156    54800.701
 33  mtMAM+R4      26587.974    235 53645.947    55186.503    54522.520
 34  mtMAM+R5      26526.684    237 53527.367    55138.967    54411.401
 35  mtMAM+R6      26488.963    239 53455.926    55142.984    54347.419
 36  mtMAM+R7      26473.975    241 53429.949    55197.282    54328.903
 37  mtMAM+R8      26459.681    243 53405.362    55258.237    54311.776
 38  mtMAM+R9      26443.511    245 53377.023    55321.216    54290.897
 39  mtMAM+R10     26432.890    247 53359.781    55401.647    54281.115
 40  mtMAM+F       28000.025    248 56496.049    58589.337    57421.114
 41  mtMAM+F+I     27667.746    249 55833.491    57980.043    56762.286
 42  mtMAM+F+G4    25514.515    249 51527.030    53673.582    52455.825
 43  mtMAM+F+I+G4  25487.898    250 51475.797    53677.551    52408.322
 44  mtMAM+F+R2    26095.546    250 52691.092    54892.846    53623.617
 45  mtMAM+F+R3    25671.210    252 51846.421    54164.821    52786.406
 46  mtMAM+F+R4    25539.784    254 51587.569    54031.720    52535.014
 47  mtMAM+F+R5    25504.938    256 51521.877    54101.955    52476.782
 48  mtMAM+F+R6    25481.348    258 51478.697    54206.126    52441.063
 49  mtMAM+F+R7    25468.194    260 51456.387    54344.047    52426.213
 50  mtMAM+F+R8    25458.950    262 51441.900    54504.388    52419.186
 51  mtMAM+F+R9    25448.349    264 51424.698    54678.652    52409.445
 52  mtMAM+F+R10   25440.416    266 51412.832    54877.319    52405.038
 53  JTT           25962.926    229 52383.853    53734.366    53238.046
 54  JTT+I         25645.834    230 51751.667    53131.667    52609.590
 55  JTT+G4        24324.086    230 49108.172    50488.172    49966.095
 56  JTT+I+G4      24295.275    231 49052.550    50462.866    49914.203
 57  JTT+R2        24665.493    231 49792.985    51203.301    50654.638
 58  JTT+R3        24414.398    233 49294.797    50768.364    50163.910
 59  JTT+R4        24305.359    235 49080.718    50621.274    49957.292
 60  JTT+R5        24294.967    237 49063.935    50675.535    49947.968
 61  JTT+R6        24286.891    239 49051.783    50738.842    49943.277
 62  JTT+R7        24281.804    241 49045.608    50812.942    49944.563
 66  JTT+F         25998.634    248 52493.269    54586.557    53418.334
 67  JTT+F+I       25677.233    249 51852.466    53999.018    52781.261
 68  JTT+F+G4      24359.776    249 49217.552    51364.103    50146.347
 69  JTT+F+I+G4    24328.933    250 49157.866    51359.621    50090.391
 70  JTT+F+R2      24701.919    250 49903.837    52105.592    50836.362
 71  JTT+F+R3      24446.973    252 49397.947    51716.347    50337.932
 72  JTT+F+R4      24342.326    254 49192.653    51636.804    50140.098
 73  JTT+F+R5      24326.440    256 49164.879    51744.957    50119.785
 74  JTT+F+R6      24315.983    258 49147.967    51875.395    50110.333
 75  JTT+F+R7      24312.211    260 49144.421    52032.081    50114.247
 79  WAG           25735.747    229 51929.494    53280.007    52783.687
 80  WAG+I         25436.047    230 51332.095    52712.095    52190.018
 81  WAG+G4        24315.186    230 49090.372    50470.372    49948.295
 82  WAG+I+G4      24270.230    231 49002.460    50412.776    49864.113
 83  WAG+R2        24587.164    231 49636.328    51046.644    50497.981
 84  WAG+R3        24347.498    233 49160.996    50634.563    50030.109
 85  WAG+R4        24275.563    235 49021.125    50561.681    49897.698
 86  WAG+R5        24251.992    237 48977.984    50589.584    49862.018
 87  WAG+R6        24249.000    239 48976.000    50663.059    49867.494
 92  WAG+F         25739.517    248 51975.033    54068.321    52900.098
 93  WAG+F+I       25433.391    249 51364.781    53511.333    52293.576
 94  WAG+F+G4      24319.924    249 49137.849    51284.401    50066.644
 95  WAG+F+I+G4    24273.194    250 49046.389    51248.143    49978.913
 96  WAG+F+R2      24596.406    250 49692.813    51894.567    50625.338
 97  WAG+F+R3      24352.505    252 49209.011    51527.411    50148.996
 98  WAG+F+R4      24279.417    254 49066.834    51510.985    50014.280
 99  WAG+F+R5      24254.464    256 49020.928    51601.007    49975.834
100  WAG+F+R6      24252.298    258 49020.596    51748.024    49982.961
105  cpREV         25909.257    229 52276.515    53627.028    53130.708
106  cpREV+I       25649.961    230 51759.923    53139.923    52617.846
107  cpREV+G4      24441.191    230 49342.381    50722.381    50200.304
108  cpREV+I+G4    24412.080    231 49286.160    50696.476    50147.813
109  cpREV+R2      24735.012    231 49932.023    51342.339    50793.676
110  cpREV+R3      24509.709    233 49485.418    50958.986    50354.531
111  cpREV+R4      24427.457    235 49324.914    50865.470    50201.488
112  cpREV+R5      24396.350    237 49266.701    50878.301    50150.734
113  cpREV+R6      24386.835    239 49251.670    50938.729    50143.164
114  cpREV+R7      24386.030    241 49254.059    51021.393    50153.013
118  cpREV+F       25905.108    248 52306.215    54399.503    53231.280
119  cpREV+F+I     25636.711    249 51771.423    53917.974    52700.218
120  cpREV+F+G4    24458.146    249 49414.293    51560.845    50343.088
121  cpREV+F+I+G4  24429.505    250 49359.010    51560.765    50291.535
122  cpREV+F+R2    24742.092    250 49984.184    52185.938    50916.709
123  cpREV+F+R3    24516.978    252 49537.956    51856.356    50477.941
124  cpREV+F+R4    24439.979    254 49387.959    51832.110    50335.404
125  cpREV+F+R5    24411.226    256 49334.452    51914.530    50289.357
126  cpREV+F+R6    24400.486    258 49316.973    52044.401    50279.338
127  cpREV+F+R7    24400.055    260 49320.111    52207.770    50289.937
131  mtREV         27814.637    229 56087.273    57437.786    56941.466
132  mtREV+I       27502.447    230 55464.894    56844.894    56322.817
133  mtREV+G4      25790.420    230 52040.839    53420.839    52898.762
134  mtREV+I+G4    25769.622    231 52001.245    53411.561    52862.898
135  mtREV+R2      26311.168    231 53084.337    54494.652    53945.990
136  mtREV+R3      25901.190    233 52268.379    53741.947    53137.492
137  mtREV+R4      25801.435    235 52072.871    53613.427    52949.444
138  mtREV+R5      25750.480    237 51974.959    53586.559    52858.993
139  mtREV+R6      25743.284    239 51964.569    53651.628    52856.063
140  mtREV+R7      25741.800    241 51965.600    53732.934    52864.555
144  mtREV+F       26572.656    248 53641.312    55734.600    54566.377
145  mtREV+F+I     26261.083    249 53020.166    55166.717    53948.961
146  mtREV+F+G4    24809.922    249 50117.844    52264.396    51046.639
147  mtREV+F+I+G4  24783.639    250 50067.279    52269.033    50999.804
148  mtREV+F+R2    25226.817    250 50953.635    53155.389    51886.160
149  mtREV+F+R3    24922.117    252 50348.234    52666.634    51288.220
150  mtREV+F+R4    24811.471    254 50130.941    52575.092    51078.387
151  mtREV+F+R5    24770.156    256 50052.312    52632.390    51007.217
152  mtREV+F+R6    24770.127    258 50056.254    52783.683    51018.620
157  rtREV         25843.931    229 52145.862    53496.374    53000.054
158  rtREV+I       25546.415    230 51552.831    52932.831    52410.754
159  rtREV+G4      24289.568    230 49039.136    50419.136    49897.059
160  rtREV+I+G4    24261.187    231 48984.373    50394.689    49846.026
161  rtREV+R2      24615.575    231 49693.150    51103.466    50554.803
162  rtREV+R3      24379.070    233 49224.140    50697.707    50093.253
163  rtREV+R4      24274.818    235 49019.636    50560.191    49896.209
164  rtREV+R5      24249.814    237 48973.627    50585.227    49857.661
165  rtREV+R6      24246.860    239 48971.719    50658.778    49863.213
170  rtREV+F       25665.646    248 51827.291    53920.579    52752.356
171  rtREV+F+I     25364.931    249 51227.862    53374.414    52156.657
172  rtREV+F+G4    24109.055    249 48716.110    50862.662    49644.905
173  rtREV+F+I+G4  24082.872    250 48665.745    50867.499    49598.269
174  rtREV+F+R2    24438.220    250 49376.439    51578.194    50308.964
175  rtREV+F+R3    24203.588    252 48911.176    51229.576    49851.161
176  rtREV+F+R4    24096.876    254 48701.752    51145.903    49649.198
177  rtREV+F+R5    24072.268    256 48656.535    51236.614    49611.441
178  rtREV+F+R6    24066.856    258 48649.712    51377.140    49612.077
183  mtART         28418.220    229 57294.439    58644.952    58148.632
184  mtART+I       28076.897    230 56613.793    57993.793    57471.716
185  mtART+G4      25757.276    230 51974.551    53354.551    52832.474
186  mtART+I+G4    25725.876    231 51913.753    53324.069    52775.406
187  mtART+R2      26378.755    231 53219.511    54629.827    54081.164
188  mtART+R3      25922.057    233 52310.115    53783.682    53179.228
189  mtART+R4      25763.448    235 51996.896    53537.452    52873.470
190  mtART+R5      25718.642    237 51911.284    53522.884    52795.317
191  mtART+R6      25696.365    239 51870.730    53557.789    52762.224
192  mtART+R7      25691.530    241 51865.060    53632.393    52764.014
196  mtART+F       27006.958    248 54509.916    56603.204    55434.981
197  mtART+F+I     26693.119    249 53884.239    56030.791    54813.034
198  mtART+F+G4    24818.929    249 50135.858    52282.409    51064.653
199  mtART+F+I+G4  24794.215    250 50088.429    52290.184    51020.954
200  mtART+F+R2    25341.571    250 51183.142    53384.896    52115.667
201  mtART+F+R3    24949.805    252 50403.611    52722.011    51343.596
202  mtART+F+R4    24833.800    254 50175.600    52619.751    51123.045
203  mtART+F+R5    24775.408    256 50062.816    52642.895    51017.722
204  mtART+F+R6    24772.179    258 50060.357    52787.786    51022.723
209  mtZOA         27434.965    229 55327.930    56678.442    56182.122
210  mtZOA+I       27127.579    230 54715.158    56095.158    55573.081
211  mtZOA+G4      25091.580    230 50643.160    52023.160    51501.083
212  mtZOA+I+G4    25078.474    231 50618.948    52029.264    51480.601
213  mtZOA+R2      25636.023    231 51734.046    53144.362    52595.699
214  mtZOA+R3      25231.980    233 50929.960    52403.527    51799.073
215  mtZOA+R4      25111.721    235 50693.442    52233.997    51570.015
216  mtZOA+R5      25054.244    237 50582.488    52194.088    51466.521
217  mtZOA+R6      25037.889    239 50553.778    52240.836    51445.271
218  mtZOA+R7      25034.774    241 50551.547    52318.880    51450.501
222  mtZOA+F       26493.995    248 53483.989    55577.278    54409.054
223  mtZOA+F+I     26198.694    249 52895.389    55041.941    53824.184
224  mtZOA+F+G4    24529.450    249 49556.901    51703.453    50485.696
225  mtZOA+F+I+G4  24519.373    250 49538.747    51740.501    50471.272
226  mtZOA+F+R2    24983.915    250 50467.830    52669.584    51400.355
227  mtZOA+F+R3    24651.239    252 49806.479    52124.879    50746.464
228  mtZOA+F+R4    24549.121    254 49606.242    52050.393    50553.688
229  mtZOA+F+R5    24489.038    256 49490.076    52070.154    50444.981
230  mtZOA+F+R6    24486.065    258 49488.131    52215.559    50450.497
235  VT            25854.376    229 52166.752    53517.265    53020.945
236  VT+I          25551.226    230 51562.451    52942.451    52420.374
237  VT+G4         24392.160    230 49244.321    50624.321    50102.244
238  VT+I+G4       24358.153    231 49178.305    50588.621    50039.958
239  VT+R2         24691.077    231 49844.154    51254.470    50705.807
240  VT+R3         24455.633    233 49377.267    50850.834    50246.380
241  VT+R4         24366.424    235 49202.849    50743.404    50079.422
242  VT+R5         24341.486    237 49156.973    50768.573    50041.006
243  VT+R6         24341.290    239 49160.581    50847.639    50052.074
248  VT+F          25862.333    248 52220.667    54313.955    53145.731
249  VT+F+I        25556.060    249 51610.120    53756.671    52538.915
250  VT+F+G4       24410.124    249 49318.247    51464.799    50247.042
251  VT+F+I+G4     24375.969    250 49251.938    51453.692    50184.463
252  VT+F+R2       24704.153    250 49908.306    52110.061    50840.831
253  VT+F+R3       24468.157    252 49440.314    51758.714    50380.299
254  VT+F+R4       24383.781    254 49275.562    51719.713    50223.007
255  VT+F+R5       24359.519    256 49231.038    51811.117    50185.944
256  VT+F+R6       24359.346    258 49234.692    51962.120    50197.057
261  LG            25657.967    229 51773.934    53124.447    52628.127
262  LG+I          25356.668    230 51173.337    52553.337    52031.260
263  LG+G4         24049.873    230 48559.746    49939.746    49417.669
264  LG+I+G4       24020.559    231 48503.118    49913.434    49364.771
265  LG+R2         24388.087    231 49238.174    50648.490    50099.827
266  LG+R3         24148.966    233 48763.933    50237.500    49633.046
267  LG+R4         24034.055    235 48538.110    50078.665    49414.683
268  LG+R5         24007.298    237 48488.595    50100.195    49372.629
269  LG+R6         24007.175    239 48492.350    50179.409    49383.844
274  LG+F          25649.875    248 51795.749    53889.037    52720.814
275  LG+F+I        25346.735    249 51191.470    53338.022    52120.265
276  LG+F+G4       24062.622    249 48623.245    50769.796    49552.040
277  LG+F+I+G4     24033.315    250 48566.630    50768.384    49499.155
278  LG+F+R2       24391.939    250 49283.879    51485.633    50216.404
279  LG+F+R3       24157.465    252 48818.931    51137.331    49758.916
280  LG+F+R4       24047.497    254 48602.993    51047.144    49550.439
281  LG+F+R5       24019.927    256 48551.854    51131.932    49506.759
282  LG+F+R6       24019.854    258 48555.708    51283.137    49518.074
287  DCMut         26005.575    229 52469.150    53819.663    53323.343
288  DCMut+I       25689.827    230 51839.655    53219.655    52697.578
289  DCMut+G4      24399.448    230 49258.897    50638.897    50116.819
290  DCMut+I+G4    24369.442    231 49200.884    50611.200    50062.537
291  DCMut+R2      24738.607    231 49939.215    51349.530    50800.868
292  DCMut+R3      24465.775    233 49397.550    50871.118    50266.664
293  DCMut+R4      24378.385    235 49226.769    50767.325    50103.343
294  DCMut+R5      24347.570    237 49169.139    50780.739    50053.173
295  DCMut+R6      24347.502    239 49173.004    50860.063    50064.498
300  DCMut+F       26002.194    248 52500.388    54593.676    53425.453
301  DCMut+F+I     25680.011    249 51858.023    54004.574    52786.817
302  DCMut+F+G4    24379.873    249 49257.746    51404.298    50186.541
303  DCMut+F+I+G4  24348.004    250 49196.008    51397.762    50128.533
304  DCMut+F+R2    24730.907    250 49961.814    52163.569    50894.339
305  DCMut+F+R3    24456.328    252 49416.656    51735.056    50356.641
306  DCMut+F+R4    24360.073    254 49228.146    51672.297    50175.591
307  DCMut+F+R5    24326.290    256 49164.580    51744.659    50119.486
308  DCMut+F+R6    24326.280    258 49168.560    51895.988    50130.925
313  PMB           26049.365    229 52556.730    53907.243    53410.923
314  PMB+I         25745.328    230 51950.656    53330.656    52808.579
315  PMB+G4        24619.491    230 49698.982    51078.982    50556.905
316  PMB+I+G4      24585.347    231 49632.694    51043.009    50494.347
317  PMB+R2        24918.664    231 50299.329    51709.645    51160.982
318  PMB+R3        24678.408    233 49822.816    51296.384    50691.930
319  PMB+R4        24597.219    235 49664.437    51204.993    50541.011
320  PMB+R5        24566.110    237 49606.220    51217.820    50490.253
321  PMB+R6        24566.093    239 49610.187    51297.245    50501.680
326  PMB+F         25996.172    248 52488.344    54581.632    53413.409
327  PMB+F+I       25684.978    249 51867.956    54014.508    52796.751
328  PMB+F+G4      24571.615    249 49641.229    51787.781    50570.024
329  PMB+F+I+G4    24535.846    250 49571.693    51773.447    50504.218
330  PMB+F+R2      24860.283    250 50220.565    52422.319    51153.090
331  PMB+F+R3      24628.479    252 49760.958    52079.358    50700.943
332  PMB+F+R4      24546.414    254 49600.827    52044.978    50548.273
333  PMB+F+R5      24519.118    256 49550.237    52130.315    50505.142
334  PMB+F+R6      24519.061    258 49554.121    52281.550    50516.487
339  HIVb          27136.724    229 54731.448    56081.961    55585.641
340  HIVb+I        26794.628    230 54049.256    55429.256    54907.179
341  HIVb+G4       25107.200    230 50674.399    52054.399    51532.322
342  HIVb+I+G4     25072.486    231 50606.971    52017.287    51468.624
343  HIVb+R2       25500.625    231 51463.251    52873.566    52324.904
344  HIVb+R3       25225.818    233 50917.635    52391.203    51786.749
345  HIVb+R4       25095.540    235 50661.080    52201.636    51537.654
346  HIVb+R5       25051.452    237 50576.904    52188.504    51460.937
347  HIVb+R6       25051.424    239 50580.848    52267.907    51472.342
352  HIVb+F        27059.006    248 54614.011    56707.299    55539.076
353  HIVb+F+I      26715.575    249 53929.150    56075.702    54857.945
354  HIVb+F+G4     25042.285    249 50582.571    52729.122    51511.365
355  HIVb+F+I+G4   25011.328    250 50522.655    52724.410    51455.180
356  HIVb+F+R2     25457.495    250 51414.990    53616.744    52347.515
357  HIVb+F+R3     25166.929    252 50837.859    53156.259    51777.844
358  HIVb+F+R4     25038.477    254 50584.954    53029.105    51532.399
359  HIVb+F+R5     24997.696    256 50507.393    53087.471    51462.298
360  HIVb+F+R6     24997.670    258 50511.341    53238.770    51473.707
365  HIVw          28311.040    229 57080.081    58430.594    57934.274
366  HIVw+I        27958.585    230 56377.171    57757.171    57235.094
367  HIVw+G4       26268.896    230 52997.792    54377.792    53855.715
368  HIVw+I+G4     26230.442    231 52922.884    54333.199    53784.537
369  HIVw+R2       26705.221    231 53872.442    55282.757    54734.095
370  HIVw+R3       26379.408    233 53224.817    54698.384    54093.930
371  HIVw+R4       26259.812    235 52989.624    54530.180    53866.198
372  HIVw+R5       26219.988    237 52913.976    54525.576    53798.010
373  HIVw+R6       26219.931    239 52917.861    54604.920    53809.355
378  HIVw+F        28107.350    248 56710.699    58803.987    57635.764
379  HIVw+F+I      27738.924    249 55975.847    58122.399    56904.642
380  HIVw+F+G4     26045.249    249 52588.497    54735.049    53517.292
381  HIVw+F+I+G4   26013.846    250 52527.691    54729.446    53460.216
382  HIVw+F+R2     26490.082    250 53480.163    55681.918    54412.688
383  HIVw+F+R3     26173.544    252 52851.089    55169.489    53791.074
384  HIVw+F+R4     26043.234    254 52594.468    55038.619    53541.914
385  HIVw+F+R5     25997.560    256 52507.120    55087.199    53462.026
386  HIVw+F+R6     25997.557    258 52511.115    55238.543    53473.481
391  JTTDCMut      25944.991    229 52347.981    53698.494    53202.174
392  JTTDCMut+I    25632.617    230 51725.233    53105.233    52583.156
393  JTTDCMut+G4   24318.918    230 49097.836    50477.836    49955.759
394  JTTDCMut+I+G4 24290.689    231 49043.378    50453.694    49905.031
395  JTTDCMut+R2   24658.148    231 49778.296    51188.612    50639.949
396  JTTDCMut+R3   24407.964    233 49281.927    50755.495    50151.040
397  JTTDCMut+R4   24300.739    235 49071.477    50612.033    49948.051
398  JTTDCMut+R5   24281.479    237 49036.958    50648.558    49920.992
399  JTTDCMut+R6   24277.155    239 49032.309    50719.368    49923.803
404  JTTDCMut+F    25977.133    248 52450.265    54543.554    53375.330
405  JTTDCMut+F+I  25659.430    249 51816.860    53963.412    52745.655
406  JTTDCMut+F+G4 24349.396    249 49196.791    51343.343    50125.586
407  JTTDCMut+F+I+G4 24318.817    250 49137.635    51339.389    50070.160
408  JTTDCMut+F+R2 24689.830    250 49879.660    52081.414    50812.185
409  JTTDCMut+F+R3 24435.828    252 49375.655    51694.055    50315.641
410  JTTDCMut+F+R4 24332.394    254 49172.788    51616.939    50120.233
411  JTTDCMut+F+R5 24306.490    256 49124.980    51705.058    50079.885
412  JTTDCMut+F+R6 24305.004    258 49126.009    51853.437    50088.375
417  FLU           26714.029    229 53886.058    55236.571    54740.251
418  FLU+I         26394.296    230 53248.591    54628.591    54106.514
419  FLU+G4        24869.041    230 50198.083    51578.083    51056.006
420  FLU+I+G4      24833.536    231 50129.071    51539.387    50990.724
421  FLU+R2        25240.879    231 50943.759    52354.075    51805.412
422  FLU+R3        24956.949    233 50379.898    51853.465    51249.011
423  FLU+R4        24857.591    235 50185.182    51725.738    51061.756
424  FLU+R5        24818.991    237 50111.982    51723.582    50996.016
425  FLU+R6        24817.172    239 50112.345    51799.403    51003.839
430  FLU+F         26685.475    248 53866.951    55960.239    54792.015
431  FLU+F+I       26355.941    249 53209.883    55356.435    54138.678
432  FLU+F+G4      24827.999    249 50153.998    52300.550    51082.793
433  FLU+F+I+G4    24790.164    250 50080.328    52282.082    51012.853
434  FLU+F+R2      25203.565    250 50907.129    53108.884    51839.654
435  FLU+F+R3      24912.332    252 50328.665    52647.065    51268.650
436  FLU+F+R4      24817.677    254 50143.353    52587.504    51090.799
437  FLU+F+R5      24770.826    256 50053.652    52633.731    51008.558
438  FLU+F+R6      24769.734    258 50055.468    52782.896    51017.833
443  Blosum62      26025.843    229 52509.686    53860.199    53363.879
444  Blosum62+I    25727.314    230 51914.628    53294.628    52772.550
445  Blosum62+G4   24603.429    230 49666.859    51046.859    50524.782
446  Blosum62+I+G4 24570.001    231 49602.003    51012.318    50463.656
447  Blosum62+R2   24900.721    231 50263.443    51673.759    51125.096
448  Blosum62+R3   24667.870    233 49801.741    51275.308    50670.854
449  Blosum62+R4   24581.063    235 49632.127    51172.682    50508.700
450  Blosum62+R5   24552.081    237 49578.161    51189.761    50462.195
451  Blosum62+R6   24551.469    239 49580.938    51267.997    50472.432
456  Blosum62+F    26029.609    248 52555.218    54648.506    53480.283
457  Blosum62+F+I  25724.872    249 51947.745    54094.296    52876.539
458  Blosum62+F+G4 24604.045    249 49706.090    51852.642    50634.885
459  Blosum62+F+I+G4 24570.529    250 49641.058    51842.812    50573.583
460  Blosum62+F+R2 24893.107    250 50286.214    52487.968    51218.739
461  Blosum62+F+R3 24666.395    252 49836.791    52155.191    50776.776
462  Blosum62+F+R4 24579.433    254 49666.866    52111.017    50614.311
463  Blosum62+F+R5 24553.341    256 49618.683    52198.761    50573.588
464  Blosum62+F+R6 24552.784    258 49621.568    52348.996    50583.933
469  mtMet         27941.377    229 56340.754    57691.267    57194.947
470  mtMet+I       27646.961    230 55753.921    57133.921    56611.844
471  mtMet+G4      25735.066    230 51930.132    53310.132    52788.055
472  mtMet+I+G4    25714.079    231 51890.159    53300.475    52751.812
473  mtMet+R2      26252.190    231 52966.381    54376.696    53828.034
474  mtMet+R3      25862.829    233 52191.659    53665.226    53060.772
475  mtMet+R4      25760.747    235 51991.494    53532.049    52868.067
476  mtMet+R5      25686.409    237 51846.818    53458.418    52730.851
477  mtMet+R6      25685.422    239 51848.844    53535.903    52740.338
482  mtMet+F       26807.835    248 54111.670    56204.958    55036.735
483  mtMet+F+I     26517.940    249 53533.880    55680.431    54462.674
484  mtMet+F+G4    24831.970    249 50161.940    52308.491    51090.734
485  mtMet+F+I+G4  24818.766    250 50137.533    52339.287    51070.058
486  mtMet+F+R2    25297.194    250 51094.389    53296.143    52026.914
487  mtMet+F+R3    24948.154    252 50400.307    52718.707    51340.292
488  mtMet+F+R4    24869.631    254 50247.261    52691.412    51194.707
489  mtMet+F+R5    24789.043    256 50090.086    52670.165    51044.992
490  mtMet+F+R6    24788.031    258 50092.062    52819.490    51054.427
495  mtVer         28648.748    229 57755.497    59106.010    58609.690
496  mtVer+I       28344.483    230 57148.966    58528.966    58006.889
497  mtVer+G4      26139.063    230 52738.127    54118.127    53596.050
498  mtVer+I+G4    26118.768    231 52699.536    54109.852    53561.189
499  mtVer+R2      26694.798    231 53851.597    55261.912    54713.250
500  mtVer+R3      26297.350    233 53060.701    54534.268    53929.814
501  mtVer+R4      26190.727    235 52851.453    54392.009    53728.027
502  mtVer+R5      26098.503    237 52671.006    54282.606    53555.039
503  mtVer+R6      26097.347    239 52672.694    54359.753    53564.188
508  mtVer+F       27495.699    248 55487.398    57580.686    56412.463
509  mtVer+F+I     27181.417    249 54860.834    57007.385    55789.628
510  mtVer+F+G4    25335.540    249 51169.080    53315.632    52097.875
511  mtVer+F+I+G4  25316.156    250 51132.313    53334.067    52064.838
512  mtVer+F+R2    25851.438    250 52202.876    54404.631    53135.401
513  mtVer+F+R3    25457.842    252 51419.683    53738.083    52359.669
514  mtVer+F+R4    25376.923    254 51261.847    53705.998    52209.292
515  mtVer+F+R5    25294.306    256 51100.613    53680.691    52055.518
516  mtVer+F+R6    25293.615    258 51103.230    53830.658    52065.595
521  mtInv         27761.424    229 55980.848    57331.361    56835.041
522  mtInv+I       27460.040    230 55380.080    56760.080    56238.003
523  mtInv+G4      25720.713    230 51901.425    53281.425    52759.348
524  mtInv+I+G4    25703.931    231 51869.861    53280.177    52731.514
525  mtInv+R2      26219.741    231 52901.483    54311.799    53763.136
526  mtInv+R3      25840.132    233 52146.264    53619.831    53015.377
527  mtInv+R4      25738.439    235 51946.879    53487.435    52823.452
528  mtInv+R5      25683.654    237 51841.307    53452.907    52725.341
529  mtInv+R6      25683.612    239 51845.225    53532.283    52736.718
534  mtInv+F       26386.826    248 53269.652    55362.940    54194.717
535  mtInv+F+I     26089.755    249 52677.510    54824.062    53606.305
536  mtInv+F+G4    24573.887    249 49645.775    51792.327    50574.570
537  mtInv+F+I+G4  24560.049    250 49620.099    51821.853    50552.624
538  mtInv+F+R2    24995.441    250 50490.882    52692.636    51423.407
539  mtInv+F+R3    24696.326    252 49896.652    52215.052    50836.638
540  mtInv+F+R4    24598.741    254 49705.481    52149.632    50652.927
541  mtInv+F+R5    24529.921    256 49571.842    52151.921    50526.748
542  mtInv+F+R6    24529.918    258 49575.836    52303.265    50538.202
Akaike Information Criterion:           LG+R5
Corrected Akaike Information Criterion: LG+I+G4
Bayesian Information Criterion:         LG+I+G4
Best-fit model: LG+I+G4 chosen according to BIC

All model information printed to /mnt/ivy/thliao/project/AOB/analysis/20210713_repeat/add_Chromatiaces/phy_files/P39_prot/withEuk/NP_043172.1.model.gz
CPU time for ModelFinder: 1858.046 seconds (0h:30m:58s)
Wall-clock time for ModelFinder: 934.980 seconds (0h:15m:34s)
Generating 1000 samples for ultrafast bootstrap (seed: 807874)...

NOTE: 22 MB RAM (0 GB) is required!
Estimate model parameters (epsilon = 0.100)
Thoroughly optimizing +I+G parameters from 10 start values...
Init pinv, alpha: 0.000, 1.000 / Estimate: 0.058, 1.014 / LogL: -24020.559
Init pinv, alpha: 0.025, 1.000 / Estimate: 0.057, 1.014 / LogL: -24020.561
Init pinv, alpha: 0.049, 1.000 / Estimate: 0.058, 1.014 / LogL: -24020.560
Init pinv, alpha: 0.074, 1.000 / Estimate: 0.060, 1.017 / LogL: -24020.561
Init pinv, alpha: 0.098, 1.000 / Estimate: 0.060, 1.016 / LogL: -24020.559
Init pinv, alpha: 0.123, 1.000 / Estimate: 0.060, 1.016 / LogL: -24020.561
Init pinv, alpha: 0.147, 1.000 / Estimate: 0.060, 1.016 / LogL: -24020.563
Init pinv, alpha: 0.172, 1.000 / Estimate: 0.061, 1.017 / LogL: -24020.565
Init pinv, alpha: 0.196, 1.000 / Estimate: 0.059, 1.016 / LogL: -24020.559
Init pinv, alpha: 0.221, 1.000 / Estimate: 0.059, 1.016 / LogL: -24020.559
Optimal pinv,alpha: 0.059, 1.016 / LogL: -24020.559

Parameters optimization took 10.084 sec
Computing ML distances based on estimated model parameters... 6.223 sec
Computing BIONJ tree...
0.016 seconds
Log-likelihood of BIONJ tree: -24056.794
--------------------------------------------------------------------
|             INITIALIZING CANDIDATE TREE SET                      |
--------------------------------------------------------------------
Generating 98 parsimony trees... 5.410 second
Computing log-likelihood of 98 initial trees ... 14.592 seconds
Current best score: -24014.374

Do NNI search on 20 best initial trees
Estimate model parameters (epsilon = 0.100)
BETTER TREE FOUND at iteration 1: -23948.621
Estimate model parameters (epsilon = 0.100)
BETTER TREE FOUND at iteration 3: -23946.792
Estimate model parameters (epsilon = 0.100)
BETTER TREE FOUND at iteration 4: -23934.993
Iteration 10 / LogL: -23951.980 / Time: 0h:0m:49s
Iteration 20 / LogL: -23942.427 / Time: 0h:1m:4s
Finish initializing candidate tree set (20)
Current best tree score: -23934.993 / CPU time: 51.641
Number of iterations: 20
--------------------------------------------------------------------
|               OPTIMIZING CANDIDATE TREE SET                      |
--------------------------------------------------------------------
Estimate model parameters (epsilon = 0.100)
BETTER TREE FOUND at iteration 28: -23932.065
Estimate model parameters (epsilon = 0.100)
BETTER TREE FOUND at iteration 30: -23926.859
Iteration 30 / LogL: -23926.859 / Time: 0h:1m:22s (0h:4m:45s left)
Estimate model parameters (epsilon = 0.100)
BETTER TREE FOUND at iteration 32: -23925.051
Estimate model parameters (epsilon = 0.100)
BETTER TREE FOUND at iteration 36: -23924.691
Estimate model parameters (epsilon = 0.100)
BETTER TREE FOUND at iteration 40: -23922.853
Iteration 40 / LogL: -23922.853 / Time: 0h:1m:41s (0h:4m:20s left)
Estimate model parameters (epsilon = 0.100)
BETTER TREE FOUND at iteration 43: -23919.393
Estimate model parameters (epsilon = 0.100)
BETTER TREE FOUND at iteration 46: -23918.476
Iteration 50 / LogL: -23933.112 / Time: 0h:2m:1s (0h:3m:57s left)
Log-likelihood cutoff on original alignment: -24009.939
UFBoot trees printed to /mnt/ivy/thliao/project/AOB/analysis/20210713_repeat/add_Chromatiaces/phy_files/P39_prot/withEuk/NP_043172.1.ufboot
Estimate model parameters (epsilon = 0.100)
BETTER TREE FOUND at iteration 57: -23917.160
Iteration 60 / LogL: -23934.460 / Time: 0h:2m:20s (0h:3m:51s left)
Iteration 70 / LogL: -23936.647 / Time: 0h:2m:38s (0h:3m:20s left)
Iteration 80 / LogL: -23919.294 / Time: 0h:2m:56s (0h:2m:51s left)
Iteration 90 / LogL: -23917.537 / Time: 0h:3m:14s (0h:2m:26s left)
Iteration 100 / LogL: -23935.882 / Time: 0h:3m:31s (0h:2m:1s left)
Log-likelihood cutoff on original alignment: -24009.939
NOTE: Bootstrap correlation coefficient of split occurrence frequencies: 0.994
UFBoot trees printed to /mnt/ivy/thliao/project/AOB/analysis/20210713_repeat/add_Chromatiaces/phy_files/P39_prot/withEuk/NP_043172.1.ufboot
Iteration 110 / LogL: -23923.706 / Time: 0h:3m:49s (0h:3m:9s left)
Iteration 120 / LogL: -23928.352 / Time: 0h:4m:5s (0h:2m:45s left)
Estimate model parameters (epsilon = 0.100)
UPDATE BEST LOG-LIKELIHOOD: -23917.097
Iteration 130 / LogL: -23917.200 / Time: 0h:4m:23s (0h:2m:23s left)
Iteration 140 / LogL: -23918.030 / Time: 0h:4m:41s (0h:2m:1s left)
Iteration 150 / LogL: -23923.211 / Time: 0h:4m:58s (0h:1m:40s left)
Log-likelihood cutoff on original alignment: -24009.939
UFBoot trees printed to /mnt/ivy/thliao/project/AOB/analysis/20210713_repeat/add_Chromatiaces/phy_files/P39_prot/withEuk/NP_043172.1.ufboot
TREE SEARCH COMPLETED AFTER 158 ITERATIONS / Time: 0h:5m:14s

--------------------------------------------------------------------
|                    FINALIZING TREE SEARCH                        |
--------------------------------------------------------------------
Performs final model parameters optimization
Estimate model parameters (epsilon = 0.010)
1. Initial log-likelihood: -23917.097
Optimal log-likelihood: -23917.097
Proportion of invariable sites: 0.059
Gamma shape alpha: 1.040
Parameters optimization took 1 rounds (0.258 sec)
BEST SCORE FOUND : -23917.097
Creating bootstrap support values...
Split supports printed to NEXUS file /mnt/ivy/thliao/project/AOB/analysis/20210713_repeat/add_Chromatiaces/phy_files/P39_prot/withEuk/NP_043172.1.splits.nex
Total tree length: 36.421

Total number of iterations: 158
CPU time used for tree search: 584.280 sec (0h:9m:44s)
Wall-clock time used for tree search: 300.260 sec (0h:5m:0s)
Total CPU time used: 613.254 sec (0h:10m:13s)
Total wall-clock time used: 315.139 sec (0h:5m:15s)
UFBoot trees printed to /mnt/ivy/thliao/project/AOB/analysis/20210713_repeat/add_Chromatiaces/phy_files/P39_prot/withEuk/NP_043172.1.ufboot

Computing bootstrap consensus tree...
Reading input file /mnt/ivy/thliao/project/AOB/analysis/20210713_repeat/add_Chromatiaces/phy_files/P39_prot/withEuk/NP_043172.1.splits.nex...
116 taxa and 734 splits.
Consensus tree written to /mnt/ivy/thliao/project/AOB/analysis/20210713_repeat/add_Chromatiaces/phy_files/P39_prot/withEuk/NP_043172.1.contree
Reading input trees file /mnt/ivy/thliao/project/AOB/analysis/20210713_repeat/add_Chromatiaces/phy_files/P39_prot/withEuk/NP_043172.1.contree
Log-likelihood of consensus tree: -23917.097

Analysis results written to: 
  IQ-TREE report:                /mnt/ivy/thliao/project/AOB/analysis/20210713_repeat/add_Chromatiaces/phy_files/P39_prot/withEuk/NP_043172.1.iqtree
  Maximum-likelihood tree:       /mnt/ivy/thliao/project/AOB/analysis/20210713_repeat/add_Chromatiaces/phy_files/P39_prot/withEuk/NP_043172.1.treefile
  Likelihood distances:          /mnt/ivy/thliao/project/AOB/analysis/20210713_repeat/add_Chromatiaces/phy_files/P39_prot/withEuk/NP_043172.1.mldist

Ultrafast bootstrap approximation results written to:
  Split support values:          /mnt/ivy/thliao/project/AOB/analysis/20210713_repeat/add_Chromatiaces/phy_files/P39_prot/withEuk/NP_043172.1.splits.nex
  Consensus tree:                /mnt/ivy/thliao/project/AOB/analysis/20210713_repeat/add_Chromatiaces/phy_files/P39_prot/withEuk/NP_043172.1.contree
  UFBoot trees:                  /mnt/ivy/thliao/project/AOB/analysis/20210713_repeat/add_Chromatiaces/phy_files/P39_prot/withEuk/NP_043172.1.ufboot
  Screen log file:               /mnt/ivy/thliao/project/AOB/analysis/20210713_repeat/add_Chromatiaces/phy_files/P39_prot/withEuk/NP_043172.1.log

Date and Time: Mon Dec 12 09:57:46 2022
