IQ-TREE multicore version 1.6.12 for Linux 64-bit built Aug 15 2019
Developed by Bui Quang Minh, Nguyen Lam Tung, Olga Chernomor,
Heiko Schmidt, Dominik Schrempf, Michael Woodhams.

Host:    cl006 (AVX512, FMA3, 125 GB RAM)
Command: iqtree -nt 2 -redo -wbtl -bb 1000 -pre /mnt/ivy/thliao/project/AOB/analysis/20210713_repeat/add_Chromatiaces/phy_files/P39_prot/withEuk/NP_043173.1 -s /mnt/ivy/thliao/project/AOB/analysis/20210713_repeat/add_Chromatiaces/phy_files/P39_prot/withEuk/NP_043173.1.aln
Seed:    458831 (Using SPRNG - Scalable Parallel Random Number Generator)
Time:    Mon Dec 12 09:38:59 2022
Kernel:  AVX+FMA - 2 threads (64 CPU cores detected)

Reading alignment file /mnt/ivy/thliao/project/AOB/analysis/20210713_repeat/add_Chromatiaces/phy_files/P39_prot/withEuk/NP_043173.1.aln ... Fasta format detected
Alignment most likely contains protein sequences
Alignment has 120 sequences with 344 columns, 299 distinct patterns
192 parsimony-informative, 76 singleton sites, 76 constant sites
                           Gap/Ambiguity  Composition  p-value
   1  Chondrus_crispus            61.92%    failed      1.94%
   2  Cyanidioschyzon_merolae     63.95%    passed     26.28%
   3  Cyanophora_paradoxa         63.37%    passed     95.77%
   4  Cyanoptyche_gloeocystis     62.50%    passed     87.63%
   5  Galdieria_sulphuraria       61.63%    failed      0.06%
   6  Gloeochaete_wittrockiana    62.21%    passed     23.22%
   7  NC_000926.1                 62.50%    passed     93.68%
   8  NC_008588.1                 62.79%    passed     99.91%
   9  NC_008589.1                 62.79%    passed     99.41%
  10  Oltmannsiellopsis_viridis   62.50%    passed     94.90%
  11  Palmophyllum_crassum        60.17%    failed      0.04%
  12  Pedinomonas_tuberculata     61.63%    passed     99.37%
  13  Porphyra_umbilicalis        62.50%    passed     91.61%
  14  Porphyridium_purpureum      62.79%    passed     99.68%
  15  Tetradesmus_obliquus        61.63%    passed     99.25%
  16  Tupiella_akineta            62.50%    passed     81.13%
  17  GCA_000473895.1             60.47%    passed     85.46%
  18  GCA_015709615.1             63.37%    passed     99.58%
  19  GCA_000024725.1             63.08%    passed     94.99%
  20  GCA_900107585.1             63.08%    passed     49.90%
  21  GCA_014859375.1             63.95%    passed     87.11%
  22  GCA_015272465.1             61.34%    passed     88.76%
  23  GCA_002356115.1             63.66%    passed     96.80%
  24  GCA_009833095.1             63.08%    passed     98.76%
  25  GCA_013140465.1             64.83%    passed     83.97%
  26  GCA_001747005.1             63.37%    passed     98.98%
  27  GCA_014635705.1             63.66%    passed     73.05%
  28  GCA_000469665.2             63.66%    passed     70.05%
  29  GCA_002109495.1             62.79%    passed     99.83%
  30  GCA_001458735.1              9.59%    failed      4.57%
  31  GCA_000952155.1             61.92%    passed     98.27%
  32  GCA_000317495.1             62.50%    passed     98.18%
  33  GCA_000317515.1             61.92%    passed     99.72%
  34  GCA_007197755.1             63.95%    passed     50.16%
  35  GCA_001187785.1             63.37%    passed     99.57%
  36  GCA_003719295.1             63.37%    passed     95.40%
  37  GCA_000314005.1             61.34%    passed     99.47%
  38  GCA_004168365.1             63.66%    passed     94.39%
  39  GCA_003015105.1             61.92%    passed     96.99%
  40  GCA_902810445.1             63.66%    passed     78.22%
  41  GCA_001697225.1             63.37%    passed     95.68%
  42  GCA_002868715.1             63.37%    passed     99.96%
  43  GCA_002218085.1             62.21%    passed     99.98%
  44  GCA_003015145.1             63.95%    passed     43.45%
  45  GCA_008189685.1             61.05%    failed      0.50%
  46  GCA_003696005.1             62.21%    passed     99.88%
  47  GCA_003551305.1             59.59%    passed     21.42%
  48  GCA_902500715.1              9.59%    failed      1.21%
  49  GCA_004684205.1             62.79%    passed     80.93%
  50  GCA_001828295.1             59.88%    passed     99.94%
  51  GCA_000949635.1             59.30%    passed     99.72%
  52  GCA_001644685.1             64.24%    passed     99.03%
  53  GCA_013141375.1             64.53%    passed     91.51%
  54  GCA_000760695.4             61.92%    passed     99.93%
  55  GCA_017879665.1              9.88%    failed      2.14%
  56  GCA_001772005.1             63.08%    passed     84.40%
  57  GCA_000332035.1             61.34%    passed     99.81%
  58  GCA_016788925.1              9.88%    failed      3.03%
  59  GCA_000740735.1             63.37%    passed     98.42%
  60  GCA_000934545.1             63.95%    passed     94.07%
  61  GCA_001458695.1              9.59%    failed      1.08%
  62  GCA_016207025.1              9.88%    passed      7.36%
  63  GCA_900119825.1             63.95%    passed     84.61%
  64  GCA_003534995.1             59.01%    passed     88.37%
  65  GCA_015709635.1             63.08%    passed     99.67%
  66  GCA_006496635.1             63.95%    passed     96.86%
  67  GCA_000011385.1             60.17%    passed     93.14%
  68  GCA_001828545.1             60.76%    passed     92.58%
  69  GCA_005877815.1             10.47%    failed      0.59%
  70  GCF_004345375.1             63.08%    passed     99.33%
  71  GCA_000263335.1             64.83%    passed     94.49%
  72  GCA_018655245.1             63.95%    passed     96.14%
  73  GCA_007992375.1             63.95%    passed     99.55%
  74  GCA_001890765.1             61.63%    passed     95.12%
  75  GCA_003149345.1             62.50%    passed     99.26%
  76  GCA_004421105.1             63.08%    passed     98.92%
  77  GCA_002083815.1             63.37%    passed     96.43%
  78  GCA_003576955.1              9.88%    passed     13.21%
  79  GCA_003851125.1             63.95%    passed     99.32%
  80  GCA_010027455.1             63.66%    passed     73.78%
  81  GCA_001803795.1             63.66%    passed     90.50%
  82  GCA_003003885.1             62.21%    passed     98.47%
  83  GCA_004282745.1             59.59%    passed     97.66%
  84  GCA_000214665.1             64.53%    passed     99.23%
  85  GCA_002072955.1             64.24%    passed     91.10%
  86  GCA_016873455.1              9.59%    failed      0.48%
  87  GCA_001870225.1             61.05%    passed     92.19%
  88  GCA_013140535.1             10.47%    failed      0.58%
  89  GCA_000948975.1             64.53%    passed     91.84%
  90  GCA_001566965.1             63.37%    passed     86.10%
  91  GCA_000264455.2             63.66%    passed     76.99%
  92  GCA_000317535.1             62.79%    passed     99.58%
  93  GCA_006385135.1             64.24%    passed     85.06%
  94  GCA_001267195.1             64.24%    passed     92.23%
  95  GCA_000014865.1             64.24%    passed     92.21%
  96  GCA_002355455.1             62.21%    passed     97.30%
  97  GCA_002162035.1             63.37%    passed     97.97%
  98  GCA_001881495.1             63.08%    passed     18.57%
  99  GCA_000317575.1             62.21%    passed     97.30%
 100  GCA_000380225.1             62.50%    passed     96.33%
 101  GCA_003258315.1             63.37%    passed     96.90%
 102  GCA_016592635.1             64.24%    passed     87.06%
 103  GCA_902459485.1             63.95%    passed     97.62%
 104  GCA_001904725.1             61.92%    passed     99.90%
 105  GCA_000013225.1             60.47%    passed     83.39%
 106  GCA_900110495.1             63.37%    passed     97.14%
 107  GCA_000346485.2             62.21%    passed     98.92%
 108  GCA_003644325.1             61.63%    passed     61.84%
 109  GCA_004195045.1             63.08%    passed     39.78%
 110  GCA_013521015.1             63.37%    passed     83.41%
 111  GCA_002924445.1             63.37%    passed     58.75%
 112  GCA_005524015.1             59.59%    passed     99.90%
 113  GCA_000332275.1             63.08%    passed     94.56%
 114  GCA_002007425.1             63.66%    passed     96.33%
 115  GCA_016708925.1             63.37%    passed     99.05%
 116  GCA_000828615.1             63.37%    passed     96.24%
 117  GCA_000228725.3             63.37%    passed     98.69%
 118  GCA_000379525.1             63.66%    passed     97.53%
 119  GCA_001007875.1             63.66%    passed     93.02%
 120  GCA_001469165.1             63.95%    passed     90.95%
WARNING: 110 sequences contain more than 50% gaps/ambiguity
****  TOTAL                       58.36%  12 sequences failed composition chi2 test (p-value<5%; df=19)
NOTE: GCA_000317575.1 is identical to GCA_002355455.1 but kept for subsequent analysis


Create initial parsimony tree by phylogenetic likelihood library (PLL)... 0.112 seconds
NOTE: ModelFinder requires 60 MB RAM!
ModelFinder will test 546 protein models (sample size: 344) ...
 No. Model         -LnL         df  AIC          AICc         BIC
  1  Dayhoff       15250.698    237 30975.397    32039.661    31885.629
  2  Dayhoff+I     15228.156    238 30932.311    32015.778    31846.384
  3  Dayhoff+G4    14795.077    238 30066.155    31149.621    30980.227
  4  Dayhoff+I+G4  14794.489    239 30066.979    31170.056    30984.892
  5  Dayhoff+R2    14879.798    239 30237.596    31340.673    31155.509
  6  Dayhoff+R3    14792.307    241 30066.614    31210.182    30992.209
  7  Dayhoff+R4    14782.191    243 30050.382    31236.222    30983.658
  8  Dayhoff+R5    14776.975    245 30043.950    31273.950    30984.907
 14  Dayhoff+F     15026.959    256 30565.917    32078.377    31549.122
 15  Dayhoff+F+I   15012.190    257 30538.381    32080.381    31525.426
 16  Dayhoff+F+G4  14557.094    257 29628.189    31170.189    30615.234
 17  Dayhoff+F+I+G4 14557.306    258 29630.612    31202.894    30621.497
 18  Dayhoff+F+R2  14641.127    258 29798.253    31370.536    30789.139
 19  Dayhoff+F+R3  14563.392    260 29646.784    31281.965    30645.351
 20  Dayhoff+F+R4  14545.419    262 29614.838    31316.221    30621.086
 21  Dayhoff+F+R5  14540.039    264 29608.078    31379.218    30622.008
 27  mtMAM         17548.691    237 35571.382    36635.646    36481.614
 28  mtMAM+I       17531.445    238 35538.890    36622.357    36452.963
 29  mtMAM+G4      16268.846    238 33013.691    34097.158    33927.764
 30  mtMAM+I+G4    16268.969    239 33015.938    34119.015    33933.851
 31  mtMAM+R2      16514.709    239 33507.418    34610.495    34425.332
 32  mtMAM+R3      16320.527    241 33123.055    34266.624    34048.650
 33  mtMAM+R4      16276.437    243 33038.874    34224.714    33972.150
 34  mtMAM+R5      16242.762    245 32975.524    34205.524    33916.481
 35  mtMAM+R6      16233.830    247 32961.660    34237.826    33910.298
 36  mtMAM+R7      16221.945    249 32941.891    34266.359    33898.211
 37  mtMAM+R8      16216.065    251 32934.131    34309.174    33898.132
 38  mtMAM+R9      16213.571    253 32933.143    34361.187    33904.825
 40  mtMAM+F       16436.754    256 33385.508    34897.967    34368.712
 41  mtMAM+F+I     16416.763    257 33347.526    34889.526    34334.571
 42  mtMAM+F+G4    15397.719    257 31309.438    32851.438    32296.482
 43  mtMAM+F+I+G4  15397.756    258 31311.512    32883.794    32302.397
 44  mtMAM+F+R2    15632.480    258 31780.960    33353.243    32771.846
 45  mtMAM+F+R3    15445.214    260 31410.428    33045.609    32408.995
 46  mtMAM+F+R4    15402.387    262 31328.773    33030.156    32335.021
 47  mtMAM+F+R5    15387.320    264 31302.639    33073.778    32316.569
 48  mtMAM+F+R6    15377.157    266 31286.314    33131.041    32307.925
 49  mtMAM+F+R7    15370.391    268 31276.782    33199.236    32306.074
 50  mtMAM+F+R8    15365.054    270 31270.107    33274.765    32307.080
 53  JTT           15370.583    237 31215.166    32279.430    32125.398
 54  JTT+I         15339.618    238 31155.237    32238.703    32069.309
 55  JTT+G4        14849.916    238 30175.832    31259.299    31089.905
 56  JTT+I+G4      14848.385    239 30174.769    31277.846    31092.683
 57  JTT+R2        14934.320    239 30346.640    31449.717    31264.554
 58  JTT+R3        14855.968    241 30193.937    31337.506    31119.532
 59  JTT+R4        14831.542    243 30149.085    31334.925    31082.361
 60  JTT+R5        14830.170    245 30150.340    31380.340    31091.297
 66  JTT+F         15129.639    256 30771.279    32283.739    31754.483
 67  JTT+F+I       15110.435    257 30734.871    32276.871    31721.915
 68  JTT+F+G4      14589.913    257 29693.826    31235.826    30680.871
 69  JTT+F+I+G4    14590.073    258 29696.145    31268.428    30687.031
 70  JTT+F+R2      14675.668    258 29867.335    31439.618    30858.221
 71  JTT+F+R3      14604.875    260 29729.750    31364.931    30728.317
 72  JTT+F+R4      14574.250    262 29672.500    31373.882    30678.748
 73  JTT+F+R5      14574.002    264 29676.005    31447.144    30689.934
 79  WAG           15303.881    237 31081.762    32146.026    31991.994
 80  WAG+I         15264.614    238 31005.228    32088.695    31919.301
 81  WAG+G4        14788.298    238 30052.597    31136.063    30966.670
 82  WAG+I+G4      14785.015    239 30048.031    31151.108    30965.944
 83  WAG+R2        14877.739    239 30233.477    31336.554    31151.391
 84  WAG+R3        14786.179    241 30054.359    31197.927    30979.954
 85  WAG+R4        14773.177    243 30032.353    31218.193    30965.629
 86  WAG+R5        14769.126    245 30028.252    31258.252    30969.209
 92  WAG+F         15151.811    256 30815.623    32328.083    31798.827
 93  WAG+F+I       15118.620    257 30751.240    32293.240    31738.285
 94  WAG+F+G4      14627.193    257 29768.386    31310.386    30755.431
 95  WAG+F+I+G4    14624.931    258 29765.862    31338.144    30756.747
 96  WAG+F+R2      14719.891    258 29955.783    31528.065    30946.668
 97  WAG+F+R3      14636.249    260 29792.497    31427.678    30791.064
 98  WAG+F+R4      14612.026    262 29748.053    31449.435    30754.301
 99  WAG+F+R5      14609.681    264 29747.361    31518.500    30761.291
105  cpREV         15733.179    237 31940.359    33004.623    32850.591
106  cpREV+I       15669.371    238 31814.743    32898.209    32728.815
107  cpREV+G4      15100.383    238 30676.766    31760.232    31590.838
108  cpREV+I+G4    15092.560    239 30663.120    31766.197    31581.033
109  cpREV+R2      15215.085    239 30908.170    32011.247    31826.083
110  cpREV+R3      15108.884    241 30699.768    31843.337    31625.363
111  cpREV+R4      15082.868    243 30651.735    31837.575    31585.011
112  cpREV+R5      15076.250    245 30642.499    31872.499    31583.457
113  cpREV+R6      15068.822    247 30631.644    31907.811    31580.283
114  cpREV+R7      15068.515    249 30635.030    31959.498    31591.349
118  cpREV+F       15378.791    256 31269.582    32782.042    32252.787
119  cpREV+F+I     15329.113    257 31172.225    32714.225    32159.270
120  cpREV+F+G4    14787.339    257 30088.679    31630.679    31075.723
121  cpREV+F+I+G4  14782.336    258 30080.671    31652.954    31071.557
122  cpREV+F+R2    14898.772    258 30313.543    31885.826    31304.429
123  cpREV+F+R3    14802.332    260 30124.664    31759.845    31123.231
124  cpREV+F+R4    14772.876    262 30069.752    31771.135    31076.000
125  cpREV+F+R5    14769.463    264 30066.926    31838.065    31080.855
131  mtREV         16644.852    237 33763.705    34827.969    34673.937
132  mtREV+I       16612.995    238 33701.990    34785.457    34616.063
133  mtREV+G4      15818.650    238 32113.301    33196.767    33027.373
134  mtREV+I+G4    15818.680    239 32115.361    33218.437    33033.274
135  mtREV+R2      15978.541    239 32435.081    33538.158    33352.994
136  mtREV+R3      15843.712    241 32169.424    33312.992    33095.018
137  mtREV+R4      15807.223    243 32100.445    33286.285    33033.721
138  mtREV+R5      15789.394    245 32068.787    33298.787    33009.745
139  mtREV+R6      15787.378    247 32068.756    33344.923    33017.395
144  mtREV+F       15610.831    256 31733.661    33246.121    32716.865
145  mtREV+F+I     15579.188    257 31672.375    33214.375    32659.420
146  mtREV+F+G4    14918.538    257 30351.077    31893.077    31338.122
147  mtREV+F+I+G4  14918.611    258 30353.223    31925.505    31344.108
148  mtREV+F+R2    15060.031    258 30636.061    32208.344    31626.947
149  mtREV+F+R3    14954.507    260 30429.014    32064.194    31427.580
150  mtREV+F+R4    14909.030    262 30342.060    32043.443    31348.309
151  mtREV+F+R5    14902.346    264 30332.691    32103.831    31346.621
152  mtREV+F+R6    14899.521    266 30331.042    32175.770    31352.653
157  rtREV         15575.413    237 31624.826    32689.090    32535.058
158  rtREV+I       15541.671    238 31559.341    32642.808    32473.414
159  rtREV+G4      15000.768    238 30477.536    31561.003    31391.609
160  rtREV+I+G4    14998.755    239 30475.509    31578.586    31393.423
161  rtREV+R2      15103.058    239 30684.116    31787.193    31602.029
162  rtREV+R3      15004.651    241 30491.302    31634.871    31416.897
163  rtREV+R4      14986.464    243 30458.929    31644.769    31392.205
164  rtREV+R5      14980.368    245 30450.736    31680.736    31391.694
165  rtREV+R6      14977.746    247 30449.491    31725.658    31398.130
170  rtREV+F       15129.329    256 30770.658    32283.117    31753.862
171  rtREV+F+I     15106.621    257 30727.243    32269.243    31714.288
172  rtREV+F+G4    14559.780    257 29633.561    31175.561    30620.606
173  rtREV+F+I+G4  14559.801    258 29635.602    31207.884    30626.487
174  rtREV+F+R2    14652.400    258 29820.801    31393.083    30811.686
175  rtREV+F+R3    14574.888    260 29669.776    31304.957    30668.343
176  rtREV+F+R4    14545.640    262 29615.280    31316.663    30621.528
177  rtREV+F+R5    14537.088    264 29602.176    31373.315    30616.105
178  rtREV+F+R6    14536.732    266 29605.463    31450.191    30627.074
183  mtART         17043.006    237 34560.011    35624.275    35470.243
184  mtART+I       17020.213    238 34516.426    35599.893    35430.499
185  mtART+G4      15861.933    238 32199.865    33283.332    33113.938
186  mtART+I+G4    15862.005    239 32202.011    33305.088    33119.924
187  mtART+R2      16094.904    239 32667.808    33770.885    33585.721
188  mtART+R3      15910.716    241 32303.433    33447.002    33229.028
189  mtART+R4      15858.960    243 32203.920    33389.760    33137.196
190  mtART+R5      15847.792    245 32185.584    33415.584    33126.541
191  mtART+R6      15846.273    247 32186.546    33462.713    33135.185
196  mtART+F       15851.439    256 32214.879    33727.339    33198.083
197  mtART+F+I     15835.689    257 32185.379    33727.379    33172.424
198  mtART+F+G4    14977.343    257 30468.686    32010.686    31455.731
199  mtART+F+I+G4  14977.467    258 30470.935    32043.217    31461.820
200  mtART+F+R2    15170.683    258 30857.366    32429.649    31848.252
201  mtART+F+R3    15017.518    260 30555.037    32190.218    31553.604
202  mtART+F+R4    14976.222    262 30476.445    32177.828    31482.693
203  mtART+F+R5    14968.104    264 30464.208    32235.347    31478.138
204  mtART+F+R6    14957.952    266 30447.903    32292.630    31469.514
205  mtART+F+R7    14942.934    268 30421.868    32344.321    31451.159
206  mtART+F+R8    14942.914    270 30425.828    32430.486    31462.801
209  mtZOA         16312.689    237 33099.377    34163.641    34009.609
210  mtZOA+I       16295.500    238 33066.999    34150.466    33981.072
211  mtZOA+G4      15408.192    238 31292.384    32375.851    32206.457
212  mtZOA+I+G4    15408.212    239 31294.424    32397.501    32212.337
213  mtZOA+R2      15581.266    239 31640.533    32743.610    32558.446
214  mtZOA+R3      15433.765    241 31349.530    32493.099    32275.125
215  mtZOA+R4      15402.391    243 31290.782    32476.622    32224.058
216  mtZOA+R5      15390.807    245 31271.614    32501.614    32212.572
217  mtZOA+R6      15378.819    247 31251.638    32527.805    32200.277
218  mtZOA+R7      15372.130    249 31242.260    32566.728    32198.579
219  mtZOA+R8      15372.083    251 31246.166    32621.210    32210.167
222  mtZOA+F       15443.646    256 31399.292    32911.752    32382.497
223  mtZOA+F+I     15428.321    257 31370.643    32912.643    32357.687
224  mtZOA+F+G4    14767.326    257 30048.653    31590.653    31035.698
225  mtZOA+F+I+G4  14767.330    258 30050.659    31622.942    31041.545
226  mtZOA+F+R2    14889.499    258 30294.998    31867.280    31285.883
227  mtZOA+F+R3    14792.609    260 30105.219    31740.400    31103.786
228  mtZOA+F+R4    14755.754    262 30035.509    31736.892    31041.757
229  mtZOA+F+R5    14740.388    264 30008.776    31779.915    31022.705
230  mtZOA+F+R6    14735.012    266 30002.023    31846.751    31023.634
235  VT            15414.683    237 31303.365    32367.629    32213.597
236  VT+I          15377.859    238 31231.718    32315.184    32145.790
237  VT+G4         14908.788    238 30293.576    31377.043    31207.649
238  VT+I+G4       14905.684    239 30289.368    31392.445    31207.281
239  VT+R2         14986.019    239 30450.038    31553.115    31367.952
240  VT+R3         14903.970    241 30289.939    31433.508    31215.534
241  VT+R4         14891.041    243 30268.081    31453.921    31201.357
242  VT+R5         14884.341    245 30258.683    31488.683    31199.640
243  VT+R6         14884.338    247 30262.675    31538.842    31211.314
248  VT+F          15159.608    256 30831.216    32343.676    31814.420
249  VT+F+I        15130.567    257 30775.134    32317.134    31762.179
250  VT+F+G4       14651.144    257 29816.288    31358.288    30803.333
251  VT+F+I+G4     14649.771    258 29815.542    31387.825    30806.428
252  VT+F+R2       14726.504    258 29969.007    31541.290    30959.893
253  VT+F+R3       14651.263    260 29822.527    31457.707    30821.093
254  VT+F+R4       14631.409    262 29786.817    31488.200    30793.065
255  VT+F+R5       14629.542    264 29787.085    31558.224    30801.014
261  LG            15331.946    237 31137.892    32202.156    32048.124
262  LG+I          15296.525    238 31069.050    32152.517    31983.123
263  LG+G4         14758.536    238 29993.072    31076.539    30907.145
264  LG+I+G4       14756.369    239 29990.738    31093.815    30908.651
265  LG+R2         14857.473    239 30192.945    31296.022    31110.859
266  LG+R3         14766.634    241 30015.268    31158.837    30940.863
267  LG+R4         14743.048    243 29972.096    31157.936    30905.372
268  LG+R5         14738.331    245 29966.662    31196.662    30907.619
274  LG+F          15043.990    256 30599.980    32112.440    31583.185
275  LG+F+I        15020.635    257 30555.270    32097.270    31542.315
276  LG+F+G4       14484.902    257 29483.803    31025.803    30470.848
277  LG+F+I+G4     14484.799    258 29485.597    31057.880    30476.483
278  LG+F+R2       14574.365    258 29664.729    31237.012    30655.615
279  LG+F+R3       14501.399    260 29522.798    31157.979    30521.365
280  LG+F+R4       14469.521    262 29463.041    31164.424    30469.290
281  LG+F+R5       14467.957    264 29463.914    31235.053    30477.844
287  DCMut         15251.832    237 30977.663    32041.927    31887.895
288  DCMut+I       15229.261    238 30934.521    32017.988    31848.594
289  DCMut+G4      14796.736    238 30069.472    31152.938    30983.544
290  DCMut+I+G4    14796.094    239 30070.188    31173.265    30988.101
291  DCMut+R2      14881.179    239 30240.357    31343.434    31158.271
292  DCMut+R3      14794.006    241 30070.011    31213.580    30995.606
293  DCMut+R4      14783.880    243 30053.760    31239.600    30987.036
294  DCMut+R5      14783.149    245 30056.297    31286.297    30997.255
300  DCMut+F       15027.040    256 30566.081    32078.541    31549.285
301  DCMut+F+I     15012.207    257 30538.414    32080.414    31525.459
302  DCMut+F+G4    14557.718    257 29629.436    31171.436    30616.481
303  DCMut+F+I+G4  14557.915    258 29631.830    31204.112    30622.715
304  DCMut+F+R2    14641.468    258 29798.937    31371.219    30789.823
305  DCMut+F+R3    14564.021    260 29648.042    31283.223    30646.609
306  DCMut+F+R4    14546.101    262 29616.203    31317.586    30622.451
307  DCMut+F+R5    14544.860    264 29617.720    31388.859    30631.649
313  PMB           15644.951    237 31763.902    32828.166    32674.134
314  PMB+I         15607.210    238 31690.419    32773.886    32604.492
315  PMB+G4        15114.726    238 30705.453    31788.920    31619.526
316  PMB+I+G4      15112.316    239 30702.633    31805.710    31620.546
317  PMB+R2        15191.622    239 30861.243    31964.320    31779.156
318  PMB+R3        15108.336    241 30698.672    31842.240    31624.266
319  PMB+R4        15094.872    243 30675.744    31861.584    31609.019
320  PMB+R5        15088.557    245 30667.115    31897.115    31608.072
321  PMB+R6        15087.109    247 30668.218    31944.385    31616.857
326  PMB+F         15284.419    256 31080.838    32593.298    32064.042
327  PMB+F+I       15252.693    257 31019.386    32561.386    32006.431
328  PMB+F+G4      14751.729    257 30017.458    31559.458    31004.503
329  PMB+F+I+G4    14749.882    258 30015.763    31588.046    31006.649
330  PMB+F+R2      14835.594    258 30187.188    31759.470    31178.074
331  PMB+F+R3      14757.267    260 30034.535    31669.715    31033.101
332  PMB+F+R4      14733.853    262 29991.706    31693.089    30997.954
333  PMB+F+R5      14730.753    264 29989.506    31760.645    31003.435
339  HIVb          16163.741    237 32801.483    33865.747    33711.715
340  HIVb+I        16099.847    238 32675.694    33759.161    33589.767
341  HIVb+G4       15434.172    238 31344.343    32427.810    32258.416
342  HIVb+I+G4     15427.899    239 31333.799    32436.876    32251.712
343  HIVb+R2       15552.484    239 31582.968    32686.045    32500.882
344  HIVb+R3       15449.510    241 31381.020    32524.588    32306.614
345  HIVb+R4       15414.267    243 31314.534    32500.374    32247.810
346  HIVb+R5       15408.729    245 31307.458    32537.458    32248.415
352  HIVb+F        15756.149    256 32024.298    33536.758    33007.502
353  HIVb+F+I      15725.832    257 31965.664    33507.664    32952.709
354  HIVb+F+G4     15017.103    257 30548.207    32090.207    31535.251
355  HIVb+F+I+G4   15017.118    258 30550.235    32122.518    31541.121
356  HIVb+F+R2     15137.920    258 30791.840    32364.122    31782.725
357  HIVb+F+R3     15049.772    260 30619.545    32254.725    31618.111
358  HIVb+F+R4     15000.061    262 30524.123    32225.505    31530.371
359  HIVb+F+R5     14994.183    264 30516.366    32287.505    31530.295
360  HIVb+F+R6     14993.726    266 30519.451    32364.178    31541.062
365  HIVw          16966.511    237 34407.023    35471.287    35317.255
366  HIVw+I        16899.204    238 34274.407    35357.874    35188.480
367  HIVw+G4       16254.963    238 32985.927    34069.393    33899.999
368  HIVw+I+G4     16248.232    239 32974.463    34077.540    33892.377
369  HIVw+R2       16403.294    239 33284.589    34387.666    34202.502
370  HIVw+R3       16274.355    241 33030.710    34174.279    33956.305
371  HIVw+R4       16238.502    243 32963.003    34148.843    33896.279
372  HIVw+R5       16226.199    245 32942.397    34172.397    33883.354
373  HIVw+R6       16226.040    247 32946.081    34222.247    33894.719
378  HIVw+F        16626.584    256 33765.167    35277.627    34748.371
379  HIVw+F+I      16581.388    257 33676.775    35218.775    34663.820
380  HIVw+F+G4     15808.562    257 32131.124    33673.124    33118.168
381  HIVw+F+I+G4   15805.642    258 32127.285    33699.567    33118.170
382  HIVw+F+R2     15975.770    258 32467.541    34039.823    33458.426
383  HIVw+F+R3     15841.891    260 32203.782    33838.963    33202.349
384  HIVw+F+R4     15800.779    262 32125.557    33826.940    33131.805
385  HIVw+F+R5     15791.091    264 32110.181    33881.321    33124.111
386  HIVw+F+R6     15790.946    266 32113.892    33958.619    33135.503
391  JTTDCMut      15365.985    237 31205.970    32270.234    32116.202
392  JTTDCMut+I    15335.181    238 31146.362    32229.829    32060.435
393  JTTDCMut+G4   14848.771    238 30173.542    31257.008    31087.614
394  JTTDCMut+I+G4 14847.228    239 30172.456    31275.533    31090.370
395  JTTDCMut+R2   14932.571    239 30343.143    31446.220    31261.056
396  JTTDCMut+R3   14854.879    241 30191.759    31335.328    31117.354
397  JTTDCMut+R4   14830.527    243 30147.053    31332.893    31080.329
398  JTTDCMut+R5   14829.442    245 30148.884    31378.884    31089.841
404  JTTDCMut+F    15122.024    256 30756.048    32268.507    31739.252
405  JTTDCMut+F+I  15103.085    257 30720.169    32262.169    31707.214
406  JTTDCMut+F+G4 14586.174    257 29686.347    31228.347    30673.392
407  JTTDCMut+F+I+G4 14586.335    258 29688.670    31260.952    30679.556
408  JTTDCMut+F+R2 14672.168    258 29860.337    31432.619    30851.223
409  JTTDCMut+F+R3 14601.366    260 29722.731    31357.912    30721.298
410  JTTDCMut+F+R4 14570.867    262 29665.733    31367.116    30671.982
411  JTTDCMut+F+R5 14570.500    264 29669.001    31440.140    30682.930
417  FLU           16086.666    237 32647.333    33711.597    33557.565
418  FLU+I         16027.132    238 32530.264    33613.731    33444.337
419  FLU+G4        15398.380    238 31272.759    32356.226    32186.832
420  FLU+I+G4      15392.291    239 31262.582    32365.659    32180.496
421  FLU+R2        15520.501    239 31519.002    32622.079    32436.915
422  FLU+R3        15416.754    241 31315.509    32459.077    32241.103
423  FLU+R4        15381.522    243 31249.044    32434.884    32182.320
424  FLU+R5        15374.705    245 31239.411    32469.411    32180.368
425  FLU+R6        15373.092    247 31240.184    32516.351    32188.822
430  FLU+F         15753.518    256 32019.036    33531.495    33002.240
431  FLU+F+I       15715.808    257 31945.617    33487.617    32932.662
432  FLU+F+G4      15025.329    257 30564.657    32106.657    31551.702
433  FLU+F+I+G4    15024.796    258 30565.591    32137.873    31556.477
434  FLU+F+R2      15152.923    258 30821.846    32394.129    31812.732
435  FLU+F+R3      15052.390    260 30624.780    32259.961    31623.347
436  FLU+F+R4      15010.522    262 30545.043    32246.426    31551.291
437  FLU+F+R5      15004.411    264 30536.822    32307.961    31550.751
438  FLU+F+R6      15003.851    266 30539.701    32384.429    31561.312
443  Blosum62      15653.328    237 31780.656    32844.921    32690.888
444  Blosum62+I    15614.933    238 31705.866    32789.332    32619.938
445  Blosum62+G4   15118.323    238 30712.646    31796.112    31626.718
446  Blosum62+I+G4 15115.293    239 30708.586    31811.663    31626.500
447  Blosum62+R2   15204.851    239 30887.701    31990.778    31805.614
448  Blosum62+R3   15113.853    241 30709.706    31853.275    31635.301
449  Blosum62+R4   15100.701    243 30687.403    31873.243    31620.679
450  Blosum62+R5   15093.950    245 30677.900    31907.900    31618.858
451  Blosum62+R6   15093.940    247 30681.880    31958.047    31630.519
456  Blosum62+F    15344.946    256 31201.892    32714.352    32185.096
457  Blosum62+F+I  15309.789    257 31133.579    32675.579    32120.624
458  Blosum62+F+G4 14811.724    257 30137.449    31679.449    31124.494
459  Blosum62+F+I+G4 14808.984    258 30133.969    31706.251    31124.854
460  Blosum62+F+R2 14900.686    258 30317.372    31889.654    31308.257
461  Blosum62+F+R3 14812.177    260 30144.354    31779.534    31142.921
462  Blosum62+F+R4 14798.897    262 30121.794    31823.177    31128.042
463  Blosum62+F+R5 14789.621    264 30107.242    31878.381    31121.171
464  Blosum62+F+R6 14789.617    266 30111.233    31955.961    31132.844
469  mtMet         16627.967    237 33729.934    34794.199    34640.167
470  mtMet+I       16611.494    238 33698.987    34782.454    34613.060
471  mtMet+G4      15828.625    238 32133.250    33216.717    33047.323
472  mtMet+I+G4    15828.758    239 32135.516    33238.593    33053.429
473  mtMet+R2      15966.457    239 32410.915    33513.992    33328.828
474  mtMet+R3      15846.545    241 32175.090    33318.658    33100.684
475  mtMet+R4      15817.577    243 32121.153    33306.993    33054.429
476  mtMet+R5      15797.194    245 32084.388    33314.388    33025.345
477  mtMet+R6      15797.099    247 32088.198    33364.364    33036.836
482  mtMet+F       15595.436    256 31702.872    33215.332    32686.076
483  mtMet+F+I     15581.572    257 31677.144    33219.144    32664.189
484  mtMet+F+G4    14905.015    257 30324.031    31866.031    31311.075
485  mtMet+F+I+G4  14905.045    258 30326.091    31898.373    31316.977
486  mtMet+F+R2    15022.472    258 30560.945    32133.227    31551.830
487  mtMet+F+R3    14932.059    260 30384.118    32019.298    31382.685
488  mtMet+F+R4    14893.293    262 30310.586    32011.969    31316.834
489  mtMet+F+R5    14881.187    264 30290.375    32061.514    31304.304
490  mtMet+F+R6    14881.141    266 30294.281    32139.008    31315.892
495  mtVer         16760.283    237 33994.566    35058.830    34904.798
496  mtVer+I       16748.714    238 33973.428    35056.894    34887.500
497  mtVer+G4      15862.835    238 32201.669    33285.136    33115.742
498  mtVer+I+G4    15862.812    239 32203.624    33306.701    33121.538
499  mtVer+R2      16020.070    239 32518.140    33621.217    33436.053
500  mtVer+R3      15896.502    241 32275.003    33418.572    33200.598
501  mtVer+R4      15852.543    243 32191.085    33376.925    33124.361
502  mtVer+R5      15839.499    245 32168.998    33398.998    33109.955
503  mtVer+R6      15839.424    247 32172.848    33449.015    33121.487
508  mtVer+F       15895.252    256 32302.504    33814.964    33285.708
509  mtVer+F+I     15878.179    257 32270.358    33812.358    33257.402
510  mtVer+F+G4    15151.647    257 30817.295    32359.295    31804.340
511  mtVer+F+I+G4  15151.655    258 30819.309    32391.591    31810.195
512  mtVer+F+R2    15291.045    258 31098.089    32670.372    32088.975
513  mtVer+F+R3    15174.484    260 30868.967    32504.148    31867.534
514  mtVer+F+R4    15139.547    262 30803.095    32504.478    31809.343
515  mtVer+F+R5    15127.412    264 30782.824    32553.963    31796.753
516  mtVer+F+R6    15127.390    266 30786.780    32631.507    31808.390
521  mtInv         16612.621    237 33699.242    34763.506    34609.474
522  mtInv+I       16592.244    238 33660.488    34743.954    34574.561
523  mtInv+G4      15872.519    238 32221.039    33304.505    33135.111
524  mtInv+I+G4    15872.518    239 32223.036    33326.113    33140.949
525  mtInv+R2      15995.250    239 32468.500    33571.577    33386.413
526  mtInv+R3      15887.118    241 32256.236    33399.804    33181.830
527  mtInv+R4      15860.660    243 32207.320    33393.160    33140.596
528  mtInv+R5      15844.675    245 32179.351    33409.351    33120.308
529  mtInv+R6      15844.567    247 32183.133    33459.300    33131.772
534  mtInv+F       15320.214    256 31152.428    32664.888    32135.632
535  mtInv+F+I     15305.792    257 31125.584    32667.584    32112.629
536  mtInv+F+G4    14717.055    257 29948.111    31490.111    30935.156
537  mtInv+F+I+G4  14717.030    258 29950.060    31522.342    30940.945
538  mtInv+F+R2    14814.311    258 30144.622    31716.904    31135.507
539  mtInv+F+R3    14739.462    260 29998.925    31634.105    30997.491
540  mtInv+F+R4    14704.590    262 29933.180    31634.563    30939.429
541  mtInv+F+R5    14691.189    264 29910.377    31681.517    30924.307
542  mtInv+F+R6    14690.956    266 29913.911    31758.639    30935.522
Akaike Information Criterion:           LG+F+R4
Corrected Akaike Information Criterion: LG+F+G4
Bayesian Information Criterion:         LG+F+R4
Best-fit model: LG+F+R4 chosen according to BIC

All model information printed to /mnt/ivy/thliao/project/AOB/analysis/20210713_repeat/add_Chromatiaces/phy_files/P39_prot/withEuk/NP_043173.1.model.gz
CPU time for ModelFinder: 2166.599 seconds (0h:36m:6s)
Wall-clock time for ModelFinder: 1089.237 seconds (0h:18m:9s)
Generating 1000 samples for ultrafast bootstrap (seed: 458831)...

NOTE: 24 MB RAM (0 GB) is required!
Estimate model parameters (epsilon = 0.100)
1. Initial log-likelihood: -14486.058
2. Current log-likelihood: -14471.492
3. Current log-likelihood: -14470.498
4. Current log-likelihood: -14470.389
5. Current log-likelihood: -14470.287
Optimal log-likelihood: -14470.143
Site proportion and rates:  (0.181,0.131) (0.223,0.477) (0.358,1.075) (0.238,2.035)
Parameters optimization took 5 rounds (3.895 sec)
Computing ML distances based on estimated model parameters... 5.614 sec
Computing BIONJ tree...
0.011 seconds
Log-likelihood of BIONJ tree: -14453.585
--------------------------------------------------------------------
|             INITIALIZING CANDIDATE TREE SET                      |
--------------------------------------------------------------------
Generating 98 parsimony trees... 3.477 second
Computing log-likelihood of 98 initial trees ... 15.479 seconds
Current best score: -14407.688

Do NNI search on 20 best initial trees
Estimate model parameters (epsilon = 0.100)
BETTER TREE FOUND at iteration 1: -14330.221
Iteration 10 / LogL: -14331.392 / Time: 0h:0m:47s
Estimate model parameters (epsilon = 0.100)
BETTER TREE FOUND at iteration 12: -14324.750
Estimate model parameters (epsilon = 0.100)
BETTER TREE FOUND at iteration 16: -14322.188
Iteration 20 / LogL: -14358.049 / Time: 0h:1m:10s
Finish initializing candidate tree set (20)
Current best tree score: -14322.188 / CPU time: 63.920
Number of iterations: 20
--------------------------------------------------------------------
|               OPTIMIZING CANDIDATE TREE SET                      |
--------------------------------------------------------------------
Estimate model parameters (epsilon = 0.100)
BETTER TREE FOUND at iteration 25: -14318.358
Estimate model parameters (epsilon = 0.100)
BETTER TREE FOUND at iteration 29: -14307.467
Iteration 30 / LogL: -14320.975 / Time: 0h:1m:35s (0h:5m:24s left)
Iteration 40 / LogL: -14310.213 / Time: 0h:1m:56s (0h:4m:24s left)
Estimate model parameters (epsilon = 0.100)
BETTER TREE FOUND at iteration 47: -14307.047
Estimate model parameters (epsilon = 0.100)
BETTER TREE FOUND at iteration 49: -14306.683
Iteration 50 / LogL: -14307.204 / Time: 0h:2m:18s (0h:4m:40s left)
Log-likelihood cutoff on original alignment: -14383.968
UFBoot trees printed to /mnt/ivy/thliao/project/AOB/analysis/20210713_repeat/add_Chromatiaces/phy_files/P39_prot/withEuk/NP_043173.1.ufboot
Estimate model parameters (epsilon = 0.100)
BETTER TREE FOUND at iteration 51: -14306.101
Estimate model parameters (epsilon = 0.100)
BETTER TREE FOUND at iteration 53: -14304.333
Iteration 60 / LogL: -14316.138 / Time: 0h:2m:43s (0h:4m:17s left)
Estimate model parameters (epsilon = 0.100)
BETTER TREE FOUND at iteration 63: -14302.626
Estimate model parameters (epsilon = 0.100)
BETTER TREE FOUND at iteration 69: -14301.064
Iteration 70 / LogL: -14301.068 / Time: 0h:3m:6s (0h:4m:27s left)
BETTER TREE FOUND at iteration 78: -14301.054
Iteration 80 / LogL: -14315.921 / Time: 0h:3m:27s (0h:4m:17s left)
Iteration 90 / LogL: -14316.282 / Time: 0h:3m:46s (0h:3m:43s left)
Estimate model parameters (epsilon = 0.100)
BETTER TREE FOUND at iteration 97: -14300.483
Iteration 100 / LogL: -14326.975 / Time: 0h:4m:8s (0h:4m:3s left)
Log-likelihood cutoff on original alignment: -14382.261
NOTE: Bootstrap correlation coefficient of split occurrence frequencies: 0.978
NOTE: UFBoot does not converge, continue at least 100 more iterations
UFBoot trees printed to /mnt/ivy/thliao/project/AOB/analysis/20210713_repeat/add_Chromatiaces/phy_files/P39_prot/withEuk/NP_043173.1.ufboot
Estimate model parameters (epsilon = 0.100)
BETTER TREE FOUND at iteration 104: -14300.370
Iteration 110 / LogL: -14321.407 / Time: 0h:4m:30s (0h:3m:53s left)
Iteration 120 / LogL: -14313.998 / Time: 0h:4m:50s (0h:3m:25s left)
Iteration 130 / LogL: -14314.284 / Time: 0h:5m:9s (0h:2m:57s left)
Iteration 140 / LogL: -14301.852 / Time: 0h:5m:29s (0h:2m:31s left)
Estimate model parameters (epsilon = 0.100)
BETTER TREE FOUND at iteration 141: -14298.820
Iteration 150 / LogL: -14302.469 / Time: 0h:5m:50s (0h:3m:33s left)
Log-likelihood cutoff on original alignment: -14382.261
UFBoot trees printed to /mnt/ivy/thliao/project/AOB/analysis/20210713_repeat/add_Chromatiaces/phy_files/P39_prot/withEuk/NP_043173.1.ufboot
Iteration 160 / LogL: -14312.044 / Time: 0h:6m:11s (0h:3m:9s left)
Iteration 170 / LogL: -14308.561 / Time: 0h:6m:31s (0h:2m:44s left)
Estimate model parameters (epsilon = 0.100)
BETTER TREE FOUND at iteration 173: -14297.861
Iteration 180 / LogL: -14300.717 / Time: 0h:6m:52s (0h:3m:34s left)
Iteration 190 / LogL: -14298.878 / Time: 0h:7m:14s (0h:3m:11s left)
Estimate model parameters (epsilon = 0.100)
BETTER TREE FOUND at iteration 196: -14297.679
Iteration 200 / LogL: -14307.131 / Time: 0h:7m:38s (0h:3m:40s left)
Log-likelihood cutoff on original alignment: -14373.099
NOTE: Bootstrap correlation coefficient of split occurrence frequencies: 0.990
NOTE: UFBoot does not converge, continue at least 100 more iterations
UFBoot trees printed to /mnt/ivy/thliao/project/AOB/analysis/20210713_repeat/add_Chromatiaces/phy_files/P39_prot/withEuk/NP_043173.1.ufboot
Iteration 210 / LogL: -14300.769 / Time: 0h:7m:59s (0h:3m:26s left)
Iteration 220 / LogL: -14298.854 / Time: 0h:8m:22s (0h:3m:3s left)
Iteration 230 / LogL: -14298.719 / Time: 0h:8m:44s (0h:2m:40s left)
Iteration 240 / LogL: -14315.142 / Time: 0h:9m:6s (0h:2m:17s left)
Iteration 250 / LogL: -14299.630 / Time: 0h:9m:29s (0h:1m:54s left)
Log-likelihood cutoff on original alignment: -14373.099
UFBoot trees printed to /mnt/ivy/thliao/project/AOB/analysis/20210713_repeat/add_Chromatiaces/phy_files/P39_prot/withEuk/NP_043173.1.ufboot
Iteration 260 / LogL: -14306.392 / Time: 0h:9m:53s (0h:1m:31s left)
Iteration 270 / LogL: -14304.433 / Time: 0h:10m:17s (0h:1m:8s left)
Iteration 280 / LogL: -14297.767 / Time: 0h:10m:41s (0h:0m:45s left)
Iteration 290 / LogL: -14300.485 / Time: 0h:11m:4s (0h:0m:22s left)
Iteration 300 / LogL: -14311.277 / Time: 0h:11m:27s (0h:0m:0s left)
Log-likelihood cutoff on original alignment: -14373.099
NOTE: Bootstrap correlation coefficient of split occurrence frequencies: 0.996
UFBoot trees printed to /mnt/ivy/thliao/project/AOB/analysis/20210713_repeat/add_Chromatiaces/phy_files/P39_prot/withEuk/NP_043173.1.ufboot
TREE SEARCH COMPLETED AFTER 300 ITERATIONS / Time: 0h:11m:28s

--------------------------------------------------------------------
|                    FINALIZING TREE SEARCH                        |
--------------------------------------------------------------------
Performs final model parameters optimization
Estimate model parameters (epsilon = 0.010)
1. Initial log-likelihood: -14297.679
Optimal log-likelihood: -14297.670
Site proportion and rates:  (0.180,0.121) (0.249,0.492) (0.366,1.132) (0.206,2.146)
Parameters optimization took 1 rounds (0.870 sec)
BEST SCORE FOUND : -14297.670
Creating bootstrap support values...
Split supports printed to NEXUS file /mnt/ivy/thliao/project/AOB/analysis/20210713_repeat/add_Chromatiaces/phy_files/P39_prot/withEuk/NP_043173.1.splits.nex
Total tree length: 33.075

Total number of iterations: 300
CPU time used for tree search: 1343.010 sec (0h:22m:23s)
Wall-clock time used for tree search: 680.884 sec (0h:11m:20s)
Total CPU time used: 1360.149 sec (0h:22m:40s)
Total wall-clock time used: 689.607 sec (0h:11m:29s)
UFBoot trees printed to /mnt/ivy/thliao/project/AOB/analysis/20210713_repeat/add_Chromatiaces/phy_files/P39_prot/withEuk/NP_043173.1.ufboot

Computing bootstrap consensus tree...
Reading input file /mnt/ivy/thliao/project/AOB/analysis/20210713_repeat/add_Chromatiaces/phy_files/P39_prot/withEuk/NP_043173.1.splits.nex...
120 taxa and 1130 splits.
Consensus tree written to /mnt/ivy/thliao/project/AOB/analysis/20210713_repeat/add_Chromatiaces/phy_files/P39_prot/withEuk/NP_043173.1.contree
Reading input trees file /mnt/ivy/thliao/project/AOB/analysis/20210713_repeat/add_Chromatiaces/phy_files/P39_prot/withEuk/NP_043173.1.contree
Log-likelihood of consensus tree: -14299.149

Analysis results written to: 
  IQ-TREE report:                /mnt/ivy/thliao/project/AOB/analysis/20210713_repeat/add_Chromatiaces/phy_files/P39_prot/withEuk/NP_043173.1.iqtree
  Maximum-likelihood tree:       /mnt/ivy/thliao/project/AOB/analysis/20210713_repeat/add_Chromatiaces/phy_files/P39_prot/withEuk/NP_043173.1.treefile
  Likelihood distances:          /mnt/ivy/thliao/project/AOB/analysis/20210713_repeat/add_Chromatiaces/phy_files/P39_prot/withEuk/NP_043173.1.mldist

Ultrafast bootstrap approximation results written to:
  Split support values:          /mnt/ivy/thliao/project/AOB/analysis/20210713_repeat/add_Chromatiaces/phy_files/P39_prot/withEuk/NP_043173.1.splits.nex
  Consensus tree:                /mnt/ivy/thliao/project/AOB/analysis/20210713_repeat/add_Chromatiaces/phy_files/P39_prot/withEuk/NP_043173.1.contree
  UFBoot trees:                  /mnt/ivy/thliao/project/AOB/analysis/20210713_repeat/add_Chromatiaces/phy_files/P39_prot/withEuk/NP_043173.1.ufboot
  Screen log file:               /mnt/ivy/thliao/project/AOB/analysis/20210713_repeat/add_Chromatiaces/phy_files/P39_prot/withEuk/NP_043173.1.log

Date and Time: Mon Dec 12 10:08:40 2022
